2017-03-17 11:43:05-main--INFO -com.ctaf.accelerators.TestEngine:Starting browser : iphone
2017-03-17 11:44:22-main--INFO -com.ctaf.accelerators.TestEngine:Current Test : TC_01_oneWayDomesticEconomy_RUH_JED
2017-03-17 11:44:27-main--INFO -com.ctaf.accelerators.TestEngine:Able to click on By.xpath: //XCUIElementTypeOther/*[@label='btn menu']
2017-03-17 11:44:37-main--INFO -com.ctaf.accelerators.TestEngine:Able to click on By.xpath: //XCUIElementTypeCell[1]/*[@label='Login']
2017-03-17 11:44:49-main--INFO -com.ctaf.accelerators.TestEngine:Typing is performed on EmailAddress
2017-03-17 11:45:02-main--INFO -com.ctaf.accelerators.TestEngine:Typing is performed on Password
2017-03-17 11:45:12-main--INFO -com.ctaf.accelerators.TestEngine:Able to click on By.xpath: //*[@label='Login']
2017-03-17 11:45:18-main--INFO -com.ctaf.accelerators.TestEngine:Able to click on By.xpath: //*[@label='Book flights']
2017-03-17 11:45:24-main--INFO -com.ctaf.accelerators.TestEngine:Able to click on By.xpath: //*[@label='One-way']
2017-03-17 11:45:31-main--INFO -com.ctaf.accelerators.TestEngine:Able to click on By.xpath: //XCUIElementTypeOther[3]/XCUIElementTypeOther[1]/XCUIElementTypeButton
2017-03-17 11:45:38-main--INFO -com.ctaf.accelerators.TestEngine:Able to click on Search
2017-03-17 11:45:47-main--INFO -com.ctaf.accelerators.TestEngine:Typing is performed on Origin
2017-03-17 11:45:50-main--INFO -com.ctaf.accelerators.TestEngine:Able to click on RUH
2017-03-17 11:46:00-main--INFO -com.ctaf.accelerators.TestEngine:Typing is performed on Destination
2017-03-17 11:46:04-main--INFO -com.ctaf.accelerators.TestEngine:Able to click on JED
2017-03-17 11:46:08-main--INFO -com.ctaf.accelerators.TestEngine:Able to click on Find Flights
2017-03-17 11:46:43-main--INFO -com.ctaf.accelerators.TestEngine:Able to click on By.xpath: //XCUIElementTypeTable/XCUIElementTypeCell[1]/XCUIElementTypeButton[3]
2017-03-17 11:50:00-main--INFO -com.ctaf.accelerators.TestEngine:Starting browser : iphone
2017-03-17 11:51:16-main--INFO -com.ctaf.accelerators.TestEngine:Current Test : TC_01_oneWayDomesticEconomy_RUH_JED
2017-03-17 11:51:20-main--INFO -com.ctaf.accelerators.TestEngine:Able to click on By.xpath: //XCUIElementTypeOther/*[@label='btn menu']
2017-03-17 11:51:30-main--INFO -com.ctaf.accelerators.TestEngine:Unable to click on By.xpath: //XCUIElementTypeCell[1]/*[@label='Login']
2017-03-17 11:51:31-main--INFO -com.ctaf.accelerators.TestEngine: Able to get TscreenShot
2017-03-17 11:51:59-main--INFO -com.ctaf.accelerators.TestEngine:Starting browser : iphone
2017-03-17 11:53:03-main--INFO -com.ctaf.accelerators.TestEngine:Current Test : TC_01_oneWayDomesticEconomy_RUH_JED
2017-03-17 11:53:07-main--INFO -com.ctaf.accelerators.TestEngine:Able to click on By.xpath: //XCUIElementTypeOther/*[@label='btn menu']
2017-03-17 11:53:12-main--INFO -com.ctaf.accelerators.TestEngine:Able to click on By.xpath: //XCUIElementTypeCell[1]/*[@label='Login']
2017-03-17 11:53:24-main--INFO -com.ctaf.accelerators.TestEngine:Typing is performed on EmailAddress
2017-03-17 11:53:36-main--INFO -com.ctaf.accelerators.TestEngine:Typing is performed on Password
2017-03-17 11:53:47-main--INFO -com.ctaf.accelerators.TestEngine:Able to click on By.xpath: //*[@label='Login']
2017-03-17 11:53:53-main--INFO -com.ctaf.accelerators.TestEngine:Able to click on By.xpath: //*[@label='Book flights']
2017-03-17 12:02:17-main--INFO -com.ctaf.accelerators.TestEngine:Starting browser : iphone
2017-03-17 12:03:26-main--INFO -com.ctaf.accelerators.TestEngine:Current Test : TC_01_oneWayDomesticEconomy_RUH_JED
2017-03-17 12:03:31-main--INFO -com.ctaf.accelerators.TestEngine:Able to click on By.xpath: //XCUIElementTypeOther/*[@label='btn menu']
2017-03-17 12:03:36-main--INFO -com.ctaf.accelerators.TestEngine:Able to click on By.xpath: //XCUIElementTypeCell[1]/*[@label='Login']
2017-03-17 12:03:47-main--INFO -com.ctaf.accelerators.TestEngine:Typing is performed on EmailAddress
2017-03-17 12:04:00-main--INFO -com.ctaf.accelerators.TestEngine:Typing is performed on Password
2017-03-17 12:04:10-main--INFO -com.ctaf.accelerators.TestEngine:Able to click on By.xpath: //*[@label='Login']
2017-03-17 12:04:16-main--INFO -com.ctaf.accelerators.TestEngine:Able to click on By.xpath: //*[@label='Book flights']
2017-03-17 12:23:36-main--INFO -com.ctaf.accelerators.TestEngine:Starting browser : iphone
2017-03-17 12:24:39-main--INFO -com.ctaf.accelerators.TestEngine:Current Test : TC_01_oneWayDomesticEconomy_RUH_JED
2017-03-17 12:24:44-main--INFO -com.ctaf.accelerators.TestEngine:Able to click on By.xpath: //XCUIElementTypeOther/*[@label='btn menu']
2017-03-17 12:24:48-main--INFO -com.ctaf.accelerators.TestEngine:Able to click on By.xpath: //XCUIElementTypeCell[1]/*[@label='Login']
2017-03-17 12:25:00-main--INFO -com.ctaf.accelerators.TestEngine:Typing is performed on EmailAddress
2017-03-17 12:25:13-main--INFO -com.ctaf.accelerators.TestEngine:Typing is performed on Password
2017-03-17 12:25:23-main--INFO -com.ctaf.accelerators.TestEngine:Able to click on By.xpath: //*[@label='Login']
2017-03-17 12:25:29-main--INFO -com.ctaf.accelerators.TestEngine:Able to click on By.xpath: //*[@label='Book flights']
2017-03-17 12:25:36-main--INFO -com.ctaf.accelerators.TestEngine:Able to click on By.xpath: //*[@label='One-way']
2017-03-17 12:25:42-main--INFO -com.ctaf.accelerators.TestEngine:Able to click on By.xpath: //XCUIElementTypeOther[3]/XCUIElementTypeOther[1]/XCUIElementTypeButton
2017-03-17 12:25:50-main--INFO -com.ctaf.accelerators.TestEngine:Able to click on Search
2017-03-17 12:25:58-main--INFO -com.ctaf.accelerators.TestEngine:Typing is performed on Origin
2017-03-17 12:26:01-main--INFO -com.ctaf.accelerators.TestEngine:Able to click on RUH
2017-03-17 12:26:11-main--INFO -com.ctaf.accelerators.TestEngine:Typing is performed on Destination
2017-03-17 12:26:15-main--INFO -com.ctaf.accelerators.TestEngine:Able to click on JED
2017-03-17 12:26:19-main--INFO -com.ctaf.accelerators.TestEngine:Able to click on Find Flights
2017-03-17 12:34:30-main--INFO -com.ctaf.accelerators.TestEngine:Able to click on By.xpath: //XCUIElementTypeTable/XCUIElementTypeCell[1]/XCUIElementTypeButton[3]
2017-03-17 12:36:53-main--INFO -com.ctaf.accelerators.TestEngine:Starting browser : iphone
2017-03-17 12:37:56-main--INFO -com.ctaf.accelerators.TestEngine:Current Test : TC_01_oneWayDomesticEconomy_RUH_JED
2017-03-17 12:38:01-main--INFO -com.ctaf.accelerators.TestEngine:Able to click on By.xpath: //XCUIElementTypeOther/*[@label='btn menu']
2017-03-17 12:38:05-main--INFO -com.ctaf.accelerators.TestEngine:Able to click on By.xpath: //XCUIElementTypeCell[1]/*[@label='Login']
2017-03-17 12:38:17-main--INFO -com.ctaf.accelerators.TestEngine:Typing is performed on EmailAddress
2017-03-17 12:38:29-main--INFO -com.ctaf.accelerators.TestEngine:Typing is performed on Password
2017-03-17 12:38:40-main--INFO -com.ctaf.accelerators.TestEngine:Able to click on By.xpath: //*[@label='Login']
2017-03-17 12:38:46-main--INFO -com.ctaf.accelerators.TestEngine:Able to click on By.xpath: //*[@label='Book flights']
2017-03-17 12:38:52-main--INFO -com.ctaf.accelerators.TestEngine:Able to click on By.xpath: //*[@label='One-way']
2017-03-17 12:38:59-main--INFO -com.ctaf.accelerators.TestEngine:Able to click on By.xpath: //XCUIElementTypeOther[3]/XCUIElementTypeOther[1]/XCUIElementTypeButton
2017-03-17 12:39:06-main--INFO -com.ctaf.accelerators.TestEngine:Able to click on Search
2017-03-17 12:39:14-main--INFO -com.ctaf.accelerators.TestEngine:Typing is performed on Origin
2017-03-17 12:39:17-main--INFO -com.ctaf.accelerators.TestEngine:Able to click on RUH
2017-03-17 12:40:23-main--INFO -com.ctaf.accelerators.TestEngine:Typing is performed on Destination
2017-03-17 12:40:25-main--INFO -com.ctaf.accelerators.TestEngine:Able to click on JED
2017-03-17 12:40:28-main--INFO -com.ctaf.accelerators.TestEngine:Able to click on Find Flights
2017-03-17 12:42:08-main--INFO -com.ctaf.accelerators.TestEngine:Able to click on By.xpath: //XCUIElementTypeTable/XCUIElementTypeCell[1]/XCUIElementTypeButton[3]
2017-03-17 12:42:56-main--INFO -com.ctaf.accelerators.TestEngine:Able to click on By.xpath: //*[@label='Continue']
2017-03-17 12:43:11-main--INFO -com.ctaf.accelerators.TestEngine:Able to click on By.xpath: //*[@label='Continue']
2017-03-17 12:43:24-main--INFO -com.ctaf.accelerators.TestEngine:Able to click on By.xpath: //*[@label='Continue']
2017-03-17 12:44:02-main--INFO -com.ctaf.accelerators.TestEngine:Typing is performed on Card Number
2017-03-17 12:44:39-main--INFO -com.ctaf.accelerators.TestEngine:Typing is performed on Card Holder Name
2017-03-17 12:45:24-main--INFO -com.ctaf.accelerators.TestEngine:Typing is performed on Expiry Date
2017-03-17 12:46:00-main--INFO -com.ctaf.accelerators.TestEngine:Typing is performed on cvv
2017-03-17 12:46:11-main--INFO -com.ctaf.accelerators.TestEngine:Able to click on Purchase
2017-03-17 14:43:56-main--INFO -com.ctaf.accelerators.TestEngine:Starting browser : iphone
2017-03-17 14:45:01-main--INFO -com.ctaf.accelerators.TestEngine:Current Test : TC_01_oneWayDomesticEconomy_RUH_JED
2017-03-17 14:45:06-main--INFO -com.ctaf.accelerators.TestEngine:Able to click on By.xpath: //XCUIElementTypeOther/*[@label='btn menu']
2017-03-17 14:45:11-main--INFO -com.ctaf.accelerators.TestEngine:Able to click on By.xpath: //XCUIElementTypeCell[1]/*[@label='Login']
2017-03-17 14:45:23-main--INFO -com.ctaf.accelerators.TestEngine:Typing is performed on EmailAddress
2017-03-17 14:45:35-main--INFO -com.ctaf.accelerators.TestEngine:Typing is performed on Password
2017-03-17 14:45:45-main--INFO -com.ctaf.accelerators.TestEngine:Able to click on By.xpath: //*[@label='Login']
2017-03-17 14:45:51-main--INFO -com.ctaf.accelerators.TestEngine:Able to click on By.xpath: //*[@label='Book flights']
2017-03-17 14:45:57-main--INFO -com.ctaf.accelerators.TestEngine:Able to click on By.xpath: //*[@label='One-way']
2017-03-17 14:46:04-main--INFO -com.ctaf.accelerators.TestEngine:Able to click on By.xpath: //XCUIElementTypeOther[3]/XCUIElementTypeOther[1]/XCUIElementTypeButton
2017-03-17 14:46:11-main--INFO -com.ctaf.accelerators.TestEngine:Able to click on Search
2017-03-17 14:46:19-main--INFO -com.ctaf.accelerators.TestEngine:Typing is performed on Origin
2017-03-17 14:46:22-main--INFO -com.ctaf.accelerators.TestEngine:Able to click on RUH
2017-03-17 14:47:48-main--INFO -com.ctaf.accelerators.TestEngine:Typing is not performed on Destination
2017-03-17 14:48:00-main--INFO -com.ctaf.accelerators.TestEngine: Able to get TscreenShot
2017-03-17 14:48:35-main--INFO -com.ctaf.accelerators.TestEngine:Current Test : TC_02_oneWayDomesticEconomy_RUH_DMM
2017-03-17 14:48:39-main--INFO -com.ctaf.accelerators.TestEngine:Able to click on By.xpath: //XCUIElementTypeOther/*[@label='btn menu']
2017-03-17 14:48:40-main--INFO -com.ctaf.accelerators.TestEngine:Unable to click on By.xpath: //XCUIElementTypeCell[1]/*[@label='Login']
2017-03-17 14:48:40-main--INFO -com.ctaf.accelerators.TestEngine: Able to get TscreenShot
2017-03-17 14:49:11-main--INFO -com.ctaf.accelerators.TestEngine:Current Test : TC_03_oneWayDomesticEconomy_RUH_GIZ
2017-03-17 14:49:15-main--INFO -com.ctaf.accelerators.TestEngine:Able to click on By.xpath: //XCUIElementTypeOther/*[@label='btn menu']
2017-03-17 14:49:16-main--INFO -com.ctaf.accelerators.TestEngine:Unable to click on By.xpath: //XCUIElementTypeCell[1]/*[@label='Login']
2017-03-17 14:49:17-main--INFO -com.ctaf.accelerators.TestEngine: Able to get TscreenShot
2017-03-17 14:49:50-main--INFO -com.ctaf.accelerators.TestEngine:Current Test : TC_04_oneWayDomesticEconomy_RUH_MED
2017-03-17 14:49:54-main--INFO -com.ctaf.accelerators.TestEngine:Able to click on By.xpath: //XCUIElementTypeOther/*[@label='btn menu']
2017-03-17 14:49:55-main--INFO -com.ctaf.accelerators.TestEngine:Unable to click on By.xpath: //XCUIElementTypeCell[1]/*[@label='Login']
2017-03-17 14:49:56-main--INFO -com.ctaf.accelerators.TestEngine: Able to get TscreenShot
2017-03-17 14:53:04-main--INFO -com.ctaf.accelerators.TestEngine:Starting browser : iphone
2017-03-17 14:54:07-main--INFO -com.ctaf.accelerators.TestEngine:Current Test : TC_01_oneWayDomesticEconomy_RUH_JED
2017-03-17 14:54:11-main--INFO -com.ctaf.accelerators.TestEngine:Able to click on By.xpath: //XCUIElementTypeOther/*[@label='btn menu']
2017-03-17 14:54:26-main--INFO -com.ctaf.accelerators.TestEngine:Unable to click on By.xpath: //XCUIElementTypeCell[1]/*[@label='Login']
2017-03-17 14:54:27-main--INFO -com.ctaf.accelerators.TestEngine: Able to get TscreenShot
2017-03-17 14:55:37-main--INFO -com.ctaf.accelerators.TestEngine:Starting browser : iphone
2017-03-17 14:56:40-main--INFO -com.ctaf.accelerators.TestEngine:Current Test : TC_01_oneWayDomesticEconomy_RUH_JED
2017-03-17 14:56:44-main--INFO -com.ctaf.accelerators.TestEngine:Able to click on By.xpath: //XCUIElementTypeOther/*[@label='btn menu']
2017-03-17 14:56:49-main--INFO -com.ctaf.accelerators.TestEngine:Able to click on By.xpath: //XCUIElementTypeCell[1]/*[@label='Login']
2017-03-17 14:57:01-main--INFO -com.ctaf.accelerators.TestEngine:Typing is performed on EmailAddress
2017-03-17 14:57:13-main--INFO -com.ctaf.accelerators.TestEngine:Typing is performed on Password
2017-03-17 14:57:24-main--INFO -com.ctaf.accelerators.TestEngine:Able to click on By.xpath: //*[@label='Login']
2017-03-17 14:57:29-main--INFO -com.ctaf.accelerators.TestEngine:Able to click on By.xpath: //*[@label='Book flights']
2017-03-17 14:57:36-main--INFO -com.ctaf.accelerators.TestEngine:Able to click on By.xpath: //*[@label='One-way']
2017-03-17 14:57:42-main--INFO -com.ctaf.accelerators.TestEngine:Able to click on By.xpath: //XCUIElementTypeOther[3]/XCUIElementTypeOther[1]/XCUIElementTypeButton
2017-03-17 14:57:50-main--INFO -com.ctaf.accelerators.TestEngine:Able to click on Search
2017-03-17 14:57:58-main--INFO -com.ctaf.accelerators.TestEngine:Typing is performed on Origin
2017-03-17 14:58:01-main--INFO -com.ctaf.accelerators.TestEngine:Able to click on RUH
2017-03-17 14:58:12-main--INFO -com.ctaf.accelerators.TestEngine:Typing is performed on Destination
2017-03-17 14:59:51-main--INFO -com.ctaf.accelerators.TestEngine:Unable to click on JED
2017-03-17 14:59:51-main--INFO -com.ctaf.accelerators.TestEngine: Able to get TscreenShot
2017-03-17 15:00:22-main--INFO -com.ctaf.accelerators.TestEngine:Current Test : TC_02_oneWayDomesticEconomy_RUH_DMM
2017-03-17 15:00:26-main--INFO -com.ctaf.accelerators.TestEngine:Able to click on By.xpath: //XCUIElementTypeOther/*[@label='btn menu']
2017-03-17 15:00:27-main--INFO -com.ctaf.accelerators.TestEngine:Unable to click on By.xpath: //XCUIElementTypeCell[1]/*[@label='Login']
2017-03-17 15:00:27-main--INFO -com.ctaf.accelerators.TestEngine: Able to get TscreenShot
2017-03-17 15:02:07-main--INFO -com.ctaf.accelerators.TestEngine:Starting browser : iphone
2017-03-17 15:03:09-main--INFO -com.ctaf.accelerators.TestEngine:Current Test : TC_01_oneWayDomesticEconomy_RUH_JED
2017-03-17 15:18:02-main--INFO -com.ctaf.accelerators.TestEngine:Starting browser : iphone
2017-03-17 15:19:07-main--INFO -com.ctaf.accelerators.TestEngine:Current Test : TC_01_oneWayDomesticEconomy_RUH_JED
2017-03-17 15:19:16-main--INFO -com.ctaf.accelerators.TestEngine:Able to click on By.xpath: //XCUIElementTypeOther/*[@label='btn menu']
2017-03-17 15:24:10-main--INFO -com.ctaf.accelerators.TestEngine:Starting browser : iphone
2017-03-17 15:25:18-main--INFO -com.ctaf.accelerators.TestEngine:Current Test : TC_01_oneWayDomesticEconomy_RUH_JED
2017-03-17 15:25:22-main--INFO -com.ctaf.accelerators.TestEngine:Able to click on By.xpath: //XCUIElementTypeOther/*[@label='btn menu']
2017-03-17 15:25:44-main--INFO -com.ctaf.accelerators.TestEngine:Unable to click on By.xpath: //XCUIElementTypeCell[1]/*[@label='Login']
2017-03-17 15:25:44-main--INFO -com.ctaf.accelerators.TestEngine: Able to get TscreenShot
2017-03-17 15:31:21-main--INFO -com.ctaf.accelerators.TestEngine:Starting browser : iphone
2017-03-17 15:32:26-main--INFO -com.ctaf.accelerators.TestEngine:Current Test : TC_01_oneWayDomesticEconomy_RUH_JED
2017-03-17 15:32:31-main--INFO -com.ctaf.accelerators.TestEngine:Able to click on By.xpath: //XCUIElementTypeOther/*[@label='btn menu']
2017-03-17 15:32:35-main--INFO -com.ctaf.accelerators.TestEngine:Able to click on By.xpath: //XCUIElementTypeCell[1]/*[@label='Login']
2017-03-17 15:32:47-main--INFO -com.ctaf.accelerators.TestEngine:Typing is performed on EmailAddress
2017-03-17 15:33:00-main--INFO -com.ctaf.accelerators.TestEngine:Typing is performed on Password
2017-03-17 15:33:11-main--INFO -com.ctaf.accelerators.TestEngine:Able to click on By.xpath: //*[@label='Login']
2017-03-17 15:33:17-main--INFO -com.ctaf.accelerators.TestEngine:Able to click on By.xpath: //*[@label='Book flights']
2017-03-17 15:33:23-main--INFO -com.ctaf.accelerators.TestEngine:Able to click on By.xpath: //*[@label='One-way']
2017-03-17 15:33:30-main--INFO -com.ctaf.accelerators.TestEngine:Able to click on By.xpath: //XCUIElementTypeOther[3]/XCUIElementTypeOther[1]/XCUIElementTypeButton
2017-03-17 15:33:37-main--INFO -com.ctaf.accelerators.TestEngine:Able to click on Search
2017-03-17 15:33:45-main--INFO -com.ctaf.accelerators.TestEngine:Typing is performed on Origin
2017-03-17 15:33:48-main--INFO -com.ctaf.accelerators.TestEngine:Able to click on RUH
2017-03-17 15:35:31-main--INFO -com.ctaf.accelerators.TestEngine:Typing is performed on Destination
2017-03-17 15:35:33-main--INFO -com.ctaf.accelerators.TestEngine:Able to click on JED
2017-03-17 15:35:37-main--INFO -com.ctaf.accelerators.TestEngine:Able to click on Find Flights
2017-03-17 15:37:30-main--INFO -com.ctaf.accelerators.TestEngine:Starting browser : iphone
2017-03-17 15:38:40-main--INFO -com.ctaf.accelerators.TestEngine:Current Test : TC_01_oneWayDomesticEconomy_RUH_JED
2017-03-17 15:38:45-main--INFO -com.ctaf.accelerators.TestEngine:Able to click on By.xpath: //XCUIElementTypeOther/*[@label='btn menu']
2017-03-17 15:38:49-main--INFO -com.ctaf.accelerators.TestEngine:Able to click on By.xpath: //XCUIElementTypeCell[1]/*[@label='Login']
2017-03-17 15:39:01-main--INFO -com.ctaf.accelerators.TestEngine:Typing is performed on EmailAddress
2017-03-17 15:39:14-main--INFO -com.ctaf.accelerators.TestEngine:Typing is performed on Password
2017-03-17 15:39:25-main--INFO -com.ctaf.accelerators.TestEngine:Able to click on By.xpath: //*[@label='Login']
2017-03-17 15:39:31-main--INFO -com.ctaf.accelerators.TestEngine:Able to click on By.xpath: //*[@label='Book flights']
2017-03-17 15:39:37-main--INFO -com.ctaf.accelerators.TestEngine:Able to click on By.xpath: //*[@label='One-way']
2017-03-17 15:39:44-main--INFO -com.ctaf.accelerators.TestEngine:Able to click on By.xpath: //XCUIElementTypeOther[3]/XCUIElementTypeOther[1]/XCUIElementTypeButton
2017-03-17 15:39:51-main--INFO -com.ctaf.accelerators.TestEngine:Able to click on Search
2017-03-17 15:39:59-main--INFO -com.ctaf.accelerators.TestEngine:Typing is performed on Origin
2017-03-17 15:40:02-main--INFO -com.ctaf.accelerators.TestEngine:Able to click on RUH
2017-03-17 15:41:12-main--INFO -com.ctaf.accelerators.TestEngine:Typing is not performed on Destination
2017-03-17 15:42:03-main--INFO -com.ctaf.accelerators.TestEngine:Starting browser : iphone
2017-03-17 15:43:10-main--INFO -com.ctaf.accelerators.TestEngine:Current Test : TC_02_oneWayDomesticEconomy_RUH_DMM
2017-03-17 15:43:15-main--INFO -com.ctaf.accelerators.TestEngine:Able to click on By.xpath: //*[@label='Book flights']
2017-03-17 15:43:21-main--INFO -com.ctaf.accelerators.TestEngine:Able to click on By.xpath: //*[@label='One-way']
2017-03-17 15:43:27-main--INFO -com.ctaf.accelerators.TestEngine:Able to click on By.xpath: //XCUIElementTypeOther[3]/XCUIElementTypeOther[1]/XCUIElementTypeButton
2017-03-17 15:43:34-main--INFO -com.ctaf.accelerators.TestEngine:Able to click on Search
2017-03-17 15:43:42-main--INFO -com.ctaf.accelerators.TestEngine:Typing is performed on Origin
2017-03-17 15:43:44-main--INFO -com.ctaf.accelerators.TestEngine:Able to click on RUH
2017-03-17 15:43:52-main--INFO -com.ctaf.accelerators.TestEngine:Typing is performed on Destination
2017-03-17 15:43:55-main--INFO -com.ctaf.accelerators.TestEngine:Able to click on DMM
2017-03-17 15:43:58-main--INFO -com.ctaf.accelerators.TestEngine:Able to click on Find Flights
2017-03-17 15:44:47-main--INFO -com.ctaf.accelerators.TestEngine:Able to click on By.xpath: //XCUIElementTypeTable/XCUIElementTypeCell[1]/XCUIElementTypeButton[3]
2017-03-17 15:45:35-main--INFO -com.ctaf.accelerators.TestEngine:Able to click on By.xpath: //*[@label='Continue']
2017-03-17 15:48:42-main--INFO -com.ctaf.accelerators.TestEngine:Starting browser : iphone
2017-03-17 15:49:48-main--INFO -com.ctaf.accelerators.TestEngine:Current Test : TC_02_oneWayDomesticEconomy_RUH_DMM
2017-03-17 16:10:09-main--INFO -com.ctaf.accelerators.TestEngine:Starting browser : iphone
2017-03-17 16:11:18-main--INFO -com.ctaf.accelerators.TestEngine:Current Test : TC_10_oneWayDomesticEconomy_RUH_ABT
2017-03-17 16:12:31-main--INFO -com.ctaf.accelerators.TestEngine:Starting browser : iphone
2017-03-17 16:13:44-main--INFO -com.ctaf.accelerators.TestEngine:Current Test : TC_10_oneWayDomesticEconomy_RUH_ABT
2017-03-17 16:19:20-main--INFO -com.ctaf.accelerators.TestEngine:Starting browser : iphone
2017-03-17 16:19:38-main--INFO -com.ctaf.accelerators.TestEngine:Starting browser : iphone
2017-03-17 16:21:04-main--INFO -com.ctaf.accelerators.TestEngine:Current Test : TC_01_oneWayDomesticEconomy_RUH_JED
2017-03-17 16:24:49-main--INFO -com.ctaf.accelerators.TestEngine:Starting browser : iphone
2017-03-17 16:26:15-main--INFO -com.ctaf.accelerators.TestEngine:Current Test : TC_01_oneWayDomesticEconomy_RUH_JED
