2016-12-19 10:36:41-main--INFO -com.ctaf.accelerators.TestEngine:Starting browser : Android
2016-12-19 10:37:13-main--INFO -com.ctaf.accelerators.TestEngine:Current Test : TC_08_RTInt1ad1Ch1InBusExtra
2016-12-19 11:17:41-main--INFO -com.ctaf.accelerators.TestEngine:Starting browser : Android
2016-12-19 11:18:08-main--INFO -com.ctaf.accelerators.TestEngine:Starting browser : Android
2016-12-19 11:18:32-main--INFO -com.ctaf.accelerators.TestEngine:Current Test : TC10_oneAudaltOnechildFlexCodeShare
2016-12-19 11:19:14-main--INFO -com.ctaf.accelerators.TestEngine:Starting browser : Android
2016-12-19 11:19:36-main--INFO -com.ctaf.accelerators.TestEngine:Current Test : TC10_oneAudaltOnechildFlexCodeShare
2016-12-19 11:20:15-main--INFO -com.ctaf.accelerators.TestEngine:Starting browser : Android
2016-12-19 11:20:30-main--INFO -com.ctaf.accelerators.TestEngine:Starting browser : Android
2016-12-19 11:20:53-main--INFO -com.ctaf.accelerators.TestEngine:Current Test : TC10_oneAudaltOnechildFlexCodeShare
2016-12-19 11:23:59-main--INFO -com.ctaf.accelerators.TestEngine: Able to get TscreenShot
2016-12-19 11:24:49-main--INFO -com.ctaf.accelerators.TestEngine:Starting browser : Android
2016-12-19 11:25:14-main--INFO -com.ctaf.accelerators.TestEngine:Current Test : TC10_oneAudaltOnechildFlexCodeShare
2016-12-19 11:30:59-main--INFO -com.ctaf.accelerators.TestEngine:Starting browser : Android
2016-12-19 11:31:25-main--INFO -com.ctaf.accelerators.TestEngine:Current Test : TC10_oneAudaltOnechildFlexCodeShare
2016-12-19 11:39:59-main--INFO -com.ctaf.accelerators.TestEngine:Starting browser : Android
2016-12-19 11:40:23-main--INFO -com.ctaf.accelerators.TestEngine:Current Test : TC10_oneAudaltOnechildFlexCodeShare
2016-12-19 11:44:45-main--INFO -com.ctaf.accelerators.TestEngine:Starting browser : Android
2016-12-19 11:45:09-main--INFO -com.ctaf.accelerators.TestEngine:Current Test : TC10_oneAudaltOnechildFlexCodeShare
2016-12-19 11:50:11-main--INFO -com.ctaf.accelerators.TestEngine:Starting browser : Android
2016-12-19 11:50:22-main--INFO -com.ctaf.accelerators.TestEngine:Starting browser : Android
2016-12-19 11:50:45-main--INFO -com.ctaf.accelerators.TestEngine:Current Test : TC10_oneAudaltOnechildFlexCodeShare
2016-12-19 11:54:12-main--INFO -com.ctaf.accelerators.TestEngine: Able to get TscreenShot
2016-12-19 11:57:05-main--INFO -com.ctaf.accelerators.TestEngine:Starting browser : Android
2016-12-19 11:57:30-main--INFO -com.ctaf.accelerators.TestEngine:Current Test : TC10_oneAudaltOnechildFlexCodeShare
2016-12-19 12:02:01-main--INFO -com.ctaf.accelerators.TestEngine:Starting browser : Android
2016-12-19 12:02:27-main--INFO -com.ctaf.accelerators.TestEngine:Current Test : TC10_oneAudaltOnechildFlexCodeShare
2016-12-19 12:07:25-main--INFO -com.ctaf.accelerators.TestEngine:Starting browser : Android
2016-12-19 12:07:51-main--INFO -com.ctaf.accelerators.TestEngine:Current Test : TC10_oneAudaltOnechildFlexCodeShare
2016-12-19 12:12:40-main--INFO -com.ctaf.accelerators.TestEngine:Starting browser : Android
2016-12-19 12:13:04-main--INFO -com.ctaf.accelerators.TestEngine:Current Test : TC10_oneAudaltOnechildFlexCodeShare
2016-12-19 12:23:35-main--INFO -com.ctaf.accelerators.TestEngine: Able to get TscreenShot
2016-12-19 12:28:13-main--INFO -com.ctaf.accelerators.TestEngine:Starting browser : Android
2016-12-19 12:28:38-main--INFO -com.ctaf.accelerators.TestEngine:Current Test : TC10_oneAudaltOnechildFlexCodeShare
2016-12-19 12:40:38-main--INFO -com.ctaf.accelerators.TestEngine: Able to get TscreenShot
2016-12-19 12:44:50-main--INFO -com.ctaf.accelerators.TestEngine:Starting browser : Android
2016-12-19 12:45:14-main--INFO -com.ctaf.accelerators.TestEngine:Current Test : TC10_oneAudaltOnechildFlexCodeShare
2016-12-19 12:48:25-main--INFO -com.ctaf.accelerators.TestEngine: Able to get TscreenShot
2016-12-19 12:50:23-main--INFO -com.ctaf.accelerators.TestEngine:Starting browser : Android
2016-12-19 12:50:48-main--INFO -com.ctaf.accelerators.TestEngine:Current Test : TC_11_oneAudaltOneChildOneInfantPartCordShare
2016-12-19 12:53:54-main--INFO -com.ctaf.accelerators.TestEngine:Starting browser : Android
2016-12-19 12:54:18-main--INFO -com.ctaf.accelerators.TestEngine:Current Test : TC_11_oneAudaltOneChildOneInfantPartCordShare
2016-12-19 13:04:41-main--INFO -com.ctaf.accelerators.TestEngine: Able to get TscreenShot
2016-12-19 13:06:18-main--INFO -com.ctaf.accelerators.TestEngine:Starting browser : Android
2016-12-19 13:06:47-main--INFO -com.ctaf.accelerators.TestEngine:Starting browser : Android
2016-12-19 13:07:12-main--INFO -com.ctaf.accelerators.TestEngine:Current Test : TC_11_oneAudaltOneChildOneInfantPartCordShare
2016-12-19 13:10:20-main--INFO -com.ctaf.accelerators.TestEngine: Able to get TscreenShot
2016-12-19 13:21:44-main--INFO -com.ctaf.accelerators.TestEngine:Starting browser : Android
2016-12-19 13:22:08-main--INFO -com.ctaf.accelerators.TestEngine:Current Test : TC_11_oneAudaltOneChildOneInfantPartCordShare
2016-12-19 13:31:05-main--INFO -com.ctaf.accelerators.TestEngine: Able to get TscreenShot
2016-12-19 13:33:31-main--INFO -com.ctaf.accelerators.TestEngine:Starting browser : Android
2016-12-19 13:33:55-main--INFO -com.ctaf.accelerators.TestEngine:Current Test : TC_11_oneAudaltOneChildOneInfantPartCordShare
2016-12-19 13:39:13-main--INFO -com.ctaf.accelerators.TestEngine:Starting browser : Android
2016-12-19 13:39:37-main--INFO -com.ctaf.accelerators.TestEngine:Current Test : TC_11_oneAudaltOneChildOneInfantPartCordShare
2016-12-19 13:41:12-main--INFO -com.ctaf.accelerators.TestEngine:Starting browser : Android
2016-12-19 13:41:37-main--INFO -com.ctaf.accelerators.TestEngine:Current Test : TC_11_oneAudaltOneChildOneInfantPartCordShare
2016-12-19 14:26:28-main--INFO -com.ctaf.accelerators.TestEngine:Starting browser : Android
2016-12-19 14:26:51-main--INFO -com.ctaf.accelerators.TestEngine:Current Test : TC10_oneAudaltOnechildFlexCodeShare
2016-12-19 14:31:38-main--INFO -com.ctaf.accelerators.TestEngine: Able to get TscreenShot
2016-12-19 14:33:59-main--INFO -com.ctaf.accelerators.TestEngine:Starting browser : Android
2016-12-19 14:34:22-main--INFO -com.ctaf.accelerators.TestEngine:Current Test : TC10_oneAudaltOnechildFlexCodeShare
2016-12-19 14:36:14-main--INFO -com.ctaf.accelerators.TestEngine: Able to get TscreenShot
2016-12-19 14:37:43-main--INFO -com.ctaf.accelerators.TestEngine:Starting browser : Android
2016-12-19 14:38:05-main--INFO -com.ctaf.accelerators.TestEngine:Current Test : TC10_oneAudaltOnechildFlexCodeShare
2016-12-19 14:42:42-main--INFO -com.ctaf.accelerators.TestEngine: Able to get TscreenShot
2016-12-19 14:44:31-main--INFO -com.ctaf.accelerators.TestEngine:Starting browser : Android
2016-12-19 14:44:55-main--INFO -com.ctaf.accelerators.TestEngine:Current Test : TC10_oneAudaltOnechildFlexCodeShare
2016-12-19 14:46:41-main--INFO -com.ctaf.accelerators.TestEngine:Starting browser : Android
2016-12-19 14:47:05-main--INFO -com.ctaf.accelerators.TestEngine:Current Test : TC10_oneAudaltOnechildFlexCodeShare
2016-12-19 15:45:04-main--INFO -com.ctaf.accelerators.TestEngine:Starting browser : Android
2016-12-19 15:45:28-main--INFO -com.ctaf.accelerators.TestEngine:Current Test : TC10_oneAudaltOnechildFlexCodeShare
2016-12-19 15:50:18-main--INFO -com.ctaf.accelerators.TestEngine: Able to get TscreenShot
2016-12-19 16:24:18-main--INFO -com.ctaf.accelerators.TestEngine:Starting browser : Android
2016-12-19 16:24:43-main--INFO -com.ctaf.accelerators.TestEngine:Current Test : TC_09_RTInt1ad1Ch1InEcoExtras
2016-12-19 16:36:27-main--INFO -com.ctaf.accelerators.TestEngine:Starting browser : Android
2016-12-19 16:36:50-main--INFO -com.ctaf.accelerators.TestEngine:Current Test : TC_08_RTInt1ad1Ch1InBusExtra
2016-12-19 16:40:55-main--INFO -com.ctaf.accelerators.TestEngine:Starting browser : Android
2016-12-19 16:41:16-main--INFO -com.ctaf.accelerators.TestEngine:Current Test : TC_08_RTInt1ad1Ch1InBusExtra
