2017-01-18 10:42:36-main--INFO -com.ctaf.accelerators.TestEngine:Starting browser : Chrome
2017-01-18 10:42:43-main--INFO -com.ctaf.accelerators.TestEngine:Current Test : TC_20_memberRegistration
2017-01-18 11:03:34-main--INFO -com.ctaf.accelerators.TestEngine:Starting browser : Chrome
2017-01-18 11:03:43-main--INFO -com.ctaf.accelerators.TestEngine:Current Test : Tc_09_RTInt1adult1Child1infantBus
2017-01-18 11:04:31-main--INFO -com.ctaf.accelerators.TestEngine: Able to get TscreenShot
2017-01-18 11:05:24-main--INFO -com.ctaf.accelerators.TestEngine:Starting browser : Chrome
2017-01-18 11:05:32-main--INFO -com.ctaf.accelerators.TestEngine:Current Test : Tc_09_RTInt1adult1Child1infantBus
2017-01-18 11:12:37-main--INFO -com.ctaf.accelerators.TestEngine: Able to get TscreenShot
2017-01-18 11:57:30-main--INFO -com.ctaf.accelerators.TestEngine:Starting browser : Chrome
2017-01-18 11:57:39-main--INFO -com.ctaf.accelerators.TestEngine:Current Test : TC_01_verifingChildDiscount
2017-01-18 11:59:02-main--INFO -com.ctaf.accelerators.TestEngine:Starting browser : Chrome
2017-01-18 11:59:10-main--INFO -com.ctaf.accelerators.TestEngine:Current Test : TC_01_verifingChildDiscount
2017-01-18 12:00:29-main--INFO -com.ctaf.accelerators.TestEngine: Able to get TscreenShot
2017-01-18 12:05:12-main--INFO -com.ctaf.accelerators.TestEngine:Starting browser : Chrome
2017-01-18 12:05:19-main--INFO -com.ctaf.accelerators.TestEngine:Current Test : TC_01_verifingChildDiscount
2017-01-18 12:17:16-main--INFO -com.ctaf.accelerators.TestEngine:Starting browser : Chrome
2017-01-18 12:17:23-main--INFO -com.ctaf.accelerators.TestEngine:Current Test : TC_01_verifingChildDiscount
2017-01-18 12:23:41-main--INFO -com.ctaf.accelerators.TestEngine:Starting browser : Chrome
2017-01-18 12:23:49-main--INFO -com.ctaf.accelerators.TestEngine:Current Test : TC_01_verifingChildDiscount
2017-01-18 12:25:23-main--INFO -com.ctaf.accelerators.TestEngine: Able to get TscreenShot
2017-01-18 12:26:08-main--INFO -com.ctaf.accelerators.TestEngine:Starting browser : Chrome
2017-01-18 12:26:20-main--INFO -com.ctaf.accelerators.TestEngine:Current Test : TC_01_verifingChildDiscount
2017-01-18 12:33:38-main--INFO -com.ctaf.accelerators.TestEngine:Starting browser : Chrome
2017-01-18 12:33:48-main--INFO -com.ctaf.accelerators.TestEngine:Current Test : TC_01_verifingChildDiscount
2017-01-18 12:35:27-main--INFO -com.ctaf.accelerators.TestEngine: Able to get TscreenShot
2017-01-18 12:36:56-main--INFO -com.ctaf.accelerators.TestEngine:Starting browser : Chrome
2017-01-18 12:37:04-main--INFO -com.ctaf.accelerators.TestEngine:Current Test : TC_01_verifingChildDiscount
2017-01-18 12:39:00-main--INFO -com.ctaf.accelerators.TestEngine: Able to get TscreenShot
2017-01-18 12:39:50-main--INFO -com.ctaf.accelerators.TestEngine:Starting browser : Chrome
2017-01-18 12:39:57-main--INFO -com.ctaf.accelerators.TestEngine:Current Test : TC_06_oneWay2InternationalEco
2017-01-18 12:40:25-main--INFO -com.ctaf.accelerators.TestEngine:Starting browser : Chrome
2017-01-18 12:40:32-main--INFO -com.ctaf.accelerators.TestEngine:Current Test : TC_06_oneWay2InternationalEco
2017-01-18 13:11:30-main--INFO -com.ctaf.accelerators.TestEngine:Starting browser : Chrome
2017-01-18 13:11:41-main--INFO -com.ctaf.accelerators.TestEngine:Current Test : TC_01_verifingChildDiscount
2017-01-18 13:14:26-main--INFO -com.ctaf.accelerators.TestEngine:Starting browser : Chrome
2017-01-18 13:14:33-main--INFO -com.ctaf.accelerators.TestEngine:Current Test : TC_01_verifingChildDiscount
2017-01-18 13:16:54-main--INFO -com.ctaf.accelerators.TestEngine: Able to get TscreenShot
2017-01-18 13:19:08-main--INFO -com.ctaf.accelerators.TestEngine:Starting browser : Chrome
2017-01-18 13:19:17-main--INFO -com.ctaf.accelerators.TestEngine:Current Test : TC_01_verifingChildDiscount
2017-01-18 13:22:33-main--INFO -com.ctaf.accelerators.TestEngine:Starting browser : Chrome
2017-01-18 13:22:46-main--INFO -com.ctaf.accelerators.TestEngine:Current Test : TC_06_oneWay2InternationalEco
2017-01-18 13:56:10-main--INFO -com.ctaf.accelerators.TestEngine:Starting browser : Chrome
2017-01-18 13:56:18-main--INFO -com.ctaf.accelerators.TestEngine:Current Test : TC_01_verifingChildDiscount
2017-01-18 14:05:51-main--INFO -com.ctaf.accelerators.TestEngine:Starting browser : Chrome
2017-01-18 14:05:56-main--INFO -com.ctaf.accelerators.TestEngine:Current Test : TC_01_verifingChildDiscount
2017-01-18 14:10:54-main--INFO -com.ctaf.accelerators.TestEngine:Starting browser : Chrome
2017-01-18 14:11:01-main--INFO -com.ctaf.accelerators.TestEngine:Current Test : TC_01_verifingChildDiscount
2017-01-18 14:15:06-main--INFO -com.ctaf.accelerators.TestEngine:Starting browser : Chrome
2017-01-18 14:15:13-main--INFO -com.ctaf.accelerators.TestEngine:Current Test : TC_01_verifingChildDiscount
2017-01-18 14:22:28-main--INFO -com.ctaf.accelerators.TestEngine:Starting browser : Chrome
2017-01-18 14:22:35-main--INFO -com.ctaf.accelerators.TestEngine:Current Test : TC_01_verifingChildDiscount
2017-01-18 15:39:19-main--INFO -com.ctaf.accelerators.TestEngine:Starting browser : Chrome
2017-01-18 15:39:29-main--INFO -com.ctaf.accelerators.TestEngine:Current Test : Tc_09_RTInt1adult1Child1infantBus
2017-01-18 15:43:14-main--INFO -com.ctaf.accelerators.TestEngine:Starting browser : Chrome
2017-01-18 15:43:24-main--INFO -com.ctaf.accelerators.TestEngine:Current Test : Tc_09_RTInt1adult1Child1infantBus
2017-01-18 15:56:29-main--INFO -com.ctaf.accelerators.TestEngine:Starting browser : Chrome
2017-01-18 15:56:37-main--INFO -com.ctaf.accelerators.TestEngine:Current Test : Tc_09_RTInt1adult1Child1infantBus
2017-01-18 17:42:00-main--INFO -com.ctaf.accelerators.TestEngine:Starting browser : Chrome
2017-01-18 17:42:07-main--INFO -com.ctaf.accelerators.TestEngine:Current Test : Tc_09_RTInt1adult1Child1infantBus
2017-01-18 18:00:07-main--INFO -com.ctaf.accelerators.TestEngine:Starting browser : Chrome
2017-01-18 18:00:13-main--INFO -com.ctaf.accelerators.TestEngine:Current Test : TC_02_verifingServiceChargeperPerson
2017-01-18 18:03:39-main--INFO -com.ctaf.accelerators.TestEngine:Starting browser : Chrome
2017-01-18 18:03:50-main--INFO -com.ctaf.accelerators.TestEngine:Current Test : TC_02_verifingServiceChargeperPerson
2017-01-18 18:05:43-main--INFO -com.ctaf.accelerators.TestEngine: Able to get TscreenShot
2017-01-18 18:06:16-main--INFO -com.ctaf.accelerators.TestEngine:Starting browser : Chrome
2017-01-18 18:06:27-main--INFO -com.ctaf.accelerators.TestEngine:Current Test : TC_02_verifingServiceChargeperPerson
2017-01-18 18:20:35-main--INFO -com.ctaf.accelerators.TestEngine:Starting browser : Chrome
2017-01-18 18:20:42-main--INFO -com.ctaf.accelerators.TestEngine:Current Test : TC_02_verifingServiceChargeperPerson
2017-01-18 18:21:05-main--INFO -com.ctaf.accelerators.TestEngine: Able to get TscreenShot
2017-01-18 18:25:35-main--INFO -com.ctaf.accelerators.TestEngine:Starting browser : Chrome
2017-01-18 18:25:42-main--INFO -com.ctaf.accelerators.TestEngine:Current Test : TC_02_verifingServiceChargeperPerson
2017-01-18 18:26:03-main--INFO -com.ctaf.accelerators.TestEngine: Able to get TscreenShot
2017-01-18 18:27:16-main--INFO -com.ctaf.accelerators.TestEngine:Starting browser : Chrome
2017-01-18 18:27:23-main--INFO -com.ctaf.accelerators.TestEngine:Current Test : TC_02_verifingServiceChargeperPerson
2017-01-18 18:28:12-main--INFO -com.ctaf.accelerators.TestEngine: Able to get TscreenShot
2017-01-18 18:29:05-main--INFO -com.ctaf.accelerators.TestEngine:Starting browser : Chrome
2017-01-18 18:29:12-main--INFO -com.ctaf.accelerators.TestEngine:Current Test : TC_02_verifingServiceChargeperPerson
2017-01-18 18:31:35-main--INFO -com.ctaf.accelerators.TestEngine: Able to get TscreenShot
2017-01-18 18:31:35-main--INFO -com.ctaf.accelerators.TestEngine: Able to get TscreenShot
