2017-07-20 11:07:16-main--INFO -com.ctaf.accelerators.TestEngine:Starting browser : iphone
2017-07-20 11:08:35-main--INFO -com.ctaf.accelerators.TestEngine:Current Test : TC_01_oneWayDomesticEconomy_RUH_JED
2017-07-20 11:08:45-main--INFO -com.ctaf.accelerators.TestEngine:Able to click on By.xpath: //*[@label='Book flights']
2017-07-20 11:09:35-main--INFO -com.ctaf.accelerators.TestEngine:Starting browser : iphone
2017-07-20 11:10:20-main--INFO -com.ctaf.accelerators.TestEngine:Current Test : TC_01_oneWayDomesticEconomy_RUH_JED
2017-07-20 11:10:29-main--INFO -com.ctaf.accelerators.TestEngine:Able to click on By.xpath: //XCUIElementTypeOther/*[@label='btn menu']
2017-07-20 11:10:41-main--INFO -com.ctaf.accelerators.TestEngine:Able to click on By.xpath: //XCUIElementTypeCell[1]/*[@label='Login']
2017-07-20 11:11:56-main--INFO -com.ctaf.accelerators.TestEngine:Starting browser : iphone
2017-07-20 11:12:41-main--INFO -com.ctaf.accelerators.TestEngine:Current Test : TC_01_oneWayDomesticEconomy_RUH_JED
2017-07-20 11:12:51-main--INFO -com.ctaf.accelerators.TestEngine:Able to click on By.xpath: //XCUIElementTypeOther/*[@label='btn menu']
2017-07-20 11:13:02-main--INFO -com.ctaf.accelerators.TestEngine:Able to click on By.xpath: //XCUIElementTypeCell[1]/*[@label='Login']
2017-07-20 11:17:33-main--INFO -com.ctaf.accelerators.TestEngine:Starting browser : iphone
2017-07-20 11:18:17-main--INFO -com.ctaf.accelerators.TestEngine:Current Test : TC_01_oneWayDomesticEconomy_RUH_JED
2017-07-20 11:18:27-main--INFO -com.ctaf.accelerators.TestEngine:Able to click on By.xpath: //XCUIElementTypeOther/*[@label='btn menu']
2017-07-20 11:18:39-main--INFO -com.ctaf.accelerators.TestEngine:Able to click on By.xpath: //XCUIElementTypeCell[1]/*[@label='Login']
2017-07-20 11:18:51-main--INFO -com.ctaf.accelerators.TestEngine:Typing is performed on EmailAddress
2017-07-20 11:19:06-main--INFO -com.ctaf.accelerators.TestEngine:Typing is performed on Password
2017-07-20 11:19:20-main--INFO -com.ctaf.accelerators.TestEngine:Able to click on By.xpath: //*[@label='Login']
2017-07-20 11:19:30-main--INFO -com.ctaf.accelerators.TestEngine:Able to click on By.xpath: //*[@label='Book flights']
2017-07-20 11:19:49-main--INFO -com.ctaf.accelerators.TestEngine:Able to click on By.xpath: //*[@label='One-way']
2017-07-20 11:20:02-main--INFO -com.ctaf.accelerators.TestEngine:Able to click on By.xpath: //XCUIElementTypeOther[3]/XCUIElementTypeOther[1]/XCUIElementTypeButton
2017-07-20 11:20:07-main--INFO -com.ctaf.accelerators.TestEngine:Able to click on Search
2017-07-20 11:20:14-main--INFO -com.ctaf.accelerators.TestEngine:Typing is performed on Origin
2017-07-20 11:20:17-main--INFO -com.ctaf.accelerators.TestEngine:Able to click on RUH
2017-07-20 11:20:23-main--INFO -com.ctaf.accelerators.TestEngine:Typing is performed on Destination
2017-07-20 11:20:26-main--INFO -com.ctaf.accelerators.TestEngine:Able to click on JED
2017-07-20 11:20:29-main--INFO -com.ctaf.accelerators.TestEngine:Able to click on Find Flights
2017-07-20 11:24:37-main--INFO -com.ctaf.accelerators.TestEngine:Unable to click on By.xpath: //XCUIElementTypeTable/XCUIElementTypeCell[1]/XCUIElementTypeButton[12]
2017-07-20 11:25:07-main--INFO -com.ctaf.accelerators.TestEngine:Starting browser : iphone
2017-07-20 11:25:51-main--INFO -com.ctaf.accelerators.TestEngine:Current Test : TC_01_oneWayDomesticEconomy_RUH_JED
2017-07-20 11:26:00-main--INFO -com.ctaf.accelerators.TestEngine:Able to click on By.xpath: //XCUIElementTypeOther/*[@label='btn menu']
2017-07-20 11:26:57-main--INFO -com.ctaf.accelerators.TestEngine:Able to click on By.xpath: //XCUIElementTypeCell[1]/*[@label='Login']
2017-07-20 11:27:09-main--INFO -com.ctaf.accelerators.TestEngine:Typing is performed on EmailAddress
2017-07-20 11:27:23-main--INFO -com.ctaf.accelerators.TestEngine:Typing is performed on Password
2017-07-20 11:27:38-main--INFO -com.ctaf.accelerators.TestEngine:Able to click on By.xpath: //*[@label='Login']
2017-07-20 11:27:47-main--INFO -com.ctaf.accelerators.TestEngine:Able to click on By.xpath: //*[@label='Book flights']
2017-07-20 11:28:06-main--INFO -com.ctaf.accelerators.TestEngine:Able to click on By.xpath: //*[@label='One-way']
2017-07-20 11:28:19-main--INFO -com.ctaf.accelerators.TestEngine:Able to click on By.xpath: //XCUIElementTypeOther[3]/XCUIElementTypeOther[1]/XCUIElementTypeButton
2017-07-20 11:28:24-main--INFO -com.ctaf.accelerators.TestEngine:Able to click on Search
2017-07-20 11:28:31-main--INFO -com.ctaf.accelerators.TestEngine:Typing is performed on Origin
2017-07-20 11:28:34-main--INFO -com.ctaf.accelerators.TestEngine:Able to click on RUH
2017-07-20 11:28:41-main--INFO -com.ctaf.accelerators.TestEngine:Typing is performed on Destination
2017-07-20 11:28:43-main--INFO -com.ctaf.accelerators.TestEngine:Able to click on JED
2017-07-20 11:28:47-main--INFO -com.ctaf.accelerators.TestEngine:Able to click on Find Flights
2017-07-20 11:31:03-main--INFO -com.ctaf.accelerators.TestEngine:Able to click on By.xpath: //XCUIElementTypeTable/XCUIElementTypeCell[1]/XCUIElementTypeButton[12]
2017-07-20 11:44:12-main--INFO -com.ctaf.accelerators.TestEngine:Unable to click on By.xpath: //*[@label='Continue to Select Extras']
2017-07-20 11:45:24-main--INFO -com.ctaf.accelerators.TestEngine:Starting browser : iphone
2017-07-20 11:46:11-main--INFO -com.ctaf.accelerators.TestEngine:Current Test : TC_01_oneWayDomesticEconomy_RUH_JED
2017-07-20 11:46:20-main--INFO -com.ctaf.accelerators.TestEngine:Able to click on By.xpath: //*[@label='Book flights']
2017-07-20 11:46:39-main--INFO -com.ctaf.accelerators.TestEngine:Able to click on By.xpath: //*[@label='One-way']
2017-07-20 11:46:52-main--INFO -com.ctaf.accelerators.TestEngine:Able to click on By.xpath: //XCUIElementTypeOther[3]/XCUIElementTypeOther[1]/XCUIElementTypeButton
2017-07-20 11:46:58-main--INFO -com.ctaf.accelerators.TestEngine:Able to click on Search
2017-07-20 11:47:05-main--INFO -com.ctaf.accelerators.TestEngine:Typing is performed on Origin
2017-07-20 11:47:07-main--INFO -com.ctaf.accelerators.TestEngine:Able to click on RUH
2017-07-20 11:47:14-main--INFO -com.ctaf.accelerators.TestEngine:Typing is performed on Destination
2017-07-20 11:47:17-main--INFO -com.ctaf.accelerators.TestEngine:Able to click on JED
2017-07-20 11:47:20-main--INFO -com.ctaf.accelerators.TestEngine:Able to click on Find Flights
2017-07-20 11:48:41-main--INFO -com.ctaf.accelerators.TestEngine:Starting browser : iphone
2017-07-20 11:49:25-main--INFO -com.ctaf.accelerators.TestEngine:Current Test : TC_01_oneWayDomesticEconomy_RUH_JED
2017-07-20 11:49:34-main--INFO -com.ctaf.accelerators.TestEngine:Able to click on By.xpath: //*[@label='Book flights']
2017-07-20 11:49:53-main--INFO -com.ctaf.accelerators.TestEngine:Able to click on By.xpath: //*[@label='One-way']
2017-07-20 11:50:06-main--INFO -com.ctaf.accelerators.TestEngine:Able to click on By.xpath: //XCUIElementTypeOther[3]/XCUIElementTypeOther[1]/XCUIElementTypeButton
2017-07-20 11:50:12-main--INFO -com.ctaf.accelerators.TestEngine:Able to click on Search
2017-07-20 11:50:19-main--INFO -com.ctaf.accelerators.TestEngine:Typing is performed on Origin
2017-07-20 11:50:21-main--INFO -com.ctaf.accelerators.TestEngine:Able to click on RUH
2017-07-20 11:50:28-main--INFO -com.ctaf.accelerators.TestEngine:Typing is performed on Destination
2017-07-20 11:50:31-main--INFO -com.ctaf.accelerators.TestEngine:Able to click on JED
2017-07-20 11:50:34-main--INFO -com.ctaf.accelerators.TestEngine:Able to click on Find Flights
2017-07-20 11:53:26-main--INFO -com.ctaf.accelerators.TestEngine:Starting browser : iphone
2017-07-20 11:54:11-main--INFO -com.ctaf.accelerators.TestEngine:Current Test : TC_01_oneWayDomesticEconomy_RUH_JED
2017-07-20 11:57:07-main--INFO -com.ctaf.accelerators.TestEngine:Starting browser : iphone
2017-07-20 11:57:52-main--INFO -com.ctaf.accelerators.TestEngine:Current Test : TC_01_oneWayDomesticEconomy_RUH_JED
2017-07-20 11:58:31-main--INFO -com.ctaf.accelerators.TestEngine:Able to click on By.xpath: //*[@label='Book flights']
2017-07-20 11:58:51-main--INFO -com.ctaf.accelerators.TestEngine:Able to click on By.xpath: //*[@label='One-way']
2017-07-20 11:59:04-main--INFO -com.ctaf.accelerators.TestEngine:Able to click on By.xpath: //XCUIElementTypeOther[3]/XCUIElementTypeOther[1]/XCUIElementTypeButton
2017-07-20 11:59:10-main--INFO -com.ctaf.accelerators.TestEngine:Able to click on Search
2017-07-20 11:59:17-main--INFO -com.ctaf.accelerators.TestEngine:Typing is performed on Origin
2017-07-20 11:59:20-main--INFO -com.ctaf.accelerators.TestEngine:Able to click on RUH
2017-07-20 11:59:27-main--INFO -com.ctaf.accelerators.TestEngine:Typing is performed on Destination
2017-07-20 11:59:29-main--INFO -com.ctaf.accelerators.TestEngine:Able to click on JED
2017-07-20 11:59:32-main--INFO -com.ctaf.accelerators.TestEngine:Able to click on Find Flights
2017-07-20 12:05:29-main--INFO -com.ctaf.accelerators.TestEngine:Able to click on By.xpath: //XCUIElementTypeTable/XCUIElementTypeCell[1]/XCUIElementTypeButton[3]
2017-07-20 12:07:54-main--INFO -com.ctaf.accelerators.TestEngine:Starting browser : iphone
2017-07-20 12:08:38-main--INFO -com.ctaf.accelerators.TestEngine:Current Test : TC_01_oneWayDomesticEconomy_RUH_JED
2017-07-20 12:11:19-main--INFO -com.ctaf.accelerators.TestEngine:Starting browser : iphone
2017-07-20 12:12:03-main--INFO -com.ctaf.accelerators.TestEngine:Current Test : TC_01_oneWayDomesticEconomy_RUH_JED
2017-07-20 12:14:05-main--INFO -com.ctaf.accelerators.TestEngine:Starting browser : iphone
2017-07-20 12:14:50-main--INFO -com.ctaf.accelerators.TestEngine:Current Test : TC_01_oneWayDomesticEconomy_RUH_JED
2017-07-20 12:21:16-main--INFO -com.ctaf.accelerators.TestEngine:Able to click on By.xpath: //XCUIElementTypeTable/XCUIElementTypeCell[1]/XCUIElementTypeButton[4]
2017-07-20 12:45:50-main--INFO -com.ctaf.accelerators.TestEngine:Starting browser : iphone
2017-07-20 12:46:52-main--INFO -com.ctaf.accelerators.TestEngine:Starting browser : iphone
2017-07-20 12:47:39-main--INFO -com.ctaf.accelerators.TestEngine:Current Test : TC_01_oneWayDomesticEconomy_RUH_JED
2017-07-20 12:55:46-main--INFO -com.ctaf.accelerators.TestEngine:Starting browser : iphone
2017-07-20 12:56:32-main--INFO -com.ctaf.accelerators.TestEngine:Current Test : TC_01_oneWayDomesticEconomy_RUH_JED
2017-07-20 16:20:37-main--INFO -com.ctaf.accelerators.TestEngine:Starting browser : iossafari
2017-07-20 16:26:20-main--INFO -com.ctaf.accelerators.TestEngine:Starting browser : iossafari
2017-07-20 16:59:08-main--INFO -com.ctaf.accelerators.TestEngine:Starting browser : iossafari
2017-07-20 17:30:39-main--INFO -com.ctaf.accelerators.TestEngine:Starting browser : iossafari
2017-07-20 17:44:27-main--INFO -com.ctaf.accelerators.TestEngine:Starting browser : iossafari
2017-07-20 19:01:06-main--INFO -com.ctaf.accelerators.TestEngine:Starting browser : iossafari
2017-07-20 19:03:38-main--INFO -com.ctaf.accelerators.TestEngine:Starting browser : iossafari
2017-07-20 19:06:49-main--INFO -com.ctaf.accelerators.TestEngine:Starting browser : iossafari
2017-07-20 19:11:31-main--INFO -com.ctaf.accelerators.TestEngine:Starting browser : iossafari
2017-07-20 19:15:55-main--INFO -com.ctaf.accelerators.TestEngine:Starting browser : iossafari
2017-07-20 19:19:20-main--INFO -com.ctaf.accelerators.TestEngine:Starting browser : iossafari
2017-07-20 19:23:12-main--INFO -com.ctaf.accelerators.TestEngine:Starting browser : iossafari
2017-07-20 19:25:53-main--INFO -com.ctaf.accelerators.TestEngine:Starting browser : iossafari
2017-07-20 19:29:19-main--INFO -com.ctaf.accelerators.TestEngine:Starting browser : iossafari
2017-07-20 19:39:04-main--INFO -com.ctaf.accelerators.TestEngine:Starting browser : iossafari
2017-07-20 19:39:31-main--INFO -com.ctaf.accelerators.TestEngine:Starting browser : iossafari
2017-07-20 19:44:13-main--INFO -com.ctaf.accelerators.TestEngine:Starting browser : iossafari
