2017-06-07 12:09:49-main--INFO -com.ctaf.accelerators.TestEngine:Starting browser : iphone
2017-06-07 12:31:28-main--INFO -com.ctaf.accelerators.TestEngine:Starting browser : iphone
2017-06-07 12:32:51-main--INFO -com.ctaf.accelerators.TestEngine:Starting browser : iphone
2017-06-07 12:35:13-main--INFO -com.ctaf.accelerators.TestEngine:Starting browser : iphone
2017-06-07 12:39:08-main--INFO -com.ctaf.accelerators.TestEngine:Starting browser : iphone
2017-06-07 12:39:52-main--INFO -com.ctaf.accelerators.TestEngine:Current Test : TC_01_oneWayDomesticEconomy_RUH_JED
2017-06-07 12:39:59-main--INFO -com.ctaf.accelerators.TestEngine:Able to click on By.xpath: //XCUIElementTypeOther/*[@label='btn menu']
2017-06-07 12:42:20-main--INFO -com.ctaf.accelerators.TestEngine:Starting browser : iphone
2017-06-07 12:43:03-main--INFO -com.ctaf.accelerators.TestEngine:Current Test : TC_01_oneWayDomesticEconomy_RUH_JED
2017-06-07 12:43:11-main--INFO -com.ctaf.accelerators.TestEngine:Able to click on By.xpath: //*[@label='Book flights']
2017-06-07 12:43:21-main--INFO -com.ctaf.accelerators.TestEngine:Able to click on By.xpath: //*[@label='One-way']
2017-06-07 12:43:32-main--INFO -com.ctaf.accelerators.TestEngine:Able to click on By.xpath: //XCUIElementTypeOther[3]/XCUIElementTypeOther[1]/XCUIElementTypeButton
2017-06-07 12:43:37-main--INFO -com.ctaf.accelerators.TestEngine:Able to click on Search
2017-06-07 12:43:44-main--INFO -com.ctaf.accelerators.TestEngine:Typing is performed on Origin
2017-06-07 12:43:47-main--INFO -com.ctaf.accelerators.TestEngine:Able to click on RUH
2017-06-07 12:43:54-main--INFO -com.ctaf.accelerators.TestEngine:Typing is performed on Destination
2017-06-07 12:43:56-main--INFO -com.ctaf.accelerators.TestEngine:Able to click on JED
2017-06-07 13:21:30-main--INFO -com.ctaf.accelerators.TestEngine:Starting browser : iphone
2017-06-07 13:22:12-main--INFO -com.ctaf.accelerators.TestEngine:Current Test : TC_01_oneWayDomesticEconomy_RUH_JED
2017-06-07 13:22:19-main--INFO -com.ctaf.accelerators.TestEngine:Able to click on By.xpath: //*[@label='Book flights']
2017-06-07 13:26:52-main--INFO -com.ctaf.accelerators.TestEngine:Starting browser : iphone
2017-06-07 13:27:35-main--INFO -com.ctaf.accelerators.TestEngine:Current Test : TC_01_oneWayDomesticEconomy_RUH_JED
2017-06-07 13:27:43-main--INFO -com.ctaf.accelerators.TestEngine:Able to click on By.xpath: //XCUIElementTypeOther/*[@label='btn menu']
2017-06-07 13:27:52-main--INFO -com.ctaf.accelerators.TestEngine:Able to click on By.xpath: //XCUIElementTypeCell[1]/*[@label='Login']
2017-06-07 13:27:59-main--INFO -com.ctaf.accelerators.TestEngine:Typing is performed on EmailAddress
2017-06-07 13:28:07-main--INFO -com.ctaf.accelerators.TestEngine:Typing is performed on Password
2017-06-07 13:28:19-main--INFO -com.ctaf.accelerators.TestEngine:Able to click on By.xpath: //*[@label='Login']
2017-06-07 13:30:19-Forwarding screenshot on session 754fbbfc-ccdc-4a4f-bfd9-fab6de4971ce to remote--INFO -org.apache.http.impl.execchain.RetryExec:I/O exception (org.apache.http.NoHttpResponseException) caught when processing request to {}->http://127.0.0.1:4723: The target server failed to respond
2017-06-07 13:30:19-Forwarding screenshot on session 754fbbfc-ccdc-4a4f-bfd9-fab6de4971ce to remote--INFO -org.apache.http.impl.execchain.RetryExec:Retrying request to {}->http://127.0.0.1:4723
2017-06-07 13:30:55-main--INFO -com.ctaf.accelerators.TestEngine:Starting browser : iphone
2017-06-07 13:31:37-main--INFO -com.ctaf.accelerators.TestEngine:Current Test : TC_01_oneWayDomesticEconomy_RUH_JED
2017-06-07 13:31:44-main--INFO -com.ctaf.accelerators.TestEngine:Able to click on By.xpath: //*[@label='Book flights']
2017-06-07 13:31:55-main--INFO -com.ctaf.accelerators.TestEngine:Able to click on By.xpath: //*[@label='One-way']
2017-06-07 13:32:05-main--INFO -com.ctaf.accelerators.TestEngine:Able to click on By.xpath: //XCUIElementTypeOther[3]/XCUIElementTypeOther[1]/XCUIElementTypeButton
2017-06-07 13:32:11-main--INFO -com.ctaf.accelerators.TestEngine:Able to click on Search
2017-06-07 13:32:17-main--INFO -com.ctaf.accelerators.TestEngine:Typing is performed on Origin
2017-06-07 13:32:20-main--INFO -com.ctaf.accelerators.TestEngine:Able to click on RUH
2017-06-07 13:32:27-main--INFO -com.ctaf.accelerators.TestEngine:Typing is performed on Destination
2017-06-07 13:32:29-main--INFO -com.ctaf.accelerators.TestEngine:Able to click on JED
2017-06-07 13:32:32-main--INFO -com.ctaf.accelerators.TestEngine:Able to click on Find Flights
2017-06-07 13:34:09-main--INFO -com.ctaf.accelerators.TestEngine:Able to click on By.xpath: //*[@label='icn arrow right red']
2017-06-07 13:35:54-main--INFO -com.ctaf.accelerators.TestEngine:Starting browser : iphone
2017-06-07 13:36:37-main--INFO -com.ctaf.accelerators.TestEngine:Current Test : TC_01_oneWayDomesticEconomy_RUH_JED
2017-06-07 13:36:45-main--INFO -com.ctaf.accelerators.TestEngine:Able to click on By.xpath: //*[@label='Book flights']
2017-06-07 13:36:55-main--INFO -com.ctaf.accelerators.TestEngine:Able to click on By.xpath: //*[@label='One-way']
2017-06-07 13:37:05-main--INFO -com.ctaf.accelerators.TestEngine:Able to click on By.xpath: //XCUIElementTypeOther[3]/XCUIElementTypeOther[1]/XCUIElementTypeButton
2017-06-07 13:37:10-main--INFO -com.ctaf.accelerators.TestEngine:Able to click on Search
2017-06-07 13:37:17-main--INFO -com.ctaf.accelerators.TestEngine:Typing is performed on Origin
2017-06-07 13:37:20-main--INFO -com.ctaf.accelerators.TestEngine:Able to click on RUH
2017-06-07 13:37:27-main--INFO -com.ctaf.accelerators.TestEngine:Typing is performed on Destination
2017-06-07 13:37:29-main--INFO -com.ctaf.accelerators.TestEngine:Able to click on JED
2017-06-07 13:37:32-main--INFO -com.ctaf.accelerators.TestEngine:Able to click on Find Flights
2017-06-07 13:41:04-main--INFO -com.ctaf.accelerators.TestEngine:Starting browser : iphone
2017-06-07 13:41:46-main--INFO -com.ctaf.accelerators.TestEngine:Current Test : TC_01_oneWayDomesticEconomy_RUH_JED
2017-06-07 13:49:36-main--INFO -com.ctaf.accelerators.TestEngine:Able to click on By.xpath: //XCUIElementTypeTable/XCUIElementTypeCell[1]/XCUIElementTypeButton[3]
2017-06-07 13:50:16-main--INFO -com.ctaf.accelerators.TestEngine:Starting browser : iphone
2017-06-07 13:50:59-main--INFO -com.ctaf.accelerators.TestEngine:Current Test : TC_01_oneWayDomesticEconomy_RUH_JED
2017-06-07 13:51:07-main--INFO -com.ctaf.accelerators.TestEngine:Able to click on By.xpath: //*[@label='Book flights']
2017-06-07 13:51:17-main--INFO -com.ctaf.accelerators.TestEngine:Able to click on By.xpath: //*[@label='One-way']
2017-06-07 13:51:28-main--INFO -com.ctaf.accelerators.TestEngine:Able to click on By.xpath: //XCUIElementTypeOther[3]/XCUIElementTypeOther[1]/XCUIElementTypeButton
2017-06-07 13:51:33-main--INFO -com.ctaf.accelerators.TestEngine:Able to click on Search
2017-06-07 13:51:40-main--INFO -com.ctaf.accelerators.TestEngine:Typing is performed on Origin
2017-06-07 13:51:43-main--INFO -com.ctaf.accelerators.TestEngine:Able to click on RUH
2017-06-07 13:51:49-main--INFO -com.ctaf.accelerators.TestEngine:Typing is performed on Destination
2017-06-07 13:51:52-main--INFO -com.ctaf.accelerators.TestEngine:Able to click on JED
2017-06-07 13:51:55-main--INFO -com.ctaf.accelerators.TestEngine:Able to click on Find Flights
2017-06-07 13:56:15-main--INFO -com.ctaf.accelerators.TestEngine:Able to click on By.xpath: //XCUIElementTypeTable/XCUIElementTypeCell[1]/XCUIElementTypeButton[3]
2017-06-07 13:56:47-main--INFO -com.ctaf.accelerators.TestEngine:Able to click on By.xpath: //*[@label='Continue to Select Extras']
2017-06-07 13:57:37-main--INFO -com.ctaf.accelerators.TestEngine:Starting browser : iphone
2017-06-07 13:58:21-main--INFO -com.ctaf.accelerators.TestEngine:Current Test : TC_01_oneWayDomesticEconomy_RUH_JED
2017-06-07 13:58:28-main--INFO -com.ctaf.accelerators.TestEngine:Able to click on By.xpath: //*[@label='Book flights']
2017-06-07 13:58:39-main--INFO -com.ctaf.accelerators.TestEngine:Able to click on By.xpath: //*[@label='One-way']
2017-06-07 13:58:49-main--INFO -com.ctaf.accelerators.TestEngine:Able to click on By.xpath: //XCUIElementTypeOther[3]/XCUIElementTypeOther[1]/XCUIElementTypeButton
2017-06-07 13:58:55-main--INFO -com.ctaf.accelerators.TestEngine:Able to click on Search
2017-06-07 13:59:01-main--INFO -com.ctaf.accelerators.TestEngine:Typing is performed on Origin
2017-06-07 13:59:04-main--INFO -com.ctaf.accelerators.TestEngine:Able to click on RUH
2017-06-07 13:59:11-main--INFO -com.ctaf.accelerators.TestEngine:Typing is performed on Destination
2017-06-07 13:59:13-main--INFO -com.ctaf.accelerators.TestEngine:Able to click on JED
2017-06-07 13:59:16-main--INFO -com.ctaf.accelerators.TestEngine:Able to click on Find Flights
2017-06-07 14:03:37-main--INFO -com.ctaf.accelerators.TestEngine:Able to click on By.xpath: //XCUIElementTypeTable/XCUIElementTypeCell[1]/XCUIElementTypeButton[3]
2017-06-07 14:04:10-main--INFO -com.ctaf.accelerators.TestEngine:Able to click on By.xpath: //*[@label='Continue to Select Extras']
2017-06-07 14:04:35-main--INFO -com.ctaf.accelerators.TestEngine:Able to click on By.xpath: //*[@label='Continue to Select Seat']
2017-06-07 14:04:47-main--INFO -com.ctaf.accelerators.TestEngine:Able to click on By.xpath: //*[@label='Continue to Payment']
2017-06-07 14:05:06-main--INFO -com.ctaf.accelerators.TestEngine:Able to click on By.xpath: //*[@label='SADAD']
2017-06-07 14:05:18-main--INFO -com.ctaf.accelerators.TestEngine:Able to click on Purchase
2017-06-07 14:06:15-main--INFO -com.ctaf.accelerators.TestEngine:Current Test : TC_02_oneWayDomesticEconomy_RUH_DMM
2017-06-07 14:06:23-main--INFO -com.ctaf.accelerators.TestEngine:Able to click on By.xpath: //*[@label='Book flights']
2017-06-07 14:06:33-main--INFO -com.ctaf.accelerators.TestEngine:Able to click on By.xpath: //*[@label='One-way']
2017-06-07 14:06:43-main--INFO -com.ctaf.accelerators.TestEngine:Able to click on By.xpath: //XCUIElementTypeOther[3]/XCUIElementTypeOther[1]/XCUIElementTypeButton
2017-06-07 14:06:49-main--INFO -com.ctaf.accelerators.TestEngine:Able to click on Search
2017-06-07 14:06:56-main--INFO -com.ctaf.accelerators.TestEngine:Typing is performed on Origin
2017-06-07 14:06:58-main--INFO -com.ctaf.accelerators.TestEngine:Able to click on RUH
2017-06-07 14:07:05-main--INFO -com.ctaf.accelerators.TestEngine:Typing is performed on Destination
2017-06-07 14:07:08-main--INFO -com.ctaf.accelerators.TestEngine:Able to click on DMM
2017-06-07 14:07:11-main--INFO -com.ctaf.accelerators.TestEngine:Able to click on Find Flights
2017-06-07 14:09:31-main--INFO -com.ctaf.accelerators.TestEngine:Able to click on By.xpath: //XCUIElementTypeTable/XCUIElementTypeCell[1]/XCUIElementTypeButton[3]
2017-06-07 14:10:02-main--INFO -com.ctaf.accelerators.TestEngine:Able to click on By.xpath: //*[@label='Continue to Select Extras']
2017-06-07 14:10:27-main--INFO -com.ctaf.accelerators.TestEngine:Able to click on By.xpath: //*[@label='Continue to Select Seat']
2017-06-07 14:10:39-main--INFO -com.ctaf.accelerators.TestEngine:Able to click on By.xpath: //*[@label='Continue to Payment']
2017-06-07 14:10:57-main--INFO -com.ctaf.accelerators.TestEngine:Able to click on By.xpath: //*[@label='SADAD']
2017-06-07 14:11:09-main--INFO -com.ctaf.accelerators.TestEngine:Able to click on Purchase
2017-06-07 14:12:03-main--INFO -com.ctaf.accelerators.TestEngine:Current Test : TC_03_oneWayDomesticEconomy_RUH_GIZ
2017-06-07 14:12:11-main--INFO -com.ctaf.accelerators.TestEngine:Able to click on By.xpath: //*[@label='Book flights']
2017-06-07 14:12:21-main--INFO -com.ctaf.accelerators.TestEngine:Able to click on By.xpath: //*[@label='One-way']
2017-06-07 14:12:32-main--INFO -com.ctaf.accelerators.TestEngine:Able to click on By.xpath: //XCUIElementTypeOther[3]/XCUIElementTypeOther[1]/XCUIElementTypeButton
2017-06-07 14:12:37-main--INFO -com.ctaf.accelerators.TestEngine:Able to click on Search
2017-06-07 14:12:44-main--INFO -com.ctaf.accelerators.TestEngine:Typing is performed on Origin
2017-06-07 14:12:47-main--INFO -com.ctaf.accelerators.TestEngine:Able to click on RUH
2017-06-07 14:12:54-main--INFO -com.ctaf.accelerators.TestEngine:Typing is performed on Destination
2017-06-07 14:12:56-main--INFO -com.ctaf.accelerators.TestEngine:Able to click on GIZ
2017-06-07 14:12:59-main--INFO -com.ctaf.accelerators.TestEngine:Able to click on Find Flights
2017-06-07 14:15:21-main--INFO -com.ctaf.accelerators.TestEngine:Able to click on By.xpath: //XCUIElementTypeTable/XCUIElementTypeCell[1]/XCUIElementTypeButton[3]
2017-06-07 14:15:52-main--INFO -com.ctaf.accelerators.TestEngine:Able to click on By.xpath: //*[@label='Continue to Select Extras']
2017-06-07 14:16:17-main--INFO -com.ctaf.accelerators.TestEngine:Able to click on By.xpath: //*[@label='Continue to Select Seat']
2017-06-07 14:16:28-main--INFO -com.ctaf.accelerators.TestEngine:Able to click on By.xpath: //*[@label='Continue to Payment']
2017-06-07 14:16:46-main--INFO -com.ctaf.accelerators.TestEngine:Able to click on By.xpath: //*[@label='SADAD']
2017-06-07 14:16:58-main--INFO -com.ctaf.accelerators.TestEngine:Able to click on Purchase
2017-06-07 14:17:53-main--INFO -com.ctaf.accelerators.TestEngine:Current Test : TC_04_oneWayDomesticEconomy_RUH_MED
2017-06-07 14:18:01-main--INFO -com.ctaf.accelerators.TestEngine:Able to click on By.xpath: //*[@label='Book flights']
2017-06-07 14:18:11-main--INFO -com.ctaf.accelerators.TestEngine:Able to click on By.xpath: //*[@label='One-way']
2017-06-07 14:18:22-main--INFO -com.ctaf.accelerators.TestEngine:Able to click on By.xpath: //XCUIElementTypeOther[3]/XCUIElementTypeOther[1]/XCUIElementTypeButton
2017-06-07 14:18:27-main--INFO -com.ctaf.accelerators.TestEngine:Able to click on Search
2017-06-07 14:18:34-main--INFO -com.ctaf.accelerators.TestEngine:Typing is performed on Origin
2017-06-07 14:18:36-main--INFO -com.ctaf.accelerators.TestEngine:Able to click on RUH
2017-06-07 14:18:43-main--INFO -com.ctaf.accelerators.TestEngine:Typing is performed on Destination
2017-06-07 14:18:46-main--INFO -com.ctaf.accelerators.TestEngine:Able to click on MED
2017-06-07 14:18:49-main--INFO -com.ctaf.accelerators.TestEngine:Able to click on Find Flights
2017-06-07 14:20:22-main--INFO -com.ctaf.accelerators.TestEngine:Able to click on By.xpath: //XCUIElementTypeTable/XCUIElementTypeCell[1]/XCUIElementTypeButton[3]
2017-06-07 14:20:52-main--INFO -com.ctaf.accelerators.TestEngine:Able to click on By.xpath: //*[@label='Continue to Select Extras']
2017-06-07 14:21:17-main--INFO -com.ctaf.accelerators.TestEngine:Able to click on By.xpath: //*[@label='Continue to Select Seat']
2017-06-07 14:21:29-main--INFO -com.ctaf.accelerators.TestEngine:Able to click on By.xpath: //*[@label='Continue to Payment']
2017-06-07 14:21:46-main--INFO -com.ctaf.accelerators.TestEngine:Able to click on By.xpath: //*[@label='SADAD']
2017-06-07 14:21:58-main--INFO -com.ctaf.accelerators.TestEngine:Able to click on Purchase
2017-06-07 14:22:53-main--INFO -com.ctaf.accelerators.TestEngine:Current Test : TC_05_oneWayDomesticEconomy_RUH_TIF
2017-06-07 14:23:01-main--INFO -com.ctaf.accelerators.TestEngine:Able to click on By.xpath: //*[@label='Book flights']
2017-06-07 14:23:11-main--INFO -com.ctaf.accelerators.TestEngine:Able to click on By.xpath: //*[@label='One-way']
2017-06-07 14:23:22-main--INFO -com.ctaf.accelerators.TestEngine:Able to click on By.xpath: //XCUIElementTypeOther[3]/XCUIElementTypeOther[1]/XCUIElementTypeButton
2017-06-07 14:23:27-main--INFO -com.ctaf.accelerators.TestEngine:Able to click on Search
2017-06-07 14:23:34-main--INFO -com.ctaf.accelerators.TestEngine:Typing is performed on Origin
2017-06-07 14:23:37-main--INFO -com.ctaf.accelerators.TestEngine:Able to click on RUH
2017-06-07 14:23:43-main--INFO -com.ctaf.accelerators.TestEngine:Typing is performed on Destination
2017-06-07 14:23:46-main--INFO -com.ctaf.accelerators.TestEngine:Able to click on TIF
2017-06-07 14:23:49-main--INFO -com.ctaf.accelerators.TestEngine:Able to click on Find Flights
2017-06-07 14:24:54-main--INFO -com.ctaf.accelerators.TestEngine:Able to click on By.xpath: //XCUIElementTypeTable/XCUIElementTypeCell[1]/XCUIElementTypeButton[3]
2017-06-07 14:25:23-main--INFO -com.ctaf.accelerators.TestEngine:Able to click on By.xpath: //*[@label='Continue to Select Extras']
2017-06-07 14:30:26-main--INFO -com.ctaf.accelerators.TestEngine: Able to get TscreenShot
2017-06-07 14:30:47-main--INFO -com.ctaf.accelerators.TestEngine:Current Test : TC_06_oneWayDomesticEconomy_RUH_HAS
2017-06-07 14:30:55-main--INFO -com.ctaf.accelerators.TestEngine:Able to click on By.xpath: //*[@label='Book flights']
2017-06-07 14:31:05-main--INFO -com.ctaf.accelerators.TestEngine:Able to click on By.xpath: //*[@label='One-way']
2017-06-07 14:31:16-main--INFO -com.ctaf.accelerators.TestEngine:Able to click on By.xpath: //XCUIElementTypeOther[3]/XCUIElementTypeOther[1]/XCUIElementTypeButton
2017-06-07 14:31:21-main--INFO -com.ctaf.accelerators.TestEngine:Able to click on Search
2017-06-07 14:31:28-main--INFO -com.ctaf.accelerators.TestEngine:Typing is performed on Origin
2017-06-07 14:31:30-main--INFO -com.ctaf.accelerators.TestEngine:Able to click on RUH
2017-06-07 14:31:37-main--INFO -com.ctaf.accelerators.TestEngine:Typing is performed on Destination
2017-06-07 14:31:40-main--INFO -com.ctaf.accelerators.TestEngine:Able to click on HAS
2017-06-07 14:31:43-main--INFO -com.ctaf.accelerators.TestEngine:Able to click on Find Flights
2017-06-07 14:32:16-main--INFO -com.ctaf.accelerators.TestEngine:Able to click on By.xpath: //XCUIElementTypeTable/XCUIElementTypeCell[1]/XCUIElementTypeButton[3]
2017-06-07 14:32:45-main--INFO -com.ctaf.accelerators.TestEngine:Able to click on By.xpath: //*[@label='Continue to Select Extras']
2017-06-07 14:33:10-main--INFO -com.ctaf.accelerators.TestEngine:Able to click on By.xpath: //*[@label='Continue to Select Seat']
2017-06-07 14:33:21-main--INFO -com.ctaf.accelerators.TestEngine:Able to click on By.xpath: //*[@label='Continue to Payment']
2017-06-07 14:33:38-main--INFO -com.ctaf.accelerators.TestEngine:Able to click on By.xpath: //*[@label='SADAD']
2017-06-07 14:33:50-main--INFO -com.ctaf.accelerators.TestEngine:Able to click on Purchase
2017-06-07 14:34:44-main--INFO -com.ctaf.accelerators.TestEngine:Current Test : TC_07_oneWayDomesticEconomy_RUH_TUU
2017-06-07 14:34:51-main--INFO -com.ctaf.accelerators.TestEngine:Able to click on By.xpath: //*[@label='Book flights']
2017-06-07 14:35:01-main--INFO -com.ctaf.accelerators.TestEngine:Able to click on By.xpath: //*[@label='One-way']
2017-06-07 14:35:12-main--INFO -com.ctaf.accelerators.TestEngine:Able to click on By.xpath: //XCUIElementTypeOther[3]/XCUIElementTypeOther[1]/XCUIElementTypeButton
2017-06-07 14:35:17-main--INFO -com.ctaf.accelerators.TestEngine:Able to click on Search
2017-06-07 14:35:24-main--INFO -com.ctaf.accelerators.TestEngine:Typing is performed on Origin
2017-06-07 14:35:27-main--INFO -com.ctaf.accelerators.TestEngine:Able to click on RUH
2017-06-07 14:35:34-main--INFO -com.ctaf.accelerators.TestEngine:Typing is performed on Destination
2017-06-07 14:35:36-main--INFO -com.ctaf.accelerators.TestEngine:Able to click on TUU
2017-06-07 14:35:39-main--INFO -com.ctaf.accelerators.TestEngine:Able to click on Find Flights
2017-06-07 14:37:20-main--INFO -com.ctaf.accelerators.TestEngine:Able to click on By.xpath: //XCUIElementTypeTable/XCUIElementTypeCell[1]/XCUIElementTypeButton[3]
2017-06-07 14:37:50-main--INFO -com.ctaf.accelerators.TestEngine:Able to click on By.xpath: //*[@label='Continue to Select Extras']
2017-06-07 14:38:15-main--INFO -com.ctaf.accelerators.TestEngine:Able to click on By.xpath: //*[@label='Continue to Select Seat']
2017-06-07 14:38:27-main--INFO -com.ctaf.accelerators.TestEngine:Able to click on By.xpath: //*[@label='Continue to Payment']
2017-06-07 14:38:44-main--INFO -com.ctaf.accelerators.TestEngine:Able to click on By.xpath: //*[@label='SADAD']
2017-06-07 14:38:56-main--INFO -com.ctaf.accelerators.TestEngine:Able to click on Purchase
2017-06-07 14:39:51-main--INFO -com.ctaf.accelerators.TestEngine:Current Test : TC_08_oneWayDomesticEconomy_RUH_URY
2017-06-07 14:39:58-main--INFO -com.ctaf.accelerators.TestEngine:Able to click on By.xpath: //*[@label='Book flights']
2017-06-07 14:40:09-main--INFO -com.ctaf.accelerators.TestEngine:Able to click on By.xpath: //*[@label='One-way']
2017-06-07 14:40:19-main--INFO -com.ctaf.accelerators.TestEngine:Able to click on By.xpath: //XCUIElementTypeOther[3]/XCUIElementTypeOther[1]/XCUIElementTypeButton
2017-06-07 14:40:25-main--INFO -com.ctaf.accelerators.TestEngine:Able to click on Search
2017-06-07 14:40:31-main--INFO -com.ctaf.accelerators.TestEngine:Typing is performed on Origin
2017-06-07 14:40:34-main--INFO -com.ctaf.accelerators.TestEngine:Able to click on RUH
2017-06-07 14:40:41-main--INFO -com.ctaf.accelerators.TestEngine:Typing is performed on Destination
2017-06-07 14:40:43-main--INFO -com.ctaf.accelerators.TestEngine:Able to click on URY
2017-06-07 14:40:46-main--INFO -com.ctaf.accelerators.TestEngine:Able to click on Find Flights
2017-06-07 14:41:33-main--INFO -com.ctaf.accelerators.TestEngine:Able to click on By.xpath: //*[@label='icn arrow right red']
2017-06-07 14:42:02-main--INFO -com.ctaf.accelerators.TestEngine:Able to click on By.xpath: //*[@label='icn arrow right red']
2017-06-07 14:42:36-main--INFO -com.ctaf.accelerators.TestEngine:Able to click on By.xpath: //XCUIElementTypeTable/XCUIElementTypeCell[1]/XCUIElementTypeButton[3]
2017-06-07 14:43:05-main--INFO -com.ctaf.accelerators.TestEngine:Able to click on By.xpath: //*[@label='Continue to Select Extras']
2017-06-07 14:43:30-main--INFO -com.ctaf.accelerators.TestEngine:Able to click on By.xpath: //*[@label='Continue to Select Seat']
2017-06-07 14:43:42-main--INFO -com.ctaf.accelerators.TestEngine:Able to click on By.xpath: //*[@label='Continue to Payment']
2017-06-07 14:44:00-main--INFO -com.ctaf.accelerators.TestEngine:Able to click on By.xpath: //*[@label='SADAD']
2017-06-07 14:44:12-main--INFO -com.ctaf.accelerators.TestEngine:Able to click on Purchase
2017-06-07 14:45:19-main--INFO -com.ctaf.accelerators.TestEngine:Current Test : TC_09_oneWayDomesticEconomy_RUH_AJF
2017-06-07 14:45:26-main--INFO -com.ctaf.accelerators.TestEngine:Able to click on By.xpath: //*[@label='Book flights']
2017-06-07 14:45:37-main--INFO -com.ctaf.accelerators.TestEngine:Able to click on By.xpath: //*[@label='One-way']
2017-06-07 14:45:47-main--INFO -com.ctaf.accelerators.TestEngine:Able to click on By.xpath: //XCUIElementTypeOther[3]/XCUIElementTypeOther[1]/XCUIElementTypeButton
2017-06-07 14:45:52-main--INFO -com.ctaf.accelerators.TestEngine:Able to click on Search
2017-06-07 14:45:59-main--INFO -com.ctaf.accelerators.TestEngine:Typing is performed on Origin
2017-06-07 14:46:02-main--INFO -com.ctaf.accelerators.TestEngine:Able to click on RUH
2017-06-07 14:46:08-main--INFO -com.ctaf.accelerators.TestEngine:Typing is performed on Destination
2017-06-07 14:46:11-main--INFO -com.ctaf.accelerators.TestEngine:Able to click on AJF
2017-06-07 14:46:14-main--INFO -com.ctaf.accelerators.TestEngine:Able to click on Find Flights
2017-06-07 14:46:47-main--INFO -com.ctaf.accelerators.TestEngine:Able to click on By.xpath: //XCUIElementTypeTable/XCUIElementTypeCell[1]/XCUIElementTypeButton[3]
2017-06-07 14:47:16-main--INFO -com.ctaf.accelerators.TestEngine:Able to click on By.xpath: //*[@label='Continue to Select Extras']
2017-06-07 14:47:41-main--INFO -com.ctaf.accelerators.TestEngine:Able to click on By.xpath: //*[@label='Continue to Select Seat']
2017-06-07 14:47:53-main--INFO -com.ctaf.accelerators.TestEngine:Able to click on By.xpath: //*[@label='Continue to Payment']
2017-06-07 14:48:10-main--INFO -com.ctaf.accelerators.TestEngine:Able to click on By.xpath: //*[@label='SADAD']
2017-06-07 14:48:22-main--INFO -com.ctaf.accelerators.TestEngine:Able to click on Purchase
2017-06-07 14:49:17-main--INFO -com.ctaf.accelerators.TestEngine:Current Test : TC_10_oneWayDomesticEconomy_RUH_ABT
2017-06-07 14:49:25-main--INFO -com.ctaf.accelerators.TestEngine:Able to click on By.xpath: //*[@label='Book flights']
2017-06-07 14:49:35-main--INFO -com.ctaf.accelerators.TestEngine:Able to click on By.xpath: //*[@label='One-way']
2017-06-07 14:49:45-main--INFO -com.ctaf.accelerators.TestEngine:Able to click on By.xpath: //XCUIElementTypeOther[3]/XCUIElementTypeOther[1]/XCUIElementTypeButton
2017-06-07 14:49:51-main--INFO -com.ctaf.accelerators.TestEngine:Able to click on Search
2017-06-07 14:49:57-main--INFO -com.ctaf.accelerators.TestEngine:Typing is performed on Origin
2017-06-07 14:50:00-main--INFO -com.ctaf.accelerators.TestEngine:Able to click on RUH
2017-06-07 14:50:07-main--INFO -com.ctaf.accelerators.TestEngine:Typing is performed on Destination
2017-06-07 14:50:09-main--INFO -com.ctaf.accelerators.TestEngine:Able to click on ABT
2017-06-07 14:50:12-main--INFO -com.ctaf.accelerators.TestEngine:Able to click on Find Flights
2017-06-07 14:50:46-main--INFO -com.ctaf.accelerators.TestEngine:Able to click on By.xpath: //XCUIElementTypeTable/XCUIElementTypeCell[1]/XCUIElementTypeButton[3]
2017-06-07 14:51:15-main--INFO -com.ctaf.accelerators.TestEngine:Able to click on By.xpath: //*[@label='Continue to Select Extras']
2017-06-07 14:51:40-main--INFO -com.ctaf.accelerators.TestEngine:Able to click on By.xpath: //*[@label='Continue to Select Seat']
2017-06-07 14:51:51-main--INFO -com.ctaf.accelerators.TestEngine:Able to click on By.xpath: //*[@label='Continue to Payment']
2017-06-07 14:52:09-main--INFO -com.ctaf.accelerators.TestEngine:Able to click on By.xpath: //*[@label='SADAD']
2017-06-07 14:52:21-main--INFO -com.ctaf.accelerators.TestEngine:Able to click on Purchase
2017-06-07 14:53:15-main--INFO -com.ctaf.accelerators.TestEngine:Current Test : TC_11_roundTripDomesticEconomy_JED_DMM
2017-06-07 14:53:22-main--INFO -com.ctaf.accelerators.TestEngine:Able to click on By.xpath: //*[@label='Book flights']
2017-06-07 14:53:32-main--INFO -com.ctaf.accelerators.TestEngine:Able to click on By.xpath: //*[@label='Return']
2017-06-07 14:53:43-main--INFO -com.ctaf.accelerators.TestEngine:Able to click on By.xpath: //XCUIElementTypeOther[3]/XCUIElementTypeOther[1]/XCUIElementTypeButton
2017-06-07 14:53:48-main--INFO -com.ctaf.accelerators.TestEngine:Able to click on Search
2017-06-07 14:53:55-main--INFO -com.ctaf.accelerators.TestEngine:Typing is performed on Origin
2017-06-07 14:53:57-main--INFO -com.ctaf.accelerators.TestEngine:Able to click on JED
2017-06-07 14:54:04-main--INFO -com.ctaf.accelerators.TestEngine:Typing is performed on Destination
2017-06-07 14:54:07-main--INFO -com.ctaf.accelerators.TestEngine:Able to click on DMM
2017-06-07 14:54:10-main--INFO -com.ctaf.accelerators.TestEngine:Able to click on Find Flights
2017-06-07 14:55:22-main--INFO -com.ctaf.accelerators.TestEngine:Able to click on By.xpath: //*[@label='icn arrow right red']
2017-06-07 14:56:38-main--INFO -com.ctaf.accelerators.TestEngine:Able to click on By.xpath: //*[@label='icn arrow right red']
2017-06-07 14:57:57-main--INFO -com.ctaf.accelerators.TestEngine:Able to click on By.xpath: //*[@label='icn arrow right red']
2017-06-07 14:59:23-main--INFO -com.ctaf.accelerators.TestEngine:Able to click on By.xpath: //*[@label='icn arrow right red']
2017-06-07 15:00:50-main--INFO -com.ctaf.accelerators.TestEngine:Able to click on By.xpath: //*[@label='icn arrow right red']
2017-06-07 15:02:13-main--INFO -com.ctaf.accelerators.TestEngine:Able to click on By.xpath: //*[@label='icn arrow right red']
2017-06-07 15:03:34-main--INFO -com.ctaf.accelerators.TestEngine:Able to click on By.xpath: //*[@label='icn arrow right red']
2017-06-07 15:05:01-main--INFO -com.ctaf.accelerators.TestEngine:Able to click on By.xpath: //*[@label='icn arrow right red']
2017-06-07 15:06:24-main--INFO -com.ctaf.accelerators.TestEngine:Able to click on By.xpath: //*[@label='icn arrow right red']
2017-06-07 15:07:46-main--INFO -com.ctaf.accelerators.TestEngine:Able to click on By.xpath: //*[@label='icn arrow right red']
2017-06-07 15:09:13-main--INFO -com.ctaf.accelerators.TestEngine:Able to click on By.xpath: //*[@label='icn arrow right red']
2017-06-07 15:10:42-main--INFO -com.ctaf.accelerators.TestEngine:Able to click on By.xpath: //*[@label='icn arrow right red']
2017-06-07 15:12:06-main--INFO -com.ctaf.accelerators.TestEngine:Able to click on By.xpath: //*[@label='icn arrow right red']
2017-06-07 15:13:28-main--INFO -com.ctaf.accelerators.TestEngine:Able to click on By.xpath: //*[@label='icn arrow right red']
2017-06-07 15:14:56-main--INFO -com.ctaf.accelerators.TestEngine:Able to click on By.xpath: //*[@label='icn arrow right red']
2017-06-07 15:16:19-main--INFO -com.ctaf.accelerators.TestEngine:Able to click on By.xpath: //*[@label='icn arrow right red']
2017-06-07 15:17:42-main--INFO -com.ctaf.accelerators.TestEngine:Able to click on By.xpath: //*[@label='icn arrow right red']
2017-06-07 15:19:10-main--INFO -com.ctaf.accelerators.TestEngine:Able to click on By.xpath: //*[@label='icn arrow right red']
2017-06-07 15:20:40-main--INFO -com.ctaf.accelerators.TestEngine:Able to click on By.xpath: //*[@label='icn arrow right red']
2017-06-07 15:22:05-main--INFO -com.ctaf.accelerators.TestEngine:Able to click on By.xpath: //*[@label='icn arrow right red']
2017-06-07 15:23:27-main--INFO -com.ctaf.accelerators.TestEngine:Able to click on By.xpath: //*[@label='icn arrow right red']
2017-06-07 15:24:55-main--INFO -com.ctaf.accelerators.TestEngine:Able to click on By.xpath: //*[@label='icn arrow right red']
2017-06-07 15:26:20-main--INFO -com.ctaf.accelerators.TestEngine:Able to click on By.xpath: //*[@label='icn arrow right red']
2017-06-07 15:27:42-main--INFO -com.ctaf.accelerators.TestEngine:Able to click on By.xpath: //*[@label='icn arrow right red']
2017-06-07 15:29:10-main--INFO -com.ctaf.accelerators.TestEngine:Able to click on By.xpath: //*[@label='icn arrow right red']
2017-06-07 15:30:40-main--INFO -com.ctaf.accelerators.TestEngine:Able to click on By.xpath: //*[@label='icn arrow right red']
2017-06-07 15:32:05-main--INFO -com.ctaf.accelerators.TestEngine:Able to click on By.xpath: //*[@label='icn arrow right red']
2017-06-07 15:33:27-main--INFO -com.ctaf.accelerators.TestEngine:Able to click on By.xpath: //*[@label='icn arrow right red']
2017-06-07 15:34:55-main--INFO -com.ctaf.accelerators.TestEngine:Able to click on By.xpath: //*[@label='icn arrow right red']
2017-06-07 15:36:20-main--INFO -com.ctaf.accelerators.TestEngine:Able to click on By.xpath: //*[@label='icn arrow right red']
2017-06-07 15:37:42-main--INFO -com.ctaf.accelerators.TestEngine:Able to click on By.xpath: //*[@label='icn arrow right red']
2017-06-07 15:39:10-main--INFO -com.ctaf.accelerators.TestEngine:Able to click on By.xpath: //*[@label='icn arrow right red']
2017-06-07 15:40:40-main--INFO -com.ctaf.accelerators.TestEngine:Able to click on By.xpath: //*[@label='icn arrow right red']
2017-06-07 15:42:04-main--INFO -com.ctaf.accelerators.TestEngine:Able to click on By.xpath: //*[@label='icn arrow right red']
2017-06-07 15:43:27-main--INFO -com.ctaf.accelerators.TestEngine:Able to click on By.xpath: //*[@label='icn arrow right red']
2017-06-07 15:44:55-main--INFO -com.ctaf.accelerators.TestEngine:Able to click on By.xpath: //*[@label='icn arrow right red']
2017-06-07 15:46:20-main--INFO -com.ctaf.accelerators.TestEngine:Able to click on By.xpath: //*[@label='icn arrow right red']
2017-06-07 15:47:42-main--INFO -com.ctaf.accelerators.TestEngine:Able to click on By.xpath: //*[@label='icn arrow right red']
2017-06-07 15:49:10-main--INFO -com.ctaf.accelerators.TestEngine:Able to click on By.xpath: //*[@label='icn arrow right red']
2017-06-07 15:50:41-main--INFO -com.ctaf.accelerators.TestEngine:Able to click on By.xpath: //*[@label='icn arrow right red']
2017-06-07 15:52:05-main--INFO -com.ctaf.accelerators.TestEngine:Able to click on By.xpath: //*[@label='icn arrow right red']
2017-06-07 15:53:27-main--INFO -com.ctaf.accelerators.TestEngine:Able to click on By.xpath: //*[@label='icn arrow right red']
2017-06-07 15:54:55-main--INFO -com.ctaf.accelerators.TestEngine:Able to click on By.xpath: //*[@label='icn arrow right red']
2017-06-07 15:56:20-main--INFO -com.ctaf.accelerators.TestEngine:Able to click on By.xpath: //*[@label='icn arrow right red']
2017-06-07 15:57:42-main--INFO -com.ctaf.accelerators.TestEngine:Able to click on By.xpath: //*[@label='icn arrow right red']
2017-06-07 15:59:10-main--INFO -com.ctaf.accelerators.TestEngine:Able to click on By.xpath: //*[@label='icn arrow right red']
2017-06-07 16:00:41-main--INFO -com.ctaf.accelerators.TestEngine:Able to click on By.xpath: //*[@label='icn arrow right red']
2017-06-07 16:02:06-main--INFO -com.ctaf.accelerators.TestEngine:Able to click on By.xpath: //*[@label='icn arrow right red']
2017-06-07 16:03:28-main--INFO -com.ctaf.accelerators.TestEngine:Able to click on By.xpath: //*[@label='icn arrow right red']
2017-06-07 16:04:56-main--INFO -com.ctaf.accelerators.TestEngine:Able to click on By.xpath: //*[@label='icn arrow right red']
2017-06-07 16:06:20-main--INFO -com.ctaf.accelerators.TestEngine:Able to click on By.xpath: //*[@label='icn arrow right red']
2017-06-07 16:07:43-main--INFO -com.ctaf.accelerators.TestEngine:Able to click on By.xpath: //*[@label='icn arrow right red']
2017-06-07 16:09:12-main--INFO -com.ctaf.accelerators.TestEngine:Able to click on By.xpath: //*[@label='icn arrow right red']
2017-06-07 16:10:42-main--INFO -com.ctaf.accelerators.TestEngine:Able to click on By.xpath: //*[@label='icn arrow right red']
2017-06-07 16:12:06-main--INFO -com.ctaf.accelerators.TestEngine:Able to click on By.xpath: //*[@label='icn arrow right red']
2017-06-07 16:13:29-main--INFO -com.ctaf.accelerators.TestEngine:Able to click on By.xpath: //*[@label='icn arrow right red']
2017-06-07 16:14:58-main--INFO -com.ctaf.accelerators.TestEngine:Able to click on By.xpath: //*[@label='icn arrow right red']
2017-06-07 16:16:22-main--INFO -com.ctaf.accelerators.TestEngine:Able to click on By.xpath: //*[@label='icn arrow right red']
2017-06-07 16:17:45-main--INFO -com.ctaf.accelerators.TestEngine:Able to click on By.xpath: //*[@label='icn arrow right red']
2017-06-07 16:20:11-main--INFO -com.ctaf.accelerators.TestEngine:Starting browser : iphone
2017-06-07 16:21:00-main--INFO -com.ctaf.accelerators.TestEngine:Current Test : TC_11_roundTripDomesticEconomy_JED_DMM
2017-06-07 16:21:08-main--INFO -com.ctaf.accelerators.TestEngine:Able to click on By.xpath: //*[@label='Book flights']
2017-06-07 16:21:18-main--INFO -com.ctaf.accelerators.TestEngine:Able to click on By.xpath: //*[@label='Return']
2017-06-07 16:21:28-main--INFO -com.ctaf.accelerators.TestEngine:Able to click on By.xpath: //XCUIElementTypeOther[3]/XCUIElementTypeOther[1]/XCUIElementTypeButton
2017-06-07 16:21:34-main--INFO -com.ctaf.accelerators.TestEngine:Able to click on Search
2017-06-07 16:21:41-main--INFO -com.ctaf.accelerators.TestEngine:Typing is performed on Origin
2017-06-07 16:21:43-main--INFO -com.ctaf.accelerators.TestEngine:Able to click on JED
2017-06-07 16:21:50-main--INFO -com.ctaf.accelerators.TestEngine:Typing is performed on Destination
2017-06-07 16:21:53-main--INFO -com.ctaf.accelerators.TestEngine:Able to click on DMM
2017-06-07 16:21:56-main--INFO -com.ctaf.accelerators.TestEngine:Able to click on Find Flights
2017-06-07 16:23:23-main--INFO -com.ctaf.accelerators.TestEngine:Able to click on By.xpath: //*[@label='icn arrow right red']
2017-06-07 16:25:14-main--INFO -com.ctaf.accelerators.TestEngine:Starting browser : iphone
2017-06-07 16:25:57-main--INFO -com.ctaf.accelerators.TestEngine:Current Test : TC_11_roundTripDomesticEconomy_JED_DMM
2017-06-07 16:26:05-main--INFO -com.ctaf.accelerators.TestEngine:Able to click on By.xpath: //*[@label='Book flights']
2017-06-07 16:26:15-main--INFO -com.ctaf.accelerators.TestEngine:Able to click on By.xpath: //*[@label='Return']
2017-06-07 16:26:26-main--INFO -com.ctaf.accelerators.TestEngine:Able to click on By.xpath: //XCUIElementTypeOther[3]/XCUIElementTypeOther[1]/XCUIElementTypeButton
2017-06-07 16:26:31-main--INFO -com.ctaf.accelerators.TestEngine:Able to click on Search
2017-06-07 16:26:38-main--INFO -com.ctaf.accelerators.TestEngine:Typing is performed on Origin
2017-06-07 16:26:40-main--INFO -com.ctaf.accelerators.TestEngine:Able to click on JED
2017-06-07 16:26:47-main--INFO -com.ctaf.accelerators.TestEngine:Typing is performed on Destination
2017-06-07 16:26:50-main--INFO -com.ctaf.accelerators.TestEngine:Able to click on DMM
2017-06-07 16:26:53-main--INFO -com.ctaf.accelerators.TestEngine:Able to click on Find Flights
2017-06-07 16:34:42-main--INFO -com.ctaf.accelerators.TestEngine:Able to click on By.xpath: //XCUIElementTypeTable/XCUIElementTypeCell[1]/XCUIElementTypeButton[3]
2017-06-07 16:43:30-main--INFO -com.ctaf.accelerators.TestEngine:Able to click on By.xpath: //XCUIElementTypeTable/XCUIElementTypeCell[1]/XCUIElementTypeButton[3]
2017-06-07 16:44:04-main--INFO -com.ctaf.accelerators.TestEngine:Starting browser : iphone
2017-06-07 16:44:47-main--INFO -com.ctaf.accelerators.TestEngine:Current Test : TC_11_roundTripDomesticEconomy_JED_DMM
2017-06-07 16:44:54-main--INFO -com.ctaf.accelerators.TestEngine:Able to click on By.xpath: //*[@label='Book flights']
2017-06-07 16:45:05-main--INFO -com.ctaf.accelerators.TestEngine:Able to click on By.xpath: //*[@label='Return']
2017-06-07 16:45:15-main--INFO -com.ctaf.accelerators.TestEngine:Able to click on By.xpath: //XCUIElementTypeOther[3]/XCUIElementTypeOther[1]/XCUIElementTypeButton
2017-06-07 16:45:21-main--INFO -com.ctaf.accelerators.TestEngine:Able to click on Search
2017-06-07 16:45:28-main--INFO -com.ctaf.accelerators.TestEngine:Typing is performed on Origin
2017-06-07 16:45:30-main--INFO -com.ctaf.accelerators.TestEngine:Able to click on JED
2017-06-07 16:45:37-main--INFO -com.ctaf.accelerators.TestEngine:Typing is performed on Destination
2017-06-07 16:45:40-main--INFO -com.ctaf.accelerators.TestEngine:Able to click on DMM
2017-06-07 16:45:43-main--INFO -com.ctaf.accelerators.TestEngine:Able to click on Find Flights
2017-06-07 16:47:54-main--INFO -com.ctaf.accelerators.TestEngine:Able to click on By.xpath: //XCUIElementTypeTable/XCUIElementTypeCell[1]/XCUIElementTypeButton[3]
2017-06-07 16:49:31-main--INFO -com.ctaf.accelerators.TestEngine:Able to click on By.xpath: //XCUIElementTypeTable/XCUIElementTypeCell[1]/XCUIElementTypeButton[3]
2017-06-07 16:50:03-main--INFO -com.ctaf.accelerators.TestEngine:Able to click on By.xpath: //*[@label='Continue to Select Extras']
2017-06-07 16:50:35-main--INFO -com.ctaf.accelerators.TestEngine:Able to click on By.xpath: //*[@label='Continue to Select Seat']
2017-06-07 16:52:50-main--INFO -com.ctaf.accelerators.TestEngine:Able to click on By.xpath: //*[@label='Continue to Payment']
2017-06-07 16:53:24-main--INFO -com.ctaf.accelerators.TestEngine:Able to click on By.xpath: //*[@label='SADAD']
2017-06-07 16:53:37-main--INFO -com.ctaf.accelerators.TestEngine:Able to click on Purchase
2017-06-07 16:54:36-main--INFO -com.ctaf.accelerators.TestEngine:Current Test : TC_12_roundTripDomesticEconomy_JED_GIZ
2017-06-07 16:54:44-main--INFO -com.ctaf.accelerators.TestEngine:Able to click on By.xpath: //*[@label='Book flights']
2017-06-07 16:54:54-main--INFO -com.ctaf.accelerators.TestEngine:Able to click on By.xpath: //*[@label='Return']
2017-06-07 16:55:05-main--INFO -com.ctaf.accelerators.TestEngine:Able to click on By.xpath: //XCUIElementTypeOther[3]/XCUIElementTypeOther[1]/XCUIElementTypeButton
2017-06-07 16:55:10-main--INFO -com.ctaf.accelerators.TestEngine:Able to click on Search
2017-06-07 16:55:17-main--INFO -com.ctaf.accelerators.TestEngine:Typing is performed on Origin
2017-06-07 16:55:19-main--INFO -com.ctaf.accelerators.TestEngine:Able to click on JED
2017-06-07 16:55:26-main--INFO -com.ctaf.accelerators.TestEngine:Typing is performed on Destination
2017-06-07 16:55:29-main--INFO -com.ctaf.accelerators.TestEngine:Able to click on GIZ
2017-06-07 16:55:32-main--INFO -com.ctaf.accelerators.TestEngine:Able to click on Find Flights
2017-06-07 16:57:06-main--INFO -com.ctaf.accelerators.TestEngine:Able to click on By.xpath: //XCUIElementTypeTable/XCUIElementTypeCell[1]/XCUIElementTypeButton[3]
2017-06-07 16:58:21-main--INFO -com.ctaf.accelerators.TestEngine:Able to click on By.xpath: //XCUIElementTypeTable/XCUIElementTypeCell[1]/XCUIElementTypeButton[3]
2017-06-07 16:58:52-main--INFO -com.ctaf.accelerators.TestEngine:Able to click on By.xpath: //*[@label='Continue to Select Extras']
2017-06-07 16:59:24-main--INFO -com.ctaf.accelerators.TestEngine:Able to click on By.xpath: //*[@label='Continue to Select Seat']
2017-06-07 16:59:38-main--INFO -com.ctaf.accelerators.TestEngine:Able to click on By.xpath: //*[@label='Continue to Payment']
2017-06-07 16:59:56-main--INFO -com.ctaf.accelerators.TestEngine:Able to click on By.xpath: //*[@label='SADAD']
2017-06-07 17:00:09-main--INFO -com.ctaf.accelerators.TestEngine:Able to click on Purchase
2017-06-07 17:01:15-main--INFO -com.ctaf.accelerators.TestEngine:Current Test : TC_13_roundTripDomesticEconomy_JED_MED
2017-06-07 17:01:23-main--INFO -com.ctaf.accelerators.TestEngine:Able to click on By.xpath: //*[@label='Book flights']
2017-06-07 17:01:33-main--INFO -com.ctaf.accelerators.TestEngine:Able to click on By.xpath: //*[@label='Return']
2017-06-07 17:01:44-main--INFO -com.ctaf.accelerators.TestEngine:Able to click on By.xpath: //XCUIElementTypeOther[3]/XCUIElementTypeOther[1]/XCUIElementTypeButton
2017-06-07 17:01:49-main--INFO -com.ctaf.accelerators.TestEngine:Able to click on Search
2017-06-07 17:01:56-main--INFO -com.ctaf.accelerators.TestEngine:Typing is performed on Origin
2017-06-07 17:01:59-main--INFO -com.ctaf.accelerators.TestEngine:Able to click on JED
2017-06-07 17:02:05-main--INFO -com.ctaf.accelerators.TestEngine:Typing is performed on Destination
2017-06-07 17:02:08-main--INFO -com.ctaf.accelerators.TestEngine:Able to click on MED
2017-06-07 17:02:11-main--INFO -com.ctaf.accelerators.TestEngine:Able to click on Find Flights
2017-06-07 17:03:45-main--INFO -com.ctaf.accelerators.TestEngine:Able to click on By.xpath: //XCUIElementTypeTable/XCUIElementTypeCell[1]/XCUIElementTypeButton[3]
2017-06-07 17:04:53-main--INFO -com.ctaf.accelerators.TestEngine:Able to click on By.xpath: //XCUIElementTypeTable/XCUIElementTypeCell[1]/XCUIElementTypeButton[3]
2017-06-07 17:05:24-main--INFO -com.ctaf.accelerators.TestEngine:Able to click on By.xpath: //*[@label='Continue to Select Extras']
2017-06-07 17:05:56-main--INFO -com.ctaf.accelerators.TestEngine:Able to click on By.xpath: //*[@label='Continue to Select Seat']
2017-06-07 17:08:12-main--INFO -com.ctaf.accelerators.TestEngine:Able to click on By.xpath: //*[@label='Continue to Payment']
2017-06-07 17:08:46-main--INFO -com.ctaf.accelerators.TestEngine:Able to click on By.xpath: //*[@label='SADAD']
2017-06-07 17:08:58-main--INFO -com.ctaf.accelerators.TestEngine:Able to click on Purchase
2017-06-07 17:09:57-main--INFO -com.ctaf.accelerators.TestEngine:Current Test : TC_14_roundTripDomesticEconomy_JED_AHB
2017-06-07 17:10:05-main--INFO -com.ctaf.accelerators.TestEngine:Able to click on By.xpath: //*[@label='Book flights']
2017-06-07 17:10:15-main--INFO -com.ctaf.accelerators.TestEngine:Able to click on By.xpath: //*[@label='Return']
2017-06-07 17:10:26-main--INFO -com.ctaf.accelerators.TestEngine:Able to click on By.xpath: //XCUIElementTypeOther[3]/XCUIElementTypeOther[1]/XCUIElementTypeButton
2017-06-07 17:10:31-main--INFO -com.ctaf.accelerators.TestEngine:Able to click on Search
2017-06-07 17:10:38-main--INFO -com.ctaf.accelerators.TestEngine:Typing is performed on Origin
2017-06-07 17:10:41-main--INFO -com.ctaf.accelerators.TestEngine:Able to click on JED
2017-06-07 17:10:48-main--INFO -com.ctaf.accelerators.TestEngine:Typing is performed on Destination
2017-06-07 17:10:50-main--INFO -com.ctaf.accelerators.TestEngine:Able to click on AHB
2017-06-07 17:10:53-main--INFO -com.ctaf.accelerators.TestEngine:Able to click on Find Flights
2017-06-07 17:12:39-main--INFO -com.ctaf.accelerators.TestEngine:Able to click on By.xpath: //XCUIElementTypeTable/XCUIElementTypeCell[1]/XCUIElementTypeButton[3]
2017-06-07 17:13:26-main--INFO -com.ctaf.accelerators.TestEngine:Able to click on By.xpath: //XCUIElementTypeTable/XCUIElementTypeCell[1]/XCUIElementTypeButton[3]
2017-06-07 17:13:58-main--INFO -com.ctaf.accelerators.TestEngine:Able to click on By.xpath: //*[@label='Continue to Select Extras']
2017-06-07 17:15:19-main--INFO -com.ctaf.accelerators.TestEngine:Able to click on By.xpath: //*[@label='Continue to Select Seat']
2017-06-07 17:18:33-main--INFO -com.ctaf.accelerators.TestEngine:Starting browser : iphone
2017-06-07 17:19:15-main--INFO -com.ctaf.accelerators.TestEngine:Current Test : TC_14_roundTripDomesticEconomy_JED_AHB
2017-06-07 17:19:22-main--INFO -com.ctaf.accelerators.TestEngine:Able to click on By.xpath: //*[@label='Book flights']
2017-06-07 17:19:33-main--INFO -com.ctaf.accelerators.TestEngine:Able to click on By.xpath: //*[@label='Return']
2017-06-07 17:19:43-main--INFO -com.ctaf.accelerators.TestEngine:Able to click on By.xpath: //XCUIElementTypeOther[3]/XCUIElementTypeOther[1]/XCUIElementTypeButton
2017-06-07 17:19:49-main--INFO -com.ctaf.accelerators.TestEngine:Able to click on Search
2017-06-07 17:19:56-main--INFO -com.ctaf.accelerators.TestEngine:Typing is performed on Origin
2017-06-07 17:19:58-main--INFO -com.ctaf.accelerators.TestEngine:Able to click on JED
2017-06-07 17:20:05-main--INFO -com.ctaf.accelerators.TestEngine:Typing is performed on Destination
2017-06-07 17:20:08-main--INFO -com.ctaf.accelerators.TestEngine:Able to click on AHB
2017-06-07 17:20:11-main--INFO -com.ctaf.accelerators.TestEngine:Able to click on Find Flights
2017-06-07 17:21:57-main--INFO -com.ctaf.accelerators.TestEngine:Able to click on By.xpath: //XCUIElementTypeTable/XCUIElementTypeCell[1]/XCUIElementTypeButton[3]
2017-06-07 17:22:44-main--INFO -com.ctaf.accelerators.TestEngine:Able to click on By.xpath: //XCUIElementTypeTable/XCUIElementTypeCell[1]/XCUIElementTypeButton[3]
2017-06-07 17:23:14-main--INFO -com.ctaf.accelerators.TestEngine:Able to click on By.xpath: //*[@label='Continue to Select Extras']
2017-06-07 17:23:46-main--INFO -com.ctaf.accelerators.TestEngine:Able to click on By.xpath: //*[@label='Continue to Select Seat']
2017-06-07 17:26:01-main--INFO -com.ctaf.accelerators.TestEngine:Able to click on By.xpath: //*[@label='Continue to Payment']
2017-06-07 17:26:35-main--INFO -com.ctaf.accelerators.TestEngine:Able to click on By.xpath: //*[@label='SADAD']
2017-06-07 17:26:47-main--INFO -com.ctaf.accelerators.TestEngine:Able to click on Purchase
2017-06-07 17:27:47-main--INFO -com.ctaf.accelerators.TestEngine:Current Test : TC_15_roundTripDomesticEconomy_JED_TUU
2017-06-07 17:27:55-main--INFO -com.ctaf.accelerators.TestEngine:Able to click on By.xpath: //*[@label='Book flights']
2017-06-07 17:28:05-main--INFO -com.ctaf.accelerators.TestEngine:Able to click on By.xpath: //*[@label='Return']
2017-06-07 17:28:16-main--INFO -com.ctaf.accelerators.TestEngine:Able to click on By.xpath: //XCUIElementTypeOther[3]/XCUIElementTypeOther[1]/XCUIElementTypeButton
2017-06-07 17:28:21-main--INFO -com.ctaf.accelerators.TestEngine:Able to click on Search
2017-06-07 17:28:28-main--INFO -com.ctaf.accelerators.TestEngine:Typing is performed on Origin
2017-06-07 17:28:31-main--INFO -com.ctaf.accelerators.TestEngine:Able to click on JED
2017-06-07 17:28:37-main--INFO -com.ctaf.accelerators.TestEngine:Typing is performed on Destination
2017-06-07 17:28:40-main--INFO -com.ctaf.accelerators.TestEngine:Able to click on TUU
2017-06-07 17:28:43-main--INFO -com.ctaf.accelerators.TestEngine:Able to click on Find Flights
2017-06-07 17:30:23-main--INFO -com.ctaf.accelerators.TestEngine:Able to click on By.xpath: //XCUIElementTypeTable/XCUIElementTypeCell[1]/XCUIElementTypeButton[3]
2017-06-07 17:31:32-main--INFO -com.ctaf.accelerators.TestEngine:Able to click on By.xpath: //XCUIElementTypeTable/XCUIElementTypeCell[1]/XCUIElementTypeButton[3]
2017-06-07 17:32:04-main--INFO -com.ctaf.accelerators.TestEngine:Able to click on By.xpath: //*[@label='Continue to Select Extras']
2017-06-07 17:32:36-main--INFO -com.ctaf.accelerators.TestEngine:Able to click on By.xpath: //*[@label='Continue to Select Seat']
2017-06-07 17:32:50-main--INFO -com.ctaf.accelerators.TestEngine:Able to click on By.xpath: //*[@label='Continue to Payment']
2017-06-07 17:33:09-main--INFO -com.ctaf.accelerators.TestEngine:Able to click on By.xpath: //*[@label='SADAD']
2017-06-07 17:33:21-main--INFO -com.ctaf.accelerators.TestEngine:Able to click on Purchase
2017-06-07 17:34:21-main--INFO -com.ctaf.accelerators.TestEngine:Current Test : TC_16_roundTripDomesticEconomy_JED_ELQ
2017-06-07 17:34:29-main--INFO -com.ctaf.accelerators.TestEngine:Able to click on By.xpath: //*[@label='Book flights']
2017-06-07 17:34:39-main--INFO -com.ctaf.accelerators.TestEngine:Able to click on By.xpath: //*[@label='Return']
2017-06-07 17:34:50-main--INFO -com.ctaf.accelerators.TestEngine:Able to click on By.xpath: //XCUIElementTypeOther[3]/XCUIElementTypeOther[1]/XCUIElementTypeButton
2017-06-07 17:34:55-main--INFO -com.ctaf.accelerators.TestEngine:Able to click on Search
2017-06-07 17:35:02-main--INFO -com.ctaf.accelerators.TestEngine:Typing is performed on Origin
2017-06-07 17:35:05-main--INFO -com.ctaf.accelerators.TestEngine:Able to click on JED
2017-06-07 17:35:11-main--INFO -com.ctaf.accelerators.TestEngine:Typing is performed on Destination
2017-06-07 17:35:14-main--INFO -com.ctaf.accelerators.TestEngine:Able to click on ELQ
2017-06-07 17:35:17-main--INFO -com.ctaf.accelerators.TestEngine:Able to click on Find Flights
2017-06-07 17:36:10-main--INFO -com.ctaf.accelerators.TestEngine:Able to click on By.xpath: //XCUIElementTypeTable/XCUIElementTypeCell[1]/XCUIElementTypeButton[3]
2017-06-07 17:36:49-main--INFO -com.ctaf.accelerators.TestEngine:Able to click on By.xpath: //XCUIElementTypeTable/XCUIElementTypeCell[1]/XCUIElementTypeButton[3]
2017-06-07 17:37:19-main--INFO -com.ctaf.accelerators.TestEngine:Able to click on By.xpath: //*[@label='Continue to Select Extras']
2017-06-07 17:42:34-main--INFO -com.ctaf.accelerators.TestEngine: Able to get TscreenShot
2017-06-07 17:42:55-main--INFO -com.ctaf.accelerators.TestEngine:Current Test : TC_17_roundTripDomesticEconomy_DMM_TIF
2017-06-07 17:43:02-main--INFO -com.ctaf.accelerators.TestEngine:Able to click on By.xpath: //*[@label='Book flights']
2017-06-07 17:43:13-main--INFO -com.ctaf.accelerators.TestEngine:Able to click on By.xpath: //*[@label='Return']
2017-06-07 17:43:23-main--INFO -com.ctaf.accelerators.TestEngine:Able to click on By.xpath: //XCUIElementTypeOther[3]/XCUIElementTypeOther[1]/XCUIElementTypeButton
2017-06-07 17:43:29-main--INFO -com.ctaf.accelerators.TestEngine:Able to click on Search
2017-06-07 17:43:36-main--INFO -com.ctaf.accelerators.TestEngine:Typing is performed on Origin
2017-06-07 17:43:38-main--INFO -com.ctaf.accelerators.TestEngine:Able to click on DMM
2017-06-07 17:43:44-main--INFO -com.ctaf.accelerators.TestEngine:Typing is performed on Destination
2017-06-07 17:43:47-main--INFO -com.ctaf.accelerators.TestEngine:Able to click on TIF
2017-06-07 17:43:50-main--INFO -com.ctaf.accelerators.TestEngine:Able to click on Find Flights
2017-06-07 17:45:07-main--INFO -com.ctaf.accelerators.TestEngine:Able to click on By.xpath: //XCUIElementTypeTable/XCUIElementTypeCell[1]/XCUIElementTypeButton[3]
2017-06-07 17:46:02-main--INFO -com.ctaf.accelerators.TestEngine:Able to click on By.xpath: //XCUIElementTypeTable/XCUIElementTypeCell[1]/XCUIElementTypeButton[3]
2017-06-07 17:46:33-main--INFO -com.ctaf.accelerators.TestEngine:Able to click on By.xpath: //*[@label='Continue to Select Extras']
2017-06-07 17:49:37-main--INFO -com.ctaf.accelerators.TestEngine:Able to click on By.xpath: //*[@label='Continue to Select Seat']
2017-06-07 17:51:09-main--INFO -com.ctaf.accelerators.TestEngine: Able to get TscreenShot
2017-06-07 17:51:31-main--INFO -com.ctaf.accelerators.TestEngine:Current Test : TC_18_roundTripDomesticEconomy_DMM_AHB
2017-06-07 17:51:38-main--INFO -com.ctaf.accelerators.TestEngine:Able to click on By.xpath: //*[@label='Book flights']
2017-06-07 17:51:48-main--INFO -com.ctaf.accelerators.TestEngine:Able to click on By.xpath: //*[@label='Return']
2017-06-07 17:51:59-main--INFO -com.ctaf.accelerators.TestEngine:Able to click on By.xpath: //XCUIElementTypeOther[3]/XCUIElementTypeOther[1]/XCUIElementTypeButton
2017-06-07 17:52:04-main--INFO -com.ctaf.accelerators.TestEngine:Able to click on Search
2017-06-07 17:52:11-main--INFO -com.ctaf.accelerators.TestEngine:Typing is performed on Origin
2017-06-07 17:52:14-main--INFO -com.ctaf.accelerators.TestEngine:Able to click on DMM
2017-06-07 17:52:20-main--INFO -com.ctaf.accelerators.TestEngine:Typing is performed on Destination
2017-06-07 17:52:23-main--INFO -com.ctaf.accelerators.TestEngine:Able to click on AHB
2017-06-07 17:52:26-main--INFO -com.ctaf.accelerators.TestEngine:Able to click on Find Flights
2017-06-07 17:54:06-main--INFO -com.ctaf.accelerators.TestEngine:Able to click on By.xpath: //XCUIElementTypeTable/XCUIElementTypeCell[1]/XCUIElementTypeButton[3]
2017-06-07 17:55:22-main--INFO -com.ctaf.accelerators.TestEngine:Able to click on By.xpath: //XCUIElementTypeTable/XCUIElementTypeCell[1]/XCUIElementTypeButton[3]
2017-06-07 17:55:54-main--INFO -com.ctaf.accelerators.TestEngine:Able to click on By.xpath: //*[@label='Continue to Select Extras']
2017-06-07 17:56:26-main--INFO -com.ctaf.accelerators.TestEngine:Able to click on By.xpath: //*[@label='Continue to Select Seat']
2017-06-07 17:58:41-main--INFO -com.ctaf.accelerators.TestEngine:Able to click on By.xpath: //*[@label='Continue to Payment']
2017-06-07 18:01:17-main--INFO -com.ctaf.accelerators.TestEngine:Able to click on By.xpath: //*[@label='SADAD']
2017-06-07 18:01:29-main--INFO -com.ctaf.accelerators.TestEngine:Able to click on Purchase
2017-06-07 18:02:29-main--INFO -com.ctaf.accelerators.TestEngine:Current Test : TC_19_oundTripDomesticEconomy_DMM_YNB
2017-06-07 18:02:37-main--INFO -com.ctaf.accelerators.TestEngine:Able to click on By.xpath: //*[@label='Book flights']
2017-06-07 18:02:47-main--INFO -com.ctaf.accelerators.TestEngine:Able to click on By.xpath: //*[@label='Return']
2017-06-07 18:02:57-main--INFO -com.ctaf.accelerators.TestEngine:Able to click on By.xpath: //XCUIElementTypeOther[3]/XCUIElementTypeOther[1]/XCUIElementTypeButton
2017-06-07 18:03:03-main--INFO -com.ctaf.accelerators.TestEngine:Able to click on Search
2017-06-07 18:03:10-main--INFO -com.ctaf.accelerators.TestEngine:Typing is performed on Origin
2017-06-07 18:03:12-main--INFO -com.ctaf.accelerators.TestEngine:Able to click on DMM
2017-06-07 18:03:19-main--INFO -com.ctaf.accelerators.TestEngine:Typing is performed on Destination
2017-06-07 18:03:21-main--INFO -com.ctaf.accelerators.TestEngine:Able to click on YNB
2017-06-07 18:03:24-main--INFO -com.ctaf.accelerators.TestEngine:Able to click on Find Flights
2017-06-07 18:03:58-main--INFO -com.ctaf.accelerators.TestEngine:Able to click on By.xpath: //XCUIElementTypeTable/XCUIElementTypeCell[1]/XCUIElementTypeButton[3]
2017-06-07 18:04:44-main--INFO -com.ctaf.accelerators.TestEngine:Able to click on By.xpath: //XCUIElementTypeTable/XCUIElementTypeCell[1]/XCUIElementTypeButton[3]
2017-06-07 18:05:14-main--INFO -com.ctaf.accelerators.TestEngine:Able to click on By.xpath: //*[@label='Continue to Select Extras']
2017-06-07 18:06:54-main--INFO -com.ctaf.accelerators.TestEngine:Able to click on By.xpath: //*[@label='Continue to Select Seat']
2017-06-07 18:07:08-main--INFO -com.ctaf.accelerators.TestEngine:Able to click on By.xpath: //*[@label='Continue to Payment']
2017-06-07 18:07:26-main--INFO -com.ctaf.accelerators.TestEngine:Able to click on By.xpath: //*[@label='SADAD']
2017-06-07 18:07:38-main--INFO -com.ctaf.accelerators.TestEngine:Able to click on Purchase
2017-06-07 18:08:52-main--INFO -com.ctaf.accelerators.TestEngine: Able to get TscreenShot
2017-06-07 18:09:13-main--INFO -com.ctaf.accelerators.TestEngine:Current Test : TC_20_roundTripDomesticEconomy_DMM_MED
2017-06-07 18:09:21-main--INFO -com.ctaf.accelerators.TestEngine:Able to click on By.xpath: //*[@label='Book flights']
2017-06-07 18:09:31-main--INFO -com.ctaf.accelerators.TestEngine:Able to click on By.xpath: //*[@label='Return']
2017-06-07 18:09:42-main--INFO -com.ctaf.accelerators.TestEngine:Able to click on By.xpath: //XCUIElementTypeOther[3]/XCUIElementTypeOther[1]/XCUIElementTypeButton
2017-06-07 18:09:47-main--INFO -com.ctaf.accelerators.TestEngine:Able to click on Search
2017-06-07 18:09:54-main--INFO -com.ctaf.accelerators.TestEngine:Typing is performed on Origin
2017-06-07 18:09:56-main--INFO -com.ctaf.accelerators.TestEngine:Able to click on DMM
2017-06-07 18:10:03-main--INFO -com.ctaf.accelerators.TestEngine:Typing is performed on Destination
2017-06-07 18:10:05-main--INFO -com.ctaf.accelerators.TestEngine:Able to click on MED
2017-06-07 18:10:08-main--INFO -com.ctaf.accelerators.TestEngine:Able to click on Find Flights
2017-06-07 18:12:00-main--INFO -com.ctaf.accelerators.TestEngine:Able to click on By.xpath: //XCUIElementTypeTable/XCUIElementTypeCell[2]/XCUIElementTypeButton[3]
2017-06-07 18:13:07-main--INFO -com.ctaf.accelerators.TestEngine:Able to click on By.xpath: //XCUIElementTypeTable/XCUIElementTypeCell[1]/XCUIElementTypeButton[3]
2017-06-07 18:13:39-main--INFO -com.ctaf.accelerators.TestEngine:Able to click on By.xpath: //*[@label='Continue to Select Extras']
2017-06-07 18:14:12-main--INFO -com.ctaf.accelerators.TestEngine:Able to click on By.xpath: //*[@label='Continue to Select Seat']
2017-06-07 18:14:46-main--INFO -com.ctaf.accelerators.TestEngine:Able to click on By.xpath: //*[@label='Continue to Payment']
2017-06-07 18:15:20-main--INFO -com.ctaf.accelerators.TestEngine:Able to click on By.xpath: //*[@label='SADAD']
2017-06-07 18:15:32-main--INFO -com.ctaf.accelerators.TestEngine:Able to click on Purchase
2017-06-07 18:23:18-main--INFO -com.ctaf.accelerators.TestEngine: Able to get TscreenShot
2017-06-07 18:23:39-main--INFO -com.ctaf.accelerators.TestEngine:Current Test : TC_21_roundTripDomesticEconomy_DMM_GIZ
2017-06-07 18:23:46-main--INFO -com.ctaf.accelerators.TestEngine:Able to click on By.xpath: //*[@label='Book flights']
2017-06-07 18:23:56-main--INFO -com.ctaf.accelerators.TestEngine:Able to click on By.xpath: //*[@label='Return']
2017-06-07 18:24:07-main--INFO -com.ctaf.accelerators.TestEngine:Able to click on By.xpath: //XCUIElementTypeOther[3]/XCUIElementTypeOther[1]/XCUIElementTypeButton
2017-06-07 18:24:12-main--INFO -com.ctaf.accelerators.TestEngine:Able to click on Search
2017-06-07 18:24:19-main--INFO -com.ctaf.accelerators.TestEngine:Typing is performed on Origin
2017-06-07 18:24:22-main--INFO -com.ctaf.accelerators.TestEngine:Able to click on DMM
2017-06-07 18:24:28-main--INFO -com.ctaf.accelerators.TestEngine:Typing is performed on Destination
2017-06-07 18:24:31-main--INFO -com.ctaf.accelerators.TestEngine:Able to click on GIZ
2017-06-07 18:24:34-main--INFO -com.ctaf.accelerators.TestEngine:Able to click on Find Flights
2017-06-07 18:26:11-main--INFO -com.ctaf.accelerators.TestEngine:Able to click on By.xpath: //XCUIElementTypeTable/XCUIElementTypeCell[1]/XCUIElementTypeButton[3]
2017-06-07 18:27:20-main--INFO -com.ctaf.accelerators.TestEngine:Able to click on By.xpath: //XCUIElementTypeTable/XCUIElementTypeCell[1]/XCUIElementTypeButton[3]
2017-06-07 18:27:51-main--INFO -com.ctaf.accelerators.TestEngine:Able to click on By.xpath: //*[@label='Continue to Select Extras']
2017-06-07 18:28:23-main--INFO -com.ctaf.accelerators.TestEngine:Able to click on By.xpath: //*[@label='Continue to Select Seat']
2017-06-07 18:30:38-main--INFO -com.ctaf.accelerators.TestEngine:Able to click on By.xpath: //*[@label='Continue to Payment']
2017-06-07 18:33:14-main--INFO -com.ctaf.accelerators.TestEngine:Able to click on By.xpath: //*[@label='SADAD']
2017-06-07 18:33:27-main--INFO -com.ctaf.accelerators.TestEngine:Able to click on Purchase
2017-06-07 21:57:32-main--INFO -com.ctaf.accelerators.TestEngine:Starting browser : iphone
2017-06-07 21:58:12-main--INFO -com.ctaf.accelerators.TestEngine:Current Test : TC_22_roundTripDomesticEconomy_DMM_ELQ
2017-06-07 21:58:20-main--INFO -com.ctaf.accelerators.TestEngine:Able to click on By.xpath: //*[@label='Book flights']
2017-06-07 21:58:30-main--INFO -com.ctaf.accelerators.TestEngine:Able to click on By.xpath: //*[@label='Return']
2017-06-07 21:58:41-main--INFO -com.ctaf.accelerators.TestEngine:Able to click on By.xpath: //XCUIElementTypeOther[3]/XCUIElementTypeOther[1]/XCUIElementTypeButton
2017-06-07 21:58:46-main--INFO -com.ctaf.accelerators.TestEngine:Able to click on Search
2017-06-07 21:58:53-main--INFO -com.ctaf.accelerators.TestEngine:Typing is performed on Origin
2017-06-07 21:58:56-main--INFO -com.ctaf.accelerators.TestEngine:Able to click on DMM
2017-06-07 21:59:02-main--INFO -com.ctaf.accelerators.TestEngine:Typing is performed on Destination
2017-06-07 21:59:05-main--INFO -com.ctaf.accelerators.TestEngine:Able to click on ELQ
2017-06-07 21:59:08-main--INFO -com.ctaf.accelerators.TestEngine:Able to click on Find Flights
2017-06-07 22:00:24-main--INFO -com.ctaf.accelerators.TestEngine:Able to click on By.xpath: //XCUIElementTypeTable/XCUIElementTypeCell[1]/XCUIElementTypeButton[3]
2017-06-07 22:01:17-main--INFO -com.ctaf.accelerators.TestEngine:Able to click on By.xpath: //XCUIElementTypeTable/XCUIElementTypeCell[1]/XCUIElementTypeButton[3]
2017-06-07 22:01:47-main--INFO -com.ctaf.accelerators.TestEngine:Able to click on By.xpath: //*[@label='Continue to Select Extras']
2017-06-07 22:02:19-main--INFO -com.ctaf.accelerators.TestEngine:Able to click on By.xpath: //*[@label='Continue to Select Seat']
2017-06-07 22:02:53-main--INFO -com.ctaf.accelerators.TestEngine:Able to click on By.xpath: //*[@label='Continue to Payment']
2017-06-07 22:03:26-main--INFO -com.ctaf.accelerators.TestEngine:Able to click on By.xpath: //*[@label='SADAD']
2017-06-07 22:03:38-main--INFO -com.ctaf.accelerators.TestEngine:Able to click on Purchase
2017-06-07 22:04:37-main--INFO -com.ctaf.accelerators.TestEngine:Current Test : TC_23_roundTripDomesticEconomy_DMM_HAS
2017-06-07 22:04:45-main--INFO -com.ctaf.accelerators.TestEngine:Able to click on By.xpath: //*[@label='Book flights']
2017-06-07 22:04:55-main--INFO -com.ctaf.accelerators.TestEngine:Able to click on By.xpath: //*[@label='Return']
2017-06-07 22:05:06-main--INFO -com.ctaf.accelerators.TestEngine:Able to click on By.xpath: //XCUIElementTypeOther[3]/XCUIElementTypeOther[1]/XCUIElementTypeButton
2017-06-07 22:05:11-main--INFO -com.ctaf.accelerators.TestEngine:Able to click on Search
2017-06-07 22:05:18-main--INFO -com.ctaf.accelerators.TestEngine:Typing is performed on Origin
2017-06-07 22:05:21-main--INFO -com.ctaf.accelerators.TestEngine:Able to click on DMM
2017-06-07 22:05:27-main--INFO -com.ctaf.accelerators.TestEngine:Typing is performed on Destination
2017-06-07 22:05:30-main--INFO -com.ctaf.accelerators.TestEngine:Able to click on HAS
2017-06-07 22:05:33-main--INFO -com.ctaf.accelerators.TestEngine:Able to click on Find Flights
2017-06-07 22:06:26-main--INFO -com.ctaf.accelerators.TestEngine:Able to click on By.xpath: //XCUIElementTypeTable/XCUIElementTypeCell[1]/XCUIElementTypeButton[3]
2017-06-07 22:07:06-main--INFO -com.ctaf.accelerators.TestEngine:Able to click on By.xpath: //XCUIElementTypeTable/XCUIElementTypeCell[1]/XCUIElementTypeButton[3]
2017-06-07 22:07:36-main--INFO -com.ctaf.accelerators.TestEngine:Able to click on By.xpath: //*[@label='Continue to Select Extras']
2017-06-07 22:08:08-main--INFO -com.ctaf.accelerators.TestEngine:Able to click on By.xpath: //*[@label='Continue to Select Seat']
2017-06-07 22:08:22-main--INFO -com.ctaf.accelerators.TestEngine:Able to click on By.xpath: //*[@label='Continue to Payment']
2017-06-07 22:08:40-main--INFO -com.ctaf.accelerators.TestEngine:Able to click on By.xpath: //*[@label='SADAD']
2017-06-07 22:08:52-main--INFO -com.ctaf.accelerators.TestEngine:Able to click on Purchase
2017-06-07 22:09:52-main--INFO -com.ctaf.accelerators.TestEngine:Current Test : TC_24_roundTripDomesticEconomy_DMM_TUU
2017-06-07 22:09:59-main--INFO -com.ctaf.accelerators.TestEngine:Able to click on By.xpath: //*[@label='Book flights']
2017-06-07 22:10:10-main--INFO -com.ctaf.accelerators.TestEngine:Able to click on By.xpath: //*[@label='Return']
2017-06-07 22:10:20-main--INFO -com.ctaf.accelerators.TestEngine:Able to click on By.xpath: //XCUIElementTypeOther[3]/XCUIElementTypeOther[1]/XCUIElementTypeButton
2017-06-07 22:10:26-main--INFO -com.ctaf.accelerators.TestEngine:Able to click on Search
2017-06-07 22:10:33-main--INFO -com.ctaf.accelerators.TestEngine:Typing is performed on Origin
2017-06-07 22:10:35-main--INFO -com.ctaf.accelerators.TestEngine:Able to click on DMM
2017-06-07 22:10:42-main--INFO -com.ctaf.accelerators.TestEngine:Typing is performed on Destination
2017-06-07 22:10:44-main--INFO -com.ctaf.accelerators.TestEngine:Able to click on TUU
2017-06-07 22:10:47-main--INFO -com.ctaf.accelerators.TestEngine:Able to click on Find Flights
2017-06-07 22:11:53-main--INFO -com.ctaf.accelerators.TestEngine:Able to click on By.xpath: //XCUIElementTypeTable/XCUIElementTypeCell[1]/XCUIElementTypeButton[3]
2017-06-07 22:12:38-main--INFO -com.ctaf.accelerators.TestEngine:Able to click on By.xpath: //XCUIElementTypeTable/XCUIElementTypeCell[1]/XCUIElementTypeButton[3]
2017-06-07 22:13:09-main--INFO -com.ctaf.accelerators.TestEngine:Able to click on By.xpath: //*[@label='Continue to Select Extras']
2017-06-07 22:13:43-main--INFO -com.ctaf.accelerators.TestEngine:Able to click on By.xpath: //*[@label='Continue to Select Seat']
2017-06-07 22:18:13-main--INFO -com.ctaf.accelerators.TestEngine:Starting browser : iphone
2017-06-07 22:18:53-main--INFO -com.ctaf.accelerators.TestEngine:Current Test : TC_24_roundTripDomesticEconomy_DMM_TUU
2017-06-07 22:19:00-main--INFO -com.ctaf.accelerators.TestEngine:Able to click on By.xpath: //*[@label='Book flights']
2017-06-07 22:19:11-main--INFO -com.ctaf.accelerators.TestEngine:Able to click on By.xpath: //*[@label='Return']
2017-06-07 22:19:21-main--INFO -com.ctaf.accelerators.TestEngine:Able to click on By.xpath: //XCUIElementTypeOther[3]/XCUIElementTypeOther[1]/XCUIElementTypeButton
2017-06-07 22:19:27-main--INFO -com.ctaf.accelerators.TestEngine:Able to click on Search
2017-06-07 22:19:34-main--INFO -com.ctaf.accelerators.TestEngine:Typing is performed on Origin
2017-06-07 22:19:36-main--INFO -com.ctaf.accelerators.TestEngine:Able to click on DMM
2017-06-07 22:19:42-main--INFO -com.ctaf.accelerators.TestEngine:Typing is performed on Destination
2017-06-07 22:19:45-main--INFO -com.ctaf.accelerators.TestEngine:Able to click on TUU
2017-06-07 22:19:48-main--INFO -com.ctaf.accelerators.TestEngine:Able to click on Find Flights
2017-06-07 22:20:54-main--INFO -com.ctaf.accelerators.TestEngine:Able to click on By.xpath: //XCUIElementTypeTable/XCUIElementTypeCell[1]/XCUIElementTypeButton[3]
2017-06-07 22:21:39-main--INFO -com.ctaf.accelerators.TestEngine:Able to click on By.xpath: //XCUIElementTypeTable/XCUIElementTypeCell[1]/XCUIElementTypeButton[3]
2017-06-07 22:22:09-main--INFO -com.ctaf.accelerators.TestEngine:Able to click on By.xpath: //*[@label='Continue to Select Extras']
2017-06-07 22:22:43-main--INFO -com.ctaf.accelerators.TestEngine:Able to click on By.xpath: //*[@label='Continue to Select Seat']
2017-06-07 22:23:19-main--INFO -com.ctaf.accelerators.TestEngine:Able to click on By.xpath: //*[@label='Continue to Payment']
2017-06-07 22:23:53-main--INFO -com.ctaf.accelerators.TestEngine:Able to click on By.xpath: //*[@label='SADAD']
2017-06-07 22:24:06-main--INFO -com.ctaf.accelerators.TestEngine:Able to click on Purchase
2017-06-07 22:25:17-main--INFO -com.ctaf.accelerators.TestEngine: Able to get TscreenShot
2017-06-07 22:25:37-main--INFO -com.ctaf.accelerators.TestEngine:Current Test : TC_25_roundTripDomesticEconomy_DMM_ABT
2017-06-07 22:25:44-main--INFO -com.ctaf.accelerators.TestEngine:Able to click on By.xpath: //*[@label='Book flights']
2017-06-07 22:25:54-main--INFO -com.ctaf.accelerators.TestEngine:Able to click on By.xpath: //*[@label='Return']
2017-06-07 22:26:05-main--INFO -com.ctaf.accelerators.TestEngine:Able to click on By.xpath: //XCUIElementTypeOther[3]/XCUIElementTypeOther[1]/XCUIElementTypeButton
2017-06-07 22:26:11-main--INFO -com.ctaf.accelerators.TestEngine:Able to click on Search
2017-06-07 22:26:17-main--INFO -com.ctaf.accelerators.TestEngine:Typing is performed on Origin
2017-06-07 22:26:20-main--INFO -com.ctaf.accelerators.TestEngine:Able to click on DMM
2017-06-07 22:26:26-main--INFO -com.ctaf.accelerators.TestEngine:Typing is performed on Destination
2017-06-07 22:26:29-main--INFO -com.ctaf.accelerators.TestEngine:Able to click on ABT
2017-06-07 22:26:32-main--INFO -com.ctaf.accelerators.TestEngine:Able to click on Find Flights
2017-06-07 22:27:39-main--INFO -com.ctaf.accelerators.TestEngine:Able to click on By.xpath: //XCUIElementTypeTable/XCUIElementTypeCell[1]/XCUIElementTypeButton[3]
2017-06-07 22:28:25-main--INFO -com.ctaf.accelerators.TestEngine:Able to click on By.xpath: //XCUIElementTypeTable/XCUIElementTypeCell[1]/XCUIElementTypeButton[3]
2017-06-07 22:28:56-main--INFO -com.ctaf.accelerators.TestEngine:Able to click on By.xpath: //*[@label='Continue to Select Extras']
2017-06-07 22:29:30-main--INFO -com.ctaf.accelerators.TestEngine:Able to click on By.xpath: //*[@label='Continue to Select Seat']
2017-06-07 22:30:04-main--INFO -com.ctaf.accelerators.TestEngine:Able to click on By.xpath: //*[@label='Continue to Payment']
2017-06-07 22:30:38-main--INFO -com.ctaf.accelerators.TestEngine:Able to click on By.xpath: //*[@label='SADAD']
2017-06-07 22:30:50-main--INFO -com.ctaf.accelerators.TestEngine:Able to click on Purchase
2017-06-07 22:31:50-main--INFO -com.ctaf.accelerators.TestEngine:Current Test : TC_27_roundTripDomesticEconomyCheckIn_ABH_BHH
2017-06-07 22:31:58-main--INFO -com.ctaf.accelerators.TestEngine:Able to click on By.xpath: //*[@label='Book flights']
2017-06-07 22:32:08-main--INFO -com.ctaf.accelerators.TestEngine:Able to click on By.xpath: //*[@label='Return']
2017-06-07 22:32:19-main--INFO -com.ctaf.accelerators.TestEngine:Able to click on By.xpath: //XCUIElementTypeOther[3]/XCUIElementTypeOther[1]/XCUIElementTypeButton
2017-06-07 22:32:25-main--INFO -com.ctaf.accelerators.TestEngine:Able to click on Search
2017-06-07 22:32:31-main--INFO -com.ctaf.accelerators.TestEngine:Typing is performed on Origin
2017-06-07 22:32:34-main--INFO -com.ctaf.accelerators.TestEngine:Able to click on AHB
2017-06-07 22:32:39-main--INFO -com.ctaf.accelerators.TestEngine:Typing is performed on Destination
2017-06-07 22:32:41-main--INFO -com.ctaf.accelerators.TestEngine:Able to click on BHH
2017-06-07 22:32:45-main--INFO -com.ctaf.accelerators.TestEngine:Able to click on Find Flights
2017-06-07 22:33:48-main--INFO -com.ctaf.accelerators.TestEngine:Able to click on By.xpath: //XCUIElementTypeTable/XCUIElementTypeCell[1]/XCUIElementTypeButton[3]
2017-06-07 22:34:30-main--INFO -com.ctaf.accelerators.TestEngine:Able to click on By.xpath: //XCUIElementTypeTable/XCUIElementTypeCell[1]/XCUIElementTypeButton[3]
2017-06-07 22:35:02-main--INFO -com.ctaf.accelerators.TestEngine:Able to click on By.xpath: //*[@label='Continue to Select Extras']
2017-06-07 22:35:36-main--INFO -com.ctaf.accelerators.TestEngine:Able to click on By.xpath: //*[@label='Continue to Select Seat']
2017-06-07 22:38:42-main--INFO -com.ctaf.accelerators.TestEngine:Starting browser : iphone
2017-06-07 22:39:22-main--INFO -com.ctaf.accelerators.TestEngine:Current Test : TC_27_roundTripDomesticEconomyCheckIn_ABH_BHH
2017-06-07 22:39:30-main--INFO -com.ctaf.accelerators.TestEngine:Able to click on By.xpath: //*[@label='Book flights']
2017-06-07 22:39:40-main--INFO -com.ctaf.accelerators.TestEngine:Able to click on By.xpath: //*[@label='Return']
2017-06-07 22:39:51-main--INFO -com.ctaf.accelerators.TestEngine:Able to click on By.xpath: //XCUIElementTypeOther[3]/XCUIElementTypeOther[1]/XCUIElementTypeButton
2017-06-07 22:39:56-main--INFO -com.ctaf.accelerators.TestEngine:Able to click on Search
2017-06-07 22:40:03-main--INFO -com.ctaf.accelerators.TestEngine:Typing is performed on Origin
2017-06-07 22:40:06-main--INFO -com.ctaf.accelerators.TestEngine:Able to click on AHB
2017-06-07 22:40:11-main--INFO -com.ctaf.accelerators.TestEngine:Typing is performed on Destination
2017-06-07 22:40:13-main--INFO -com.ctaf.accelerators.TestEngine:Able to click on BHH
2017-06-07 22:40:16-main--INFO -com.ctaf.accelerators.TestEngine:Able to click on Find Flights
2017-06-07 22:41:18-main--INFO -com.ctaf.accelerators.TestEngine:Able to click on By.xpath: //XCUIElementTypeTable/XCUIElementTypeCell[1]/XCUIElementTypeButton[3]
2017-06-07 22:41:58-main--INFO -com.ctaf.accelerators.TestEngine:Able to click on By.xpath: //XCUIElementTypeTable/XCUIElementTypeCell[1]/XCUIElementTypeButton[3]
2017-06-07 22:42:28-main--INFO -com.ctaf.accelerators.TestEngine:Able to click on By.xpath: //*[@label='Continue to Select Extras']
2017-06-07 22:43:00-main--INFO -com.ctaf.accelerators.TestEngine:Able to click on By.xpath: //*[@label='Continue to Select Seat']
2017-06-07 22:45:00-main--INFO -com.ctaf.accelerators.TestEngine:Able to click on By.xpath: //*[@label='Continue to Payment']
2017-06-07 22:45:34-main--INFO -com.ctaf.accelerators.TestEngine:Able to click on By.xpath: //*[@label='SADAD']
2017-06-07 22:45:46-main--INFO -com.ctaf.accelerators.TestEngine:Able to click on Purchase
2017-06-07 22:46:40-main--INFO -com.ctaf.accelerators.TestEngine:Able to click on By.xpath: //*[@label='icn home']
2017-06-07 22:47:44-main--INFO -com.ctaf.accelerators.TestEngine: Able to get TscreenShot
2017-06-07 22:48:04-main--INFO -com.ctaf.accelerators.TestEngine:Current Test : TC_28_oneWayDomesticEconomy_AHB_WAE
2017-06-07 22:48:11-main--INFO -com.ctaf.accelerators.TestEngine:Able to click on By.xpath: //*[@label='Book flights']
2017-06-07 22:48:22-main--INFO -com.ctaf.accelerators.TestEngine:Able to click on By.xpath: //*[@label='One-way']
2017-06-07 22:48:32-main--INFO -com.ctaf.accelerators.TestEngine:Able to click on By.xpath: //XCUIElementTypeOther[3]/XCUIElementTypeOther[1]/XCUIElementTypeButton
2017-06-07 22:48:38-main--INFO -com.ctaf.accelerators.TestEngine:Able to click on Search
2017-06-07 22:48:45-main--INFO -com.ctaf.accelerators.TestEngine:Typing is performed on Origin
2017-06-07 22:48:47-main--INFO -com.ctaf.accelerators.TestEngine:Able to click on AHB
2017-06-07 22:48:52-main--INFO -com.ctaf.accelerators.TestEngine:Typing is performed on Destination
2017-06-07 22:48:55-main--INFO -com.ctaf.accelerators.TestEngine:Able to click on WAE
2017-06-07 22:48:58-main--INFO -com.ctaf.accelerators.TestEngine:Able to click on Find Flights
2017-06-07 22:49:29-main--INFO -com.ctaf.accelerators.TestEngine:Able to click on By.xpath: //*[@label='icn arrow right red']
2017-06-07 22:50:00-main--INFO -com.ctaf.accelerators.TestEngine:Able to click on By.xpath: //*[@label='icn arrow right red']
2017-06-07 22:50:35-main--INFO -com.ctaf.accelerators.TestEngine:Able to click on By.xpath: //XCUIElementTypeTable/XCUIElementTypeCell[1]/XCUIElementTypeButton[3]
2017-06-07 22:51:04-main--INFO -com.ctaf.accelerators.TestEngine:Able to click on By.xpath: //*[@label='Continue to Select Extras']
2017-06-07 22:51:29-main--INFO -com.ctaf.accelerators.TestEngine:Able to click on By.xpath: //*[@label='Continue to Select Seat']
2017-06-07 22:51:41-main--INFO -com.ctaf.accelerators.TestEngine:Able to click on By.xpath: //*[@label='Continue to Payment']
2017-06-07 22:51:59-main--INFO -com.ctaf.accelerators.TestEngine:Able to click on By.xpath: //*[@label='SADAD']
2017-06-07 22:52:12-main--INFO -com.ctaf.accelerators.TestEngine:Able to click on Purchase
2017-06-07 22:53:06-main--INFO -com.ctaf.accelerators.TestEngine:Current Test : TC_29_oneWayDomesticEconomy_AHB_GIZ
2017-06-07 22:53:14-main--INFO -com.ctaf.accelerators.TestEngine:Able to click on By.xpath: //*[@label='Book flights']
2017-06-07 22:53:25-main--INFO -com.ctaf.accelerators.TestEngine:Able to click on By.xpath: //*[@label='One-way']
2017-06-07 22:53:36-main--INFO -com.ctaf.accelerators.TestEngine:Able to click on By.xpath: //XCUIElementTypeOther[3]/XCUIElementTypeOther[1]/XCUIElementTypeButton
2017-06-07 22:53:42-main--INFO -com.ctaf.accelerators.TestEngine:Able to click on Search
2017-06-07 22:53:50-main--INFO -com.ctaf.accelerators.TestEngine:Typing is performed on Origin
2017-06-07 22:53:52-main--INFO -com.ctaf.accelerators.TestEngine:Able to click on AHB
2017-06-07 22:53:58-main--INFO -com.ctaf.accelerators.TestEngine:Typing is performed on Destination
2017-06-07 22:54:01-main--INFO -com.ctaf.accelerators.TestEngine:Able to click on GIZ
2017-06-07 22:54:04-main--INFO -com.ctaf.accelerators.TestEngine:Able to click on Find Flights
2017-06-07 22:55:01-main--INFO -com.ctaf.accelerators.TestEngine:Able to click on By.xpath: //XCUIElementTypeTable/XCUIElementTypeCell[1]/XCUIElementTypeButton[3]
2017-06-07 22:55:33-main--INFO -com.ctaf.accelerators.TestEngine:Able to click on By.xpath: //*[@label='Continue to Select Extras']
2017-06-07 22:55:59-main--INFO -com.ctaf.accelerators.TestEngine:Able to click on By.xpath: //*[@label='Continue to Select Seat']
2017-06-07 22:56:12-main--INFO -com.ctaf.accelerators.TestEngine:Able to click on By.xpath: //*[@label='Continue to Payment']
2017-06-07 22:56:31-main--INFO -com.ctaf.accelerators.TestEngine:Able to click on By.xpath: //*[@label='SADAD']
2017-06-07 22:56:44-main--INFO -com.ctaf.accelerators.TestEngine:Able to click on Purchase
2017-06-07 22:57:39-main--INFO -com.ctaf.accelerators.TestEngine:Current Test : TC_30_oneWayDomesticEconomy_AHB_SHW
2017-06-07 22:57:47-main--INFO -com.ctaf.accelerators.TestEngine:Able to click on By.xpath: //*[@label='Book flights']
2017-06-07 22:57:59-main--INFO -com.ctaf.accelerators.TestEngine:Able to click on By.xpath: //*[@label='One-way']
2017-06-07 22:58:10-main--INFO -com.ctaf.accelerators.TestEngine:Able to click on By.xpath: //XCUIElementTypeOther[3]/XCUIElementTypeOther[1]/XCUIElementTypeButton
2017-06-07 22:58:16-main--INFO -com.ctaf.accelerators.TestEngine:Able to click on Search
2017-06-07 22:58:24-main--INFO -com.ctaf.accelerators.TestEngine:Typing is performed on Origin
2017-06-07 22:58:26-main--INFO -com.ctaf.accelerators.TestEngine:Able to click on AHB
2017-06-07 22:58:32-main--INFO -com.ctaf.accelerators.TestEngine:Typing is performed on Destination
2017-06-07 22:58:35-main--INFO -com.ctaf.accelerators.TestEngine:Able to click on SHW
2017-06-07 22:58:38-main--INFO -com.ctaf.accelerators.TestEngine:Able to click on Find Flights
2017-06-07 22:59:15-main--INFO -com.ctaf.accelerators.TestEngine:Able to click on By.xpath: //XCUIElementTypeTable/XCUIElementTypeCell[1]/XCUIElementTypeButton[3]
2017-06-07 22:59:47-main--INFO -com.ctaf.accelerators.TestEngine:Able to click on By.xpath: //*[@label='Continue to Select Extras']
2017-06-07 23:00:13-main--INFO -com.ctaf.accelerators.TestEngine:Able to click on By.xpath: //*[@label='Continue to Select Seat']
2017-06-07 23:00:27-main--INFO -com.ctaf.accelerators.TestEngine:Able to click on By.xpath: //*[@label='Continue to Payment']
2017-06-07 23:00:46-main--INFO -com.ctaf.accelerators.TestEngine:Able to click on By.xpath: //*[@label='SADAD']
2017-06-07 23:00:59-main--INFO -com.ctaf.accelerators.TestEngine:Able to click on Purchase
2017-06-07 23:01:53-main--INFO -com.ctaf.accelerators.TestEngine:Current Test : TC_31_oneWayInternationalEconomy_JED_DXB
2017-06-07 23:02:01-main--INFO -com.ctaf.accelerators.TestEngine:Able to click on By.xpath: //*[@label='Book flights']
2017-06-07 23:02:12-main--INFO -com.ctaf.accelerators.TestEngine:Able to click on By.xpath: //*[@label='One-way']
2017-06-07 23:02:22-main--INFO -com.ctaf.accelerators.TestEngine:Able to click on By.xpath: //XCUIElementTypeOther[3]/XCUIElementTypeOther[1]/XCUIElementTypeButton
2017-06-07 23:02:28-main--INFO -com.ctaf.accelerators.TestEngine:Able to click on Search
2017-06-07 23:02:35-main--INFO -com.ctaf.accelerators.TestEngine:Typing is performed on Origin
2017-06-07 23:02:37-main--INFO -com.ctaf.accelerators.TestEngine:Able to click on JED
2017-06-07 23:02:44-main--INFO -com.ctaf.accelerators.TestEngine:Typing is performed on Destination
2017-06-07 23:02:47-main--INFO -com.ctaf.accelerators.TestEngine:Able to click on DXB
2017-06-07 23:02:50-main--INFO -com.ctaf.accelerators.TestEngine:Able to click on Find Flights
2017-06-07 23:04:26-main--INFO -com.ctaf.accelerators.TestEngine:Able to click on By.xpath: //XCUIElementTypeTable/XCUIElementTypeCell[1]/XCUIElementTypeButton[3]
2017-06-07 23:04:57-main--INFO -com.ctaf.accelerators.TestEngine:Able to click on By.xpath: //*[@label='Continue to Select Extras']
2017-06-07 23:05:22-main--INFO -com.ctaf.accelerators.TestEngine:Able to click on By.xpath: //*[@label='Continue to Select Seat']
2017-06-07 23:05:35-main--INFO -com.ctaf.accelerators.TestEngine:Able to click on By.xpath: //*[@label='Continue to Payment']
2017-06-07 23:05:54-main--INFO -com.ctaf.accelerators.TestEngine:Able to click on By.xpath: //*[@label='SADAD']
2017-06-07 23:06:06-main--INFO -com.ctaf.accelerators.TestEngine:Able to click on Purchase
2017-06-07 23:07:01-main--INFO -com.ctaf.accelerators.TestEngine:Current Test : TC_32_oneWayInternationalEconomy_RUH_DXB
2017-06-07 23:07:09-main--INFO -com.ctaf.accelerators.TestEngine:Able to click on By.xpath: //*[@label='Book flights']
2017-06-07 23:07:20-main--INFO -com.ctaf.accelerators.TestEngine:Able to click on By.xpath: //*[@label='One-way']
2017-06-07 23:07:32-main--INFO -com.ctaf.accelerators.TestEngine:Able to click on By.xpath: //XCUIElementTypeOther[3]/XCUIElementTypeOther[1]/XCUIElementTypeButton
2017-06-07 23:07:38-main--INFO -com.ctaf.accelerators.TestEngine:Able to click on Search
2017-06-07 23:07:45-main--INFO -com.ctaf.accelerators.TestEngine:Typing is performed on Origin
2017-06-07 23:07:48-main--INFO -com.ctaf.accelerators.TestEngine:Able to click on RUH
2017-06-07 23:07:55-main--INFO -com.ctaf.accelerators.TestEngine:Typing is performed on Destination
2017-06-07 23:07:58-main--INFO -com.ctaf.accelerators.TestEngine:Able to click on DXB
2017-06-07 23:08:01-main--INFO -com.ctaf.accelerators.TestEngine:Able to click on Find Flights
2017-06-07 23:10:10-main--INFO -com.ctaf.accelerators.TestEngine:Able to click on By.xpath: //XCUIElementTypeTable/XCUIElementTypeCell[1]/XCUIElementTypeButton[3]
2017-06-07 23:10:43-main--INFO -com.ctaf.accelerators.TestEngine:Able to click on By.xpath: //*[@label='Continue to Select Extras']
2017-06-07 23:11:11-main--INFO -com.ctaf.accelerators.TestEngine:Able to click on By.xpath: //*[@label='Continue to Select Seat']
2017-06-07 23:11:25-main--INFO -com.ctaf.accelerators.TestEngine:Able to click on By.xpath: //*[@label='Continue to Payment']
2017-06-07 23:11:45-main--INFO -com.ctaf.accelerators.TestEngine:Able to click on By.xpath: //*[@label='SADAD']
2017-06-07 23:11:59-main--INFO -com.ctaf.accelerators.TestEngine:Able to click on Purchase
2017-06-07 23:15:02-main--INFO -com.ctaf.accelerators.TestEngine:Current Test : TC_33_oneWayInternationalEconomy_RUH_AUH
2017-06-07 23:15:10-main--INFO -com.ctaf.accelerators.TestEngine:Able to click on By.xpath: //*[@label='Book flights']
2017-06-07 23:15:20-main--INFO -com.ctaf.accelerators.TestEngine:Able to click on By.xpath: //*[@label='One-way']
2017-06-07 23:15:31-main--INFO -com.ctaf.accelerators.TestEngine:Able to click on By.xpath: //XCUIElementTypeOther[3]/XCUIElementTypeOther[1]/XCUIElementTypeButton
2017-06-07 23:15:36-main--INFO -com.ctaf.accelerators.TestEngine:Able to click on Search
2017-06-07 23:15:43-main--INFO -com.ctaf.accelerators.TestEngine:Typing is performed on Origin
2017-06-07 23:15:45-main--INFO -com.ctaf.accelerators.TestEngine:Able to click on RUH
2017-06-07 23:15:52-main--INFO -com.ctaf.accelerators.TestEngine:Typing is performed on Destination
2017-06-07 23:15:55-main--INFO -com.ctaf.accelerators.TestEngine:Able to click on AUH
2017-06-07 23:15:58-main--INFO -com.ctaf.accelerators.TestEngine:Able to click on Find Flights
2017-06-07 23:17:07-main--INFO -com.ctaf.accelerators.TestEngine:Able to click on By.xpath: //XCUIElementTypeTable/XCUIElementTypeCell[1]/XCUIElementTypeButton[3]
2017-06-07 23:17:37-main--INFO -com.ctaf.accelerators.TestEngine:Able to click on By.xpath: //*[@label='Continue to Select Extras']
2017-06-07 23:20:09-main--INFO -com.ctaf.accelerators.TestEngine:Able to click on By.xpath: //*[@label='SADAD']
2017-06-07 23:20:20-main--INFO -com.ctaf.accelerators.TestEngine:Able to click on Purchase
2017-06-07 23:21:14-main--INFO -com.ctaf.accelerators.TestEngine:Current Test : TC_34_oneWayInternationalEconomy_JED_AUH
2017-06-07 23:21:21-main--INFO -com.ctaf.accelerators.TestEngine:Able to click on By.xpath: //*[@label='Book flights']
2017-06-07 23:21:31-main--INFO -com.ctaf.accelerators.TestEngine:Able to click on By.xpath: //*[@label='One-way']
2017-06-07 23:21:42-main--INFO -com.ctaf.accelerators.TestEngine:Able to click on By.xpath: //XCUIElementTypeOther[3]/XCUIElementTypeOther[1]/XCUIElementTypeButton
2017-06-07 23:21:47-main--INFO -com.ctaf.accelerators.TestEngine:Able to click on Search
2017-06-07 23:21:54-main--INFO -com.ctaf.accelerators.TestEngine:Typing is performed on Origin
2017-06-07 23:21:57-main--INFO -com.ctaf.accelerators.TestEngine:Able to click on JED
2017-06-07 23:22:03-main--INFO -com.ctaf.accelerators.TestEngine:Typing is performed on Destination
2017-06-07 23:22:06-main--INFO -com.ctaf.accelerators.TestEngine:Able to click on AUH
2017-06-07 23:22:09-main--INFO -com.ctaf.accelerators.TestEngine:Able to click on Find Flights
2017-06-07 23:24:07-main--INFO -com.ctaf.accelerators.TestEngine:Able to click on By.xpath: //XCUIElementTypeTable/XCUIElementTypeCell[1]/XCUIElementTypeButton[3]
2017-06-07 23:24:38-main--INFO -com.ctaf.accelerators.TestEngine:Able to click on By.xpath: //*[@label='Continue to Select Extras']
2017-06-07 23:27:10-main--INFO -com.ctaf.accelerators.TestEngine:Able to click on By.xpath: //*[@label='SADAD']
2017-06-07 23:27:22-main--INFO -com.ctaf.accelerators.TestEngine:Able to click on Purchase
2017-06-07 23:28:13-main--INFO -com.ctaf.accelerators.TestEngine:Current Test : TC_35_oneWayInternationalEconomy_JED_KWI
2017-06-07 23:28:21-main--INFO -com.ctaf.accelerators.TestEngine:Able to click on By.xpath: //*[@label='Book flights']
2017-06-07 23:28:31-main--INFO -com.ctaf.accelerators.TestEngine:Able to click on By.xpath: //*[@label='One-way']
2017-06-07 23:28:42-main--INFO -com.ctaf.accelerators.TestEngine:Able to click on By.xpath: //XCUIElementTypeOther[3]/XCUIElementTypeOther[1]/XCUIElementTypeButton
2017-06-07 23:28:47-main--INFO -com.ctaf.accelerators.TestEngine:Able to click on Search
2017-06-07 23:28:54-main--INFO -com.ctaf.accelerators.TestEngine:Typing is performed on Origin
2017-06-07 23:28:57-main--INFO -com.ctaf.accelerators.TestEngine:Able to click on JED
2017-06-07 23:29:03-main--INFO -com.ctaf.accelerators.TestEngine:Typing is performed on Destination
2017-06-07 23:29:06-main--INFO -com.ctaf.accelerators.TestEngine:Able to click on KWI
2017-06-07 23:29:09-main--INFO -com.ctaf.accelerators.TestEngine:Able to click on Find Flights
2017-06-07 23:30:26-main--INFO -com.ctaf.accelerators.TestEngine:Able to click on By.xpath: //XCUIElementTypeTable/XCUIElementTypeCell[1]/XCUIElementTypeButton[3]
2017-06-07 23:30:58-main--INFO -com.ctaf.accelerators.TestEngine:Able to click on By.xpath: //*[@label='Continue to Select Extras']
2017-06-07 23:31:25-main--INFO -com.ctaf.accelerators.TestEngine:Able to click on By.xpath: //*[@label='Continue to Select Seat']
2017-06-07 23:31:37-main--INFO -com.ctaf.accelerators.TestEngine:Able to click on By.xpath: //*[@label='Continue to Payment']
2017-06-07 23:31:57-main--INFO -com.ctaf.accelerators.TestEngine:Able to click on By.xpath: //*[@label='SADAD']
2017-06-07 23:32:10-main--INFO -com.ctaf.accelerators.TestEngine:Able to click on Purchase
2017-06-07 23:33:07-main--INFO -com.ctaf.accelerators.TestEngine:Current Test : TC_36_oneWayInternationalEconomy_RUH_KWI
2017-06-07 23:33:15-main--INFO -com.ctaf.accelerators.TestEngine:Able to click on By.xpath: //*[@label='Book flights']
2017-06-07 23:33:27-main--INFO -com.ctaf.accelerators.TestEngine:Able to click on By.xpath: //*[@label='One-way']
2017-06-07 23:33:38-main--INFO -com.ctaf.accelerators.TestEngine:Able to click on By.xpath: //XCUIElementTypeOther[3]/XCUIElementTypeOther[1]/XCUIElementTypeButton
2017-06-07 23:33:44-main--INFO -com.ctaf.accelerators.TestEngine:Able to click on Search
2017-06-07 23:33:52-main--INFO -com.ctaf.accelerators.TestEngine:Typing is performed on Origin
2017-06-07 23:33:55-main--INFO -com.ctaf.accelerators.TestEngine:Able to click on RUH
2017-06-07 23:34:03-main--INFO -com.ctaf.accelerators.TestEngine:Typing is performed on Destination
2017-06-07 23:34:06-main--INFO -com.ctaf.accelerators.TestEngine:Able to click on KWI
2017-06-07 23:34:09-main--INFO -com.ctaf.accelerators.TestEngine:Able to click on Find Flights
2017-06-07 23:35:50-main--INFO -com.ctaf.accelerators.TestEngine:Able to click on By.xpath: //XCUIElementTypeTable/XCUIElementTypeCell[1]/XCUIElementTypeButton[3]
2017-06-07 23:36:23-main--INFO -com.ctaf.accelerators.TestEngine:Able to click on By.xpath: //*[@label='Continue to Select Extras']
2017-06-07 23:36:51-main--INFO -com.ctaf.accelerators.TestEngine:Able to click on By.xpath: //*[@label='Continue to Select Seat']
2017-06-07 23:37:04-main--INFO -com.ctaf.accelerators.TestEngine:Able to click on By.xpath: //*[@label='Continue to Payment']
2017-06-07 23:37:25-main--INFO -com.ctaf.accelerators.TestEngine:Able to click on By.xpath: //*[@label='SADAD']
2017-06-07 23:37:38-main--INFO -com.ctaf.accelerators.TestEngine:Able to click on Purchase
2017-06-07 23:38:36-main--INFO -com.ctaf.accelerators.TestEngine:Current Test : TC_37_oneWayInternationalEconomy_MED_KWI
2017-06-07 23:38:44-main--INFO -com.ctaf.accelerators.TestEngine:Able to click on By.xpath: //*[@label='Book flights']
2017-06-07 23:38:55-main--INFO -com.ctaf.accelerators.TestEngine:Able to click on By.xpath: //*[@label='One-way']
2017-06-07 23:39:07-main--INFO -com.ctaf.accelerators.TestEngine:Able to click on By.xpath: //XCUIElementTypeOther[3]/XCUIElementTypeOther[1]/XCUIElementTypeButton
2017-06-07 23:39:14-main--INFO -com.ctaf.accelerators.TestEngine:Able to click on Search
2017-06-07 23:39:22-main--INFO -com.ctaf.accelerators.TestEngine:Typing is performed on Origin
2017-06-07 23:39:25-main--INFO -com.ctaf.accelerators.TestEngine:Able to click on MED
2017-06-07 23:39:32-main--INFO -com.ctaf.accelerators.TestEngine:Typing is performed on Destination
2017-06-07 23:39:35-main--INFO -com.ctaf.accelerators.TestEngine:Able to click on KWI
2017-06-07 23:39:39-main--INFO -com.ctaf.accelerators.TestEngine:Able to click on Find Flights
2017-06-07 23:40:17-main--INFO -com.ctaf.accelerators.TestEngine:Able to click on By.xpath: //XCUIElementTypeTable/XCUIElementTypeCell[1]/XCUIElementTypeButton[3]
2017-06-07 23:40:49-main--INFO -com.ctaf.accelerators.TestEngine:Able to click on By.xpath: //*[@label='Continue to Select Extras']
2017-06-07 23:41:17-main--INFO -com.ctaf.accelerators.TestEngine:Able to click on By.xpath: //*[@label='Continue to Select Seat']
2017-06-07 23:41:30-main--INFO -com.ctaf.accelerators.TestEngine:Able to click on By.xpath: //*[@label='Continue to Payment']
2017-06-07 23:41:51-main--INFO -com.ctaf.accelerators.TestEngine:Able to click on By.xpath: //*[@label='SADAD']
2017-06-07 23:42:04-main--INFO -com.ctaf.accelerators.TestEngine:Able to click on Purchase
2017-06-07 23:43:02-main--INFO -com.ctaf.accelerators.TestEngine:Current Test : TC_38_oneWayInternationalEconomy_TIF_KWI
2017-06-07 23:43:10-main--INFO -com.ctaf.accelerators.TestEngine:Able to click on By.xpath: //*[@label='Book flights']
2017-06-07 23:43:22-main--INFO -com.ctaf.accelerators.TestEngine:Able to click on By.xpath: //*[@label='One-way']
2017-06-07 23:43:34-main--INFO -com.ctaf.accelerators.TestEngine:Able to click on By.xpath: //XCUIElementTypeOther[3]/XCUIElementTypeOther[1]/XCUIElementTypeButton
2017-06-07 23:43:40-main--INFO -com.ctaf.accelerators.TestEngine:Able to click on Search
2017-06-07 23:43:48-main--INFO -com.ctaf.accelerators.TestEngine:Typing is performed on Origin
2017-06-07 23:43:51-main--INFO -com.ctaf.accelerators.TestEngine:Able to click on TIF
2017-06-07 23:43:56-main--INFO -com.ctaf.accelerators.TestEngine:Typing is performed on Destination
2017-06-07 23:43:59-main--INFO -com.ctaf.accelerators.TestEngine:Able to click on KWI
2017-06-07 23:44:03-main--INFO -com.ctaf.accelerators.TestEngine:Able to click on Find Flights
2017-06-07 23:44:41-main--INFO -com.ctaf.accelerators.TestEngine:Able to click on By.xpath: //XCUIElementTypeTable/XCUIElementTypeCell[1]/XCUIElementTypeButton[3]
2017-06-07 23:45:14-main--INFO -com.ctaf.accelerators.TestEngine:Able to click on By.xpath: //*[@label='Continue to Select Extras']
2017-06-07 23:45:42-main--INFO -com.ctaf.accelerators.TestEngine:Able to click on By.xpath: //*[@label='Continue to Select Seat']
2017-06-07 23:45:55-main--INFO -com.ctaf.accelerators.TestEngine:Able to click on By.xpath: //*[@label='Continue to Payment']
2017-06-07 23:46:16-main--INFO -com.ctaf.accelerators.TestEngine:Able to click on By.xpath: //*[@label='SADAD']
2017-06-07 23:46:29-main--INFO -com.ctaf.accelerators.TestEngine:Able to click on Purchase
2017-06-07 23:47:27-main--INFO -com.ctaf.accelerators.TestEngine:Current Test : TC_39_oneWayInternationalEconomy_JED_ASW
2017-06-07 23:47:36-main--INFO -com.ctaf.accelerators.TestEngine:Able to click on By.xpath: //*[@label='Book flights']
2017-06-07 23:47:47-main--INFO -com.ctaf.accelerators.TestEngine:Able to click on By.xpath: //*[@label='One-way']
2017-06-07 23:47:59-main--INFO -com.ctaf.accelerators.TestEngine:Able to click on By.xpath: //XCUIElementTypeOther[3]/XCUIElementTypeOther[1]/XCUIElementTypeButton
2017-06-07 23:48:06-main--INFO -com.ctaf.accelerators.TestEngine:Able to click on Search
2017-06-07 23:48:14-main--INFO -com.ctaf.accelerators.TestEngine:Typing is performed on Origin
2017-06-07 23:48:17-main--INFO -com.ctaf.accelerators.TestEngine:Able to click on JED
2017-06-07 23:48:25-main--INFO -com.ctaf.accelerators.TestEngine:Typing is performed on Destination
2017-06-07 23:48:28-main--INFO -com.ctaf.accelerators.TestEngine:Able to click on ASW
2017-06-07 23:48:32-main--INFO -com.ctaf.accelerators.TestEngine:Able to click on Find Flights
2017-06-07 23:49:03-main--INFO -com.ctaf.accelerators.TestEngine:Able to click on By.xpath: //*[@label='icn arrow right red']
2017-06-07 23:49:34-main--INFO -com.ctaf.accelerators.TestEngine:Able to click on By.xpath: //*[@label='icn arrow right red']
2017-06-07 23:50:05-main--INFO -com.ctaf.accelerators.TestEngine:Able to click on By.xpath: //*[@label='icn arrow right red']
2017-06-07 23:50:35-main--INFO -com.ctaf.accelerators.TestEngine:Able to click on By.xpath: //*[@label='icn arrow right red']
2017-06-07 23:51:15-main--INFO -com.ctaf.accelerators.TestEngine:Able to click on By.xpath: //XCUIElementTypeTable/XCUIElementTypeCell[1]/XCUIElementTypeButton[3]
2017-06-07 23:51:47-main--INFO -com.ctaf.accelerators.TestEngine:Able to click on By.xpath: //*[@label='Continue to Select Extras']
2017-06-07 23:52:15-main--INFO -com.ctaf.accelerators.TestEngine:Able to click on By.xpath: //*[@label='Continue to Select Seat']
2017-06-07 23:52:28-main--INFO -com.ctaf.accelerators.TestEngine:Able to click on By.xpath: //*[@label='Continue to Payment']
2017-06-07 23:52:49-main--INFO -com.ctaf.accelerators.TestEngine:Able to click on By.xpath: //*[@label='SADAD']
2017-06-07 23:53:02-main--INFO -com.ctaf.accelerators.TestEngine:Able to click on Purchase
2017-06-07 23:54:00-main--INFO -com.ctaf.accelerators.TestEngine:Current Test : TC_40_oneWayInternationalEconomy_JED_HBE
2017-06-07 23:54:08-main--INFO -com.ctaf.accelerators.TestEngine:Able to click on By.xpath: //*[@label='Book flights']
2017-06-07 23:54:19-main--INFO -com.ctaf.accelerators.TestEngine:Able to click on By.xpath: //*[@label='One-way']
2017-06-07 23:54:31-main--INFO -com.ctaf.accelerators.TestEngine:Able to click on By.xpath: //XCUIElementTypeOther[3]/XCUIElementTypeOther[1]/XCUIElementTypeButton
2017-06-07 23:54:37-main--INFO -com.ctaf.accelerators.TestEngine:Able to click on Search
2017-06-07 23:54:45-main--INFO -com.ctaf.accelerators.TestEngine:Typing is performed on Origin
2017-06-07 23:54:48-main--INFO -com.ctaf.accelerators.TestEngine:Able to click on JED
2017-06-07 23:54:56-main--INFO -com.ctaf.accelerators.TestEngine:Typing is performed on Destination
2017-06-07 23:54:59-main--INFO -com.ctaf.accelerators.TestEngine:Able to click on HBE
2017-06-07 23:55:02-main--INFO -com.ctaf.accelerators.TestEngine:Able to click on Find Flights
2017-06-07 23:55:39-main--INFO -com.ctaf.accelerators.TestEngine:Able to click on By.xpath: //XCUIElementTypeTable/XCUIElementTypeCell[1]/XCUIElementTypeButton[3]
2017-06-07 23:56:11-main--INFO -com.ctaf.accelerators.TestEngine:Able to click on By.xpath: //*[@label='Continue to Select Extras']
2017-06-07 23:56:39-main--INFO -com.ctaf.accelerators.TestEngine:Able to click on By.xpath: //*[@label='Continue to Select Seat']
2017-06-07 23:56:52-main--INFO -com.ctaf.accelerators.TestEngine:Able to click on By.xpath: //*[@label='Continue to Payment']
2017-06-07 23:57:12-main--INFO -com.ctaf.accelerators.TestEngine:Able to click on By.xpath: //*[@label='SADAD']
2017-06-07 23:57:26-main--INFO -com.ctaf.accelerators.TestEngine:Able to click on Purchase
2017-06-07 23:58:23-main--INFO -com.ctaf.accelerators.TestEngine:Current Test : TC_41_oneWayInternationalEconomy_JED_HMB
2017-06-07 23:58:31-main--INFO -com.ctaf.accelerators.TestEngine:Able to click on By.xpath: //*[@label='Book flights']
2017-06-07 23:58:43-main--INFO -com.ctaf.accelerators.TestEngine:Able to click on By.xpath: //*[@label='One-way']
2017-06-07 23:58:54-main--INFO -com.ctaf.accelerators.TestEngine:Able to click on By.xpath: //XCUIElementTypeOther[3]/XCUIElementTypeOther[1]/XCUIElementTypeButton
2017-06-07 23:59:00-main--INFO -com.ctaf.accelerators.TestEngine:Able to click on Search
2017-06-07 23:59:08-main--INFO -com.ctaf.accelerators.TestEngine:Typing is performed on Origin
2017-06-07 23:59:10-main--INFO -com.ctaf.accelerators.TestEngine:Able to click on JED
2017-06-07 23:59:18-main--INFO -com.ctaf.accelerators.TestEngine:Typing is performed on Destination
2017-06-07 23:59:21-main--INFO -com.ctaf.accelerators.TestEngine:Able to click on HMB
2017-06-07 23:59:25-main--INFO -com.ctaf.accelerators.TestEngine:Able to click on Find Flights
2017-06-07 23:59:55-main--INFO -com.ctaf.accelerators.TestEngine:Able to click on By.xpath: //*[@label='icn arrow right red']
