2017-01-25 11:20:29-main--INFO -com.ctaf.accelerators.TestEngine:Starting browser : Chrome
2017-01-25 11:21:07-main--INFO -com.ctaf.accelerators.TestEngine:Current Test : TC_11_verifingServiceChargeOWSingleBusAR
2017-01-25 11:23:41-main--INFO -com.ctaf.accelerators.TestEngine:Starting browser : Chrome
2017-01-25 11:23:50-main--INFO -com.ctaf.accelerators.TestEngine:Current Test : TC_11_verifingServiceChargeOWSingleBusAR
2017-01-25 11:25:22-main--INFO -com.ctaf.accelerators.TestEngine: Able to get TscreenShot
2017-01-25 11:25:47-main--INFO -com.ctaf.accelerators.TestEngine:Starting browser : Chrome
2017-01-25 11:25:55-main--INFO -com.ctaf.accelerators.TestEngine:Current Test : TC_11_verifingServiceChargeOWSingleBusAR
2017-01-25 11:38:50-main--INFO -com.ctaf.accelerators.TestEngine:Starting browser : Chrome
2017-01-25 11:38:58-main--INFO -com.ctaf.accelerators.TestEngine:Current Test : TC_12_verifingServiceChargeRTSingleFlexIntAR
2017-01-25 11:39:23-main--INFO -com.ctaf.accelerators.TestEngine: Able to get TscreenShot
2017-01-25 11:41:45-main--INFO -com.ctaf.accelerators.TestEngine:Starting browser : Chrome
2017-01-25 11:41:52-main--INFO -com.ctaf.accelerators.TestEngine:Current Test : TC_12_verifingServiceChargeRTSingleFlexIntAR
2017-01-25 11:55:38-main--INFO -com.ctaf.accelerators.TestEngine:Starting browser : Chrome
2017-01-25 11:55:47-main--INFO -com.ctaf.accelerators.TestEngine:Current Test : TC_13_verifingServiceChargeRTSingleECoDOMAR
2017-01-25 12:04:16-main--INFO -com.ctaf.accelerators.TestEngine:Starting browser : Chrome
2017-01-25 12:04:23-main--INFO -com.ctaf.accelerators.TestEngine:Current Test : TC_14_verifingSerCharChilDdisRTMulFlexDOMAR
2017-01-25 12:05:09-main--INFO -com.ctaf.accelerators.TestEngine: Able to get TscreenShot
2017-01-25 12:06:46-main--INFO -com.ctaf.accelerators.TestEngine:Starting browser : Chrome
2017-01-25 12:06:56-main--INFO -com.ctaf.accelerators.TestEngine:Current Test : TC_14_verifingSerCharChilDdisRTMulFlexDOMAR
2017-01-25 12:07:44-main--INFO -com.ctaf.accelerators.TestEngine: Able to get TscreenShot
2017-01-25 12:11:05-main--INFO -com.ctaf.accelerators.TestEngine:Starting browser : Chrome
2017-01-25 12:11:12-main--INFO -com.ctaf.accelerators.TestEngine:Current Test : TC_14_verifingSerCharChilDdisRTMulFlexDOMAR
2017-01-25 12:11:55-main--INFO -com.ctaf.accelerators.TestEngine:Starting browser : Chrome
2017-01-25 12:12:05-main--INFO -com.ctaf.accelerators.TestEngine:Current Test : TC_14_verifingSerCharChilDdisRTMulFlexDOMAR
2017-01-25 12:12:26-main--INFO -com.ctaf.accelerators.TestEngine: Able to get TscreenShot
2017-01-25 12:12:54-main--INFO -com.ctaf.accelerators.TestEngine:Starting browser : Chrome
2017-01-25 12:13:01-main--INFO -com.ctaf.accelerators.TestEngine:Current Test : TC_14_verifingSerCharChilDdisRTMulFlexDOMAR
2017-01-25 12:13:21-main--INFO -com.ctaf.accelerators.TestEngine: Able to get TscreenShot
2017-01-25 12:14:08-main--INFO -com.ctaf.accelerators.TestEngine:Starting browser : Chrome
2017-01-25 12:14:18-main--INFO -com.ctaf.accelerators.TestEngine:Current Test : TC_14_verifingSerCharChilDdisRTMulFlexDOMAR
2017-01-25 12:14:51-main--INFO -com.ctaf.accelerators.TestEngine: Able to get TscreenShot
2017-01-25 12:16:15-main--INFO -com.ctaf.accelerators.TestEngine:Starting browser : Chrome
2017-01-25 12:16:23-main--INFO -com.ctaf.accelerators.TestEngine:Current Test : TC_14_verifingSerCharChilDdisRTMulFlexDOMAR
2017-01-25 12:20:34-main--INFO -com.ctaf.accelerators.TestEngine:Starting browser : Chrome
2017-01-25 12:20:53-main--INFO -com.ctaf.accelerators.TestEngine:Current Test : TC_14_verifingSerCharChilDdisRTMulFlexDOMAR
2017-01-25 12:21:41-main--INFO -com.ctaf.accelerators.TestEngine: Able to get TscreenShot
2017-01-25 12:23:28-main--INFO -com.ctaf.accelerators.TestEngine:Starting browser : Chrome
2017-01-25 12:23:39-main--INFO -com.ctaf.accelerators.TestEngine:Current Test : TC_14_verifingSerCharChilDdisRTMulFlexDOMAR
2017-01-25 12:24:53-main--INFO -com.ctaf.accelerators.TestEngine: Able to get TscreenShot
2017-01-25 12:27:03-main--INFO -com.ctaf.accelerators.TestEngine:Starting browser : Chrome
2017-01-25 12:27:11-main--INFO -com.ctaf.accelerators.TestEngine:Current Test : TC_14_verifingSerCharChilDdisRTMulFlexDOMAR
2017-01-25 12:29:39-main--INFO -com.ctaf.accelerators.TestEngine:Starting browser : Chrome
2017-01-25 12:29:55-main--INFO -com.ctaf.accelerators.TestEngine:Current Test : TC_14_verifingSerCharChilDdisRTMulFlexDOMAR
2017-01-25 12:35:22-main--INFO -com.ctaf.accelerators.TestEngine:Starting browser : Chrome
2017-01-25 12:35:32-main--INFO -com.ctaf.accelerators.TestEngine:Starting browser : Chrome
2017-01-25 12:36:08-main--INFO -com.ctaf.accelerators.TestEngine:Starting browser : Chrome
2017-01-25 12:37:31-main--INFO -com.ctaf.accelerators.TestEngine:Starting browser : Chrome
2017-01-25 12:37:46-main--INFO -com.ctaf.accelerators.TestEngine:Current Test : TC_14_verifingSerCharChilDdisRTMulFlexDOMAR
2017-01-25 12:38:53-main--INFO -com.ctaf.accelerators.TestEngine: Able to get TscreenShot
2017-01-25 12:39:16-main--INFO -com.ctaf.accelerators.TestEngine:Starting browser : Chrome
2017-01-25 12:39:25-main--INFO -com.ctaf.accelerators.TestEngine:Current Test : TC_14_verifingSerCharChilDdisRTMulFlexDOMAR
2017-01-25 12:42:04-main--INFO -com.ctaf.accelerators.TestEngine:Starting browser : Chrome
2017-01-25 12:42:28-main--INFO -com.ctaf.accelerators.TestEngine:Current Test : TC_14_verifingSerCharChilDdisRTMulFlexDOMAR
2017-01-25 12:48:22-main--INFO -com.ctaf.accelerators.TestEngine:Starting browser : Chrome
2017-01-25 12:48:29-main--INFO -com.ctaf.accelerators.TestEngine:Current Test : TC_14_verifingSerCharChilDdisRTMulFlexDOMAR
2017-01-25 12:49:16-main--INFO -com.ctaf.accelerators.TestEngine: Able to get TscreenShot
2017-01-25 12:49:30-main--INFO -com.ctaf.accelerators.TestEngine:Starting browser : Chrome
2017-01-25 12:49:37-main--INFO -com.ctaf.accelerators.TestEngine:Current Test : TC_14_verifingSerCharChilDdisRTMulFlexDOMAR
2017-01-25 13:13:02-main--INFO -com.ctaf.accelerators.TestEngine:Starting browser : Chrome
2017-01-25 13:13:10-main--INFO -com.ctaf.accelerators.TestEngine:Current Test : TC_15_verifingServiceChargeRTSingleBusDomesticAR
2017-01-25 15:07:00-main--INFO -com.ctaf.accelerators.TestEngine:Android
2017-01-25 15:08:08-main--INFO -com.ctaf.accelerators.TestEngine:Android
2017-01-25 15:08:54-main--INFO -com.ctaf.accelerators.TestEngine:Android
2017-01-25 15:09:32-main--INFO -com.ctaf.accelerators.TestEngine:Android
2017-01-25 15:10:26-main--INFO -com.ctaf.accelerators.TestEngine:Current Test : TC_01_oneWayDomesticEcoSADAD
2017-01-25 15:15:13-main--INFO -com.ctaf.accelerators.TestEngine: Able to get TscreenShot
2017-01-25 15:15:15-main--INFO -com.ctaf.accelerators.TestEngine: Able to get TscreenShot
2017-01-25 15:15:20-main--INFO -com.ctaf.accelerators.TestEngine:Current Test : TC_02_oneWayDomesticBusinessCC
2017-01-25 15:19:52-main--INFO -com.ctaf.accelerators.TestEngine: Able to get TscreenShot
2017-01-25 15:19:56-main--INFO -com.ctaf.accelerators.TestEngine:Current Test : TC_03_oneWayDomesticEcoChangeDate
2017-01-25 15:20:25-main--INFO -com.ctaf.accelerators.TestEngine: Able to get TscreenShot
2017-01-25 15:20:30-main--INFO -com.ctaf.accelerators.TestEngine:Current Test : TC_04_oneWayDomOneAdultCheckin
2017-01-25 15:25:55-main--INFO -com.ctaf.accelerators.TestEngine:Android
2017-01-25 15:26:18-main--INFO -com.ctaf.accelerators.TestEngine:Current Test : TC_01_oneWayDomesticEcoSADAD
2017-01-25 15:31:05-main--INFO -com.ctaf.accelerators.TestEngine: Able to get TscreenShot
2017-01-25 15:31:10-main--INFO -com.ctaf.accelerators.TestEngine:Current Test : TC_02_oneWayDomesticBusinessCC
2017-01-25 15:32:12-main--INFO -com.ctaf.accelerators.TestEngine: Able to get TscreenShot
2017-01-25 15:32:17-main--INFO -com.ctaf.accelerators.TestEngine:Current Test : TC_03_oneWayDomesticEcoChangeDate
2017-01-25 15:33:23-main--INFO -com.ctaf.accelerators.TestEngine: Able to get TscreenShot
2017-01-25 15:33:28-main--INFO -com.ctaf.accelerators.TestEngine:Current Test : TC_04_oneWayDomOneAdultCheckin
2017-01-25 15:48:01-main--INFO -com.ctaf.accelerators.TestEngine:Android
2017-01-25 15:48:25-main--INFO -com.ctaf.accelerators.TestEngine:Current Test : TC_01_oneWayDomesticEcoSADAD
2017-01-25 15:50:32-main--INFO -com.ctaf.accelerators.TestEngine:Android
2017-01-25 15:50:59-main--INFO -com.ctaf.accelerators.TestEngine:Current Test : TC_01_oneWayDomesticEcoSADAD
2017-01-25 15:55:52-main--INFO -com.ctaf.accelerators.TestEngine: Able to get TscreenShot
2017-01-25 15:55:58-main--INFO -com.ctaf.accelerators.TestEngine:Current Test : TC_02_oneWayDomesticBusinessCC
2017-01-25 15:57:04-main--INFO -com.ctaf.accelerators.TestEngine: Able to get TscreenShot
2017-01-25 15:57:09-main--INFO -com.ctaf.accelerators.TestEngine:Current Test : TC_03_oneWayDomesticEcoChangeDate
2017-01-25 15:58:19-main--INFO -com.ctaf.accelerators.TestEngine: Able to get TscreenShot
2017-01-25 15:58:24-main--INFO -com.ctaf.accelerators.TestEngine:Current Test : TC_04_oneWayDomOneAdultCheckin
2017-01-25 16:02:53-main--INFO -com.ctaf.accelerators.TestEngine: Able to get TscreenShot
2017-01-25 16:02:59-main--INFO -com.ctaf.accelerators.TestEngine:Current Test : TC_05_oneWayDomNineAdultCheckin
2017-01-25 16:03:49-main--INFO -com.ctaf.accelerators.TestEngine: Able to get TscreenShot
2017-01-25 16:03:54-main--INFO -com.ctaf.accelerators.TestEngine:Current Test : TC_06_oneWayInterTwoAdultEco
2017-01-25 16:14:05-main--INFO -com.ctaf.accelerators.TestEngine:Android
2017-01-25 16:14:29-main--INFO -com.ctaf.accelerators.TestEngine:Starting browser : Chrome
2017-01-25 16:14:37-main--INFO -com.ctaf.accelerators.TestEngine:Current Test : TC_01_verifingChildDiscount
2017-01-25 16:18:01-main--INFO -com.ctaf.accelerators.TestEngine:Current Test : TC_02_verifingServiceChargeperPerson
2017-01-25 16:21:01-main--INFO -com.ctaf.accelerators.TestEngine:Current Test : TC_03_verifingServiceChargeperPerson
2017-01-25 16:23:32-main--INFO -com.ctaf.accelerators.TestEngine:Current Test : TC_04_verifingserviceChargeForOWEconyDomestic
2017-01-25 16:25:59-main--INFO -com.ctaf.accelerators.TestEngine:Current Test : TC_05_verifingSerCharChildDisRTFlexDom
2017-01-25 16:27:38-main--INFO -com.ctaf.accelerators.TestEngine:Current Test : TC_06_verifingServiceChargeRTBusinessDomestic
2017-01-25 16:29:55-main--INFO -com.ctaf.accelerators.TestEngine:Current Test : TC_07_verifingServiceChargewithMTEco
2017-01-25 16:32:10-main--INFO -com.ctaf.accelerators.TestEngine:Current Test : TC_08_verifingServiceChragewithMTSingleFlex
2017-01-25 16:35:17-main--INFO -com.ctaf.accelerators.TestEngine:Android
2017-01-25 16:35:41-main--INFO -com.ctaf.accelerators.TestEngine:Current Test : TC_01_oneWayDomesticEcoSADAD
2017-01-25 16:40:24-main--INFO -com.ctaf.accelerators.TestEngine: Able to get TscreenShot
2017-01-25 16:41:51-main--INFO -com.ctaf.accelerators.TestEngine:Starting browser : Android
2017-01-25 16:42:14-main--INFO -com.ctaf.accelerators.TestEngine:Current Test : TC_01_oneWayDomesticEcoSADAD
2017-01-25 16:45:05-main--INFO -com.ctaf.accelerators.TestEngine:Android
2017-01-25 16:45:28-main--INFO -com.ctaf.accelerators.TestEngine:Current Test : TC_01_oneWayDomesticEcoSADAD
2017-01-25 16:50:21-main--INFO -com.ctaf.accelerators.TestEngine: Able to get TscreenShot
2017-01-25 16:50:26-main--INFO -com.ctaf.accelerators.TestEngine:Current Test : TC_02_oneWayDomesticBusinessCC
2017-01-25 16:55:12-main--INFO -com.ctaf.accelerators.TestEngine: Able to get TscreenShot
2017-01-25 16:55:18-main--INFO -com.ctaf.accelerators.TestEngine:Current Test : TC_03_oneWayDomesticEcoChangeDate
2017-01-25 16:57:42-main--INFO -com.ctaf.accelerators.TestEngine:Android
2017-01-25 16:58:05-main--INFO -com.ctaf.accelerators.TestEngine:Current Test : TC_01_oneWayDomesticEcoSADAD
2017-01-25 16:58:57-main--INFO -com.ctaf.accelerators.TestEngine:Android
2017-01-25 16:59:20-main--INFO -com.ctaf.accelerators.TestEngine:Current Test : TC_01_oneWayDomesticEcoSADAD
2017-01-25 17:04:26-main--INFO -com.ctaf.accelerators.TestEngine: Able to get TscreenShot
2017-01-25 17:04:32-main--INFO -com.ctaf.accelerators.TestEngine:Current Test : TC_02_oneWayDomesticBusinessCC
2017-01-25 17:11:06-main--INFO -com.ctaf.accelerators.TestEngine: Able to get TscreenShot
2017-01-25 17:11:11-main--INFO -com.ctaf.accelerators.TestEngine:Current Test : TC_03_oneWayDomesticEcoChangeDate
2017-01-25 17:16:27-main--INFO -com.ctaf.accelerators.TestEngine:Android
2017-01-25 17:16:51-main--INFO -com.ctaf.accelerators.TestEngine:Current Test : TC_01_oneWayDomesticEcoSADAD
2017-01-25 17:21:59-main--INFO -com.ctaf.accelerators.TestEngine: Able to get TscreenShot
2017-01-25 17:22:04-main--INFO -com.ctaf.accelerators.TestEngine:Current Test : TC_02_oneWayDomesticBusinessCC
2017-01-25 17:23:03-main--INFO -com.ctaf.accelerators.TestEngine:Current Test : TC_03_oneWayDomesticEcoChangeDate
2017-01-25 17:24:37-main--INFO -com.ctaf.accelerators.TestEngine:Android
2017-01-25 17:25:00-main--INFO -com.ctaf.accelerators.TestEngine:Current Test : TC_01_oneWayDomesticEcoSADAD
2017-01-25 17:30:37-main--INFO -com.ctaf.accelerators.TestEngine: Able to get TscreenShot
2017-01-25 17:30:40-main--INFO -com.ctaf.accelerators.TestEngine: Able to get TscreenShot
2017-01-25 17:30:45-main--INFO -com.ctaf.accelerators.TestEngine:Current Test : TC_02_oneWayDomesticBusinessCC
2017-01-25 17:37:56-main--INFO -com.ctaf.accelerators.TestEngine:Current Test : TC_03_oneWayDomesticEcoChangeDate
2017-01-25 17:39:00-main--INFO -com.ctaf.accelerators.TestEngine:Current Test : TC_04_oneWayDomOneAdultCheckin
2017-01-25 17:40:02-main--INFO -com.ctaf.accelerators.TestEngine: Able to get TscreenShot
2017-01-25 17:40:07-main--INFO -com.ctaf.accelerators.TestEngine:Current Test : TC_05_oneWayDomNineAdultCheckin
2017-01-25 17:41:18-main--INFO -com.ctaf.accelerators.TestEngine: Able to get TscreenShot
2017-01-25 17:41:23-main--INFO -com.ctaf.accelerators.TestEngine:Current Test : TC_06_oneWayInterTwoAdultEco
2017-01-25 17:42:19-main--INFO -com.ctaf.accelerators.TestEngine:Current Test : TC_07_roundTripDomFourAdultBusins
2017-01-25 17:42:23-main--INFO -com.ctaf.accelerators.TestEngine: Able to get TscreenShot
2017-01-25 17:42:28-main--INFO -com.ctaf.accelerators.TestEngine:Current Test : TC_08_RTInt1ad1Ch1InBusExtra
2017-01-25 17:42:32-main--INFO -com.ctaf.accelerators.TestEngine: Able to get TscreenShot
2017-01-25 17:42:37-main--INFO -com.ctaf.accelerators.TestEngine:Current Test : TC_09_RTInt1ad1Ch1InEcoExtras
2017-01-25 17:42:41-main--INFO -com.ctaf.accelerators.TestEngine: Able to get TscreenShot
2017-01-25 17:42:47-main--INFO -com.ctaf.accelerators.TestEngine:Current Test : TC10_oneAudaltOnechildFlexCodeShare
2017-01-25 17:42:50-main--INFO -com.ctaf.accelerators.TestEngine: Able to get TscreenShot
2017-01-25 17:42:56-main--INFO -com.ctaf.accelerators.TestEngine:Current Test : TC_11_oneAudaltOneChildOneInfantPartCordShare
2017-01-25 17:43:00-main--INFO -com.ctaf.accelerators.TestEngine: Able to get TscreenShot
2017-01-25 17:44:31-main--INFO -com.ctaf.accelerators.TestEngine:Starting browser : Android
2017-01-25 17:44:42-main--INFO -com.ctaf.accelerators.TestEngine:Starting browser : Android
2017-01-25 17:45:07-main--INFO -com.ctaf.accelerators.TestEngine:Current Test : TC_04_oneWayDomOneAdultCheckin
2017-01-25 17:47:14-main--INFO -com.ctaf.accelerators.TestEngine:Starting browser : Android
2017-01-25 17:47:45-main--INFO -com.ctaf.accelerators.TestEngine:Starting browser : Android
2017-01-25 17:48:10-main--INFO -com.ctaf.accelerators.TestEngine:Current Test : TC_04_oneWayDomOneAdultCheckin
2017-01-25 17:53:17-main--INFO -com.ctaf.accelerators.TestEngine:Starting browser : Android
2017-01-25 17:53:42-main--INFO -com.ctaf.accelerators.TestEngine:Current Test : TC_01_oneWayDomesticEcoSADAD
2017-01-25 17:54:21-main--INFO -com.ctaf.accelerators.TestEngine:Starting browser : Android
2017-01-25 17:54:48-main--INFO -com.ctaf.accelerators.TestEngine:Current Test : TC_01_oneWayDomesticEcoSADAD
2017-01-25 17:58:13-main--INFO -com.ctaf.accelerators.TestEngine:Android
2017-01-25 17:58:39-main--INFO -com.ctaf.accelerators.TestEngine:Current Test : TC_01_oneWayDomesticEcoSADAD
2017-01-25 17:58:45-main--INFO -com.ctaf.accelerators.TestEngine:Current Test : TC_02_oneWayDomesticBusinessCC
2017-01-25 17:59:46-main--INFO -com.ctaf.accelerators.TestEngine:Android
2017-01-25 18:00:11-main--INFO -com.ctaf.accelerators.TestEngine:Current Test : TC_01_oneWayDomesticEcoSADAD
2017-01-25 18:03:30-main--INFO -com.ctaf.accelerators.TestEngine:Android
2017-01-25 18:03:52-main--INFO -com.ctaf.accelerators.TestEngine:Current Test : TC_01_oneWayDomesticEcoSADAD
2017-01-25 18:09:06-main--INFO -com.ctaf.accelerators.TestEngine: Able to get TscreenShot
2017-01-25 18:09:08-main--INFO -com.ctaf.accelerators.TestEngine: Able to get TscreenShot
2017-01-25 18:09:13-main--INFO -com.ctaf.accelerators.TestEngine:Current Test : TC_02_oneWayDomesticBusinessCC
2017-01-25 18:15:51-main--INFO -com.ctaf.accelerators.TestEngine:Current Test : TC_03_oneWayDomesticEcoChangeDate
2017-01-25 18:17:40-main--INFO -com.ctaf.accelerators.TestEngine: Able to get TscreenShot
2017-01-25 18:18:44-main--INFO -com.ctaf.accelerators.TestEngine:Starting browser : Android
2017-01-25 18:19:07-main--INFO -com.ctaf.accelerators.TestEngine:Current Test : TC_03_oneWayDomesticEcoChangeDate
2017-01-25 18:24:11-main--INFO -com.ctaf.accelerators.TestEngine: Able to get TscreenShot
2017-01-25 18:25:08-main--INFO -com.ctaf.accelerators.TestEngine:Starting browser : Android
2017-01-25 18:25:50-main--INFO -com.ctaf.accelerators.TestEngine:Starting browser : Android
2017-01-25 18:26:06-main--INFO -com.ctaf.accelerators.TestEngine:Starting browser : Android
2017-01-25 18:26:32-main--INFO -com.ctaf.accelerators.TestEngine:Current Test : TC_03_oneWayDomesticEcoChangeDate
2017-01-25 18:33:00-main--INFO -com.ctaf.accelerators.TestEngine:Starting browser : Android
2017-01-25 18:33:24-main--INFO -com.ctaf.accelerators.TestEngine:Current Test : TC_03_oneWayDomesticEcoChangeDate
2017-01-25 18:38:56-main--INFO -com.ctaf.accelerators.TestEngine: Able to get TscreenShot
2017-01-25 18:40:18-main--INFO -com.ctaf.accelerators.TestEngine:Starting browser : Android
2017-01-25 18:40:42-main--INFO -com.ctaf.accelerators.TestEngine:Current Test : TC_03_oneWayDomesticEcoChangeDate
2017-01-25 18:45:49-main--INFO -com.ctaf.accelerators.TestEngine:Starting browser : Android
2017-01-25 18:46:13-main--INFO -com.ctaf.accelerators.TestEngine:Current Test : TC_03_oneWayDomesticEcoChangeDate
2017-01-25 18:56:03-main--INFO -com.ctaf.accelerators.TestEngine:Starting browser : Android
2017-01-25 18:56:53-main--INFO -com.ctaf.accelerators.TestEngine:Current Test : TC_03_oneWayDomesticEcoChangeDate
2017-01-25 18:57:56-main--INFO -com.ctaf.accelerators.TestEngine:Starting browser : Android
2017-01-25 18:58:13-main--INFO -com.ctaf.accelerators.TestEngine:Current Test : TC_03_oneWayDomesticEcoChangeDate
2017-01-25 19:09:14-main--INFO -com.ctaf.accelerators.TestEngine:Starting browser : Android
2017-01-25 19:09:32-main--INFO -com.ctaf.accelerators.TestEngine:Current Test : TC_04_oneWayDomOneAdultCheckin
2017-01-25 19:14:10-main--INFO -com.ctaf.accelerators.TestEngine: Able to get TscreenShot
2017-01-25 19:15:24-main--INFO -com.ctaf.accelerators.TestEngine:Starting browser : Android
2017-01-25 19:15:43-main--INFO -com.ctaf.accelerators.TestEngine:Current Test : TC_04_oneWayDomOneAdultCheckin
