2017-10-11 16:02:59-main--INFO -com.ctaf.accelerators.TestEngine:Starting browser : iphone
2017-10-11 16:04:27-main--INFO -com.ctaf.accelerators.TestEngine:Current Test : TC_01_oneWayDomesticEcoSADAD
2017-10-11 16:05:21-main--INFO -com.ctaf.accelerators.TestEngine:Unable to click on By.xpath: //*[@label='Book flights']
2017-10-11 16:05:23-main--INFO -com.ctaf.accelerators.TestEngine: Able to get TscreenShot
2017-10-11 16:20:56-main--INFO -com.ctaf.accelerators.TestEngine:Starting browser : iphone
2017-10-11 16:21:27-main--INFO -com.ctaf.accelerators.TestEngine:Current Test : TC_01_oneWayDomesticEconomy_RUH_JED
2017-10-11 16:21:39-main--INFO -com.ctaf.accelerators.TestEngine:Able to click on By.xpath: //XCUIElementTypeOther/*[@label='btn menu']
2017-10-11 16:21:53-main--INFO -com.ctaf.accelerators.TestEngine:Able to click on By.xpath: //XCUIElementTypeCell[1]/*[@label='Login']
2017-10-11 16:22:04-main--INFO -com.ctaf.accelerators.TestEngine:Typing is performed on EmailAddress
2017-10-11 16:22:17-main--INFO -com.ctaf.accelerators.TestEngine:Typing is performed on Password
2017-10-11 16:22:28-main--INFO -com.ctaf.accelerators.TestEngine:Able to click on By.xpath: //*[@label='Login']
2017-10-11 17:25:11-main--INFO -com.ctaf.accelerators.TestEngine:Starting browser : iphone
2017-10-11 17:26:00-main--INFO -com.ctaf.accelerators.TestEngine:Current Test : TC_01_oneWayDomesticEconomy_RUH_JED
2017-10-11 17:26:12-main--INFO -com.ctaf.accelerators.TestEngine:Able to click on By.xpath: //XCUIElementTypeOther/*[@label='btn menu']
2017-10-11 17:27:17-main--INFO -com.ctaf.accelerators.TestEngine:Starting browser : iphone
2017-10-11 17:27:31-main--INFO -com.ctaf.accelerators.TestEngine:Current Test : TC_01_oneWayDomesticEconomy_RUH_JED
2017-10-11 17:27:44-main--INFO -com.ctaf.accelerators.TestEngine:Able to click on By.xpath: //XCUIElementTypeOther/*[@label='btn menu']
2017-10-11 17:27:58-main--INFO -com.ctaf.accelerators.TestEngine:Able to click on By.xpath: //XCUIElementTypeCell[1]/*[@label='Login']
2017-10-11 17:28:09-main--INFO -com.ctaf.accelerators.TestEngine:Typing is performed on EmailAddress
2017-10-11 17:28:22-main--INFO -com.ctaf.accelerators.TestEngine:Typing is performed on Password
2017-10-11 17:28:33-main--INFO -com.ctaf.accelerators.TestEngine:Able to click on By.xpath: //*[@label='Login']
2017-10-11 18:03:48-main--INFO -com.ctaf.accelerators.TestEngine:Starting browser : iphone
2017-10-11 18:04:32-main--INFO -com.ctaf.accelerators.TestEngine:Starting browser : iphone
2017-10-11 18:04:47-main--INFO -com.ctaf.accelerators.TestEngine:Current Test : TC_01_oneWayDomesticEcoSADAD
2017-10-11 18:39:26-main--INFO -com.ctaf.accelerators.TestEngine:Starting browser : iphone
2017-10-11 18:39:40-main--INFO -com.ctaf.accelerators.TestEngine:Current Test : TC_01_oneWayDomesticEconomy_RUH_JED
2017-10-11 18:39:53-main--INFO -com.ctaf.accelerators.TestEngine:Able to click on By.xpath: //XCUIElementTypeOther/*[@label='btn menu']
2017-10-11 18:40:07-main--INFO -com.ctaf.accelerators.TestEngine:Able to click on By.xpath: //XCUIElementTypeCell[1]/*[@label='Login']
2017-10-11 18:40:17-main--INFO -com.ctaf.accelerators.TestEngine:Typing is performed on EmailAddress
2017-10-11 18:40:30-main--INFO -com.ctaf.accelerators.TestEngine:Typing is performed on Password
2017-10-11 18:40:41-main--INFO -com.ctaf.accelerators.TestEngine:Able to click on By.xpath: //*[@label='Login']
2017-10-11 18:50:11-main--INFO -com.ctaf.accelerators.TestEngine:Starting browser : iphone
2017-10-11 18:50:45-main--INFO -com.ctaf.accelerators.TestEngine:Current Test : TC_01_oneWayDomesticEconomy_RUH_JED
2017-10-11 18:50:58-main--INFO -com.ctaf.accelerators.TestEngine:Able to click on By.xpath: //XCUIElementTypeOther/*[@label='btn menu']
2017-10-11 18:51:12-main--INFO -com.ctaf.accelerators.TestEngine:Able to click on By.xpath: //XCUIElementTypeCell[1]/*[@label='Login']
2017-10-11 18:51:23-main--INFO -com.ctaf.accelerators.TestEngine:Typing is performed on EmailAddress
2017-10-11 18:51:36-main--INFO -com.ctaf.accelerators.TestEngine:Typing is performed on Password
2017-10-11 18:51:47-main--INFO -com.ctaf.accelerators.TestEngine:Able to click on By.xpath: //*[@label='Login']
2017-10-11 18:52:49-main--INFO -com.ctaf.accelerators.TestEngine:Able to click on By.xpath: //XCUIElementTypeButton[@name='One-way']
2017-10-11 18:53:34-main--INFO -com.ctaf.accelerators.TestEngine:Able to click on By.xpath: //XCUIElementTypeOther[3]/XCUIElementTypeOther[1]/XCUIElementTypeButton
2017-10-11 18:57:31-main--INFO -com.ctaf.accelerators.TestEngine:Starting browser : iphone
2017-10-11 18:57:44-main--INFO -com.ctaf.accelerators.TestEngine:Current Test : TC_01_oneWayDomesticEconomy_RUH_JED
2017-10-11 18:57:56-main--INFO -com.ctaf.accelerators.TestEngine:Able to click on By.xpath: //XCUIElementTypeOther/*[@label='btn menu']
2017-10-11 18:59:04-main--INFO -com.ctaf.accelerators.TestEngine:Starting browser : iphone
2017-10-11 18:59:17-main--INFO -com.ctaf.accelerators.TestEngine:Current Test : TC_01_oneWayDomesticEconomy_RUH_JED
2017-10-11 18:59:30-main--INFO -com.ctaf.accelerators.TestEngine:Able to click on By.xpath: //XCUIElementTypeOther/*[@label='btn menu']
2017-10-11 18:59:44-main--INFO -com.ctaf.accelerators.TestEngine:Able to click on By.xpath: //XCUIElementTypeCell[1]/*[@label='Login']
2017-10-11 18:59:55-main--INFO -com.ctaf.accelerators.TestEngine:Typing is performed on EmailAddress
2017-10-11 19:00:07-main--INFO -com.ctaf.accelerators.TestEngine:Typing is performed on Password
2017-10-11 19:00:19-main--INFO -com.ctaf.accelerators.TestEngine:Able to click on By.xpath: //*[@label='Login']
2017-10-11 19:06:35-main--INFO -com.ctaf.accelerators.TestEngine:Starting browser : iphone
2017-10-11 19:06:49-main--INFO -com.ctaf.accelerators.TestEngine:Current Test : TC_01_oneWayDomesticEconomy_RUH_JED
2017-10-11 19:07:02-main--INFO -com.ctaf.accelerators.TestEngine:Able to click on By.xpath: //XCUIElementTypeOther/*[@label='btn menu']
2017-10-11 19:07:16-main--INFO -com.ctaf.accelerators.TestEngine:Able to click on By.xpath: //XCUIElementTypeCell[1]/*[@label='Login']
2017-10-11 19:07:26-main--INFO -com.ctaf.accelerators.TestEngine:Typing is performed on EmailAddress
2017-10-11 19:07:39-main--INFO -com.ctaf.accelerators.TestEngine:Typing is performed on Password
2017-10-11 19:07:50-main--INFO -com.ctaf.accelerators.TestEngine:Able to click on By.xpath: //*[@label='Login']
2017-10-11 19:27:23-main--INFO -com.ctaf.accelerators.TestEngine:Starting browser : iphone
2017-10-11 19:27:57-main--INFO -com.ctaf.accelerators.TestEngine:Current Test : TC_01_oneWayDomesticEconomy_RUH_JED
2017-10-11 19:28:09-main--INFO -com.ctaf.accelerators.TestEngine:Able to click on By.xpath: //XCUIElementTypeOther/*[@label='btn menu']
2017-10-11 19:28:23-main--INFO -com.ctaf.accelerators.TestEngine:Able to click on By.xpath: //XCUIElementTypeCell[1]/*[@label='Login']
2017-10-11 19:28:34-main--INFO -com.ctaf.accelerators.TestEngine:Typing is performed on EmailAddress
2017-10-11 19:28:47-main--INFO -com.ctaf.accelerators.TestEngine:Typing is performed on Password
2017-10-11 19:28:58-main--INFO -com.ctaf.accelerators.TestEngine:Able to click on By.xpath: //*[@label='Login']
2017-10-11 19:29:52-main--INFO -com.ctaf.accelerators.TestEngine:Able to click on By.xpath: //XCUIElementTypeButton[@name='One-way']
2017-10-11 20:03:21-main--INFO -com.ctaf.accelerators.TestEngine:Starting browser : iphone
2017-10-11 20:03:36-main--INFO -com.ctaf.accelerators.TestEngine:Current Test : TC_02_oneWayDomesticEconomy_RUH_DMM
2017-10-11 20:03:50-main--INFO -com.ctaf.accelerators.TestEngine:Starting browser : iphone
2017-10-11 20:04:03-main--INFO -com.ctaf.accelerators.TestEngine:Current Test : TC_02_oneWayDomesticEconomy_RUH_DMM
2017-10-11 20:05:18-main--INFO -com.ctaf.accelerators.TestEngine:Able to click on Search
2017-10-11 20:05:31-main--INFO -com.ctaf.accelerators.TestEngine:Typing is performed on Origin
2017-10-11 20:05:37-main--INFO -com.ctaf.accelerators.TestEngine:Able to click on RUH
2017-10-11 20:05:48-main--INFO -com.ctaf.accelerators.TestEngine:Typing is performed on Destination
2017-10-11 20:05:54-main--INFO -com.ctaf.accelerators.TestEngine:Able to click on DMM
2017-10-11 20:06:16-main--INFO -com.ctaf.accelerators.TestEngine:Unable to click on By.xpath: /XCUIElementTypeScrollView/XCUIElementTypeOther/XCUIElementTypeOther/XCUIElementTypeOther[2]/XCUIElementTypeOther[2]/XCUIElementTypeOther[1]/XCUIElementTypeButton
2017-10-11 20:06:16-main--INFO -com.ctaf.accelerators.TestEngine: Able to get TscreenShot
2017-10-11 20:30:57-main--INFO -com.ctaf.accelerators.TestEngine:Starting browser : iphone
2017-10-11 20:31:11-main--INFO -com.ctaf.accelerators.TestEngine:Current Test : TC_02_oneWayDomesticEconomy_RUH_DMM
2017-10-11 20:31:14-main--INFO -com.ctaf.accelerators.TestEngine:Able to click on Book
2017-10-11 20:32:27-main--INFO -com.ctaf.accelerators.TestEngine:Able to click on One-way
2017-10-11 20:32:34-main--INFO -com.ctaf.accelerators.TestEngine:Able to click on Origin
2017-10-11 20:32:50-main--INFO -com.ctaf.accelerators.TestEngine:Able to click on Search
2017-10-11 20:32:59-main--INFO -com.ctaf.accelerators.TestEngine:Typing is performed on Origin
2017-10-11 20:33:04-main--INFO -com.ctaf.accelerators.TestEngine:Able to click on RUH
2017-10-11 20:33:13-main--INFO -com.ctaf.accelerators.TestEngine:Typing is performed on Destination
2017-10-11 20:33:18-main--INFO -com.ctaf.accelerators.TestEngine:Able to click on DMM
2017-10-11 20:33:39-main--INFO -com.ctaf.accelerators.TestEngine:Able to click on Find Flights
2017-10-11 20:37:32-main--INFO -com.ctaf.accelerators.TestEngine:Starting browser : iphone
2017-10-11 20:37:47-main--INFO -com.ctaf.accelerators.TestEngine:Current Test : TC_02_oneWayDomesticEconomy_RUH_DMM
2017-10-11 20:37:49-main--INFO -com.ctaf.accelerators.TestEngine:Able to click on Book
2017-10-11 20:38:22-main--INFO -com.ctaf.accelerators.TestEngine:Starting browser : iphone
2017-10-11 20:38:36-main--INFO -com.ctaf.accelerators.TestEngine:Current Test : TC_02_oneWayDomesticEconomy_RUH_DMM
2017-10-11 20:38:38-main--INFO -com.ctaf.accelerators.TestEngine:Able to click on Book
2017-10-11 20:39:01-main--INFO -com.ctaf.accelerators.TestEngine:Able to click on One-way
2017-10-11 20:39:07-main--INFO -com.ctaf.accelerators.TestEngine:Able to click on Origin
2017-10-11 20:39:20-main--INFO -com.ctaf.accelerators.TestEngine:Able to click on Search
2017-10-11 20:39:29-main--INFO -com.ctaf.accelerators.TestEngine:Typing is performed on Origin
2017-10-11 20:39:34-main--INFO -com.ctaf.accelerators.TestEngine:Able to click on RUH
2017-10-11 20:39:43-main--INFO -com.ctaf.accelerators.TestEngine:Typing is performed on Destination
2017-10-11 20:39:48-main--INFO -com.ctaf.accelerators.TestEngine:Able to click on DMM
2017-10-11 20:40:17-main--INFO -com.ctaf.accelerators.TestEngine:Able to click on By.xpath: //XCUIElementTypeScrollView/XCUIElementTypeOther/XCUIElementTypeOther/XCUIElementTypeOther[3]/XCUIElementTypeButton
2017-10-11 20:40:44-main--INFO -com.ctaf.accelerators.TestEngine:Able to click on By.xpath: //*[@label='Child']/following::XCUIElementTypeButton[2]
2017-10-11 20:41:10-main--INFO -com.ctaf.accelerators.TestEngine:Able to click on By.xpath: //*[@label='Infant']/following::XCUIElementTypeButton[2]
2017-10-11 21:00:00-main--INFO -com.ctaf.accelerators.TestEngine:Starting browser : iphone
2017-10-11 21:01:14-main--INFO -com.ctaf.accelerators.TestEngine:Starting browser : iphone
2017-10-11 21:01:28-main--INFO -com.ctaf.accelerators.TestEngine:Current Test : TC_02_oneWayDomesticEconomy_RUH_DMM
2017-10-11 21:01:31-main--INFO -com.ctaf.accelerators.TestEngine:Able to click on Book
2017-10-11 21:01:57-main--INFO -com.ctaf.accelerators.TestEngine:Able to click on One-way
2017-10-11 21:02:06-main--INFO -com.ctaf.accelerators.TestEngine:Able to click on Origin
2017-10-11 21:02:16-main--INFO -com.ctaf.accelerators.TestEngine:Able to click on Search
2017-10-11 21:02:25-main--INFO -com.ctaf.accelerators.TestEngine:Typing is performed on Origin
2017-10-11 21:02:31-main--INFO -com.ctaf.accelerators.TestEngine:Able to click on RUH
2017-10-11 21:02:40-main--INFO -com.ctaf.accelerators.TestEngine:Typing is performed on Destination
2017-10-11 21:02:44-main--INFO -com.ctaf.accelerators.TestEngine:Able to click on DMM
2017-10-11 21:03:04-main--INFO -com.ctaf.accelerators.TestEngine:Able to click on By.xpath: //XCUIElementTypeScrollView/XCUIElementTypeOther/XCUIElementTypeOther/XCUIElementTypeOther[3]/XCUIElementTypeButton
2017-10-11 21:03:37-main--INFO -com.ctaf.accelerators.TestEngine:Able to click on By.xpath: //*[@label='Child']/following::XCUIElementTypeButton[2]
2017-10-11 21:04:29-main--INFO -com.ctaf.accelerators.TestEngine:Able to click on By.xpath: //*[@label='Infant']/following::XCUIElementTypeButton[2]
2017-10-11 21:05:08-main--INFO -com.ctaf.accelerators.TestEngine:Able to click on Find Flights
2017-10-11 21:10:05-main--INFO -com.ctaf.accelerators.TestEngine:Starting browser : iphone
2017-10-11 21:10:18-main--INFO -com.ctaf.accelerators.TestEngine:Current Test : TC_02_oneWayDomesticEconomy_RUH_DMM
2017-10-11 21:10:20-main--INFO -com.ctaf.accelerators.TestEngine:Able to click on Book
2017-10-11 21:10:48-main--INFO -com.ctaf.accelerators.TestEngine:Able to click on One-way
2017-10-11 21:10:52-main--INFO -com.ctaf.accelerators.TestEngine:Able to click on Origin
2017-10-11 21:11:02-main--INFO -com.ctaf.accelerators.TestEngine:Able to click on Search
2017-10-11 21:11:10-main--INFO -com.ctaf.accelerators.TestEngine:Typing is performed on Origin
2017-10-11 21:11:16-main--INFO -com.ctaf.accelerators.TestEngine:Able to click on RUH
2017-10-11 21:11:24-main--INFO -com.ctaf.accelerators.TestEngine:Typing is performed on Destination
2017-10-11 21:11:31-main--INFO -com.ctaf.accelerators.TestEngine:Able to click on DMM
2017-10-11 21:11:46-main--INFO -com.ctaf.accelerators.TestEngine:Able to click on Passengers
2017-10-11 21:12:07-main--INFO -com.ctaf.accelerators.TestEngine:Able to click on By.xpath: //*[@label='Child']/following::XCUIElementTypeButton[2]
