2017-09-10 10:51:30-main--INFO -com.ctaf.accelerators.TestEngine:Starting browser : iphone
2017-09-10 10:55:39-main--INFO -com.ctaf.accelerators.TestEngine:Starting browser : iphone
2017-09-10 10:56:44-main--INFO -com.ctaf.accelerators.TestEngine:Current Test : TC_01_oneWayDomesticEconomy_RUH_JED
2017-09-10 10:56:52-main--INFO -com.ctaf.accelerators.TestEngine:Able to click on By.xpath: //XCUIElementTypeOther/*[@label='btn menu']
2017-09-10 10:59:12-main--INFO -com.ctaf.accelerators.TestEngine:Unable to click on By.xpath: //XCUIElementTypeCell[1]/*[@label='Login']
2017-09-10 10:59:12-main--INFO -com.ctaf.accelerators.TestEngine: Able to get TscreenShot
2017-09-10 10:59:33-main--INFO -com.ctaf.accelerators.TestEngine:Current Test : TC_02_oneWayDomesticEconomy_RUH_DMM
2017-09-10 10:59:42-main--INFO -com.ctaf.accelerators.TestEngine:Able to click on By.xpath: //*[@label='Book flights']
2017-09-10 11:00:00-main--INFO -com.ctaf.accelerators.TestEngine:Able to click on By.xpath: //*[@label='One-way']
2017-09-10 11:00:13-main--INFO -com.ctaf.accelerators.TestEngine:Able to click on By.xpath: //XCUIElementTypeOther[3]/XCUIElementTypeOther[1]/XCUIElementTypeButton
2017-09-10 11:00:19-main--INFO -com.ctaf.accelerators.TestEngine:Able to click on Search
2017-09-10 11:00:27-main--INFO -com.ctaf.accelerators.TestEngine:Typing is performed on Origin
2017-09-10 11:00:29-main--INFO -com.ctaf.accelerators.TestEngine:Able to click on RUH
2017-09-10 11:00:37-main--INFO -com.ctaf.accelerators.TestEngine:Typing is performed on Destination
2017-09-10 11:00:39-main--INFO -com.ctaf.accelerators.TestEngine:Able to click on DMM
2017-09-10 11:00:45-main--INFO -com.ctaf.accelerators.TestEngine:Able to click on Find Flights
2017-09-10 11:16:05-main--INFO -com.ctaf.accelerators.TestEngine:Unable to click on By.xpath: //*[@label='Continue to Select Extras']
2017-09-10 11:16:05-main--INFO -com.ctaf.accelerators.TestEngine: Able to get TscreenShot
2017-09-10 11:16:26-main--INFO -com.ctaf.accelerators.TestEngine:Current Test : TC_03_oneWayDomesticEconomy_RUH_GIZ
2017-09-10 11:16:35-main--INFO -com.ctaf.accelerators.TestEngine:Able to click on By.xpath: //*[@label='Book flights']
2017-09-10 11:16:53-main--INFO -com.ctaf.accelerators.TestEngine:Able to click on By.xpath: //*[@label='One-way']
2017-09-10 11:17:06-main--INFO -com.ctaf.accelerators.TestEngine:Able to click on By.xpath: //XCUIElementTypeOther[3]/XCUIElementTypeOther[1]/XCUIElementTypeButton
2017-09-10 11:17:12-main--INFO -com.ctaf.accelerators.TestEngine:Able to click on Search
2017-09-10 11:17:19-main--INFO -com.ctaf.accelerators.TestEngine:Typing is performed on Origin
2017-09-10 11:17:22-main--INFO -com.ctaf.accelerators.TestEngine:Able to click on RUH
2017-09-10 11:17:29-main--INFO -com.ctaf.accelerators.TestEngine:Typing is performed on Destination
2017-09-10 11:17:32-main--INFO -com.ctaf.accelerators.TestEngine:Able to click on GIZ
2017-09-10 11:17:37-main--INFO -com.ctaf.accelerators.TestEngine:Able to click on Find Flights
2017-09-10 11:28:51-main--INFO -com.ctaf.accelerators.TestEngine:Unable to click on By.xpath: //*[@label='Continue to Select Extras']
2017-09-10 11:28:52-main--INFO -com.ctaf.accelerators.TestEngine: Able to get TscreenShot
2017-09-10 11:29:13-main--INFO -com.ctaf.accelerators.TestEngine:Current Test : TC_04_oneWayDomesticEconomy_RUH_MED
2017-09-10 11:29:22-main--INFO -com.ctaf.accelerators.TestEngine:Able to click on By.xpath: //*[@label='Book flights']
2017-09-10 11:29:41-main--INFO -com.ctaf.accelerators.TestEngine:Able to click on By.xpath: //*[@label='One-way']
2017-09-10 11:29:54-main--INFO -com.ctaf.accelerators.TestEngine:Able to click on By.xpath: //XCUIElementTypeOther[3]/XCUIElementTypeOther[1]/XCUIElementTypeButton
2017-09-10 11:30:00-main--INFO -com.ctaf.accelerators.TestEngine:Able to click on Search
2017-09-10 11:30:08-main--INFO -com.ctaf.accelerators.TestEngine:Typing is performed on Origin
2017-09-10 11:30:11-main--INFO -com.ctaf.accelerators.TestEngine:Able to click on RUH
2017-09-10 11:30:18-main--INFO -com.ctaf.accelerators.TestEngine:Typing is performed on Destination
2017-09-10 11:30:21-main--INFO -com.ctaf.accelerators.TestEngine:Able to click on MED
2017-09-10 11:30:27-main--INFO -com.ctaf.accelerators.TestEngine:Able to click on Find Flights
2017-09-10 11:38:19-main--INFO -com.ctaf.accelerators.TestEngine:Unable to click on By.xpath: //*[@label='Continue to Select Extras']
2017-09-10 11:38:19-main--INFO -com.ctaf.accelerators.TestEngine: Able to get TscreenShot
2017-09-10 11:38:39-main--INFO -com.ctaf.accelerators.TestEngine:Current Test : TC_05_oneWayDomesticEconomy_RUH_TIF
2017-09-10 11:38:48-main--INFO -com.ctaf.accelerators.TestEngine:Able to click on By.xpath: //*[@label='Book flights']
2017-09-10 11:39:07-main--INFO -com.ctaf.accelerators.TestEngine:Able to click on By.xpath: //*[@label='One-way']
2017-09-10 11:39:19-main--INFO -com.ctaf.accelerators.TestEngine:Able to click on By.xpath: //XCUIElementTypeOther[3]/XCUIElementTypeOther[1]/XCUIElementTypeButton
2017-09-10 11:39:25-main--INFO -com.ctaf.accelerators.TestEngine:Able to click on Search
2017-09-10 11:39:33-main--INFO -com.ctaf.accelerators.TestEngine:Typing is performed on Origin
2017-09-10 11:39:35-main--INFO -com.ctaf.accelerators.TestEngine:Able to click on RUH
2017-09-10 11:39:43-main--INFO -com.ctaf.accelerators.TestEngine:Typing is performed on Destination
2017-09-10 11:39:45-main--INFO -com.ctaf.accelerators.TestEngine:Able to click on TIF
2017-09-10 11:39:50-main--INFO -com.ctaf.accelerators.TestEngine:Able to click on Find Flights
2017-09-10 11:40:32-main--INFO -com.ctaf.accelerators.TestEngine:Able to click on By.xpath: //*[@label='icn arrow right red']
2017-09-10 11:40:59-main--INFO -com.ctaf.accelerators.TestEngine:Able to click on By.xpath: //*[@label='icn arrow right red']
2017-09-10 11:41:29-main--INFO -com.ctaf.accelerators.TestEngine:Able to click on By.xpath: //*[@label='icn arrow right red']
2017-09-10 11:41:59-main--INFO -com.ctaf.accelerators.TestEngine:Able to click on By.xpath: //*[@label='icn arrow right red']
2017-09-10 11:49:49-main--INFO -com.ctaf.accelerators.TestEngine:Unable to click on By.xpath: //*[@label='Continue to Select Extras']
2017-09-10 11:49:49-main--INFO -com.ctaf.accelerators.TestEngine: Able to get TscreenShot
2017-09-10 11:50:09-main--INFO -com.ctaf.accelerators.TestEngine:Current Test : TC_06_oneWayDomesticEconomy_RUH_HAS
2017-09-10 11:50:18-main--INFO -com.ctaf.accelerators.TestEngine:Able to click on By.xpath: //*[@label='Book flights']
2017-09-10 11:50:37-main--INFO -com.ctaf.accelerators.TestEngine:Able to click on By.xpath: //*[@label='One-way']
2017-09-10 11:50:50-main--INFO -com.ctaf.accelerators.TestEngine:Able to click on By.xpath: //XCUIElementTypeOther[3]/XCUIElementTypeOther[1]/XCUIElementTypeButton
2017-09-10 11:50:57-main--INFO -com.ctaf.accelerators.TestEngine:Able to click on Search
2017-09-10 11:51:04-main--INFO -com.ctaf.accelerators.TestEngine:Typing is performed on Origin
2017-09-10 11:51:07-main--INFO -com.ctaf.accelerators.TestEngine:Able to click on RUH
2017-09-10 11:51:15-main--INFO -com.ctaf.accelerators.TestEngine:Typing is performed on Destination
2017-09-10 11:51:18-main--INFO -com.ctaf.accelerators.TestEngine:Able to click on HAS
2017-09-10 11:51:23-main--INFO -com.ctaf.accelerators.TestEngine:Able to click on Find Flights
2017-09-10 11:59:03-main--INFO -com.ctaf.accelerators.TestEngine:Unable to click on By.xpath: //*[@label='Continue to Select Extras']
2017-09-10 11:59:03-main--INFO -com.ctaf.accelerators.TestEngine: Able to get TscreenShot
2017-09-10 11:59:26-main--INFO -com.ctaf.accelerators.TestEngine:Current Test : TC_07_oneWayDomesticEconomy_RUH_TUU
2017-09-10 11:59:35-main--INFO -com.ctaf.accelerators.TestEngine:Able to click on By.xpath: //*[@label='Book flights']
2017-09-10 11:59:54-main--INFO -com.ctaf.accelerators.TestEngine:Able to click on By.xpath: //*[@label='One-way']
2017-09-10 12:00:06-main--INFO -com.ctaf.accelerators.TestEngine:Able to click on By.xpath: //XCUIElementTypeOther[3]/XCUIElementTypeOther[1]/XCUIElementTypeButton
2017-09-10 12:00:13-main--INFO -com.ctaf.accelerators.TestEngine:Able to click on Search
2017-09-10 12:00:20-main--INFO -com.ctaf.accelerators.TestEngine:Typing is performed on Origin
2017-09-10 12:00:23-main--INFO -com.ctaf.accelerators.TestEngine:Able to click on RUH
2017-09-10 12:00:30-main--INFO -com.ctaf.accelerators.TestEngine:Typing is performed on Destination
2017-09-10 12:00:33-main--INFO -com.ctaf.accelerators.TestEngine:Able to click on TUU
2017-09-10 12:00:38-main--INFO -com.ctaf.accelerators.TestEngine:Able to click on Find Flights
2017-09-10 12:07:50-main--INFO -com.ctaf.accelerators.TestEngine:Unable to click on By.xpath: //*[@label='Continue to Select Extras']
2017-09-10 12:07:50-main--INFO -com.ctaf.accelerators.TestEngine: Able to get TscreenShot
2017-09-10 12:08:11-main--INFO -com.ctaf.accelerators.TestEngine:Current Test : TC_08_oneWayDomesticEconomy_RUH_URY
2017-09-10 12:08:20-main--INFO -com.ctaf.accelerators.TestEngine:Able to click on By.xpath: //*[@label='Book flights']
2017-09-10 12:08:38-main--INFO -com.ctaf.accelerators.TestEngine:Able to click on By.xpath: //*[@label='One-way']
2017-09-10 12:08:50-main--INFO -com.ctaf.accelerators.TestEngine:Able to click on By.xpath: //XCUIElementTypeOther[3]/XCUIElementTypeOther[1]/XCUIElementTypeButton
2017-09-10 12:08:56-main--INFO -com.ctaf.accelerators.TestEngine:Able to click on Search
2017-09-10 12:09:04-main--INFO -com.ctaf.accelerators.TestEngine:Typing is performed on Origin
2017-09-10 12:09:07-main--INFO -com.ctaf.accelerators.TestEngine:Able to click on RUH
2017-09-10 12:09:14-main--INFO -com.ctaf.accelerators.TestEngine:Typing is performed on Destination
2017-09-10 12:09:17-main--INFO -com.ctaf.accelerators.TestEngine:Able to click on URY
2017-09-10 12:09:22-main--INFO -com.ctaf.accelerators.TestEngine:Able to click on Find Flights
2017-09-10 12:10:02-main--INFO -com.ctaf.accelerators.TestEngine:Able to click on By.xpath: //*[@label='icn arrow right red']
2017-09-10 12:10:30-main--INFO -com.ctaf.accelerators.TestEngine:Able to click on By.xpath: //*[@label='icn arrow right red']
2017-09-10 12:10:58-main--INFO -com.ctaf.accelerators.TestEngine:Able to click on By.xpath: //*[@label='icn arrow right red']
2017-09-10 12:11:26-main--INFO -com.ctaf.accelerators.TestEngine:Able to click on By.xpath: //*[@label='icn arrow right red']
2017-09-10 12:11:56-main--INFO -com.ctaf.accelerators.TestEngine:Able to click on By.xpath: //*[@label='icn arrow right red']
2017-09-10 12:12:24-main--INFO -com.ctaf.accelerators.TestEngine:Able to click on By.xpath: //*[@label='icn arrow right red']
2017-09-10 12:12:54-main--INFO -com.ctaf.accelerators.TestEngine:Able to click on By.xpath: //*[@label='icn arrow right red']
2017-09-10 12:13:21-main--INFO -com.ctaf.accelerators.TestEngine:Able to click on By.xpath: //*[@label='icn arrow right red']
2017-09-10 12:13:51-main--INFO -com.ctaf.accelerators.TestEngine:Able to click on By.xpath: //*[@label='icn arrow right red']
2017-09-10 12:14:20-main--INFO -com.ctaf.accelerators.TestEngine:Able to click on By.xpath: //*[@label='icn arrow right red']
2017-09-10 12:14:47-main--INFO -com.ctaf.accelerators.TestEngine:Able to click on By.xpath: //*[@label='icn arrow right red']
2017-09-10 12:15:17-main--INFO -com.ctaf.accelerators.TestEngine:Able to click on By.xpath: //*[@label='icn arrow right red']
2017-09-10 12:15:45-main--INFO -com.ctaf.accelerators.TestEngine:Able to click on By.xpath: //*[@label='icn arrow right red']
2017-09-10 12:36:34-main--INFO -com.ctaf.accelerators.TestEngine:Starting browser : iphone
2017-09-10 12:37:55-main--INFO -com.ctaf.accelerators.TestEngine:Current Test : TC_01_oneWayDomesticEconomy_RUH_JED
2017-09-10 12:38:05-main--INFO -com.ctaf.accelerators.TestEngine:Able to click on By.xpath: //*[@label='Book flights']
2017-09-10 16:59:47-main--INFO -com.ctaf.accelerators.TestEngine:Starting browser : iphone
2017-09-10 17:49:08-main--INFO -com.ctaf.accelerators.TestEngine:Starting browser : iphone
2017-09-10 18:32:13-main--INFO -com.ctaf.accelerators.TestEngine:Starting browser : Android
2017-09-10 18:32:55-main--INFO -com.ctaf.accelerators.TestEngine:Current Test : TC_01_oneWayDomesticEconomy_RUH_JED
2017-09-10 18:37:20-main--INFO -com.ctaf.accelerators.TestEngine:Starting browser : Android
2017-09-10 18:37:51-main--INFO -com.ctaf.accelerators.TestEngine:Current Test : TC_01_oneWayDomesticEconomy_RUH_JED
2017-09-10 18:44:58-main--INFO -com.ctaf.accelerators.TestEngine:Unable to click on By.xpath: //XCUIElementTypeOther/*[@label='btn menu']
2017-09-10 18:45:00-main--INFO -com.ctaf.accelerators.TestEngine: Able to get TscreenShot
