2016-12-16 10:34:22-main--INFO -com.ctaf.accelerators.TestEngine:Starting browser : Android
2016-12-16 10:34:40-main--INFO -com.ctaf.accelerators.TestEngine:Current Test : TC_06_oneWayInterTwoAdultEco
2016-12-16 10:45:04-main--INFO -com.ctaf.accelerators.TestEngine:Starting browser : Android
2016-12-16 10:45:23-main--INFO -com.ctaf.accelerators.TestEngine:Starting browser : Android
2016-12-16 10:45:42-main--INFO -com.ctaf.accelerators.TestEngine:Current Test : TC_05_oneWayDomNineAdultCheckin
2016-12-16 12:05:17-main--INFO -com.ctaf.accelerators.TestEngine:Starting browser : Android
2016-12-16 12:05:33-main--INFO -com.ctaf.accelerators.TestEngine:Current Test : TC_07_roundTripDomFourAdultBusins
2016-12-16 12:07:34-main--INFO -com.ctaf.accelerators.TestEngine:Starting browser : Android
2016-12-16 12:07:50-main--INFO -com.ctaf.accelerators.TestEngine:Current Test : TC_07_roundTripDomFourAdultBusins
2016-12-16 12:10:10-main--INFO -com.ctaf.accelerators.TestEngine:Starting browser : Android
2016-12-16 12:10:25-main--INFO -com.ctaf.accelerators.TestEngine:Current Test : TC_07_roundTripDomFourAdultBusins
2016-12-16 12:12:52-main--INFO -com.ctaf.accelerators.TestEngine:Starting browser : Android
2016-12-16 12:13:07-main--INFO -com.ctaf.accelerators.TestEngine:Current Test : TC_07_roundTripDomFourAdultBusins
2016-12-16 12:29:27-main--INFO -com.ctaf.accelerators.TestEngine:Starting browser : Android
2016-12-16 12:29:48-main--INFO -com.ctaf.accelerators.TestEngine:Current Test : TC_07_roundTripDomFourAdultBusins
2016-12-16 12:39:54-main--INFO -com.ctaf.accelerators.TestEngine:Starting browser : Android
2016-12-16 12:40:17-main--INFO -com.ctaf.accelerators.TestEngine:Current Test : TC_07_roundTripDomFourAdultBusins
2016-12-16 12:48:24-main--INFO -com.ctaf.accelerators.TestEngine:Starting browser : Android
2016-12-16 12:48:44-main--INFO -com.ctaf.accelerators.TestEngine:Current Test : TC_07_roundTripDomFourAdultBusins
2016-12-16 13:10:22-main--INFO -com.ctaf.accelerators.TestEngine:Starting browser : Android
2016-12-16 13:10:39-main--INFO -com.ctaf.accelerators.TestEngine:Current Test : TC_07_roundTripDomFourAdultBusins
2016-12-16 13:27:43-main--INFO -com.ctaf.accelerators.TestEngine: Able to get TscreenShot
2016-12-16 15:11:53-main--INFO -com.ctaf.accelerators.TestEngine:Starting browser : Android
2016-12-16 15:12:49-main--INFO -com.ctaf.accelerators.TestEngine:Starting browser : Android
2016-12-16 15:13:14-main--INFO -com.ctaf.accelerators.TestEngine:Starting browser : Android
2016-12-16 15:13:28-main--INFO -com.ctaf.accelerators.TestEngine:Starting browser : Android
2016-12-16 15:13:44-main--INFO -com.ctaf.accelerators.TestEngine:Current Test : TC_08_RTInt1ad1Ch1InBusExtra
2016-12-16 15:16:35-main--INFO -com.ctaf.accelerators.TestEngine:Starting browser : Android
2016-12-16 15:16:50-main--INFO -com.ctaf.accelerators.TestEngine:Starting browser : Android
2016-12-16 15:17:06-main--INFO -com.ctaf.accelerators.TestEngine:Current Test : TC_08_RTInt1ad1Ch1InBusExtra
2016-12-16 15:20:53-main--INFO -com.ctaf.accelerators.TestEngine:Starting browser : Android
2016-12-16 15:21:10-main--INFO -com.ctaf.accelerators.TestEngine:Current Test : TC_08_RTInt1ad1Ch1InBusExtra
2016-12-16 15:22:52-main--INFO -com.ctaf.accelerators.TestEngine:Starting browser : Android
2016-12-16 15:23:09-main--INFO -com.ctaf.accelerators.TestEngine:Current Test : TC_08_RTInt1ad1Ch1InBusExtra
2016-12-16 15:25:11-main--INFO -com.ctaf.accelerators.TestEngine:Starting browser : Android
2016-12-16 15:25:26-main--INFO -com.ctaf.accelerators.TestEngine:Current Test : TC_08_RTInt1ad1Ch1InBusExtra
2016-12-16 15:46:29-main--INFO -com.ctaf.accelerators.TestEngine:Starting browser : Android
2016-12-16 15:46:47-main--INFO -com.ctaf.accelerators.TestEngine:Current Test : TC_08_RTInt1ad1Ch1InBusExtra
2016-12-16 15:51:06-main--INFO -com.ctaf.accelerators.TestEngine:Starting browser : Android
2016-12-16 15:51:24-main--INFO -com.ctaf.accelerators.TestEngine:Current Test : TC_08_RTInt1ad1Ch1InBusExtra
2016-12-16 15:54:52-main--INFO -com.ctaf.accelerators.TestEngine:Starting browser : Android
2016-12-16 15:55:10-main--INFO -com.ctaf.accelerators.TestEngine:Current Test : TC_08_RTInt1ad1Ch1InBusExtra
2016-12-16 16:07:27-main--INFO -com.ctaf.accelerators.TestEngine:Starting browser : Android
2016-12-16 16:07:45-main--INFO -com.ctaf.accelerators.TestEngine:Current Test : TC_08_RTInt1ad1Ch1InBusExtra
2016-12-16 16:09:59-main--INFO -com.ctaf.accelerators.TestEngine:Starting browser : Android
2016-12-16 16:10:22-main--INFO -com.ctaf.accelerators.TestEngine:Starting browser : Android
2016-12-16 16:10:39-main--INFO -com.ctaf.accelerators.TestEngine:Current Test : TC_08_RTInt1ad1Ch1InBusExtra
2016-12-16 16:14:50-main--INFO -com.ctaf.accelerators.TestEngine:Starting browser : Android
2016-12-16 16:15:13-main--INFO -com.ctaf.accelerators.TestEngine:Current Test : TC_08_RTInt1ad1Ch1InBusExtra
2016-12-16 16:16:36-main--INFO -com.ctaf.accelerators.TestEngine:Starting browser : Android
2016-12-16 16:16:54-main--INFO -com.ctaf.accelerators.TestEngine:Current Test : TC_08_RTInt1ad1Ch1InBusExtra
2016-12-16 16:20:16-main--INFO -com.ctaf.accelerators.TestEngine:Starting browser : Android
2016-12-16 16:20:33-main--INFO -com.ctaf.accelerators.TestEngine:Current Test : TC_08_RTInt1ad1Ch1InBusExtra
2016-12-16 16:24:09-main--INFO -com.ctaf.accelerators.TestEngine:Starting browser : Android
2016-12-16 16:24:33-main--INFO -com.ctaf.accelerators.TestEngine:Starting browser : Android
2016-12-16 16:24:51-main--INFO -com.ctaf.accelerators.TestEngine:Current Test : TC_08_RTInt1ad1Ch1InBusExtra
2016-12-16 16:31:13-main--INFO -com.ctaf.accelerators.TestEngine:Starting browser : Android
2016-12-16 16:31:31-main--INFO -com.ctaf.accelerators.TestEngine:Current Test : TC_08_RTInt1ad1Ch1InBusExtra
2016-12-16 16:34:10-main--INFO -com.ctaf.accelerators.TestEngine:Starting browser : Android
2016-12-16 16:34:27-main--INFO -com.ctaf.accelerators.TestEngine:Current Test : TC_08_RTInt1ad1Ch1InBusExtra
2016-12-16 16:45:23-main--INFO -com.ctaf.accelerators.TestEngine: Able to get TscreenShot
2016-12-16 17:08:24-main--INFO -com.ctaf.accelerators.TestEngine:Starting browser : Android
2016-12-16 17:08:41-main--INFO -com.ctaf.accelerators.TestEngine:Current Test : TC_08_RTInt1ad1Ch1InBusExtra
2016-12-16 17:19:29-main--INFO -com.ctaf.accelerators.TestEngine:Starting browser : Android
2016-12-16 17:19:46-main--INFO -com.ctaf.accelerators.TestEngine:Current Test : TC_08_RTInt1ad1Ch1InBusExtra
2016-12-16 17:29:58-main--INFO -com.ctaf.accelerators.TestEngine:Starting browser : Android
2016-12-16 17:30:07-main--INFO -com.ctaf.accelerators.TestEngine:Starting browser : Android
2016-12-16 17:30:23-main--INFO -com.ctaf.accelerators.TestEngine:Current Test : TC_08_RTInt1ad1Ch1InBusExtra
2016-12-16 17:31:32-main--INFO -com.ctaf.accelerators.TestEngine:Starting browser : Android
2016-12-16 17:31:47-main--INFO -com.ctaf.accelerators.TestEngine:Current Test : TC_08_RTInt1ad1Ch1InBusExtra
2016-12-16 17:45:19-main--INFO -com.ctaf.accelerators.TestEngine: Able to get TscreenShot
2016-12-16 17:45:56-main--INFO -com.ctaf.accelerators.TestEngine:Starting browser : Android
2016-12-16 17:46:11-main--INFO -com.ctaf.accelerators.TestEngine:Current Test : TC_08_RTInt1ad1Ch1InBusExtra
2016-12-16 18:00:14-main--INFO -com.ctaf.accelerators.TestEngine:Starting browser : Android
2016-12-16 18:00:32-main--INFO -com.ctaf.accelerators.TestEngine:Current Test : TC_08_RTInt1ad1Ch1InBusExtra
2016-12-16 18:10:39-main--INFO -com.ctaf.accelerators.TestEngine:Starting browser : Android
2016-12-16 18:10:56-main--INFO -com.ctaf.accelerators.TestEngine:Current Test : TC_08_RTInt1ad1Ch1InBusExtra
2016-12-16 18:17:01-main--INFO -com.ctaf.accelerators.TestEngine:Starting browser : Android
2016-12-16 18:17:18-main--INFO -com.ctaf.accelerators.TestEngine:Current Test : TC_08_RTInt1ad1Ch1InBusExtra
2016-12-16 18:18:45-main--INFO -com.ctaf.accelerators.TestEngine:Starting browser : Android
2016-12-16 18:19:02-main--INFO -com.ctaf.accelerators.TestEngine:Current Test : TC_08_RTInt1ad1Ch1InBusExtra
2016-12-16 18:21:29-main--INFO -com.ctaf.accelerators.TestEngine:Starting browser : Android
2016-12-16 18:21:46-main--INFO -com.ctaf.accelerators.TestEngine:Current Test : TC_08_RTInt1ad1Ch1InBusExtra
2016-12-16 18:24:18-main--INFO -com.ctaf.accelerators.TestEngine:Starting browser : Android
2016-12-16 18:24:35-main--INFO -com.ctaf.accelerators.TestEngine:Current Test : TC_08_RTInt1ad1Ch1InBusExtra
2016-12-16 18:27:12-main--INFO -com.ctaf.accelerators.TestEngine:Starting browser : Android
2016-12-16 18:27:29-main--INFO -com.ctaf.accelerators.TestEngine:Current Test : TC_08_RTInt1ad1Ch1InBusExtra
2016-12-16 18:41:08-main--INFO -com.ctaf.accelerators.TestEngine:Starting browser : Android
2016-12-16 18:41:45-main--INFO -com.ctaf.accelerators.TestEngine:Starting browser : Android
2016-12-16 18:42:32-main--INFO -com.ctaf.accelerators.TestEngine:Starting browser : Android
2016-12-16 18:43:45-main--INFO -com.ctaf.accelerators.TestEngine:Starting browser : Android
2016-12-16 18:44:00-main--INFO -com.ctaf.accelerators.TestEngine:Current Test : TC_08_RTInt1ad1Ch1InBusExtra
2016-12-16 18:51:08-main--INFO -com.ctaf.accelerators.TestEngine:Starting browser : Android
2016-12-16 18:51:26-main--INFO -com.ctaf.accelerators.TestEngine:Current Test : TC_08_RTInt1ad1Ch1InBusExtra
2016-12-16 19:03:54-main--INFO -com.ctaf.accelerators.TestEngine: Able to get TscreenShot
2016-12-16 19:08:52-main--INFO -com.ctaf.accelerators.TestEngine:Starting browser : Android
2016-12-16 19:09:08-main--INFO -com.ctaf.accelerators.TestEngine:Current Test : TC_08_RTInt1ad1Ch1InBusExtra
2016-12-16 19:18:58-main--INFO -com.ctaf.accelerators.TestEngine: Able to get TscreenShot
2016-12-16 19:52:17-main--INFO -com.ctaf.accelerators.TestEngine:Starting browser : Android
2016-12-16 19:52:39-main--INFO -com.ctaf.accelerators.TestEngine:Current Test : TC_08_RTInt1ad1Ch1InBusExtra
