2016-12-30 11:03:04-main--INFO -com.ctaf.accelerators.TestEngine:Starting browser : ie
2016-12-30 11:03:17-main--INFO -com.ctaf.accelerators.TestEngine:Current Test : Tc_09_RTInt1adult1Child1infantBus
2016-12-30 11:06:58-main--INFO -com.ctaf.accelerators.TestEngine:Starting browser : ie
2016-12-30 11:07:10-main--INFO -com.ctaf.accelerators.TestEngine:Current Test : Tc_09_RTInt1adult1Child1infantBus
2016-12-30 11:09:30-main--INFO -com.ctaf.accelerators.TestEngine:Starting browser : ie
2016-12-30 11:09:40-main--INFO -com.ctaf.accelerators.TestEngine:Current Test : Tc_09_RTInt1adult1Child1infantBus
2016-12-30 11:22:36-main--INFO -com.ctaf.accelerators.TestEngine:Starting browser : ie
2016-12-30 11:22:49-main--INFO -com.ctaf.accelerators.TestEngine:Current Test : TC_08_RTInt1adult1Child1infantBus
2016-12-30 11:27:00-main--INFO -com.ctaf.accelerators.TestEngine:Starting browser : ie
2016-12-30 11:27:17-main--INFO -com.ctaf.accelerators.TestEngine:Current Test : Tc_09_RTInt1adult1Child1infantBus
2016-12-30 11:27:42-main--INFO -com.ctaf.accelerators.TestEngine: Able to get TscreenShot
2016-12-30 11:28:04-main--INFO -com.ctaf.accelerators.TestEngine:Starting browser : ie
2016-12-30 11:28:19-main--INFO -com.ctaf.accelerators.TestEngine:Starting browser : ie
2016-12-30 11:28:30-main--INFO -com.ctaf.accelerators.TestEngine:Current Test : Tc_09_RTInt1adult1Child1infantBus
2016-12-30 11:28:55-main--INFO -com.ctaf.accelerators.TestEngine: Able to get TscreenShot
2016-12-30 11:29:19-main--INFO -com.ctaf.accelerators.TestEngine:Starting browser : ie
2016-12-30 11:29:33-main--INFO -com.ctaf.accelerators.TestEngine:Current Test : Tc_09_RTInt1adult1Child1infantBus
2016-12-30 11:29:56-main--INFO -com.ctaf.accelerators.TestEngine: Able to get TscreenShot
2016-12-30 11:30:15-main--INFO -com.ctaf.accelerators.TestEngine:Starting browser : ie
2016-12-30 11:30:24-main--INFO -com.ctaf.accelerators.TestEngine:Current Test : Tc_09_RTInt1adult1Child1infantBus
2016-12-30 11:35:48-main--INFO -com.ctaf.accelerators.TestEngine:Starting browser : ie
2016-12-30 11:36:05-main--INFO -com.ctaf.accelerators.TestEngine:Current Test : TC_01_oneWayDomesticEcoSADAD
2016-12-30 11:36:56-main--INFO -com.ctaf.accelerators.TestEngine: Able to get TscreenShot
2016-12-30 11:37:12-main--INFO -com.ctaf.accelerators.TestEngine:Starting browser : ie
2016-12-30 11:37:24-main--INFO -com.ctaf.accelerators.TestEngine:Current Test : TC_01_oneWayDomesticEcoSADAD
2016-12-30 11:42:15-main--INFO -com.ctaf.accelerators.TestEngine:Starting browser : ie
2016-12-30 11:42:24-main--INFO -com.ctaf.accelerators.TestEngine:Current Test : TC_01_oneWayDomesticEcoSADAD
2016-12-30 11:46:27-main--INFO -com.ctaf.accelerators.TestEngine:Current Test : TC_02_oneWayDomesticBusiness
2016-12-30 11:51:01-main--INFO -com.ctaf.accelerators.TestEngine: Able to get TscreenShot
2016-12-30 11:51:02-main--INFO -com.ctaf.accelerators.TestEngine: Able to get TscreenShot
2016-12-30 11:51:15-main--INFO -com.ctaf.accelerators.TestEngine:Current Test : TC_03_oneWayDomesticChangeDate
2016-12-30 11:58:51-main--INFO -com.ctaf.accelerators.TestEngine: Able to get TscreenShot
2016-12-30 11:59:06-main--INFO -com.ctaf.accelerators.TestEngine:Current Test : TC_04_oneWayDomOneAdultCheckin
2016-12-30 12:18:24-main--INFO -com.ctaf.accelerators.TestEngine: Able to get TscreenShot
2016-12-30 12:18:36-main--INFO -com.ctaf.accelerators.TestEngine:Current Test : TC_05_onewaydom8Business
2016-12-30 12:59:21-main--INFO -com.ctaf.accelerators.TestEngine:Current Test : TC_06_oneWay2InternationalEco
2016-12-30 13:05:10-main--INFO -com.ctaf.accelerators.TestEngine:Current Test : TC_07_RTDom4adultBusinessCC
2016-12-30 13:11:11-main--INFO -com.ctaf.accelerators.TestEngine:Current Test : TC_08_RTInt1adult1Child1infantBus
2016-12-30 13:16:25-main--INFO -com.ctaf.accelerators.TestEngine:Current Test : Tc_09_RTInt1adult1Child1infantBus
2016-12-30 13:40:46-main--INFO -com.ctaf.accelerators.TestEngine: Able to get TscreenShot
2016-12-30 13:40:47-main--INFO -com.ctaf.accelerators.TestEngine: Able to get TscreenShot
2016-12-30 13:40:59-main--INFO -com.ctaf.accelerators.TestEngine:Current Test : OneAdultOnechildFlexCordshare
2016-12-30 13:41:45-main--INFO -com.ctaf.accelerators.TestEngine: Able to get TscreenShot
2016-12-30 13:41:58-main--INFO -com.ctaf.accelerators.TestEngine:Current Test : TC_11oneAdultoneChildoneInfantPartCodeShare
2016-12-30 13:44:19-main--INFO -com.ctaf.accelerators.TestEngine: Able to get TscreenShot
2016-12-30 13:44:30-main--INFO -com.ctaf.accelerators.TestEngine:Current Test : PayWithCreditShell
2016-12-30 13:52:57-main--INFO -com.ctaf.accelerators.TestEngine:Starting browser : ie
2016-12-30 13:53:08-main--INFO -com.ctaf.accelerators.TestEngine:Current Test : TC_01_oneWayDomesticEcoSADAD
2016-12-30 13:57:15-main--INFO -com.ctaf.accelerators.TestEngine: Able to get TscreenShot
2016-12-30 13:57:24-main--INFO -com.ctaf.accelerators.TestEngine:Current Test : TC_02_oneWayDomesticBusiness
2016-12-30 13:59:02-main--INFO -com.ctaf.accelerators.TestEngine: Able to get TscreenShot
2016-12-30 13:59:11-main--INFO -com.ctaf.accelerators.TestEngine:Current Test : TC_03_oneWayDomesticChangeDate
2016-12-30 14:01:07-main--INFO -com.ctaf.accelerators.TestEngine:Starting browser : ie
2016-12-30 14:01:16-main--INFO -com.ctaf.accelerators.TestEngine:Current Test : TC_01_oneWayDomesticEcoSADAD
2016-12-30 14:05:29-main--INFO -com.ctaf.accelerators.TestEngine:Current Test : TC_02_oneWayDomesticBusiness
2016-12-30 14:06:00-main--INFO -com.ctaf.accelerators.TestEngine: Able to get TscreenShot
2016-12-30 14:06:11-main--INFO -com.ctaf.accelerators.TestEngine:Current Test : TC_03_oneWayDomesticChangeDate
2016-12-30 14:14:16-main--INFO -com.ctaf.accelerators.TestEngine: Able to get TscreenShot
2016-12-30 14:14:27-main--INFO -com.ctaf.accelerators.TestEngine:Current Test : TC_04_oneWayDomOneAdultCheckin
2016-12-30 15:01:48-main--INFO -com.ctaf.accelerators.TestEngine: Able to get TscreenShot
2016-12-30 15:01:49-main--INFO -com.ctaf.accelerators.TestEngine: Able to get TscreenShot
2016-12-30 15:02:02-main--INFO -com.ctaf.accelerators.TestEngine:Current Test : TC_05_onewaydom8Business
2016-12-30 15:29:37-main--INFO -com.ctaf.accelerators.TestEngine:Starting browser : ie
2016-12-30 15:29:54-main--INFO -com.ctaf.accelerators.TestEngine:Starting browser : ie
2016-12-30 15:30:08-main--INFO -com.ctaf.accelerators.TestEngine:Current Test : TC_05_onewaydom8Business
2016-12-30 15:49:34-main--INFO -com.ctaf.accelerators.TestEngine:Starting browser : ie
2016-12-30 15:49:47-main--INFO -com.ctaf.accelerators.TestEngine:Current Test : TC_01_oneWayDomesticEcoSADAD
2016-12-30 15:53:53-main--INFO -com.ctaf.accelerators.TestEngine:Current Test : TC_02_oneWayDomesticBusiness
2016-12-30 15:54:28-main--INFO -com.ctaf.accelerators.TestEngine: Able to get TscreenShot
2016-12-30 15:54:37-main--INFO -com.ctaf.accelerators.TestEngine:Current Test : TC_03_oneWayDomesticChangeDate
2016-12-30 15:55:09-main--INFO -com.ctaf.accelerators.TestEngine:Starting browser : ie
2016-12-30 15:55:25-main--INFO -com.ctaf.accelerators.TestEngine:Current Test : TC_01_oneWayDomesticEcoSADAD
2016-12-30 15:56:16-main--INFO -com.ctaf.accelerators.TestEngine: Able to get TscreenShot
2016-12-30 15:56:38-main--INFO -com.ctaf.accelerators.TestEngine:Starting browser : ie
2016-12-30 15:56:48-main--INFO -com.ctaf.accelerators.TestEngine:Current Test : TC_01_oneWayDomesticEcoSADAD
2016-12-30 16:00:54-main--INFO -com.ctaf.accelerators.TestEngine:Current Test : TC_02_oneWayDomesticBusiness
2016-12-30 16:02:34-main--INFO -com.ctaf.accelerators.TestEngine: Able to get TscreenShot
2016-12-30 16:02:45-main--INFO -com.ctaf.accelerators.TestEngine:Current Test : TC_03_oneWayDomesticChangeDate
2016-12-30 16:10:57-main--INFO -com.ctaf.accelerators.TestEngine: Able to get TscreenShot
2016-12-30 16:11:08-main--INFO -com.ctaf.accelerators.TestEngine:Current Test : TC_04_oneWayDomOneAdultCheckin
2016-12-30 16:30:45-main--INFO -com.ctaf.accelerators.TestEngine:Current Test : TC_05_onewaydom8Business
2016-12-30 17:18:55-main--INFO -com.ctaf.accelerators.TestEngine: Able to get TscreenShot
2016-12-30 17:19:04-main--INFO -com.ctaf.accelerators.TestEngine:Current Test : TC_06_oneWay2InternationalEco
2016-12-30 17:24:34-main--INFO -com.ctaf.accelerators.TestEngine:Current Test : TC_07_RTDom4adultBusinessCC
2016-12-30 17:25:55-main--INFO -com.ctaf.accelerators.TestEngine: Able to get TscreenShot
2016-12-30 17:25:56-main--INFO -com.ctaf.accelerators.TestEngine: Able to get TscreenShot
2016-12-30 17:26:05-main--INFO -com.ctaf.accelerators.TestEngine:Current Test : TC_08_RTInt1adult1Child1infantBus
2016-12-30 17:31:42-main--INFO -com.ctaf.accelerators.TestEngine:Current Test : Tc_09_RTInt1adult1Child1infantBus
2016-12-30 18:05:48-main--INFO -com.ctaf.accelerators.TestEngine: Able to get TscreenShot
2016-12-30 18:05:49-main--INFO -com.ctaf.accelerators.TestEngine: Able to get TscreenShot
2016-12-30 18:05:58-main--INFO -com.ctaf.accelerators.TestEngine:Current Test : OneAdultOnechildFlexCordshare
2016-12-30 18:09:57-main--INFO -com.ctaf.accelerators.TestEngine: Able to get TscreenShot
2016-12-30 18:10:08-main--INFO -com.ctaf.accelerators.TestEngine:Current Test : TC_11oneAdultoneChildoneInfantPartCodeShare
2016-12-30 18:17:40-main--INFO -com.ctaf.accelerators.TestEngine:Current Test : PayWithCreditShell
