2017-10-17 12:25:08-main--INFO -com.ctaf.accelerators.TestEngine:Starting browser : iphone
2017-10-17 12:26:03-main--INFO -com.ctaf.accelerators.TestEngine:Current Test : TC_01_oneWayDomesticEcoSADAD
2017-10-17 12:26:06-main--INFO -com.ctaf.accelerators.TestEngine:Able to click on Book
2017-10-17 12:51:58-main--INFO -com.ctaf.accelerators.TestEngine:Starting browser : iphone
2017-10-17 12:52:30-main--INFO -com.ctaf.accelerators.TestEngine:Current Test : TC_01_oneWayDomesticEcoSADAD
2017-10-17 12:52:33-main--INFO -com.ctaf.accelerators.TestEngine:Able to click on Book
2017-10-17 12:52:45-main--INFO -com.ctaf.accelerators.TestEngine:Able to click on Origin
2017-10-17 12:52:53-main--INFO -com.ctaf.accelerators.TestEngine:Able to click on Search
2017-10-17 12:53:02-main--INFO -com.ctaf.accelerators.TestEngine:Typing is performed on Origin
2017-10-17 12:53:12-main--INFO -com.ctaf.accelerators.TestEngine:Able to click on 
2017-10-17 12:53:20-main--INFO -com.ctaf.accelerators.TestEngine:Typing is performed on Destination
2017-10-17 12:53:31-main--INFO -com.ctaf.accelerators.TestEngine:Able to click on 
2017-10-17 12:53:31-main--INFO -com.ctaf.accelerators.TestEngine: Able to get TscreenShot
2017-10-17 12:55:07-main--INFO -com.ctaf.accelerators.TestEngine:Starting browser : iphone
2017-10-17 12:55:21-main--INFO -com.ctaf.accelerators.TestEngine:Current Test : TC_01_oneWayDomesticEcoSADAD
2017-10-17 12:55:24-main--INFO -com.ctaf.accelerators.TestEngine:Able to click on Book
2017-10-17 12:55:36-main--INFO -com.ctaf.accelerators.TestEngine:Able to click on One-way
2017-10-17 12:55:39-main--INFO -com.ctaf.accelerators.TestEngine:Able to click on Origin
2017-10-17 12:55:47-main--INFO -com.ctaf.accelerators.TestEngine:Able to click on Search
2017-10-17 12:55:55-main--INFO -com.ctaf.accelerators.TestEngine:Typing is performed on Origin
2017-10-17 12:55:59-main--INFO -com.ctaf.accelerators.TestEngine:Able to click on RUH
2017-10-17 12:56:07-main--INFO -com.ctaf.accelerators.TestEngine:Typing is performed on Destination
2017-10-17 12:56:11-main--INFO -com.ctaf.accelerators.TestEngine:Able to click on JED
2017-10-17 12:56:15-main--INFO -com.ctaf.accelerators.TestEngine:Able to click on Find Flights
2017-10-17 12:58:55-main--INFO -com.ctaf.accelerators.TestEngine:Able to click on By.xpath: //XCUIElementTypeTable/XCUIElementTypeCell/XCUIElementTypeButton[12]
2017-10-17 13:00:23-main--INFO -com.ctaf.accelerators.TestEngine:Able to click on By.xpath: //*[@label='Continue to Select Extras']
2017-11-21 13:49:13-main--INFO -com.ctaf.accelerators.TestEngine:Starting browser : iphone
2017-11-21 17:06:11-main--INFO -com.ctaf.accelerators.TestEngine:Starting browser : iphone
2017-11-21 17:47:30-main--INFO -com.ctaf.accelerators.TestEngine:Starting browser : iphone
2017-11-21 18:35:27-main--INFO -com.ctaf.accelerators.TestEngine:Starting browser : iphone
2017-11-21 18:36:12-main--INFO -com.ctaf.accelerators.TestEngine:Starting browser : iphone
2017-11-21 19:04:05-main--INFO -com.ctaf.accelerators.TestEngine:Starting browser : iphone
