2017-01-03 10:42:00-main--INFO -com.ctaf.accelerators.TestEngine:Starting browser : Chrome
2017-01-03 10:42:10-main--INFO -com.ctaf.accelerators.TestEngine:Current Test : TC_01_oneWayDomesticEcoSADAD
2017-01-03 10:42:28-main--INFO -com.ctaf.accelerators.TestEngine: Able to get TscreenShot
2017-01-03 10:49:55-main--INFO -com.ctaf.accelerators.TestEngine:Starting browser : Chrome
2017-01-03 10:50:05-main--INFO -com.ctaf.accelerators.TestEngine:Current Test : TC_01_oneWayDomesticEcoSADAD
2017-01-03 10:52:20-main--INFO -com.ctaf.accelerators.TestEngine:Starting browser : Chrome
2017-01-03 10:52:28-main--INFO -com.ctaf.accelerators.TestEngine:Current Test : TC_01_oneWayDomesticEcoSADAD
2017-01-03 11:16:20-main--INFO -com.ctaf.accelerators.TestEngine:Starting browser : Android
2017-01-03 11:16:45-main--INFO -com.ctaf.accelerators.TestEngine:Starting browser : Android
2017-01-03 11:17:27-main--INFO -com.ctaf.accelerators.TestEngine:Starting browser : Android
2017-01-03 11:18:15-main--INFO -com.ctaf.accelerators.TestEngine:Starting browser : Android
2017-01-03 11:19:51-main--INFO -com.ctaf.accelerators.TestEngine:Starting browser : Android
2017-01-03 11:22:00-main--INFO -com.ctaf.accelerators.TestEngine:Starting browser : Android
2017-01-03 11:22:32-main--INFO -com.ctaf.accelerators.TestEngine:Starting browser : Android
2017-01-03 11:23:37-main--INFO -com.ctaf.accelerators.TestEngine:Starting browser : Android
2017-01-03 11:24:28-main--INFO -com.ctaf.accelerators.TestEngine:Starting browser : Android
2017-01-03 11:25:21-main--INFO -com.ctaf.accelerators.TestEngine:Starting browser : Android
2017-01-03 11:26:33-main--INFO -com.ctaf.accelerators.TestEngine:Starting browser : Android
2017-01-03 11:26:48-main--INFO -com.ctaf.accelerators.TestEngine:Starting browser : Android
2017-01-03 11:27:39-main--INFO -com.ctaf.accelerators.TestEngine:Starting browser : Android
2017-01-03 11:28:16-main--INFO -com.ctaf.accelerators.TestEngine:Current Test : TC_01_oneWayDomesticEcoSADAD
2017-01-03 11:28:49-main--INFO -com.ctaf.accelerators.TestEngine:Starting browser : Android
2017-01-03 11:29:10-main--INFO -com.ctaf.accelerators.TestEngine:Starting browser : Android
2017-01-03 11:33:15-main--INFO -com.ctaf.accelerators.TestEngine:Starting browser : Android
2017-01-03 11:54:04-main--INFO -com.ctaf.accelerators.TestEngine:Starting browser : Android
2017-01-03 12:03:21-main--INFO -com.ctaf.accelerators.TestEngine:Starting browser : Android
2017-01-03 12:04:19-main--INFO -com.ctaf.accelerators.TestEngine:Current Test : TC_01_oneWayDomesticEcoSADAD
2017-01-03 12:06:36-main--INFO -com.ctaf.accelerators.TestEngine: Able to get TscreenShot
2017-01-03 12:13:07-main--INFO -com.ctaf.accelerators.TestEngine:Starting browser : Android
2017-01-03 12:13:33-main--INFO -com.ctaf.accelerators.TestEngine:Starting browser : Android
2017-01-03 12:13:54-main--INFO -com.ctaf.accelerators.TestEngine:Current Test : TC_01_oneWayDomesticEcoSADAD
2017-01-03 12:17:50-main--INFO -com.ctaf.accelerators.TestEngine:Starting browser : Android
2017-01-03 12:18:13-main--INFO -com.ctaf.accelerators.TestEngine:Current Test : TC_01_oneWayDomesticEcoSADAD
2017-01-03 12:18:51-main--INFO -com.ctaf.accelerators.TestEngine:Starting browser : Android
2017-01-03 12:19:07-main--INFO -com.ctaf.accelerators.TestEngine:Starting browser : Android
2017-01-03 12:19:32-main--INFO -com.ctaf.accelerators.TestEngine:Current Test : TC_01_oneWayDomesticEcoSADAD
2017-01-03 12:21:51-main--INFO -com.ctaf.accelerators.TestEngine: Able to get TscreenShot
2017-01-03 12:23:15-main--INFO -com.ctaf.accelerators.TestEngine:Starting browser : Android
2017-01-03 12:23:32-main--INFO -com.ctaf.accelerators.TestEngine:Starting browser : Android
2017-01-03 12:23:57-main--INFO -com.ctaf.accelerators.TestEngine:Current Test : TC_01_oneWayDomesticEcoSADAD
2017-01-03 12:27:14-main--INFO -com.ctaf.accelerators.TestEngine:Starting browser : Android
2017-01-03 12:28:04-main--INFO -com.ctaf.accelerators.TestEngine:Starting browser : Android
2017-01-03 12:28:29-main--INFO -com.ctaf.accelerators.TestEngine:Current Test : TC_01_oneWayDomesticEcoSADAD
2017-01-03 12:30:10-main--INFO -com.ctaf.accelerators.TestEngine: Able to get TscreenShot
2017-01-03 12:31:49-main--INFO -com.ctaf.accelerators.TestEngine:Starting browser : Android
2017-01-03 12:32:14-main--INFO -com.ctaf.accelerators.TestEngine:Current Test : TC_01_oneWayDomesticEcoSADAD
2017-01-03 12:36:21-main--INFO -com.ctaf.accelerators.TestEngine: Able to get TscreenShot
2017-01-03 12:45:30-main--INFO -com.ctaf.accelerators.TestEngine:Android
2017-01-03 12:45:42-main--INFO -com.ctaf.accelerators.TestEngine:Android
2017-01-03 12:46:07-main--INFO -com.ctaf.accelerators.TestEngine:Current Test : TC_01_oneWayDomesticEcoSADAD
2017-01-03 12:47:07-main--INFO -com.ctaf.accelerators.TestEngine:Android
2017-01-03 12:47:32-main--INFO -com.ctaf.accelerators.TestEngine:Current Test : TC_01_oneWayDomesticEcoSADAD
2017-01-03 12:51:56-main--INFO -com.ctaf.accelerators.TestEngine:Android
2017-01-03 12:52:04-main--INFO -com.ctaf.accelerators.TestEngine:Starting browser : Android
2017-01-03 12:52:29-main--INFO -com.ctaf.accelerators.TestEngine:Current Test : TC_01_oneWayDomesticEcoSADAD
2017-01-03 12:57:27-main--INFO -com.ctaf.accelerators.TestEngine: Able to get TscreenShot
2017-01-03 13:07:13-main--INFO -com.ctaf.accelerators.TestEngine:Starting browser : Android
2017-01-03 13:07:37-main--INFO -com.ctaf.accelerators.TestEngine:Current Test : TC_01_oneWayDomesticEcoSADAD
2017-01-03 13:11:13-main--INFO -com.ctaf.accelerators.TestEngine:Starting browser : Android
2017-01-03 13:11:40-main--INFO -com.ctaf.accelerators.TestEngine:Current Test : TC_01_oneWayDomesticEcoSADAD
2017-01-03 13:13:34-main--INFO -com.ctaf.accelerators.TestEngine: Able to get TscreenShot
2017-01-03 13:14:43-main--INFO -com.ctaf.accelerators.TestEngine:Starting browser : Android
2017-01-03 13:15:08-main--INFO -com.ctaf.accelerators.TestEngine:Current Test : TC_01_oneWayDomesticEcoSADAD
2017-01-03 14:42:33-main--INFO -com.ctaf.accelerators.TestEngine:Starting browser : Chrome
2017-01-03 14:42:46-main--INFO -com.ctaf.accelerators.TestEngine:Current Test : TC_01_oneWayDomesticEcoSADAD
2017-01-03 14:44:03-main--INFO -com.ctaf.accelerators.TestEngine:Starting browser : Chrome
2017-01-03 14:44:15-main--INFO -com.ctaf.accelerators.TestEngine:Current Test : TC_01_oneWayDomesticEcoSADAD
2017-01-03 14:46:14-main--INFO -com.ctaf.accelerators.TestEngine:Starting browser : Chrome
2017-01-03 14:46:24-main--INFO -com.ctaf.accelerators.TestEngine:Current Test : TC_01_oneWayDomesticEcoSADAD
2017-01-03 14:47:09-main--INFO -com.ctaf.accelerators.TestEngine:Starting browser : Chrome
2017-01-03 14:47:19-main--INFO -com.ctaf.accelerators.TestEngine:Current Test : TC_01_oneWayDomesticEcoSADAD
2017-01-03 14:47:50-main--INFO -com.ctaf.accelerators.TestEngine:Starting browser : Chrome
2017-01-03 14:48:03-main--INFO -com.ctaf.accelerators.TestEngine:Current Test : TC_01_oneWayDomesticEcoSADAD
2017-01-03 14:52:04-main--INFO -com.ctaf.accelerators.TestEngine:Starting browser : Chrome
2017-01-03 14:52:21-main--INFO -com.ctaf.accelerators.TestEngine:Current Test : TC_01_oneWayDomesticEcoSADAD
2017-01-03 14:55:18-main--INFO -com.ctaf.accelerators.TestEngine:Current Test : TC_02_oneWayDomesticBusiness
2017-01-03 14:57:29-main--INFO -com.ctaf.accelerators.TestEngine: Able to get TscreenShot
2017-01-03 14:57:47-main--INFO -com.ctaf.accelerators.TestEngine:Current Test : TC_03_oneWayDomesticChangeDate
2017-01-03 14:59:42-main--INFO -com.ctaf.accelerators.TestEngine: Able to get TscreenShot
2017-01-03 14:59:52-main--INFO -com.ctaf.accelerators.TestEngine:Current Test : TC_04_oneWayDomOneAdultCheckin
2017-01-03 15:03:46-main--INFO -com.ctaf.accelerators.TestEngine: Able to get TscreenShot
2017-01-03 15:04:08-main--INFO -com.ctaf.accelerators.TestEngine:Current Test : TC_05_onewaydom8Business
2017-01-03 15:05:08-main--INFO -com.ctaf.accelerators.TestEngine: Able to get TscreenShot
2017-01-03 15:05:24-main--INFO -com.ctaf.accelerators.TestEngine:Current Test : TC_06_oneWay2InternationalEco
2017-01-03 15:09:44-main--INFO -com.ctaf.accelerators.TestEngine:Starting browser : Chrome
2017-01-03 15:10:00-main--INFO -com.ctaf.accelerators.TestEngine:Current Test : TC_01_oneWayDomesticEcoSADAD
2017-01-03 15:13:04-main--INFO -com.ctaf.accelerators.TestEngine:Current Test : TC_02_oneWayDomesticBusiness
2017-01-03 15:15:20-main--INFO -com.ctaf.accelerators.TestEngine: Able to get TscreenShot
2017-01-03 15:15:32-main--INFO -com.ctaf.accelerators.TestEngine:Current Test : TC_03_oneWayDomesticChangeDate
2017-01-03 15:16:29-main--INFO -com.ctaf.accelerators.TestEngine:Current Test : TC_04_oneWayDomOneAdultCheckin
2017-01-03 15:20:26-main--INFO -com.ctaf.accelerators.TestEngine:Current Test : TC_05_onewaydom8Business
2017-01-03 15:21:27-main--INFO -com.ctaf.accelerators.TestEngine: Able to get TscreenShot
2017-01-03 15:21:42-main--INFO -com.ctaf.accelerators.TestEngine:Current Test : TC_06_oneWay2InternationalEco
2017-01-03 15:22:36-main--INFO -com.ctaf.accelerators.TestEngine:Current Test : TC_07_RTDom4adultBusinessCC
2017-01-03 15:23:23-main--INFO -com.ctaf.accelerators.TestEngine: Able to get TscreenShot
2017-01-03 15:23:34-main--INFO -com.ctaf.accelerators.TestEngine:Current Test : TC_08_RTInt1adult1Child1infantBus
2017-01-03 15:24:18-main--INFO -com.ctaf.accelerators.TestEngine: Able to get TscreenShot
2017-01-03 15:24:32-main--INFO -com.ctaf.accelerators.TestEngine:Current Test : Tc_09_RTInt1adult1Child1infantBus
2017-01-03 15:27:00-main--INFO -com.ctaf.accelerators.TestEngine:Starting browser : Chrome
2017-01-03 15:27:19-main--INFO -com.ctaf.accelerators.TestEngine:Current Test : TC_03_oneWayDomesticEcoChangeDate
2017-01-03 15:27:58-main--INFO -com.ctaf.accelerators.TestEngine:Starting browser : Chrome
2017-01-03 15:28:16-main--INFO -com.ctaf.accelerators.TestEngine:Current Test : TC_03_oneWayDomesticChangeDate
2017-01-03 15:29:08-main--INFO -com.ctaf.accelerators.TestEngine:Starting browser : Chrome
2017-01-03 15:29:17-main--INFO -com.ctaf.accelerators.TestEngine:Current Test : TC_03_oneWayDomesticChangeDate
2017-01-03 15:30:28-main--INFO -com.ctaf.accelerators.TestEngine:Starting browser : Chrome
2017-01-03 15:30:42-main--INFO -com.ctaf.accelerators.TestEngine:Current Test : TC_03_oneWayDomesticChangeDate
2017-01-03 15:32:32-main--INFO -com.ctaf.accelerators.TestEngine:Starting browser : Chrome
2017-01-03 15:32:46-main--INFO -com.ctaf.accelerators.TestEngine:Current Test : TC_03_oneWayDomesticChangeDate
2017-01-03 15:37:42-main--INFO -com.ctaf.accelerators.TestEngine:Starting browser : Chrome
2017-01-03 15:38:00-main--INFO -com.ctaf.accelerators.TestEngine:Current Test : TC_03_oneWayDomesticChangeDate
2017-01-03 15:46:25-main--INFO -com.ctaf.accelerators.TestEngine:Starting browser : Chrome
2017-01-03 15:46:40-main--INFO -com.ctaf.accelerators.TestEngine:Current Test : TC_03_oneWayDomesticChangeDate
2017-01-03 15:48:38-main--INFO -com.ctaf.accelerators.TestEngine: Able to get TscreenShot
2017-01-03 16:00:15-main--INFO -com.ctaf.accelerators.TestEngine:Starting browser : Chrome
2017-01-03 16:00:25-main--INFO -com.ctaf.accelerators.TestEngine:Current Test : TC_03_oneWayDomesticChangeDate
2017-01-03 16:02:00-main--INFO -com.ctaf.accelerators.TestEngine:Starting browser : Chrome
2017-01-03 16:02:10-main--INFO -com.ctaf.accelerators.TestEngine:Current Test : TC_03_oneWayDomesticChangeDate
2017-01-03 16:05:05-main--INFO -com.ctaf.accelerators.TestEngine:Starting browser : Chrome
2017-01-03 16:05:24-main--INFO -com.ctaf.accelerators.TestEngine:Current Test : TC_03_oneWayDomesticChangeDate
2017-01-03 16:09:57-main--INFO -com.ctaf.accelerators.TestEngine:Starting browser : Chrome
2017-01-03 16:10:08-main--INFO -com.ctaf.accelerators.TestEngine:Current Test : TC_03_oneWayDomesticEcoChangeDate
2017-01-03 16:10:57-main--INFO -com.ctaf.accelerators.TestEngine:Starting browser : Chrome
2017-01-03 16:11:08-main--INFO -com.ctaf.accelerators.TestEngine:Current Test : TC_03_oneWayDomesticChangeDate
2017-01-03 16:16:35-main--INFO -com.ctaf.accelerators.TestEngine:Starting browser : Android
2017-01-03 16:16:43-main--INFO -com.ctaf.accelerators.TestEngine:Starting browser : Android
2017-01-03 16:17:09-main--INFO -com.ctaf.accelerators.TestEngine:Current Test : TC_01_oneWayDomesticEcoSADAD
2017-01-03 16:21:56-main--INFO -com.ctaf.accelerators.TestEngine: Able to get TscreenShot
2017-01-03 16:22:01-main--INFO -com.ctaf.accelerators.TestEngine:Current Test : TC_02_oneWayDomesticBusinessCC
2017-01-03 16:22:04-main--INFO -com.ctaf.accelerators.TestEngine: Able to get TscreenShot
2017-01-03 16:22:09-main--INFO -com.ctaf.accelerators.TestEngine:Current Test : TC_03_oneWayDomesticEcoChangeDate
2017-01-03 16:22:13-main--INFO -com.ctaf.accelerators.TestEngine: Able to get TscreenShot
2017-01-03 16:22:18-main--INFO -com.ctaf.accelerators.TestEngine:Current Test : TC_04_oneWayDomOneAdultCheckin
2017-01-03 16:22:21-main--INFO -com.ctaf.accelerators.TestEngine: Able to get TscreenShot
2017-01-03 16:24:29-main--INFO -com.ctaf.accelerators.TestEngine:Starting browser : Android
2017-01-03 16:24:52-main--INFO -com.ctaf.accelerators.TestEngine:Current Test : TC_01_oneWayDomesticEcoSADAD
2017-01-03 16:29:14-main--INFO -com.ctaf.accelerators.TestEngine: Able to get TscreenShot
2017-01-03 16:29:19-main--INFO -com.ctaf.accelerators.TestEngine:Current Test : TC_02_oneWayDomesticBusinessCC
2017-01-03 16:35:13-main--INFO -com.ctaf.accelerators.TestEngine:Current Test : TC_03_oneWayDomesticEcoChangeDate
2017-01-03 16:40:00-main--INFO -com.ctaf.accelerators.TestEngine: Able to get TscreenShot
2017-01-03 16:40:05-main--INFO -com.ctaf.accelerators.TestEngine:Current Test : TC_04_oneWayDomOneAdultCheckin
2017-01-03 16:46:05-main--INFO -com.ctaf.accelerators.TestEngine:Starting browser : Android
2017-01-03 16:46:21-main--INFO -com.ctaf.accelerators.TestEngine:Starting browser : Android
2017-01-03 16:46:44-main--INFO -com.ctaf.accelerators.TestEngine:Current Test : TC_03_oneWayDomesticEcoChangeDate
2017-01-03 16:47:40-main--INFO -com.ctaf.accelerators.TestEngine:Starting browser : Android
2017-01-03 16:48:05-main--INFO -com.ctaf.accelerators.TestEngine:Current Test : TC_03_oneWayDomesticEcoChangeDate
2017-01-03 16:54:45-main--INFO -com.ctaf.accelerators.TestEngine:Starting browser : Android
2017-01-03 16:55:09-main--INFO -com.ctaf.accelerators.TestEngine:Current Test : TC_03_oneWayDomesticEcoChangeDate
2017-01-03 16:58:04-main--INFO -com.ctaf.accelerators.TestEngine:Starting browser : Android
2017-01-03 16:58:33-main--INFO -com.ctaf.accelerators.TestEngine:Current Test : TC_03_oneWayDomesticEcoChangeDate
2017-01-03 17:03:47-main--INFO -com.ctaf.accelerators.TestEngine:Starting browser : Android
2017-01-03 17:03:56-main--INFO -com.ctaf.accelerators.TestEngine:Starting browser : Android
2017-01-03 17:04:20-main--INFO -com.ctaf.accelerators.TestEngine:Current Test : TC_05_oneWayDomNineAdultCheckin
2017-01-03 17:06:12-main--INFO -com.ctaf.accelerators.TestEngine:Starting browser : Android
2017-01-03 17:06:36-main--INFO -com.ctaf.accelerators.TestEngine:Current Test : TC_05_oneWayDomNineAdultCheckin
2017-01-03 17:30:42-main--INFO -com.ctaf.accelerators.TestEngine:Starting browser : Android
2017-01-03 17:30:52-main--INFO -com.ctaf.accelerators.TestEngine:Starting browser : Android
2017-01-03 17:31:16-main--INFO -com.ctaf.accelerators.TestEngine:Current Test : TC_05_oneWayDomNineAdultCheckin
2017-01-03 17:48:40-main--INFO -com.ctaf.accelerators.TestEngine:Starting browser : Android
2017-01-03 17:49:04-main--INFO -com.ctaf.accelerators.TestEngine:Current Test : TC_05_oneWayDomNineAdultCheckin
2017-01-03 18:13:15-main--INFO -com.ctaf.accelerators.TestEngine: Able to get TscreenShot
2017-01-03 18:33:08-main--INFO -com.ctaf.accelerators.TestEngine:Starting browser : Android
2017-01-03 18:40:52-main--INFO -com.ctaf.accelerators.TestEngine:Starting browser : Android
2017-01-03 18:41:05-main--INFO -com.ctaf.accelerators.TestEngine:Starting browser : Android
2017-01-03 18:41:29-main--INFO -com.ctaf.accelerators.TestEngine:Current Test : TC_05_oneWayDomNineAdultCheckin
2017-01-03 19:02:49-main--INFO -com.ctaf.accelerators.TestEngine: Able to get TscreenShot
