2016-12-28 10:37:21-main--INFO -com.ctaf.accelerators.TestEngine:Starting browser : Chrome
2016-12-28 10:37:30-main--INFO -com.ctaf.accelerators.TestEngine:Current Test : TC_01_oneWayDomesticEcoSADAD
2016-12-28 10:40:21-main--INFO -com.ctaf.accelerators.TestEngine:Current Test : TC_02_oneWayDomesticBusiness
2016-12-28 10:43:46-main--INFO -com.ctaf.accelerators.TestEngine:Current Test : TC_03_oneWayDomesticChangeDate
2016-12-28 10:49:22-main--INFO -com.ctaf.accelerators.TestEngine:Current Test : TC_04_oneWayDomOneAdultCheckin
2016-12-28 11:04:35-main--INFO -com.ctaf.accelerators.TestEngine:Current Test : TC_05_onewaydom8Business
2016-12-28 11:33:39-main--INFO -com.ctaf.accelerators.TestEngine:Current Test : TC_06_oneWay2InternationalEco
2016-12-28 11:37:05-main--INFO -com.ctaf.accelerators.TestEngine:Current Test : TC_07_RTDom4adultBusinessCC
2016-12-28 11:40:06-main--INFO -com.ctaf.accelerators.TestEngine:Current Test : TC_08_RTInt1adult1Child1infantBus
2016-12-28 11:43:06-main--INFO -com.ctaf.accelerators.TestEngine:Current Test : Tc_09_RTInt1adult1Child1infantBus
2016-12-28 12:09:21-main--INFO -com.ctaf.accelerators.TestEngine: Able to get TscreenShot
2016-12-28 12:09:21-main--INFO -com.ctaf.accelerators.TestEngine: Able to get TscreenShot
2016-12-28 12:09:30-main--INFO -com.ctaf.accelerators.TestEngine:Current Test : OneAdultOnechildFlexCordshare
2016-12-28 12:12:12-main--INFO -com.ctaf.accelerators.TestEngine:Current Test : TC_11oneAdultoneChildoneInfantPartCodeShare
2016-12-28 12:14:56-main--INFO -com.ctaf.accelerators.TestEngine:Current Test : PayWithCreditShell
2016-12-28 12:21:05-main--INFO -com.ctaf.accelerators.TestEngine: Able to get TscreenShot
2016-12-28 12:31:42-main--INFO -com.ctaf.accelerators.TestEngine:Starting browser : firefox
2016-12-28 12:31:58-main--INFO -com.ctaf.accelerators.TestEngine:Current Test : TC_01_oneWayDomesticEcoSADAD
2016-12-28 12:34:49-main--INFO -com.ctaf.accelerators.TestEngine:Current Test : TC_02_oneWayDomesticBusiness
2016-12-28 12:38:11-main--INFO -com.ctaf.accelerators.TestEngine:Current Test : TC_03_oneWayDomesticChangeDate
2016-12-28 12:41:48-main--INFO -com.ctaf.accelerators.TestEngine: Able to get TscreenShot
2016-12-28 12:45:42-main--INFO -com.ctaf.accelerators.TestEngine:Starting browser : firefox
2016-12-28 12:45:50-main--INFO -com.ctaf.accelerators.TestEngine:Current Test : TC_04_oneWayDomOneAdultCheckin
2016-12-28 13:41:31-main--INFO -com.ctaf.accelerators.TestEngine:Starting browser : firefox
2016-12-28 13:41:38-main--INFO -com.ctaf.accelerators.TestEngine:Current Test : TC_01_oneWayDomesticEcoSADAD
2016-12-28 13:44:27-main--INFO -com.ctaf.accelerators.TestEngine:Current Test : TC_02_oneWayDomesticBusiness
2016-12-28 13:47:46-main--INFO -com.ctaf.accelerators.TestEngine:Current Test : TC_03_oneWayDomesticChangeDate
2016-12-28 13:49:10-main--INFO -com.ctaf.accelerators.TestEngine: Able to get TscreenShot
2016-12-28 13:49:18-main--INFO -com.ctaf.accelerators.TestEngine:Current Test : TC_04_oneWayDomOneAdultCheckin
2016-12-28 14:01:24-main--INFO -com.ctaf.accelerators.TestEngine:Current Test : TC_05_onewaydom8Business
2016-12-28 14:02:11-main--INFO -com.ctaf.accelerators.TestEngine: Able to get TscreenShot
2016-12-28 14:02:11-main--INFO -com.ctaf.accelerators.TestEngine: Able to get TscreenShot
2016-12-28 14:02:20-main--INFO -com.ctaf.accelerators.TestEngine:Current Test : TC_06_oneWay2InternationalEco
2016-12-28 14:04:37-main--INFO -com.ctaf.accelerators.TestEngine: Able to get TscreenShot
2016-12-28 14:04:45-main--INFO -com.ctaf.accelerators.TestEngine:Current Test : TC_07_RTDom4adultBusinessCC
2016-12-28 14:05:31-main--INFO -com.ctaf.accelerators.TestEngine: Able to get TscreenShot
2016-12-28 14:05:31-main--INFO -com.ctaf.accelerators.TestEngine: Able to get TscreenShot
2016-12-28 14:05:42-main--INFO -com.ctaf.accelerators.TestEngine:Current Test : TC_08_RTInt1adult1Child1infantBus
2016-12-28 14:08:32-main--INFO -com.ctaf.accelerators.TestEngine:Current Test : Tc_09_RTInt1adult1Child1infantBus
2016-12-28 14:10:56-main--INFO -com.ctaf.accelerators.TestEngine: Able to get TscreenShot
2016-12-28 14:10:56-main--INFO -com.ctaf.accelerators.TestEngine: Able to get TscreenShot
2016-12-28 14:11:08-main--INFO -com.ctaf.accelerators.TestEngine:Current Test : OneAdultOnechildFlexCordshare
2016-12-28 14:12:54-main--INFO -com.ctaf.accelerators.TestEngine: Able to get TscreenShot
2016-12-28 14:13:02-main--INFO -com.ctaf.accelerators.TestEngine:Current Test : TC_11oneAdultoneChildoneInfantPartCodeShare
2016-12-28 14:15:55-main--INFO -com.ctaf.accelerators.TestEngine:Current Test : PayWithCreditShell
2016-12-28 14:37:13-main--INFO -com.ctaf.accelerators.TestEngine:Starting browser : Chrome
2016-12-28 14:37:23-main--INFO -com.ctaf.accelerators.TestEngine:Current Test : Tc_09_RTInt1adult1Child1infantBus
2016-12-28 14:42:15-main--INFO -com.ctaf.accelerators.TestEngine:Starting browser : firefox
2016-12-28 14:42:25-main--INFO -com.ctaf.accelerators.TestEngine:Current Test : Tc_09_RTInt1adult1Child1infantBus
2016-12-28 14:48:45-main--INFO -com.ctaf.accelerators.TestEngine:Starting browser : firefox
2016-12-28 14:48:54-main--INFO -com.ctaf.accelerators.TestEngine:Current Test : Tc_09_RTInt1adult1Child1infantBus
2016-12-28 14:51:46-main--INFO -com.ctaf.accelerators.TestEngine:Starting browser : firefox
2016-12-28 14:51:56-main--INFO -com.ctaf.accelerators.TestEngine:Current Test : Tc_09_RTInt1adult1Child1infantBus
2016-12-28 14:54:29-main--INFO -com.ctaf.accelerators.TestEngine: Able to get TscreenShot
2016-12-28 14:54:29-main--INFO -com.ctaf.accelerators.TestEngine: Able to get TscreenShot
2016-12-28 15:28:24-main--INFO -com.ctaf.accelerators.TestEngine:Starting browser : firefox
2016-12-28 15:28:32-main--INFO -com.ctaf.accelerators.TestEngine:Current Test : Tc_09_RTInt1adult1Child1infantBus
2016-12-28 15:30:07-main--INFO -com.ctaf.accelerators.TestEngine:Starting browser : firefox
2016-12-28 15:30:18-main--INFO -com.ctaf.accelerators.TestEngine:Current Test : Tc_09_RTInt1adult1Child1infantBus
2016-12-28 15:35:27-main--INFO -com.ctaf.accelerators.TestEngine:Starting browser : Chrome
2016-12-28 15:35:37-main--INFO -com.ctaf.accelerators.TestEngine:Current Test : Tc_09_RTInt1adult1Child1infantBus
2016-12-28 15:38:40-main--INFO -com.ctaf.accelerators.TestEngine:Starting browser : firefox
2016-12-28 15:38:49-main--INFO -com.ctaf.accelerators.TestEngine:Current Test : Tc_09_RTInt1adult1Child1infantBus
2016-12-28 15:41:07-main--INFO -com.ctaf.accelerators.TestEngine:Starting browser : firefox
2016-12-28 15:41:17-main--INFO -com.ctaf.accelerators.TestEngine:Current Test : Tc_09_RTInt1adult1Child1infantBus
2016-12-28 15:42:28-main--INFO -com.ctaf.accelerators.TestEngine:Starting browser : firefox
2016-12-28 15:42:38-main--INFO -com.ctaf.accelerators.TestEngine:Current Test : Tc_09_RTInt1adult1Child1infantBus
2016-12-28 15:50:20-main--INFO -com.ctaf.accelerators.TestEngine:Starting browser : Chrome
2016-12-28 15:50:28-main--INFO -com.ctaf.accelerators.TestEngine:Current Test : Tc_09_RTInt1adult1Child1infantBus
2016-12-28 15:51:22-main--INFO -com.ctaf.accelerators.TestEngine:Starting browser : firefox
2016-12-28 15:51:32-main--INFO -com.ctaf.accelerators.TestEngine:Current Test : Tc_09_RTInt1adult1Child1infantBus
2016-12-28 15:52:33-main--INFO -com.ctaf.accelerators.TestEngine:Starting browser : firefox
2016-12-28 15:52:41-main--INFO -com.ctaf.accelerators.TestEngine:Current Test : Tc_09_RTInt1adult1Child1infantBus
2016-12-28 15:54:32-main--INFO -com.ctaf.accelerators.TestEngine:Starting browser : firefox
2016-12-28 15:54:42-main--INFO -com.ctaf.accelerators.TestEngine:Current Test : Tc_09_RTInt1adult1Child1infantBus
2016-12-28 15:55:37-main--INFO -com.ctaf.accelerators.TestEngine:Starting browser : firefox
2016-12-28 15:55:45-main--INFO -com.ctaf.accelerators.TestEngine:Current Test : Tc_09_RTInt1adult1Child1infantBus
2016-12-28 15:58:57-main--INFO -com.ctaf.accelerators.TestEngine:Starting browser : firefox
2016-12-28 15:59:06-main--INFO -com.ctaf.accelerators.TestEngine:Current Test : Tc_09_RTInt1adult1Child1infantBus
2016-12-28 16:00:19-main--INFO -com.ctaf.accelerators.TestEngine: Able to get TscreenShot
2016-12-28 16:09:04-main--INFO -com.ctaf.accelerators.TestEngine:Starting browser : Chrome
2016-12-28 16:09:14-main--INFO -com.ctaf.accelerators.TestEngine:Current Test : Tc_09_RTInt1adult1Child1infantBus
2016-12-28 16:10:56-main--INFO -com.ctaf.accelerators.TestEngine:Starting browser : Chrome
2016-12-28 16:11:08-main--INFO -com.ctaf.accelerators.TestEngine:Current Test : Tc_09_RTInt1adult1Child1infantBus
2016-12-28 16:12:09-main--INFO -com.ctaf.accelerators.TestEngine:Starting browser : firefox
2016-12-28 16:12:20-main--INFO -com.ctaf.accelerators.TestEngine:Current Test : Tc_09_RTInt1adult1Child1infantBus
2016-12-28 16:15:10-main--INFO -com.ctaf.accelerators.TestEngine:Starting browser : firefox
2016-12-28 16:15:20-main--INFO -com.ctaf.accelerators.TestEngine:Current Test : Tc_09_RTInt1adult1Child1infantBus
2016-12-28 16:18:16-main--INFO -com.ctaf.accelerators.TestEngine:Starting browser : firefox
2016-12-28 16:18:24-main--INFO -com.ctaf.accelerators.TestEngine:Current Test : Tc_09_RTInt1adult1Child1infantBus
2016-12-28 16:21:02-main--INFO -com.ctaf.accelerators.TestEngine:Starting browser : firefox
2016-12-28 16:21:14-main--INFO -com.ctaf.accelerators.TestEngine:Current Test : Tc_09_RTInt1adult1Child1infantBus
2016-12-28 16:22:56-main--INFO -com.ctaf.accelerators.TestEngine: Able to get TscreenShot
2016-12-28 16:25:12-main--INFO -com.ctaf.accelerators.TestEngine:Starting browser : firefox
2016-12-28 16:25:24-main--INFO -com.ctaf.accelerators.TestEngine:Current Test : Tc_09_RTInt1adult1Child1infantBus
2016-12-28 16:47:28-main--INFO -com.ctaf.accelerators.TestEngine:Starting browser : firefox
2016-12-28 16:47:38-main--INFO -com.ctaf.accelerators.TestEngine:Current Test : Tc_09_RTInt1adult1Child1infantBus
2016-12-28 16:51:38-main--INFO -com.ctaf.accelerators.TestEngine:Starting browser : firefox
2016-12-28 16:51:47-main--INFO -com.ctaf.accelerators.TestEngine:Current Test : Tc_09_RTInt1adult1Child1infantBus
2016-12-28 17:03:53-main--INFO -com.ctaf.accelerators.TestEngine:Starting browser : Chrome
2016-12-28 17:04:01-main--INFO -com.ctaf.accelerators.TestEngine:Current Test : Tc_09_RTInt1adult1Child1infantBus
2016-12-28 17:07:15-main--INFO -com.ctaf.accelerators.TestEngine: Able to get TscreenShot
2016-12-28 17:13:57-main--INFO -com.ctaf.accelerators.TestEngine:Starting browser : Chrome
2016-12-28 17:14:06-main--INFO -com.ctaf.accelerators.TestEngine:Current Test : Tc_09_RTInt1adult1Child1infantBus
2016-12-28 17:15:13-main--INFO -com.ctaf.accelerators.TestEngine: Able to get TscreenShot
2016-12-28 17:15:41-main--INFO -com.ctaf.accelerators.TestEngine:Starting browser : Chrome
2016-12-28 17:15:52-main--INFO -com.ctaf.accelerators.TestEngine:Current Test : Tc_09_RTInt1adult1Child1infantBus
2016-12-28 17:25:21-main--INFO -com.ctaf.accelerators.TestEngine:Starting browser : firefox
2016-12-28 17:25:31-main--INFO -com.ctaf.accelerators.TestEngine:Current Test : TC_01_oneWayDomesticEcoSADAD
2016-12-28 17:28:17-main--INFO -com.ctaf.accelerators.TestEngine:Current Test : TC_02_oneWayDomesticBusiness
2016-12-28 17:31:37-main--INFO -com.ctaf.accelerators.TestEngine:Current Test : TC_03_oneWayDomesticChangeDate
2016-12-28 17:37:03-main--INFO -com.ctaf.accelerators.TestEngine: Able to get TscreenShot
2016-12-28 17:37:15-main--INFO -com.ctaf.accelerators.TestEngine:Current Test : TC_04_oneWayDomOneAdultCheckin
2016-12-28 17:49:19-main--INFO -com.ctaf.accelerators.TestEngine:Current Test : TC_05_onewaydom8Business
2016-12-28 17:50:04-main--INFO -com.ctaf.accelerators.TestEngine: Able to get TscreenShot
2016-12-28 17:50:05-main--INFO -com.ctaf.accelerators.TestEngine: Able to get TscreenShot
2016-12-28 17:50:16-main--INFO -com.ctaf.accelerators.TestEngine:Current Test : TC_06_oneWay2InternationalEco
2016-12-28 17:53:52-main--INFO -com.ctaf.accelerators.TestEngine:Current Test : TC_07_RTDom4adultBusinessCC
2016-12-28 17:57:29-main--INFO -com.ctaf.accelerators.TestEngine:Current Test : TC_08_RTInt1adult1Child1infantBus
2016-12-28 18:00:21-main--INFO -com.ctaf.accelerators.TestEngine:Current Test : Tc_09_RTInt1adult1Child1infantBus
2016-12-28 18:21:23-main--INFO -com.ctaf.accelerators.TestEngine:Current Test : OneAdultOnechildFlexCordshare
2016-12-28 18:24:06-main--INFO -com.ctaf.accelerators.TestEngine:Current Test : TC_11oneAdultoneChildoneInfantPartCodeShare
2016-12-28 18:27:18-main--INFO -com.ctaf.accelerators.TestEngine:Current Test : PayWithCreditShell
2016-12-28 18:36:23-main--INFO -com.ctaf.accelerators.TestEngine:Starting browser : Chrome
2016-12-28 18:36:32-main--INFO -com.ctaf.accelerators.TestEngine:Current Test : TC_01_oneWayDomesticEcoSADAD
2016-12-28 18:38:34-main--INFO -com.ctaf.accelerators.TestEngine: Able to get TscreenShot
2016-12-28 18:38:42-main--INFO -com.ctaf.accelerators.TestEngine:Current Test : TC_02_oneWayDomesticBusiness
