2017-01-31 10:59:47-main--INFO -com.ctaf.accelerators.TestEngine:Starting browser : Chrome
2017-01-31 11:00:00-main--INFO -com.ctaf.accelerators.TestEngine:Current Test : TC_20_memberRegistration
2017-01-31 11:00:39-main--INFO -com.ctaf.accelerators.TestEngine: Able to get TscreenShot
2017-01-31 11:01:28-main--INFO -com.ctaf.accelerators.TestEngine:Starting browser : Chrome
2017-01-31 11:01:42-main--INFO -com.ctaf.accelerators.TestEngine:Current Test : TC_20_memberRegistration
2017-01-31 11:02:06-main--INFO -com.ctaf.accelerators.TestEngine: Able to get TscreenShot
2017-01-31 11:03:39-main--INFO -com.ctaf.accelerators.TestEngine:Starting browser : Chrome
2017-01-31 11:03:48-main--INFO -com.ctaf.accelerators.TestEngine:Current Test : TC_20_memberRegistration
2017-01-31 11:04:31-main--INFO -com.ctaf.accelerators.TestEngine:Starting browser : Chrome
2017-01-31 11:04:41-main--INFO -com.ctaf.accelerators.TestEngine:Current Test : TC_20_memberRegistration
2017-01-31 11:11:55-main--INFO -com.ctaf.accelerators.TestEngine:Starting browser : Chrome
2017-01-31 11:12:09-main--INFO -com.ctaf.accelerators.TestEngine:Current Test : TC_20_memberRegistration
2017-01-31 11:27:26-main--INFO -com.ctaf.accelerators.TestEngine:Starting browser : Chrome
2017-01-31 11:27:36-main--INFO -com.ctaf.accelerators.TestEngine:Current Test : TC_25_verifingServiceChargeMTSingleEcoIntlTR
2017-01-31 11:28:34-main--INFO -com.ctaf.accelerators.TestEngine: Able to get TscreenShot
2017-01-31 11:28:38-main--INFO -com.ctaf.accelerators.TestEngine:Current Test : TC_26_verifingServiceChargeMTSingleFlexDomTR
2017-01-31 11:28:51-main--INFO -com.ctaf.accelerators.TestEngine:Starting browser : Chrome
2017-01-31 11:29:04-main--INFO -com.ctaf.accelerators.TestEngine:Current Test : TC_25_verifingServiceChargeMTSingleEcoIntlTR
2017-01-31 11:30:36-main--INFO -com.ctaf.accelerators.TestEngine:Starting browser : Chrome
2017-01-31 11:30:46-main--INFO -com.ctaf.accelerators.TestEngine:Current Test : TC_25_verifingServiceChargeMTSingleEcoIntlTR
2017-01-31 11:33:47-main--INFO -com.ctaf.accelerators.TestEngine:Current Test : TC_26_verifingServiceChargeMTSingleFlexDomTR
2017-01-31 11:36:38-main--INFO -com.ctaf.accelerators.TestEngine:Current Test : TC_27_verifingSerCharChildDisMTSingleBusIntlTR
2017-01-31 11:48:27-main--INFO -com.ctaf.accelerators.TestEngine:Starting browser : Chrome
2017-01-31 11:48:39-main--INFO -com.ctaf.accelerators.TestEngine:Current Test : TC_28_memberRegistration
2017-01-31 11:56:02-main--INFO -com.ctaf.accelerators.TestEngine:Starting browser : Chrome
2017-01-31 11:56:18-main--INFO -com.ctaf.accelerators.TestEngine:Current Test : TC_28_memberRegistration
2017-01-31 12:02:58-main--INFO -com.ctaf.accelerators.TestEngine:Starting browser : Chrome
2017-01-31 12:03:04-main--INFO -com.ctaf.accelerators.TestEngine:Current Test : TC_28_memberRegistration
2017-01-31 12:03:11-main--INFO -com.ctaf.accelerators.TestEngine:Starting browser : Chrome
2017-01-31 12:03:54-main--INFO -com.ctaf.accelerators.TestEngine:Current Test : TC_28_memberRegistration
2017-01-31 12:05:17-main--INFO -com.ctaf.accelerators.TestEngine:Starting browser : Chrome
2017-01-31 12:05:51-main--INFO -com.ctaf.accelerators.TestEngine:Current Test : TC_28_memberRegistration
2017-01-31 12:28:27-main--INFO -com.ctaf.accelerators.TestEngine:Starting browser : Chrome
2017-01-31 12:28:39-main--INFO -com.ctaf.accelerators.TestEngine:Current Test : TC_29_modifyProfileNewRegister
2017-01-31 12:41:51-main--INFO -com.ctaf.accelerators.TestEngine:chrome_browser : chrome
2017-01-31 12:44:03-main--INFO -com.ctaf.accelerators.TestEngine:chrome_browser : chrome
2017-01-31 12:45:22-main--INFO -com.ctaf.accelerators.TestEngine:Starting browser : Chrome
2017-01-31 12:45:31-main--INFO -com.ctaf.accelerators.TestEngine:Current Test : TC_01_oneWayDomesticEcoSADAD
2017-01-31 12:45:39-main--INFO -com.ctaf.accelerators.TestEngine: Able to get TscreenShot
2017-01-31 12:45:47-main--INFO -com.ctaf.accelerators.TestEngine:Current Test : TC_04_oneWayDomOneAdultCheckin
2017-01-31 12:57:30-main--INFO -com.ctaf.accelerators.TestEngine:Starting browser : Chrome
2017-01-31 12:57:40-main--INFO -com.ctaf.accelerators.TestEngine:Current Test : TC_01_oneWayDomesticEcoSADAD
2017-01-31 12:57:45-main--INFO -com.ctaf.accelerators.TestEngine: Able to get TscreenShot
2017-01-31 12:57:54-main--INFO -com.ctaf.accelerators.TestEngine:Current Test : TC_04_oneWayDomOneAdultCheckin
2017-01-31 12:59:35-main--INFO -com.ctaf.accelerators.TestEngine:Starting browser : Chrome
2017-01-31 12:59:45-main--INFO -com.ctaf.accelerators.TestEngine:Current Test : TC_01_oneWayDomesticEcoSADAD
2017-01-31 12:59:58-main--INFO -com.ctaf.accelerators.TestEngine:Starting browser : Chrome
2017-01-31 13:00:07-main--INFO -com.ctaf.accelerators.TestEngine:Current Test : TC_01_oneWayDomesticEcoSADAD
2017-01-31 13:00:14-main--INFO -com.ctaf.accelerators.TestEngine: Able to get TscreenShot
2017-01-31 13:00:21-main--INFO -com.ctaf.accelerators.TestEngine:Current Test : TC_04_oneWayDomOneAdultCheckin
2017-01-31 13:06:42-main--INFO -com.ctaf.accelerators.TestEngine:Starting browser : Chrome
2017-01-31 13:06:49-main--INFO -com.ctaf.accelerators.TestEngine:Current Test : TC_01_oneWayDomesticEcoSADAD
2017-01-31 13:06:56-main--INFO -com.ctaf.accelerators.TestEngine: Able to get TscreenShot
2017-01-31 13:07:07-main--INFO -com.ctaf.accelerators.TestEngine:Current Test : TC_02_oneWayDomesticBusiness
2017-01-31 13:07:38-main--INFO -com.ctaf.accelerators.TestEngine:Starting browser : Chrome
2017-01-31 13:07:45-main--INFO -com.ctaf.accelerators.TestEngine:Current Test : TC_01_oneWayDomesticEcoSADAD
2017-01-31 13:07:52-main--INFO -com.ctaf.accelerators.TestEngine: Able to get TscreenShot
2017-01-31 13:08:05-main--INFO -com.ctaf.accelerators.TestEngine:Starting browser : Chrome
2017-01-31 13:08:15-main--INFO -com.ctaf.accelerators.TestEngine:Current Test : TC_01_oneWayDomesticEcoSADAD
2017-01-31 13:08:22-main--INFO -com.ctaf.accelerators.TestEngine: Able to get TscreenShot
2017-01-31 13:11:49-main--INFO -com.ctaf.accelerators.TestEngine:Starting browser : Chrome
2017-01-31 13:11:56-main--INFO -com.ctaf.accelerators.TestEngine:Current Test : TC_01_oneWayDomesticEcoSADAD
2017-01-31 13:14:58-main--INFO -com.ctaf.accelerators.TestEngine: Able to get TscreenShot
2017-01-31 13:15:08-main--INFO -com.ctaf.accelerators.TestEngine:Current Test : TC_02_oneWayDomesticBusiness
2017-01-31 13:18:38-main--INFO -com.ctaf.accelerators.TestEngine:Current Test : TC_03_oneWayDomesticChangeDate
2017-01-31 13:23:16-main--INFO -com.ctaf.accelerators.TestEngine: Able to get TscreenShot
2017-01-31 13:23:23-main--INFO -com.ctaf.accelerators.TestEngine:Current Test : TC_04_oneWayDomOneAdultCheckin
2017-01-31 13:41:25-main--INFO -com.ctaf.accelerators.TestEngine:Current Test : TC_05_onewaydom8Business
2017-01-31 14:15:34-main--INFO -com.ctaf.accelerators.TestEngine:Current Test : TC_06_oneWay2InternationalEco
2017-01-31 14:19:12-main--INFO -com.ctaf.accelerators.TestEngine:Current Test : TC_07_RTDom4adultBusinessCC
2017-01-31 14:22:31-main--INFO -com.ctaf.accelerators.TestEngine:Current Test : TC_08_RTInt1adult1Child1infantBus
2017-01-31 14:22:43-main--INFO -com.ctaf.accelerators.TestEngine: Able to get TscreenShot
2017-01-31 14:22:50-main--INFO -com.ctaf.accelerators.TestEngine:Current Test : Tc_09_RTInt1adult1Child1infantBus
2017-01-31 14:23:21-main--INFO -com.ctaf.accelerators.TestEngine: Able to get TscreenShot
2017-01-31 14:23:29-main--INFO -com.ctaf.accelerators.TestEngine:Current Test : TC10_OneAdultOnechildFlexCordshare
2017-01-31 14:23:36-main--INFO -com.ctaf.accelerators.TestEngine: Able to get TscreenShot
2017-01-31 14:23:45-main--INFO -com.ctaf.accelerators.TestEngine:Current Test : TC_11oneAdultoneChildoneInfantPartCodeShare
2017-01-31 14:24:47-main--INFO -com.ctaf.accelerators.TestEngine: Able to get TscreenShot
2017-01-31 14:24:55-main--INFO -com.ctaf.accelerators.TestEngine:Current Test : PayWithCreditShell
2017-01-31 14:32:49-main--INFO -com.ctaf.accelerators.TestEngine:Current Test : TC_13_onewayDomesticwithUSdollars
2017-01-31 14:36:39-main--INFO -com.ctaf.accelerators.TestEngine:Current Test : TC_14_oneWayDomesticwithEuro
2017-01-31 14:39:02-main--INFO -com.ctaf.accelerators.TestEngine:Current Test : TC_15_EmpLoginOnewayOneAdultStaffStandByChangFlightCancel
2017-01-31 14:44:28-main--INFO -com.ctaf.accelerators.TestEngine:Current Test : TC_16_EmpLoginStaffConfmedChangeDateCheckIn
2017-01-31 14:51:12-main--INFO -com.ctaf.accelerators.TestEngine:Current Test : TC_17_memberLoginRTChangeflightCheckIN
2017-01-31 14:54:17-main--INFO -com.ctaf.accelerators.TestEngine: Able to get TscreenShot
2017-01-31 14:54:24-main--INFO -com.ctaf.accelerators.TestEngine:Current Test : TC_18_corporateLoginRToneAdultCancelPNR
2017-01-31 14:57:45-main--INFO -com.ctaf.accelerators.TestEngine:Current Test : TC_19_agencyLoginRToneAdultoneChild
2017-01-31 15:01:05-main--INFO -com.ctaf.accelerators.TestEngine:Current Test : TC_20_memberRegistration
2017-01-31 15:02:11-main--INFO -com.ctaf.accelerators.TestEngine: Able to get TscreenShot
2017-01-31 15:08:47-main--INFO -com.ctaf.accelerators.TestEngine:Starting browser : Chrome
2017-01-31 15:08:55-main--INFO -com.ctaf.accelerators.TestEngine:Current Test : TC_20_memberRegistration
2017-01-31 15:10:08-main--INFO -com.ctaf.accelerators.TestEngine:Starting browser : Chrome
2017-01-31 15:10:15-main--INFO -com.ctaf.accelerators.TestEngine:Current Test : TC_20_memberRegistration
2017-01-31 15:12:20-main--INFO -com.ctaf.accelerators.TestEngine:Starting browser : Chrome
2017-01-31 15:12:27-main--INFO -com.ctaf.accelerators.TestEngine:Current Test : TC_20_memberRegistration
2017-01-31 15:13:52-main--INFO -com.ctaf.accelerators.TestEngine:Starting browser : Chrome
2017-01-31 15:14:00-main--INFO -com.ctaf.accelerators.TestEngine:Current Test : TC_20_memberRegistration
2017-01-31 15:16:49-main--INFO -com.ctaf.accelerators.TestEngine:Starting browser : Chrome
2017-01-31 15:17:18-main--INFO -com.ctaf.accelerators.TestEngine:Current Test : TC_01_oneWayDomesticEcoSADAD
2017-01-31 15:20:19-main--INFO -com.ctaf.accelerators.TestEngine:Starting browser : Chrome
2017-01-31 15:20:28-main--INFO -com.ctaf.accelerators.TestEngine:Current Test : TC_01_oneWayDomesticEcoSADAD
2017-01-31 15:22:45-main--INFO -com.ctaf.accelerators.TestEngine: Able to get TscreenShot
2017-01-31 15:22:55-main--INFO -com.ctaf.accelerators.TestEngine:Current Test : TC_02_oneWayDomesticBusiness
2017-01-31 15:25:33-main--INFO -com.ctaf.accelerators.TestEngine:Current Test : TC_03_oneWayDomesticChangeDate
2017-01-31 15:31:22-main--INFO -com.ctaf.accelerators.TestEngine:Current Test : TC_04_oneWayDomOneAdultCheckin
2017-01-31 15:49:28-main--INFO -com.ctaf.accelerators.TestEngine:Current Test : TC_05_onewaydom8Business
2017-01-31 15:52:04-main--INFO -com.ctaf.accelerators.TestEngine: Able to get TscreenShot
2017-01-31 15:52:15-main--INFO -com.ctaf.accelerators.TestEngine:Current Test : TC_06_oneWay2InternationalEco
2017-01-31 15:55:54-main--INFO -com.ctaf.accelerators.TestEngine:Current Test : TC_07_RTDom4adultBusinessCC
2017-01-31 15:59:00-main--INFO -com.ctaf.accelerators.TestEngine:Current Test : TC_08_RTInt1adult1Child1infantBus
2017-01-31 16:02:15-main--INFO -com.ctaf.accelerators.TestEngine:Current Test : Tc_09_RTInt1adult1Child1infantBus
2017-01-31 16:02:41-main--INFO -com.ctaf.accelerators.TestEngine: Able to get TscreenShot
2017-01-31 16:02:48-main--INFO -com.ctaf.accelerators.TestEngine:Current Test : TC10_OneAdultOnechildFlexCordshare
2017-01-31 16:05:43-main--INFO -com.ctaf.accelerators.TestEngine: Able to get TscreenShot
2017-01-31 16:05:52-main--INFO -com.ctaf.accelerators.TestEngine:Current Test : TC_11oneAdultoneChildoneInfantPartCodeShare
2017-01-31 16:07:03-main--INFO -com.ctaf.accelerators.TestEngine: Able to get TscreenShot
2017-01-31 16:07:11-main--INFO -com.ctaf.accelerators.TestEngine:Current Test : PayWithCreditShell
2017-01-31 16:15:05-main--INFO -com.ctaf.accelerators.TestEngine:Current Test : TC_13_onewayDomesticwithUSdollars
2017-01-31 16:19:45-main--INFO -com.ctaf.accelerators.TestEngine: Able to get TscreenShot
2017-01-31 16:19:45-main--INFO -com.ctaf.accelerators.TestEngine: Able to get TscreenShot
2017-01-31 16:19:52-main--INFO -com.ctaf.accelerators.TestEngine:Current Test : TC_14_oneWayDomesticwithEuro
2017-01-31 16:22:33-main--INFO -com.ctaf.accelerators.TestEngine:Current Test : TC_15_EmpLoginOnewayOneAdultStaffStandByChangFlightCancel
2017-01-31 16:27:59-main--INFO -com.ctaf.accelerators.TestEngine:Current Test : TC_16_EmpLoginStaffConfmedChangeDateCheckIn
2017-01-31 16:34:45-main--INFO -com.ctaf.accelerators.TestEngine:Current Test : TC_17_memberLoginRTChangeflightCheckIN
2017-01-31 16:35:26-main--INFO -com.ctaf.accelerators.TestEngine: Able to get TscreenShot
2017-01-31 16:35:33-main--INFO -com.ctaf.accelerators.TestEngine:Current Test : TC_18_corporateLoginRToneAdultCancelPNR
2017-01-31 16:38:49-main--INFO -com.ctaf.accelerators.TestEngine:Current Test : TC_19_agencyLoginRToneAdultoneChild
2017-01-31 16:39:16-main--INFO -com.ctaf.accelerators.TestEngine: Able to get TscreenShot
2017-01-31 16:39:23-main--INFO -com.ctaf.accelerators.TestEngine:Current Test : TC_20_memberRegistration
2017-01-31 16:40:08-main--INFO -com.ctaf.accelerators.TestEngine: Able to get TscreenShot
2017-01-31 16:42:41-main--INFO -com.ctaf.accelerators.TestEngine:Starting browser : Chrome
2017-01-31 16:42:49-main--INFO -com.ctaf.accelerators.TestEngine:Current Test : TC_20_memberRegistration
2017-01-31 16:43:33-main--INFO -com.ctaf.accelerators.TestEngine: Able to get TscreenShot
2017-01-31 16:43:55-main--INFO -com.ctaf.accelerators.TestEngine:Starting browser : Chrome
2017-01-31 16:44:05-main--INFO -com.ctaf.accelerators.TestEngine:Current Test : TC_20_memberRegistration
2017-01-31 16:44:58-main--INFO -com.ctaf.accelerators.TestEngine: Able to get TscreenShot
2017-01-31 16:55:07-main--INFO -com.ctaf.accelerators.TestEngine:Starting browser : Chrome
2017-01-31 16:55:14-main--INFO -com.ctaf.accelerators.TestEngine:Current Test : TC_20_memberRegistration
2017-01-31 16:56:01-main--INFO -com.ctaf.accelerators.TestEngine: Able to get TscreenShot
2017-01-31 16:59:34-main--INFO -com.ctaf.accelerators.TestEngine:Starting browser : Chrome
2017-01-31 16:59:41-main--INFO -com.ctaf.accelerators.TestEngine:Current Test : TC_20_memberRegistration
2017-01-31 17:04:13-main--INFO -com.ctaf.accelerators.TestEngine:Starting browser : Chrome
2017-01-31 17:04:20-main--INFO -com.ctaf.accelerators.TestEngine:Current Test : TC_17_memberLoginRTChangeflightCheckIN
2017-01-31 17:05:02-main--INFO -com.ctaf.accelerators.TestEngine: Able to get TscreenShot
2017-01-31 17:05:42-main--INFO -com.ctaf.accelerators.TestEngine:Starting browser : Chrome
2017-01-31 17:05:49-main--INFO -com.ctaf.accelerators.TestEngine:Current Test : TC_17_memberLoginRTChangeflightCheckIN
2017-01-31 17:10:15-main--INFO -com.ctaf.accelerators.TestEngine: Able to get TscreenShot
2017-01-31 17:30:29-main--INFO -com.ctaf.accelerators.TestEngine:Starting browser : Chrome
2017-01-31 17:30:37-main--INFO -com.ctaf.accelerators.TestEngine:Current Test : TC_17_memberLoginRTChangeflightCheckIN
2017-01-31 17:33:35-main--INFO -com.ctaf.accelerators.TestEngine:Starting browser : Chrome
2017-01-31 17:33:42-main--INFO -com.ctaf.accelerators.TestEngine:Current Test : TC_17_memberLoginRTChangeflightCheckIN
2017-01-31 17:34:01-main--INFO -com.ctaf.accelerators.TestEngine: Able to get TscreenShot
2017-01-31 17:41:52-main--INFO -com.ctaf.accelerators.TestEngine:Starting browser : Chrome
2017-01-31 17:41:59-main--INFO -com.ctaf.accelerators.TestEngine:Current Test : TC_17_memberLoginRTChangeflightCheckIN
2017-01-31 17:42:18-main--INFO -com.ctaf.accelerators.TestEngine: Able to get TscreenShot
2017-01-31 17:42:49-main--INFO -com.ctaf.accelerators.TestEngine:Starting browser : Chrome
2017-01-31 17:42:57-main--INFO -com.ctaf.accelerators.TestEngine:Current Test : TC_17_memberLoginRTChangeflightCheckIN
2017-01-31 17:47:40-main--INFO -com.ctaf.accelerators.TestEngine:Starting browser : Chrome
2017-01-31 17:47:47-main--INFO -com.ctaf.accelerators.TestEngine:Current Test : TC_17_memberLoginRTChangeflightCheckIN
2017-01-31 17:50:56-main--INFO -com.ctaf.accelerators.TestEngine:Starting browser : Chrome
2017-01-31 17:51:03-main--INFO -com.ctaf.accelerators.TestEngine:Current Test : TC_17_memberLoginRTChangeflightCheckIN
2017-01-31 18:06:38-main--INFO -com.ctaf.accelerators.TestEngine: Able to get TscreenShot
2017-01-31 18:07:36-main--INFO -com.ctaf.accelerators.TestEngine:Starting browser : Chrome
2017-01-31 18:07:45-main--INFO -com.ctaf.accelerators.TestEngine:Current Test : TC_19_agencyLoginRToneAdultoneChild
2017-01-31 18:08:51-main--INFO -com.ctaf.accelerators.TestEngine:Starting browser : Chrome
2017-01-31 18:08:58-main--INFO -com.ctaf.accelerators.TestEngine:Current Test : TC_19_agencyLoginRToneAdultoneChild
2017-01-31 18:09:54-main--INFO -com.ctaf.accelerators.TestEngine:Starting browser : Chrome
2017-01-31 18:10:01-main--INFO -com.ctaf.accelerators.TestEngine:Current Test : TC_19_agencyLoginRToneAdultoneChild
2017-01-31 18:18:02-main--INFO -com.ctaf.accelerators.TestEngine:Starting browser : Chrome
2017-01-31 18:18:09-main--INFO -com.ctaf.accelerators.TestEngine:Current Test : TC_19_agencyLoginRToneAdultoneChild
2017-01-31 18:22:13-main--INFO -com.ctaf.accelerators.TestEngine:Starting browser : Chrome
2017-01-31 18:22:22-main--INFO -com.ctaf.accelerators.TestEngine:Current Test : TC_17_memberLoginRTChangeflightCheckIN
2017-01-31 18:25:42-main--INFO -com.ctaf.accelerators.TestEngine:Starting browser : Chrome
2017-01-31 18:25:50-main--INFO -com.ctaf.accelerators.TestEngine:Current Test : TC_17_memberLoginRTChangeflightCheckIN
2017-01-31 18:31:31-main--INFO -com.ctaf.accelerators.TestEngine:Starting browser : Chrome
2017-01-31 18:31:39-main--INFO -com.ctaf.accelerators.TestEngine:Current Test : TC_17_memberLoginRTChangeflightCheckIN
2017-01-31 18:40:00-main--INFO -com.ctaf.accelerators.TestEngine: Able to get TscreenShot
2017-01-31 18:45:36-main--INFO -com.ctaf.accelerators.TestEngine:Starting browser : Chrome
2017-01-31 18:45:42-main--INFO -com.ctaf.accelerators.TestEngine:Current Test : TC_17_memberLoginRTChangeflightCheckIN
2017-01-31 18:46:25-main--INFO -com.ctaf.accelerators.TestEngine: Able to get TscreenShot
