2017-03-15 12:45:05-main--INFO -com.ctaf.accelerators.TestEngine:Starting browser : iphone
2017-03-15 12:52:16-main--INFO -com.ctaf.accelerators.TestEngine:Starting browser : iphone
2017-03-15 12:52:55-main--INFO -com.ctaf.accelerators.TestEngine:Starting browser : iphone
2017-03-15 12:53:57-main--INFO -com.ctaf.accelerators.TestEngine:Current Test : TC_01_oneWayDomesticEconomy_RUH_JED
2017-03-15 12:54:02-main--INFO -com.ctaf.accelerators.TestEngine:Able to click on By.xpath: //XCUIElementTypeOther/*[@label='btn menu']
2017-03-15 12:54:07-main--INFO -com.ctaf.accelerators.TestEngine:Able to click on By.xpath: //XCUIElementTypeCell[1]/*[@label='Login']
2017-03-15 12:54:20-main--INFO -com.ctaf.accelerators.TestEngine:Typing is performed on EmailAddress
2017-03-15 12:54:33-main--INFO -com.ctaf.accelerators.TestEngine:Typing is performed on Password
2017-03-15 12:54:44-main--INFO -com.ctaf.accelerators.TestEngine:Able to click on By.xpath: //*[@label='Login']
2017-03-15 12:54:49-main--INFO -com.ctaf.accelerators.TestEngine:Able to click on By.xpath: //*[@label='Book flights']
2017-03-15 12:54:56-main--INFO -com.ctaf.accelerators.TestEngine:Able to click on By.xpath: //*[@label='One-way']
2017-03-15 12:55:03-main--INFO -com.ctaf.accelerators.TestEngine:Able to click on By.xpath: //XCUIElementTypeOther[3]/XCUIElementTypeOther[1]/XCUIElementTypeButton
2017-03-15 12:55:11-main--INFO -com.ctaf.accelerators.TestEngine:Able to click on Search
2017-03-15 12:55:19-main--INFO -com.ctaf.accelerators.TestEngine:Typing is performed on Origin
2017-03-15 12:55:22-main--INFO -com.ctaf.accelerators.TestEngine:Able to click on RUH
2017-03-15 12:55:33-main--INFO -com.ctaf.accelerators.TestEngine:Typing is performed on Destination
2017-03-15 12:55:37-main--INFO -com.ctaf.accelerators.TestEngine:Able to click on JED
2017-03-15 12:55:41-main--INFO -com.ctaf.accelerators.TestEngine:Able to click on Find Flights
2017-03-15 12:56:29-main--INFO -com.ctaf.accelerators.TestEngine:Able to click on By.xpath: //XCUIElementTypeTable/XCUIElementTypeCell[1]/XCUIElementTypeButton[3]
2017-03-15 12:59:30-main--INFO -com.ctaf.accelerators.TestEngine:Able to click on By.xpath: //*[@label='Continue']
2017-03-15 13:11:48-main--INFO -com.ctaf.accelerators.TestEngine:Starting browser : iphone
2017-03-15 13:12:54-main--INFO -com.ctaf.accelerators.TestEngine:Current Test : TC_01_oneWayDomesticEconomy_RUH_JED
2017-03-15 13:12:58-main--INFO -com.ctaf.accelerators.TestEngine:Able to click on By.xpath: //XCUIElementTypeOther/*[@label='btn menu']
2017-03-15 13:13:20-main--INFO -com.ctaf.accelerators.TestEngine:Unable to click on By.xpath: //XCUIElementTypeCell[1]/*[@label='Login']
2017-03-15 13:13:21-main--INFO -com.ctaf.accelerators.TestEngine: Able to get TscreenShot
2017-03-15 13:13:34-main--INFO -com.ctaf.accelerators.TestEngine:Starting browser : iphone
2017-03-15 13:14:39-main--INFO -com.ctaf.accelerators.TestEngine:Current Test : TC_01_oneWayDomesticEconomy_RUH_JED
2017-03-15 13:14:44-main--INFO -com.ctaf.accelerators.TestEngine:Able to click on By.xpath: //XCUIElementTypeOther/*[@label='btn menu']
2017-03-15 13:14:49-main--INFO -com.ctaf.accelerators.TestEngine:Able to click on By.xpath: //XCUIElementTypeCell[1]/*[@label='Login']
2017-03-15 13:15:01-main--INFO -com.ctaf.accelerators.TestEngine:Typing is performed on EmailAddress
2017-03-15 13:15:14-main--INFO -com.ctaf.accelerators.TestEngine:Typing is performed on Password
2017-03-15 13:15:24-main--INFO -com.ctaf.accelerators.TestEngine:Able to click on By.xpath: //*[@label='Login']
2017-03-15 13:15:30-main--INFO -com.ctaf.accelerators.TestEngine:Able to click on By.xpath: //*[@label='Book flights']
2017-03-15 13:15:37-main--INFO -com.ctaf.accelerators.TestEngine:Able to click on By.xpath: //*[@label='One-way']
2017-03-15 13:15:43-main--INFO -com.ctaf.accelerators.TestEngine:Able to click on By.xpath: //XCUIElementTypeOther[3]/XCUIElementTypeOther[1]/XCUIElementTypeButton
2017-03-15 13:15:51-main--INFO -com.ctaf.accelerators.TestEngine:Able to click on Search
2017-03-15 13:16:00-main--INFO -com.ctaf.accelerators.TestEngine:Typing is performed on Origin
2017-03-15 13:16:03-main--INFO -com.ctaf.accelerators.TestEngine:Able to click on RUH
2017-03-15 13:16:14-main--INFO -com.ctaf.accelerators.TestEngine:Typing is performed on Destination
2017-03-15 13:16:17-main--INFO -com.ctaf.accelerators.TestEngine:Able to click on JED
2017-03-15 13:16:22-main--INFO -com.ctaf.accelerators.TestEngine:Able to click on Find Flights
2017-03-15 13:19:21-main--INFO -com.ctaf.accelerators.TestEngine:Able to click on By.xpath: //XCUIElementTypeTable/XCUIElementTypeCell[1]/XCUIElementTypeButton[3]
2017-03-15 13:21:27-main--INFO -com.ctaf.accelerators.TestEngine:Starting browser : iphone
2017-03-15 13:22:30-main--INFO -com.ctaf.accelerators.TestEngine:Current Test : TC_01_oneWayDomesticEconomy_RUH_JED
2017-03-15 13:22:35-main--INFO -com.ctaf.accelerators.TestEngine:Able to click on By.xpath: //XCUIElementTypeOther/*[@label='btn menu']
2017-03-15 13:22:55-main--INFO -com.ctaf.accelerators.TestEngine:Unable to click on By.xpath: //XCUIElementTypeCell[1]/*[@label='Login']
2017-03-15 13:22:56-main--INFO -com.ctaf.accelerators.TestEngine: Able to get TscreenShot
2017-03-15 13:29:01-main--INFO -com.ctaf.accelerators.TestEngine:Starting browser : iphone
2017-03-15 13:30:42-main--INFO -com.ctaf.accelerators.TestEngine:Current Test : TC_01_oneWayDomesticEconomy_RUH_JED
2017-03-15 13:30:47-main--INFO -com.ctaf.accelerators.TestEngine:Able to click on By.xpath: //XCUIElementTypeOther/*[@label='btn menu']
2017-03-15 13:31:08-main--INFO -com.ctaf.accelerators.TestEngine:Unable to click on By.xpath: //XCUIElementTypeCell[1]/*[@label='Login']
2017-03-15 13:31:09-main--INFO -com.ctaf.accelerators.TestEngine: Able to get TscreenShot
2017-03-15 13:32:15-main--INFO -com.ctaf.accelerators.TestEngine:Starting browser : iphone
2017-03-15 13:33:19-main--INFO -com.ctaf.accelerators.TestEngine:Current Test : TC_01_oneWayDomesticEconomy_RUH_JED
2017-03-15 13:33:23-main--INFO -com.ctaf.accelerators.TestEngine:Able to click on By.xpath: //XCUIElementTypeOther/*[@label='btn menu']
2017-03-15 13:33:45-main--INFO -com.ctaf.accelerators.TestEngine:Unable to click on By.xpath: //XCUIElementTypeCell[1]/*[@label='Login']
2017-03-15 13:33:45-main--INFO -com.ctaf.accelerators.TestEngine: Able to get TscreenShot
2017-03-15 13:34:33-main--INFO -com.ctaf.accelerators.TestEngine:Starting browser : iphone
2017-03-15 13:35:34-main--INFO -com.ctaf.accelerators.TestEngine:Current Test : TC_01_oneWayDomesticEconomy_RUH_JED
2017-03-15 13:35:39-main--INFO -com.ctaf.accelerators.TestEngine:Able to click on By.xpath: //XCUIElementTypeOther/*[@label='btn menu']
2017-03-15 13:35:59-main--INFO -com.ctaf.accelerators.TestEngine:Unable to click on By.xpath: //XCUIElementTypeCell[1]/*[@label='Login']
2017-03-15 13:36:00-main--INFO -com.ctaf.accelerators.TestEngine: Able to get TscreenShot
2017-03-15 13:37:51-main--INFO -com.ctaf.accelerators.TestEngine:Starting browser : iphone
2017-03-15 13:38:55-main--INFO -com.ctaf.accelerators.TestEngine:Current Test : TC_01_oneWayDomesticEconomy_RUH_JED
2017-03-15 13:39:21-main--INFO -com.ctaf.accelerators.TestEngine:Able to click on By.xpath: //XCUIElementTypeOther/*[@label='btn menu']
2017-03-15 13:39:36-main--INFO -com.ctaf.accelerators.TestEngine:Able to click on By.xpath: //XCUIElementTypeCell[1]/*[@label='Login']
2017-03-15 13:39:48-main--INFO -com.ctaf.accelerators.TestEngine:Typing is performed on EmailAddress
2017-03-15 13:40:01-main--INFO -com.ctaf.accelerators.TestEngine:Typing is performed on Password
2017-03-15 13:40:12-main--INFO -com.ctaf.accelerators.TestEngine:Able to click on By.xpath: //*[@label='Login']
2017-03-15 13:40:18-main--INFO -com.ctaf.accelerators.TestEngine:Able to click on By.xpath: //*[@label='Book flights']
2017-03-15 13:40:24-main--INFO -com.ctaf.accelerators.TestEngine:Able to click on By.xpath: //*[@label='One-way']
2017-03-15 13:40:31-main--INFO -com.ctaf.accelerators.TestEngine:Able to click on By.xpath: //XCUIElementTypeOther[3]/XCUIElementTypeOther[1]/XCUIElementTypeButton
2017-03-15 13:40:39-main--INFO -com.ctaf.accelerators.TestEngine:Able to click on Search
2017-03-15 13:40:48-main--INFO -com.ctaf.accelerators.TestEngine:Typing is performed on Origin
2017-03-15 13:40:51-main--INFO -com.ctaf.accelerators.TestEngine:Able to click on RUH
2017-03-15 13:41:02-main--INFO -com.ctaf.accelerators.TestEngine:Typing is performed on Destination
2017-03-15 13:42:46-main--INFO -com.ctaf.accelerators.TestEngine:Able to click on JED
2017-03-15 13:42:49-main--INFO -com.ctaf.accelerators.TestEngine:Able to click on Find Flights
2017-03-15 13:43:33-main--INFO -com.ctaf.accelerators.TestEngine:Able to click on By.xpath: //XCUIElementTypeTable/XCUIElementTypeCell[1]/XCUIElementTypeButton[3]
2017-03-15 13:44:22-main--INFO -com.ctaf.accelerators.TestEngine:Able to click on By.xpath: //*[@label='Continue']
2017-03-15 13:44:38-main--INFO -com.ctaf.accelerators.TestEngine:Able to click on By.xpath: //*[@label='Continue']
2017-03-15 13:45:23-main--INFO -com.ctaf.accelerators.TestEngine:Typing is performed on Card Number
2017-03-15 13:46:07-main--INFO -com.ctaf.accelerators.TestEngine:Typing is performed on Card Holder Name
2017-03-15 13:46:55-main--INFO -com.ctaf.accelerators.TestEngine:Typing is performed on Expiry Date
2017-03-15 13:47:38-main--INFO -com.ctaf.accelerators.TestEngine:Typing is performed on cvv
2017-03-15 13:47:57-main--INFO -com.ctaf.accelerators.TestEngine:Unable to click on By.xpath: //*[@label='I agree to the']/preceding-sibling::XCUIElementTypeButton[2]
2017-03-15 13:47:58-main--INFO -com.ctaf.accelerators.TestEngine: Able to get TscreenShot
2017-03-15 13:49:48-main--INFO -com.ctaf.accelerators.TestEngine:Starting browser : iphone
2017-03-15 13:52:33-main--INFO -com.ctaf.accelerators.TestEngine:Starting browser : iphone
2017-03-15 13:53:36-main--INFO -com.ctaf.accelerators.TestEngine:Current Test : TC_01_oneWayDomesticEconomy_RUH_JED
2017-03-15 13:57:32-main--INFO -com.ctaf.accelerators.TestEngine:Starting browser : iphone
2017-03-15 13:58:34-main--INFO -com.ctaf.accelerators.TestEngine:Current Test : TC_01_oneWayDomesticEconomy_RUH_JED
2017-03-15 13:58:39-main--INFO -com.ctaf.accelerators.TestEngine:Able to click on By.xpath: //XCUIElementTypeOther/*[@label='btn menu']
2017-03-15 13:58:44-main--INFO -com.ctaf.accelerators.TestEngine:Able to click on By.xpath: //XCUIElementTypeCell[1]/*[@label='Login']
2017-03-15 13:58:56-main--INFO -com.ctaf.accelerators.TestEngine:Typing is performed on EmailAddress
2017-03-15 13:59:09-main--INFO -com.ctaf.accelerators.TestEngine:Typing is performed on Password
2017-03-15 13:59:20-main--INFO -com.ctaf.accelerators.TestEngine:Able to click on By.xpath: //*[@label='Login']
2017-03-15 13:59:26-main--INFO -com.ctaf.accelerators.TestEngine:Able to click on By.xpath: //*[@label='Book flights']
2017-03-15 13:59:32-main--INFO -com.ctaf.accelerators.TestEngine:Able to click on By.xpath: //*[@label='One-way']
2017-03-15 13:59:39-main--INFO -com.ctaf.accelerators.TestEngine:Able to click on By.xpath: //XCUIElementTypeOther[3]/XCUIElementTypeOther[1]/XCUIElementTypeButton
2017-03-15 14:00:17-main--INFO -com.ctaf.accelerators.TestEngine:Able to click on Search
2017-03-15 14:00:25-main--INFO -com.ctaf.accelerators.TestEngine:Typing is performed on Origin
2017-03-15 14:00:28-main--INFO -com.ctaf.accelerators.TestEngine:Able to click on RUH
2017-03-15 14:00:36-main--INFO -com.ctaf.accelerators.TestEngine:Typing is performed on Destination
2017-03-15 14:00:38-main--INFO -com.ctaf.accelerators.TestEngine:Able to click on JED
2017-03-15 14:00:41-main--INFO -com.ctaf.accelerators.TestEngine:Able to click on Find Flights
2017-03-15 14:01:28-main--INFO -com.ctaf.accelerators.TestEngine:Able to click on By.xpath: //XCUIElementTypeTable/XCUIElementTypeCell[1]/XCUIElementTypeButton[3]
2017-03-15 14:02:17-main--INFO -com.ctaf.accelerators.TestEngine:Able to click on By.xpath: //*[@label='Continue']
2017-03-15 14:02:33-main--INFO -com.ctaf.accelerators.TestEngine:Able to click on By.xpath: //*[@label='Continue']
2017-03-15 14:02:46-main--INFO -com.ctaf.accelerators.TestEngine:Able to click on By.xpath: //*[@label='Continue']
2017-03-15 14:03:26-main--INFO -com.ctaf.accelerators.TestEngine:Typing is performed on Card Number
2017-03-15 14:04:05-main--INFO -com.ctaf.accelerators.TestEngine:Typing is performed on Card Holder Name
2017-03-15 14:05:18-main--INFO -com.ctaf.accelerators.TestEngine:Typing is performed on Expiry Date
2017-03-15 14:05:57-main--INFO -com.ctaf.accelerators.TestEngine:Typing is performed on cvv
2017-03-15 14:06:39-main--INFO -com.ctaf.accelerators.TestEngine:Able to click on Purchase
2017-03-15 15:12:06-main--INFO -com.ctaf.accelerators.TestEngine:Starting browser : iphone
2017-03-15 15:13:40-main--INFO -com.ctaf.accelerators.TestEngine:Current Test : TC_02_oneWayDomesticEconomy_RUH_DMM
2017-03-15 15:13:45-main--INFO -com.ctaf.accelerators.TestEngine:Able to click on By.xpath: //XCUIElementTypeOther/*[@label='btn menu']
2017-03-15 15:13:50-main--INFO -com.ctaf.accelerators.TestEngine:Able to click on By.xpath: //XCUIElementTypeCell[1]/*[@label='Login']
2017-03-15 15:14:02-main--INFO -com.ctaf.accelerators.TestEngine:Typing is performed on EmailAddress
2017-03-15 15:14:15-main--INFO -com.ctaf.accelerators.TestEngine:Typing is performed on Password
2017-03-15 15:14:26-main--INFO -com.ctaf.accelerators.TestEngine:Able to click on By.xpath: //*[@label='Login']
2017-03-15 15:14:32-main--INFO -com.ctaf.accelerators.TestEngine:Able to click on By.xpath: //*[@label='Book flights']
2017-03-15 15:14:38-main--INFO -com.ctaf.accelerators.TestEngine:Able to click on By.xpath: //*[@label='One-way']
2017-03-15 15:14:58-main--INFO -com.ctaf.accelerators.TestEngine:Able to click on By.xpath: //XCUIElementTypeOther[3]/XCUIElementTypeOther[1]/XCUIElementTypeButton
2017-03-15 15:15:05-main--INFO -com.ctaf.accelerators.TestEngine:Able to click on Search
2017-03-15 15:15:13-main--INFO -com.ctaf.accelerators.TestEngine:Typing is performed on Origin
2017-03-15 15:15:16-main--INFO -com.ctaf.accelerators.TestEngine:Able to click on RUH
2017-03-15 15:15:24-main--INFO -com.ctaf.accelerators.TestEngine:Typing is performed on Destination
2017-03-15 15:15:26-main--INFO -com.ctaf.accelerators.TestEngine:Able to click on DMM
2017-03-15 15:15:30-main--INFO -com.ctaf.accelerators.TestEngine:Able to click on Find Flights
2017-03-15 15:16:11-main--INFO -com.ctaf.accelerators.TestEngine:Able to click on By.xpath: //XCUIElementTypeTable/XCUIElementTypeCell[1]/XCUIElementTypeButton[3]
2017-03-15 15:17:00-main--INFO -com.ctaf.accelerators.TestEngine:Able to click on By.xpath: //*[@label='Continue']
2017-03-15 15:17:16-main--INFO -com.ctaf.accelerators.TestEngine:Able to click on By.xpath: //*[@label='Continue']
2017-03-15 15:17:29-main--INFO -com.ctaf.accelerators.TestEngine:Able to click on By.xpath: //*[@label='Continue']
2017-03-15 15:18:09-main--INFO -com.ctaf.accelerators.TestEngine:Typing is performed on Card Number
2017-03-15 15:18:47-main--INFO -com.ctaf.accelerators.TestEngine:Typing is performed on Card Holder Name
2017-03-15 15:19:34-main--INFO -com.ctaf.accelerators.TestEngine:Typing is performed on Expiry Date
2017-03-15 15:20:17-main--INFO -com.ctaf.accelerators.TestEngine:Typing is performed on cvv
2017-03-15 15:22:35-main--INFO -com.ctaf.accelerators.TestEngine:Able to click on Purchase
2017-03-15 15:24:03-main--INFO -com.ctaf.accelerators.TestEngine:Starting browser : iphone
2017-03-15 15:25:09-main--INFO -com.ctaf.accelerators.TestEngine:Current Test : TC_03_oneWayDomesticEconomy_RUH_GIZ
2017-03-15 15:25:14-main--INFO -com.ctaf.accelerators.TestEngine:Able to click on By.xpath: //XCUIElementTypeOther/*[@label='btn menu']
2017-03-15 15:25:19-main--INFO -com.ctaf.accelerators.TestEngine:Able to click on By.xpath: //XCUIElementTypeCell[1]/*[@label='Login']
2017-03-15 15:25:31-main--INFO -com.ctaf.accelerators.TestEngine:Typing is performed on EmailAddress
2017-03-15 15:25:44-main--INFO -com.ctaf.accelerators.TestEngine:Typing is performed on Password
2017-03-15 15:25:55-main--INFO -com.ctaf.accelerators.TestEngine:Able to click on By.xpath: //*[@label='Login']
2017-03-15 15:26:01-main--INFO -com.ctaf.accelerators.TestEngine:Able to click on By.xpath: //*[@label='Book flights']
2017-03-15 15:26:08-main--INFO -com.ctaf.accelerators.TestEngine:Able to click on By.xpath: //*[@label='One-way']
2017-03-15 15:26:14-main--INFO -com.ctaf.accelerators.TestEngine:Able to click on By.xpath: //XCUIElementTypeOther[3]/XCUIElementTypeOther[1]/XCUIElementTypeButton
2017-03-15 15:26:22-main--INFO -com.ctaf.accelerators.TestEngine:Able to click on Search
2017-03-15 15:26:31-main--INFO -com.ctaf.accelerators.TestEngine:Typing is performed on Origin
2017-03-15 15:26:34-main--INFO -com.ctaf.accelerators.TestEngine:Able to click on RUH
2017-03-15 15:27:44-main--INFO -com.ctaf.accelerators.TestEngine:Typing is performed on Destination
2017-03-15 15:27:47-main--INFO -com.ctaf.accelerators.TestEngine:Able to click on GIZ
2017-03-15 15:27:50-main--INFO -com.ctaf.accelerators.TestEngine:Able to click on Find Flights
2017-03-15 15:28:26-main--INFO -com.ctaf.accelerators.TestEngine:Able to click on By.xpath: //XCUIElementTypeTable/XCUIElementTypeCell[1]/XCUIElementTypeButton[3]
2017-03-15 15:29:15-main--INFO -com.ctaf.accelerators.TestEngine:Able to click on By.xpath: //*[@label='Continue']
2017-03-15 15:29:31-main--INFO -com.ctaf.accelerators.TestEngine:Able to click on By.xpath: //*[@label='Continue']
2017-03-15 15:29:44-main--INFO -com.ctaf.accelerators.TestEngine:Able to click on By.xpath: //*[@label='Continue']
2017-03-15 15:30:23-main--INFO -com.ctaf.accelerators.TestEngine:Typing is performed on Card Number
2017-03-15 15:31:03-main--INFO -com.ctaf.accelerators.TestEngine:Typing is performed on Card Holder Name
2017-03-15 15:31:50-main--INFO -com.ctaf.accelerators.TestEngine:Typing is performed on Expiry Date
2017-03-15 15:32:34-main--INFO -com.ctaf.accelerators.TestEngine:Typing is performed on cvv
2017-03-15 15:32:45-main--INFO -com.ctaf.accelerators.TestEngine:Able to click on Purchase
2017-03-15 15:36:31-main--INFO -com.ctaf.accelerators.TestEngine:Starting browser : iphone
2017-03-15 15:37:34-main--INFO -com.ctaf.accelerators.TestEngine:Current Test : TC_04_oneWayDomesticEconomy_RUH_MED
2017-03-15 15:37:39-main--INFO -com.ctaf.accelerators.TestEngine:Able to click on By.xpath: //XCUIElementTypeOther/*[@label='btn menu']
2017-03-15 15:37:44-main--INFO -com.ctaf.accelerators.TestEngine:Able to click on By.xpath: //XCUIElementTypeCell[1]/*[@label='Login']
2017-03-15 15:37:56-main--INFO -com.ctaf.accelerators.TestEngine:Typing is performed on EmailAddress
2017-03-15 15:38:09-main--INFO -com.ctaf.accelerators.TestEngine:Typing is performed on Password
2017-03-15 15:38:19-main--INFO -com.ctaf.accelerators.TestEngine:Able to click on By.xpath: //*[@label='Login']
2017-03-15 15:38:25-main--INFO -com.ctaf.accelerators.TestEngine:Able to click on By.xpath: //*[@label='Book flights']
2017-03-15 15:38:31-main--INFO -com.ctaf.accelerators.TestEngine:Able to click on By.xpath: //*[@label='One-way']
2017-03-15 15:38:51-main--INFO -com.ctaf.accelerators.TestEngine:Able to click on By.xpath: //XCUIElementTypeOther[3]/XCUIElementTypeOther[1]/XCUIElementTypeButton
2017-03-15 15:38:58-main--INFO -com.ctaf.accelerators.TestEngine:Able to click on Search
2017-03-15 15:39:06-main--INFO -com.ctaf.accelerators.TestEngine:Typing is performed on Origin
2017-03-15 15:39:09-main--INFO -com.ctaf.accelerators.TestEngine:Able to click on RUH
2017-03-15 15:39:16-main--INFO -com.ctaf.accelerators.TestEngine:Typing is performed on Destination
2017-03-15 15:39:19-main--INFO -com.ctaf.accelerators.TestEngine:Able to click on MED
2017-03-15 15:39:22-main--INFO -com.ctaf.accelerators.TestEngine:Able to click on Find Flights
2017-03-15 15:39:54-main--INFO -com.ctaf.accelerators.TestEngine:Able to click on By.xpath: //XCUIElementTypeTable/XCUIElementTypeCell[1]/XCUIElementTypeButton[3]
2017-03-15 15:40:42-main--INFO -com.ctaf.accelerators.TestEngine:Able to click on By.xpath: //*[@label='Continue']
2017-03-15 15:40:58-main--INFO -com.ctaf.accelerators.TestEngine:Able to click on By.xpath: //*[@label='Continue']
2017-03-15 15:41:11-main--INFO -com.ctaf.accelerators.TestEngine:Able to click on By.xpath: //*[@label='Continue']
2017-03-15 15:41:50-main--INFO -com.ctaf.accelerators.TestEngine:Typing is performed on Card Number
2017-03-15 15:42:27-main--INFO -com.ctaf.accelerators.TestEngine:Typing is performed on Card Holder Name
2017-03-15 15:43:12-main--INFO -com.ctaf.accelerators.TestEngine:Typing is performed on Expiry Date
2017-03-15 15:43:55-main--INFO -com.ctaf.accelerators.TestEngine:Typing is performed on cvv
2017-03-15 15:44:06-main--INFO -com.ctaf.accelerators.TestEngine:Able to click on Purchase
2017-03-15 15:49:04-main--INFO -com.ctaf.accelerators.TestEngine:Starting browser : iphone
2017-03-15 15:50:17-main--INFO -com.ctaf.accelerators.TestEngine:Current Test : TC_05_oneWayDomesticEconomy_RUH_TIF
2017-03-15 15:50:22-main--INFO -com.ctaf.accelerators.TestEngine:Able to click on By.xpath: //XCUIElementTypeOther/*[@label='btn menu']
2017-03-15 15:50:43-main--INFO -com.ctaf.accelerators.TestEngine:Unable to click on By.xpath: //XCUIElementTypeCell[1]/*[@label='Login']
2017-03-15 15:50:44-main--INFO -com.ctaf.accelerators.TestEngine: Able to get TscreenShot
2017-03-15 15:51:00-main--INFO -com.ctaf.accelerators.TestEngine:Starting browser : iphone
2017-03-15 15:52:02-main--INFO -com.ctaf.accelerators.TestEngine:Current Test : TC_05_oneWayDomesticEconomy_RUH_TIF
2017-03-15 15:52:06-main--INFO -com.ctaf.accelerators.TestEngine:Able to click on By.xpath: //XCUIElementTypeOther/*[@label='btn menu']
2017-03-15 15:52:28-main--INFO -com.ctaf.accelerators.TestEngine:Unable to click on By.xpath: //XCUIElementTypeCell[1]/*[@label='Login']
2017-03-15 15:52:28-main--INFO -com.ctaf.accelerators.TestEngine: Able to get TscreenShot
2017-03-15 15:52:53-main--INFO -com.ctaf.accelerators.TestEngine:Starting browser : iphone
2017-03-15 15:53:56-main--INFO -com.ctaf.accelerators.TestEngine:Current Test : TC_05_oneWayDomesticEconomy_RUH_TIF
2017-03-15 15:54:01-main--INFO -com.ctaf.accelerators.TestEngine:Able to click on By.xpath: //XCUIElementTypeOther/*[@label='btn menu']
2017-03-15 15:54:06-main--INFO -com.ctaf.accelerators.TestEngine:Able to click on By.xpath: //XCUIElementTypeCell[1]/*[@label='Login']
2017-03-15 15:54:18-main--INFO -com.ctaf.accelerators.TestEngine:Typing is performed on EmailAddress
2017-03-15 15:54:30-main--INFO -com.ctaf.accelerators.TestEngine:Typing is performed on Password
2017-03-15 15:54:41-main--INFO -com.ctaf.accelerators.TestEngine:Able to click on By.xpath: //*[@label='Login']
2017-03-15 15:54:47-main--INFO -com.ctaf.accelerators.TestEngine:Able to click on By.xpath: //*[@label='Book flights']
2017-03-15 15:54:53-main--INFO -com.ctaf.accelerators.TestEngine:Able to click on By.xpath: //*[@label='One-way']
2017-03-15 15:55:14-main--INFO -com.ctaf.accelerators.TestEngine:Able to click on By.xpath: //XCUIElementTypeOther[3]/XCUIElementTypeOther[1]/XCUIElementTypeButton
2017-03-15 15:55:21-main--INFO -com.ctaf.accelerators.TestEngine:Able to click on Search
2017-03-15 15:55:29-main--INFO -com.ctaf.accelerators.TestEngine:Typing is performed on Origin
2017-03-15 15:55:31-main--INFO -com.ctaf.accelerators.TestEngine:Able to click on RUH
2017-03-15 15:55:39-main--INFO -com.ctaf.accelerators.TestEngine:Typing is performed on Destination
2017-03-15 15:55:42-main--INFO -com.ctaf.accelerators.TestEngine:Able to click on TIF
2017-03-15 15:55:45-main--INFO -com.ctaf.accelerators.TestEngine:Able to click on Find Flights
2017-03-15 15:56:29-main--INFO -com.ctaf.accelerators.TestEngine:Unable to click on By.xpath: //XCUIElementTypeTable/XCUIElementTypeCell[1]/XCUIElementTypeButton[3]
2017-03-15 15:56:29-main--INFO -com.ctaf.accelerators.TestEngine: Able to get TscreenShot
2017-03-15 16:02:21-main--INFO -com.ctaf.accelerators.TestEngine:Starting browser : iphone
2017-03-15 16:03:25-main--INFO -com.ctaf.accelerators.TestEngine:Current Test : TC_05_oneWayDomesticEconomy_RUH_TIF
2017-03-15 16:03:30-main--INFO -com.ctaf.accelerators.TestEngine:Able to click on By.xpath: //XCUIElementTypeOther/*[@label='btn menu']
2017-03-15 16:03:51-main--INFO -com.ctaf.accelerators.TestEngine:Unable to click on By.xpath: //XCUIElementTypeCell[1]/*[@label='Login']
2017-03-15 16:03:52-main--INFO -com.ctaf.accelerators.TestEngine: Able to get TscreenShot
2017-03-15 16:13:31-main--INFO -com.ctaf.accelerators.TestEngine:Starting browser : iphone
2017-03-15 16:14:34-main--INFO -com.ctaf.accelerators.TestEngine:Current Test : TC_05_oneWayDomesticEconomy_RUH_TIF
2017-03-15 16:14:39-main--INFO -com.ctaf.accelerators.TestEngine:Able to click on By.xpath: //XCUIElementTypeOther/*[@label='btn menu']
2017-03-15 16:14:43-main--INFO -com.ctaf.accelerators.TestEngine:Able to click on By.xpath: //XCUIElementTypeCell[1]/*[@label='Login']
2017-03-15 16:14:56-main--INFO -com.ctaf.accelerators.TestEngine:Typing is performed on EmailAddress
2017-03-15 16:15:08-main--INFO -com.ctaf.accelerators.TestEngine:Typing is performed on Password
2017-03-15 16:15:19-main--INFO -com.ctaf.accelerators.TestEngine:Able to click on By.xpath: //*[@label='Login']
2017-03-15 16:15:25-main--INFO -com.ctaf.accelerators.TestEngine:Able to click on By.xpath: //*[@label='Book flights']
2017-03-15 16:15:31-main--INFO -com.ctaf.accelerators.TestEngine:Able to click on By.xpath: //*[@label='One-way']
2017-03-15 16:15:51-main--INFO -com.ctaf.accelerators.TestEngine:Able to click on By.xpath: //XCUIElementTypeOther[3]/XCUIElementTypeOther[1]/XCUIElementTypeButton
2017-03-15 16:15:59-main--INFO -com.ctaf.accelerators.TestEngine:Able to click on Search
2017-03-15 16:16:07-main--INFO -com.ctaf.accelerators.TestEngine:Typing is performed on Origin
2017-03-15 16:16:09-main--INFO -com.ctaf.accelerators.TestEngine:Able to click on RUH
2017-03-15 16:16:17-main--INFO -com.ctaf.accelerators.TestEngine:Typing is performed on Destination
2017-03-15 16:16:20-main--INFO -com.ctaf.accelerators.TestEngine:Able to click on TIF
2017-03-15 16:16:23-main--INFO -com.ctaf.accelerators.TestEngine:Able to click on Find Flights
2017-03-15 16:17:06-main--INFO -com.ctaf.accelerators.TestEngine:Unable to click on By.xpath: //XCUIElementTypeTable/XCUIElementTypeCell[1]/XCUIElementTypeButton[3]
2017-03-15 16:17:07-main--INFO -com.ctaf.accelerators.TestEngine: Able to get TscreenShot
2017-03-15 16:25:57-main--INFO -com.ctaf.accelerators.TestEngine:Starting browser : iphone
2017-03-15 16:27:01-main--INFO -com.ctaf.accelerators.TestEngine:Current Test : TC_05_oneWayDomesticEconomy_RUH_TIF
2017-03-15 16:27:06-main--INFO -com.ctaf.accelerators.TestEngine:Able to click on By.xpath: //XCUIElementTypeOther/*[@label='btn menu']
2017-03-15 16:27:10-main--INFO -com.ctaf.accelerators.TestEngine:Able to click on By.xpath: //XCUIElementTypeCell[1]/*[@label='Login']
2017-03-15 16:27:22-main--INFO -com.ctaf.accelerators.TestEngine:Typing is performed on EmailAddress
2017-03-15 16:27:35-main--INFO -com.ctaf.accelerators.TestEngine:Typing is performed on Password
2017-03-15 16:27:45-main--INFO -com.ctaf.accelerators.TestEngine:Able to click on By.xpath: //*[@label='Login']
2017-03-15 16:27:51-main--INFO -com.ctaf.accelerators.TestEngine:Able to click on By.xpath: //*[@label='Book flights']
2017-03-15 16:27:57-main--INFO -com.ctaf.accelerators.TestEngine:Able to click on By.xpath: //*[@label='One-way']
2017-03-15 16:28:04-main--INFO -com.ctaf.accelerators.TestEngine:Able to click on By.xpath: //XCUIElementTypeOther[3]/XCUIElementTypeOther[1]/XCUIElementTypeButton
2017-03-15 16:28:38-main--INFO -com.ctaf.accelerators.TestEngine:Unable to click on Search
2017-03-15 16:28:38-main--INFO -com.ctaf.accelerators.TestEngine: Able to get TscreenShot
2017-03-15 16:32:19-main--INFO -com.ctaf.accelerators.TestEngine:Starting browser : iphone
2017-03-15 16:33:22-main--INFO -com.ctaf.accelerators.TestEngine:Current Test : TC_05_oneWayDomesticEconomy_RUH_TIF
2017-03-15 16:33:27-main--INFO -com.ctaf.accelerators.TestEngine:Able to click on By.xpath: //XCUIElementTypeOther/*[@label='btn menu']
2017-03-15 16:33:32-main--INFO -com.ctaf.accelerators.TestEngine:Able to click on By.xpath: //XCUIElementTypeCell[1]/*[@label='Login']
2017-03-15 16:33:44-main--INFO -com.ctaf.accelerators.TestEngine:Typing is performed on EmailAddress
2017-03-15 16:33:56-main--INFO -com.ctaf.accelerators.TestEngine:Typing is performed on Password
2017-03-15 16:34:07-main--INFO -com.ctaf.accelerators.TestEngine:Able to click on By.xpath: //*[@label='Login']
2017-03-15 16:34:12-main--INFO -com.ctaf.accelerators.TestEngine:Able to click on By.xpath: //*[@label='Book flights']
2017-03-15 16:34:19-main--INFO -com.ctaf.accelerators.TestEngine:Able to click on By.xpath: //*[@label='One-way']
2017-03-15 16:34:25-main--INFO -com.ctaf.accelerators.TestEngine:Able to click on By.xpath: //XCUIElementTypeOther[3]/XCUIElementTypeOther[1]/XCUIElementTypeButton
2017-03-15 16:35:04-main--INFO -com.ctaf.accelerators.TestEngine:Able to click on Search
2017-03-15 16:35:13-main--INFO -com.ctaf.accelerators.TestEngine:Typing is performed on Origin
2017-03-15 16:35:15-main--INFO -com.ctaf.accelerators.TestEngine:Able to click on RUH
2017-03-15 16:35:23-main--INFO -com.ctaf.accelerators.TestEngine:Typing is performed on Destination
2017-03-15 16:35:26-main--INFO -com.ctaf.accelerators.TestEngine:Able to click on TIF
2017-03-15 16:35:29-main--INFO -com.ctaf.accelerators.TestEngine:Able to click on Find Flights
2017-03-15 16:36:12-main--INFO -com.ctaf.accelerators.TestEngine:Unable to click on By.xpath: //XCUIElementTypeTable/XCUIElementTypeCell[1]/XCUIElementTypeButton[3]
2017-03-15 16:36:13-main--INFO -com.ctaf.accelerators.TestEngine: Able to get TscreenShot
2017-03-15 16:37:57-main--INFO -com.ctaf.accelerators.TestEngine:Starting browser : iphone
2017-03-15 16:39:04-main--INFO -com.ctaf.accelerators.TestEngine:Current Test : TC_05_oneWayDomesticEconomy_RUH_TIF
2017-03-15 16:39:09-main--INFO -com.ctaf.accelerators.TestEngine:Able to click on By.xpath: //XCUIElementTypeOther/*[@label='btn menu']
2017-03-15 16:39:14-main--INFO -com.ctaf.accelerators.TestEngine:Able to click on By.xpath: //XCUIElementTypeCell[1]/*[@label='Login']
2017-03-15 16:39:26-main--INFO -com.ctaf.accelerators.TestEngine:Typing is performed on EmailAddress
2017-03-15 16:39:38-main--INFO -com.ctaf.accelerators.TestEngine:Typing is performed on Password
2017-03-15 16:39:49-main--INFO -com.ctaf.accelerators.TestEngine:Able to click on By.xpath: //*[@label='Login']
2017-03-15 16:39:55-main--INFO -com.ctaf.accelerators.TestEngine:Able to click on By.xpath: //*[@label='Book flights']
2017-03-15 16:40:01-main--INFO -com.ctaf.accelerators.TestEngine:Able to click on By.xpath: //*[@label='One-way']
2017-03-15 16:40:08-main--INFO -com.ctaf.accelerators.TestEngine:Able to click on By.xpath: //XCUIElementTypeOther[3]/XCUIElementTypeOther[1]/XCUIElementTypeButton
2017-03-15 16:40:33-main--INFO -com.ctaf.accelerators.TestEngine:Able to click on Search
2017-03-15 16:40:41-main--INFO -com.ctaf.accelerators.TestEngine:Typing is performed on Origin
2017-03-15 16:40:44-main--INFO -com.ctaf.accelerators.TestEngine:Able to click on RUH
2017-03-15 16:40:52-main--INFO -com.ctaf.accelerators.TestEngine:Typing is performed on Destination
2017-03-15 16:40:54-main--INFO -com.ctaf.accelerators.TestEngine:Able to click on TIF
2017-03-15 16:40:57-main--INFO -com.ctaf.accelerators.TestEngine:Able to click on Find Flights
2017-03-15 16:41:41-main--INFO -com.ctaf.accelerators.TestEngine:Unable to click on By.xpath: //XCUIElementTypeTable/XCUIElementTypeCell[1]/XCUIElementTypeButton[3]
2017-03-15 16:41:41-main--INFO -com.ctaf.accelerators.TestEngine: Able to get TscreenShot
2017-03-15 16:45:24-main--INFO -com.ctaf.accelerators.TestEngine:Starting browser : iphone
2017-03-15 16:46:27-main--INFO -com.ctaf.accelerators.TestEngine:Current Test : TC_06_oneWayDomesticEconomy_RUH_HAS
2017-03-15 16:46:32-main--INFO -com.ctaf.accelerators.TestEngine:Able to click on By.xpath: //XCUIElementTypeOther/*[@label='btn menu']
2017-03-15 16:46:36-main--INFO -com.ctaf.accelerators.TestEngine:Able to click on By.xpath: //XCUIElementTypeCell[1]/*[@label='Login']
2017-03-15 16:46:48-main--INFO -com.ctaf.accelerators.TestEngine:Typing is performed on EmailAddress
2017-03-15 16:47:01-main--INFO -com.ctaf.accelerators.TestEngine:Typing is performed on Password
2017-03-15 16:47:11-main--INFO -com.ctaf.accelerators.TestEngine:Able to click on By.xpath: //*[@label='Login']
2017-03-15 16:47:17-main--INFO -com.ctaf.accelerators.TestEngine:Able to click on By.xpath: //*[@label='Book flights']
2017-03-15 16:47:23-main--INFO -com.ctaf.accelerators.TestEngine:Able to click on By.xpath: //*[@label='One-way']
2017-03-15 16:47:30-main--INFO -com.ctaf.accelerators.TestEngine:Able to click on By.xpath: //XCUIElementTypeOther[3]/XCUIElementTypeOther[1]/XCUIElementTypeButton
2017-03-15 16:47:55-main--INFO -com.ctaf.accelerators.TestEngine:Able to click on Search
2017-03-15 16:48:02-main--INFO -com.ctaf.accelerators.TestEngine:Typing is performed on Origin
2017-03-15 16:48:05-main--INFO -com.ctaf.accelerators.TestEngine:Able to click on RUH
2017-03-15 16:48:13-main--INFO -com.ctaf.accelerators.TestEngine:Typing is performed on Destination
2017-03-15 16:48:15-main--INFO -com.ctaf.accelerators.TestEngine:Able to click on HAS
2017-03-15 16:48:18-main--INFO -com.ctaf.accelerators.TestEngine:Able to click on Find Flights
2017-03-15 16:48:54-main--INFO -com.ctaf.accelerators.TestEngine:Able to click on By.xpath: //XCUIElementTypeTable/XCUIElementTypeCell[1]/XCUIElementTypeButton[3]
2017-03-15 16:49:41-main--INFO -com.ctaf.accelerators.TestEngine:Able to click on By.xpath: //*[@label='Continue']
2017-03-15 16:49:56-main--INFO -com.ctaf.accelerators.TestEngine:Able to click on By.xpath: //*[@label='Continue']
2017-03-15 16:50:09-main--INFO -com.ctaf.accelerators.TestEngine:Able to click on By.xpath: //*[@label='Continue']
2017-03-15 16:50:45-main--INFO -com.ctaf.accelerators.TestEngine:Typing is performed on Card Number
2017-03-15 16:51:20-main--INFO -com.ctaf.accelerators.TestEngine:Typing is performed on Card Holder Name
2017-03-15 16:52:01-main--INFO -com.ctaf.accelerators.TestEngine:Typing is performed on Expiry Date
2017-03-15 16:52:40-main--INFO -com.ctaf.accelerators.TestEngine:Typing is performed on cvv
2017-03-15 16:52:51-main--INFO -com.ctaf.accelerators.TestEngine:Able to click on Purchase
2017-03-15 17:01:30-main--INFO -com.ctaf.accelerators.TestEngine:Starting browser : iphone
2017-03-15 17:02:34-main--INFO -com.ctaf.accelerators.TestEngine:Current Test : TC_07_oneWayDomesticEconomy_RUH_TUU
2017-03-15 17:02:39-main--INFO -com.ctaf.accelerators.TestEngine:Able to click on By.xpath: //XCUIElementTypeOther/*[@label='btn menu']
2017-03-15 17:02:44-main--INFO -com.ctaf.accelerators.TestEngine:Able to click on By.xpath: //XCUIElementTypeCell[1]/*[@label='Login']
2017-03-15 17:02:56-main--INFO -com.ctaf.accelerators.TestEngine:Typing is performed on EmailAddress
2017-03-15 17:03:08-main--INFO -com.ctaf.accelerators.TestEngine:Typing is performed on Password
2017-03-15 17:03:19-main--INFO -com.ctaf.accelerators.TestEngine:Able to click on By.xpath: //*[@label='Login']
2017-03-15 17:03:25-main--INFO -com.ctaf.accelerators.TestEngine:Able to click on By.xpath: //*[@label='Book flights']
2017-03-15 17:03:32-main--INFO -com.ctaf.accelerators.TestEngine:Able to click on By.xpath: //*[@label='One-way']
2017-03-15 17:03:38-main--INFO -com.ctaf.accelerators.TestEngine:Able to click on By.xpath: //XCUIElementTypeOther[3]/XCUIElementTypeOther[1]/XCUIElementTypeButton
2017-03-15 17:04:06-main--INFO -com.ctaf.accelerators.TestEngine:Able to click on Search
2017-03-15 17:04:14-main--INFO -com.ctaf.accelerators.TestEngine:Typing is performed on Origin
2017-03-15 17:04:16-main--INFO -com.ctaf.accelerators.TestEngine:Able to click on RUH
2017-03-15 17:04:24-main--INFO -com.ctaf.accelerators.TestEngine:Typing is performed on Destination
2017-03-15 17:04:27-main--INFO -com.ctaf.accelerators.TestEngine:Able to click on TUU
2017-03-15 17:04:30-main--INFO -com.ctaf.accelerators.TestEngine:Able to click on Find Flights
2017-03-15 17:05:02-main--INFO -com.ctaf.accelerators.TestEngine:Able to click on By.xpath: //XCUIElementTypeTable/XCUIElementTypeCell[1]/XCUIElementTypeButton[3]
2017-03-15 17:05:49-main--INFO -com.ctaf.accelerators.TestEngine:Able to click on By.xpath: //*[@label='Continue']
2017-03-15 17:06:05-main--INFO -com.ctaf.accelerators.TestEngine:Able to click on By.xpath: //*[@label='Continue']
2017-03-15 17:06:18-main--INFO -com.ctaf.accelerators.TestEngine:Able to click on By.xpath: //*[@label='Continue']
2017-03-15 17:06:56-main--INFO -com.ctaf.accelerators.TestEngine:Typing is performed on Card Number
2017-03-15 17:07:32-main--INFO -com.ctaf.accelerators.TestEngine:Typing is performed on Card Holder Name
2017-03-15 17:08:17-main--INFO -com.ctaf.accelerators.TestEngine:Typing is performed on Expiry Date
2017-03-15 17:08:58-main--INFO -com.ctaf.accelerators.TestEngine:Typing is performed on cvv
2017-03-15 17:09:10-main--INFO -com.ctaf.accelerators.TestEngine:Able to click on Purchase
2017-03-15 17:49:10-main--INFO -com.ctaf.accelerators.TestEngine:Starting browser : iphone
2017-03-15 17:50:15-main--INFO -com.ctaf.accelerators.TestEngine:Current Test : TC_08_oneWayDomesticEconomy_RUH_URY
2017-03-15 17:50:20-main--INFO -com.ctaf.accelerators.TestEngine:Able to click on By.xpath: //XCUIElementTypeOther/*[@label='btn menu']
2017-03-15 17:50:25-main--INFO -com.ctaf.accelerators.TestEngine:Able to click on By.xpath: //XCUIElementTypeCell[1]/*[@label='Login']
2017-03-15 17:50:37-main--INFO -com.ctaf.accelerators.TestEngine:Typing is performed on EmailAddress
2017-03-15 17:50:49-main--INFO -com.ctaf.accelerators.TestEngine:Typing is performed on Password
2017-03-15 17:51:00-main--INFO -com.ctaf.accelerators.TestEngine:Able to click on By.xpath: //*[@label='Login']
2017-03-15 17:51:05-main--INFO -com.ctaf.accelerators.TestEngine:Able to click on By.xpath: //*[@label='Book flights']
2017-03-15 17:51:12-main--INFO -com.ctaf.accelerators.TestEngine:Able to click on By.xpath: //*[@label='One-way']
2017-03-15 17:51:18-main--INFO -com.ctaf.accelerators.TestEngine:Able to click on By.xpath: //XCUIElementTypeOther[3]/XCUIElementTypeOther[1]/XCUIElementTypeButton
2017-03-15 17:51:46-main--INFO -com.ctaf.accelerators.TestEngine:Able to click on Search
2017-03-15 17:51:54-main--INFO -com.ctaf.accelerators.TestEngine:Typing is performed on Origin
2017-03-15 17:51:56-main--INFO -com.ctaf.accelerators.TestEngine:Able to click on RUH
2017-03-15 17:52:04-main--INFO -com.ctaf.accelerators.TestEngine:Typing is performed on Destination
2017-03-15 17:52:06-main--INFO -com.ctaf.accelerators.TestEngine:Able to click on URY
2017-03-15 17:52:09-main--INFO -com.ctaf.accelerators.TestEngine:Able to click on Find Flights
2017-03-15 17:52:45-main--INFO -com.ctaf.accelerators.TestEngine:Able to click on By.xpath: //XCUIElementTypeTable/XCUIElementTypeCell[1]/XCUIElementTypeButton[3]
2017-03-15 17:53:32-main--INFO -com.ctaf.accelerators.TestEngine:Able to click on By.xpath: //*[@label='Continue']
2017-03-15 17:53:48-main--INFO -com.ctaf.accelerators.TestEngine:Able to click on By.xpath: //*[@label='Continue']
2017-03-15 17:54:01-main--INFO -com.ctaf.accelerators.TestEngine:Able to click on By.xpath: //*[@label='Continue']
2017-03-15 17:54:39-main--INFO -com.ctaf.accelerators.TestEngine:Typing is performed on Card Number
2017-03-15 17:55:15-main--INFO -com.ctaf.accelerators.TestEngine:Typing is performed on Card Holder Name
2017-03-15 17:55:59-main--INFO -com.ctaf.accelerators.TestEngine:Typing is performed on Expiry Date
2017-03-15 17:56:41-main--INFO -com.ctaf.accelerators.TestEngine:Typing is performed on cvv
2017-03-15 17:56:52-main--INFO -com.ctaf.accelerators.TestEngine:Able to click on Purchase
2017-03-15 17:57:54-main--INFO -com.ctaf.accelerators.TestEngine:Starting browser : iphone
2017-03-15 17:58:57-main--INFO -com.ctaf.accelerators.TestEngine:Current Test : TC_09_oneWayDomesticEconomy_RUH_AJF
2017-03-15 17:59:02-main--INFO -com.ctaf.accelerators.TestEngine:Able to click on By.xpath: //XCUIElementTypeOther/*[@label='btn menu']
2017-03-15 17:59:07-main--INFO -com.ctaf.accelerators.TestEngine:Able to click on By.xpath: //XCUIElementTypeCell[1]/*[@label='Login']
2017-03-15 17:59:18-main--INFO -com.ctaf.accelerators.TestEngine:Typing is performed on EmailAddress
2017-03-15 17:59:31-main--INFO -com.ctaf.accelerators.TestEngine:Typing is performed on Password
2017-03-15 17:59:42-main--INFO -com.ctaf.accelerators.TestEngine:Able to click on By.xpath: //*[@label='Login']
2017-03-15 17:59:47-main--INFO -com.ctaf.accelerators.TestEngine:Able to click on By.xpath: //*[@label='Book flights']
2017-03-15 17:59:53-main--INFO -com.ctaf.accelerators.TestEngine:Able to click on By.xpath: //*[@label='One-way']
2017-03-15 18:00:00-main--INFO -com.ctaf.accelerators.TestEngine:Able to click on By.xpath: //XCUIElementTypeOther[3]/XCUIElementTypeOther[1]/XCUIElementTypeButton
2017-03-15 18:00:07-main--INFO -com.ctaf.accelerators.TestEngine:Able to click on Search
2017-03-15 18:00:48-main--INFO -com.ctaf.accelerators.TestEngine:Typing is performed on Origin
2017-03-15 18:00:51-main--INFO -com.ctaf.accelerators.TestEngine:Able to click on RUH
2017-03-15 18:00:58-main--INFO -com.ctaf.accelerators.TestEngine:Typing is performed on Destination
2017-03-15 18:01:01-main--INFO -com.ctaf.accelerators.TestEngine:Able to click on AJF
2017-03-15 18:01:04-main--INFO -com.ctaf.accelerators.TestEngine:Able to click on Find Flights
2017-03-15 18:01:47-main--INFO -com.ctaf.accelerators.TestEngine:Unable to click on By.xpath: //XCUIElementTypeTable/XCUIElementTypeCell[1]/XCUIElementTypeButton[3]
2017-03-15 18:01:47-main--INFO -com.ctaf.accelerators.TestEngine: Able to get TscreenShot
2017-03-15 18:03:37-main--INFO -com.ctaf.accelerators.TestEngine:Starting browser : iphone
2017-03-15 18:04:40-main--INFO -com.ctaf.accelerators.TestEngine:Current Test : TC_10_oneWayDomesticEconomy_RUH_ABT
2017-03-15 18:04:45-main--INFO -com.ctaf.accelerators.TestEngine:Able to click on By.xpath: //XCUIElementTypeOther/*[@label='btn menu']
2017-03-15 18:04:50-main--INFO -com.ctaf.accelerators.TestEngine:Able to click on By.xpath: //XCUIElementTypeCell[1]/*[@label='Login']
2017-03-15 18:05:01-main--INFO -com.ctaf.accelerators.TestEngine:Typing is performed on EmailAddress
2017-03-15 18:05:14-main--INFO -com.ctaf.accelerators.TestEngine:Typing is performed on Password
2017-03-15 18:05:25-main--INFO -com.ctaf.accelerators.TestEngine:Able to click on By.xpath: //*[@label='Login']
2017-03-15 18:05:30-main--INFO -com.ctaf.accelerators.TestEngine:Able to click on By.xpath: //*[@label='Book flights']
2017-03-15 18:05:37-main--INFO -com.ctaf.accelerators.TestEngine:Able to click on By.xpath: //*[@label='One-way']
2017-03-15 18:05:43-main--INFO -com.ctaf.accelerators.TestEngine:Able to click on By.xpath: //XCUIElementTypeOther[3]/XCUIElementTypeOther[1]/XCUIElementTypeButton
2017-03-15 18:06:09-main--INFO -com.ctaf.accelerators.TestEngine:Able to click on Search
2017-03-15 18:06:16-main--INFO -com.ctaf.accelerators.TestEngine:Typing is performed on Origin
2017-03-15 18:06:19-main--INFO -com.ctaf.accelerators.TestEngine:Able to click on RUH
2017-03-15 18:06:27-main--INFO -com.ctaf.accelerators.TestEngine:Typing is performed on Destination
2017-03-15 18:06:29-main--INFO -com.ctaf.accelerators.TestEngine:Able to click on ABT
2017-03-15 18:06:32-main--INFO -com.ctaf.accelerators.TestEngine:Able to click on Find Flights
2017-03-15 18:07:08-main--INFO -com.ctaf.accelerators.TestEngine:Able to click on By.xpath: //XCUIElementTypeTable/XCUIElementTypeCell[1]/XCUIElementTypeButton[3]
2017-03-15 18:07:59-main--INFO -com.ctaf.accelerators.TestEngine:Unable to click on By.xpath: //*[@label='Continue']
2017-03-15 18:07:59-main--INFO -com.ctaf.accelerators.TestEngine: Able to get TscreenShot
2017-03-15 18:08:21-main--INFO -com.ctaf.accelerators.TestEngine:Starting browser : iphone
2017-03-15 18:09:24-main--INFO -com.ctaf.accelerators.TestEngine:Current Test : TC_10_oneWayDomesticEconomy_RUH_ABT
2017-03-15 18:09:29-main--INFO -com.ctaf.accelerators.TestEngine:Able to click on By.xpath: //XCUIElementTypeOther/*[@label='btn menu']
2017-03-15 18:09:41-main--INFO -com.ctaf.accelerators.TestEngine:Able to click on By.xpath: //XCUIElementTypeCell[1]/*[@label='Login']
2017-03-15 18:09:53-main--INFO -com.ctaf.accelerators.TestEngine:Typing is performed on EmailAddress
2017-03-15 18:10:05-main--INFO -com.ctaf.accelerators.TestEngine:Typing is performed on Password
2017-03-15 18:10:16-main--INFO -com.ctaf.accelerators.TestEngine:Able to click on By.xpath: //*[@label='Login']
2017-03-15 18:10:22-main--INFO -com.ctaf.accelerators.TestEngine:Able to click on By.xpath: //*[@label='Book flights']
2017-03-15 18:10:28-main--INFO -com.ctaf.accelerators.TestEngine:Able to click on By.xpath: //*[@label='One-way']
2017-03-15 18:10:34-main--INFO -com.ctaf.accelerators.TestEngine:Able to click on By.xpath: //XCUIElementTypeOther[3]/XCUIElementTypeOther[1]/XCUIElementTypeButton
2017-03-15 18:10:42-main--INFO -com.ctaf.accelerators.TestEngine:Able to click on Search
2017-03-15 18:11:04-main--INFO -com.ctaf.accelerators.TestEngine:Typing is not performed on Origin
2017-03-15 18:11:18-main--INFO -com.ctaf.accelerators.TestEngine: Able to get TscreenShot
