2017-02-01 10:28:57-main--INFO -com.ctaf.accelerators.TestEngine:Starting browser : Chrome
2017-02-01 10:29:09-main--INFO -com.ctaf.accelerators.TestEngine:Current Test : TC_17_memberLoginRTChangeflightCheckIN
2017-02-01 10:36:46-main--INFO -com.ctaf.accelerators.TestEngine:Starting browser : Chrome
2017-02-01 10:36:56-main--INFO -com.ctaf.accelerators.TestEngine:Current Test : TC_17_memberLoginRTChangeflightCheckIN
2017-02-01 10:41:26-main--INFO -com.ctaf.accelerators.TestEngine: Able to get TscreenShot
2017-02-01 10:55:55-main--INFO -com.ctaf.accelerators.TestEngine:Starting browser : Chrome
2017-02-01 10:56:02-main--INFO -com.ctaf.accelerators.TestEngine:Current Test : TC_17_memberLoginRTChangeflightCheckIN
2017-02-01 11:00:12-main--INFO -com.ctaf.accelerators.TestEngine:Starting browser : Chrome
2017-02-01 11:00:23-main--INFO -com.ctaf.accelerators.TestEngine:Current Test : TC_17_memberLoginRTChangeflightCheckIN
2017-02-01 11:06:14-main--INFO -com.ctaf.accelerators.TestEngine:Starting browser : Chrome
2017-02-01 11:06:26-main--INFO -com.ctaf.accelerators.TestEngine:Current Test : TC_17_memberLoginRTChangeflightCheckIN
2017-02-01 11:10:24-main--INFO -com.ctaf.accelerators.TestEngine: Able to get TscreenShot
2017-02-01 11:10:24-main--INFO -com.ctaf.accelerators.TestEngine: Able to get TscreenShot
2017-02-01 11:10:57-main--INFO -com.ctaf.accelerators.TestEngine:Starting browser : Chrome
2017-02-01 11:11:06-main--INFO -com.ctaf.accelerators.TestEngine:Current Test : TC_17_memberLoginRTChangeflightCheckIN
2017-02-01 11:15:05-main--INFO -com.ctaf.accelerators.TestEngine: Able to get TscreenShot
2017-02-01 11:15:05-main--INFO -com.ctaf.accelerators.TestEngine: Able to get TscreenShot
2017-02-01 11:15:47-main--INFO -com.ctaf.accelerators.TestEngine:Starting browser : Chrome
2017-02-01 11:15:54-main--INFO -com.ctaf.accelerators.TestEngine:Current Test : TC_17_memberLoginRTChangeflightCheckIN
2017-02-01 11:29:16-main--INFO -com.ctaf.accelerators.TestEngine:Starting browser : Chrome
2017-02-01 11:29:25-main--INFO -com.ctaf.accelerators.TestEngine:Current Test : TC_17_memberLoginRTChangeflightCheckIN
2017-02-01 11:38:05-main--INFO -com.ctaf.accelerators.TestEngine:Starting browser : Chrome
2017-02-01 11:38:12-main--INFO -com.ctaf.accelerators.TestEngine:Current Test : TC_17_memberLoginRTChangeflightCheckIN
2017-02-01 11:39:59-main--INFO -com.ctaf.accelerators.TestEngine:Starting browser : Chrome
2017-02-01 11:40:06-main--INFO -com.ctaf.accelerators.TestEngine:Current Test : TC_17_memberLoginRTChangeflightCheckIN
2017-02-01 11:41:54-main--INFO -com.ctaf.accelerators.TestEngine: Able to get TscreenShot
2017-02-01 11:42:15-main--INFO -com.ctaf.accelerators.TestEngine:Starting browser : Chrome
2017-02-01 11:42:24-main--INFO -com.ctaf.accelerators.TestEngine:Current Test : TC_17_memberLoginRTChangeflightCheckIN
2017-02-01 11:44:11-main--INFO -com.ctaf.accelerators.TestEngine: Able to get TscreenShot
2017-02-01 11:44:39-main--INFO -com.ctaf.accelerators.TestEngine:Starting browser : Chrome
2017-02-01 11:44:48-main--INFO -com.ctaf.accelerators.TestEngine:Current Test : TC_17_memberLoginRTChangeflightCheckIN
2017-02-01 11:45:05-main--INFO -com.ctaf.accelerators.TestEngine: Able to get TscreenShot
2017-02-01 11:45:36-main--INFO -com.ctaf.accelerators.TestEngine:Starting browser : Chrome
2017-02-01 11:45:46-main--INFO -com.ctaf.accelerators.TestEngine:Current Test : TC_17_memberLoginRTChangeflightCheckIN
2017-02-01 11:57:09-main--INFO -com.ctaf.accelerators.TestEngine:Starting browser : Chrome
2017-02-01 11:57:25-main--INFO -com.ctaf.accelerators.TestEngine:Current Test : TC_07_RTDom4adultBusinessCC
2017-02-01 12:06:58-main--INFO -com.ctaf.accelerators.TestEngine:Starting browser : Chrome
2017-02-01 12:07:10-main--INFO -com.ctaf.accelerators.TestEngine:Current Test : TC_07_RTDom4adultBusinessCC
2017-02-01 12:13:53-main--INFO -com.ctaf.accelerators.TestEngine:Starting browser : Chrome
2017-02-01 12:14:03-main--INFO -com.ctaf.accelerators.TestEngine:Current Test : Tc_09_RTInt1adult1Child1infantBus
2017-02-01 12:15:00-main--INFO -com.ctaf.accelerators.TestEngine: Able to get TscreenShot
2017-02-01 12:15:59-main--INFO -com.ctaf.accelerators.TestEngine:Starting browser : Chrome
2017-02-01 12:16:10-main--INFO -com.ctaf.accelerators.TestEngine:Current Test : Tc_09_RTInt1adult1Child1infantBus
2017-02-01 13:41:47-main--INFO -com.ctaf.accelerators.TestEngine:Starting browser : Chrome
2017-02-01 13:41:55-main--INFO -com.ctaf.accelerators.TestEngine:Current Test : TC_01_oneWayDomesticEcoSADAD
2017-02-01 13:44:59-main--INFO -com.ctaf.accelerators.TestEngine: Able to get TscreenShot
2017-02-01 13:45:06-main--INFO -com.ctaf.accelerators.TestEngine:Current Test : TC_02_oneWayDomesticBusiness
2017-02-01 13:49:14-main--INFO -com.ctaf.accelerators.TestEngine:Current Test : TC_03_oneWayDomesticChangeDate
2017-02-01 13:55:51-main--INFO -com.ctaf.accelerators.TestEngine:Current Test : TC_04_oneWayDomOneAdultCheckin
2017-02-01 14:13:51-main--INFO -com.ctaf.accelerators.TestEngine:Current Test : TC_05_onewaydom8Business
2017-02-01 14:16:28-main--INFO -com.ctaf.accelerators.TestEngine: Able to get TscreenShot
2017-02-01 14:16:35-main--INFO -com.ctaf.accelerators.TestEngine:Current Test : TC_06_oneWay2InternationalEco
2017-02-01 14:20:17-main--INFO -com.ctaf.accelerators.TestEngine:Current Test : TC_07_RTDom4adultBusinessCC
2017-02-01 14:20:25-main--INFO -com.ctaf.accelerators.TestEngine: Able to get TscreenShot
2017-02-01 14:20:32-main--INFO -com.ctaf.accelerators.TestEngine:Current Test : TC_08_RTInt1adult1Child1infantBus
2017-02-01 14:22:11-main--INFO -com.ctaf.accelerators.TestEngine: Able to get TscreenShot
2017-02-01 14:22:18-main--INFO -com.ctaf.accelerators.TestEngine:Current Test : Tc_09_RTInt1adult1Child1infantBus
2017-02-01 14:24:09-main--INFO -com.ctaf.accelerators.TestEngine: Able to get TscreenShot
2017-02-01 14:24:32-main--INFO -com.ctaf.accelerators.TestEngine:Current Test : TC10_OneAdultOnechildFlexCordshare
2017-02-01 14:25:35-main--INFO -com.ctaf.accelerators.TestEngine: Able to get TscreenShot
2017-02-01 14:25:42-main--INFO -com.ctaf.accelerators.TestEngine:Current Test : TC_11oneAdultoneChildoneInfantPartCodeShare
2017-02-01 14:27:06-main--INFO -com.ctaf.accelerators.TestEngine: Able to get TscreenShot
2017-02-01 14:27:13-main--INFO -com.ctaf.accelerators.TestEngine:Current Test : PayWithCreditShell
2017-02-01 14:29:35-main--INFO -com.ctaf.accelerators.TestEngine:Starting browser : Chrome
2017-02-01 14:29:42-main--INFO -com.ctaf.accelerators.TestEngine:Current Test : Tc_09_RTInt1adult1Child1infantBus
2017-02-01 14:44:04-main--INFO -com.ctaf.accelerators.TestEngine:Starting browser : Chrome
2017-02-01 14:44:15-main--INFO -com.ctaf.accelerators.TestEngine:Current Test : Tc_09_RTInt1adult1Child1infantBus
2017-02-01 14:49:18-main--INFO -com.ctaf.accelerators.TestEngine:Starting browser : Chrome
2017-02-01 14:49:26-main--INFO -com.ctaf.accelerators.TestEngine:Current Test : Tc_09_RTInt1adult1Child1infantBus
2017-02-01 14:56:44-main--INFO -com.ctaf.accelerators.TestEngine:Starting browser : Chrome
2017-02-01 14:56:53-main--INFO -com.ctaf.accelerators.TestEngine:Current Test : Tc_09_RTInt1adult1Child1infantBus
2017-02-01 15:02:03-main--INFO -com.ctaf.accelerators.TestEngine:Starting browser : Chrome
2017-02-01 15:02:14-main--INFO -com.ctaf.accelerators.TestEngine:Current Test : Tc_09_RTInt1adult1Child1infantBus
2017-02-01 15:03:39-main--INFO -com.ctaf.accelerators.TestEngine: Able to get TscreenShot
2017-02-01 15:04:23-main--INFO -com.ctaf.accelerators.TestEngine:Starting browser : Chrome
2017-02-01 15:04:34-main--INFO -com.ctaf.accelerators.TestEngine:Current Test : TC_01_oneWayDomesticEcoSADAD
2017-02-01 15:06:05-main--INFO -com.ctaf.accelerators.TestEngine: Able to get TscreenShot
2017-02-01 15:06:56-main--INFO -com.ctaf.accelerators.TestEngine:Starting browser : Chrome
2017-02-01 15:07:04-main--INFO -com.ctaf.accelerators.TestEngine:Current Test : TC_01_oneWayDomesticEcoSADAD
2017-02-01 15:10:00-main--INFO -com.ctaf.accelerators.TestEngine:Current Test : TC_02_oneWayDomesticBusiness
2017-02-01 15:13:30-main--INFO -com.ctaf.accelerators.TestEngine:Current Test : TC_03_oneWayDomesticChangeDate
2017-02-01 15:13:55-main--INFO -com.ctaf.accelerators.TestEngine: Able to get TscreenShot
2017-02-01 15:14:49-main--INFO -com.ctaf.accelerators.TestEngine:Starting browser : Chrome
2017-02-01 15:14:59-main--INFO -com.ctaf.accelerators.TestEngine:Current Test : TC_01_oneWayDomesticEcoSADAD
2017-02-01 15:20:05-main--INFO -com.ctaf.accelerators.TestEngine:Starting browser : Chrome
2017-02-01 15:20:13-main--INFO -com.ctaf.accelerators.TestEngine:Current Test : TC_01_oneWayDomesticEcoSADAD
2017-02-01 15:23:00-main--INFO -com.ctaf.accelerators.TestEngine:Current Test : TC_05_onewaydom8Business
2017-02-01 15:44:10-main--INFO -com.ctaf.accelerators.TestEngine: Able to get TscreenShot
2017-02-01 15:44:21-main--INFO -com.ctaf.accelerators.TestEngine:Current Test : TC10_OneAdultOnechildFlexCordshare
2017-02-01 15:44:48-main--INFO -com.ctaf.accelerators.TestEngine:Starting browser : Chrome
2017-02-01 15:44:56-main--INFO -com.ctaf.accelerators.TestEngine:Current Test : TC_01_oneWayDomesticEcoSADAD
2017-02-01 15:47:59-main--INFO -com.ctaf.accelerators.TestEngine: Able to get TscreenShot
2017-02-01 15:48:07-main--INFO -com.ctaf.accelerators.TestEngine:Current Test : TC_05_onewaydom8Business
2017-02-01 15:48:32-main--INFO -com.ctaf.accelerators.TestEngine: Able to get TscreenShot
2017-02-01 15:48:42-main--INFO -com.ctaf.accelerators.TestEngine:Current Test : TC10_OneAdultOnechildFlexCordshare
2017-02-01 15:50:53-main--INFO -com.ctaf.accelerators.TestEngine: Able to get TscreenShot
2017-02-01 15:51:04-main--INFO -com.ctaf.accelerators.TestEngine:Current Test : TC_11oneAdultoneChildoneInfantPartCodeShare
2017-02-01 15:52:28-main--INFO -com.ctaf.accelerators.TestEngine: Able to get TscreenShot
2017-02-01 15:52:38-main--INFO -com.ctaf.accelerators.TestEngine:Current Test : TC_13_onewayDomesticwithUSdollars
2017-02-01 16:02:13-main--INFO -com.ctaf.accelerators.TestEngine:Starting browser : Chrome
2017-02-01 16:02:20-main--INFO -com.ctaf.accelerators.TestEngine:Current Test : TC_01_oneWayDomesticEcoSADAD
2017-02-01 16:04:54-main--INFO -com.ctaf.accelerators.TestEngine:Current Test : TC_05_onewaydom8Business
2017-02-01 16:10:23-main--INFO -com.ctaf.accelerators.TestEngine:Starting browser : Chrome
2017-02-01 16:10:30-main--INFO -com.ctaf.accelerators.TestEngine:Current Test : TC_05_onewaydom8Business
2017-02-01 16:18:27-main--INFO -com.ctaf.accelerators.TestEngine:Current Test : TC10_OneAdultOnechildFlexCordshare
2017-02-01 16:20:38-main--INFO -com.ctaf.accelerators.TestEngine: Able to get TscreenShot
2017-02-01 16:20:47-main--INFO -com.ctaf.accelerators.TestEngine:Current Test : TC_11oneAdultoneChildoneInfantPartCodeShare
2017-02-01 16:23:46-main--INFO -com.ctaf.accelerators.TestEngine:Current Test : TC_13_onewayDomesticwithUSdollars
2017-02-01 16:27:05-main--INFO -com.ctaf.accelerators.TestEngine:Current Test : TC_14_oneWayDomesticwithEuro
2017-02-01 16:30:46-main--INFO -com.ctaf.accelerators.TestEngine:Current Test : TC_17_memberLoginRTChangeflightCheckIN
2017-02-01 16:32:11-main--INFO -com.ctaf.accelerators.TestEngine:Current Test : TC_20_memberRegistration
2017-02-01 16:34:28-main--INFO -com.ctaf.accelerators.TestEngine:Starting browser : Chrome
2017-02-01 16:34:39-main--INFO -com.ctaf.accelerators.TestEngine:Starting browser : Chrome
2017-02-01 16:34:46-main--INFO -com.ctaf.accelerators.TestEngine:Current Test : TC_17_memberLoginRTChangeflightCheckIN
2017-02-01 16:39:25-main--INFO -com.ctaf.accelerators.TestEngine:Starting browser : Chrome
2017-02-01 16:39:36-main--INFO -com.ctaf.accelerators.TestEngine:Current Test : TC_17_memberLoginRTChangeflightCheckIN
2017-02-01 16:39:53-main--INFO -com.ctaf.accelerators.TestEngine: Able to get TscreenShot
2017-02-01 16:40:09-main--INFO -com.ctaf.accelerators.TestEngine:Starting browser : Chrome
2017-02-01 16:40:18-main--INFO -com.ctaf.accelerators.TestEngine:Current Test : TC_17_memberLoginRTChangeflightCheckIN
2017-02-01 16:45:46-main--INFO -com.ctaf.accelerators.TestEngine: Able to get TscreenShot
2017-02-01 16:49:49-main--INFO -com.ctaf.accelerators.TestEngine:Starting browser : Chrome
2017-02-01 16:49:57-main--INFO -com.ctaf.accelerators.TestEngine:Current Test : TC10_OneAdultOnechildFlexCordshare
2017-02-01 16:52:18-main--INFO -com.ctaf.accelerators.TestEngine: Able to get TscreenShot
2017-02-01 16:54:29-main--INFO -com.ctaf.accelerators.TestEngine:Starting browser : Chrome
2017-02-01 16:54:36-main--INFO -com.ctaf.accelerators.TestEngine:Current Test : TC10_OneAdultOnechildFlexCordshare
2017-02-01 17:17:10-main--INFO -com.ctaf.accelerators.TestEngine:Starting browser : Chrome
2017-02-01 17:17:17-main--INFO -com.ctaf.accelerators.TestEngine:Current Test : TC_17_memberLoginRTChangeflightCheckIN
2017-02-01 17:25:18-main--INFO -com.ctaf.accelerators.TestEngine: Able to get TscreenShot
2017-02-01 17:26:13-main--INFO -com.ctaf.accelerators.TestEngine:Starting browser : Chrome
2017-02-01 17:26:20-main--INFO -com.ctaf.accelerators.TestEngine:Current Test : TC_17_memberLoginRTChangeflightCheckIN
2017-02-01 17:31:29-main--INFO -com.ctaf.accelerators.TestEngine: Able to get TscreenShot
2017-02-01 17:31:29-main--INFO -com.ctaf.accelerators.TestEngine: Able to get TscreenShot
2017-02-01 17:32:13-main--INFO -com.ctaf.accelerators.TestEngine:Starting browser : Chrome
2017-02-01 17:32:22-main--INFO -com.ctaf.accelerators.TestEngine:Current Test : TC_17_memberLoginRTChangeflightCheckIN
2017-02-01 17:40:07-main--INFO -com.ctaf.accelerators.TestEngine:Starting browser : Chrome
2017-02-01 17:40:16-main--INFO -com.ctaf.accelerators.TestEngine:Current Test : TC_17_memberLoginRTChangeflightCheckIN
2017-02-01 17:54:36-main--INFO -com.ctaf.accelerators.TestEngine:Starting browser : Chrome
2017-02-01 17:54:44-main--INFO -com.ctaf.accelerators.TestEngine:Current Test : TC_13_onewayDomesticwithUSdollars
2017-02-01 17:57:56-main--INFO -com.ctaf.accelerators.TestEngine:Starting browser : Chrome
2017-02-01 17:58:03-main--INFO -com.ctaf.accelerators.TestEngine:Current Test : TC_14_oneWayDomesticwithEuro
2017-02-01 18:08:59-main--INFO -com.ctaf.accelerators.TestEngine:Starting browser : Chrome
2017-02-01 18:09:12-main--INFO -com.ctaf.accelerators.TestEngine:Current Test : TC_14_oneWayDomesticwithEuro
2017-02-01 18:11:57-main--INFO -com.ctaf.accelerators.TestEngine:Starting browser : Chrome
2017-02-01 18:12:04-main--INFO -com.ctaf.accelerators.TestEngine:Current Test : TC_14_oneWayDomesticwithEuro
2017-02-01 18:24:18-main--INFO -com.ctaf.accelerators.TestEngine:Starting browser : Chrome
2017-02-01 18:24:25-main--INFO -com.ctaf.accelerators.TestEngine:Current Test : TC_14_oneWayDomesticwithEuro
