2016-12-20 10:33:30-main--INFO -com.ctaf.accelerators.TestEngine:Starting browser : Chrome
2016-12-20 10:33:38-main--INFO -com.ctaf.accelerators.TestEngine:Current Test : Tc_09_RTInt1adult1Child1infantBus
2016-12-20 10:34:28-main--INFO -com.ctaf.accelerators.TestEngine: Able to get TscreenShot
2016-12-20 10:34:40-main--INFO -com.ctaf.accelerators.TestEngine:Starting browser : Chrome
2016-12-20 10:34:49-main--INFO -com.ctaf.accelerators.TestEngine:Current Test : Tc_09_RTInt1adult1Child1infantBus
2016-12-20 10:38:17-main--INFO -com.ctaf.accelerators.TestEngine:Starting browser : Chrome
2016-12-20 10:38:26-main--INFO -com.ctaf.accelerators.TestEngine:Current Test : Tc_09_RTInt1adult1Child1infantBus
2016-12-20 10:39:20-main--INFO -com.ctaf.accelerators.TestEngine: Able to get TscreenShot
2016-12-20 10:39:59-main--INFO -com.ctaf.accelerators.TestEngine:Starting browser : Chrome
2016-12-20 10:40:12-main--INFO -com.ctaf.accelerators.TestEngine:Current Test : Tc_09_RTInt1adult1Child1infantBus
2016-12-20 10:41:05-main--INFO -com.ctaf.accelerators.TestEngine: Able to get TscreenShot
2016-12-20 10:41:47-main--INFO -com.ctaf.accelerators.TestEngine:Starting browser : Chrome
2016-12-20 10:41:58-main--INFO -com.ctaf.accelerators.TestEngine:Current Test : Tc_09_RTInt1adult1Child1infantBus
2016-12-20 10:43:21-main--INFO -com.ctaf.accelerators.TestEngine: Able to get TscreenShot
2016-12-20 10:44:16-main--INFO -com.ctaf.accelerators.TestEngine:Starting browser : Chrome
2016-12-20 10:44:35-main--INFO -com.ctaf.accelerators.TestEngine:Current Test : Tc_09_RTInt1adult1Child1infantBus
2016-12-20 10:45:54-main--INFO -com.ctaf.accelerators.TestEngine: Able to get TscreenShot
2016-12-20 10:46:23-main--INFO -com.ctaf.accelerators.TestEngine:Starting browser : Chrome
2016-12-20 10:46:48-main--INFO -com.ctaf.accelerators.TestEngine:Starting browser : Chrome
2016-12-20 10:46:59-main--INFO -com.ctaf.accelerators.TestEngine:Current Test : Tc_09_RTInt1adult1Child1infantBus
2016-12-20 10:57:32-main--INFO -com.ctaf.accelerators.TestEngine:Starting browser : Chrome
2016-12-20 10:57:41-main--INFO -com.ctaf.accelerators.TestEngine:Current Test : Tc_09_RTInt1adult1Child1infantBus
2016-12-20 10:59:45-main--INFO -com.ctaf.accelerators.TestEngine: Able to get TscreenShot
2016-12-20 11:00:28-main--INFO -com.ctaf.accelerators.TestEngine:Starting browser : Chrome
2016-12-20 11:00:36-main--INFO -com.ctaf.accelerators.TestEngine:Current Test : Tc_09_RTInt1adult1Child1infantBus
2016-12-20 11:09:42-main--INFO -com.ctaf.accelerators.TestEngine:Starting browser : Chrome
2016-12-20 11:09:50-main--INFO -com.ctaf.accelerators.TestEngine:Current Test : Tc_09_RTInt1adult1Child1infantBus
2016-12-20 11:17:36-main--INFO -com.ctaf.accelerators.TestEngine:Starting browser : Chrome
2016-12-20 11:17:46-main--INFO -com.ctaf.accelerators.TestEngine:Current Test : Tc_09_RTInt1adult1Child1infantBus
2016-12-20 11:20:33-main--INFO -com.ctaf.accelerators.TestEngine: Able to get TscreenShot
2016-12-20 11:32:38-main--INFO -com.ctaf.accelerators.TestEngine:Starting browser : Chrome
2016-12-20 11:32:49-main--INFO -com.ctaf.accelerators.TestEngine:Current Test : TC_01_oneWayDomesticEcoSADAD
2016-12-20 11:35:45-main--INFO -com.ctaf.accelerators.TestEngine:Current Test : TC_04_oneWayDomOneAdultCheckin
2016-12-20 11:35:59-main--INFO -com.ctaf.accelerators.TestEngine: Able to get TscreenShot
2016-12-20 11:36:09-main--INFO -com.ctaf.accelerators.TestEngine:Current Test : OneAdultOnechildFlexCordshare
2016-12-20 11:36:22-main--INFO -com.ctaf.accelerators.TestEngine: Able to get TscreenShot
2016-12-20 11:36:46-main--INFO -com.ctaf.accelerators.TestEngine:Current Test : TC_02_oneWayDomesticBusiness
2016-12-20 11:39:57-main--INFO -com.ctaf.accelerators.TestEngine:Current Test : TC_11_oneAdultoneChildoneInfantPartCodeShare
2016-12-20 11:42:22-main--INFO -com.ctaf.accelerators.TestEngine:Current Test : PayWithCreditShell
2016-12-20 11:50:49-main--INFO -com.ctaf.accelerators.TestEngine:Starting browser : ie
2016-12-20 11:51:06-main--INFO -com.ctaf.accelerators.TestEngine:Current Test : Tc_09_RTInt1adult1Child1infantBus
2016-12-20 11:53:25-main--INFO -com.ctaf.accelerators.TestEngine:Starting browser : ie
2016-12-20 11:53:39-main--INFO -com.ctaf.accelerators.TestEngine:Current Test : Tc_09_RTInt1adult1Child1infantBus
2016-12-20 11:55:03-main--INFO -com.ctaf.accelerators.TestEngine: Able to get TscreenShot
2016-12-20 14:56:26-main--INFO -com.ctaf.accelerators.TestEngine:Starting browser : Android
2016-12-20 14:56:50-main--INFO -com.ctaf.accelerators.TestEngine:Current Test : TC_09_RTInt1ad1Ch1InEcoExtras
2016-12-20 14:58:38-main--INFO -com.ctaf.accelerators.TestEngine:Starting browser : Android
2016-12-20 14:59:00-main--INFO -com.ctaf.accelerators.TestEngine:Current Test : TC_09_RTInt1ad1Ch1InEcoExtras
2016-12-20 15:03:54-main--INFO -com.ctaf.accelerators.TestEngine: Able to get TscreenShot
2016-12-20 15:18:19-main--INFO -com.ctaf.accelerators.TestEngine:Starting browser : Chrome
2016-12-20 15:18:27-main--INFO -com.ctaf.accelerators.TestEngine:Current Test : Tc_09_RTInt1adult1Child1infantBus
2016-12-20 15:19:25-main--INFO -com.ctaf.accelerators.TestEngine: Able to get TscreenShot
2016-12-20 15:30:41-main--INFO -com.ctaf.accelerators.TestEngine:Starting browser : Chrome
2016-12-20 15:30:50-main--INFO -com.ctaf.accelerators.TestEngine:Current Test : Tc_09_RTInt1adult1Child1infantBus
2016-12-20 15:37:28-main--INFO -com.ctaf.accelerators.TestEngine:Starting browser : Chrome
2016-12-20 15:37:37-main--INFO -com.ctaf.accelerators.TestEngine:Current Test : Tc_09_RTInt1adult1Child1infantBus
2016-12-20 15:45:44-main--INFO -com.ctaf.accelerators.TestEngine:Starting browser : Android
2016-12-20 15:46:10-main--INFO -com.ctaf.accelerators.TestEngine:Current Test : TC_09_RTInt1ad1Ch1InEcoExtras
2016-12-20 15:51:04-main--INFO -com.ctaf.accelerators.TestEngine:Starting browser : Android
2016-12-20 15:51:28-main--INFO -com.ctaf.accelerators.TestEngine:Current Test : TC_09_RTInt1ad1Ch1InEcoExtras
2016-12-20 16:13:01-main--INFO -com.ctaf.accelerators.TestEngine:Starting browser : Android
2016-12-20 16:13:25-main--INFO -com.ctaf.accelerators.TestEngine:Current Test : TC_09_RTInt1ad1Ch1InEcoExtras
2016-12-20 16:26:55-main--INFO -com.ctaf.accelerators.TestEngine: Able to get TscreenShot
2016-12-20 16:27:36-main--INFO -com.ctaf.accelerators.TestEngine:Starting browser : Android
2016-12-20 16:28:00-main--INFO -com.ctaf.accelerators.TestEngine:Current Test : TC_09_RTInt1ad1Ch1InEcoExtras
2016-12-20 16:37:32-main--INFO -com.ctaf.accelerators.TestEngine:Starting browser : Android
2016-12-20 16:37:56-main--INFO -com.ctaf.accelerators.TestEngine:Current Test : TC_09_RTInt1ad1Ch1InEcoExtras
2016-12-20 16:49:37-main--INFO -com.ctaf.accelerators.TestEngine:Starting browser : Chrome
2016-12-20 16:49:46-main--INFO -com.ctaf.accelerators.TestEngine:Current Test : Tc_09_RTInt1adult1Child1infantBus
2016-12-20 16:54:00-main--INFO -com.ctaf.accelerators.TestEngine:Starting browser : Chrome
2016-12-20 16:54:09-main--INFO -com.ctaf.accelerators.TestEngine:Current Test : Tc_09_RTInt1adult1Child1infantBus
2016-12-20 17:01:47-main--INFO -com.ctaf.accelerators.TestEngine:Starting browser : Chrome
2016-12-20 17:01:56-main--INFO -com.ctaf.accelerators.TestEngine:Current Test : Tc_09_RTInt1adult1Child1infantBus
2016-12-20 17:06:15-main--INFO -com.ctaf.accelerators.TestEngine:Starting browser : Chrome
2016-12-20 17:06:23-main--INFO -com.ctaf.accelerators.TestEngine:Current Test : Tc_09_RTInt1adult1Child1infantBus
2016-12-20 17:09:19-main--INFO -com.ctaf.accelerators.TestEngine:Starting browser : Chrome
2016-12-20 17:09:28-main--INFO -com.ctaf.accelerators.TestEngine:Current Test : Tc_09_RTInt1adult1Child1infantBus
2016-12-20 17:12:50-main--INFO -com.ctaf.accelerators.TestEngine:Starting browser : Chrome
2016-12-20 17:13:03-main--INFO -com.ctaf.accelerators.TestEngine:Current Test : Tc_09_RTInt1adult1Child1infantBus
2016-12-20 17:18:39-main--INFO -com.ctaf.accelerators.TestEngine:Starting browser : Chrome
2016-12-20 17:18:48-main--INFO -com.ctaf.accelerators.TestEngine:Current Test : Tc_09_RTInt1adult1Child1infantBus
2016-12-20 17:21:43-main--INFO -com.ctaf.accelerators.TestEngine: Able to get TscreenShot
2016-12-20 17:22:54-main--INFO -com.ctaf.accelerators.TestEngine:Starting browser : Chrome
2016-12-20 17:23:04-main--INFO -com.ctaf.accelerators.TestEngine:Current Test : Tc_09_RTInt1adult1Child1infantBus
2016-12-20 17:32:54-main--INFO -com.ctaf.accelerators.TestEngine:Starting browser : Chrome
2016-12-20 17:33:03-main--INFO -com.ctaf.accelerators.TestEngine:Current Test : Tc_09_RTInt1adult1Child1infantBus
2016-12-20 17:36:30-main--INFO -com.ctaf.accelerators.TestEngine: Able to get TscreenShot
2016-12-20 17:40:20-main--INFO -com.ctaf.accelerators.TestEngine:Starting browser : Chrome
2016-12-20 17:40:28-main--INFO -com.ctaf.accelerators.TestEngine:Current Test : Tc_09_RTInt1adult1Child1infantBus
2016-12-20 18:37:34-main--INFO -com.ctaf.accelerators.TestEngine:Starting browser : Chrome
2016-12-20 18:37:47-main--INFO -com.ctaf.accelerators.TestEngine:Current Test : Tc_09_RTInt1adult1Child1infantBus
2016-12-20 18:41:46-main--INFO -com.ctaf.accelerators.TestEngine:Starting browser : Chrome
2016-12-20 18:41:55-main--INFO -com.ctaf.accelerators.TestEngine:Current Test : Tc_09_RTInt1adult1Child1infantBus
