2018-03-06 16:31:45-main--INFO -com.ctaf.accelerators.TestEngine:Starting browser : iphone
2018-03-06 16:32:51-main--INFO -com.ctaf.accelerators.TestEngine:Current Test : TC_2a_oneWayDomesticBusinessCC
2018-03-06 16:32:53-main--INFO -com.ctaf.accelerators.TestEngine:Able to click on Login
2018-03-06 16:33:00-main--INFO -com.ctaf.accelerators.TestEngine:Typing is performed on EmailAddress
2018-03-06 16:33:07-main--INFO -com.ctaf.accelerators.TestEngine:Typing is performed on Password
2018-03-06 16:33:08-main--INFO -com.ctaf.accelerators.TestEngine:Able to click on Login
2018-03-06 16:33:27-main--INFO -com.ctaf.accelerators.TestEngine:Able to click on One-way
2018-03-06 16:33:35-main--INFO -com.ctaf.accelerators.TestEngine:Able to click on By.xpath: //XCUIElementTypeStaticText[@name='Origin']/../XCUIElementTypeButton
2018-03-06 16:33:38-main--INFO -com.ctaf.accelerators.TestEngine:Able to click on Search
2018-03-06 16:33:42-main--INFO -com.ctaf.accelerators.TestEngine:Typing is performed on Origin
2018-03-06 16:33:43-main--INFO -com.ctaf.accelerators.TestEngine:Able to click on RUH
2018-03-06 16:33:47-main--INFO -com.ctaf.accelerators.TestEngine:Typing is performed on Destination
2018-03-06 16:33:49-main--INFO -com.ctaf.accelerators.TestEngine:Able to click on DMM
2018-03-06 16:33:50-main--INFO -com.ctaf.accelerators.TestEngine:Able to click on Find Flights
2018-03-06 16:34:24-main--INFO -com.ctaf.accelerators.TestEngine:Unable to click on By.xpath: //*[@label='icn arrow right red']
2018-03-06 16:34:25-main--INFO -com.ctaf.accelerators.TestEngine: Able to get TscreenShot
2018-03-06 16:36:14-main--INFO -com.ctaf.accelerators.TestEngine:Starting browser : iphone
2018-03-06 16:36:27-main--INFO -com.ctaf.accelerators.TestEngine:Current Test : TC_2a_oneWayDomesticBusinessCC
2018-03-06 16:36:30-main--INFO -com.ctaf.accelerators.TestEngine:Able to click on Login
2018-03-06 16:36:36-main--INFO -com.ctaf.accelerators.TestEngine:Typing is performed on EmailAddress
2018-03-06 16:36:44-main--INFO -com.ctaf.accelerators.TestEngine:Typing is performed on Password
2018-03-06 16:36:45-main--INFO -com.ctaf.accelerators.TestEngine:Able to click on Login
2018-03-06 16:37:20-main--INFO -com.ctaf.accelerators.TestEngine:Able to click on One-way
2018-03-06 16:37:32-main--INFO -com.ctaf.accelerators.TestEngine:Able to click on By.xpath: //XCUIElementTypeStaticText[@name='Origin']/../XCUIElementTypeButton
2018-03-06 16:37:41-main--INFO -com.ctaf.accelerators.TestEngine:Able to click on Search
2018-03-06 16:37:46-main--INFO -com.ctaf.accelerators.TestEngine:Typing is performed on Origin
2018-03-06 16:37:48-main--INFO -com.ctaf.accelerators.TestEngine:Able to click on RUH
2018-03-06 16:37:53-main--INFO -com.ctaf.accelerators.TestEngine:Typing is performed on Destination
2018-03-06 16:37:55-main--INFO -com.ctaf.accelerators.TestEngine:Able to click on DMM
2018-03-06 16:38:18-main--INFO -com.ctaf.accelerators.TestEngine:Able to click on Find Flights
2018-03-06 16:39:59-main--INFO -com.ctaf.accelerators.TestEngine:Starting browser : iphone
2018-03-06 16:40:14-main--INFO -com.ctaf.accelerators.TestEngine:Current Test : TC_2a_oneWayDomesticBusinessCC
2018-03-06 16:40:17-main--INFO -com.ctaf.accelerators.TestEngine:Able to click on Login
2018-03-06 16:40:23-main--INFO -com.ctaf.accelerators.TestEngine:Typing is performed on EmailAddress
2018-03-06 16:40:30-main--INFO -com.ctaf.accelerators.TestEngine:Typing is performed on Password
2018-03-06 16:40:31-main--INFO -com.ctaf.accelerators.TestEngine:Able to click on Login
2018-03-06 16:40:50-main--INFO -com.ctaf.accelerators.TestEngine:Able to click on One-way
2018-03-06 16:40:58-main--INFO -com.ctaf.accelerators.TestEngine:Able to click on By.xpath: //XCUIElementTypeStaticText[@name='Origin']/../XCUIElementTypeButton
2018-03-06 16:41:01-main--INFO -com.ctaf.accelerators.TestEngine:Able to click on Search
2018-03-06 16:41:05-main--INFO -com.ctaf.accelerators.TestEngine:Typing is performed on Origin
2018-03-06 16:41:06-main--INFO -com.ctaf.accelerators.TestEngine:Able to click on RUH
2018-03-06 16:41:10-main--INFO -com.ctaf.accelerators.TestEngine:Typing is performed on Destination
2018-03-06 16:41:12-main--INFO -com.ctaf.accelerators.TestEngine:Able to click on DMM
2018-03-06 16:41:14-main--INFO -com.ctaf.accelerators.TestEngine:Able to click on Find Flights
2018-03-06 16:41:59-main--INFO -com.ctaf.accelerators.TestEngine:Able to click on Continue to Select Extras
2018-03-06 16:44:33-main--INFO -com.ctaf.accelerators.TestEngine:Starting browser : iphone
2018-03-06 16:44:47-main--INFO -com.ctaf.accelerators.TestEngine:Current Test : TC_2a_oneWayDomesticBusinessCC
2018-03-06 16:44:50-main--INFO -com.ctaf.accelerators.TestEngine:Able to click on Login
2018-03-06 16:44:56-main--INFO -com.ctaf.accelerators.TestEngine:Typing is performed on EmailAddress
2018-03-06 16:45:03-main--INFO -com.ctaf.accelerators.TestEngine:Typing is performed on Password
2018-03-06 16:45:04-main--INFO -com.ctaf.accelerators.TestEngine:Able to click on Login
2018-03-06 16:45:18-main--INFO -com.ctaf.accelerators.TestEngine:Able to click on One-way
2018-03-06 16:45:26-main--INFO -com.ctaf.accelerators.TestEngine:Able to click on By.xpath: //XCUIElementTypeStaticText[@name='Origin']/../XCUIElementTypeButton
2018-03-06 16:45:29-main--INFO -com.ctaf.accelerators.TestEngine:Able to click on Search
2018-03-06 16:45:33-main--INFO -com.ctaf.accelerators.TestEngine:Typing is performed on Origin
2018-03-06 16:45:34-main--INFO -com.ctaf.accelerators.TestEngine:Able to click on RUH
2018-03-06 16:45:38-main--INFO -com.ctaf.accelerators.TestEngine:Typing is performed on Destination
2018-03-06 16:45:39-main--INFO -com.ctaf.accelerators.TestEngine:Able to click on DMM
2018-03-06 16:45:41-main--INFO -com.ctaf.accelerators.TestEngine:Able to click on Find Flights
2018-03-06 16:47:09-main--INFO -com.ctaf.accelerators.TestEngine:Able to click on Continue to Select Extras
2018-03-06 16:54:20-main--INFO -com.ctaf.accelerators.TestEngine:Starting browser : iphone
2018-03-06 16:54:34-main--INFO -com.ctaf.accelerators.TestEngine:Current Test : TC_2a_oneWayDomesticBusinessCC
2018-03-06 16:54:37-main--INFO -com.ctaf.accelerators.TestEngine:Able to click on Login
2018-03-06 16:54:44-main--INFO -com.ctaf.accelerators.TestEngine:Typing is performed on EmailAddress
2018-03-06 16:54:55-main--INFO -com.ctaf.accelerators.TestEngine:Typing is performed on Password
2018-03-06 16:54:56-main--INFO -com.ctaf.accelerators.TestEngine:Able to click on Login
2018-03-06 16:55:18-main--INFO -com.ctaf.accelerators.TestEngine:Able to click on One-way
2018-03-06 16:55:29-main--INFO -com.ctaf.accelerators.TestEngine:Able to click on By.xpath: //XCUIElementTypeStaticText[@name='Origin']/../XCUIElementTypeButton
2018-03-06 16:55:33-main--INFO -com.ctaf.accelerators.TestEngine:Able to click on Search
2018-03-06 16:55:36-main--INFO -com.ctaf.accelerators.TestEngine:Typing is performed on Origin
2018-03-06 16:55:37-main--INFO -com.ctaf.accelerators.TestEngine:Able to click on RUH
2018-03-06 16:55:41-main--INFO -com.ctaf.accelerators.TestEngine:Typing is performed on Destination
2018-03-06 16:55:43-main--INFO -com.ctaf.accelerators.TestEngine:Able to click on DMM
2018-03-06 16:55:44-main--INFO -com.ctaf.accelerators.TestEngine:Able to click on Find Flights
2018-03-06 16:56:28-main--INFO -com.ctaf.accelerators.TestEngine:Able to click on Continue to Select Extras
2018-03-06 16:58:54-main--INFO -com.ctaf.accelerators.TestEngine:Starting browser : iphone
2018-03-06 16:59:08-main--INFO -com.ctaf.accelerators.TestEngine:Current Test : TC_2a_oneWayDomesticBusinessCC
2018-03-06 16:59:16-main--INFO -com.ctaf.accelerators.TestEngine:Able to click on Login
2018-03-06 17:02:46-main--INFO -com.ctaf.accelerators.TestEngine:Starting browser : iphone
2018-03-06 17:03:00-main--INFO -com.ctaf.accelerators.TestEngine:Current Test : TC_2a_oneWayDomesticBusinessCC
2018-03-06 17:03:32-main--INFO -com.ctaf.accelerators.TestEngine:Able to click on btn menu
2018-03-06 17:04:06-main--INFO -com.ctaf.accelerators.TestEngine:Able to click on Logout
2018-03-06 17:04:29-main--INFO -com.ctaf.accelerators.TestEngine:Able to click on Login
2018-03-06 17:04:41-main--INFO -com.ctaf.accelerators.TestEngine:Typing is performed on EmailAddress
2018-03-06 17:04:56-main--INFO -com.ctaf.accelerators.TestEngine:Typing is performed on Password
2018-03-06 17:04:57-main--INFO -com.ctaf.accelerators.TestEngine:Able to click on Login
2018-03-06 17:05:24-main--INFO -com.ctaf.accelerators.TestEngine:Able to click on One-way
2018-03-06 17:05:40-main--INFO -com.ctaf.accelerators.TestEngine:Able to click on By.xpath: //XCUIElementTypeStaticText[@name='Origin']/../XCUIElementTypeButton
2018-03-06 17:05:44-main--INFO -com.ctaf.accelerators.TestEngine:Able to click on Search
2018-03-06 17:05:48-main--INFO -com.ctaf.accelerators.TestEngine:Typing is performed on Origin
2018-03-06 17:05:49-main--INFO -com.ctaf.accelerators.TestEngine:Able to click on RUH
2018-03-06 17:05:53-main--INFO -com.ctaf.accelerators.TestEngine:Typing is performed on Destination
2018-03-06 17:05:54-main--INFO -com.ctaf.accelerators.TestEngine:Able to click on DMM
2018-03-06 17:05:55-main--INFO -com.ctaf.accelerators.TestEngine:Able to click on Find Flights
2018-03-06 17:06:34-main--INFO -com.ctaf.accelerators.TestEngine:Unable to click on By.xpath: //*[@label='icn arrow right red']
2018-03-06 17:06:35-main--INFO -com.ctaf.accelerators.TestEngine: Able to get TscreenShot
2018-03-06 17:08:25-main--INFO -com.ctaf.accelerators.TestEngine:Starting browser : iphone
2018-03-06 17:08:38-main--INFO -com.ctaf.accelerators.TestEngine:Current Test : TC_2a_oneWayDomesticBusinessCC
2018-03-06 17:08:58-main--INFO -com.ctaf.accelerators.TestEngine:Able to click on Login
2018-03-06 17:09:10-main--INFO -com.ctaf.accelerators.TestEngine:Typing is performed on EmailAddress
2018-03-06 17:09:26-main--INFO -com.ctaf.accelerators.TestEngine:Typing is performed on Password
2018-03-06 17:09:27-main--INFO -com.ctaf.accelerators.TestEngine:Able to click on Login
2018-03-06 17:09:54-main--INFO -com.ctaf.accelerators.TestEngine:Able to click on One-way
2018-03-06 17:10:10-main--INFO -com.ctaf.accelerators.TestEngine:Able to click on By.xpath: //XCUIElementTypeStaticText[@name='Origin']/../XCUIElementTypeButton
2018-03-06 17:10:14-main--INFO -com.ctaf.accelerators.TestEngine:Able to click on Search
2018-03-06 17:10:18-main--INFO -com.ctaf.accelerators.TestEngine:Typing is performed on Origin
2018-03-06 17:10:19-main--INFO -com.ctaf.accelerators.TestEngine:Able to click on RUH
2018-03-06 17:10:23-main--INFO -com.ctaf.accelerators.TestEngine:Typing is performed on Destination
2018-03-06 17:10:24-main--INFO -com.ctaf.accelerators.TestEngine:Able to click on DMM
2018-03-06 17:10:25-main--INFO -com.ctaf.accelerators.TestEngine:Able to click on Find Flights
2018-03-06 17:12:03-main--INFO -com.ctaf.accelerators.TestEngine:Starting browser : iphone
2018-03-06 17:12:17-main--INFO -com.ctaf.accelerators.TestEngine:Current Test : TC_2a_oneWayDomesticBusinessCC
2018-03-06 17:13:51-main--INFO -com.ctaf.accelerators.TestEngine:Able to click on btn menu
2018-03-06 17:14:38-main--INFO -com.ctaf.accelerators.TestEngine:Able to click on Logout
2018-03-06 17:15:16-main--INFO -com.ctaf.accelerators.TestEngine:Able to click on Login
2018-03-06 17:15:31-main--INFO -com.ctaf.accelerators.TestEngine:Typing is performed on EmailAddress
2018-03-06 17:15:48-main--INFO -com.ctaf.accelerators.TestEngine:Typing is performed on Password
2018-03-06 17:15:54-main--INFO -com.ctaf.accelerators.TestEngine:Able to click on Login
2018-03-06 17:16:35-main--INFO -com.ctaf.accelerators.TestEngine:Able to click on One-way
2018-03-06 17:16:54-main--INFO -com.ctaf.accelerators.TestEngine:Able to click on By.xpath: //XCUIElementTypeStaticText[@name='Origin']/../XCUIElementTypeButton
2018-03-06 17:17:07-main--INFO -com.ctaf.accelerators.TestEngine:Able to click on Search
2018-03-06 17:17:12-main--INFO -com.ctaf.accelerators.TestEngine:Typing is performed on Origin
2018-03-06 17:17:17-main--INFO -com.ctaf.accelerators.TestEngine:Able to click on RUH
2018-03-06 17:17:22-main--INFO -com.ctaf.accelerators.TestEngine:Typing is performed on Destination
2018-03-06 17:17:26-main--INFO -com.ctaf.accelerators.TestEngine:Able to click on DMM
2018-03-06 17:17:56-main--INFO -com.ctaf.accelerators.TestEngine:Able to click on Find Flights
2018-03-06 17:20:49-main--INFO -com.ctaf.accelerators.TestEngine:Able to click on Continue to Select Extras
2018-03-06 17:21:27-main--INFO -com.ctaf.accelerators.TestEngine:Able to click on Continue to Select Seat
2018-03-06 17:24:12-main--INFO -com.ctaf.accelerators.TestEngine:Able to click on Continue to Payment
2018-03-06 17:24:56-main--INFO -com.ctaf.accelerators.TestEngine:Able to click on By.xpath: //*[@label='Other payment options']/preceding-sibling::XCUIElementTypeButton
2018-03-06 17:28:08-main--INFO -com.ctaf.accelerators.TestEngine:Typing is not performed on Card Number
2018-03-06 17:28:09-main--INFO -com.ctaf.accelerators.TestEngine: Able to get TscreenShot
2018-03-06 17:30:17-main--INFO -com.ctaf.accelerators.TestEngine:Starting browser : iphone
2018-03-06 17:30:31-main--INFO -com.ctaf.accelerators.TestEngine:Current Test : TC_2a_oneWayDomesticBusinessCC
2018-03-06 17:31:02-main--INFO -com.ctaf.accelerators.TestEngine:Able to click on btn menu
2018-03-06 17:31:36-main--INFO -com.ctaf.accelerators.TestEngine:Able to click on Logout
2018-03-06 17:31:59-main--INFO -com.ctaf.accelerators.TestEngine:Able to click on Login
2018-03-06 17:32:12-main--INFO -com.ctaf.accelerators.TestEngine:Typing is performed on EmailAddress
2018-03-06 17:32:27-main--INFO -com.ctaf.accelerators.TestEngine:Typing is performed on Password
2018-03-06 17:32:28-main--INFO -com.ctaf.accelerators.TestEngine:Able to click on Login
2018-03-06 17:32:55-main--INFO -com.ctaf.accelerators.TestEngine:Able to click on One-way
2018-03-06 17:33:12-main--INFO -com.ctaf.accelerators.TestEngine:Able to click on By.xpath: //XCUIElementTypeStaticText[@name='Origin']/../XCUIElementTypeButton
2018-03-06 17:33:17-main--INFO -com.ctaf.accelerators.TestEngine:Able to click on Search
2018-03-06 17:33:21-main--INFO -com.ctaf.accelerators.TestEngine:Typing is performed on Origin
2018-03-06 17:33:22-main--INFO -com.ctaf.accelerators.TestEngine:Able to click on RUH
2018-03-06 17:33:25-main--INFO -com.ctaf.accelerators.TestEngine:Typing is performed on Destination
2018-03-06 17:33:27-main--INFO -com.ctaf.accelerators.TestEngine:Able to click on DMM
2018-03-06 17:33:31-main--INFO -com.ctaf.accelerators.TestEngine:Able to click on Find Flights
2018-03-06 17:34:20-main--INFO -com.ctaf.accelerators.TestEngine:Able to click on Continue to Select Extras
2018-03-06 17:44:17-main--INFO -com.ctaf.accelerators.TestEngine:Starting browser : iphone
2018-03-06 17:44:34-main--INFO -com.ctaf.accelerators.TestEngine:Current Test : TC_2a_oneWayDomesticBusinessCC
2018-03-06 17:45:05-main--INFO -com.ctaf.accelerators.TestEngine:Able to click on btn menu
2018-03-06 17:45:39-main--INFO -com.ctaf.accelerators.TestEngine:Able to click on Logout
2018-03-06 17:46:03-main--INFO -com.ctaf.accelerators.TestEngine:Able to click on Login
2018-03-06 17:46:14-main--INFO -com.ctaf.accelerators.TestEngine:Typing is performed on EmailAddress
2018-03-06 17:46:30-main--INFO -com.ctaf.accelerators.TestEngine:Typing is performed on Password
2018-03-06 17:46:31-main--INFO -com.ctaf.accelerators.TestEngine:Able to click on Login
2018-03-06 17:46:58-main--INFO -com.ctaf.accelerators.TestEngine:Able to click on One-way
2018-03-06 17:47:14-main--INFO -com.ctaf.accelerators.TestEngine:Able to click on By.xpath: //XCUIElementTypeStaticText[@name='Origin']/../XCUIElementTypeButton
2018-03-06 17:47:19-main--INFO -com.ctaf.accelerators.TestEngine:Able to click on Search
2018-03-06 17:47:23-main--INFO -com.ctaf.accelerators.TestEngine:Typing is performed on Origin
2018-03-06 17:47:24-main--INFO -com.ctaf.accelerators.TestEngine:Able to click on RUH
2018-03-06 17:47:28-main--INFO -com.ctaf.accelerators.TestEngine:Typing is performed on Destination
2018-03-06 17:47:29-main--INFO -com.ctaf.accelerators.TestEngine:Able to click on DMM
2018-03-06 17:47:33-main--INFO -com.ctaf.accelerators.TestEngine:Able to click on Find Flights
2018-03-06 17:48:23-main--INFO -com.ctaf.accelerators.TestEngine:Able to click on Continue to Select Extras
2018-03-06 17:48:50-main--INFO -com.ctaf.accelerators.TestEngine:Able to click on Continue to Select Seat
2018-03-06 17:49:24-main--INFO -com.ctaf.accelerators.TestEngine:Able to click on Continue to Payment
2018-03-06 17:49:54-main--INFO -com.ctaf.accelerators.TestEngine:Able to click on By.xpath: //*[@label='Other payment options']/preceding-sibling::XCUIElementTypeButton
2018-03-06 17:57:37-main--INFO -com.ctaf.accelerators.TestEngine:Starting browser : iphone
2018-03-06 17:58:54-main--INFO -com.ctaf.accelerators.TestEngine:Starting browser : iphone
2018-03-06 17:59:09-main--INFO -com.ctaf.accelerators.TestEngine:Current Test : TC_2a_oneWayDomesticBusinessCC
2018-03-06 17:59:41-main--INFO -com.ctaf.accelerators.TestEngine:Able to click on btn menu
2018-03-06 18:00:14-main--INFO -com.ctaf.accelerators.TestEngine:Able to click on Logout
2018-03-06 18:00:37-main--INFO -com.ctaf.accelerators.TestEngine:Able to click on Login
2018-03-06 18:00:49-main--INFO -com.ctaf.accelerators.TestEngine:Typing is performed on EmailAddress
2018-03-06 18:01:05-main--INFO -com.ctaf.accelerators.TestEngine:Typing is performed on Password
2018-03-06 18:01:06-main--INFO -com.ctaf.accelerators.TestEngine:Able to click on Login
2018-03-06 18:01:33-main--INFO -com.ctaf.accelerators.TestEngine:Able to click on One-way
2018-03-06 18:01:49-main--INFO -com.ctaf.accelerators.TestEngine:Able to click on By.xpath: //XCUIElementTypeStaticText[@name='Origin']/../XCUIElementTypeButton
2018-03-06 18:01:55-main--INFO -com.ctaf.accelerators.TestEngine:Able to click on Search
2018-03-06 18:01:58-main--INFO -com.ctaf.accelerators.TestEngine:Typing is performed on Origin
2018-03-06 18:01:59-main--INFO -com.ctaf.accelerators.TestEngine:Able to click on RUH
2018-03-06 18:02:03-main--INFO -com.ctaf.accelerators.TestEngine:Typing is performed on Destination
2018-03-06 18:02:04-main--INFO -com.ctaf.accelerators.TestEngine:Able to click on DMM
2018-03-06 18:02:19-main--INFO -com.ctaf.accelerators.TestEngine:Able to click on Find Flights
2018-03-06 18:03:08-main--INFO -com.ctaf.accelerators.TestEngine:Able to click on Continue to Select Extras
2018-03-06 18:07:30-main--INFO -com.ctaf.accelerators.TestEngine:Starting browser : iphone
2018-03-06 18:07:45-main--INFO -com.ctaf.accelerators.TestEngine:Current Test : TC_2a_oneWayDomesticBusinessCC
2018-03-06 18:07:51-main--INFO -com.ctaf.accelerators.TestEngine:Able to click on Login
2018-03-06 18:11:13-main--INFO -com.ctaf.accelerators.TestEngine:Starting browser : iphone
2018-03-06 18:11:27-main--INFO -com.ctaf.accelerators.TestEngine:Current Test : TC_2a_oneWayDomesticBusinessCC
2018-03-06 18:11:59-main--INFO -com.ctaf.accelerators.TestEngine:Able to click on btn menu
2018-03-06 18:12:32-main--INFO -com.ctaf.accelerators.TestEngine:Able to click on Logout
2018-03-06 18:12:55-main--INFO -com.ctaf.accelerators.TestEngine:Able to click on Login
2018-03-06 18:13:07-main--INFO -com.ctaf.accelerators.TestEngine:Typing is performed on EmailAddress
2018-03-06 18:13:23-main--INFO -com.ctaf.accelerators.TestEngine:Typing is performed on Password
2018-03-06 18:13:24-main--INFO -com.ctaf.accelerators.TestEngine:Able to click on Login
2018-03-06 18:13:51-main--INFO -com.ctaf.accelerators.TestEngine:Able to click on One-way
2018-03-06 18:14:08-main--INFO -com.ctaf.accelerators.TestEngine:Able to click on By.xpath: //XCUIElementTypeStaticText[@name='Origin']/../XCUIElementTypeButton
2018-03-06 18:14:14-main--INFO -com.ctaf.accelerators.TestEngine:Able to click on Search
2018-03-06 18:14:17-main--INFO -com.ctaf.accelerators.TestEngine:Typing is performed on Origin
2018-03-06 18:14:18-main--INFO -com.ctaf.accelerators.TestEngine:Able to click on RUH
2018-03-06 18:14:22-main--INFO -com.ctaf.accelerators.TestEngine:Typing is performed on Destination
2018-03-06 18:14:23-main--INFO -com.ctaf.accelerators.TestEngine:Able to click on DMM
2018-03-06 18:14:27-main--INFO -com.ctaf.accelerators.TestEngine:Able to click on Find Flights
2018-03-06 18:15:16-main--INFO -com.ctaf.accelerators.TestEngine:Able to click on Continue to Select Extras
2018-03-06 18:16:27-main--INFO -com.ctaf.accelerators.TestEngine:Able to click on Continue to Select Seat
2018-03-06 18:19:04-main--INFO -com.ctaf.accelerators.TestEngine:Starting browser : iphone
2018-03-06 18:19:18-main--INFO -com.ctaf.accelerators.TestEngine:Current Test : TC_2a_oneWayDomesticBusinessCC
2018-03-06 18:19:47-main--INFO -com.ctaf.accelerators.TestEngine:Unable to click on Login
2018-03-06 18:19:48-main--INFO -com.ctaf.accelerators.TestEngine: Able to get TscreenShot
2018-03-06 18:20:14-main--INFO -com.ctaf.accelerators.TestEngine:Starting browser : iphone
2018-03-06 18:20:28-main--INFO -com.ctaf.accelerators.TestEngine:Current Test : TC_2a_oneWayDomesticBusinessCC
2018-03-06 18:20:55-main--INFO -com.ctaf.accelerators.TestEngine:Unable to click on Login
2018-03-06 18:20:56-main--INFO -com.ctaf.accelerators.TestEngine: Able to get TscreenShot
2018-03-06 18:24:20-main--INFO -com.ctaf.accelerators.TestEngine:Starting browser : iphone
2018-03-06 18:24:34-main--INFO -com.ctaf.accelerators.TestEngine:Current Test : TC_2a_oneWayDomesticBusinessCC
2018-03-06 18:24:45-main--INFO -com.ctaf.accelerators.TestEngine:Able to click on Login
2018-03-06 18:24:57-main--INFO -com.ctaf.accelerators.TestEngine:Typing is performed on EmailAddress
2018-03-06 18:25:14-main--INFO -com.ctaf.accelerators.TestEngine:Typing is performed on Password
2018-03-06 18:25:15-main--INFO -com.ctaf.accelerators.TestEngine:Able to click on Login
2018-03-06 18:25:42-main--INFO -com.ctaf.accelerators.TestEngine:Able to click on One-way
2018-03-06 18:25:58-main--INFO -com.ctaf.accelerators.TestEngine:Able to click on By.xpath: //XCUIElementTypeStaticText[@name='Origin']/../XCUIElementTypeButton
2018-03-06 18:26:03-main--INFO -com.ctaf.accelerators.TestEngine:Able to click on Search
2018-03-06 18:26:07-main--INFO -com.ctaf.accelerators.TestEngine:Typing is performed on Origin
2018-03-06 18:26:08-main--INFO -com.ctaf.accelerators.TestEngine:Able to click on RUH
2018-03-06 18:26:12-main--INFO -com.ctaf.accelerators.TestEngine:Typing is performed on Destination
2018-03-06 18:26:13-main--INFO -com.ctaf.accelerators.TestEngine:Able to click on DMM
2018-03-06 18:26:18-main--INFO -com.ctaf.accelerators.TestEngine:Able to click on Find Flights
2018-03-06 18:27:05-main--INFO -com.ctaf.accelerators.TestEngine:Able to click on Continue to Select Extras
2018-03-06 18:28:49-main--INFO -com.ctaf.accelerators.TestEngine:Starting browser : iphone
2018-03-06 18:29:05-main--INFO -com.ctaf.accelerators.TestEngine:Current Test : TC_2a_oneWayDomesticBusinessCC
2018-03-06 18:29:39-main--INFO -com.ctaf.accelerators.TestEngine:Able to click on btn menu
2018-03-06 18:30:13-main--INFO -com.ctaf.accelerators.TestEngine:Able to click on Logout
2018-03-06 18:30:36-main--INFO -com.ctaf.accelerators.TestEngine:Able to click on Login
2018-03-06 18:30:49-main--INFO -com.ctaf.accelerators.TestEngine:Typing is performed on EmailAddress
2018-03-06 18:31:04-main--INFO -com.ctaf.accelerators.TestEngine:Typing is performed on Password
2018-03-06 18:31:05-main--INFO -com.ctaf.accelerators.TestEngine:Able to click on Login
2018-03-06 18:31:33-main--INFO -com.ctaf.accelerators.TestEngine:Able to click on One-way
2018-03-06 18:31:49-main--INFO -com.ctaf.accelerators.TestEngine:Able to click on By.xpath: //XCUIElementTypeStaticText[@name='Origin']/../XCUIElementTypeButton
2018-03-06 18:31:55-main--INFO -com.ctaf.accelerators.TestEngine:Able to click on Search
2018-03-06 18:31:58-main--INFO -com.ctaf.accelerators.TestEngine:Typing is performed on Origin
2018-03-06 18:31:59-main--INFO -com.ctaf.accelerators.TestEngine:Able to click on RUH
2018-03-06 18:32:03-main--INFO -com.ctaf.accelerators.TestEngine:Typing is performed on Destination
2018-03-06 18:32:04-main--INFO -com.ctaf.accelerators.TestEngine:Able to click on DMM
2018-03-06 18:32:09-main--INFO -com.ctaf.accelerators.TestEngine:Able to click on Find Flights
2018-03-06 18:32:57-main--INFO -com.ctaf.accelerators.TestEngine:Able to click on Continue to Select Extras
2018-03-06 18:33:33-main--INFO -com.ctaf.accelerators.TestEngine:Able to click on Continue to Select Seat
2018-03-06 18:34:17-main--INFO -com.ctaf.accelerators.TestEngine:Able to click on Continue to Payment
2018-03-06 18:34:48-main--INFO -com.ctaf.accelerators.TestEngine:Able to click on By.xpath: //*[@label='Other payment options']/preceding-sibling::XCUIElementTypeButton
2018-03-06 18:36:16-main--INFO -com.ctaf.accelerators.TestEngine:Typing is not performed on Card Number
2018-03-06 18:36:17-main--INFO -com.ctaf.accelerators.TestEngine: Able to get TscreenShot
2018-03-06 18:46:36-main--INFO -com.ctaf.accelerators.TestEngine:Starting browser : iphone
2018-03-06 18:46:50-main--INFO -com.ctaf.accelerators.TestEngine:Current Test : TC_2a_oneWayDomesticBusinessCC
2018-03-06 18:47:24-main--INFO -com.ctaf.accelerators.TestEngine:Able to click on btn menu
2018-03-06 18:47:58-main--INFO -com.ctaf.accelerators.TestEngine:Able to click on Logout
2018-03-06 18:48:21-main--INFO -com.ctaf.accelerators.TestEngine:Able to click on Login
2018-03-06 18:48:33-main--INFO -com.ctaf.accelerators.TestEngine:Typing is performed on EmailAddress
2018-03-06 18:48:49-main--INFO -com.ctaf.accelerators.TestEngine:Typing is performed on Password
2018-03-06 18:48:50-main--INFO -com.ctaf.accelerators.TestEngine:Able to click on Login
2018-03-06 18:49:18-main--INFO -com.ctaf.accelerators.TestEngine:Able to click on One-way
2018-03-06 18:49:34-main--INFO -com.ctaf.accelerators.TestEngine:Able to click on By.xpath: //XCUIElementTypeStaticText[@name='Origin']/../XCUIElementTypeButton
2018-03-06 18:49:40-main--INFO -com.ctaf.accelerators.TestEngine:Able to click on Search
2018-03-06 18:49:43-main--INFO -com.ctaf.accelerators.TestEngine:Typing is performed on Origin
2018-03-06 18:49:44-main--INFO -com.ctaf.accelerators.TestEngine:Able to click on RUH
2018-03-06 18:49:48-main--INFO -com.ctaf.accelerators.TestEngine:Typing is performed on Destination
2018-03-06 18:49:49-main--INFO -com.ctaf.accelerators.TestEngine:Able to click on DMM
2018-03-06 18:49:53-main--INFO -com.ctaf.accelerators.TestEngine:Able to click on Find Flights
2018-03-06 18:50:42-main--INFO -com.ctaf.accelerators.TestEngine:Able to click on Continue to Select Extras
2018-03-06 18:51:18-main--INFO -com.ctaf.accelerators.TestEngine:Able to click on Continue to Select Seat
2018-03-06 18:55:07-main--INFO -com.ctaf.accelerators.TestEngine:Starting browser : iphone
2018-03-06 18:55:21-main--INFO -com.ctaf.accelerators.TestEngine:Current Test : TC_2a_oneWayDomesticBusinessCC
2018-03-06 18:55:56-main--INFO -com.ctaf.accelerators.TestEngine:Able to click on btn menu
2018-03-06 18:56:30-main--INFO -com.ctaf.accelerators.TestEngine:Able to click on Logout
2018-03-06 18:56:53-main--INFO -com.ctaf.accelerators.TestEngine:Able to click on Login
2018-03-06 18:57:05-main--INFO -com.ctaf.accelerators.TestEngine:Typing is performed on EmailAddress
2018-03-06 18:57:21-main--INFO -com.ctaf.accelerators.TestEngine:Typing is performed on Password
2018-03-06 18:57:22-main--INFO -com.ctaf.accelerators.TestEngine:Able to click on Login
2018-03-06 18:57:49-main--INFO -com.ctaf.accelerators.TestEngine:Able to click on One-way
2018-03-06 18:58:06-main--INFO -com.ctaf.accelerators.TestEngine:Able to click on By.xpath: //XCUIElementTypeStaticText[@name='Origin']/../XCUIElementTypeButton
2018-03-06 18:58:11-main--INFO -com.ctaf.accelerators.TestEngine:Able to click on Search
2018-03-06 18:58:15-main--INFO -com.ctaf.accelerators.TestEngine:Typing is performed on Origin
2018-03-06 18:58:16-main--INFO -com.ctaf.accelerators.TestEngine:Able to click on RUH
2018-03-06 18:58:19-main--INFO -com.ctaf.accelerators.TestEngine:Typing is performed on Destination
2018-03-06 18:58:21-main--INFO -com.ctaf.accelerators.TestEngine:Able to click on DMM
2018-03-06 18:58:25-main--INFO -com.ctaf.accelerators.TestEngine:Able to click on Find Flights
2018-03-06 18:59:17-main--INFO -com.ctaf.accelerators.TestEngine:Able to click on Continue to Select Extras
2018-03-06 18:59:55-main--INFO -com.ctaf.accelerators.TestEngine:Able to click on Continue to Select Seat
2018-03-06 19:11:09-main--INFO -com.ctaf.accelerators.TestEngine:Starting browser : iphone
2018-03-06 19:12:01-main--INFO -com.ctaf.accelerators.TestEngine:Current Test : TC_2a_oneWayDomesticBusinessCC
2018-03-06 19:12:12-main--INFO -com.ctaf.accelerators.TestEngine:Able to click on Login
2018-03-06 19:13:23-main--INFO -com.ctaf.accelerators.TestEngine:Starting browser : iphone
2018-03-06 19:13:37-main--INFO -com.ctaf.accelerators.TestEngine:Current Test : TC_2a_oneWayDomesticBusinessCC
2018-03-06 19:13:48-main--INFO -com.ctaf.accelerators.TestEngine:Able to click on Login
2018-03-06 19:14:00-main--INFO -com.ctaf.accelerators.TestEngine:Typing is performed on EmailAddress
2018-03-06 19:14:16-main--INFO -com.ctaf.accelerators.TestEngine:Typing is performed on Password
2018-03-06 19:14:17-main--INFO -com.ctaf.accelerators.TestEngine:Able to click on Login
2018-03-06 19:14:44-main--INFO -com.ctaf.accelerators.TestEngine:Able to click on One-way
2018-03-06 19:15:00-main--INFO -com.ctaf.accelerators.TestEngine:Able to click on By.xpath: //XCUIElementTypeStaticText[@name='Origin']/../XCUIElementTypeButton
2018-03-06 19:15:06-main--INFO -com.ctaf.accelerators.TestEngine:Able to click on Search
2018-03-06 19:15:09-main--INFO -com.ctaf.accelerators.TestEngine:Typing is performed on Origin
2018-03-06 19:15:10-main--INFO -com.ctaf.accelerators.TestEngine:Able to click on RUH
2018-03-06 19:15:14-main--INFO -com.ctaf.accelerators.TestEngine:Typing is performed on Destination
2018-03-06 19:15:15-main--INFO -com.ctaf.accelerators.TestEngine:Able to click on DMM
2018-03-06 19:15:19-main--INFO -com.ctaf.accelerators.TestEngine:Able to click on Find Flights
2018-03-06 19:16:07-main--INFO -com.ctaf.accelerators.TestEngine:Able to click on Continue to Select Extras
2018-03-06 19:16:44-main--INFO -com.ctaf.accelerators.TestEngine:Able to click on Continue to Select Seat
2018-03-06 19:21:20-main--INFO -com.ctaf.accelerators.TestEngine:Able to click on By.xpath: //XCUIElementTypeButton[@name='Select']
