2017-01-30 11:17:45-main--INFO -com.ctaf.accelerators.TestEngine:Starting browser : Chrome
2017-01-30 11:17:53-main--INFO -com.ctaf.accelerators.TestEngine:Current Test : TC_10_verifingSerCharChildDisInArabic
2017-01-30 11:18:36-main--INFO -com.ctaf.accelerators.TestEngine: Able to get TscreenShot
2017-01-30 11:19:55-main--INFO -com.ctaf.accelerators.TestEngine:Starting browser : Chrome
2017-01-30 11:20:09-main--INFO -com.ctaf.accelerators.TestEngine:Current Test : TC_10_verifingSerCharChildDisInArabic
2017-01-30 11:24:25-main--INFO -com.ctaf.accelerators.TestEngine:Starting browser : Chrome
2017-01-30 11:24:34-main--INFO -com.ctaf.accelerators.TestEngine:Current Test : TC_10_verifingSerCharChildDisInArabic
2017-01-30 11:38:46-main--INFO -com.ctaf.accelerators.TestEngine:Starting browser : Chrome
2017-01-30 11:38:58-main--INFO -com.ctaf.accelerators.TestEngine:Current Test : TC_10_verifingSerCharChildDisInArabic
2017-01-30 12:10:27-main--INFO -com.ctaf.accelerators.TestEngine:Starting browser : Chrome
2017-01-30 12:10:35-main--INFO -com.ctaf.accelerators.TestEngine:Current Test : TC_20_verifingServiceChargeOWSigleBusinessDomTR
2017-01-30 12:10:58-main--INFO -com.ctaf.accelerators.TestEngine: Able to get TscreenShot
2017-01-30 12:11:24-main--INFO -com.ctaf.accelerators.TestEngine:Starting browser : Chrome
2017-01-30 12:11:32-main--INFO -com.ctaf.accelerators.TestEngine:Current Test : TC_20_verifingServiceChargeOWSigleBusinessDomTR
2017-01-30 12:13:29-main--INFO -com.ctaf.accelerators.TestEngine:Starting browser : Chrome
2017-01-30 12:13:37-main--INFO -com.ctaf.accelerators.TestEngine:Current Test : TC_20_verifingServiceChargeOWSigleBusinessDomTR
2017-01-30 12:16:07-main--INFO -com.ctaf.accelerators.TestEngine:Starting browser : Chrome
2017-01-30 12:16:14-main--INFO -com.ctaf.accelerators.TestEngine:Current Test : TC_20_verifingServiceChargeOWSigleBusinessDomTR
2017-01-30 14:27:32-main--INFO -com.ctaf.accelerators.TestEngine:Starting browser : Chrome
2017-01-30 14:27:40-main--INFO -com.ctaf.accelerators.TestEngine:Current Test : TC_20_verifingServiceChargeOWSigleBusinessDomTR
2017-01-30 14:30:04-main--INFO -com.ctaf.accelerators.TestEngine:Current Test : TC_21_verfingServiceChargeRTSingleFlexIntlTR
2017-01-30 14:31:03-main--INFO -com.ctaf.accelerators.TestEngine: Able to get TscreenShot
2017-01-30 14:31:11-main--INFO -com.ctaf.accelerators.TestEngine:Current Test : TC_22_verifingServiceChargeRTSingleEcoDomTR
2017-01-30 15:40:04-main--INFO -com.ctaf.accelerators.TestEngine:Starting browser : Chrome
2017-01-30 15:40:14-main--INFO -com.ctaf.accelerators.TestEngine:Current Test : TC_21_verfingServiceChargeRTSingleFlexIntlTR
2017-01-30 15:40:21-main--INFO -com.ctaf.accelerators.TestEngine: Able to get TscreenShot
2017-01-30 15:41:47-main--INFO -com.ctaf.accelerators.TestEngine:Starting browser : Chrome
2017-01-30 15:42:02-main--INFO -com.ctaf.accelerators.TestEngine:Current Test : TC_21_verfingServiceChargeRTSingleFlexIntlTR
2017-01-30 15:43:21-main--INFO -com.ctaf.accelerators.TestEngine:Starting browser : Chrome
2017-01-30 15:43:30-main--INFO -com.ctaf.accelerators.TestEngine:Current Test : TC_21_verfingServiceChargeRTSingleFlexIntlTR
2017-01-30 15:46:39-main--INFO -com.ctaf.accelerators.TestEngine:Starting browser : Chrome
2017-01-30 15:46:49-main--INFO -com.ctaf.accelerators.TestEngine:Current Test : TC_20_verifingServiceChargeOWSigleBusinessDomTR
2017-01-30 15:46:56-main--INFO -com.ctaf.accelerators.TestEngine: Able to get TscreenShot
2017-01-30 15:47:11-main--INFO -com.ctaf.accelerators.TestEngine:Current Test : TC_21_verfingServiceChargeRTSingleFlexIntlTR
2017-01-30 15:49:53-main--INFO -com.ctaf.accelerators.TestEngine: Able to get TscreenShot
2017-01-30 15:50:07-main--INFO -com.ctaf.accelerators.TestEngine:Current Test : TC_22_verifingServiceChargeRTSingleEcoDomTR
2017-01-30 15:50:47-main--INFO -com.ctaf.accelerators.TestEngine: Able to get TscreenShot
2017-01-30 15:50:58-main--INFO -com.ctaf.accelerators.TestEngine:Current Test : TC_23_verifingSerCharChildDisRTMultiFlexDomTR
2017-01-30 15:52:13-main--INFO -com.ctaf.accelerators.TestEngine:Starting browser : Chrome
2017-01-30 15:52:25-main--INFO -com.ctaf.accelerators.TestEngine:Current Test : TC_20_verifingServiceChargeOWSigleBusinessDomTR
2017-01-30 15:55:08-main--INFO -com.ctaf.accelerators.TestEngine:Starting browser : Chrome
2017-01-30 15:55:17-main--INFO -com.ctaf.accelerators.TestEngine:Current Test : TC_20_verifingServiceChargeOWSigleBusinessDomTR
2017-01-30 15:57:04-main--INFO -com.ctaf.accelerators.TestEngine:Current Test : TC_21_verfingServiceChargeRTSingleFlexIntlTR
2017-01-30 15:57:23-main--INFO -com.ctaf.accelerators.TestEngine:Starting browser : Chrome
2017-01-30 15:57:32-main--INFO -com.ctaf.accelerators.TestEngine:Current Test : TC_20_verifingServiceChargeOWSigleBusinessDomTR
2017-01-30 16:00:05-main--INFO -com.ctaf.accelerators.TestEngine:Current Test : TC_21_verfingServiceChargeRTSingleFlexIntlTR
2017-01-30 16:02:50-main--INFO -com.ctaf.accelerators.TestEngine: Able to get TscreenShot
2017-01-30 16:03:01-main--INFO -com.ctaf.accelerators.TestEngine:Current Test : TC_22_verifingServiceChargeRTSingleEcoDomTR
2017-01-30 16:03:41-main--INFO -com.ctaf.accelerators.TestEngine: Able to get TscreenShot
2017-01-30 16:03:51-main--INFO -com.ctaf.accelerators.TestEngine:Current Test : TC_23_verifingSerCharChildDisRTMultiFlexDomTR
2017-01-30 16:05:24-main--INFO -com.ctaf.accelerators.TestEngine:Starting browser : Chrome
2017-01-30 16:05:34-main--INFO -com.ctaf.accelerators.TestEngine:Current Test : TC_21_verfingServiceChargeRTSingleFlexIntlTR
2017-01-30 16:08:24-main--INFO -com.ctaf.accelerators.TestEngine:Starting browser : Chrome
2017-01-30 16:08:34-main--INFO -com.ctaf.accelerators.TestEngine:Current Test : TC_23_verifingSerCharChildDisRTMultiFlexDomTR
2017-01-30 16:09:50-main--INFO -com.ctaf.accelerators.TestEngine: Able to get TscreenShot
2017-01-30 16:11:36-main--INFO -com.ctaf.accelerators.TestEngine:Starting browser : Chrome
2017-01-30 16:11:46-main--INFO -com.ctaf.accelerators.TestEngine:Current Test : TC_23_verifingSerCharChildDisRTMultiFlexDomTR
2017-01-30 16:12:45-main--INFO -com.ctaf.accelerators.TestEngine: Able to get TscreenShot
2017-01-30 16:15:38-main--INFO -com.ctaf.accelerators.TestEngine:Starting browser : Chrome
2017-01-30 16:15:47-main--INFO -com.ctaf.accelerators.TestEngine:Current Test : TC_23_verifingSerCharChildDisRTMultiFlexDomTR
2017-01-30 16:16:46-main--INFO -com.ctaf.accelerators.TestEngine: Able to get TscreenShot
2017-01-30 16:17:21-main--INFO -com.ctaf.accelerators.TestEngine:Starting browser : Chrome
2017-01-30 16:17:32-main--INFO -com.ctaf.accelerators.TestEngine:Current Test : TC_23_verifingSerCharChildDisRTMultiFlexDomTR
2017-01-30 16:30:53-main--INFO -com.ctaf.accelerators.TestEngine:Starting browser : Chrome
2017-01-30 16:31:04-main--INFO -com.ctaf.accelerators.TestEngine:Current Test : TC_14_verifingSerCharChilDdisRTMulFlexDOMAR
2017-01-30 16:33:24-main--INFO -com.ctaf.accelerators.TestEngine:Starting browser : Chrome
2017-01-30 16:33:34-main--INFO -com.ctaf.accelerators.TestEngine:Current Test : TC_14_verifingSerCharChilDdisRTMulFlexDOMAR
2017-01-30 16:42:00-main--INFO -com.ctaf.accelerators.TestEngine:Starting browser : Chrome
2017-01-30 16:42:09-main--INFO -com.ctaf.accelerators.TestEngine:Current Test : TC_24_verifingServiceChargeRTSingleBusDomTR
2017-01-30 16:48:23-main--INFO -com.ctaf.accelerators.TestEngine:Starting browser : Chrome
2017-01-30 16:48:33-main--INFO -com.ctaf.accelerators.TestEngine:Current Test : TC_24_verifingServiceChargeRTSingleBusDomTR
2017-01-30 17:23:20-main--INFO -com.ctaf.accelerators.TestEngine:Starting browser : Chrome
2017-01-30 17:23:28-main--INFO -com.ctaf.accelerators.TestEngine:Current Test : TC_24_verifingServiceChargeRTSingleBusDomTR
2017-01-30 17:26:07-main--INFO -com.ctaf.accelerators.TestEngine: Able to get TscreenShot
2017-01-30 17:28:56-main--INFO -com.ctaf.accelerators.TestEngine:Starting browser : Chrome
2017-01-30 17:29:10-main--INFO -com.ctaf.accelerators.TestEngine:Current Test : TC_24_verifingServiceChargeRTSingleBusDomTR
