2018-05-20 13:59:18-main--INFO -com.ctaf.accelerators.TestEngine:Starting browser : iphone
2018-05-20 14:00:37-main--INFO -com.ctaf.accelerators.TestEngine:Current Test : TC_2a_oneWayDomesticBusinessCC
2018-05-20 14:00:48-main--INFO -com.ctaf.accelerators.TestEngine:Able to click on Login
2018-05-20 14:01:00-main--INFO -com.ctaf.accelerators.TestEngine:Typing is performed on EmailAddress
2018-05-20 14:01:15-main--INFO -com.ctaf.accelerators.TestEngine:Typing is performed on Password
2018-05-20 14:01:16-main--INFO -com.ctaf.accelerators.TestEngine:Able to click on Login
2018-05-20 14:01:57-main--INFO -com.ctaf.accelerators.TestEngine:Able to click on One-way
2018-05-20 14:02:13-main--INFO -com.ctaf.accelerators.TestEngine:Able to click on By.xpath: //XCUIElementTypeStaticText[@name='Origin']/../XCUIElementTypeButton
2018-05-20 14:02:19-main--INFO -com.ctaf.accelerators.TestEngine:Able to click on Search
2018-05-20 14:02:22-main--INFO -com.ctaf.accelerators.TestEngine:Typing is performed on Origin
2018-05-20 14:02:24-main--INFO -com.ctaf.accelerators.TestEngine:Able to click on RUH
2018-05-20 14:02:27-main--INFO -com.ctaf.accelerators.TestEngine:Typing is performed on Destination
2018-05-20 14:02:28-main--INFO -com.ctaf.accelerators.TestEngine:Able to click on DMM
2018-05-20 14:02:33-main--INFO -com.ctaf.accelerators.TestEngine:Able to click on Find Flights
2018-05-20 14:03:52-main--INFO -com.ctaf.accelerators.TestEngine:Unable to click on Continue to Select Extras
2018-05-20 14:03:53-main--INFO -com.ctaf.accelerators.TestEngine: Able to get TscreenShot
2018-05-20 14:16:15-main--INFO -com.ctaf.accelerators.TestEngine:Starting browser : iphone
2018-05-20 14:16:29-main--INFO -com.ctaf.accelerators.TestEngine:Current Test : TC_2a_oneWayDomesticBusinessCC
2018-05-20 14:17:03-main--INFO -com.ctaf.accelerators.TestEngine:Able to click on btn menu
2018-05-20 14:17:37-main--INFO -com.ctaf.accelerators.TestEngine:Able to click on Logout
2018-05-20 14:18:00-main--INFO -com.ctaf.accelerators.TestEngine:Able to click on Login
2018-05-20 14:18:12-main--INFO -com.ctaf.accelerators.TestEngine:Typing is performed on EmailAddress
2018-05-20 14:18:27-main--INFO -com.ctaf.accelerators.TestEngine:Typing is performed on Password
2018-05-20 14:18:28-main--INFO -com.ctaf.accelerators.TestEngine:Able to click on Login
2018-05-20 14:18:43-main--INFO -com.ctaf.accelerators.TestEngine: Able to get TscreenShot
2018-05-20 14:19:46-main--INFO -com.ctaf.accelerators.TestEngine:Starting browser : iphone
2018-05-20 14:19:59-main--INFO -com.ctaf.accelerators.TestEngine:Current Test : TC_2a_oneWayDomesticBusinessCC
2018-05-20 14:20:10-main--INFO -com.ctaf.accelerators.TestEngine:Able to click on Login
2018-05-20 14:20:22-main--INFO -com.ctaf.accelerators.TestEngine:Typing is performed on EmailAddress
2018-05-20 14:20:37-main--INFO -com.ctaf.accelerators.TestEngine:Typing is performed on Password
2018-05-20 14:20:38-main--INFO -com.ctaf.accelerators.TestEngine:Able to click on Login
2018-05-20 14:21:05-main--INFO -com.ctaf.accelerators.TestEngine:Able to click on One-way
2018-05-20 14:21:22-main--INFO -com.ctaf.accelerators.TestEngine:Able to click on By.xpath: //XCUIElementTypeStaticText[@name='Origin']/../XCUIElementTypeButton
2018-05-20 14:21:27-main--INFO -com.ctaf.accelerators.TestEngine:Able to click on Search
2018-05-20 14:21:31-main--INFO -com.ctaf.accelerators.TestEngine:Typing is performed on Origin
2018-05-20 14:21:32-main--INFO -com.ctaf.accelerators.TestEngine:Able to click on RUH
2018-05-20 14:21:36-main--INFO -com.ctaf.accelerators.TestEngine:Typing is performed on Destination
2018-05-20 14:21:37-main--INFO -com.ctaf.accelerators.TestEngine:Able to click on DMM
2018-05-20 14:21:41-main--INFO -com.ctaf.accelerators.TestEngine:Able to click on Find Flights
2018-05-20 15:08:09-main--INFO -com.ctaf.accelerators.TestEngine:Starting browser : iphone
2018-05-20 15:08:43-main--INFO -com.ctaf.accelerators.TestEngine:Current Test : TC_2a_oneWayDomesticBusinessCC
2018-05-20 15:09:17-main--INFO -com.ctaf.accelerators.TestEngine:Able to click on btn menu
2018-05-20 15:09:50-main--INFO -com.ctaf.accelerators.TestEngine:Able to click on Logout
2018-05-20 15:10:14-main--INFO -com.ctaf.accelerators.TestEngine:Able to click on Login
2018-05-20 15:10:26-main--INFO -com.ctaf.accelerators.TestEngine:Typing is performed on EmailAddress
2018-05-20 15:10:41-main--INFO -com.ctaf.accelerators.TestEngine:Typing is performed on Password
2018-05-20 15:10:42-main--INFO -com.ctaf.accelerators.TestEngine:Able to click on Login
2018-05-20 15:11:09-main--INFO -com.ctaf.accelerators.TestEngine:Able to click on One-way
2018-05-20 15:11:24-main--INFO -com.ctaf.accelerators.TestEngine:Able to click on By.xpath: //XCUIElementTypeStaticText[@name='Origin']/../XCUIElementTypeButton
2018-05-20 15:11:30-main--INFO -com.ctaf.accelerators.TestEngine:Able to click on Search
2018-05-20 15:11:34-main--INFO -com.ctaf.accelerators.TestEngine:Typing is performed on Origin
2018-05-20 15:11:35-main--INFO -com.ctaf.accelerators.TestEngine:Able to click on RUH
2018-05-20 15:11:38-main--INFO -com.ctaf.accelerators.TestEngine:Typing is performed on Destination
2018-05-20 15:11:40-main--INFO -com.ctaf.accelerators.TestEngine:Able to click on DMM
2018-05-20 15:11:44-main--INFO -com.ctaf.accelerators.TestEngine:Able to click on Find Flights
2018-05-20 15:14:53-main--INFO -com.ctaf.accelerators.TestEngine:Starting browser : iphone
2018-05-20 15:19:29-main--INFO -com.ctaf.accelerators.TestEngine:Starting browser : iphone
2018-05-20 15:22:45-main--INFO -com.ctaf.accelerators.TestEngine:Starting browser : iphone
2018-05-20 15:24:04-main--INFO -com.ctaf.accelerators.TestEngine:Starting browser : iphone
2018-05-20 15:24:18-main--INFO -com.ctaf.accelerators.TestEngine:Current Test : TC_2a_oneWayDomesticBusinessCC
2018-05-20 15:24:53-main--INFO -com.ctaf.accelerators.TestEngine:Able to click on btn menu
2018-05-20 15:25:25-main--INFO -com.ctaf.accelerators.TestEngine:Able to click on Logout
2018-05-20 15:25:48-main--INFO -com.ctaf.accelerators.TestEngine:Able to click on Login
2018-05-20 15:26:00-main--INFO -com.ctaf.accelerators.TestEngine:Typing is performed on EmailAddress
2018-05-20 15:26:15-main--INFO -com.ctaf.accelerators.TestEngine:Typing is performed on Password
2018-05-20 15:26:16-main--INFO -com.ctaf.accelerators.TestEngine:Able to click on Login
2018-05-20 15:26:43-main--INFO -com.ctaf.accelerators.TestEngine:Able to click on One-way
2018-05-20 15:26:59-main--INFO -com.ctaf.accelerators.TestEngine:Able to click on By.xpath: //XCUIElementTypeStaticText[@name='Origin']/../XCUIElementTypeButton
2018-05-20 15:27:04-main--INFO -com.ctaf.accelerators.TestEngine:Able to click on Search
2018-05-20 15:27:08-main--INFO -com.ctaf.accelerators.TestEngine:Typing is performed on Origin
2018-05-20 15:27:09-main--INFO -com.ctaf.accelerators.TestEngine:Able to click on RUH
2018-05-20 15:27:13-main--INFO -com.ctaf.accelerators.TestEngine:Typing is performed on Destination
2018-05-20 15:27:14-main--INFO -com.ctaf.accelerators.TestEngine:Able to click on DMM
2018-05-20 15:27:18-main--INFO -com.ctaf.accelerators.TestEngine:Able to click on Find Flights
2018-05-20 15:30:53-main--INFO -com.ctaf.accelerators.TestEngine:Starting browser : iphone
2018-05-20 15:31:06-main--INFO -com.ctaf.accelerators.TestEngine:Current Test : TC_2a_oneWayDomesticBusinessCC
2018-05-20 15:31:36-main--INFO -com.ctaf.accelerators.TestEngine:Able to click on btn menu
2018-05-20 15:32:09-main--INFO -com.ctaf.accelerators.TestEngine:Able to click on Logout
2018-05-20 15:32:32-main--INFO -com.ctaf.accelerators.TestEngine:Able to click on Login
2018-05-20 15:32:43-main--INFO -com.ctaf.accelerators.TestEngine:Typing is performed on EmailAddress
2018-05-20 15:32:58-main--INFO -com.ctaf.accelerators.TestEngine:Typing is performed on Password
2018-05-20 15:32:59-main--INFO -com.ctaf.accelerators.TestEngine:Able to click on Login
2018-05-20 15:33:26-main--INFO -com.ctaf.accelerators.TestEngine:Able to click on One-way
2018-05-20 15:33:42-main--INFO -com.ctaf.accelerators.TestEngine:Able to click on By.xpath: //XCUIElementTypeStaticText[@name='Origin']/../XCUIElementTypeButton
2018-05-20 15:33:47-main--INFO -com.ctaf.accelerators.TestEngine:Able to click on Search
2018-05-20 15:33:51-main--INFO -com.ctaf.accelerators.TestEngine:Typing is performed on Origin
2018-05-20 15:33:52-main--INFO -com.ctaf.accelerators.TestEngine:Able to click on RUH
2018-05-20 15:33:56-main--INFO -com.ctaf.accelerators.TestEngine:Typing is performed on Destination
2018-05-20 15:33:57-main--INFO -com.ctaf.accelerators.TestEngine:Able to click on DMM
2018-05-20 15:34:01-main--INFO -com.ctaf.accelerators.TestEngine:Able to click on Find Flights
2018-05-20 15:35:28-main--INFO -com.ctaf.accelerators.TestEngine:Able to click on By.xpath: //XCUIElementTypeCell[1]/XCUIElementTypeButton[3]
2018-05-20 15:37:21-main--INFO -com.ctaf.accelerators.TestEngine:Starting browser : iphone
2018-05-20 15:37:34-main--INFO -com.ctaf.accelerators.TestEngine:Current Test : TC_2a_oneWayDomesticBusinessCC
2018-05-20 15:38:08-main--INFO -com.ctaf.accelerators.TestEngine:Able to click on btn menu
2018-05-20 15:38:42-main--INFO -com.ctaf.accelerators.TestEngine:Able to click on Logout
2018-05-20 15:39:05-main--INFO -com.ctaf.accelerators.TestEngine:Able to click on Login
2018-05-20 15:39:17-main--INFO -com.ctaf.accelerators.TestEngine:Typing is performed on EmailAddress
2018-05-20 15:39:33-main--INFO -com.ctaf.accelerators.TestEngine:Typing is performed on Password
2018-05-20 15:39:34-main--INFO -com.ctaf.accelerators.TestEngine:Able to click on Login
2018-05-20 15:40:00-main--INFO -com.ctaf.accelerators.TestEngine:Able to click on One-way
2018-05-20 15:40:16-main--INFO -com.ctaf.accelerators.TestEngine:Able to click on By.xpath: //XCUIElementTypeStaticText[@name='Origin']/../XCUIElementTypeButton
2018-05-20 15:40:22-main--INFO -com.ctaf.accelerators.TestEngine:Able to click on Search
2018-05-20 15:40:25-main--INFO -com.ctaf.accelerators.TestEngine:Typing is performed on Origin
2018-05-20 15:40:27-main--INFO -com.ctaf.accelerators.TestEngine:Able to click on RUH
2018-05-20 15:40:30-main--INFO -com.ctaf.accelerators.TestEngine:Typing is performed on Destination
2018-05-20 15:40:32-main--INFO -com.ctaf.accelerators.TestEngine:Able to click on DMM
2018-05-20 15:40:37-main--INFO -com.ctaf.accelerators.TestEngine:Able to click on Find Flights
2018-05-20 15:41:58-main--INFO -com.ctaf.accelerators.TestEngine:Able to click on By.xpath: //XCUIElementTypeCell[1]/XCUIElementTypeButton[3]
2018-05-20 15:45:55-main--INFO -com.ctaf.accelerators.TestEngine:Starting browser : iphone
2018-05-20 15:46:09-main--INFO -com.ctaf.accelerators.TestEngine:Current Test : TC_2a_oneWayDomesticBusinessCC
2018-05-20 15:46:44-main--INFO -com.ctaf.accelerators.TestEngine:Able to click on btn menu
2018-05-20 15:47:17-main--INFO -com.ctaf.accelerators.TestEngine:Able to click on Logout
2018-05-20 15:47:40-main--INFO -com.ctaf.accelerators.TestEngine:Able to click on Login
2018-05-20 15:47:52-main--INFO -com.ctaf.accelerators.TestEngine:Typing is performed on EmailAddress
2018-05-20 15:48:07-main--INFO -com.ctaf.accelerators.TestEngine:Typing is performed on Password
2018-05-20 15:48:08-main--INFO -com.ctaf.accelerators.TestEngine:Able to click on Login
2018-05-20 15:48:32-main--INFO -com.ctaf.accelerators.TestEngine:Able to click on One-way
2018-05-20 15:48:48-main--INFO -com.ctaf.accelerators.TestEngine:Able to click on By.xpath: //XCUIElementTypeStaticText[@name='Origin']/../XCUIElementTypeButton
2018-05-20 15:48:54-main--INFO -com.ctaf.accelerators.TestEngine:Able to click on Search
2018-05-20 15:48:58-main--INFO -com.ctaf.accelerators.TestEngine:Typing is performed on Origin
2018-05-20 15:48:59-main--INFO -com.ctaf.accelerators.TestEngine:Able to click on RUH
2018-05-20 15:49:03-main--INFO -com.ctaf.accelerators.TestEngine:Typing is performed on Destination
2018-05-20 15:49:04-main--INFO -com.ctaf.accelerators.TestEngine:Able to click on DMM
2018-05-20 15:49:08-main--INFO -com.ctaf.accelerators.TestEngine:Able to click on Find Flights
2018-05-20 15:52:39-main--INFO -com.ctaf.accelerators.TestEngine:Able to click on By.xpath: //XCUIElementTypeCell[1]/XCUIElementTypeButton[3]
2018-05-20 15:53:55-main--INFO -com.ctaf.accelerators.TestEngine:Able to click on Continue to Select Extras
2018-05-20 15:54:32-main--INFO -com.ctaf.accelerators.TestEngine:Able to click on Continue to Select Seat
2018-05-20 15:55:06-main--INFO -com.ctaf.accelerators.TestEngine:Able to click on Continue to Payment
2018-05-20 15:55:36-main--INFO -com.ctaf.accelerators.TestEngine:Able to click on By.xpath: //*[@label='Other payment options']/preceding-sibling::XCUIElementTypeButton
2018-05-20 15:56:31-main--INFO -com.ctaf.accelerators.TestEngine:Able to click on By.xpath: //*[@label='Card number']/../XCUIElementTypeButton
2018-05-20 15:57:02-main--INFO -com.ctaf.accelerators.TestEngine:Typing is performed on Card Number
2018-05-20 15:57:25-main--INFO -com.ctaf.accelerators.TestEngine:Able to click on By.xpath: //*[@label='Card holder name']/../XCUIElementTypeButton
2018-05-20 15:57:57-main--INFO -com.ctaf.accelerators.TestEngine:Typing is performed on Card Holder Name
2018-05-20 15:58:10-main--INFO -com.ctaf.accelerators.TestEngine: Able to get TscreenShot
2018-05-20 16:05:42-main--INFO -com.ctaf.accelerators.TestEngine:Starting browser : iphone
2018-05-20 16:05:56-main--INFO -com.ctaf.accelerators.TestEngine:Current Test : TC_02_c_RTDomesticSimple1AdultCC
2018-05-20 16:06:20-main--INFO -com.ctaf.accelerators.TestEngine:Able to click on Login
2018-05-20 16:06:33-main--INFO -com.ctaf.accelerators.TestEngine:Typing is performed on EmailAddress
2018-05-20 16:06:48-main--INFO -com.ctaf.accelerators.TestEngine:Typing is performed on Password
2018-05-20 16:06:49-main--INFO -com.ctaf.accelerators.TestEngine:Able to click on Login
2018-05-20 16:07:12-main--INFO -com.ctaf.accelerators.TestEngine:Able to click on Return
2018-05-20 16:07:30-main--INFO -com.ctaf.accelerators.TestEngine:Able to click on By.xpath: //XCUIElementTypeStaticText[@name='Origin']/../XCUIElementTypeButton
2018-05-20 16:07:35-main--INFO -com.ctaf.accelerators.TestEngine:Able to click on Search
2018-05-20 16:07:39-main--INFO -com.ctaf.accelerators.TestEngine:Typing is performed on Origin
2018-05-20 16:07:40-main--INFO -com.ctaf.accelerators.TestEngine:Able to click on RUH
2018-05-20 16:07:44-main--INFO -com.ctaf.accelerators.TestEngine:Typing is performed on Destination
2018-05-20 16:07:45-main--INFO -com.ctaf.accelerators.TestEngine:Able to click on DMM
2018-05-20 16:07:49-main--INFO -com.ctaf.accelerators.TestEngine:Able to click on Find Flights
2018-05-20 16:08:41-main--INFO -com.ctaf.accelerators.TestEngine:Able to click on By.xpath: //XCUIElementTypeCell[1]/XCUIElementTypeButton[3]
2018-05-20 16:09:36-main--INFO -com.ctaf.accelerators.TestEngine:Able to click on By.xpath: //XCUIElementTypeCell[1]/XCUIElementTypeButton[3]
2018-05-20 16:10:42-main--INFO -com.ctaf.accelerators.TestEngine:Starting browser : iphone
2018-05-20 16:10:56-main--INFO -com.ctaf.accelerators.TestEngine:Current Test : TC_02_c_RTDomesticSimple1AdultCC
2018-05-20 16:11:30-main--INFO -com.ctaf.accelerators.TestEngine:Able to click on btn menu
2018-05-20 16:12:03-main--INFO -com.ctaf.accelerators.TestEngine:Able to click on Logout
2018-05-20 16:12:26-main--INFO -com.ctaf.accelerators.TestEngine:Able to click on Login
2018-05-20 16:12:38-main--INFO -com.ctaf.accelerators.TestEngine:Typing is performed on EmailAddress
2018-05-20 16:12:53-main--INFO -com.ctaf.accelerators.TestEngine:Typing is performed on Password
2018-05-20 16:12:54-main--INFO -com.ctaf.accelerators.TestEngine:Able to click on Login
2018-05-20 16:13:08-main--INFO -com.ctaf.accelerators.TestEngine: Able to get TscreenShot
2018-05-20 16:50:08-main--INFO -com.ctaf.accelerators.TestEngine:Starting browser : iphone
2018-05-20 16:55:24-main--INFO -com.ctaf.accelerators.TestEngine:Starting browser : iphone
2018-05-20 17:03:53-main--INFO -com.ctaf.accelerators.TestEngine:Starting browser : iphone
2018-05-20 17:04:54-main--INFO -com.ctaf.accelerators.TestEngine:Current Test : TC_02_c_RTDomesticSimple1AdultCC
2018-05-20 17:05:05-main--INFO -com.ctaf.accelerators.TestEngine:Able to click on Login
2018-05-20 17:05:18-main--INFO -com.ctaf.accelerators.TestEngine:Typing is performed on EmailAddress
2018-05-20 17:05:33-main--INFO -com.ctaf.accelerators.TestEngine:Typing is performed on Password
2018-05-20 17:05:34-main--INFO -com.ctaf.accelerators.TestEngine:Able to click on Login
2018-05-20 17:06:01-main--INFO -com.ctaf.accelerators.TestEngine:Able to click on Return
2018-05-20 17:06:17-main--INFO -com.ctaf.accelerators.TestEngine:Able to click on By.xpath: //XCUIElementTypeStaticText[@name='Origin']/../XCUIElementTypeButton
2018-05-20 17:06:23-main--INFO -com.ctaf.accelerators.TestEngine:Able to click on Search
2018-05-20 17:06:26-main--INFO -com.ctaf.accelerators.TestEngine:Typing is performed on Origin
2018-05-20 17:06:28-main--INFO -com.ctaf.accelerators.TestEngine:Able to click on RUH
2018-05-20 17:06:31-main--INFO -com.ctaf.accelerators.TestEngine:Typing is performed on Destination
2018-05-20 17:06:33-main--INFO -com.ctaf.accelerators.TestEngine:Able to click on DMM
2018-05-20 17:06:37-main--INFO -com.ctaf.accelerators.TestEngine:Able to click on Find Flights
2018-05-20 17:09:20-main--INFO -com.ctaf.accelerators.TestEngine:Able to click on By.xpath: //XCUIElementTypeCell[1]/XCUIElementTypeButton[3]
2018-05-20 17:10:35-main--INFO -com.ctaf.accelerators.TestEngine:Able to click on By.xpath: //XCUIElementTypeCell[1]/XCUIElementTypeButton[3]
2018-05-20 17:14:51-main--INFO -com.ctaf.accelerators.TestEngine:Starting browser : iphone
2018-05-20 17:15:05-main--INFO -com.ctaf.accelerators.TestEngine:Current Test : TC_02_c_RTDomesticSimple1AdultCC
2018-05-20 17:15:34-main--INFO -com.ctaf.accelerators.TestEngine:Able to click on btn menu
2018-05-20 17:16:05-main--INFO -com.ctaf.accelerators.TestEngine:Able to click on Logout
2018-05-20 17:16:28-main--INFO -com.ctaf.accelerators.TestEngine:Able to click on Login
2018-05-20 17:16:40-main--INFO -com.ctaf.accelerators.TestEngine:Typing is performed on EmailAddress
2018-05-20 17:16:56-main--INFO -com.ctaf.accelerators.TestEngine:Typing is performed on Password
2018-05-20 17:16:57-main--INFO -com.ctaf.accelerators.TestEngine:Able to click on Login
2018-05-20 17:17:23-main--INFO -com.ctaf.accelerators.TestEngine:Able to click on Return
2018-05-20 17:17:40-main--INFO -com.ctaf.accelerators.TestEngine:Able to click on By.xpath: //XCUIElementTypeStaticText[@name='Origin']/../XCUIElementTypeButton
2018-05-20 17:17:46-main--INFO -com.ctaf.accelerators.TestEngine:Able to click on Search
2018-05-20 17:17:49-main--INFO -com.ctaf.accelerators.TestEngine:Typing is performed on Origin
2018-05-20 17:17:51-main--INFO -com.ctaf.accelerators.TestEngine:Able to click on RUH
2018-05-20 17:17:54-main--INFO -com.ctaf.accelerators.TestEngine:Typing is performed on Destination
2018-05-20 17:17:55-main--INFO -com.ctaf.accelerators.TestEngine:Able to click on DMM
2018-05-20 17:18:00-main--INFO -com.ctaf.accelerators.TestEngine:Able to click on Find Flights
2018-05-20 17:18:59-main--INFO -com.ctaf.accelerators.TestEngine:Able to click on By.xpath: //XCUIElementTypeCell[1]/XCUIElementTypeButton[3]
2018-05-20 17:19:50-main--INFO -com.ctaf.accelerators.TestEngine:Able to click on By.xpath: //XCUIElementTypeCell[1]/XCUIElementTypeButton[3]
2018-05-20 17:20:25-main--INFO -com.ctaf.accelerators.TestEngine:Able to click on Continue to Select Extras
2018-05-20 17:21:07-main--INFO -com.ctaf.accelerators.TestEngine:Able to click on Continue to Select Seat
2018-05-20 17:22:03-main--INFO -com.ctaf.accelerators.TestEngine:Able to click on Continue to Payment
2018-05-20 17:22:47-main--INFO -com.ctaf.accelerators.TestEngine:Able to click on By.xpath: //*[@label='Other payment options']/preceding-sibling::XCUIElementTypeButton
2018-05-20 17:23:43-main--INFO -com.ctaf.accelerators.TestEngine:Able to click on By.xpath: //*[@label='Card number']/../XCUIElementTypeButton
2018-05-20 17:24:16-main--INFO -com.ctaf.accelerators.TestEngine:Typing is performed on Card Number
2018-05-20 17:24:39-main--INFO -com.ctaf.accelerators.TestEngine:Able to click on By.xpath: //*[@label='Card holder name']/../XCUIElementTypeButton
2018-05-20 17:25:12-main--INFO -com.ctaf.accelerators.TestEngine:Typing is performed on Card Holder Name
2018-05-20 17:25:34-main--INFO -com.ctaf.accelerators.TestEngine: Able to get TscreenShot
2018-05-20 17:27:47-main--INFO -com.ctaf.accelerators.TestEngine:Starting browser : iphone
2018-05-20 17:28:01-main--INFO -com.ctaf.accelerators.TestEngine:Current Test : TC_02_c_RTDomesticSimple1AdultCC
2018-05-20 17:28:35-main--INFO -com.ctaf.accelerators.TestEngine:Able to click on btn menu
2018-05-20 17:29:07-main--INFO -com.ctaf.accelerators.TestEngine:Able to click on Logout
2018-05-20 17:29:30-main--INFO -com.ctaf.accelerators.TestEngine:Able to click on Login
2018-05-20 17:29:42-main--INFO -com.ctaf.accelerators.TestEngine:Typing is performed on EmailAddress
2018-05-20 17:29:57-main--INFO -com.ctaf.accelerators.TestEngine:Typing is performed on Password
2018-05-20 17:29:58-main--INFO -com.ctaf.accelerators.TestEngine:Able to click on Login
2018-05-20 17:30:25-main--INFO -com.ctaf.accelerators.TestEngine:Able to click on Return
2018-05-20 17:30:42-main--INFO -com.ctaf.accelerators.TestEngine:Able to click on By.xpath: //XCUIElementTypeStaticText[@name='Origin']/../XCUIElementTypeButton
2018-05-20 17:30:47-main--INFO -com.ctaf.accelerators.TestEngine:Able to click on Search
2018-05-20 17:30:51-main--INFO -com.ctaf.accelerators.TestEngine:Typing is performed on Origin
2018-05-20 17:30:52-main--INFO -com.ctaf.accelerators.TestEngine:Able to click on RUH
2018-05-20 17:30:56-main--INFO -com.ctaf.accelerators.TestEngine:Typing is performed on Destination
2018-05-20 17:30:57-main--INFO -com.ctaf.accelerators.TestEngine:Able to click on DMM
2018-05-20 17:31:02-main--INFO -com.ctaf.accelerators.TestEngine:Able to click on Find Flights
2018-05-20 17:32:02-main--INFO -com.ctaf.accelerators.TestEngine:Able to click on By.xpath: //XCUIElementTypeCell[1]/XCUIElementTypeButton[3]
2018-05-20 17:33:08-main--INFO -com.ctaf.accelerators.TestEngine:Able to click on By.xpath: //XCUIElementTypeCell[1]/XCUIElementTypeButton[3]
2018-05-20 17:33:43-main--INFO -com.ctaf.accelerators.TestEngine:Able to click on Continue to Select Extras
2018-05-20 17:34:25-main--INFO -com.ctaf.accelerators.TestEngine:Able to click on Continue to Select Seat
2018-05-20 17:35:02-main--INFO -com.ctaf.accelerators.TestEngine:Able to click on Continue to Payment
2018-05-20 17:35:33-main--INFO -com.ctaf.accelerators.TestEngine:Able to click on By.xpath: //*[@label='Other payment options']/preceding-sibling::XCUIElementTypeButton
2018-05-20 17:36:44-main--INFO -com.ctaf.accelerators.TestEngine:Able to click on By.xpath: //*[@label='Card number']/../XCUIElementTypeButton
2018-05-20 17:37:22-main--INFO -com.ctaf.accelerators.TestEngine:Typing is performed on Card Number
2018-05-20 17:37:51-main--INFO -com.ctaf.accelerators.TestEngine:Able to click on By.xpath: //*[@label='Card holder name']/../XCUIElementTypeButton
2018-05-20 17:38:27-main--INFO -com.ctaf.accelerators.TestEngine:Typing is performed on Card Holder Name
2018-05-20 18:00:27-main--INFO -com.ctaf.accelerators.TestEngine:Starting browser : iphone
2018-05-20 18:00:42-main--INFO -com.ctaf.accelerators.TestEngine:Current Test : TC_02_c_RTDomesticSimple1AdultCC
2018-05-20 18:01:16-main--INFO -com.ctaf.accelerators.TestEngine:Able to click on btn menu
2018-05-20 18:01:48-main--INFO -com.ctaf.accelerators.TestEngine:Able to click on Logout
2018-05-20 18:02:11-main--INFO -com.ctaf.accelerators.TestEngine:Able to click on Login
2018-05-20 18:02:24-main--INFO -com.ctaf.accelerators.TestEngine:Typing is performed on EmailAddress
2018-05-20 18:02:39-main--INFO -com.ctaf.accelerators.TestEngine:Typing is performed on Password
2018-05-20 18:02:40-main--INFO -com.ctaf.accelerators.TestEngine:Able to click on Login
2018-05-20 18:03:07-main--INFO -com.ctaf.accelerators.TestEngine:Able to click on Return
2018-05-20 18:03:23-main--INFO -com.ctaf.accelerators.TestEngine:Able to click on By.xpath: //XCUIElementTypeStaticText[@name='Origin']/../XCUIElementTypeButton
2018-05-20 18:03:29-main--INFO -com.ctaf.accelerators.TestEngine:Able to click on Search
2018-05-20 18:03:32-main--INFO -com.ctaf.accelerators.TestEngine:Typing is performed on Origin
2018-05-20 18:03:34-main--INFO -com.ctaf.accelerators.TestEngine:Able to click on RUH
2018-05-20 18:03:37-main--INFO -com.ctaf.accelerators.TestEngine:Typing is performed on Destination
2018-05-20 18:03:39-main--INFO -com.ctaf.accelerators.TestEngine:Able to click on DMM
2018-05-20 18:03:43-main--INFO -com.ctaf.accelerators.TestEngine:Able to click on Find Flights
2018-05-20 18:04:41-main--INFO -com.ctaf.accelerators.TestEngine:Able to click on By.xpath: //XCUIElementTypeCell[1]/XCUIElementTypeButton[3]
2018-05-20 18:05:34-main--INFO -com.ctaf.accelerators.TestEngine:Able to click on By.xpath: //XCUIElementTypeCell[1]/XCUIElementTypeButton[3]
2018-05-20 18:06:09-main--INFO -com.ctaf.accelerators.TestEngine:Able to click on Continue to Select Extras
2018-05-20 18:06:53-main--INFO -com.ctaf.accelerators.TestEngine:Able to click on Continue to Select Seat
2018-05-20 18:07:30-main--INFO -com.ctaf.accelerators.TestEngine:Able to click on Continue to Payment
2018-05-20 18:08:01-main--INFO -com.ctaf.accelerators.TestEngine:Able to click on By.xpath: //*[@label='Other payment options']/preceding-sibling::XCUIElementTypeButton
2018-05-20 18:08:59-main--INFO -com.ctaf.accelerators.TestEngine:Able to click on By.xpath: //*[@label='Card number']/../XCUIElementTypeButton
2018-05-20 18:09:32-main--INFO -com.ctaf.accelerators.TestEngine:Typing is performed on Card Number
2018-05-20 18:09:55-main--INFO -com.ctaf.accelerators.TestEngine:Able to click on By.xpath: //*[@label='Card holder name']/../XCUIElementTypeButton
2018-05-20 18:10:28-main--INFO -com.ctaf.accelerators.TestEngine:Typing is performed on Card Holder Name
2018-05-20 18:12:17-main--INFO -com.ctaf.accelerators.TestEngine:Able to click on By.xpath: //*[@label='Expiry Date (MM/YY)']/../XCUIElementTypeButton
2018-05-20 18:14:35-main--INFO -com.ctaf.accelerators.TestEngine:Starting browser : iphone
2018-05-20 18:14:49-main--INFO -com.ctaf.accelerators.TestEngine:Current Test : TC_02_c_RTDomesticSimple1AdultCC
2018-05-20 18:15:23-main--INFO -com.ctaf.accelerators.TestEngine:Able to click on btn menu
2018-05-20 18:15:56-main--INFO -com.ctaf.accelerators.TestEngine:Able to click on Logout
2018-05-20 18:16:19-main--INFO -com.ctaf.accelerators.TestEngine:Able to click on Login
2018-05-20 18:16:31-main--INFO -com.ctaf.accelerators.TestEngine:Typing is performed on EmailAddress
2018-05-20 18:16:46-main--INFO -com.ctaf.accelerators.TestEngine:Typing is performed on Password
2018-05-20 18:16:47-main--INFO -com.ctaf.accelerators.TestEngine:Able to click on Login
2018-05-20 18:17:14-main--INFO -com.ctaf.accelerators.TestEngine:Able to click on Return
2018-05-20 18:17:31-main--INFO -com.ctaf.accelerators.TestEngine:Able to click on By.xpath: //XCUIElementTypeStaticText[@name='Origin']/../XCUIElementTypeButton
2018-05-20 18:17:37-main--INFO -com.ctaf.accelerators.TestEngine:Able to click on Search
2018-05-20 18:17:40-main--INFO -com.ctaf.accelerators.TestEngine:Typing is performed on Origin
2018-05-20 18:17:42-main--INFO -com.ctaf.accelerators.TestEngine:Able to click on RUH
2018-05-20 18:17:45-main--INFO -com.ctaf.accelerators.TestEngine:Typing is performed on Destination
2018-05-20 18:17:47-main--INFO -com.ctaf.accelerators.TestEngine:Able to click on DMM
2018-05-20 18:17:51-main--INFO -com.ctaf.accelerators.TestEngine:Able to click on Find Flights
2018-05-20 18:18:49-main--INFO -com.ctaf.accelerators.TestEngine:Able to click on By.xpath: //XCUIElementTypeCell[1]/XCUIElementTypeButton[3]
2018-05-20 18:19:41-main--INFO -com.ctaf.accelerators.TestEngine:Able to click on By.xpath: //XCUIElementTypeCell[1]/XCUIElementTypeButton[3]
2018-05-20 18:20:17-main--INFO -com.ctaf.accelerators.TestEngine:Able to click on Continue to Select Extras
2018-05-20 18:21:00-main--INFO -com.ctaf.accelerators.TestEngine:Able to click on Continue to Select Seat
2018-05-20 18:21:37-main--INFO -com.ctaf.accelerators.TestEngine:Able to click on Continue to Payment
2018-05-20 18:22:08-main--INFO -com.ctaf.accelerators.TestEngine:Able to click on By.xpath: //*[@label='Other payment options']/preceding-sibling::XCUIElementTypeButton
2018-05-20 18:23:06-main--INFO -com.ctaf.accelerators.TestEngine:Able to click on By.xpath: //*[@label='Card number']/../XCUIElementTypeButton
2018-05-20 18:23:40-main--INFO -com.ctaf.accelerators.TestEngine:Typing is performed on Card Number
2018-05-20 18:24:03-main--INFO -com.ctaf.accelerators.TestEngine:Able to click on By.xpath: //*[@label='Card holder name']/../XCUIElementTypeButton
2018-05-20 18:24:37-main--INFO -com.ctaf.accelerators.TestEngine:Typing is performed on Card Holder Name
2018-05-20 18:25:02-main--INFO -com.ctaf.accelerators.TestEngine:Able to click on By.xpath: //*[@label='Expiry Date (MM/YY)']/../XCUIElementTypeButton
2018-05-20 18:25:34-main--INFO -com.ctaf.accelerators.TestEngine:Typing is performed on Expiry Date
2018-05-20 18:25:57-main--INFO -com.ctaf.accelerators.TestEngine:Able to click on By.xpath: //*[@label='CW2/CVV Number']/../XCUIElementTypeButton
2018-05-20 18:26:31-main--INFO -com.ctaf.accelerators.TestEngine:Typing is performed on cvv
2018-05-20 18:26:53-main--INFO -com.ctaf.accelerators.TestEngine: Able to get TscreenShot
2018-05-20 18:28:11-main--INFO -com.ctaf.accelerators.TestEngine:Starting browser : iphone
2018-05-20 18:28:24-main--INFO -com.ctaf.accelerators.TestEngine:Current Test : TC_02_c_RTDomesticSimple1AdultCC
2018-05-20 18:28:58-main--INFO -com.ctaf.accelerators.TestEngine:Able to click on btn menu
2018-05-20 18:29:30-main--INFO -com.ctaf.accelerators.TestEngine:Able to click on Logout
2018-05-20 18:29:53-main--INFO -com.ctaf.accelerators.TestEngine:Able to click on Login
2018-05-20 18:30:05-main--INFO -com.ctaf.accelerators.TestEngine:Typing is performed on EmailAddress
2018-05-20 18:30:21-main--INFO -com.ctaf.accelerators.TestEngine:Typing is performed on Password
2018-05-20 18:30:22-main--INFO -com.ctaf.accelerators.TestEngine:Able to click on Login
2018-05-20 18:30:49-main--INFO -com.ctaf.accelerators.TestEngine:Able to click on Return
2018-05-20 18:31:06-main--INFO -com.ctaf.accelerators.TestEngine:Able to click on By.xpath: //XCUIElementTypeStaticText[@name='Origin']/../XCUIElementTypeButton
2018-05-20 18:31:12-main--INFO -com.ctaf.accelerators.TestEngine:Able to click on Search
2018-05-20 18:31:15-main--INFO -com.ctaf.accelerators.TestEngine:Typing is performed on Origin
2018-05-20 18:31:17-main--INFO -com.ctaf.accelerators.TestEngine:Able to click on RUH
2018-05-20 18:31:20-main--INFO -com.ctaf.accelerators.TestEngine:Typing is performed on Destination
2018-05-20 18:31:22-main--INFO -com.ctaf.accelerators.TestEngine:Able to click on DMM
2018-05-20 18:31:26-main--INFO -com.ctaf.accelerators.TestEngine:Able to click on Find Flights
2018-05-20 18:32:25-main--INFO -com.ctaf.accelerators.TestEngine:Able to click on By.xpath: //XCUIElementTypeCell[1]/XCUIElementTypeButton[3]
2018-05-20 18:33:17-main--INFO -com.ctaf.accelerators.TestEngine:Able to click on By.xpath: //XCUIElementTypeCell[1]/XCUIElementTypeButton[3]
2018-05-20 18:33:53-main--INFO -com.ctaf.accelerators.TestEngine:Able to click on Continue to Select Extras
2018-05-20 18:34:36-main--INFO -com.ctaf.accelerators.TestEngine:Able to click on Continue to Select Seat
2018-05-20 18:35:14-main--INFO -com.ctaf.accelerators.TestEngine:Able to click on Continue to Payment
2018-05-20 18:35:47-main--INFO -com.ctaf.accelerators.TestEngine:Able to click on By.xpath: //*[@label='Other payment options']/preceding-sibling::XCUIElementTypeButton
2018-05-20 18:36:45-main--INFO -com.ctaf.accelerators.TestEngine:Able to click on By.xpath: //*[@label='Card number']/../XCUIElementTypeButton
2018-05-20 18:37:18-main--INFO -com.ctaf.accelerators.TestEngine:Typing is performed on Card Number
2018-05-20 18:37:44-main--INFO -com.ctaf.accelerators.TestEngine:Able to click on By.xpath: //*[@label='Card holder name']/../XCUIElementTypeButton
2018-05-20 18:38:18-main--INFO -com.ctaf.accelerators.TestEngine:Typing is performed on Card Holder Name
2018-05-20 18:38:42-main--INFO -com.ctaf.accelerators.TestEngine:Able to click on By.xpath: //*[@label='Expiry Date (MM/YY)']/../XCUIElementTypeButton
2018-05-20 18:39:14-main--INFO -com.ctaf.accelerators.TestEngine:Typing is performed on Expiry Date
2018-05-20 18:39:37-main--INFO -com.ctaf.accelerators.TestEngine:Able to click on By.xpath: //*[@label='CW2/CVV Number']/../XCUIElementTypeButton
2018-05-20 18:40:11-main--INFO -com.ctaf.accelerators.TestEngine:Typing is performed on cvv
2018-05-20 18:40:13-main--INFO -com.ctaf.accelerators.TestEngine:Able to click on Purchase
2018-05-20 18:40:46-main--INFO -com.ctaf.accelerators.TestEngine:Unable to click on Submit
2018-05-20 18:40:47-main--INFO -com.ctaf.accelerators.TestEngine: Able to get TscreenShot
2018-05-20 19:02:23-main--INFO -com.ctaf.accelerators.TestEngine:Starting browser : iphone
2018-05-20 19:02:37-main--INFO -com.ctaf.accelerators.TestEngine:Current Test : TC_02_c_RTDomesticSimple1AdultCC
2018-05-20 19:03:11-main--INFO -com.ctaf.accelerators.TestEngine:Able to click on btn menu
2018-05-20 19:03:43-main--INFO -com.ctaf.accelerators.TestEngine:Able to click on Logout
2018-05-20 19:04:06-main--INFO -com.ctaf.accelerators.TestEngine:Able to click on Login
2018-05-20 19:04:18-main--INFO -com.ctaf.accelerators.TestEngine:Typing is performed on EmailAddress
2018-05-20 19:04:34-main--INFO -com.ctaf.accelerators.TestEngine:Typing is performed on Password
2018-05-20 19:04:35-main--INFO -com.ctaf.accelerators.TestEngine:Able to click on Login
2018-05-20 19:05:02-main--INFO -com.ctaf.accelerators.TestEngine:Able to click on Return
2018-05-20 19:05:19-main--INFO -com.ctaf.accelerators.TestEngine:Able to click on By.xpath: //XCUIElementTypeStaticText[@name='Origin']/../XCUIElementTypeButton
2018-05-20 19:05:25-main--INFO -com.ctaf.accelerators.TestEngine:Able to click on Search
2018-05-20 19:05:28-main--INFO -com.ctaf.accelerators.TestEngine:Typing is performed on Origin
2018-05-20 19:05:30-main--INFO -com.ctaf.accelerators.TestEngine:Able to click on RUH
2018-05-20 19:05:33-main--INFO -com.ctaf.accelerators.TestEngine:Typing is performed on Destination
2018-05-20 19:05:35-main--INFO -com.ctaf.accelerators.TestEngine:Able to click on DMM
2018-05-20 19:05:39-main--INFO -com.ctaf.accelerators.TestEngine:Able to click on Find Flights
2018-05-20 19:06:38-main--INFO -com.ctaf.accelerators.TestEngine:Able to click on By.xpath: //XCUIElementTypeCell[1]/XCUIElementTypeButton[3]
2018-05-20 19:07:32-main--INFO -com.ctaf.accelerators.TestEngine:Able to click on By.xpath: //XCUIElementTypeCell[1]/XCUIElementTypeButton[3]
2018-05-20 19:08:09-main--INFO -com.ctaf.accelerators.TestEngine:Able to click on Continue to Select Extras
2018-05-20 19:08:51-main--INFO -com.ctaf.accelerators.TestEngine:Able to click on Continue to Select Seat
2018-05-20 19:09:28-main--INFO -com.ctaf.accelerators.TestEngine:Able to click on Continue to Payment
2018-05-20 19:10:01-main--INFO -com.ctaf.accelerators.TestEngine:Able to click on By.xpath: //*[@label='Other payment options']/preceding-sibling::XCUIElementTypeButton
2018-05-20 19:10:58-main--INFO -com.ctaf.accelerators.TestEngine:Able to click on By.xpath: //*[@label='Card number']/../XCUIElementTypeButton
2018-05-20 19:11:31-main--INFO -com.ctaf.accelerators.TestEngine:Typing is performed on Card Number
2018-05-20 19:11:55-main--INFO -com.ctaf.accelerators.TestEngine:Able to click on By.xpath: //*[@label='Card holder name']/../XCUIElementTypeButton
2018-05-20 19:12:28-main--INFO -com.ctaf.accelerators.TestEngine:Typing is performed on Card Holder Name
2018-05-20 19:12:53-main--INFO -com.ctaf.accelerators.TestEngine:Able to click on By.xpath: //*[@label='Expiry Date (MM/YY)']/../XCUIElementTypeButton
2018-05-20 19:13:26-main--INFO -com.ctaf.accelerators.TestEngine:Typing is performed on Expiry Date
2018-05-20 19:13:50-main--INFO -com.ctaf.accelerators.TestEngine:Able to click on By.xpath: //*[@label='CW2/CVV Number']/../XCUIElementTypeButton
2018-05-20 19:14:23-main--INFO -com.ctaf.accelerators.TestEngine:Typing is performed on cvv
2018-05-20 19:15:06-main--INFO -com.ctaf.accelerators.TestEngine:Able to click on Purchase
