2017-03-02 00:03:28-main--INFO -com.ctaf.accelerators.TestEngine:Starting browser : iphone
2017-03-02 00:06:39-main--INFO -com.ctaf.accelerators.TestEngine:Starting browser : iphone
2017-03-02 00:07:50-main--INFO -com.ctaf.accelerators.TestEngine:Starting browser : iphone
2017-03-02 00:08:41-main--INFO -com.ctaf.accelerators.TestEngine:Starting browser : iphone
2017-03-02 00:09:12-main--INFO -com.ctaf.accelerators.TestEngine:Current Test : TC_01_oneWayDomesticEconomy_RUH_JED
2017-03-02 00:13:34-main--INFO -com.ctaf.accelerators.TestEngine:Starting browser : iphone
2017-03-02 00:14:11-main--INFO -com.ctaf.accelerators.TestEngine:Starting browser : iphone
2017-03-02 00:14:47-main--INFO -com.ctaf.accelerators.TestEngine:Starting browser : iphone
2017-03-02 00:15:27-main--INFO -com.ctaf.accelerators.TestEngine:Current Test : TC_01_oneWayDomesticEconomy_RUH_JED
2017-03-02 00:16:57-main--INFO -com.ctaf.accelerators.TestEngine:Starting browser : iphone
2017-03-02 00:17:55-main--INFO -com.ctaf.accelerators.TestEngine:Starting browser : iphone
2017-03-02 00:19:47-main--INFO -com.ctaf.accelerators.TestEngine:Starting browser : iphone
2017-03-02 00:25:36-main--INFO -com.ctaf.accelerators.TestEngine:Starting browser : iphone
2017-03-02 01:13:28-main--INFO -com.ctaf.accelerators.TestEngine:Current Test : TC_01_oneWayDomesticEconomy_RUH_JED
2017-03-02 01:19:10-main--INFO -com.ctaf.accelerators.TestEngine: Able to get TscreenShot
2017-03-02 01:25:36-main--INFO -com.ctaf.accelerators.TestEngine:Starting browser : iphone
2017-03-02 01:31:02-main--INFO -com.ctaf.accelerators.TestEngine:Current Test : TC_01_oneWayDomesticEconomy_RUH_JED
2017-03-02 01:31:15-main--INFO -com.ctaf.accelerators.TestEngine:Able to click on By.xpath: //XCUIElementTypeOther/*[@label='btn menu']
2017-03-02 01:31:23-main--INFO -com.ctaf.accelerators.TestEngine:Able to click on By.xpath: //XCUIElementTypeCell[1]/*[@label='Login']
2017-03-02 01:32:37-main--INFO -com.ctaf.accelerators.TestEngine:Typing is performed on EmailAddress
2017-03-02 01:32:56-main--INFO -com.ctaf.accelerators.TestEngine:Typing is performed on Password
2017-03-02 01:33:20-main--INFO -com.ctaf.accelerators.TestEngine:Able to click on By.xpath: //*[@label='Login']
2017-03-02 01:33:31-main--INFO -com.ctaf.accelerators.TestEngine:Able to click on By.xpath: //*[@label='Book flights']
2017-03-02 01:34:11-main--INFO -com.ctaf.accelerators.TestEngine:Able to click on By.xpath: //XCUIElementTypeOther[1]/*[@label='Origin']
2017-03-02 01:37:37-main--INFO -com.ctaf.accelerators.TestEngine:Able to click on By.xpath: //*[@label='Search']
2017-03-02 01:39:06-main--INFO -com.ctaf.accelerators.TestEngine:Typing is performed on Origin
2017-03-02 01:47:07-main--INFO -com.ctaf.accelerators.TestEngine:Unable to click on By.xpath: //XCUIElementTypeCell/XCUIElementTypeStaticText[3]
2017-03-02 17:38:53-main--INFO -com.ctaf.accelerators.TestEngine:Starting browser : iphone
2017-03-02 17:40:03-main--INFO -com.ctaf.accelerators.TestEngine:Current Test : TC_01_oneWayDomesticEconomy_RUH_JED
2017-03-02 17:40:09-main--INFO -com.ctaf.accelerators.TestEngine:Able to click on By.xpath: //XCUIElementTypeOther/*[@label='btn menu']
2017-03-02 17:41:05-main--INFO -com.ctaf.accelerators.TestEngine:Starting browser : iphone
2017-03-02 17:42:00-main--INFO -com.ctaf.accelerators.TestEngine:Current Test : TC_01_oneWayDomesticEconomy_RUH_JED
2017-03-02 17:42:05-main--INFO -com.ctaf.accelerators.TestEngine:Able to click on By.xpath: //XCUIElementTypeOther/*[@label='btn menu']
2017-03-02 17:42:12-main--INFO -com.ctaf.accelerators.TestEngine:Able to click on By.xpath: //XCUIElementTypeCell[1]/*[@label='Login']
2017-03-02 17:42:27-main--INFO -com.ctaf.accelerators.TestEngine:Typing is performed on EmailAddress
2017-03-02 17:42:42-main--INFO -com.ctaf.accelerators.TestEngine:Typing is performed on Password
2017-03-02 17:43:05-main--INFO -com.ctaf.accelerators.TestEngine:Able to click on By.xpath: //*[@label='Login']
2017-03-02 17:43:14-main--INFO -com.ctaf.accelerators.TestEngine:Able to click on By.xpath: //*[@label='Book flights']
2017-03-02 17:45:57-main--INFO -com.ctaf.accelerators.TestEngine:Starting browser : iphone
2017-03-02 17:46:49-main--INFO -com.ctaf.accelerators.TestEngine:Current Test : TC_01_oneWayDomesticEconomy_RUH_JED
2017-03-02 17:46:55-main--INFO -com.ctaf.accelerators.TestEngine:Able to click on By.xpath: //XCUIElementTypeOther/*[@label='btn menu']
2017-03-02 17:47:01-main--INFO -com.ctaf.accelerators.TestEngine:Able to click on By.xpath: //XCUIElementTypeCell[1]/*[@label='Login']
2017-03-02 17:47:15-main--INFO -com.ctaf.accelerators.TestEngine:Typing is performed on EmailAddress
2017-03-02 17:47:33-main--INFO -com.ctaf.accelerators.TestEngine:Typing is performed on Password
2017-03-02 17:47:56-main--INFO -com.ctaf.accelerators.TestEngine:Able to click on By.xpath: //*[@label='Login']
2017-03-02 17:48:05-main--INFO -com.ctaf.accelerators.TestEngine:Able to click on By.xpath: //*[@label='Book flights']
2017-03-02 17:49:40-main--INFO -com.ctaf.accelerators.TestEngine:Starting browser : iphone
2017-03-02 17:50:26-main--INFO -com.ctaf.accelerators.TestEngine:Current Test : TC_01_oneWayDomesticEconomy_RUH_JED
2017-03-02 17:50:31-main--INFO -com.ctaf.accelerators.TestEngine:Able to click on By.xpath: //XCUIElementTypeOther/*[@label='btn menu']
2017-03-02 17:50:37-main--INFO -com.ctaf.accelerators.TestEngine:Able to click on By.xpath: //XCUIElementTypeCell[1]/*[@label='Login']
2017-03-02 17:50:51-main--INFO -com.ctaf.accelerators.TestEngine:Typing is performed on EmailAddress
2017-03-02 17:51:09-main--INFO -com.ctaf.accelerators.TestEngine:Typing is performed on Password
2017-03-02 17:51:33-main--INFO -com.ctaf.accelerators.TestEngine:Able to click on By.xpath: //*[@label='Login']
2017-03-02 17:51:42-main--INFO -com.ctaf.accelerators.TestEngine:Able to click on By.xpath: //*[@label='Book flights']
2017-03-02 17:53:46-main--INFO -com.ctaf.accelerators.TestEngine:Starting browser : iphone
2017-03-02 18:04:22-main--INFO -com.ctaf.accelerators.TestEngine:Starting browser : iphone
2017-03-02 18:07:38-main--INFO -com.ctaf.accelerators.TestEngine:Starting browser : iphone
2017-03-02 18:15:19-main--INFO -com.ctaf.accelerators.TestEngine:Current Test : TC_01_oneWayDomesticEconomy_RUH_JED
2017-03-02 18:15:47-main--INFO -com.ctaf.accelerators.TestEngine:Able to click on By.xpath: //XCUIElementTypeOther/*[@label='btn menu']
2017-03-02 18:16:49-main--INFO -com.ctaf.accelerators.TestEngine:Starting browser : iphone
2017-03-02 18:18:32-main--INFO -com.ctaf.accelerators.TestEngine:Current Test : TC_01_oneWayDomesticEconomy_RUH_JED
2017-03-02 18:18:38-main--INFO -com.ctaf.accelerators.TestEngine:Able to click on By.xpath: //XCUIElementTypeOther/*[@label='btn menu']
2017-03-02 18:18:44-main--INFO -com.ctaf.accelerators.TestEngine:Able to click on By.xpath: //XCUIElementTypeCell[1]/*[@label='Login']
2017-03-02 18:18:58-main--INFO -com.ctaf.accelerators.TestEngine:Typing is performed on EmailAddress
2017-03-02 18:19:15-main--INFO -com.ctaf.accelerators.TestEngine:Typing is performed on Password
2017-03-02 18:19:39-main--INFO -com.ctaf.accelerators.TestEngine:Able to click on By.xpath: //*[@label='Login']
2017-03-02 18:19:48-main--INFO -com.ctaf.accelerators.TestEngine:Able to click on By.xpath: //*[@label='Book flights']
2017-03-02 18:19:57-main--INFO -com.ctaf.accelerators.TestEngine:Able to click on By.xpath: //*[@label='One-way']
2017-03-02 18:20:29-main--INFO -com.ctaf.accelerators.TestEngine:Able to click on By.xpath: //XCUIElementTypeOther[1]/*[@label='Origin']
2017-03-02 18:22:35-main--INFO -com.ctaf.accelerators.TestEngine:Starting browser : iphone
2017-03-02 18:23:32-main--INFO -com.ctaf.accelerators.TestEngine:Current Test : TC_01_oneWayDomesticEconomy_RUH_JED
2017-03-02 18:23:38-main--INFO -com.ctaf.accelerators.TestEngine:Able to click on By.xpath: //XCUIElementTypeOther/*[@label='btn menu']
2017-03-02 18:23:44-main--INFO -com.ctaf.accelerators.TestEngine:Able to click on By.xpath: //XCUIElementTypeCell[1]/*[@label='Login']
2017-03-02 18:23:58-main--INFO -com.ctaf.accelerators.TestEngine:Typing is performed on EmailAddress
2017-03-02 18:24:15-main--INFO -com.ctaf.accelerators.TestEngine:Typing is performed on Password
2017-03-02 18:24:38-main--INFO -com.ctaf.accelerators.TestEngine:Able to click on By.xpath: //*[@label='Login']
2017-03-02 18:24:47-main--INFO -com.ctaf.accelerators.TestEngine:Able to click on By.xpath: //*[@label='Book flights']
2017-03-02 18:25:07-main--INFO -com.ctaf.accelerators.TestEngine:Able to click on By.xpath: //*[@label='One-way']
2017-03-02 18:25:51-main--INFO -com.ctaf.accelerators.TestEngine:Able to click on By.xpath: //XCUIElementTypeOther[1]/*[@label='Origin']
2017-03-02 18:26:32-main--INFO -com.ctaf.accelerators.TestEngine:Able to click on By.xpath: //*[@label='One-way']
2017-03-02 18:27:07-main--INFO -com.ctaf.accelerators.TestEngine:Able to click on By.xpath: //XCUIElementTypeOther[1]/*[@label='Origin']
2017-03-02 18:29:24-main--INFO -com.ctaf.accelerators.TestEngine:Typing is performed on Origin
2017-03-02 18:29:44-main--INFO -com.ctaf.accelerators.TestEngine:Able to click on By.xpath: //XCUIElementTypeCell/XCUIElementTypeStaticText[3]
2017-03-02 18:31:08-main--INFO -com.ctaf.accelerators.TestEngine:Typing is performed on Destination
2017-03-02 18:31:23-main--INFO -com.ctaf.accelerators.TestEngine:Able to click on By.xpath: //XCUIElementTypeCell/XCUIElementTypeStaticText[3]
2017-03-02 18:33:07-main--INFO -com.ctaf.accelerators.TestEngine:Able to click on By.xpath: //XCUIElementTypeOther[3]/*[@label='Departure Date']
2017-03-02 18:35:13-main--INFO -com.ctaf.accelerators.TestEngine:Starting browser : iphone
2017-03-02 18:36:13-main--INFO -com.ctaf.accelerators.TestEngine:Starting browser : iphone
2017-03-02 18:36:58-main--INFO -com.ctaf.accelerators.TestEngine:Starting browser : iphone
2017-03-02 18:37:46-main--INFO -com.ctaf.accelerators.TestEngine:Starting browser : iphone
2017-03-02 18:38:43-main--INFO -com.ctaf.accelerators.TestEngine:Starting browser : iphone
2017-03-02 18:39:36-main--INFO -com.ctaf.accelerators.TestEngine:Starting browser : iphone
2017-03-02 18:40:33-main--INFO -com.ctaf.accelerators.TestEngine:Current Test : TC_01_oneWayDomesticEconomy_RUH_JED
2017-03-02 18:40:39-main--INFO -com.ctaf.accelerators.TestEngine:Able to click on By.xpath: //XCUIElementTypeOther/*[@label='btn menu']
2017-03-02 18:40:46-main--INFO -com.ctaf.accelerators.TestEngine:Able to click on By.xpath: //XCUIElementTypeCell[1]/*[@label='Login']
2017-03-02 18:41:34-main--INFO -com.ctaf.accelerators.TestEngine:Typing is not performed on EmailAddress
2017-03-02 18:42:03-main--INFO -com.ctaf.accelerators.TestEngine:Starting browser : iphone
2017-03-02 18:43:54-main--INFO -com.ctaf.accelerators.TestEngine:Current Test : TC_01_oneWayDomesticEconomy_RUH_JED
2017-03-02 18:44:00-main--INFO -com.ctaf.accelerators.TestEngine:Able to click on By.xpath: //XCUIElementTypeOther/*[@label='btn menu']
2017-03-02 18:44:06-main--INFO -com.ctaf.accelerators.TestEngine:Able to click on By.xpath: //XCUIElementTypeCell[1]/*[@label='Login']
2017-03-02 18:44:18-main--INFO -com.ctaf.accelerators.TestEngine:Typing is performed on EmailAddress
2017-03-02 18:44:30-main--INFO -com.ctaf.accelerators.TestEngine:Typing is performed on Password
2017-03-02 18:44:53-main--INFO -com.ctaf.accelerators.TestEngine:Able to click on By.xpath: //*[@label='Login']
2017-03-02 18:45:02-main--INFO -com.ctaf.accelerators.TestEngine:Able to click on By.xpath: //*[@label='Book flights']
2017-03-02 18:45:20-main--INFO -com.ctaf.accelerators.TestEngine:Able to click on By.xpath: //*[@label='One-way']
2017-03-02 18:45:55-main--INFO -com.ctaf.accelerators.TestEngine:Able to click on By.xpath: //XCUIElementTypeOther[1]/*[@label='Origin']
2017-03-02 18:46:46-main--INFO -com.ctaf.accelerators.TestEngine:Typing is performed on Origin
2017-03-02 18:48:52-main--INFO -com.ctaf.accelerators.TestEngine:Able to click on By.xpath: //XCUIElementTypeCell/XCUIElementTypeStaticText[3]
2017-03-02 18:50:06-main--INFO -com.ctaf.accelerators.TestEngine:Typing is performed on Destination
2017-03-02 18:50:21-main--INFO -com.ctaf.accelerators.TestEngine:Able to click on By.xpath: //XCUIElementTypeCell/XCUIElementTypeStaticText[3]
2017-03-02 18:51:01-main--INFO -com.ctaf.accelerators.TestEngine:Able to click on By.xpath: //*[@value='Departure Date']
2017-03-02 18:57:11-main--INFO -com.ctaf.accelerators.TestEngine:Starting browser : iphone
2017-03-02 19:23:47-main--INFO -com.ctaf.accelerators.TestEngine:Starting browser : iphone
2017-03-02 19:26:03-main--INFO -com.ctaf.accelerators.TestEngine:Current Test : TC_01_oneWayDomesticEconomy_RUH_JED
2017-03-02 19:26:09-main--INFO -com.ctaf.accelerators.TestEngine:Able to click on By.xpath: //XCUIElementTypeOther/*[@label='btn menu']
2017-03-02 19:27:19-main--INFO -com.ctaf.accelerators.TestEngine:Starting browser : iphone
2017-03-02 19:28:14-main--INFO -com.ctaf.accelerators.TestEngine:Current Test : TC_01_oneWayDomesticEconomy_RUH_JED
2017-03-02 19:28:19-main--INFO -com.ctaf.accelerators.TestEngine:Able to click on By.xpath: //XCUIElementTypeOther/*[@label='btn menu']
2017-03-02 19:28:25-main--INFO -com.ctaf.accelerators.TestEngine:Able to click on By.xpath: //XCUIElementTypeCell[1]/*[@label='Login']
2017-03-02 19:28:38-main--INFO -com.ctaf.accelerators.TestEngine:Typing is performed on EmailAddress
2017-03-02 19:28:50-main--INFO -com.ctaf.accelerators.TestEngine:Typing is performed on Password
2017-03-02 19:29:13-main--INFO -com.ctaf.accelerators.TestEngine:Able to click on By.xpath: //*[@label='Login']
2017-03-02 19:29:28-main--INFO -com.ctaf.accelerators.TestEngine:Able to click on By.xpath: //*[@label='Book flights']
2017-03-02 19:29:46-main--INFO -com.ctaf.accelerators.TestEngine:Able to click on By.xpath: //*[@label='One-way']
2017-03-02 19:30:59-main--INFO -com.ctaf.accelerators.TestEngine:Able to click on By.xpath: //XCUIElementTypeOther[1]/*[@label='Origin']
2017-03-02 19:43:26-main--INFO -com.ctaf.accelerators.TestEngine:Starting browser : iphone
2017-03-02 19:44:32-main--INFO -com.ctaf.accelerators.TestEngine:Current Test : TC_01_oneWayDomesticEconomy_RUH_JED
2017-03-02 19:44:37-main--INFO -com.ctaf.accelerators.TestEngine:Able to click on By.xpath: //XCUIElementTypeOther/*[@label='btn menu']
2017-03-02 19:44:44-main--INFO -com.ctaf.accelerators.TestEngine:Able to click on By.xpath: //XCUIElementTypeCell[1]/*[@label='Login']
2017-03-02 19:44:56-main--INFO -com.ctaf.accelerators.TestEngine:Typing is performed on EmailAddress
2017-03-02 19:45:09-main--INFO -com.ctaf.accelerators.TestEngine:Typing is performed on Password
2017-03-02 19:45:32-main--INFO -com.ctaf.accelerators.TestEngine:Able to click on By.xpath: //*[@label='Login']
2017-03-02 19:45:45-main--INFO -com.ctaf.accelerators.TestEngine:Able to click on By.xpath: //*[@label='Book flights']
2017-03-02 19:46:06-main--INFO -com.ctaf.accelerators.TestEngine:Able to click on By.xpath: //*[@label='One-way']
2017-03-02 19:48:22-main--INFO -com.ctaf.accelerators.TestEngine:Unable to click on By.xpath: /AppiumAUT/XCUIElementTypeApplication/XCUIElementTypeWindow/XCUIElementTypeOther/XCUIElementTypeOther[2]/XCUIElementTypeOther/XCUIElementTypeOther/XCUIElementTypeOther/XCUIElementTypeOther/XCUIElementTypeOther[3]/XCUIElementTypeScrollView/XCUIElementTypeOther/XCUIElementTypeOther/XCUIElementTypeOther[3]/XCUIElementTypeOther[1]/XCUIElementTypeButton
2017-03-02 19:48:22-main--INFO -com.ctaf.accelerators.TestEngine: Able to get TscreenShot
2017-03-02 19:51:19-main--INFO -com.ctaf.accelerators.TestEngine:Starting browser : iphone
2017-03-02 19:52:21-main--INFO -com.ctaf.accelerators.TestEngine:Current Test : TC_01_oneWayDomesticEconomy_RUH_JED
2017-03-02 19:52:26-main--INFO -com.ctaf.accelerators.TestEngine:Able to click on By.xpath: //XCUIElementTypeOther/*[@label='btn menu']
2017-03-02 19:52:33-main--INFO -com.ctaf.accelerators.TestEngine:Able to click on By.xpath: //XCUIElementTypeCell[1]/*[@label='Login']
2017-03-02 19:52:45-main--INFO -com.ctaf.accelerators.TestEngine:Typing is performed on EmailAddress
2017-03-02 19:52:58-main--INFO -com.ctaf.accelerators.TestEngine:Typing is performed on Password
2017-03-02 19:53:21-main--INFO -com.ctaf.accelerators.TestEngine:Able to click on By.xpath: //*[@label='Login']
2017-03-02 19:53:30-main--INFO -com.ctaf.accelerators.TestEngine:Able to click on By.xpath: //*[@label='Book flights']
2017-03-02 19:54:03-main--INFO -com.ctaf.accelerators.TestEngine:Able to click on By.xpath: //*[@label='One-way']
2017-03-02 19:54:20-main--INFO -com.ctaf.accelerators.TestEngine:Able to click on By.xpath: //XCUIElementTypeOther[3]/XCUIElementTypeOther[1]/XCUIElementTypeButton
2017-03-02 19:54:40-main--INFO -com.ctaf.accelerators.TestEngine:Typing is performed on Origin
2017-03-02 19:56:09-main--INFO -com.ctaf.accelerators.TestEngine:Starting browser : iphone
2017-03-02 19:58:04-main--INFO -com.ctaf.accelerators.TestEngine:Current Test : TC_01_oneWayDomesticEconomy_RUH_JED
2017-03-02 19:58:09-main--INFO -com.ctaf.accelerators.TestEngine:Able to click on By.xpath: //XCUIElementTypeOther/*[@label='btn menu']
2017-03-02 19:58:16-main--INFO -com.ctaf.accelerators.TestEngine:Able to click on By.xpath: //XCUIElementTypeCell[1]/*[@label='Login']
2017-03-02 19:58:28-main--INFO -com.ctaf.accelerators.TestEngine:Typing is performed on EmailAddress
2017-03-02 19:58:40-main--INFO -com.ctaf.accelerators.TestEngine:Typing is performed on Password
2017-03-02 19:59:03-main--INFO -com.ctaf.accelerators.TestEngine:Able to click on By.xpath: //*[@label='Login']
2017-03-02 19:59:12-main--INFO -com.ctaf.accelerators.TestEngine:Able to click on By.xpath: //*[@label='Book flights']
2017-03-02 19:59:39-main--INFO -com.ctaf.accelerators.TestEngine:Able to click on By.xpath: //*[@label='One-way']
2017-03-02 19:59:53-main--INFO -com.ctaf.accelerators.TestEngine:Able to click on By.xpath: //XCUIElementTypeOther[3]/XCUIElementTypeOther[1]/XCUIElementTypeButton
2017-03-02 20:00:21-main--INFO -com.ctaf.accelerators.TestEngine:Able to click on By.xpath: //*[@label='Search']
2017-03-02 20:01:47-main--INFO -com.ctaf.accelerators.TestEngine:Typing is performed on Origin
2017-03-02 20:02:07-main--INFO -com.ctaf.accelerators.TestEngine:Able to click on By.xpath: //XCUIElementTypeCell/XCUIElementTypeStaticText[3]
2017-03-02 20:03:31-main--INFO -com.ctaf.accelerators.TestEngine:Typing is performed on Destination
2017-03-02 20:03:47-main--INFO -com.ctaf.accelerators.TestEngine:Able to click on By.xpath: //XCUIElementTypeCell/XCUIElementTypeStaticText[3]
2017-03-02 20:04:26-main--INFO -com.ctaf.accelerators.TestEngine:Able to click on By.xpath: //*[@value='Departure Date']
2017-03-02 20:07:56-main--INFO -com.ctaf.accelerators.TestEngine:Starting browser : iphone
2017-03-02 20:09:00-main--INFO -com.ctaf.accelerators.TestEngine:Current Test : TC_01_oneWayDomesticEconomy_RUH_JED
2017-03-02 20:09:06-main--INFO -com.ctaf.accelerators.TestEngine:Able to click on By.xpath: //XCUIElementTypeOther/*[@label='btn menu']
2017-03-02 20:09:12-main--INFO -com.ctaf.accelerators.TestEngine:Able to click on By.xpath: //XCUIElementTypeCell[1]/*[@label='Login']
2017-03-02 20:09:25-main--INFO -com.ctaf.accelerators.TestEngine:Typing is performed on EmailAddress
2017-03-02 20:09:37-main--INFO -com.ctaf.accelerators.TestEngine:Typing is performed on Password
2017-03-02 20:10:00-main--INFO -com.ctaf.accelerators.TestEngine:Able to click on By.xpath: //*[@label='Login']
2017-03-02 20:10:09-main--INFO -com.ctaf.accelerators.TestEngine:Able to click on By.xpath: //*[@label='Book flights']
2017-03-02 20:10:27-main--INFO -com.ctaf.accelerators.TestEngine:Able to click on By.xpath: //*[@label='One-way']
2017-03-02 20:10:37-main--INFO -com.ctaf.accelerators.TestEngine:Able to click on By.xpath: //XCUIElementTypeOther[3]/XCUIElementTypeOther[1]/XCUIElementTypeButton
2017-03-02 20:10:59-main--INFO -com.ctaf.accelerators.TestEngine:Able to click on By.xpath: //*[@label='Search']
2017-03-02 20:12:13-main--INFO -com.ctaf.accelerators.TestEngine:Typing is performed on Origin
2017-03-02 20:12:24-main--INFO -com.ctaf.accelerators.TestEngine:Able to click on By.xpath: //XCUIElementTypeCell/XCUIElementTypeStaticText[3]
2017-03-02 20:13:36-main--INFO -com.ctaf.accelerators.TestEngine:Typing is performed on Destination
2017-03-02 20:13:49-main--INFO -com.ctaf.accelerators.TestEngine:Able to click on By.xpath: //XCUIElementTypeCell/XCUIElementTypeStaticText[3]
2017-03-02 20:14:07-main--INFO -com.ctaf.accelerators.TestEngine:Able to click on By.xpath: //XCUIElementTypeOther[3]/XCUIElementTypeOther[3]/XCUIElementTypeButton
2017-03-02 20:19:08-main--INFO -com.ctaf.accelerators.TestEngine:Starting browser : iphone
2017-03-02 20:37:24-main--INFO -com.ctaf.accelerators.TestEngine:Starting browser : iphone
2017-03-02 20:38:18-main--INFO -com.ctaf.accelerators.TestEngine:Current Test : TC_01_oneWayDomesticEconomy_RUH_JED
2017-03-02 20:38:24-main--INFO -com.ctaf.accelerators.TestEngine:Able to click on By.xpath: //XCUIElementTypeOther/*[@label='btn menu']
2017-03-02 20:38:30-main--INFO -com.ctaf.accelerators.TestEngine:Able to click on By.xpath: //XCUIElementTypeCell[1]/*[@label='Login']
2017-03-02 20:38:43-main--INFO -com.ctaf.accelerators.TestEngine:Typing is performed on EmailAddress
2017-03-02 20:38:55-main--INFO -com.ctaf.accelerators.TestEngine:Typing is performed on Password
2017-03-02 20:39:18-main--INFO -com.ctaf.accelerators.TestEngine:Able to click on By.xpath: //*[@label='Login']
2017-03-02 20:39:27-main--INFO -com.ctaf.accelerators.TestEngine:Able to click on By.xpath: //*[@label='Book flights']
2017-03-02 20:39:39-main--INFO -com.ctaf.accelerators.TestEngine:Able to click on By.xpath: //*[@label='One-way']
2017-03-02 20:39:51-main--INFO -com.ctaf.accelerators.TestEngine:Able to click on By.xpath: //XCUIElementTypeOther[3]/XCUIElementTypeOther[1]/XCUIElementTypeButton
2017-03-02 20:40:17-main--INFO -com.ctaf.accelerators.TestEngine:Able to click on By.xpath: //*[@label='Search']
2017-03-02 20:41:35-main--INFO -com.ctaf.accelerators.TestEngine:Typing is performed on Origin
2017-03-02 20:41:46-main--INFO -com.ctaf.accelerators.TestEngine:Able to click on By.xpath: //XCUIElementTypeCell/XCUIElementTypeStaticText[3]
2017-03-02 20:42:55-main--INFO -com.ctaf.accelerators.TestEngine:Typing is performed on Destination
2017-03-02 20:43:07-main--INFO -com.ctaf.accelerators.TestEngine:Able to click on By.xpath: //XCUIElementTypeCell/XCUIElementTypeStaticText[3]
2017-03-02 20:43:20-main--INFO -com.ctaf.accelerators.TestEngine:Able to click on By.xpath: //XCUIElementTypeOther[3]/XCUIElementTypeOther[3]/XCUIElementTypeButton
2017-03-02 20:48:53-main--INFO -com.ctaf.accelerators.TestEngine:Starting browser : iphone
2017-03-02 20:49:32-main--INFO -com.ctaf.accelerators.TestEngine:Starting browser : iphone
2017-03-02 20:50:36-main--INFO -com.ctaf.accelerators.TestEngine:Current Test : TC_01_oneWayDomesticEconomy_RUH_JED
2017-03-02 20:50:43-main--INFO -com.ctaf.accelerators.TestEngine:Able to click on By.xpath: //XCUIElementTypeOther/*[@label='btn menu']
2017-03-02 20:50:50-main--INFO -com.ctaf.accelerators.TestEngine:Able to click on By.xpath: //XCUIElementTypeCell[1]/*[@label='Login']
2017-03-02 20:51:03-main--INFO -com.ctaf.accelerators.TestEngine:Typing is performed on EmailAddress
2017-03-02 20:51:15-main--INFO -com.ctaf.accelerators.TestEngine:Typing is performed on Password
2017-03-02 20:51:38-main--INFO -com.ctaf.accelerators.TestEngine:Able to click on By.xpath: //*[@label='Login']
2017-03-02 20:51:47-main--INFO -com.ctaf.accelerators.TestEngine:Able to click on By.xpath: //*[@label='Book flights']
2017-03-02 20:52:12-main--INFO -com.ctaf.accelerators.TestEngine:Able to click on By.xpath: //*[@label='One-way']
2017-03-02 20:52:22-main--INFO -com.ctaf.accelerators.TestEngine:Able to click on By.xpath: //XCUIElementTypeOther[3]/XCUIElementTypeOther[1]/XCUIElementTypeButton
2017-03-02 20:52:51-main--INFO -com.ctaf.accelerators.TestEngine:Able to click on By.xpath: //*[@label='Search']
2017-03-02 20:54:14-main--INFO -com.ctaf.accelerators.TestEngine:Typing is performed on Origin
2017-03-02 20:54:25-main--INFO -com.ctaf.accelerators.TestEngine:Able to click on By.xpath: //XCUIElementTypeCell/XCUIElementTypeStaticText[3]
2017-03-02 20:55:38-main--INFO -com.ctaf.accelerators.TestEngine:Typing is performed on Destination
2017-03-02 20:55:50-main--INFO -com.ctaf.accelerators.TestEngine:Able to click on By.xpath: //XCUIElementTypeCell/XCUIElementTypeStaticText[3]
2017-03-02 20:56:33-main--INFO -com.ctaf.accelerators.TestEngine:Able to click on By.xpath: //XCUIElementTypeOther[3]/XCUIElementTypeOther[3]/XCUIElementTypeButton
2017-03-02 21:14:08-main--INFO -com.ctaf.accelerators.TestEngine:Starting browser : iphone
2017-03-02 21:15:03-main--INFO -com.ctaf.accelerators.TestEngine:Current Test : TC_01_oneWayDomesticEconomy_RUH_JED
2017-03-02 21:15:08-main--INFO -com.ctaf.accelerators.TestEngine:Able to click on By.xpath: //XCUIElementTypeOther/*[@label='btn menu']
2017-03-02 21:15:14-main--INFO -com.ctaf.accelerators.TestEngine:Able to click on By.xpath: //XCUIElementTypeCell[1]/*[@label='Login']
2017-03-02 21:15:27-main--INFO -com.ctaf.accelerators.TestEngine:Typing is performed on EmailAddress
2017-03-02 21:15:39-main--INFO -com.ctaf.accelerators.TestEngine:Typing is performed on Password
2017-03-02 21:16:02-main--INFO -com.ctaf.accelerators.TestEngine:Able to click on By.xpath: //*[@label='Login']
2017-03-02 21:16:11-main--INFO -com.ctaf.accelerators.TestEngine:Able to click on By.xpath: //*[@label='Book flights']
2017-03-02 21:16:20-main--INFO -com.ctaf.accelerators.TestEngine:Able to click on By.xpath: //*[@label='One-way']
2017-03-02 21:16:30-main--INFO -com.ctaf.accelerators.TestEngine:Able to click on By.xpath: //XCUIElementTypeOther[3]/XCUIElementTypeOther[1]/XCUIElementTypeButton
2017-03-02 21:16:53-main--INFO -com.ctaf.accelerators.TestEngine:Able to click on By.xpath: //*[@label='Search']
2017-03-02 21:18:10-main--INFO -com.ctaf.accelerators.TestEngine:Typing is performed on Origin
2017-03-02 21:18:21-main--INFO -com.ctaf.accelerators.TestEngine:Able to click on By.xpath: //XCUIElementTypeCell/XCUIElementTypeStaticText[3]
2017-03-02 21:19:33-main--INFO -com.ctaf.accelerators.TestEngine:Typing is performed on Destination
2017-03-02 21:19:44-main--INFO -com.ctaf.accelerators.TestEngine:Able to click on By.xpath: //XCUIElementTypeCell/XCUIElementTypeStaticText[3]
2017-03-02 21:22:39-main--INFO -com.ctaf.accelerators.TestEngine:Able to click on By.xpath: //XCUIElementTypeOther[3]/XCUIElementTypeOther[3]/XCUIElementTypeButton
2017-03-02 22:10:33-main--INFO -com.ctaf.accelerators.TestEngine:Starting browser : iphone
2017-03-02 22:11:32-main--INFO -com.ctaf.accelerators.TestEngine:Current Test : TC_01_oneWayDomesticEconomy_RUH_JED
2017-03-02 22:11:37-main--INFO -com.ctaf.accelerators.TestEngine:Able to click on By.xpath: //XCUIElementTypeOther/*[@label='btn menu']
2017-03-02 22:12:16-main--INFO -com.ctaf.accelerators.TestEngine:Starting browser : iphone
2017-03-02 22:13:17-main--INFO -com.ctaf.accelerators.TestEngine:Current Test : TC_01_oneWayDomesticEconomy_RUH_JED
2017-03-02 22:13:22-main--INFO -com.ctaf.accelerators.TestEngine:Able to click on By.xpath: //XCUIElementTypeOther/*[@label='btn menu']
2017-03-02 22:13:29-main--INFO -com.ctaf.accelerators.TestEngine:Able to click on By.xpath: //XCUIElementTypeCell[1]/*[@label='Login']
2017-03-02 22:13:42-main--INFO -com.ctaf.accelerators.TestEngine:Typing is performed on EmailAddress
2017-03-02 22:13:55-main--INFO -com.ctaf.accelerators.TestEngine:Typing is performed on Password
2017-03-02 22:14:18-main--INFO -com.ctaf.accelerators.TestEngine:Able to click on By.xpath: //*[@label='Login']
2017-03-02 22:14:27-main--INFO -com.ctaf.accelerators.TestEngine:Able to click on By.xpath: //*[@label='Book flights']
2017-03-02 22:14:39-main--INFO -com.ctaf.accelerators.TestEngine:Able to click on By.xpath: //*[@label='One-way']
2017-03-02 22:14:51-main--INFO -com.ctaf.accelerators.TestEngine:Able to click on By.xpath: //XCUIElementTypeOther[3]/XCUIElementTypeOther[1]/XCUIElementTypeButton
2017-03-02 22:15:18-main--INFO -com.ctaf.accelerators.TestEngine:Able to click on By.xpath: //*[@label='Search']
2017-03-02 22:16:34-main--INFO -com.ctaf.accelerators.TestEngine:Typing is performed on Origin
2017-03-02 22:16:46-main--INFO -com.ctaf.accelerators.TestEngine:Able to click on By.xpath: //XCUIElementTypeCell/XCUIElementTypeStaticText[3]
2017-03-02 22:17:55-main--INFO -com.ctaf.accelerators.TestEngine:Typing is performed on Destination
2017-03-02 22:18:07-main--INFO -com.ctaf.accelerators.TestEngine:Able to click on By.xpath: //XCUIElementTypeCell/XCUIElementTypeStaticText[3]
2017-03-02 22:18:41-main--INFO -com.ctaf.accelerators.TestEngine:Able to click on By.xpath: //XCUIElementTypeOther[3]/XCUIElementTypeOther[3]/XCUIElementTypeButton
2017-03-02 22:20:29-main--INFO -com.ctaf.accelerators.TestEngine:Starting browser : iphone
2017-03-02 22:21:59-main--INFO -com.ctaf.accelerators.TestEngine:Starting browser : iphone
2017-03-02 22:23:50-main--INFO -com.ctaf.accelerators.TestEngine:Current Test : TC_01_oneWayDomesticEconomy_RUH_JED
2017-03-02 22:32:26-main--INFO -com.ctaf.accelerators.TestEngine:Starting browser : iphone
2017-03-02 22:33:21-main--INFO -com.ctaf.accelerators.TestEngine:Current Test : TC_01_oneWayDomesticEconomy_RUH_JED
2017-03-02 22:33:33-main--INFO -com.ctaf.accelerators.TestEngine:Able to click on By.xpath: //XCUIElementTypeOther/*[@label='btn menu']
2017-03-02 22:33:51-main--INFO -com.ctaf.accelerators.TestEngine:Able to click on By.xpath: //XCUIElementTypeCell[1]/*[@label='Login']
2017-03-02 22:34:13-main--INFO -com.ctaf.accelerators.TestEngine:Typing is performed on EmailAddress
2017-03-02 22:34:26-main--INFO -com.ctaf.accelerators.TestEngine:Typing is performed on Password
2017-03-02 22:34:49-main--INFO -com.ctaf.accelerators.TestEngine:Able to click on By.xpath: //*[@label='Login']
2017-03-02 22:35:13-main--INFO -com.ctaf.accelerators.TestEngine:Able to click on By.xpath: //*[@label='Book flights']
2017-03-02 22:36:12-main--INFO -com.ctaf.accelerators.TestEngine:Able to click on By.xpath: //*[@label='One-way']
2017-03-02 22:36:26-main--INFO -com.ctaf.accelerators.TestEngine:Able to click on By.xpath: //XCUIElementTypeOther[3]/XCUIElementTypeOther[1]/XCUIElementTypeButton
2017-03-02 22:39:56-main--INFO -com.ctaf.accelerators.TestEngine:Able to click on By.xpath: //*[@label='Search']
2017-03-02 22:46:48-main--INFO -com.ctaf.accelerators.TestEngine:Typing is performed on Origin
2017-03-02 22:48:11-main--INFO -com.ctaf.accelerators.TestEngine:Able to click on By.xpath: //XCUIElementTypeCell/XCUIElementTypeStaticText[3]
2017-03-02 22:49:55-main--INFO -com.ctaf.accelerators.TestEngine:Typing is performed on Destination
2017-03-02 22:50:25-main--INFO -com.ctaf.accelerators.TestEngine:Able to click on By.xpath: //XCUIElementTypeCell/XCUIElementTypeStaticText[3]
2017-03-02 22:51:33-main--INFO -com.ctaf.accelerators.TestEngine:Able to click on By.xpath: //XCUIElementTypeOther[3]/XCUIElementTypeOther[3]/XCUIElementTypeButton
2017-03-02 23:38:35-main--INFO -com.ctaf.accelerators.TestEngine:Starting browser : iphone
2017-03-02 23:41:11-main--INFO -com.ctaf.accelerators.TestEngine:Starting browser : iphone
2017-03-02 23:42:27-main--INFO -com.ctaf.accelerators.TestEngine:Starting browser : iphone
2017-03-02 23:58:46-main--INFO -com.ctaf.accelerators.TestEngine:Starting browser : iphone
