2017-01-05 13:13:05-main--INFO -com.ctaf.accelerators.TestEngine:Starting browser : Android
2017-01-05 13:13:27-main--INFO -com.ctaf.accelerators.TestEngine:Starting browser : Android
2017-01-05 13:13:53-main--INFO -com.ctaf.accelerators.TestEngine:Current Test : TC_06_oneWayInterTwoAdultEco
2017-01-05 13:16:17-main--INFO -com.ctaf.accelerators.TestEngine: Able to get TscreenShot
2017-01-05 13:23:10-main--INFO -com.ctaf.accelerators.TestEngine:Starting browser : Android
2017-01-05 13:23:33-main--INFO -com.ctaf.accelerators.TestEngine:Current Test : TC_06_oneWayInterTwoAdultEco
2017-01-05 13:29:39-main--INFO -com.ctaf.accelerators.TestEngine: Able to get TscreenShot
2017-01-05 14:01:40-main--INFO -com.ctaf.accelerators.TestEngine:Starting browser : Android
2017-01-05 14:02:05-main--INFO -com.ctaf.accelerators.TestEngine:Current Test : TC_06_oneWayInterTwoAdultEco
2017-01-05 14:20:15-main--INFO -com.ctaf.accelerators.TestEngine:Starting browser : Android
2017-01-05 14:20:38-main--INFO -com.ctaf.accelerators.TestEngine:Current Test : TC_07_roundTripDomFourAdultBusins
2017-01-05 16:35:13-main--INFO -com.ctaf.accelerators.TestEngine:Starting browser : Chrome
2017-01-05 16:35:21-main--INFO -com.ctaf.accelerators.TestEngine:Current Test : TC_01_oneWayDomesticEcoSADAD
2017-01-05 16:35:38-main--INFO -com.ctaf.accelerators.TestEngine:Starting browser : Chrome
2017-01-05 16:35:47-main--INFO -com.ctaf.accelerators.TestEngine:Current Test : TC_01_oneWayDomesticEcoSADAD
2017-01-05 17:30:38-main--INFO -com.ctaf.accelerators.TestEngine:Starting browser : Chrome
2017-01-05 17:30:47-main--INFO -com.ctaf.accelerators.TestEngine:Current Test : TC_01_oneWayDomesticEcoSADAD
2017-01-05 17:31:19-main--INFO -com.ctaf.accelerators.TestEngine: Able to get TscreenShot
2017-01-05 17:33:55-main--INFO -com.ctaf.accelerators.TestEngine:Starting browser : Chrome
2017-01-05 17:34:04-main--INFO -com.ctaf.accelerators.TestEngine:Current Test : TC_01_oneWayDomesticEcoSADAD
2017-01-05 17:34:46-main--INFO -com.ctaf.accelerators.TestEngine:Starting browser : Chrome
2017-01-05 17:34:54-main--INFO -com.ctaf.accelerators.TestEngine:Current Test : TC_01_oneWayDomesticEcoSADAD
2017-01-05 17:38:48-main--INFO -com.ctaf.accelerators.TestEngine:Starting browser : Chrome
2017-01-05 17:38:56-main--INFO -com.ctaf.accelerators.TestEngine:Current Test : TC_01_oneWayDomesticEcoSADAD
2017-01-05 17:53:10-main--INFO -com.ctaf.accelerators.TestEngine:Starting browser : Chrome
2017-01-05 17:53:19-main--INFO -com.ctaf.accelerators.TestEngine:Current Test : TC_01_oneWayDomesticEcoSADAD
2017-01-05 17:54:23-main--INFO -com.ctaf.accelerators.TestEngine:Starting browser : Chrome
2017-01-05 17:54:30-main--INFO -com.ctaf.accelerators.TestEngine:Current Test : TC_01_oneWayDomesticEcoSADAD
2017-01-05 17:55:05-main--INFO -com.ctaf.accelerators.TestEngine: Able to get TscreenShot
2017-01-05 18:16:33-main--INFO -com.ctaf.accelerators.TestEngine:Starting browser : Chrome
2017-01-05 18:16:42-main--INFO -com.ctaf.accelerators.TestEngine:Current Test : TC_01_oneWayDomesticEcoSADAD
2017-01-05 18:17:39-main--INFO -com.ctaf.accelerators.TestEngine: Able to get TscreenShot
2017-01-05 18:24:58-main--INFO -com.ctaf.accelerators.TestEngine:Starting browser : Chrome
2017-01-05 18:25:06-main--INFO -com.ctaf.accelerators.TestEngine:Current Test : TC_01_oneWayDomesticEcoSADAD
2017-01-05 18:27:18-main--INFO -com.ctaf.accelerators.TestEngine:Starting browser : Chrome
2017-01-05 18:27:25-main--INFO -com.ctaf.accelerators.TestEngine:Current Test : TC_01_oneWayDomesticEcoSADAD
2017-01-05 18:28:46-main--INFO -com.ctaf.accelerators.TestEngine:Starting browser : Chrome
2017-01-05 18:28:55-main--INFO -com.ctaf.accelerators.TestEngine:Current Test : TC_15_EmpLoginOnewayOneAdultStaffStandByChangFlightCancel
2017-01-05 18:30:48-main--INFO -com.ctaf.accelerators.TestEngine:Starting browser : Chrome
2017-01-05 18:30:56-main--INFO -com.ctaf.accelerators.TestEngine:Current Test : TC_15_EmpLoginOnewayOneAdultStaffStandByChangFlightCancel
2017-01-05 18:31:54-main--INFO -com.ctaf.accelerators.TestEngine: Able to get TscreenShot
2017-01-05 18:32:19-main--INFO -com.ctaf.accelerators.TestEngine:Starting browser : Chrome
2017-01-05 18:32:28-main--INFO -com.ctaf.accelerators.TestEngine:Current Test : TC_15_EmpLoginOnewayOneAdultStaffStandByChangFlightCancel
2017-01-05 18:33:24-main--INFO -com.ctaf.accelerators.TestEngine: Able to get TscreenShot
2017-01-05 18:37:31-main--INFO -com.ctaf.accelerators.TestEngine:Starting browser : Chrome
2017-01-05 18:37:44-main--INFO -com.ctaf.accelerators.TestEngine:Current Test : TC_15_EmpLoginOnewayOneAdultStaffStandByChangFlightCancel
2017-01-05 18:39:32-main--INFO -com.ctaf.accelerators.TestEngine:Starting browser : Chrome
2017-01-05 18:39:43-main--INFO -com.ctaf.accelerators.TestEngine:Current Test : TC_15_EmpLoginOnewayOneAdultStaffStandByChangFlightCancel
2017-01-05 18:41:02-main--INFO -com.ctaf.accelerators.TestEngine:Starting browser : Chrome
2017-01-05 18:41:13-main--INFO -com.ctaf.accelerators.TestEngine:Current Test : TC_15_EmpLoginOnewayOneAdultStaffStandByChangFlightCancel
2017-01-05 18:52:05-main--INFO -com.ctaf.accelerators.TestEngine:Starting browser : Chrome
2017-01-05 18:52:12-main--INFO -com.ctaf.accelerators.TestEngine:Current Test : TC_15_EmpLoginOnewayOneAdultStaffStandByChangFlightCancel
2017-01-05 18:52:42-main--INFO -com.ctaf.accelerators.TestEngine: Able to get TscreenShot
2017-01-05 18:53:10-main--INFO -com.ctaf.accelerators.TestEngine:Starting browser : Chrome
2017-01-05 18:53:18-main--INFO -com.ctaf.accelerators.TestEngine:Current Test : TC_15_EmpLoginOnewayOneAdultStaffStandByChangFlightCancel
2017-01-05 19:01:39-main--INFO -com.ctaf.accelerators.TestEngine:Starting browser : Chrome
2017-01-05 19:01:48-main--INFO -com.ctaf.accelerators.TestEngine:Current Test : TC_15_EmpLoginOnewayOneAdultStaffStandByChangFlightCancel
2017-01-05 19:04:16-main--INFO -com.ctaf.accelerators.TestEngine: Able to get TscreenShot
2017-01-05 19:04:16-main--INFO -com.ctaf.accelerators.TestEngine: Able to get TscreenShot
2017-01-05 19:04:24-main--INFO -com.ctaf.accelerators.TestEngine:Starting browser : ie
2017-01-05 19:04:34-main--INFO -com.ctaf.accelerators.TestEngine:Current Test : TC_15_EmpLoginOnewayOneAdultStaffStandByChangFlightCancel
2017-01-05 19:07:29-main--INFO -com.ctaf.accelerators.TestEngine: Able to get TscreenShot
2017-01-05 19:07:29-main--INFO -com.ctaf.accelerators.TestEngine: Able to get TscreenShot
2017-01-05 19:08:12-main--INFO -com.ctaf.accelerators.TestEngine:Starting browser : Chrome
2017-01-05 19:08:20-main--INFO -com.ctaf.accelerators.TestEngine:Current Test : TC_02_oneWayDomesticBusiness
2017-01-05 19:11:23-main--INFO -com.ctaf.accelerators.TestEngine: Able to get TscreenShot
2017-01-05 19:11:23-main--INFO -com.ctaf.accelerators.TestEngine: Able to get TscreenShot
2017-01-05 19:11:35-main--INFO -com.ctaf.accelerators.TestEngine:Starting browser : Chrome
2017-01-05 19:11:44-main--INFO -com.ctaf.accelerators.TestEngine:Current Test : TC_15_EmpLoginOnewayOneAdultStaffStandByChangFlightCancel
2017-01-05 19:12:02-main--INFO -com.ctaf.accelerators.TestEngine: Able to get TscreenShot
2017-01-05 19:15:19-main--INFO -com.ctaf.accelerators.TestEngine:Starting browser : Chrome
2017-01-05 19:15:28-main--INFO -com.ctaf.accelerators.TestEngine:Current Test : TC_15_EmpLoginOnewayOneAdultStaffStandByChangFlightCancel
2017-01-05 19:17:57-main--INFO -com.ctaf.accelerators.TestEngine: Able to get TscreenShot
2017-01-05 19:17:58-main--INFO -com.ctaf.accelerators.TestEngine: Able to get TscreenShot
2017-01-05 19:19:35-main--INFO -com.ctaf.accelerators.TestEngine:Starting browser : Chrome
2017-01-05 19:19:45-main--INFO -com.ctaf.accelerators.TestEngine:Current Test : TC_15_EmpLoginOnewayOneAdultStaffStandByChangFlightCancel
2017-01-05 19:23:54-main--INFO -com.ctaf.accelerators.TestEngine: Able to get TscreenShot
2017-01-05 19:26:25-main--INFO -com.ctaf.accelerators.TestEngine:Starting browser : Chrome
2017-01-05 19:26:32-main--INFO -com.ctaf.accelerators.TestEngine:Current Test : TC_15_EmpLoginOnewayOneAdultStaffStandByChangFlightCancel
2017-01-05 19:31:30-main--INFO -com.ctaf.accelerators.TestEngine: Able to get TscreenShot
