2016-11-29 11:23:34-main--INFO -com.ctaf.accelerators.TestEngine:Starting browser : chrome
2016-11-29 11:23:59-main--INFO -com.ctaf.accelerators.TestEngine:Starting browser : chrome
2016-11-29 11:24:46-main--INFO -com.ctaf.accelerators.TestEngine:Starting browser : chrome
2016-11-29 11:25:03-main--INFO -com.ctaf.accelerators.TestEngine:Current Test : TC_04_oneWayDomOneAdultCheckin
2016-11-29 11:25:51-main--INFO -com.ctaf.accelerators.TestEngine: Able to get TscreenShot
2016-11-29 11:53:09-main--INFO -com.ctaf.accelerators.TestEngine:Starting browser : chrome
2016-11-29 11:53:20-main--INFO -com.ctaf.accelerators.TestEngine:Current Test : TC_04_oneWayDomOneAdultCheckin
2016-11-29 11:53:20-main--INFO -com.ctaf.accelerators.TestEngine: Able to get TscreenShot
2016-11-29 11:55:18-main--INFO -com.ctaf.accelerators.TestEngine:Starting browser : chrome
2016-11-29 11:55:27-main--INFO -com.ctaf.accelerators.TestEngine:Current Test : TC_04_oneWayDomOneAdultCheckin
2016-11-29 11:55:27-main--INFO -com.ctaf.accelerators.TestEngine: Able to get TscreenShot
2016-11-29 12:01:36-main--INFO -com.ctaf.accelerators.TestEngine:Starting browser : chrome
2016-11-29 12:01:47-main--INFO -com.ctaf.accelerators.TestEngine:Current Test : TC_04_oneWayDomOneAdultCheckin
2016-11-29 12:12:55-main--INFO -com.ctaf.accelerators.TestEngine:Starting browser : chrome
2016-11-29 12:13:12-main--INFO -com.ctaf.accelerators.TestEngine:Current Test : TC_04_oneWayDomOneAdultCheckin
2016-11-29 12:17:47-main--INFO -com.ctaf.accelerators.TestEngine:Starting browser : chrome
2016-11-29 12:17:57-main--INFO -com.ctaf.accelerators.TestEngine:Current Test : TC_04_oneWayDomOneAdultCheckin
2016-11-29 12:18:20-main--INFO -com.ctaf.accelerators.TestEngine: Able to get TscreenShot
2016-11-29 12:19:53-main--INFO -com.ctaf.accelerators.TestEngine:Starting browser : chrome
2016-11-29 12:20:10-main--INFO -com.ctaf.accelerators.TestEngine:Current Test : TC_04_oneWayDomOneAdultCheckin
2016-11-29 12:20:24-main--INFO -com.ctaf.accelerators.TestEngine: Able to get TscreenShot
2016-11-29 12:23:16-main--INFO -com.ctaf.accelerators.TestEngine:Starting browser : chrome
2016-11-29 12:23:29-main--INFO -com.ctaf.accelerators.TestEngine:Current Test : TC_04_oneWayDomOneAdultCheckin
2016-11-29 12:23:50-main--INFO -com.ctaf.accelerators.TestEngine: Able to get TscreenShot
2016-11-29 12:25:18-main--INFO -com.ctaf.accelerators.TestEngine:Starting browser : chrome
2016-11-29 12:25:28-main--INFO -com.ctaf.accelerators.TestEngine:Current Test : TC_04_oneWayDomOneAdultCheckin
2016-11-29 12:25:58-main--INFO -com.ctaf.accelerators.TestEngine: Able to get TscreenShot
2016-11-29 12:28:02-main--INFO -com.ctaf.accelerators.TestEngine:Starting browser : chrome
2016-11-29 12:28:12-main--INFO -com.ctaf.accelerators.TestEngine:Current Test : TC_04_oneWayDomOneAdultCheckin
2016-11-29 12:28:44-main--INFO -com.ctaf.accelerators.TestEngine: Able to get TscreenShot
2016-11-29 12:28:56-main--INFO -com.ctaf.accelerators.TestEngine:Starting browser : chrome
2016-11-29 12:29:06-main--INFO -com.ctaf.accelerators.TestEngine:Current Test : TC_04_oneWayDomOneAdultCheckin
2016-11-29 12:29:30-main--INFO -com.ctaf.accelerators.TestEngine: Able to get TscreenShot
2016-11-29 12:29:39-main--INFO -com.ctaf.accelerators.TestEngine:Starting browser : chrome
2016-11-29 12:29:49-main--INFO -com.ctaf.accelerators.TestEngine:Current Test : TC_04_oneWayDomOneAdultCheckin
2016-11-29 12:30:31-main--INFO -com.ctaf.accelerators.TestEngine: Able to get TscreenShot
2016-11-29 12:31:19-main--INFO -com.ctaf.accelerators.TestEngine:Starting browser : chrome
2016-11-29 12:31:33-main--INFO -com.ctaf.accelerators.TestEngine:Current Test : TC_04_oneWayDomOneAdultCheckin
2016-11-29 12:32:08-main--INFO -com.ctaf.accelerators.TestEngine: Able to get TscreenShot
2016-11-29 12:32:28-main--INFO -com.ctaf.accelerators.TestEngine:Starting browser : chrome
2016-11-29 12:32:39-main--INFO -com.ctaf.accelerators.TestEngine:Current Test : TC_04_oneWayDomOneAdultCheckin
2016-11-29 12:40:58-main--INFO -com.ctaf.accelerators.TestEngine: Able to get TscreenShot
2016-11-29 12:42:58-main--INFO -com.ctaf.accelerators.TestEngine:Starting browser : chrome
2016-11-29 12:43:07-main--INFO -com.ctaf.accelerators.TestEngine:Current Test : TC_04_oneWayDomOneAdultCheckin
2016-11-29 12:44:00-main--INFO -com.ctaf.accelerators.TestEngine: Able to get TscreenShot
2016-11-29 12:48:03-main--INFO -com.ctaf.accelerators.TestEngine:Starting browser : chrome
2016-11-29 12:48:18-main--INFO -com.ctaf.accelerators.TestEngine:Current Test : TC_04_oneWayDomOneAdultCheckin
2016-11-29 13:17:10-main--INFO -com.ctaf.accelerators.TestEngine:Starting browser : chrome
2016-11-29 13:17:26-main--INFO -com.ctaf.accelerators.TestEngine:Current Test : TC_05_onewaydom8Business
2016-11-29 13:17:37-main--INFO -com.ctaf.accelerators.TestEngine: Able to get TscreenShot
2016-11-29 13:18:50-main--INFO -com.ctaf.accelerators.TestEngine:Starting browser : chrome
2016-11-29 13:19:00-main--INFO -com.ctaf.accelerators.TestEngine:Current Test : TC_05_onewaydom8Business
2016-11-29 13:21:41-main--INFO -com.ctaf.accelerators.TestEngine:Starting browser : chrome
2016-11-29 13:21:53-main--INFO -com.ctaf.accelerators.TestEngine:Current Test : TC_05_onewaydom8Business
2016-11-29 13:23:46-main--INFO -com.ctaf.accelerators.TestEngine:Starting browser : chrome
2016-11-29 13:23:56-main--INFO -com.ctaf.accelerators.TestEngine:Current Test : TC_05_onewaydom8Business
2016-11-29 13:25:45-main--INFO -com.ctaf.accelerators.TestEngine: Able to get TscreenShot
2016-11-29 13:38:29-main--INFO -com.ctaf.accelerators.TestEngine:Starting browser : chrome
2016-11-29 13:38:41-main--INFO -com.ctaf.accelerators.TestEngine:Current Test : TC_05_onewaydom8Business
2016-11-29 13:54:30-main--INFO -com.ctaf.accelerators.TestEngine:Starting browser : chrome
2016-11-29 13:54:41-main--INFO -com.ctaf.accelerators.TestEngine:Current Test : TC_05_onewaydom8Business
2016-11-29 13:59:37-main--INFO -com.ctaf.accelerators.TestEngine:Starting browser : chrome
2016-11-29 13:59:52-main--INFO -com.ctaf.accelerators.TestEngine:Current Test : TC_05_onewaydom8Business
2016-11-29 14:07:55-main--INFO -com.ctaf.accelerators.TestEngine:Starting browser : chrome
2016-11-29 14:08:09-main--INFO -com.ctaf.accelerators.TestEngine:Current Test : TC_05_onewaydom8Business
2016-11-29 14:13:54-main--INFO -com.ctaf.accelerators.TestEngine:Starting browser : chrome
2016-11-29 14:14:24-main--INFO -com.ctaf.accelerators.TestEngine:Current Test : TC_05_onewaydom8Business
2016-11-29 14:17:27-main--INFO -com.ctaf.accelerators.TestEngine:Starting browser : chrome
2016-11-29 14:17:39-main--INFO -com.ctaf.accelerators.TestEngine:Current Test : TC_05_onewaydom8Business
2016-11-29 14:17:50-main--INFO -com.ctaf.accelerators.TestEngine: Able to get TscreenShot
2016-11-29 14:18:00-main--INFO -com.ctaf.accelerators.TestEngine:Starting browser : chrome
2016-11-29 14:18:13-main--INFO -com.ctaf.accelerators.TestEngine:Current Test : TC_05_onewaydom8Business
2016-11-29 14:24:13-main--INFO -com.ctaf.accelerators.TestEngine:Starting browser : chrome
2016-11-29 14:24:25-main--INFO -com.ctaf.accelerators.TestEngine:Current Test : TC_05_onewaydom8Business
2016-11-29 14:27:57-main--INFO -com.ctaf.accelerators.TestEngine:Starting browser : chrome
2016-11-29 14:28:17-main--INFO -com.ctaf.accelerators.TestEngine:Current Test : TC_05_onewaydom8Business
2016-11-29 14:33:52-main--INFO -com.ctaf.accelerators.TestEngine: Able to get TscreenShot
2016-11-29 14:39:11-main--INFO -com.ctaf.accelerators.TestEngine:Starting browser : chrome
2016-11-29 14:39:26-main--INFO -com.ctaf.accelerators.TestEngine:Current Test : TC_05_onewaydom8Business
2016-11-29 14:52:36-main--INFO -com.ctaf.accelerators.TestEngine:Starting browser : chrome
2016-11-29 14:52:41-main--INFO -com.ctaf.accelerators.TestEngine:Current Test : TC_06_oneWay2InternationalEco
2016-11-29 15:34:20-main--INFO -com.ctaf.accelerators.TestEngine:Starting browser : chrome
2016-11-29 15:35:35-main--INFO -com.ctaf.accelerators.TestEngine:Current Test : TC_06_oneWay2InternationalEco
2016-11-29 15:38:03-main--INFO -com.ctaf.accelerators.TestEngine:Starting browser : chrome
2016-11-29 15:39:13-main--INFO -com.ctaf.accelerators.TestEngine:Starting browser : chrome
2016-11-29 15:39:44-main--INFO -com.ctaf.accelerators.TestEngine:Current Test : TC_04_oneWayDomOneAdultCheckin
2016-11-29 15:40:31-main--INFO -com.ctaf.accelerators.TestEngine:Current Test : TC_07_RTDom4adultBusinessCC
2016-11-29 15:40:35-main--INFO -com.ctaf.accelerators.TestEngine: Able to get TscreenShot
2016-11-29 15:41:17-main--INFO -com.ctaf.accelerators.TestEngine: Able to get TscreenShot
2016-11-29 16:00:57-main--INFO -com.ctaf.accelerators.TestEngine:Starting browser : chrome
2016-11-29 16:01:21-main--INFO -com.ctaf.accelerators.TestEngine:Current Test : TC_07_RTDom4adultBusinessCC
2016-11-29 16:02:18-main--INFO -com.ctaf.accelerators.TestEngine: Able to get TscreenShot
2016-11-29 16:02:19-main--INFO -com.ctaf.accelerators.TestEngine: Able to get TscreenShot
2016-11-29 16:50:57-main--INFO -com.ctaf.accelerators.TestEngine:Starting browser : chrome
2016-11-29 16:51:07-main--INFO -com.ctaf.accelerators.TestEngine:Current Test : TC_07_RTDom4adultBusinessCC
2016-11-29 16:52:08-main--INFO -com.ctaf.accelerators.TestEngine:Starting browser : chrome
2016-11-29 16:52:20-main--INFO -com.ctaf.accelerators.TestEngine:Current Test : TC_07_RTDom4adultBusinessCC
2016-11-29 16:53:15-main--INFO -com.ctaf.accelerators.TestEngine:Starting browser : chrome
2016-11-29 16:53:45-main--INFO -com.ctaf.accelerators.TestEngine:Current Test : TC_07_RTDom4adultBusinessCC
2016-11-29 16:57:49-main--INFO -com.ctaf.accelerators.TestEngine:Starting browser : chrome
2016-11-29 16:57:59-main--INFO -com.ctaf.accelerators.TestEngine:Current Test : TC_07_RTDom4adultBusinessCC
2016-11-29 17:00:51-main--INFO -com.ctaf.accelerators.TestEngine: Able to get TscreenShot
2016-11-29 17:05:33-main--INFO -com.ctaf.accelerators.TestEngine:Starting browser : chrome
2016-11-29 17:05:45-main--INFO -com.ctaf.accelerators.TestEngine:Current Test : TC_07_RTDom4adultBusinessCC
2016-11-29 17:11:43-main--INFO -com.ctaf.accelerators.TestEngine:Starting browser : chrome
2016-11-29 17:11:50-main--INFO -com.ctaf.accelerators.TestEngine:Current Test : TC_08_RTInt1adult1Child1infantBus
2016-11-29 17:12:25-main--INFO -com.ctaf.accelerators.TestEngine: Able to get TscreenShot
2016-11-29 17:36:03-main--INFO -com.ctaf.accelerators.TestEngine:Starting browser : chrome
2016-11-29 17:36:18-main--INFO -com.ctaf.accelerators.TestEngine:Current Test : TC_08_RTInt1adult1Child1infantBus
2016-11-29 17:36:44-main--INFO -com.ctaf.accelerators.TestEngine: Able to get TscreenShot
2016-11-29 17:37:19-main--INFO -com.ctaf.accelerators.TestEngine:Starting browser : chrome
2016-11-29 17:37:32-main--INFO -com.ctaf.accelerators.TestEngine:Current Test : TC_08_RTInt1adult1Child1infantBus
2016-11-29 17:38:20-main--INFO -com.ctaf.accelerators.TestEngine: Able to get TscreenShot
2016-11-29 17:38:20-main--INFO -com.ctaf.accelerators.TestEngine: Able to get TscreenShot
2016-11-29 17:38:47-main--INFO -com.ctaf.accelerators.TestEngine:Starting browser : chrome
2016-11-29 17:38:56-main--INFO -com.ctaf.accelerators.TestEngine:Current Test : TC_08_RTInt1adult1Child1infantBus
2016-11-29 17:39:43-main--INFO -com.ctaf.accelerators.TestEngine: Able to get TscreenShot
2016-11-29 17:39:43-main--INFO -com.ctaf.accelerators.TestEngine: Able to get TscreenShot
2016-11-29 18:07:29-main--INFO -com.ctaf.accelerators.TestEngine:Starting browser : chrome
2016-11-29 18:07:40-main--INFO -com.ctaf.accelerators.TestEngine:Current Test : OnewayDomestic
2016-11-29 18:07:46-main--INFO -com.ctaf.accelerators.TestEngine: Able to get TscreenShot
2016-11-29 18:08:27-main--INFO -com.ctaf.accelerators.TestEngine:Starting browser : chrome
2016-11-29 18:08:39-main--INFO -com.ctaf.accelerators.TestEngine:Current Test : OnewayDomestic
2016-11-29 18:08:43-main--INFO -com.ctaf.accelerators.TestEngine: Able to get TscreenShot
2016-11-29 18:10:19-main--INFO -com.ctaf.accelerators.TestEngine:Starting browser : chrome
2016-11-29 18:10:31-main--INFO -com.ctaf.accelerators.TestEngine:Current Test : OnewayDomestic
2016-11-29 18:11:59-main--INFO -com.ctaf.accelerators.TestEngine: Able to get TscreenShot
2016-11-29 18:13:06-main--INFO -com.ctaf.accelerators.TestEngine:Starting browser : chrome
2016-11-29 18:13:19-main--INFO -com.ctaf.accelerators.TestEngine:Current Test : OnewayDomestic
2016-11-29 18:15:18-main--INFO -com.ctaf.accelerators.TestEngine: Able to get TscreenShot
2016-11-29 18:16:41-main--INFO -com.ctaf.accelerators.TestEngine:Starting browser : chrome
2016-11-29 18:16:56-main--INFO -com.ctaf.accelerators.TestEngine:Current Test : OnewayDomestic
2016-11-29 18:18:12-main--INFO -com.ctaf.accelerators.TestEngine:Starting browser : chrome
2016-11-29 18:18:24-main--INFO -com.ctaf.accelerators.TestEngine:Current Test : OnewayDomestic
2016-11-29 18:21:18-main--INFO -com.ctaf.accelerators.TestEngine:Starting browser : chrome
2016-11-29 18:21:29-main--INFO -com.ctaf.accelerators.TestEngine:Current Test : OnewayDomestic
2016-11-29 18:23:56-main--INFO -com.ctaf.accelerators.TestEngine: Able to get TscreenShot
2016-11-29 18:24:27-main--INFO -com.ctaf.accelerators.TestEngine:Starting browser : chrome
2016-11-29 18:24:39-main--INFO -com.ctaf.accelerators.TestEngine:Current Test : OnewayDomestic
2016-11-29 18:25:18-main--INFO -com.ctaf.accelerators.TestEngine: Able to get TscreenShot
2016-11-29 19:00:06-main--INFO -com.ctaf.accelerators.TestEngine:Starting browser : chrome
2016-11-29 19:00:15-main--INFO -com.ctaf.accelerators.TestEngine:Current Test : TC_01_oneWayDomesticEcoSADAD
