2017-04-25 11:38:26-main--INFO -com.ctaf.accelerators.TestEngine:Starting browser : iphone
2017-04-25 11:43:51-main--INFO -com.ctaf.accelerators.TestEngine:Starting browser : iphone
2017-04-25 11:44:37-main--INFO -com.ctaf.accelerators.TestEngine:Current Test : TC_89_roundTripDomesticFlexCheckIn_ABH_BHH
2017-04-25 11:44:43-main--INFO -com.ctaf.accelerators.TestEngine:Able to click on By.xpath: //*[@label='Book flights']
2017-04-25 11:44:50-main--INFO -com.ctaf.accelerators.TestEngine:Able to click on By.xpath: //*[@label='Return']
2017-04-25 11:57:08-main--INFO -com.ctaf.accelerators.TestEngine:Starting browser : iphone
2017-04-25 11:57:51-main--INFO -com.ctaf.accelerators.TestEngine:Current Test : TC_89_roundTripDomesticFlexCheckIn_ABH_BHH
2017-04-25 11:57:57-main--INFO -com.ctaf.accelerators.TestEngine:Able to click on By.xpath: //*[@label='Book flights']
2017-04-25 11:58:03-main--INFO -com.ctaf.accelerators.TestEngine:Able to click on By.xpath: //*[@label='Return']
2017-04-25 11:58:10-main--INFO -com.ctaf.accelerators.TestEngine:Able to click on By.xpath: //XCUIElementTypeOther[3]/XCUIElementTypeOther[1]/XCUIElementTypeButton
2017-04-25 11:58:16-main--INFO -com.ctaf.accelerators.TestEngine:Able to click on Search
2017-04-25 11:58:23-main--INFO -com.ctaf.accelerators.TestEngine:Typing is performed on Origin
2017-04-25 11:58:25-main--INFO -com.ctaf.accelerators.TestEngine:Able to click on AHB
2017-04-25 11:58:29-main--INFO -com.ctaf.accelerators.TestEngine:Typing is performed on Destination
2017-04-25 11:58:32-main--INFO -com.ctaf.accelerators.TestEngine:Able to click on BHH
2017-04-25 11:58:35-main--INFO -com.ctaf.accelerators.TestEngine:Able to click on Find Flights
2017-04-25 11:59:30-main--INFO -com.ctaf.accelerators.TestEngine:Starting browser : iphone
2017-04-25 12:00:12-main--INFO -com.ctaf.accelerators.TestEngine:Current Test : TC_89_roundTripDomesticFlexCheckIn_ABH_BHH
2017-04-25 12:00:17-main--INFO -com.ctaf.accelerators.TestEngine:Able to click on By.xpath: //*[@label='Book flights']
2017-04-25 12:00:24-main--INFO -com.ctaf.accelerators.TestEngine:Able to click on By.xpath: //*[@label='Return']
2017-04-25 12:00:31-main--INFO -com.ctaf.accelerators.TestEngine:Able to click on By.xpath: //XCUIElementTypeOther[3]/XCUIElementTypeOther[1]/XCUIElementTypeButton
2017-04-25 12:00:36-main--INFO -com.ctaf.accelerators.TestEngine:Able to click on Search
2017-04-25 12:00:43-main--INFO -com.ctaf.accelerators.TestEngine:Typing is performed on Origin
2017-04-25 12:00:45-main--INFO -com.ctaf.accelerators.TestEngine:Able to click on AHB
2017-04-25 12:00:50-main--INFO -com.ctaf.accelerators.TestEngine:Typing is performed on Destination
2017-04-25 12:00:52-main--INFO -com.ctaf.accelerators.TestEngine:Able to click on BHH
2017-04-25 12:00:55-main--INFO -com.ctaf.accelerators.TestEngine:Able to click on Find Flights
2017-04-25 12:34:42-main--INFO -com.ctaf.accelerators.TestEngine:Starting browser : iphone
2017-04-25 12:35:27-main--INFO -com.ctaf.accelerators.TestEngine:Current Test : TC_89_roundTripDomesticFlexCheckIn_ABH_BHH
2017-04-25 12:35:33-main--INFO -com.ctaf.accelerators.TestEngine:Able to click on By.xpath: //*[@label='Book flights']
2017-04-25 12:35:39-main--INFO -com.ctaf.accelerators.TestEngine:Able to click on By.xpath: //*[@label='Return']
2017-04-25 12:35:46-main--INFO -com.ctaf.accelerators.TestEngine:Able to click on By.xpath: //XCUIElementTypeOther[3]/XCUIElementTypeOther[1]/XCUIElementTypeButton
2017-04-25 12:35:52-main--INFO -com.ctaf.accelerators.TestEngine:Able to click on Search
2017-04-25 12:35:58-main--INFO -com.ctaf.accelerators.TestEngine:Typing is performed on Origin
2017-04-25 12:36:01-main--INFO -com.ctaf.accelerators.TestEngine:Able to click on AHB
2017-04-25 12:36:05-main--INFO -com.ctaf.accelerators.TestEngine:Typing is performed on Destination
2017-04-25 12:36:08-main--INFO -com.ctaf.accelerators.TestEngine:Able to click on BHH
2017-04-25 12:36:11-main--INFO -com.ctaf.accelerators.TestEngine:Able to click on Find Flights
2017-04-25 12:37:30-main--INFO -com.ctaf.accelerators.TestEngine: Able to get TscreenShot
2017-04-25 12:38:07-main--INFO -com.ctaf.accelerators.TestEngine:Starting browser : iphone
2017-04-25 12:38:52-main--INFO -com.ctaf.accelerators.TestEngine:Current Test : TC_89_roundTripDomesticFlexCheckIn_ABH_BHH
2017-04-25 12:38:57-main--INFO -com.ctaf.accelerators.TestEngine:Able to click on By.xpath: //*[@label='Book flights']
2017-04-25 12:39:04-main--INFO -com.ctaf.accelerators.TestEngine:Able to click on By.xpath: //*[@label='Return']
2017-04-25 12:39:11-main--INFO -com.ctaf.accelerators.TestEngine:Able to click on By.xpath: //XCUIElementTypeOther[3]/XCUIElementTypeOther[1]/XCUIElementTypeButton
2017-04-25 12:39:17-main--INFO -com.ctaf.accelerators.TestEngine:Able to click on Search
2017-04-25 12:39:23-main--INFO -com.ctaf.accelerators.TestEngine:Typing is performed on Origin
2017-04-25 12:39:26-main--INFO -com.ctaf.accelerators.TestEngine:Able to click on AHB
2017-04-25 12:39:30-main--INFO -com.ctaf.accelerators.TestEngine:Typing is performed on Destination
2017-04-25 12:39:32-main--INFO -com.ctaf.accelerators.TestEngine:Able to click on BHH
2017-04-25 12:39:36-main--INFO -com.ctaf.accelerators.TestEngine:Able to click on Find Flights
2017-04-25 12:41:10-main--INFO -com.ctaf.accelerators.TestEngine: Able to get TscreenShot
2017-04-25 12:41:38-main--INFO -com.ctaf.accelerators.TestEngine:Starting browser : iphone
2017-04-25 12:42:21-main--INFO -com.ctaf.accelerators.TestEngine:Current Test : TC_89_roundTripDomesticFlexCheckIn_ABH_BHH
2017-04-25 12:42:27-main--INFO -com.ctaf.accelerators.TestEngine:Able to click on By.xpath: //*[@label='Book flights']
2017-04-25 12:42:33-main--INFO -com.ctaf.accelerators.TestEngine:Able to click on By.xpath: //*[@label='Return']
2017-04-25 12:42:40-main--INFO -com.ctaf.accelerators.TestEngine:Able to click on By.xpath: //XCUIElementTypeOther[3]/XCUIElementTypeOther[1]/XCUIElementTypeButton
2017-04-25 12:42:46-main--INFO -com.ctaf.accelerators.TestEngine:Able to click on Search
2017-04-25 12:42:52-main--INFO -com.ctaf.accelerators.TestEngine:Typing is performed on Origin
2017-04-25 12:42:55-main--INFO -com.ctaf.accelerators.TestEngine:Able to click on AHB
2017-04-25 12:42:59-main--INFO -com.ctaf.accelerators.TestEngine:Typing is performed on Destination
2017-04-25 12:43:01-main--INFO -com.ctaf.accelerators.TestEngine:Able to click on BHH
2017-04-25 12:43:05-main--INFO -com.ctaf.accelerators.TestEngine:Able to click on Find Flights
2017-04-25 12:44:35-main--INFO -com.ctaf.accelerators.TestEngine:Starting browser : iphone
2017-04-25 12:45:18-main--INFO -com.ctaf.accelerators.TestEngine:Current Test : TC_89_roundTripDomesticFlexCheckIn_ABH_BHH
2017-04-25 12:48:08-main--INFO -com.ctaf.accelerators.TestEngine:Able to click on By.xpath: //*[@label='Book flights']
2017-04-25 12:48:15-main--INFO -com.ctaf.accelerators.TestEngine:Able to click on By.xpath: //*[@label='Return']
2017-04-25 12:48:22-main--INFO -com.ctaf.accelerators.TestEngine:Able to click on By.xpath: //XCUIElementTypeOther[3]/XCUIElementTypeOther[1]/XCUIElementTypeButton
2017-04-25 12:48:27-main--INFO -com.ctaf.accelerators.TestEngine:Able to click on Search
2017-04-25 12:48:34-main--INFO -com.ctaf.accelerators.TestEngine:Typing is performed on Origin
2017-04-25 12:48:36-main--INFO -com.ctaf.accelerators.TestEngine:Able to click on AHB
2017-04-25 12:48:40-main--INFO -com.ctaf.accelerators.TestEngine:Typing is performed on Destination
2017-04-25 12:48:43-main--INFO -com.ctaf.accelerators.TestEngine:Able to click on BHH
2017-04-25 12:48:46-main--INFO -com.ctaf.accelerators.TestEngine:Able to click on Find Flights
2017-04-25 12:50:04-main--INFO -com.ctaf.accelerators.TestEngine: Able to get TscreenShot
2017-04-25 12:50:46-main--INFO -com.ctaf.accelerators.TestEngine:Starting browser : iphone
2017-04-25 12:51:28-main--INFO -com.ctaf.accelerators.TestEngine:Current Test : TC_89_roundTripDomesticFlexCheckIn_ABH_BHH
2017-04-25 12:51:42-main--INFO -com.ctaf.accelerators.TestEngine:Able to click on By.xpath: //*[@label='Book flights']
2017-04-25 12:51:49-main--INFO -com.ctaf.accelerators.TestEngine:Able to click on By.xpath: //*[@label='Return']
2017-04-25 12:51:56-main--INFO -com.ctaf.accelerators.TestEngine:Able to click on By.xpath: //XCUIElementTypeOther[3]/XCUIElementTypeOther[1]/XCUIElementTypeButton
2017-04-25 12:52:01-main--INFO -com.ctaf.accelerators.TestEngine:Able to click on Search
2017-04-25 12:52:08-main--INFO -com.ctaf.accelerators.TestEngine:Typing is performed on Origin
2017-04-25 12:52:10-main--INFO -com.ctaf.accelerators.TestEngine:Able to click on AHB
2017-04-25 12:52:15-main--INFO -com.ctaf.accelerators.TestEngine:Typing is performed on Destination
2017-04-25 12:52:17-main--INFO -com.ctaf.accelerators.TestEngine:Able to click on BHH
2017-04-25 12:52:20-main--INFO -com.ctaf.accelerators.TestEngine:Able to click on Find Flights
2017-04-25 12:52:41-main--INFO -com.ctaf.accelerators.TestEngine:Able to click on By.xpath: //XCUIElementTypeTable/XCUIElementTypeCell[1]/XCUIElementTypeButton[6]
2017-04-25 12:53:49-main--INFO -com.ctaf.accelerators.TestEngine:Starting browser : iphone
2017-04-25 12:54:32-main--INFO -com.ctaf.accelerators.TestEngine:Current Test : TC_89_roundTripDomesticFlexCheckIn_ABH_BHH
2017-04-25 12:54:38-main--INFO -com.ctaf.accelerators.TestEngine:Able to click on By.xpath: //*[@label='Book flights']
2017-04-25 12:54:44-main--INFO -com.ctaf.accelerators.TestEngine:Able to click on By.xpath: //*[@label='Return']
2017-04-25 12:54:51-main--INFO -com.ctaf.accelerators.TestEngine:Able to click on By.xpath: //XCUIElementTypeOther[3]/XCUIElementTypeOther[1]/XCUIElementTypeButton
2017-04-25 12:54:57-main--INFO -com.ctaf.accelerators.TestEngine:Able to click on Search
2017-04-25 12:55:03-main--INFO -com.ctaf.accelerators.TestEngine:Typing is performed on Origin
2017-04-25 12:55:05-main--INFO -com.ctaf.accelerators.TestEngine:Able to click on AHB
2017-04-25 12:55:10-main--INFO -com.ctaf.accelerators.TestEngine:Typing is performed on Destination
2017-04-25 12:55:12-main--INFO -com.ctaf.accelerators.TestEngine:Able to click on BHH
2017-04-25 12:55:15-main--INFO -com.ctaf.accelerators.TestEngine:Able to click on Find Flights
2017-04-25 12:55:57-main--INFO -com.ctaf.accelerators.TestEngine:Able to click on By.xpath: //XCUIElementTypeTable/XCUIElementTypeCell[1]/XCUIElementTypeButton[6]
2017-04-25 12:57:10-main--INFO -com.ctaf.accelerators.TestEngine:Starting browser : iphone
2017-04-25 12:57:53-main--INFO -com.ctaf.accelerators.TestEngine:Current Test : TC_89_roundTripDomesticFlexCheckIn_ABH_BHH
2017-04-25 12:57:58-main--INFO -com.ctaf.accelerators.TestEngine:Able to click on By.xpath: //*[@label='Book flights']
2017-04-25 12:58:05-main--INFO -com.ctaf.accelerators.TestEngine:Able to click on By.xpath: //*[@label='Return']
2017-04-25 12:58:12-main--INFO -com.ctaf.accelerators.TestEngine:Able to click on By.xpath: //XCUIElementTypeOther[3]/XCUIElementTypeOther[1]/XCUIElementTypeButton
2017-04-25 12:58:17-main--INFO -com.ctaf.accelerators.TestEngine:Able to click on Search
2017-04-25 12:58:23-main--INFO -com.ctaf.accelerators.TestEngine:Typing is performed on Origin
2017-04-25 12:58:26-main--INFO -com.ctaf.accelerators.TestEngine:Able to click on AHB
2017-04-25 12:58:30-main--INFO -com.ctaf.accelerators.TestEngine:Typing is performed on Destination
2017-04-25 12:58:33-main--INFO -com.ctaf.accelerators.TestEngine:Able to click on BHH
2017-04-25 12:58:36-main--INFO -com.ctaf.accelerators.TestEngine:Able to click on Find Flights
2017-04-25 12:58:57-main--INFO -com.ctaf.accelerators.TestEngine:Able to click on By.xpath: //XCUIElementTypeTable/XCUIElementTypeCell[1]/XCUIElementTypeButton[6]
2017-04-25 12:59:23-main--INFO -com.ctaf.accelerators.TestEngine:Able to click on By.xpath: //XCUIElementTypeTable/XCUIElementTypeCell[1]/XCUIElementTypeButton[6]
2017-04-25 12:59:47-main--INFO -com.ctaf.accelerators.TestEngine:Able to click on By.xpath: //*[@label='Continue to Select Extras']
2017-04-25 13:00:24-main--INFO -com.ctaf.accelerators.TestEngine:Able to click on By.xpath: //*[@label='Continue to Select Seat']
2017-04-25 13:00:35-main--INFO -com.ctaf.accelerators.TestEngine:Able to click on By.xpath: //*[@label='Continue to Payment']
2017-04-25 13:00:44-main--INFO -com.ctaf.accelerators.TestEngine:Typing is performed on Card Number
2017-04-25 13:00:53-main--INFO -com.ctaf.accelerators.TestEngine:Typing is performed on Card Holder Name
2017-04-25 13:01:07-main--INFO -com.ctaf.accelerators.TestEngine:Typing is performed on Expiry Date
2017-04-25 13:01:16-main--INFO -com.ctaf.accelerators.TestEngine:Typing is performed on cvv
2017-04-25 13:01:26-main--INFO -com.ctaf.accelerators.TestEngine:Able to click on Purchase
2017-04-25 13:02:30-main--INFO -com.ctaf.accelerators.TestEngine: Able to get TscreenShot
2017-04-25 13:03:52-main--INFO -com.ctaf.accelerators.TestEngine:Starting browser : iphone
2017-04-25 13:04:35-main--INFO -com.ctaf.accelerators.TestEngine:Current Test : TC_87_roundTripDomesticFlex_DMM_ABT
2017-04-25 13:04:40-main--INFO -com.ctaf.accelerators.TestEngine:Able to click on By.xpath: //*[@label='Book flights']
2017-04-25 13:04:47-main--INFO -com.ctaf.accelerators.TestEngine:Able to click on By.xpath: //*[@label='Return']
2017-04-25 13:04:54-main--INFO -com.ctaf.accelerators.TestEngine:Able to click on By.xpath: //XCUIElementTypeOther[3]/XCUIElementTypeOther[1]/XCUIElementTypeButton
2017-04-25 13:04:59-main--INFO -com.ctaf.accelerators.TestEngine:Able to click on Search
2017-04-25 13:05:06-main--INFO -com.ctaf.accelerators.TestEngine:Typing is performed on Origin
2017-04-25 13:05:08-main--INFO -com.ctaf.accelerators.TestEngine:Able to click on DMM
2017-04-25 13:05:14-main--INFO -com.ctaf.accelerators.TestEngine:Typing is performed on Destination
2017-04-25 13:05:16-main--INFO -com.ctaf.accelerators.TestEngine:Able to click on ABT
2017-04-25 13:05:19-main--INFO -com.ctaf.accelerators.TestEngine:Able to click on Find Flights
2017-04-25 13:05:59-main--INFO -com.ctaf.accelerators.TestEngine:Able to click on By.xpath: //XCUIElementTypeTable/XCUIElementTypeCell[1]/XCUIElementTypeButton[6]
2017-04-25 13:06:19-main--INFO -com.ctaf.accelerators.TestEngine:Able to click on By.xpath: //XCUIElementTypeTable/XCUIElementTypeCell[1]/XCUIElementTypeButton[6]
2017-04-25 13:06:43-main--INFO -com.ctaf.accelerators.TestEngine:Able to click on By.xpath: //*[@label='Continue to Select Extras']
2017-04-25 13:07:23-main--INFO -com.ctaf.accelerators.TestEngine:Able to click on By.xpath: //*[@label='Continue to Select Seat']
2017-04-25 13:07:34-main--INFO -com.ctaf.accelerators.TestEngine:Able to click on By.xpath: //*[@label='Continue to Payment']
2017-04-25 13:07:43-main--INFO -com.ctaf.accelerators.TestEngine:Typing is performed on Card Number
2017-04-25 13:07:52-main--INFO -com.ctaf.accelerators.TestEngine:Typing is performed on Card Holder Name
2017-04-25 13:08:07-main--INFO -com.ctaf.accelerators.TestEngine:Typing is performed on Expiry Date
2017-04-25 13:08:16-main--INFO -com.ctaf.accelerators.TestEngine:Typing is performed on cvv
2017-04-25 13:08:26-main--INFO -com.ctaf.accelerators.TestEngine:Able to click on Purchase
2017-04-25 13:08:39-main--INFO -com.ctaf.accelerators.TestEngine: Able to get TscreenShot
2017-04-25 13:10:41-main--INFO -com.ctaf.accelerators.TestEngine:Starting browser : iphone
2017-04-25 13:11:22-main--INFO -com.ctaf.accelerators.TestEngine:Current Test : TC_86_roundTripDomesticFlex_DMM_TUU
2017-04-25 13:11:28-main--INFO -com.ctaf.accelerators.TestEngine:Able to click on By.xpath: //*[@label='Book flights']
2017-04-25 13:11:34-main--INFO -com.ctaf.accelerators.TestEngine:Able to click on By.xpath: //*[@label='Return']
2017-04-25 13:11:41-main--INFO -com.ctaf.accelerators.TestEngine:Able to click on By.xpath: //XCUIElementTypeOther[3]/XCUIElementTypeOther[1]/XCUIElementTypeButton
2017-04-25 13:11:47-main--INFO -com.ctaf.accelerators.TestEngine:Able to click on Search
2017-04-25 13:11:53-main--INFO -com.ctaf.accelerators.TestEngine:Typing is performed on Origin
2017-04-25 13:11:56-main--INFO -com.ctaf.accelerators.TestEngine:Able to click on DMM
2017-04-25 13:12:01-main--INFO -com.ctaf.accelerators.TestEngine:Typing is performed on Destination
2017-04-25 13:12:04-main--INFO -com.ctaf.accelerators.TestEngine:Able to click on TUU
2017-04-25 13:12:07-main--INFO -com.ctaf.accelerators.TestEngine:Able to click on Find Flights
2017-04-25 13:12:44-main--INFO -com.ctaf.accelerators.TestEngine:Able to click on By.xpath: //XCUIElementTypeTable/XCUIElementTypeCell[1]/XCUIElementTypeButton[6]
2017-04-25 13:13:05-main--INFO -com.ctaf.accelerators.TestEngine:Able to click on By.xpath: //XCUIElementTypeTable/XCUIElementTypeCell[1]/XCUIElementTypeButton[6]
2017-04-25 13:13:29-main--INFO -com.ctaf.accelerators.TestEngine:Able to click on By.xpath: //*[@label='Continue to Select Extras']
2017-04-25 13:14:09-main--INFO -com.ctaf.accelerators.TestEngine:Able to click on By.xpath: //*[@label='Continue to Select Seat']
2017-04-25 13:14:21-main--INFO -com.ctaf.accelerators.TestEngine:Able to click on By.xpath: //*[@label='Continue to Payment']
2017-04-25 13:14:29-main--INFO -com.ctaf.accelerators.TestEngine:Typing is performed on Card Number
2017-04-25 13:14:39-main--INFO -com.ctaf.accelerators.TestEngine:Typing is performed on Card Holder Name
2017-04-25 13:14:53-main--INFO -com.ctaf.accelerators.TestEngine:Typing is performed on Expiry Date
2017-04-25 13:15:03-main--INFO -com.ctaf.accelerators.TestEngine:Typing is performed on cvv
2017-04-25 13:15:13-main--INFO -com.ctaf.accelerators.TestEngine:Able to click on Purchase
2017-04-25 17:19:03-main--INFO -com.ctaf.accelerators.TestEngine:Starting browser : iphone
2017-04-25 17:20:21-main--INFO -com.ctaf.accelerators.TestEngine:Current Test : TC_85_roundTripDomesticFlex_DMM_HAS
2017-04-25 17:20:27-main--INFO -com.ctaf.accelerators.TestEngine:Able to click on By.xpath: //*[@label='Book flights']
2017-04-25 17:20:33-main--INFO -com.ctaf.accelerators.TestEngine:Able to click on By.xpath: //*[@label='Return']
2017-04-25 17:20:40-main--INFO -com.ctaf.accelerators.TestEngine:Able to click on By.xpath: //XCUIElementTypeOther[3]/XCUIElementTypeOther[1]/XCUIElementTypeButton
2017-04-25 17:20:46-main--INFO -com.ctaf.accelerators.TestEngine:Able to click on Search
2017-04-25 17:20:52-main--INFO -com.ctaf.accelerators.TestEngine:Typing is performed on Origin
2017-04-25 17:20:55-main--INFO -com.ctaf.accelerators.TestEngine:Able to click on DMM
2017-04-25 17:21:00-main--INFO -com.ctaf.accelerators.TestEngine:Typing is performed on Destination
2017-04-25 17:21:03-main--INFO -com.ctaf.accelerators.TestEngine:Able to click on HAS
2017-04-25 17:21:06-main--INFO -com.ctaf.accelerators.TestEngine:Able to click on Find Flights
2017-04-25 17:21:52-main--INFO -com.ctaf.accelerators.TestEngine:Able to click on By.xpath: //XCUIElementTypeTable/XCUIElementTypeCell[1]/XCUIElementTypeButton[6]
2017-04-25 17:22:12-main--INFO -com.ctaf.accelerators.TestEngine:Able to click on By.xpath: //XCUIElementTypeTable/XCUIElementTypeCell[1]/XCUIElementTypeButton[6]
2017-04-25 17:22:35-main--INFO -com.ctaf.accelerators.TestEngine:Able to click on By.xpath: //*[@label='Continue to Select Extras']
2017-04-25 17:23:15-main--INFO -com.ctaf.accelerators.TestEngine:Able to click on By.xpath: //*[@label='Continue to Select Seat']
2017-04-25 17:23:25-main--INFO -com.ctaf.accelerators.TestEngine:Able to click on By.xpath: //*[@label='Continue to Payment']
2017-04-25 17:23:34-main--INFO -com.ctaf.accelerators.TestEngine:Typing is performed on Card Number
2017-04-25 17:23:43-main--INFO -com.ctaf.accelerators.TestEngine:Typing is performed on Card Holder Name
2017-04-25 17:23:57-main--INFO -com.ctaf.accelerators.TestEngine:Typing is performed on Expiry Date
2017-04-25 17:24:06-main--INFO -com.ctaf.accelerators.TestEngine:Typing is performed on cvv
2017-04-25 17:24:15-main--INFO -com.ctaf.accelerators.TestEngine:Able to click on Purchase
2017-04-25 17:28:16-main--INFO -com.ctaf.accelerators.TestEngine:Starting browser : iphone
2017-04-25 17:28:57-main--INFO -com.ctaf.accelerators.TestEngine:Current Test : TC_89_roundTripDomesticFlexCheckIn_ABH_BHH
2017-04-25 17:29:03-main--INFO -com.ctaf.accelerators.TestEngine:Able to click on By.xpath: //*[@label='Book flights']
2017-04-25 17:29:09-main--INFO -com.ctaf.accelerators.TestEngine:Able to click on By.xpath: //*[@label='Return']
2017-04-25 17:29:16-main--INFO -com.ctaf.accelerators.TestEngine:Able to click on By.xpath: //XCUIElementTypeOther[3]/XCUIElementTypeOther[1]/XCUIElementTypeButton
2017-04-25 17:29:22-main--INFO -com.ctaf.accelerators.TestEngine:Able to click on Search
2017-04-25 17:29:28-main--INFO -com.ctaf.accelerators.TestEngine:Typing is performed on Origin
2017-04-25 17:29:31-main--INFO -com.ctaf.accelerators.TestEngine:Able to click on AHB
2017-04-25 17:29:35-main--INFO -com.ctaf.accelerators.TestEngine:Typing is performed on Destination
2017-04-25 17:29:38-main--INFO -com.ctaf.accelerators.TestEngine:Able to click on BHH
2017-04-25 17:29:41-main--INFO -com.ctaf.accelerators.TestEngine:Able to click on Find Flights
2017-04-25 17:30:03-main--INFO -com.ctaf.accelerators.TestEngine:Able to click on By.xpath: //XCUIElementTypeTable/XCUIElementTypeCell[1]/XCUIElementTypeButton[6]
2017-04-25 17:30:28-main--INFO -com.ctaf.accelerators.TestEngine:Able to click on By.xpath: //XCUIElementTypeTable/XCUIElementTypeCell[1]/XCUIElementTypeButton[6]
2017-04-25 17:30:52-main--INFO -com.ctaf.accelerators.TestEngine:Able to click on By.xpath: //*[@label='Continue to Select Extras']
2017-04-25 17:31:29-main--INFO -com.ctaf.accelerators.TestEngine:Able to click on By.xpath: //*[@label='Continue to Select Seat']
2017-04-25 17:31:40-main--INFO -com.ctaf.accelerators.TestEngine:Able to click on By.xpath: //*[@label='Continue to Payment']
2017-04-25 17:31:48-main--INFO -com.ctaf.accelerators.TestEngine:Typing is performed on Card Number
2017-04-25 17:31:57-main--INFO -com.ctaf.accelerators.TestEngine:Typing is performed on Card Holder Name
2017-04-25 17:32:11-main--INFO -com.ctaf.accelerators.TestEngine:Typing is performed on Expiry Date
2017-04-25 17:32:20-main--INFO -com.ctaf.accelerators.TestEngine:Typing is performed on cvv
2017-04-25 17:32:30-main--INFO -com.ctaf.accelerators.TestEngine:Able to click on Purchase
2017-04-25 17:33:08-main--INFO -com.ctaf.accelerators.TestEngine:Able to click on By.xpath: //*[@label='icn home']
2017-04-25 17:33:13-main--INFO -com.ctaf.accelerators.TestEngine:Able to click on By.xpath: //*[@label='Online check-in']
2017-04-25 17:34:04-main--INFO -com.ctaf.accelerators.TestEngine:Able to click on By.xpath: //*[@label='U1K3KB']/following-sibling::XCUIElementTypeButton
2017-04-25 17:36:53-main--INFO -com.ctaf.accelerators.TestEngine:Starting browser : iphone
2017-04-25 17:37:36-main--INFO -com.ctaf.accelerators.TestEngine:Current Test : TC_89_roundTripDomesticFlexCheckIn_ABH_BHH
2017-04-25 17:37:41-main--INFO -com.ctaf.accelerators.TestEngine:Able to click on By.xpath: //*[@label='Book flights']
2017-04-25 17:37:48-main--INFO -com.ctaf.accelerators.TestEngine:Able to click on By.xpath: //*[@label='Return']
2017-04-25 17:37:55-main--INFO -com.ctaf.accelerators.TestEngine:Able to click on By.xpath: //XCUIElementTypeOther[3]/XCUIElementTypeOther[1]/XCUIElementTypeButton
2017-04-25 17:38:00-main--INFO -com.ctaf.accelerators.TestEngine:Able to click on Search
2017-04-25 17:38:07-main--INFO -com.ctaf.accelerators.TestEngine:Typing is performed on Origin
2017-04-25 17:38:09-main--INFO -com.ctaf.accelerators.TestEngine:Able to click on AHB
2017-04-25 17:38:14-main--INFO -com.ctaf.accelerators.TestEngine:Typing is performed on Destination
2017-04-25 17:38:16-main--INFO -com.ctaf.accelerators.TestEngine:Able to click on BHH
2017-04-25 17:38:19-main--INFO -com.ctaf.accelerators.TestEngine:Able to click on Find Flights
2017-04-25 17:38:41-main--INFO -com.ctaf.accelerators.TestEngine:Able to click on By.xpath: //XCUIElementTypeTable/XCUIElementTypeCell[1]/XCUIElementTypeButton[6]
2017-04-25 17:39:05-main--INFO -com.ctaf.accelerators.TestEngine:Able to click on By.xpath: //XCUIElementTypeTable/XCUIElementTypeCell[1]/XCUIElementTypeButton[6]
2017-04-25 17:39:27-main--INFO -com.ctaf.accelerators.TestEngine:Able to click on By.xpath: //*[@label='Continue to Select Extras']
2017-04-25 17:39:48-main--INFO -com.ctaf.accelerators.TestEngine:Able to click on By.xpath: //*[@label='Continue to Select Seat']
2017-04-25 17:39:57-main--INFO -com.ctaf.accelerators.TestEngine:Able to click on By.xpath: //*[@label='Continue to Payment']
2017-04-25 17:40:04-main--INFO -com.ctaf.accelerators.TestEngine:Typing is performed on Card Number
2017-04-25 17:40:13-main--INFO -com.ctaf.accelerators.TestEngine:Typing is performed on Card Holder Name
2017-04-25 17:40:26-main--INFO -com.ctaf.accelerators.TestEngine:Typing is performed on Expiry Date
2017-04-25 17:40:34-main--INFO -com.ctaf.accelerators.TestEngine:Typing is performed on cvv
2017-04-25 17:40:43-main--INFO -com.ctaf.accelerators.TestEngine:Able to click on Purchase
2017-04-25 17:41:12-main--INFO -com.ctaf.accelerators.TestEngine:Able to click on By.xpath: //*[@label='icn home']
2017-04-25 17:41:18-main--INFO -com.ctaf.accelerators.TestEngine:Able to click on By.xpath: //*[@label='Online check-in']
2017-04-25 17:41:24-main--INFO -com.ctaf.accelerators.TestEngine:Able to click on By.xpath: //*[@label='E7P12G']/following-sibling::XCUIElementTypeButton
2017-04-25 17:41:33-main--INFO -com.ctaf.accelerators.TestEngine:Able to click on By.xpath: //*[@label='I agree to the Terms and Conditions.']/preceding-sibling::XCUIElementTypeButton
2017-04-25 17:42:31-main--INFO -com.ctaf.accelerators.TestEngine:Able to click on By.xpath: //*[@label='Continue']
2017-04-25 17:43:37-main--INFO -com.ctaf.accelerators.TestEngine:Able to click on By.xpath: //*[@label='Continue to Payment']
2017-04-25 17:43:45-main--INFO -com.ctaf.accelerators.TestEngine:Able to click on By.xpath: //*[@label='Continue']
2017-04-25 17:55:46-main--INFO -com.ctaf.accelerators.TestEngine:Starting browser : iphone
2017-04-25 17:56:26-main--INFO -com.ctaf.accelerators.TestEngine:Current Test : TC_12_roundTripDomesticEconomy_JED_GIZ
2017-04-25 17:56:31-main--INFO -com.ctaf.accelerators.TestEngine:Able to click on By.xpath: //*[@label='Book flights']
2017-04-25 17:56:38-main--INFO -com.ctaf.accelerators.TestEngine:Able to click on By.xpath: //*[@label='Return']
2017-04-25 17:56:45-main--INFO -com.ctaf.accelerators.TestEngine:Able to click on By.xpath: //XCUIElementTypeOther[3]/XCUIElementTypeOther[1]/XCUIElementTypeButton
2017-04-25 17:56:50-main--INFO -com.ctaf.accelerators.TestEngine:Able to click on Search
2017-04-25 17:56:57-main--INFO -com.ctaf.accelerators.TestEngine:Typing is performed on Origin
2017-04-25 17:56:59-main--INFO -com.ctaf.accelerators.TestEngine:Able to click on JED
2017-04-25 17:57:05-main--INFO -com.ctaf.accelerators.TestEngine:Typing is performed on Destination
2017-04-25 17:57:08-main--INFO -com.ctaf.accelerators.TestEngine:Able to click on GIZ
2017-04-25 17:57:11-main--INFO -com.ctaf.accelerators.TestEngine:Able to click on Find Flights
2017-04-25 17:58:02-main--INFO -com.ctaf.accelerators.TestEngine:Able to click on By.xpath: //XCUIElementTypeTable/XCUIElementTypeCell[1]/XCUIElementTypeButton[3]
2017-04-25 17:58:29-main--INFO -com.ctaf.accelerators.TestEngine:Able to click on By.xpath: //XCUIElementTypeTable/XCUIElementTypeCell[1]/XCUIElementTypeButton[3]
2017-04-25 17:58:52-main--INFO -com.ctaf.accelerators.TestEngine:Able to click on By.xpath: //*[@label='Continue to Select Extras']
2017-04-25 17:59:13-main--INFO -com.ctaf.accelerators.TestEngine:Able to click on By.xpath: //*[@label='Continue to Select Seat']
2017-04-25 17:59:22-main--INFO -com.ctaf.accelerators.TestEngine:Able to click on By.xpath: //*[@label='Continue to Payment']
2017-04-25 17:59:30-main--INFO -com.ctaf.accelerators.TestEngine:Typing is performed on Card Number
2017-04-25 17:59:39-main--INFO -com.ctaf.accelerators.TestEngine:Typing is performed on Card Holder Name
2017-04-25 17:59:52-main--INFO -com.ctaf.accelerators.TestEngine:Typing is performed on Expiry Date
2017-04-25 18:00:01-main--INFO -com.ctaf.accelerators.TestEngine:Typing is performed on cvv
2017-04-25 18:00:10-main--INFO -com.ctaf.accelerators.TestEngine:Able to click on Purchase
2017-04-25 18:00:38-main--INFO -com.ctaf.accelerators.TestEngine:Able to click on By.xpath: //*[@label='icn home']
2017-04-25 18:00:43-main--INFO -com.ctaf.accelerators.TestEngine:Able to click on By.xpath: //*[@label='Manage my booking']
2017-04-25 18:00:52-main--INFO -com.ctaf.accelerators.TestEngine:Able to click on By.xpath: //*[@label='L6CDWP']/following-sibling::XCUIElementTypeButton
2017-04-25 18:01:02-main--INFO -com.ctaf.accelerators.TestEngine:Able to click on By.xpath: //*[@label='Cancel flight']
2017-04-25 18:01:18-main--INFO -com.ctaf.accelerators.TestEngine:Able to click on By.xpath: //*[@label='Continue']
2017-04-25 18:02:19-main--INFO -com.ctaf.accelerators.TestEngine: Able to get TscreenShot
2017-04-25 18:05:19-main--INFO -com.ctaf.accelerators.TestEngine:Starting browser : iphone
2017-04-25 18:06:36-main--INFO -com.ctaf.accelerators.TestEngine:Current Test : TC_12_roundTripDomesticEconomy_JED_GIZ
2017-04-25 18:06:42-main--INFO -com.ctaf.accelerators.TestEngine:Able to click on By.xpath: //*[@label='Manage my booking']
2017-04-25 18:06:51-main--INFO -com.ctaf.accelerators.TestEngine:Able to click on By.xpath: //*[@label='L6CDWP']/following-sibling::XCUIElementTypeButton
2017-04-25 18:07:01-main--INFO -com.ctaf.accelerators.TestEngine:Able to click on By.xpath: //*[@label='Cancel flight']
2017-04-25 18:07:17-main--INFO -com.ctaf.accelerators.TestEngine:Able to click on By.xpath: //*[@label='Continue']
2017-04-25 18:08:18-main--INFO -com.ctaf.accelerators.TestEngine: Able to get TscreenShot
2017-04-25 18:08:38-main--INFO -com.ctaf.accelerators.TestEngine:Starting browser : iphone
2017-04-25 18:09:20-main--INFO -com.ctaf.accelerators.TestEngine:Current Test : TC_12_roundTripDomesticEconomy_JED_GIZ
2017-04-25 18:09:25-main--INFO -com.ctaf.accelerators.TestEngine:Able to click on By.xpath: //*[@label='Manage my booking']
2017-04-25 18:09:35-main--INFO -com.ctaf.accelerators.TestEngine:Able to click on By.xpath: //*[@label='L6CDWP']/following-sibling::XCUIElementTypeButton
2017-04-25 18:09:44-main--INFO -com.ctaf.accelerators.TestEngine:Able to click on By.xpath: //*[@label='Cancel flight']
2017-04-25 18:10:01-main--INFO -com.ctaf.accelerators.TestEngine:Able to click on By.xpath: //*[@label='Continue']
2017-04-25 18:11:01-main--INFO -com.ctaf.accelerators.TestEngine: Able to get TscreenShot
2017-04-25 18:20:25-main--INFO -com.ctaf.accelerators.TestEngine:Starting browser : iphone
2017-04-25 18:21:06-main--INFO -com.ctaf.accelerators.TestEngine:Current Test : TC_12_roundTripDomesticEconomy_JED_GIZ
2017-04-25 18:21:12-main--INFO -com.ctaf.accelerators.TestEngine:Able to click on By.xpath: //*[@label='Manage my booking']
2017-04-25 18:21:19-main--INFO -com.ctaf.accelerators.TestEngine:Able to click on By.xpath: //*[@label='L6CDWP']/following-sibling::XCUIElementTypeButton
2017-04-25 18:21:29-main--INFO -com.ctaf.accelerators.TestEngine:Able to click on By.xpath: //*[@label='Cancel flight']
2017-04-25 18:21:45-main--INFO -com.ctaf.accelerators.TestEngine:Able to click on By.xpath: //*[@label='Continue']
2017-04-25 18:22:47-main--INFO -com.ctaf.accelerators.TestEngine: Able to get TscreenShot
2017-04-25 18:23:20-main--INFO -com.ctaf.accelerators.TestEngine:Starting browser : iphone
2017-04-25 18:24:02-main--INFO -com.ctaf.accelerators.TestEngine:Current Test : TC_12_roundTripDomesticEconomy_JED_GIZ
2017-04-25 18:24:08-main--INFO -com.ctaf.accelerators.TestEngine:Able to click on By.xpath: //XCUIElementTypeOther/*[@label='btn menu']
2017-04-25 18:25:10-main--INFO -com.ctaf.accelerators.TestEngine: Able to get TscreenShot
2017-04-25 18:31:51-main--INFO -com.ctaf.accelerators.TestEngine:Starting browser : iphone
2017-04-25 18:32:33-main--INFO -com.ctaf.accelerators.TestEngine:Current Test : TC_12_roundTripDomesticEconomy_JED_GIZ
2017-04-25 18:32:38-main--INFO -com.ctaf.accelerators.TestEngine:Able to click on By.xpath: //XCUIElementTypeOther/*[@label='btn menu']
2017-04-25 18:32:44-main--INFO -com.ctaf.accelerators.TestEngine:Able to click on By.xpath: //XCUIElementTypeCell[1]/*[@label='Login']
2017-04-25 18:32:50-main--INFO -com.ctaf.accelerators.TestEngine:Typing is performed on EmailAddress
2017-04-25 18:32:56-main--INFO -com.ctaf.accelerators.TestEngine:Typing is performed on Password
2017-04-25 18:33:04-main--INFO -com.ctaf.accelerators.TestEngine:Able to click on By.xpath: //*[@label='Login']
2017-04-25 18:33:09-main--INFO -com.ctaf.accelerators.TestEngine:Able to click on By.xpath: //*[@label='Manage my booking']
2017-04-25 18:35:07-main--INFO -com.ctaf.accelerators.TestEngine:Starting browser : iphone
2017-04-25 18:35:49-main--INFO -com.ctaf.accelerators.TestEngine:Current Test : TC_12_roundTripDomesticEconomy_JED_GIZ
2017-04-25 18:35:55-main--INFO -com.ctaf.accelerators.TestEngine:Able to click on By.xpath: //*[@label='Book flights']
2017-04-25 18:36:01-main--INFO -com.ctaf.accelerators.TestEngine:Able to click on By.xpath: //*[@label='Return']
2017-04-25 18:36:08-main--INFO -com.ctaf.accelerators.TestEngine:Able to click on By.xpath: //XCUIElementTypeOther[3]/XCUIElementTypeOther[1]/XCUIElementTypeButton
2017-04-25 18:36:14-main--INFO -com.ctaf.accelerators.TestEngine:Able to click on Search
2017-04-25 18:36:20-main--INFO -com.ctaf.accelerators.TestEngine:Typing is performed on Origin
2017-04-25 18:36:22-main--INFO -com.ctaf.accelerators.TestEngine:Able to click on JED
2017-04-25 18:36:29-main--INFO -com.ctaf.accelerators.TestEngine:Typing is performed on Destination
2017-04-25 18:36:31-main--INFO -com.ctaf.accelerators.TestEngine:Able to click on GIZ
2017-04-25 18:36:34-main--INFO -com.ctaf.accelerators.TestEngine:Able to click on Find Flights
2017-04-25 18:37:26-main--INFO -com.ctaf.accelerators.TestEngine:Able to click on By.xpath: //XCUIElementTypeTable/XCUIElementTypeCell[1]/XCUIElementTypeButton[3]
2017-04-25 18:37:53-main--INFO -com.ctaf.accelerators.TestEngine:Able to click on By.xpath: //XCUIElementTypeTable/XCUIElementTypeCell[1]/XCUIElementTypeButton[3]
2017-04-25 18:38:16-main--INFO -com.ctaf.accelerators.TestEngine:Able to click on By.xpath: //*[@label='Continue to Select Extras']
2017-04-25 18:38:53-main--INFO -com.ctaf.accelerators.TestEngine:Able to click on By.xpath: //*[@label='Continue to Select Seat']
2017-04-25 18:39:01-main--INFO -com.ctaf.accelerators.TestEngine:Able to click on By.xpath: //*[@label='Continue to Payment']
2017-04-25 18:39:10-main--INFO -com.ctaf.accelerators.TestEngine:Typing is performed on Card Number
2017-04-25 18:39:18-main--INFO -com.ctaf.accelerators.TestEngine:Typing is performed on Card Holder Name
2017-04-25 18:39:32-main--INFO -com.ctaf.accelerators.TestEngine:Typing is performed on Expiry Date
2017-04-25 18:39:40-main--INFO -com.ctaf.accelerators.TestEngine:Typing is performed on cvv
2017-04-25 18:39:50-main--INFO -com.ctaf.accelerators.TestEngine:Able to click on Purchase
2017-04-25 18:40:18-main--INFO -com.ctaf.accelerators.TestEngine:Able to click on By.xpath: //*[@label='icn home']
2017-04-25 18:40:23-main--INFO -com.ctaf.accelerators.TestEngine:Able to click on By.xpath: //*[@label='Manage my booking']
