2016-12-12 10:24:18-main--INFO -com.ctaf.accelerators.TestEngine:Starting browser : Android
2016-12-12 10:25:30-main--INFO -com.ctaf.accelerators.TestEngine:Starting browser : Android
2016-12-12 10:26:17-main--INFO -com.ctaf.accelerators.TestEngine:Current Test : TC_01_oneWayDomesticEcoSADAD
2016-12-12 10:29:40-main--INFO -com.ctaf.accelerators.TestEngine: Able to get TscreenShot
2016-12-12 10:31:56-main--INFO -com.ctaf.accelerators.TestEngine:Starting browser : Android
2016-12-12 10:32:13-main--INFO -com.ctaf.accelerators.TestEngine:Current Test : TC_01_oneWayDomesticEcoSADAD
2016-12-12 10:34:59-main--INFO -com.ctaf.accelerators.TestEngine:Starting browser : Android
2016-12-12 10:35:16-main--INFO -com.ctaf.accelerators.TestEngine:Current Test : TC_01_oneWayDomesticEcoSADAD
2016-12-12 10:38:19-main--INFO -com.ctaf.accelerators.TestEngine: Able to get TscreenShot
2016-12-12 10:41:01-main--INFO -com.ctaf.accelerators.TestEngine:Starting browser : Android
2016-12-12 10:41:18-main--INFO -com.ctaf.accelerators.TestEngine:Current Test : TC_01_oneWayDomesticEcoSADAD
2016-12-12 10:43:10-main--INFO -com.ctaf.accelerators.TestEngine: Able to get TscreenShot
2016-12-12 10:45:00-main--INFO -com.ctaf.accelerators.TestEngine:Starting browser : Android
2016-12-12 10:45:18-main--INFO -com.ctaf.accelerators.TestEngine:Current Test : TC_01_oneWayDomesticEcoSADAD
2016-12-12 10:48:29-main--INFO -com.ctaf.accelerators.TestEngine: Able to get TscreenShot
2016-12-12 10:51:09-main--INFO -com.ctaf.accelerators.TestEngine:Starting browser : Android
2016-12-12 10:51:27-main--INFO -com.ctaf.accelerators.TestEngine:Starting browser : Android
2016-12-12 10:51:48-main--INFO -com.ctaf.accelerators.TestEngine:Starting browser : Android
2016-12-12 10:52:08-main--INFO -com.ctaf.accelerators.TestEngine:Current Test : TC_01_oneWayDomesticEcoSADAD
2016-12-12 10:59:11-main--INFO -com.ctaf.accelerators.TestEngine:Starting browser : Android
2016-12-12 10:59:35-main--INFO -com.ctaf.accelerators.TestEngine:Current Test : TC_01_oneWayDomesticEcoSADAD
2016-12-12 11:06:25-main--INFO -com.ctaf.accelerators.TestEngine:Starting browser : Android
2016-12-12 11:06:48-main--INFO -com.ctaf.accelerators.TestEngine:Current Test : TC_01_oneWayDomesticEcoSADAD
2016-12-12 11:16:29-main--INFO -com.ctaf.accelerators.TestEngine:Starting browser : Android
2016-12-12 11:16:42-main--INFO -com.ctaf.accelerators.TestEngine:Starting browser : Android
2016-12-12 11:17:02-main--INFO -com.ctaf.accelerators.TestEngine:Starting browser : Android
2016-12-12 11:17:19-main--INFO -com.ctaf.accelerators.TestEngine:Current Test : TC_01_oneWayDomesticEcoSADAD
2016-12-12 11:18:05-main--INFO -com.ctaf.accelerators.TestEngine:Starting browser : Android
2016-12-12 11:18:23-main--INFO -com.ctaf.accelerators.TestEngine:Current Test : TC_01_oneWayDomesticEcoSADAD
2016-12-12 11:19:25-main--INFO -com.ctaf.accelerators.TestEngine:Starting browser : Android
2016-12-12 11:19:43-main--INFO -com.ctaf.accelerators.TestEngine:Current Test : TC_01_oneWayDomesticEcoSADAD
2016-12-12 11:23:37-main--INFO -com.ctaf.accelerators.TestEngine:Starting browser : Android
2016-12-12 11:23:56-main--INFO -com.ctaf.accelerators.TestEngine:Current Test : TC_01_oneWayDomesticEcoSADAD
2016-12-12 11:27:21-main--INFO -com.ctaf.accelerators.TestEngine: Able to get TscreenShot
2016-12-12 11:43:35-main--INFO -com.ctaf.accelerators.TestEngine:Starting browser : Android
2016-12-12 11:43:52-main--INFO -com.ctaf.accelerators.TestEngine:Current Test : TC_01_oneWayDomesticEcoSADAD
2016-12-12 11:48:48-main--INFO -com.ctaf.accelerators.TestEngine: Able to get TscreenShot
2016-12-12 11:53:35-main--INFO -com.ctaf.accelerators.TestEngine:Starting browser : Android
2016-12-12 11:53:46-main--INFO -com.ctaf.accelerators.TestEngine:Starting browser : Android
2016-12-12 11:54:04-main--INFO -com.ctaf.accelerators.TestEngine:Current Test : TC_01_oneWayDomesticEcoSADAD
2016-12-12 11:57:46-main--INFO -com.ctaf.accelerators.TestEngine: Able to get TscreenShot
2016-12-12 12:20:10-main--INFO -com.ctaf.accelerators.TestEngine:Starting browser : Android
2016-12-12 12:20:28-main--INFO -com.ctaf.accelerators.TestEngine:Current Test : TC_01_oneWayDomesticEcoSADAD
2016-12-12 12:22:21-main--INFO -com.ctaf.accelerators.TestEngine:Starting browser : Android
2016-12-12 12:22:39-main--INFO -com.ctaf.accelerators.TestEngine:Current Test : TC_01_oneWayDomesticEcoSADAD
2016-12-12 12:24:39-main--INFO -com.ctaf.accelerators.TestEngine:Starting browser : Android
2016-12-12 12:24:56-main--INFO -com.ctaf.accelerators.TestEngine:Current Test : TC02_oneWayDomesticBusinessCC
2016-12-12 12:27:22-main--INFO -com.ctaf.accelerators.TestEngine:Starting browser : Android
2016-12-12 12:27:42-main--INFO -com.ctaf.accelerators.TestEngine:Current Test : TC_02_oneWayDomesticBusinessCC
2016-12-12 12:28:57-main--INFO -com.ctaf.accelerators.TestEngine:Starting browser : Android
2016-12-12 12:29:16-main--INFO -com.ctaf.accelerators.TestEngine:Current Test : TC_02_oneWayDomesticBusinessCC
2016-12-12 12:33:05-main--INFO -com.ctaf.accelerators.TestEngine:Starting browser : Android
2016-12-12 12:33:23-main--INFO -com.ctaf.accelerators.TestEngine:Current Test : TC_02_oneWayDomesticBusinessCC
2016-12-12 12:34:57-main--INFO -com.ctaf.accelerators.TestEngine:Starting browser : Android
2016-12-12 12:35:15-main--INFO -com.ctaf.accelerators.TestEngine:Current Test : TC_02_oneWayDomesticBusinessCC
2016-12-12 12:37:42-main--INFO -com.ctaf.accelerators.TestEngine:Starting browser : Android
2016-12-12 12:37:58-main--INFO -com.ctaf.accelerators.TestEngine:Current Test : TC_02_oneWayDomesticBusinessCC
2016-12-12 12:41:01-main--INFO -com.ctaf.accelerators.TestEngine:Starting browser : Android
2016-12-12 12:41:17-main--INFO -com.ctaf.accelerators.TestEngine:Current Test : TC_02_oneWayDomesticBusinessCC
2016-12-12 12:42:21-main--INFO -com.ctaf.accelerators.TestEngine:Starting browser : Android
2016-12-12 12:42:38-main--INFO -com.ctaf.accelerators.TestEngine:Current Test : TC_02_oneWayDomesticBusinessCC
2016-12-12 12:44:55-main--INFO -com.ctaf.accelerators.TestEngine:Starting browser : Android
2016-12-12 12:45:12-main--INFO -com.ctaf.accelerators.TestEngine:Current Test : TC_02_oneWayDomesticBusinessCC
2016-12-12 12:49:35-main--INFO -com.ctaf.accelerators.TestEngine: Able to get TscreenShot
2016-12-12 12:52:07-main--INFO -com.ctaf.accelerators.TestEngine:Starting browser : Android
2016-12-12 12:52:32-main--INFO -com.ctaf.accelerators.TestEngine:Current Test : TC_02_oneWayDomesticBusinessCC
2016-12-12 13:01:55-main--INFO -com.ctaf.accelerators.TestEngine:Starting browser : Android
2016-12-12 13:02:13-main--INFO -com.ctaf.accelerators.TestEngine:Current Test : TC_02_oneWayDomesticBusinessCC
2016-12-12 13:11:31-main--INFO -com.ctaf.accelerators.TestEngine:Starting browser : Android
2016-12-12 13:11:50-main--INFO -com.ctaf.accelerators.TestEngine:Current Test : TC_02_oneWayDomesticBusinessCC
2016-12-12 13:12:48-main--INFO -com.ctaf.accelerators.TestEngine:Starting browser : Android
2016-12-12 13:13:07-main--INFO -com.ctaf.accelerators.TestEngine:Current Test : TC_02_oneWayDomesticBusinessCC
2016-12-12 13:13:43-main--INFO -com.ctaf.accelerators.TestEngine:Starting browser : Android
2016-12-12 13:14:02-main--INFO -com.ctaf.accelerators.TestEngine:Current Test : TC_02_oneWayDomesticBusinessCC
2016-12-12 13:17:11-main--INFO -com.ctaf.accelerators.TestEngine:Starting browser : Android
2016-12-12 13:17:29-main--INFO -com.ctaf.accelerators.TestEngine:Current Test : TC_02_oneWayDomesticBusinessCC
2016-12-12 13:22:35-main--INFO -com.ctaf.accelerators.TestEngine:Starting browser : Android
2016-12-12 13:23:02-main--INFO -com.ctaf.accelerators.TestEngine:Current Test : TC_02_oneWayDomesticBusinessCC
2016-12-12 14:49:11-main--INFO -com.ctaf.accelerators.TestEngine:Starting browser : Android
2016-12-12 14:49:30-main--INFO -com.ctaf.accelerators.TestEngine:Current Test : TC_02_oneWayDomesticBusinessCC
2016-12-12 14:51:10-main--INFO -com.ctaf.accelerators.TestEngine:Starting browser : Android
2016-12-12 14:51:28-main--INFO -com.ctaf.accelerators.TestEngine:Current Test : TC_02_oneWayDomesticBusinessCC
2016-12-12 14:59:17-main--INFO -com.ctaf.accelerators.TestEngine:Starting browser : Android
2016-12-12 14:59:34-main--INFO -com.ctaf.accelerators.TestEngine:Starting browser : Android
2016-12-12 14:59:50-main--INFO -com.ctaf.accelerators.TestEngine:Current Test : TC_01_oneWayDomesticEcoSADAD
2016-12-12 15:06:32-main--INFO -com.ctaf.accelerators.TestEngine:Starting browser : Android
2016-12-12 15:08:07-main--INFO -com.ctaf.accelerators.TestEngine:Android
2016-12-12 15:08:24-main--INFO -com.ctaf.accelerators.TestEngine:Android
2016-12-12 15:08:41-main--INFO -com.ctaf.accelerators.TestEngine:Current Test : TC_01_oneWayDomesticEcoSADAD
2016-12-12 15:13:25-main--INFO -com.ctaf.accelerators.TestEngine: Able to get TscreenShot
2016-12-12 15:15:02-main--INFO -com.ctaf.accelerators.TestEngine:Android
2016-12-12 15:15:18-main--INFO -com.ctaf.accelerators.TestEngine:Current Test : TC_01_oneWayDomesticEcoSADAD
2016-12-12 15:20:02-main--INFO -com.ctaf.accelerators.TestEngine: Able to get TscreenShot
2016-12-12 15:31:18-main--INFO -com.ctaf.accelerators.TestEngine:Starting browser : Android
2016-12-12 15:31:35-main--INFO -com.ctaf.accelerators.TestEngine:Current Test : TC_01_oneWayDomesticEcoSADAD
2016-12-12 15:32:13-main--INFO -com.ctaf.accelerators.TestEngine:Starting browser : Android
2016-12-12 15:32:31-main--INFO -com.ctaf.accelerators.TestEngine:Current Test : TC_01_oneWayDomesticEcoSADAD
2016-12-12 15:36:37-main--INFO -com.ctaf.accelerators.TestEngine:Starting browser : Android
2016-12-12 15:36:55-main--INFO -com.ctaf.accelerators.TestEngine:Current Test : TC_01_oneWayDomesticEcoSADAD
2016-12-12 15:39:35-main--INFO -com.ctaf.accelerators.TestEngine:Starting browser : Android
2016-12-12 15:39:52-main--INFO -com.ctaf.accelerators.TestEngine:Current Test : TC_01_oneWayDomesticEcoSADAD
2016-12-12 15:50:23-main--INFO -com.ctaf.accelerators.TestEngine:Starting browser : Android
2016-12-12 15:50:41-main--INFO -com.ctaf.accelerators.TestEngine:Current Test : TC_01_oneWayDomesticEcoSADAD
2016-12-12 15:54:46-main--INFO -com.ctaf.accelerators.TestEngine:Starting browser : Android
2016-12-12 15:55:04-main--INFO -com.ctaf.accelerators.TestEngine:Current Test : TC_01_oneWayDomesticEcoSADAD
2016-12-12 15:55:37-main--INFO -com.ctaf.accelerators.TestEngine:Starting browser : Android
2016-12-12 15:55:55-main--INFO -com.ctaf.accelerators.TestEngine:Current Test : TC_01_oneWayDomesticEcoSADAD
2016-12-12 15:59:33-main--INFO -com.ctaf.accelerators.TestEngine: Able to get TscreenShot
2016-12-12 16:37:58-main--INFO -com.ctaf.accelerators.TestEngine:Starting browser : Android
2016-12-12 16:38:23-main--INFO -com.ctaf.accelerators.TestEngine:Current Test : TC_02_oneWayDomesticBusinessCC
2016-12-12 16:39:02-main--INFO -com.ctaf.accelerators.TestEngine:Starting browser : Android
2016-12-12 16:39:41-main--INFO -com.ctaf.accelerators.TestEngine:Starting browser : Android
2016-12-12 16:39:58-main--INFO -com.ctaf.accelerators.TestEngine:Current Test : TC_02_oneWayDomesticBusinessCC
2016-12-12 16:43:24-main--INFO -com.ctaf.accelerators.TestEngine:Starting browser : Android
2016-12-12 16:43:41-main--INFO -com.ctaf.accelerators.TestEngine:Current Test : TC_02_oneWayDomesticBusinessCC
2016-12-12 16:50:56-main--INFO -com.ctaf.accelerators.TestEngine:Starting browser : Android
2016-12-12 16:51:13-main--INFO -com.ctaf.accelerators.TestEngine:Current Test : TC_02_oneWayDomesticBusinessCC
2016-12-12 17:14:36-main--INFO -com.ctaf.accelerators.TestEngine:Starting browser : Android
2016-12-12 17:18:39-main--INFO -com.ctaf.accelerators.TestEngine:Starting browser : Android
2016-12-12 17:18:57-main--INFO -com.ctaf.accelerators.TestEngine:Current Test : TC_02_oneWayDomesticBusinessCC
2016-12-12 17:25:09-main--INFO -com.ctaf.accelerators.TestEngine: Able to get TscreenShot
2016-12-12 17:39:53-main--INFO -com.ctaf.accelerators.TestEngine:Starting browser : Android
2016-12-12 17:40:05-main--INFO -com.ctaf.accelerators.TestEngine:Starting browser : Android
2016-12-12 17:40:22-main--INFO -com.ctaf.accelerators.TestEngine:Current Test : TC_02_oneWayDomesticBusinessCC
2016-12-12 17:46:43-main--INFO -com.ctaf.accelerators.TestEngine: Able to get TscreenShot
