2018-03-12 16:56:15-main--INFO -com.ctaf.accelerators.TestEngine:Starting browser : iphone
2018-03-12 17:03:22-main--INFO -com.ctaf.accelerators.TestEngine:Starting browser : iphone
2018-03-12 17:04:23-main--INFO -com.ctaf.accelerators.TestEngine:Current Test : TC_04_oneWayDomesticoneAdultCheckin
2018-03-12 17:08:33-main--INFO -com.ctaf.accelerators.TestEngine:Starting browser : iphone
2018-03-12 17:08:46-main--INFO -com.ctaf.accelerators.TestEngine:Current Test : TC_04_oneWayDomesticoneAdultCheckin
2018-03-12 17:12:16-main--INFO -com.ctaf.accelerators.TestEngine:Typing is not performed on Reference Number
2018-03-12 17:12:19-main--INFO -com.ctaf.accelerators.TestEngine: Able to get TscreenShot
2018-03-12 17:16:15-main--INFO -com.ctaf.accelerators.TestEngine:Starting browser : iphone
2018-03-12 17:26:25-main--INFO -com.ctaf.accelerators.TestEngine:Starting browser : iphone
2018-03-12 17:32:23-main--INFO -com.ctaf.accelerators.TestEngine:Starting browser : iphone
2018-03-12 17:34:43-main--INFO -com.ctaf.accelerators.TestEngine:Starting browser : iphone
2018-03-12 17:35:41-main--INFO -com.ctaf.accelerators.TestEngine:Current Test : TC_04_oneWayDomesticoneAdultCheckin
2018-03-12 17:54:37-main--INFO -com.ctaf.accelerators.TestEngine:Starting browser : iphone
2018-03-12 17:54:52-main--INFO -com.ctaf.accelerators.TestEngine:Current Test : TC_04_oneWayDomesticoneAdultCheckin
2018-03-12 17:55:21-main--INFO -com.ctaf.accelerators.TestEngine:Able to click on By.xpath: //XCUIElementTypeStaticText[@name='Booking Reference (PNR)']/../XCUIElementTypeButton
2018-03-12 17:55:58-main--INFO -com.ctaf.accelerators.TestEngine:Typing is performed on Reference Number
2018-03-12 17:57:48-main--INFO -com.ctaf.accelerators.TestEngine:Starting browser : iphone
2018-03-12 17:58:01-main--INFO -com.ctaf.accelerators.TestEngine:Current Test : TC_04_oneWayDomesticoneAdultCheckin
2018-03-12 17:58:30-main--INFO -com.ctaf.accelerators.TestEngine:Able to click on By.xpath: //XCUIElementTypeStaticText[@name='Booking Reference (PNR)']/../XCUIElementTypeButton
2018-03-12 17:59:00-main--INFO -com.ctaf.accelerators.TestEngine:Typing is performed on Reference Number
2018-03-12 17:59:28-main--INFO -com.ctaf.accelerators.TestEngine:Able to click on By.xpath: //XCUIElementTypeStaticText[@name='Last Name']/../XCUIElementTypeButton
2018-03-12 18:00:01-main--INFO -com.ctaf.accelerators.TestEngine:Typing is performed on Lastname
2018-03-12 18:00:22-main--INFO -com.ctaf.accelerators.TestEngine:Able to click on By.xpath: //XCUIElementTypeButton[@name='Check-in']
2018-03-12 18:17:37-main--INFO -com.ctaf.accelerators.TestEngine:Starting browser : iphone
2018-03-12 18:17:51-main--INFO -com.ctaf.accelerators.TestEngine:Current Test : TC0_2g_oneWayDomesticEcoSADAD
2018-03-12 18:18:01-main--INFO -com.ctaf.accelerators.TestEngine:Able to click on Login
2018-03-12 18:18:13-main--INFO -com.ctaf.accelerators.TestEngine:Typing is performed on EmailAddress
2018-03-12 18:18:29-main--INFO -com.ctaf.accelerators.TestEngine:Typing is performed on Password
2018-03-12 18:18:30-main--INFO -com.ctaf.accelerators.TestEngine:Able to click on Login
2018-03-12 18:19:10-main--INFO -com.ctaf.accelerators.TestEngine:Able to click on One-way
2018-03-12 18:19:25-main--INFO -com.ctaf.accelerators.TestEngine:Able to click on By.xpath: //XCUIElementTypeStaticText[@name='Origin']/../XCUIElementTypeButton
2018-03-12 18:19:31-main--INFO -com.ctaf.accelerators.TestEngine:Able to click on Search
2018-03-12 18:19:36-main--INFO -com.ctaf.accelerators.TestEngine:Typing is performed on Origin
2018-03-12 18:19:37-main--INFO -com.ctaf.accelerators.TestEngine:Able to click on RUH
2018-03-12 18:19:42-main--INFO -com.ctaf.accelerators.TestEngine:Typing is performed on Destination
2018-03-12 18:19:43-main--INFO -com.ctaf.accelerators.TestEngine:Able to click on JED
2018-03-12 18:19:48-main--INFO -com.ctaf.accelerators.TestEngine:Able to click on Find Flights
2018-03-12 18:20:37-main--INFO -com.ctaf.accelerators.TestEngine:Able to click on Continue to Select Extras
2018-03-12 18:21:12-main--INFO -com.ctaf.accelerators.TestEngine:Able to click on Continue to Select Seat
2018-03-12 18:21:46-main--INFO -com.ctaf.accelerators.TestEngine:Able to click on Continue to Payment
2018-03-12 18:22:14-main--INFO -com.ctaf.accelerators.TestEngine:Able to click on By.xpath: //*[@label='Other payment options']/preceding-sibling::XCUIElementTypeButton
2018-03-12 18:23:21-main--INFO -com.ctaf.accelerators.TestEngine:Able to click on By.xpath: //*[@label='Card number']/../XCUIElementTypeButton
2018-03-12 18:24:24-main--INFO -com.ctaf.accelerators.TestEngine:Typing is performed on Card Number
2018-03-12 18:24:49-main--INFO -com.ctaf.accelerators.TestEngine:Able to click on By.xpath: //*[@label='Card holder name']/../XCUIElementTypeButton
2018-03-12 18:25:33-main--INFO -com.ctaf.accelerators.TestEngine:Typing is performed on Card Holder Name
2018-03-12 18:26:46-main--INFO -com.ctaf.accelerators.TestEngine:Typing is not performed on Expiry Date
2018-03-12 18:26:48-main--INFO -com.ctaf.accelerators.TestEngine: Able to get TscreenShot
2018-03-12 18:33:52-main--INFO -com.ctaf.accelerators.TestEngine:Starting browser : iphone
2018-03-12 18:34:06-main--INFO -com.ctaf.accelerators.TestEngine:Current Test : TC0_2g_oneWayDomesticEcoSADAD
2018-03-12 18:34:17-main--INFO -com.ctaf.accelerators.TestEngine:Able to click on Login
2018-03-12 18:34:29-main--INFO -com.ctaf.accelerators.TestEngine:Typing is performed on EmailAddress
2018-03-12 18:34:45-main--INFO -com.ctaf.accelerators.TestEngine:Typing is performed on Password
2018-03-12 18:34:46-main--INFO -com.ctaf.accelerators.TestEngine:Able to click on Login
2018-03-12 18:35:13-main--INFO -com.ctaf.accelerators.TestEngine:Able to click on One-way
2018-03-12 18:35:29-main--INFO -com.ctaf.accelerators.TestEngine:Able to click on By.xpath: //XCUIElementTypeStaticText[@name='Origin']/../XCUIElementTypeButton
2018-03-12 18:35:34-main--INFO -com.ctaf.accelerators.TestEngine:Able to click on Search
2018-03-12 18:35:38-main--INFO -com.ctaf.accelerators.TestEngine:Typing is performed on Origin
2018-03-12 18:35:39-main--INFO -com.ctaf.accelerators.TestEngine:Able to click on RUH
2018-03-12 18:35:42-main--INFO -com.ctaf.accelerators.TestEngine:Typing is performed on Destination
2018-03-12 18:35:44-main--INFO -com.ctaf.accelerators.TestEngine:Able to click on JED
2018-03-12 18:35:48-main--INFO -com.ctaf.accelerators.TestEngine:Able to click on Find Flights
2018-03-12 18:36:35-main--INFO -com.ctaf.accelerators.TestEngine:Able to click on Continue to Select Extras
2018-03-12 18:37:12-main--INFO -com.ctaf.accelerators.TestEngine:Able to click on Continue to Select Seat
2018-03-12 18:37:45-main--INFO -com.ctaf.accelerators.TestEngine:Able to click on Continue to Payment
2018-03-12 18:38:15-main--INFO -com.ctaf.accelerators.TestEngine:Able to click on By.xpath: //*[@label='Other payment options']/preceding-sibling::XCUIElementTypeButton
2018-03-12 18:41:39-main--INFO -com.ctaf.accelerators.TestEngine:Able to click on By.xpath: //*[@label='Card number']/../XCUIElementTypeButton
2018-03-12 18:42:15-main--INFO -com.ctaf.accelerators.TestEngine:Typing is performed on Card Number
2018-03-12 18:42:41-main--INFO -com.ctaf.accelerators.TestEngine:Able to click on By.xpath: //*[@label='Card holder name']/../XCUIElementTypeButton
2018-03-12 18:43:15-main--INFO -com.ctaf.accelerators.TestEngine:Typing is performed on Card Holder Name
2018-03-12 18:44:52-main--INFO -com.ctaf.accelerators.TestEngine:Unable to click on By.xpath: //*[@label='Expiry Date']/../XCUIElementTypeButton
2018-03-12 18:44:53-main--INFO -com.ctaf.accelerators.TestEngine: Able to get TscreenShot
2018-03-12 18:50:45-main--INFO -com.ctaf.accelerators.TestEngine:Starting browser : iphone
2018-03-12 18:51:01-main--INFO -com.ctaf.accelerators.TestEngine:Current Test : TC0_2g_oneWayDomesticEcoSADAD
2018-03-12 18:51:31-main--INFO -com.ctaf.accelerators.TestEngine:Able to click on btn menu
2018-03-12 18:52:05-main--INFO -com.ctaf.accelerators.TestEngine:Able to click on Logout
2018-03-12 18:52:29-main--INFO -com.ctaf.accelerators.TestEngine:Able to click on Login
2018-03-12 18:52:41-main--INFO -com.ctaf.accelerators.TestEngine:Typing is performed on EmailAddress
2018-03-12 18:52:56-main--INFO -com.ctaf.accelerators.TestEngine:Typing is performed on Password
2018-03-12 18:52:57-main--INFO -com.ctaf.accelerators.TestEngine:Able to click on Login
2018-03-12 18:53:24-main--INFO -com.ctaf.accelerators.TestEngine:Able to click on One-way
2018-03-12 18:53:40-main--INFO -com.ctaf.accelerators.TestEngine:Able to click on By.xpath: //XCUIElementTypeStaticText[@name='Origin']/../XCUIElementTypeButton
2018-03-12 18:53:46-main--INFO -com.ctaf.accelerators.TestEngine:Able to click on Search
2018-03-12 18:53:49-main--INFO -com.ctaf.accelerators.TestEngine:Typing is performed on Origin
2018-03-12 18:53:50-main--INFO -com.ctaf.accelerators.TestEngine:Able to click on RUH
2018-03-12 18:53:54-main--INFO -com.ctaf.accelerators.TestEngine:Typing is performed on Destination
2018-03-12 18:53:55-main--INFO -com.ctaf.accelerators.TestEngine:Able to click on JED
2018-03-12 18:53:59-main--INFO -com.ctaf.accelerators.TestEngine:Able to click on Find Flights
2018-03-12 18:54:47-main--INFO -com.ctaf.accelerators.TestEngine:Able to click on Continue to Select Extras
2018-03-12 18:55:23-main--INFO -com.ctaf.accelerators.TestEngine:Able to click on Continue to Select Seat
2018-03-12 18:55:57-main--INFO -com.ctaf.accelerators.TestEngine:Able to click on Continue to Payment
2018-03-12 18:56:26-main--INFO -com.ctaf.accelerators.TestEngine:Able to click on By.xpath: //*[@label='Other payment options']/preceding-sibling::XCUIElementTypeButton
2018-03-12 18:57:21-main--INFO -com.ctaf.accelerators.TestEngine:Able to click on By.xpath: //*[@label='Card number']/../XCUIElementTypeButton
2018-03-12 18:57:53-main--INFO -com.ctaf.accelerators.TestEngine:Typing is performed on Card Number
2018-03-12 18:58:15-main--INFO -com.ctaf.accelerators.TestEngine:Able to click on By.xpath: //*[@label='Card holder name']/../XCUIElementTypeButton
2018-03-12 18:58:48-main--INFO -com.ctaf.accelerators.TestEngine:Typing is performed on Card Holder Name
2018-03-12 18:59:18-main--INFO -com.ctaf.accelerators.TestEngine:Able to click on By.xpath: //*[@label='Expiry Date (MM/YY)']/../XCUIElementTypeButton
2018-03-12 19:02:22-main--INFO -com.ctaf.accelerators.TestEngine:Typing is performed on Expiry Date
2018-03-12 19:02:53-main--INFO -com.ctaf.accelerators.TestEngine:Able to click on By.xpath: //*[@label='CW2/CVV Number']/../XCUIElementTypeButton
2018-03-12 19:03:32-main--INFO -com.ctaf.accelerators.TestEngine:Typing is performed on cvv
2018-03-12 19:03:46-main--INFO -com.ctaf.accelerators.TestEngine:Able to click on Purchase
2018-03-12 19:18:51-main--INFO -com.ctaf.accelerators.TestEngine:Starting browser : iphone
2018-03-12 19:19:06-main--INFO -com.ctaf.accelerators.TestEngine:Current Test : TC0_2g_oneWayDomesticEcoSADAD
2018-03-12 19:19:40-main--INFO -com.ctaf.accelerators.TestEngine:Able to click on btn menu
2018-03-12 19:20:13-main--INFO -com.ctaf.accelerators.TestEngine:Able to click on Logout
2018-03-12 19:20:36-main--INFO -com.ctaf.accelerators.TestEngine:Able to click on Login
2018-03-12 19:20:48-main--INFO -com.ctaf.accelerators.TestEngine:Typing is performed on EmailAddress
2018-03-12 19:21:03-main--INFO -com.ctaf.accelerators.TestEngine:Typing is performed on Password
2018-03-12 19:21:04-main--INFO -com.ctaf.accelerators.TestEngine:Able to click on Login
2018-03-12 19:21:28-main--INFO -com.ctaf.accelerators.TestEngine:Able to click on One-way
2018-03-12 19:21:45-main--INFO -com.ctaf.accelerators.TestEngine:Able to click on By.xpath: //XCUIElementTypeStaticText[@name='Origin']/../XCUIElementTypeButton
2018-03-12 19:21:50-main--INFO -com.ctaf.accelerators.TestEngine:Able to click on Search
2018-03-12 19:21:54-main--INFO -com.ctaf.accelerators.TestEngine:Typing is performed on Origin
2018-03-12 19:21:55-main--INFO -com.ctaf.accelerators.TestEngine:Able to click on RUH
2018-03-12 19:21:59-main--INFO -com.ctaf.accelerators.TestEngine:Typing is performed on Destination
2018-03-12 19:22:00-main--INFO -com.ctaf.accelerators.TestEngine:Able to click on JED
2018-03-12 19:22:04-main--INFO -com.ctaf.accelerators.TestEngine:Able to click on Find Flights
2018-03-12 19:22:52-main--INFO -com.ctaf.accelerators.TestEngine:Able to click on Continue to Select Extras
2018-03-12 19:23:29-main--INFO -com.ctaf.accelerators.TestEngine:Able to click on Continue to Select Seat
2018-03-12 19:23:47-main--INFO -com.ctaf.accelerators.TestEngine:Able to click on Continue to Payment
2018-03-12 19:24:17-main--INFO -com.ctaf.accelerators.TestEngine:Able to click on By.xpath: //*[@label='Other payment options']/preceding-sibling::XCUIElementTypeButton
2018-03-12 19:25:13-main--INFO -com.ctaf.accelerators.TestEngine:Able to click on By.xpath: //*[@label='Card number']/../XCUIElementTypeButton
2018-03-12 19:25:44-main--INFO -com.ctaf.accelerators.TestEngine:Typing is performed on Card Number
2018-03-12 19:26:06-main--INFO -com.ctaf.accelerators.TestEngine:Able to click on By.xpath: //*[@label='Card holder name']/../XCUIElementTypeButton
2018-03-12 19:26:39-main--INFO -com.ctaf.accelerators.TestEngine:Typing is performed on Card Holder Name
2018-03-12 19:27:00-main--INFO -com.ctaf.accelerators.TestEngine:Able to click on By.xpath: //*[@label='Expiry Date (MM/YY)']/../XCUIElementTypeButton
2018-03-12 19:27:32-main--INFO -com.ctaf.accelerators.TestEngine:Typing is performed on Expiry Date
2018-03-12 19:27:54-main--INFO -com.ctaf.accelerators.TestEngine:Able to click on By.xpath: //*[@label='CW2/CVV Number']/../XCUIElementTypeButton
2018-03-12 19:28:26-main--INFO -com.ctaf.accelerators.TestEngine:Typing is performed on cvv
2018-03-12 19:28:29-main--INFO -com.ctaf.accelerators.TestEngine:Able to click on Purchase
2018-03-12 19:29:04-main--INFO -com.ctaf.accelerators.TestEngine:Able to click on Submit
2018-03-12 19:32:45-main--INFO -com.ctaf.accelerators.TestEngine:Starting browser : iphone
2018-03-12 19:33:00-main--INFO -com.ctaf.accelerators.TestEngine:Current Test : TC0_2g_oneWayDomesticEcoSADAD
2018-03-12 19:33:29-main--INFO -com.ctaf.accelerators.TestEngine:Able to click on btn menu
2018-03-12 19:34:02-main--INFO -com.ctaf.accelerators.TestEngine:Able to click on Logout
2018-03-12 19:34:26-main--INFO -com.ctaf.accelerators.TestEngine:Able to click on Login
2018-03-12 19:34:37-main--INFO -com.ctaf.accelerators.TestEngine:Typing is performed on EmailAddress
2018-03-12 19:34:53-main--INFO -com.ctaf.accelerators.TestEngine:Typing is performed on Password
2018-03-12 19:34:54-main--INFO -com.ctaf.accelerators.TestEngine:Able to click on Login
2018-03-12 19:35:11-main--INFO -com.ctaf.accelerators.TestEngine:Able to click on One-way
2018-03-12 19:35:28-main--INFO -com.ctaf.accelerators.TestEngine:Able to click on By.xpath: //XCUIElementTypeStaticText[@name='Origin']/../XCUIElementTypeButton
2018-03-12 19:35:33-main--INFO -com.ctaf.accelerators.TestEngine:Able to click on Search
2018-03-12 19:35:36-main--INFO -com.ctaf.accelerators.TestEngine:Typing is performed on Origin
2018-03-12 19:35:38-main--INFO -com.ctaf.accelerators.TestEngine:Able to click on RUH
2018-03-12 19:35:41-main--INFO -com.ctaf.accelerators.TestEngine:Typing is performed on Destination
2018-03-12 19:35:42-main--INFO -com.ctaf.accelerators.TestEngine:Able to click on JED
2018-03-12 19:35:47-main--INFO -com.ctaf.accelerators.TestEngine:Able to click on Find Flights
2018-03-12 19:36:34-main--INFO -com.ctaf.accelerators.TestEngine:Able to click on Continue to Select Extras
2018-03-12 19:37:10-main--INFO -com.ctaf.accelerators.TestEngine:Able to click on Continue to Select Seat
2018-03-12 19:37:24-main--INFO -com.ctaf.accelerators.TestEngine:Able to click on Continue to Payment
2018-03-12 19:37:53-main--INFO -com.ctaf.accelerators.TestEngine:Able to click on By.xpath: //*[@label='Other payment options']/preceding-sibling::XCUIElementTypeButton
2018-03-12 19:38:48-main--INFO -com.ctaf.accelerators.TestEngine:Able to click on By.xpath: //*[@label='Card number']/../XCUIElementTypeButton
2018-03-12 19:39:20-main--INFO -com.ctaf.accelerators.TestEngine:Typing is performed on Card Number
2018-03-12 19:39:42-main--INFO -com.ctaf.accelerators.TestEngine:Able to click on By.xpath: //*[@label='Card holder name']/../XCUIElementTypeButton
2018-03-12 19:40:15-main--INFO -com.ctaf.accelerators.TestEngine:Typing is performed on Card Holder Name
2018-03-12 19:40:35-main--INFO -com.ctaf.accelerators.TestEngine:Able to click on By.xpath: //*[@label='Expiry Date (MM/YY)']/../XCUIElementTypeButton
2018-03-12 19:41:06-main--INFO -com.ctaf.accelerators.TestEngine:Typing is performed on Expiry Date
2018-03-12 19:41:28-main--INFO -com.ctaf.accelerators.TestEngine:Able to click on By.xpath: //*[@label='CW2/CVV Number']/../XCUIElementTypeButton
2018-03-12 19:41:59-main--INFO -com.ctaf.accelerators.TestEngine:Typing is performed on cvv
2018-03-12 19:42:03-main--INFO -com.ctaf.accelerators.TestEngine:Able to click on Purchase
2018-03-12 19:42:14-main--INFO -com.ctaf.accelerators.TestEngine:Able to click on Submit
