2017-03-07 12:22:24-main--INFO -com.ctaf.accelerators.TestEngine:Starting browser : iphone
2017-03-07 12:23:54-main--INFO -com.ctaf.accelerators.TestEngine:Current Test : TC_01_oneWayDomesticEconomy_RUH_JED
2017-03-07 12:34:23-main--INFO -com.ctaf.accelerators.TestEngine:Starting browser : iphone
2017-03-07 12:35:24-main--INFO -com.ctaf.accelerators.TestEngine:Current Test : TC_01_oneWayDomesticEconomy_RUH_JED
2017-03-07 12:45:01-main--INFO -com.ctaf.accelerators.TestEngine:Starting browser : iphone
2017-03-07 12:45:58-main--INFO -com.ctaf.accelerators.TestEngine:Current Test : TC_01_oneWayDomesticEconomy_RUH_JED
2017-03-07 12:46:02-main--INFO -com.ctaf.accelerators.TestEngine:Able to click on By.xpath: //XCUIElementTypeOther/*[@label='btn menu']
2017-03-07 12:46:07-main--INFO -com.ctaf.accelerators.TestEngine:Able to click on By.xpath: //XCUIElementTypeCell[1]/*[@label='Login']
2017-03-07 12:46:19-main--INFO -com.ctaf.accelerators.TestEngine:Typing is performed on EmailAddress
2017-03-07 12:46:31-main--INFO -com.ctaf.accelerators.TestEngine:Typing is performed on Password
2017-03-07 12:46:41-main--INFO -com.ctaf.accelerators.TestEngine:Able to click on By.xpath: //*[@label='Login']
2017-03-07 12:46:47-main--INFO -com.ctaf.accelerators.TestEngine:Able to click on By.xpath: //*[@label='Book flights']
2017-03-07 12:46:53-main--INFO -com.ctaf.accelerators.TestEngine:Able to click on By.xpath: //*[@label='One-way']
2017-03-07 12:47:00-main--INFO -com.ctaf.accelerators.TestEngine:Able to click on By.xpath: //XCUIElementTypeOther[3]/XCUIElementTypeOther[1]/XCUIElementTypeButton
2017-03-07 12:47:07-main--INFO -com.ctaf.accelerators.TestEngine:Able to click on Search
2017-03-07 12:47:15-main--INFO -com.ctaf.accelerators.TestEngine:Typing is performed on Origin
2017-03-07 12:47:18-main--INFO -com.ctaf.accelerators.TestEngine:Able to click on RUH
2017-03-07 12:47:29-main--INFO -com.ctaf.accelerators.TestEngine:Typing is performed on Destination
2017-03-07 12:47:33-main--INFO -com.ctaf.accelerators.TestEngine:Able to click on JED
2017-03-07 12:49:37-main--INFO -com.ctaf.accelerators.TestEngine:Unable to click on By.xpath: //*[@label='Find Flights']
2017-03-07 12:49:38-main--INFO -com.ctaf.accelerators.TestEngine: Able to get TscreenShot
2017-03-07 12:50:45-main--INFO -com.ctaf.accelerators.TestEngine:Starting browser : iphone
2017-03-07 12:51:40-main--INFO -com.ctaf.accelerators.TestEngine:Current Test : TC_01_oneWayDomesticEconomy_RUH_JED
2017-03-07 12:51:45-main--INFO -com.ctaf.accelerators.TestEngine:Able to click on By.xpath: //XCUIElementTypeOther/*[@label='btn menu']
2017-03-07 12:51:55-main--INFO -com.ctaf.accelerators.TestEngine:Unable to click on By.xpath: //XCUIElementTypeCell[1]/*[@label='Login']
2017-03-07 12:51:56-main--INFO -com.ctaf.accelerators.TestEngine: Able to get TscreenShot
2017-03-07 12:52:24-main--INFO -com.ctaf.accelerators.TestEngine:Starting browser : iphone
2017-03-07 12:53:19-main--INFO -com.ctaf.accelerators.TestEngine:Current Test : TC_01_oneWayDomesticEconomy_RUH_JED
2017-03-07 12:53:24-main--INFO -com.ctaf.accelerators.TestEngine:Able to click on By.xpath: //XCUIElementTypeOther/*[@label='btn menu']
2017-03-07 12:53:29-main--INFO -com.ctaf.accelerators.TestEngine:Able to click on By.xpath: //XCUIElementTypeCell[1]/*[@label='Login']
2017-03-07 12:53:41-main--INFO -com.ctaf.accelerators.TestEngine:Typing is performed on EmailAddress
2017-03-07 12:53:53-main--INFO -com.ctaf.accelerators.TestEngine:Typing is performed on Password
2017-03-07 12:54:03-main--INFO -com.ctaf.accelerators.TestEngine:Able to click on By.xpath: //*[@label='Login']
2017-03-07 12:54:09-main--INFO -com.ctaf.accelerators.TestEngine:Able to click on By.xpath: //*[@label='Book flights']
2017-03-07 12:54:15-main--INFO -com.ctaf.accelerators.TestEngine:Able to click on By.xpath: //*[@label='One-way']
2017-03-07 12:54:21-main--INFO -com.ctaf.accelerators.TestEngine:Able to click on By.xpath: //XCUIElementTypeOther[3]/XCUIElementTypeOther[1]/XCUIElementTypeButton
2017-03-07 12:54:29-main--INFO -com.ctaf.accelerators.TestEngine:Able to click on Search
2017-03-07 12:54:37-main--INFO -com.ctaf.accelerators.TestEngine:Typing is performed on Origin
2017-03-07 12:54:40-main--INFO -com.ctaf.accelerators.TestEngine:Able to click on RUH
2017-03-07 12:56:26-main--INFO -com.ctaf.accelerators.TestEngine:Typing is performed on Destination
2017-03-07 12:56:28-main--INFO -com.ctaf.accelerators.TestEngine:Able to click on JED
2017-03-07 12:59:34-main--INFO -com.ctaf.accelerators.TestEngine:Starting browser : iphone
2017-03-07 13:00:30-main--INFO -com.ctaf.accelerators.TestEngine:Current Test : TC_01_oneWayDomesticEconomy_RUH_JED
2017-03-07 13:00:35-main--INFO -com.ctaf.accelerators.TestEngine:Able to click on By.xpath: //XCUIElementTypeOther/*[@label='btn menu']
2017-03-07 13:00:40-main--INFO -com.ctaf.accelerators.TestEngine:Able to click on By.xpath: //XCUIElementTypeCell[1]/*[@label='Login']
2017-03-07 13:00:52-main--INFO -com.ctaf.accelerators.TestEngine:Typing is performed on EmailAddress
2017-03-07 13:01:04-main--INFO -com.ctaf.accelerators.TestEngine:Typing is performed on Password
2017-03-07 13:01:14-main--INFO -com.ctaf.accelerators.TestEngine:Able to click on By.xpath: //*[@label='Login']
2017-03-07 13:01:19-main--INFO -com.ctaf.accelerators.TestEngine:Able to click on By.xpath: //*[@label='Book flights']
2017-03-07 13:01:26-main--INFO -com.ctaf.accelerators.TestEngine:Able to click on By.xpath: //*[@label='One-way']
2017-03-07 13:01:32-main--INFO -com.ctaf.accelerators.TestEngine:Able to click on By.xpath: //XCUIElementTypeOther[3]/XCUIElementTypeOther[1]/XCUIElementTypeButton
2017-03-07 13:01:40-main--INFO -com.ctaf.accelerators.TestEngine:Able to click on Search
2017-03-07 13:02:24-main--INFO -com.ctaf.accelerators.TestEngine:Typing is performed on Origin
2017-03-07 13:02:27-main--INFO -com.ctaf.accelerators.TestEngine:Able to click on RUH
2017-03-07 13:02:34-main--INFO -com.ctaf.accelerators.TestEngine:Typing is performed on Destination
2017-03-07 13:02:37-main--INFO -com.ctaf.accelerators.TestEngine:Able to click on JED
2017-03-07 13:03:50-main--INFO -com.ctaf.accelerators.TestEngine:Able to click on Find Flights
2017-03-07 13:08:10-main--INFO -com.ctaf.accelerators.TestEngine:Able to click on By.xpath: //XCUIElementTypeTable/XCUIElementTypeCell[1]/XCUIElementTypeButton[3]
2017-03-07 13:10:25-main--INFO -com.ctaf.accelerators.TestEngine:Able to click on By.xpath: //*[@label='Continue']
2017-03-07 13:10:40-main--INFO -com.ctaf.accelerators.TestEngine:Able to click on By.xpath: //*[@label='Continue']
2017-03-07 13:10:52-main--INFO -com.ctaf.accelerators.TestEngine:Able to click on By.xpath: //*[@label='Continue']
2017-03-07 13:11:25-main--INFO -com.ctaf.accelerators.TestEngine:Typing is performed on Card Number
2017-03-07 13:11:56-main--INFO -com.ctaf.accelerators.TestEngine:Typing is performed on Card Holder Name
2017-03-07 13:12:33-main--INFO -com.ctaf.accelerators.TestEngine:Typing is performed on Expiry Date
2017-03-07 13:13:09-main--INFO -com.ctaf.accelerators.TestEngine:Typing is performed on cvv
2017-03-07 13:13:42-main--INFO -com.ctaf.accelerators.TestEngine:Able to click on By.xpath: //*[@label='I agree to the']/preceding-sibling::XCUIElementTypeButton[2]
2017-03-07 13:13:46-main--INFO -com.ctaf.accelerators.TestEngine:Able to click on Purchase
2017-03-07 13:14:08-main--INFO -com.ctaf.accelerators.TestEngine:Typing is not performed on Password
2017-03-07 13:14:08-main--INFO -com.ctaf.accelerators.TestEngine: Able to get TscreenShot
2017-03-07 15:38:28-main--INFO -com.ctaf.accelerators.TestEngine:Starting browser : iphone
2017-03-07 15:39:40-main--INFO -com.ctaf.accelerators.TestEngine:Current Test : TC_01_oneWayDomesticEconomy_RUH_JED
2017-03-07 15:39:44-main--INFO -com.ctaf.accelerators.TestEngine:Able to click on By.xpath: //XCUIElementTypeOther/*[@label='btn menu']
2017-03-07 15:39:49-main--INFO -com.ctaf.accelerators.TestEngine:Able to click on By.xpath: //XCUIElementTypeCell[1]/*[@label='Login']
2017-03-07 15:40:02-main--INFO -com.ctaf.accelerators.TestEngine:Typing is performed on EmailAddress
2017-03-07 15:40:14-main--INFO -com.ctaf.accelerators.TestEngine:Typing is performed on Password
2017-03-07 15:40:25-main--INFO -com.ctaf.accelerators.TestEngine:Able to click on By.xpath: //*[@label='Login']
2017-03-07 15:40:31-main--INFO -com.ctaf.accelerators.TestEngine:Able to click on By.xpath: //*[@label='Book flights']
2017-03-07 15:40:37-main--INFO -com.ctaf.accelerators.TestEngine:Able to click on By.xpath: //*[@label='One-way']
2017-03-07 15:40:44-main--INFO -com.ctaf.accelerators.TestEngine:Able to click on By.xpath: //XCUIElementTypeOther[3]/XCUIElementTypeOther[1]/XCUIElementTypeButton
2017-03-07 15:40:51-main--INFO -com.ctaf.accelerators.TestEngine:Able to click on Search
2017-03-07 15:41:00-main--INFO -com.ctaf.accelerators.TestEngine:Typing is performed on Origin
2017-03-07 15:41:03-main--INFO -com.ctaf.accelerators.TestEngine:Able to click on RUH
2017-03-07 15:41:14-main--INFO -com.ctaf.accelerators.TestEngine:Typing is performed on Destination
2017-03-07 15:41:18-main--INFO -com.ctaf.accelerators.TestEngine:Able to click on JED
2017-03-07 15:43:19-main--INFO -com.ctaf.accelerators.TestEngine:Unable to click on Find Flights
2017-03-07 15:43:20-main--INFO -com.ctaf.accelerators.TestEngine: Able to get TscreenShot
2017-03-07 15:44:08-main--INFO -com.ctaf.accelerators.TestEngine:Starting browser : iphone
2017-03-07 15:45:15-main--INFO -com.ctaf.accelerators.TestEngine:Current Test : TC_01_oneWayDomesticEconomy_RUH_JED
2017-03-07 15:45:19-main--INFO -com.ctaf.accelerators.TestEngine:Able to click on By.xpath: //XCUIElementTypeOther/*[@label='btn menu']
2017-03-07 15:45:24-main--INFO -com.ctaf.accelerators.TestEngine:Able to click on By.xpath: //XCUIElementTypeCell[1]/*[@label='Login']
2017-03-07 15:45:36-main--INFO -com.ctaf.accelerators.TestEngine:Typing is performed on EmailAddress
2017-03-07 15:45:49-main--INFO -com.ctaf.accelerators.TestEngine:Typing is performed on Password
2017-03-07 15:45:59-main--INFO -com.ctaf.accelerators.TestEngine:Able to click on By.xpath: //*[@label='Login']
2017-03-07 15:46:05-main--INFO -com.ctaf.accelerators.TestEngine:Able to click on By.xpath: //*[@label='Book flights']
2017-03-07 15:46:11-main--INFO -com.ctaf.accelerators.TestEngine:Able to click on By.xpath: //*[@label='One-way']
2017-03-07 15:46:18-main--INFO -com.ctaf.accelerators.TestEngine:Able to click on By.xpath: //XCUIElementTypeOther[3]/XCUIElementTypeOther[1]/XCUIElementTypeButton
2017-03-07 15:46:26-main--INFO -com.ctaf.accelerators.TestEngine:Able to click on Search
2017-03-07 15:46:34-main--INFO -com.ctaf.accelerators.TestEngine:Typing is performed on Origin
2017-03-07 15:46:37-main--INFO -com.ctaf.accelerators.TestEngine:Able to click on RUH
2017-03-07 15:48:27-main--INFO -com.ctaf.accelerators.TestEngine:Typing is performed on Destination
2017-03-07 15:48:30-main--INFO -com.ctaf.accelerators.TestEngine:Able to click on JED
2017-03-07 15:48:33-main--INFO -com.ctaf.accelerators.TestEngine:Able to click on Find Flights
2017-03-07 15:49:36-main--INFO -com.ctaf.accelerators.TestEngine:Able to click on By.xpath: //XCUIElementTypeTable/XCUIElementTypeCell[1]/XCUIElementTypeButton[3]
2017-03-07 15:50:40-main--INFO -com.ctaf.accelerators.TestEngine:Able to click on By.xpath: //*[@label='Continue']
2017-03-07 15:50:55-main--INFO -com.ctaf.accelerators.TestEngine:Able to click on By.xpath: //*[@label='Continue']
2017-03-07 15:51:08-main--INFO -com.ctaf.accelerators.TestEngine:Able to click on By.xpath: //*[@label='Continue']
2017-03-07 15:51:42-main--INFO -com.ctaf.accelerators.TestEngine:Typing is performed on Card Number
2017-03-07 15:52:16-main--INFO -com.ctaf.accelerators.TestEngine:Typing is performed on Card Holder Name
2017-03-07 15:52:56-main--INFO -com.ctaf.accelerators.TestEngine:Typing is performed on Expiry Date
2017-03-07 15:53:32-main--INFO -com.ctaf.accelerators.TestEngine:Typing is performed on cvv
2017-03-07 15:54:06-main--INFO -com.ctaf.accelerators.TestEngine:Able to click on By.xpath: //*[@label='I agree to the']/preceding-sibling::XCUIElementTypeButton[2]
2017-03-07 15:54:10-main--INFO -com.ctaf.accelerators.TestEngine:Able to click on Purchase
2017-03-07 15:55:58-main--INFO -com.ctaf.accelerators.TestEngine:Starting browser : iphone
2017-03-07 15:58:18-main--INFO -com.ctaf.accelerators.TestEngine:Current Test : TC_01_oneWayDomesticEconomy_RUH_JED
2017-03-07 15:58:23-main--INFO -com.ctaf.accelerators.TestEngine:Able to click on By.xpath: //XCUIElementTypeOther/*[@label='btn menu']
2017-03-07 15:58:28-main--INFO -com.ctaf.accelerators.TestEngine:Able to click on By.xpath: //XCUIElementTypeCell[1]/*[@label='Login']
2017-03-07 15:58:41-main--INFO -com.ctaf.accelerators.TestEngine:Typing is performed on EmailAddress
2017-03-07 15:58:53-main--INFO -com.ctaf.accelerators.TestEngine:Typing is performed on Password
2017-03-07 15:59:04-main--INFO -com.ctaf.accelerators.TestEngine:Able to click on By.xpath: //*[@label='Login']
2017-03-07 15:59:10-main--INFO -com.ctaf.accelerators.TestEngine:Able to click on By.xpath: //*[@label='Book flights']
2017-03-07 15:59:17-main--INFO -com.ctaf.accelerators.TestEngine:Able to click on By.xpath: //*[@label='One-way']
2017-03-07 15:59:42-main--INFO -com.ctaf.accelerators.TestEngine:Able to click on By.xpath: //XCUIElementTypeOther[3]/XCUIElementTypeOther[1]/XCUIElementTypeButton
2017-03-07 15:59:50-main--INFO -com.ctaf.accelerators.TestEngine:Able to click on Search
2017-03-07 15:59:58-main--INFO -com.ctaf.accelerators.TestEngine:Typing is performed on Origin
2017-03-07 16:00:00-main--INFO -com.ctaf.accelerators.TestEngine:Able to click on RUH
2017-03-07 16:00:08-main--INFO -com.ctaf.accelerators.TestEngine:Typing is performed on Destination
2017-03-07 16:00:11-main--INFO -com.ctaf.accelerators.TestEngine:Able to click on JED
2017-03-07 16:00:15-main--INFO -com.ctaf.accelerators.TestEngine:Able to click on Find Flights
2017-03-07 16:00:44-main--INFO -com.ctaf.accelerators.TestEngine:Able to click on By.xpath: //XCUIElementTypeTable/XCUIElementTypeCell[1]/XCUIElementTypeButton[3]
2017-03-07 16:01:30-main--INFO -com.ctaf.accelerators.TestEngine:Able to click on By.xpath: //*[@label='Continue']
2017-03-07 16:01:54-main--INFO -com.ctaf.accelerators.TestEngine:Unable to click on By.xpath: //*[@label='Continue']
2017-03-07 16:01:54-main--INFO -com.ctaf.accelerators.TestEngine: Able to get TscreenShot
2017-03-07 16:03:31-main--INFO -com.ctaf.accelerators.TestEngine:Starting browser : iphone
2017-03-07 16:04:33-main--INFO -com.ctaf.accelerators.TestEngine:Current Test : TC_01_oneWayDomesticEconomy_RUH_JED
2017-03-07 16:04:38-main--INFO -com.ctaf.accelerators.TestEngine:Able to click on By.xpath: //XCUIElementTypeOther/*[@label='btn menu']
2017-03-07 16:04:52-main--INFO -com.ctaf.accelerators.TestEngine:Unable to click on By.xpath: //XCUIElementTypeCell[1]/*[@label='Login']
2017-03-07 16:04:53-main--INFO -com.ctaf.accelerators.TestEngine: Able to get TscreenShot
2017-03-07 16:05:18-main--INFO -com.ctaf.accelerators.TestEngine:Starting browser : iphone
2017-03-07 16:06:25-main--INFO -com.ctaf.accelerators.TestEngine:Current Test : TC_01_oneWayDomesticEconomy_RUH_JED
2017-03-07 16:06:30-main--INFO -com.ctaf.accelerators.TestEngine:Able to click on By.xpath: //XCUIElementTypeOther/*[@label='btn menu']
2017-03-07 16:06:35-main--INFO -com.ctaf.accelerators.TestEngine:Able to click on By.xpath: //XCUIElementTypeCell[1]/*[@label='Login']
2017-03-07 16:06:47-main--INFO -com.ctaf.accelerators.TestEngine:Typing is performed on EmailAddress
2017-03-07 16:07:02-main--INFO -com.ctaf.accelerators.TestEngine:Typing is performed on Password
2017-03-07 16:07:13-main--INFO -com.ctaf.accelerators.TestEngine:Able to click on By.xpath: //*[@label='Login']
2017-03-07 16:07:18-main--INFO -com.ctaf.accelerators.TestEngine:Able to click on By.xpath: //*[@label='Book flights']
2017-03-07 16:07:24-main--INFO -com.ctaf.accelerators.TestEngine:Able to click on By.xpath: //*[@label='One-way']
2017-03-07 16:07:31-main--INFO -com.ctaf.accelerators.TestEngine:Able to click on By.xpath: //XCUIElementTypeOther[3]/XCUIElementTypeOther[1]/XCUIElementTypeButton
2017-03-07 16:07:45-main--INFO -com.ctaf.accelerators.TestEngine:Able to click on Search
2017-03-07 16:07:53-main--INFO -com.ctaf.accelerators.TestEngine:Typing is performed on Origin
2017-03-07 16:07:56-main--INFO -com.ctaf.accelerators.TestEngine:Able to click on RUH
2017-03-07 16:08:04-main--INFO -com.ctaf.accelerators.TestEngine:Typing is performed on Destination
2017-03-07 16:08:07-main--INFO -com.ctaf.accelerators.TestEngine:Able to click on JED
2017-03-07 16:08:11-main--INFO -com.ctaf.accelerators.TestEngine:Able to click on Find Flights
2017-03-07 16:08:39-main--INFO -com.ctaf.accelerators.TestEngine:Able to click on By.xpath: //XCUIElementTypeTable/XCUIElementTypeCell[1]/XCUIElementTypeButton[3]
2017-03-07 16:09:31-main--INFO -com.ctaf.accelerators.TestEngine:Able to click on By.xpath: //*[@label='Continue']
2017-03-07 16:09:56-main--INFO -com.ctaf.accelerators.TestEngine:Unable to click on By.xpath: //*[@label='Continue']
2017-03-07 16:09:56-main--INFO -com.ctaf.accelerators.TestEngine: Able to get TscreenShot
2017-03-07 16:42:09-main--INFO -com.ctaf.accelerators.TestEngine:Starting browser : iphone
2017-03-07 16:43:07-main--INFO -com.ctaf.accelerators.TestEngine:Current Test : TC_01_oneWayDomesticEconomy_RUH_JED
2017-03-07 16:43:11-main--INFO -com.ctaf.accelerators.TestEngine:Able to click on By.xpath: //XCUIElementTypeOther/*[@label='btn menu']
2017-03-07 16:43:28-main--INFO -com.ctaf.accelerators.TestEngine:Unable to click on By.xpath: //XCUIElementTypeCell[1]/*[@label='Login']
2017-03-07 16:43:28-main--INFO -com.ctaf.accelerators.TestEngine: Able to get TscreenShot
2017-03-07 16:43:58-main--INFO -com.ctaf.accelerators.TestEngine:Starting browser : iphone
2017-03-07 16:44:52-main--INFO -com.ctaf.accelerators.TestEngine:Current Test : TC_01_oneWayDomesticEconomy_RUH_JED
2017-03-07 16:44:57-main--INFO -com.ctaf.accelerators.TestEngine:Able to click on By.xpath: //XCUIElementTypeOther/*[@label='btn menu']
2017-03-07 16:45:01-main--INFO -com.ctaf.accelerators.TestEngine:Able to click on By.xpath: //XCUIElementTypeCell[1]/*[@label='Login']
2017-03-07 16:45:14-main--INFO -com.ctaf.accelerators.TestEngine:Typing is performed on EmailAddress
2017-03-07 16:45:27-main--INFO -com.ctaf.accelerators.TestEngine:Typing is performed on Password
2017-03-07 16:45:37-main--INFO -com.ctaf.accelerators.TestEngine:Able to click on By.xpath: //*[@label='Login']
2017-03-07 16:45:44-main--INFO -com.ctaf.accelerators.TestEngine:Able to click on By.xpath: //*[@label='Book flights']
2017-03-07 16:45:50-main--INFO -com.ctaf.accelerators.TestEngine:Able to click on By.xpath: //*[@label='One-way']
2017-03-07 16:45:57-main--INFO -com.ctaf.accelerators.TestEngine:Able to click on By.xpath: //XCUIElementTypeOther[3]/XCUIElementTypeOther[1]/XCUIElementTypeButton
2017-03-07 16:46:35-main--INFO -com.ctaf.accelerators.TestEngine:Able to click on Search
2017-03-07 16:46:43-main--INFO -com.ctaf.accelerators.TestEngine:Typing is performed on Origin
2017-03-07 16:46:46-main--INFO -com.ctaf.accelerators.TestEngine:Able to click on RUH
2017-03-07 16:46:54-main--INFO -com.ctaf.accelerators.TestEngine:Typing is performed on Destination
2017-03-07 16:46:56-main--INFO -com.ctaf.accelerators.TestEngine:Able to click on JED
2017-03-07 16:47:00-main--INFO -com.ctaf.accelerators.TestEngine:Able to click on Find Flights
2017-03-07 16:47:27-main--INFO -com.ctaf.accelerators.TestEngine:Able to click on By.xpath: //XCUIElementTypeTable/XCUIElementTypeCell[1]/XCUIElementTypeButton[3]
2017-03-07 16:50:20-main--INFO -com.ctaf.accelerators.TestEngine:Able to click on By.xpath: //*[@label='Continue']
2017-03-07 16:50:37-main--INFO -com.ctaf.accelerators.TestEngine:Able to click on By.xpath: //*[@label='Continue']
2017-03-07 16:50:52-main--INFO -com.ctaf.accelerators.TestEngine:Unable to click on By.xpath: //*[@label='Continue']
2017-03-07 16:50:53-main--INFO -com.ctaf.accelerators.TestEngine: Able to get TscreenShot
2017-03-07 16:53:09-main--INFO -com.ctaf.accelerators.TestEngine:Starting browser : iphone
2017-03-07 17:32:40-main--INFO -com.ctaf.accelerators.TestEngine:Starting browser : iphone
2017-03-07 17:33:41-main--INFO -com.ctaf.accelerators.TestEngine:Current Test : TC_01_oneWayDomesticEconomy_RUH_JED
2017-03-07 17:33:45-main--INFO -com.ctaf.accelerators.TestEngine:Able to click on By.xpath: //XCUIElementTypeOther/*[@label='btn menu']
2017-03-07 17:33:50-main--INFO -com.ctaf.accelerators.TestEngine:Able to click on By.xpath: //XCUIElementTypeCell[1]/*[@label='Login']
2017-03-07 17:34:03-main--INFO -com.ctaf.accelerators.TestEngine:Typing is performed on EmailAddress
2017-03-07 17:34:16-main--INFO -com.ctaf.accelerators.TestEngine:Typing is performed on Password
2017-03-07 17:34:26-main--INFO -com.ctaf.accelerators.TestEngine:Able to click on By.xpath: //*[@label='Login']
2017-03-07 17:34:32-main--INFO -com.ctaf.accelerators.TestEngine:Able to click on By.xpath: //*[@label='Book flights']
2017-03-07 17:34:39-main--INFO -com.ctaf.accelerators.TestEngine:Able to click on By.xpath: //*[@label='One-way']
2017-03-07 17:34:45-main--INFO -com.ctaf.accelerators.TestEngine:Able to click on By.xpath: //XCUIElementTypeOther[3]/XCUIElementTypeOther[1]/XCUIElementTypeButton
2017-03-07 17:34:53-main--INFO -com.ctaf.accelerators.TestEngine:Able to click on Search
2017-03-07 17:35:02-main--INFO -com.ctaf.accelerators.TestEngine:Typing is performed on Origin
2017-03-07 17:35:06-main--INFO -com.ctaf.accelerators.TestEngine:Able to click on RUH
2017-03-07 17:35:17-main--INFO -com.ctaf.accelerators.TestEngine:Typing is performed on Destination
2017-03-07 17:37:18-main--INFO -com.ctaf.accelerators.TestEngine:Unable to click on JED
2017-03-07 17:37:18-main--INFO -com.ctaf.accelerators.TestEngine: Able to get TscreenShot
2017-03-07 17:38:00-main--INFO -com.ctaf.accelerators.TestEngine:Starting browser : iphone
2017-03-07 17:38:58-main--INFO -com.ctaf.accelerators.TestEngine:Current Test : TC_01_oneWayDomesticEconomy_RUH_JED
2017-03-07 17:39:02-main--INFO -com.ctaf.accelerators.TestEngine:Able to click on By.xpath: //XCUIElementTypeOther/*[@label='btn menu']
2017-03-07 17:39:07-main--INFO -com.ctaf.accelerators.TestEngine:Able to click on By.xpath: //XCUIElementTypeCell[1]/*[@label='Login']
2017-03-07 17:39:20-main--INFO -com.ctaf.accelerators.TestEngine:Typing is performed on EmailAddress
2017-03-07 17:39:32-main--INFO -com.ctaf.accelerators.TestEngine:Typing is performed on Password
2017-03-07 17:39:43-main--INFO -com.ctaf.accelerators.TestEngine:Able to click on By.xpath: //*[@label='Login']
2017-03-07 17:39:49-main--INFO -com.ctaf.accelerators.TestEngine:Able to click on By.xpath: //*[@label='Book flights']
2017-03-07 17:39:55-main--INFO -com.ctaf.accelerators.TestEngine:Able to click on By.xpath: //*[@label='One-way']
2017-03-07 17:40:02-main--INFO -com.ctaf.accelerators.TestEngine:Able to click on By.xpath: //XCUIElementTypeOther[3]/XCUIElementTypeOther[1]/XCUIElementTypeButton
2017-03-07 17:40:09-main--INFO -com.ctaf.accelerators.TestEngine:Able to click on Search
2017-03-07 17:40:18-main--INFO -com.ctaf.accelerators.TestEngine:Typing is performed on Origin
2017-03-07 17:40:22-main--INFO -com.ctaf.accelerators.TestEngine:Able to click on RUH
2017-03-07 17:41:44-main--INFO -com.ctaf.accelerators.TestEngine:Typing is not performed on Destination
2017-03-07 17:41:44-main--INFO -com.ctaf.accelerators.TestEngine: Able to get TscreenShot
2017-03-07 17:42:33-main--INFO -com.ctaf.accelerators.TestEngine:Starting browser : iphone
2017-03-07 17:43:31-main--INFO -com.ctaf.accelerators.TestEngine:Current Test : TC_01_oneWayDomesticEconomy_RUH_JED
2017-03-07 17:43:35-main--INFO -com.ctaf.accelerators.TestEngine:Able to click on By.xpath: //XCUIElementTypeOther/*[@label='btn menu']
2017-03-07 17:43:40-main--INFO -com.ctaf.accelerators.TestEngine:Able to click on By.xpath: //XCUIElementTypeCell[1]/*[@label='Login']
2017-03-07 17:43:53-main--INFO -com.ctaf.accelerators.TestEngine:Typing is performed on EmailAddress
2017-03-07 17:44:05-main--INFO -com.ctaf.accelerators.TestEngine:Typing is performed on Password
2017-03-07 17:44:16-main--INFO -com.ctaf.accelerators.TestEngine:Able to click on By.xpath: //*[@label='Login']
2017-03-07 17:44:22-main--INFO -com.ctaf.accelerators.TestEngine:Able to click on By.xpath: //*[@label='Book flights']
2017-03-07 17:44:28-main--INFO -com.ctaf.accelerators.TestEngine:Able to click on By.xpath: //*[@label='One-way']
2017-03-07 17:44:35-main--INFO -com.ctaf.accelerators.TestEngine:Able to click on By.xpath: //XCUIElementTypeOther[3]/XCUIElementTypeOther[1]/XCUIElementTypeButton
2017-03-07 17:44:42-main--INFO -com.ctaf.accelerators.TestEngine:Able to click on Search
2017-03-07 17:45:05-main--INFO -com.ctaf.accelerators.TestEngine:Typing is not performed on Origin
2017-03-07 17:46:18-main--INFO -com.ctaf.accelerators.TestEngine:Starting browser : iphone
2017-03-07 17:47:14-main--INFO -com.ctaf.accelerators.TestEngine:Current Test : TC_01_oneWayDomesticEconomy_RUH_JED
2017-03-07 17:47:19-main--INFO -com.ctaf.accelerators.TestEngine:Able to click on By.xpath: //*[@label='Book flights']
2017-03-07 17:47:25-main--INFO -com.ctaf.accelerators.TestEngine:Able to click on By.xpath: //*[@label='One-way']
2017-03-07 17:47:31-main--INFO -com.ctaf.accelerators.TestEngine:Able to click on By.xpath: //XCUIElementTypeOther[3]/XCUIElementTypeOther[1]/XCUIElementTypeButton
2017-03-07 17:47:39-main--INFO -com.ctaf.accelerators.TestEngine:Able to click on Search
2017-03-07 17:47:48-main--INFO -com.ctaf.accelerators.TestEngine:Typing is performed on Origin
2017-03-07 17:47:50-main--INFO -com.ctaf.accelerators.TestEngine:Able to click on RUH
2017-03-07 17:47:58-main--INFO -com.ctaf.accelerators.TestEngine:Typing is performed on Destination
2017-03-07 17:48:01-main--INFO -com.ctaf.accelerators.TestEngine:Able to click on JED
2017-03-07 17:48:05-main--INFO -com.ctaf.accelerators.TestEngine:Able to click on Find Flights
2017-03-07 17:48:28-main--INFO -com.ctaf.accelerators.TestEngine:Able to click on By.xpath: //XCUIElementTypeTable/XCUIElementTypeCell[1]/XCUIElementTypeButton[3]
2017-03-07 17:49:14-main--INFO -com.ctaf.accelerators.TestEngine:Able to click on By.xpath: //*[@label='Continue']
2017-03-07 17:49:29-main--INFO -com.ctaf.accelerators.TestEngine:Able to click on By.xpath: //*[@label='Continue']
2017-03-07 17:50:10-main--INFO -com.ctaf.accelerators.TestEngine:Typing is performed on Card Number
2017-03-07 17:50:41-main--INFO -com.ctaf.accelerators.TestEngine:Typing is performed on Card Holder Name
2017-03-07 17:51:21-main--INFO -com.ctaf.accelerators.TestEngine:Typing is performed on Expiry Date
2017-03-07 17:51:56-main--INFO -com.ctaf.accelerators.TestEngine:Typing is performed on cvv
2017-03-07 17:52:28-main--INFO -com.ctaf.accelerators.TestEngine:Able to click on By.xpath: //*[@label='I agree to the']/preceding-sibling::XCUIElementTypeButton[2]
2017-03-07 17:52:32-main--INFO -com.ctaf.accelerators.TestEngine:Able to click on Purchase
2017-03-07 17:55:31-main--INFO -com.ctaf.accelerators.TestEngine:Starting browser : iphone
2017-03-07 17:56:44-main--INFO -com.ctaf.accelerators.TestEngine:Current Test : TC_01_oneWayDomesticEconomy_RUH_JED
2017-03-07 18:03:06-main--INFO -com.ctaf.accelerators.TestEngine:Starting browser : iphone
2017-03-07 18:04:04-main--INFO -com.ctaf.accelerators.TestEngine:Current Test : TC_01_oneWayDomesticEconomy_RUH_JED
2017-03-07 18:12:06-main--INFO -com.ctaf.accelerators.TestEngine:Starting browser : iphone
2017-03-07 18:13:03-main--INFO -com.ctaf.accelerators.TestEngine:Current Test : TC_01_oneWayDomesticEconomy_RUH_JED
2017-03-07 18:14:09-main--INFO -com.ctaf.accelerators.TestEngine:Able to click on By.xpath: //XCUIElementTypeOther/*[@label='btn menu']
2017-03-07 18:14:56-main--INFO -com.ctaf.accelerators.TestEngine:Able to click on By.xpath: //XCUIElementTypeCell[1]/*[@label='Login']
2017-03-07 18:15:09-main--INFO -com.ctaf.accelerators.TestEngine:Typing is performed on EmailAddress
2017-03-07 18:15:21-main--INFO -com.ctaf.accelerators.TestEngine:Typing is performed on Password
2017-03-07 18:15:32-main--INFO -com.ctaf.accelerators.TestEngine:Able to click on By.xpath: //*[@label='Login']
2017-03-07 18:15:38-main--INFO -com.ctaf.accelerators.TestEngine:Able to click on By.xpath: //*[@label='Book flights']
2017-03-07 18:15:44-main--INFO -com.ctaf.accelerators.TestEngine:Able to click on By.xpath: //*[@label='One-way']
2017-03-07 18:16:08-main--INFO -com.ctaf.accelerators.TestEngine:Able to click on By.xpath: //XCUIElementTypeOther[3]/XCUIElementTypeOther[1]/XCUIElementTypeButton
2017-03-07 18:16:15-main--INFO -com.ctaf.accelerators.TestEngine:Able to click on Search
2017-03-07 18:16:23-main--INFO -com.ctaf.accelerators.TestEngine:Typing is performed on Origin
2017-03-07 18:16:26-main--INFO -com.ctaf.accelerators.TestEngine:Able to click on RUH
2017-03-07 18:16:34-main--INFO -com.ctaf.accelerators.TestEngine:Typing is performed on Destination
2017-03-07 18:16:36-main--INFO -com.ctaf.accelerators.TestEngine:Able to click on JED
2017-03-07 18:16:40-main--INFO -com.ctaf.accelerators.TestEngine:Able to click on Find Flights
2017-03-07 18:17:24-main--INFO -com.ctaf.accelerators.TestEngine:Able to click on By.xpath: //XCUIElementTypeTable/XCUIElementTypeCell[1]/XCUIElementTypeButton[3]
2017-03-07 18:18:11-main--INFO -com.ctaf.accelerators.TestEngine:Able to click on By.xpath: //*[@label='Continue']
2017-03-07 18:18:26-main--INFO -com.ctaf.accelerators.TestEngine:Able to click on By.xpath: //*[@label='Continue']
2017-03-07 18:18:39-main--INFO -com.ctaf.accelerators.TestEngine:Able to click on By.xpath: //*[@label='Continue']
2017-03-07 18:19:14-main--INFO -com.ctaf.accelerators.TestEngine:Typing is performed on Card Number
2017-03-07 18:19:46-main--INFO -com.ctaf.accelerators.TestEngine:Typing is performed on Card Holder Name
2017-03-07 18:20:26-main--INFO -com.ctaf.accelerators.TestEngine:Typing is performed on Expiry Date
2017-03-07 18:21:01-main--INFO -com.ctaf.accelerators.TestEngine:Typing is performed on cvv
2017-03-07 18:21:33-main--INFO -com.ctaf.accelerators.TestEngine:Able to click on By.xpath: //*[@label='I agree to the']/preceding-sibling::XCUIElementTypeButton[2]
2017-03-07 18:21:38-main--INFO -com.ctaf.accelerators.TestEngine:Able to click on Purchase
2017-03-07 18:37:22-main--INFO -com.ctaf.accelerators.TestEngine:Starting browser : iphone
2017-03-07 18:38:24-main--INFO -com.ctaf.accelerators.TestEngine:Current Test : TC_01_oneWayDomesticEconomy_RUH_JED
2017-03-07 18:47:51-main--INFO -com.ctaf.accelerators.TestEngine:Starting browser : iphone
2017-03-07 18:48:56-main--INFO -com.ctaf.accelerators.TestEngine:Current Test : TC_01_oneWayDomesticEconomy_RUH_JED
2017-03-07 19:03:33-main--INFO -com.ctaf.accelerators.TestEngine:Starting browser : iphone
2017-03-07 19:04:49-main--INFO -com.ctaf.accelerators.TestEngine:Current Test : TC_01_oneWayDomesticEconomy_RUH_JED
2017-03-07 19:10:15-main--INFO -com.ctaf.accelerators.TestEngine:Starting browser : iphone
2017-03-07 19:11:39-main--INFO -com.ctaf.accelerators.TestEngine:Current Test : TC_01_oneWayDomesticEconomy_RUH_JED
2017-03-07 19:20:35-main--INFO -com.ctaf.accelerators.TestEngine:Starting browser : iphone
2017-03-07 19:23:11-main--INFO -com.ctaf.accelerators.TestEngine:Current Test : TC_01_oneWayDomesticEconomy_RUH_JED
2017-03-07 19:37:18-main--INFO -com.ctaf.accelerators.TestEngine:Starting browser : iphone
2017-03-07 19:39:15-main--INFO -com.ctaf.accelerators.TestEngine:Current Test : TC_01_oneWayDomesticEconomy_RUH_JED
