2017-12-19 12:12:42-main--INFO -com.ctaf.accelerators.TestEngine:Starting browser : iphone
2017-12-19 12:13:54-main--INFO -com.ctaf.accelerators.TestEngine:Current Test : TC_01_oneWayDomesticEconomy_RUH_JED
2017-12-19 12:14:39-main--INFO -com.ctaf.accelerators.TestEngine:Able to click on By.xpath: //XCUIElementTypeOther/*[@label='btn menu']
2017-12-19 12:16:15-main--INFO -com.ctaf.accelerators.TestEngine:Able to click on By.xpath: //XCUIElementTypeButton[@name='Logout']
2017-12-19 12:16:29-main--INFO -com.ctaf.accelerators.TestEngine:Able to click on By.xpath: //XCUIElementTypeButton[@name='Login']
2017-12-19 12:16:38-main--INFO -com.ctaf.accelerators.TestEngine:Typing is performed on EmailAddress
2017-12-19 12:16:53-main--INFO -com.ctaf.accelerators.TestEngine:Typing is performed on Password
2017-12-19 12:17:06-main--INFO -com.ctaf.accelerators.TestEngine:Able to click on By.xpath: //*[@label='Login']
2017-12-19 12:17:10-main--INFO -com.ctaf.accelerators.TestEngine:Unable to click on Book
2017-12-19 12:17:11-main--INFO -com.ctaf.accelerators.TestEngine: Able to get TscreenShot
2017-12-19 12:46:38-main--INFO -com.ctaf.accelerators.TestEngine:Starting browser : iphone
2017-12-19 12:46:54-main--INFO -com.ctaf.accelerators.TestEngine:Current Test : TC_01_oneWayDomesticEconomy_RUH_JED
2017-12-19 12:47:31-main--INFO -com.ctaf.accelerators.TestEngine:Able to click on By.xpath: //XCUIElementTypeButton[@name='Login']
2017-12-19 12:47:40-main--INFO -com.ctaf.accelerators.TestEngine:Typing is performed on EmailAddress
2017-12-19 12:47:55-main--INFO -com.ctaf.accelerators.TestEngine:Typing is performed on Password
2017-12-19 12:48:08-main--INFO -com.ctaf.accelerators.TestEngine:Able to click on By.xpath: //*[@label='Login']
2017-12-19 12:48:54-main--INFO -com.ctaf.accelerators.TestEngine: Able to get TscreenShot
2017-12-19 12:53:22-main--INFO -com.ctaf.accelerators.TestEngine:Starting browser : iphone
2017-12-19 12:53:38-main--INFO -com.ctaf.accelerators.TestEngine:Current Test : TC_01_oneWayDomesticEconomy_RUH_JED
2017-12-19 12:54:14-main--INFO -com.ctaf.accelerators.TestEngine:Able to click on By.xpath: //XCUIElementTypeButton[@name='Login']
2017-12-19 12:54:23-main--INFO -com.ctaf.accelerators.TestEngine:Typing is performed on EmailAddress
2017-12-19 12:54:37-main--INFO -com.ctaf.accelerators.TestEngine:Typing is performed on Password
2017-12-19 12:54:50-main--INFO -com.ctaf.accelerators.TestEngine:Able to click on By.xpath: //*[@label='Login']
2017-12-19 13:09:36-main--INFO -com.ctaf.accelerators.TestEngine:Starting browser : iphone
2017-12-19 13:09:54-main--INFO -com.ctaf.accelerators.TestEngine:Current Test : TC_01_oneWayDomesticEconomy_RUH_JED
2017-12-19 13:10:30-main--INFO -com.ctaf.accelerators.TestEngine:Able to click on By.xpath: //XCUIElementTypeButton[@name='Login']
2017-12-19 13:10:39-main--INFO -com.ctaf.accelerators.TestEngine:Typing is performed on EmailAddress
2017-12-19 13:10:54-main--INFO -com.ctaf.accelerators.TestEngine:Typing is performed on Password
2017-12-19 13:11:07-main--INFO -com.ctaf.accelerators.TestEngine:Able to click on By.xpath: //*[@label='Login']
2017-12-19 13:11:57-main--INFO -com.ctaf.accelerators.TestEngine: Able to get TscreenShot
2017-12-19 13:16:54-main--INFO -com.ctaf.accelerators.TestEngine:Starting browser : iphone
2017-12-19 13:17:10-main--INFO -com.ctaf.accelerators.TestEngine:Current Test : TC_01_oneWayDomesticEconomy_RUH_JED
2017-12-19 13:18:11-main--INFO -com.ctaf.accelerators.TestEngine:Able to click on By.xpath: //XCUIElementTypeOther/*[@label='btn menu']
2017-12-19 13:19:49-main--INFO -com.ctaf.accelerators.TestEngine:Able to click on By.xpath: //XCUIElementTypeButton[@name='Logout']
2017-12-19 13:20:02-main--INFO -com.ctaf.accelerators.TestEngine:Able to click on By.xpath: //XCUIElementTypeButton[@name='Login']
2017-12-19 13:20:11-main--INFO -com.ctaf.accelerators.TestEngine:Typing is performed on EmailAddress
2017-12-19 13:20:27-main--INFO -com.ctaf.accelerators.TestEngine:Typing is performed on Password
2017-12-19 13:20:39-main--INFO -com.ctaf.accelerators.TestEngine:Able to click on By.xpath: //*[@label='Login']
2017-12-19 13:20:52-main--INFO -com.ctaf.accelerators.TestEngine:Able to click on Book
2017-12-19 13:21:03-main--INFO -com.ctaf.accelerators.TestEngine:Able to click on One-way
2017-12-19 13:21:05-main--INFO -com.ctaf.accelerators.TestEngine:Able to click on Origin
2017-12-19 13:21:13-main--INFO -com.ctaf.accelerators.TestEngine:Able to click on Search
2017-12-19 13:21:26-main--INFO -com.ctaf.accelerators.TestEngine:Typing is performed on Origin
2017-12-19 13:21:29-main--INFO -com.ctaf.accelerators.TestEngine:Able to click on RUH
2017-12-19 13:21:42-main--INFO -com.ctaf.accelerators.TestEngine:Typing is performed on Destination
2017-12-19 13:21:45-main--INFO -com.ctaf.accelerators.TestEngine:Able to click on JED
2017-12-19 13:21:48-main--INFO -com.ctaf.accelerators.TestEngine:Able to click on Find Flights
2017-12-19 13:31:46-main--INFO -com.ctaf.accelerators.TestEngine:Able to click on By.xpath: //XCUIElementTypeTable/XCUIElementTypeCell[1]/XCUIElementTypeButton[2]
2017-12-19 13:43:02-main--INFO -com.ctaf.accelerators.TestEngine:Starting browser : iphone
2017-12-19 13:43:20-main--INFO -com.ctaf.accelerators.TestEngine:Current Test : TC_01_oneWayDomesticEconomy_RUH_JED
2017-12-19 13:44:16-main--INFO -com.ctaf.accelerators.TestEngine:Able to click on By.xpath: //XCUIElementTypeOther/*[@label='btn menu']
2017-12-19 13:46:46-main--INFO -com.ctaf.accelerators.TestEngine:Starting browser : iphone
2017-12-19 13:47:03-main--INFO -com.ctaf.accelerators.TestEngine:Current Test : TC_01_oneWayDomesticEconomy_RUH_JED
2017-12-19 13:47:52-main--INFO -com.ctaf.accelerators.TestEngine:Able to click on By.xpath: //XCUIElementTypeOther/*[@label='btn menu']
2017-12-19 13:58:55-main--INFO -com.ctaf.accelerators.TestEngine:Starting browser : iphone
2017-12-19 13:59:52-main--INFO -com.ctaf.accelerators.TestEngine:Current Test : TC_01_oneWayDomesticEconomy_RUH_JED
2017-12-19 14:00:33-main--INFO -com.ctaf.accelerators.TestEngine:Able to click on btn menu
2017-12-19 14:01:38-main--INFO -com.ctaf.accelerators.TestEngine:Starting browser : iphone
2017-12-19 14:01:54-main--INFO -com.ctaf.accelerators.TestEngine:Current Test : TC_01_oneWayDomesticEconomy_RUH_JED
2017-12-19 14:02:49-main--INFO -com.ctaf.accelerators.TestEngine:Able to click on By.xpath: //XCUIElementTypeOther/*[@label='btn menu']
2017-12-19 14:03:24-main--INFO -com.ctaf.accelerators.TestEngine:Able to click on Logout
2017-12-19 14:03:37-main--INFO -com.ctaf.accelerators.TestEngine:Able to click on By.xpath: //XCUIElementTypeButton[@name='Login']
2017-12-19 14:04:07-main--INFO -com.ctaf.accelerators.TestEngine:Typing is performed on EmailAddress
2017-12-19 14:04:24-main--INFO -com.ctaf.accelerators.TestEngine:Typing is performed on Password
2017-12-19 14:04:40-main--INFO -com.ctaf.accelerators.TestEngine:Able to click on By.xpath: //*[@label='Login']
2017-12-19 14:05:29-main--INFO -com.ctaf.accelerators.TestEngine:Able to click on Book
2017-12-19 14:05:53-main--INFO -com.ctaf.accelerators.TestEngine:Able to click on One-way
2017-12-19 14:05:57-main--INFO -com.ctaf.accelerators.TestEngine:Able to click on Origin
2017-12-19 14:06:08-main--INFO -com.ctaf.accelerators.TestEngine:Able to click on Search
2017-12-19 14:06:21-main--INFO -com.ctaf.accelerators.TestEngine:Typing is performed on Origin
2017-12-19 14:06:25-main--INFO -com.ctaf.accelerators.TestEngine:Able to click on RUH
2017-12-19 14:06:39-main--INFO -com.ctaf.accelerators.TestEngine:Typing is performed on Destination
2017-12-19 14:06:43-main--INFO -com.ctaf.accelerators.TestEngine:Able to click on JED
2017-12-19 14:07:46-main--INFO -com.ctaf.accelerators.TestEngine:Able to click on Find Flights
2017-12-19 14:59:13-main--INFO -com.ctaf.accelerators.TestEngine:Starting browser : iphone
2017-12-19 14:59:31-main--INFO -com.ctaf.accelerators.TestEngine:Current Test : TC_01_oneWayDomesticEconomy_RUH_JED
2017-12-19 15:00:26-main--INFO -com.ctaf.accelerators.TestEngine:Able to click on By.xpath: //XCUIElementTypeButton[@name='Login']
2017-12-19 15:00:34-main--INFO -com.ctaf.accelerators.TestEngine:Typing is performed on EmailAddress
2017-12-19 15:00:49-main--INFO -com.ctaf.accelerators.TestEngine:Typing is performed on Password
2017-12-19 15:01:02-main--INFO -com.ctaf.accelerators.TestEngine:Able to click on By.xpath: //*[@label='Login']
2017-12-19 15:01:33-main--INFO -com.ctaf.accelerators.TestEngine:Able to click on Book
2017-12-19 15:01:43-main--INFO -com.ctaf.accelerators.TestEngine:Able to click on One-way
2017-12-19 15:01:46-main--INFO -com.ctaf.accelerators.TestEngine:Able to click on Origin
2017-12-19 15:01:53-main--INFO -com.ctaf.accelerators.TestEngine:Able to click on Search
2017-12-19 15:02:06-main--INFO -com.ctaf.accelerators.TestEngine:Typing is performed on Origin
2017-12-19 15:02:09-main--INFO -com.ctaf.accelerators.TestEngine:Able to click on RUH
2017-12-19 15:02:22-main--INFO -com.ctaf.accelerators.TestEngine:Typing is performed on Destination
2017-12-19 15:02:25-main--INFO -com.ctaf.accelerators.TestEngine:Able to click on JED
2017-12-19 15:02:28-main--INFO -com.ctaf.accelerators.TestEngine:Able to click on Find Flights
2017-12-19 15:06:38-main--INFO -com.ctaf.accelerators.TestEngine:Able to click on By.xpath: //XCUIElementTypeTable/XCUIElementTypeCell[1]/XCUIElementTypeButton[2]
2017-12-19 15:12:48-main--INFO -com.ctaf.accelerators.TestEngine:Starting browser : iphone
2017-12-19 15:13:05-main--INFO -com.ctaf.accelerators.TestEngine:Current Test : TC_01_oneWayDomesticEconomy_RUH_JED
2017-12-19 15:17:33-main--INFO -com.ctaf.accelerators.TestEngine:Starting browser : iphone
2017-12-19 15:17:49-main--INFO -com.ctaf.accelerators.TestEngine:Current Test : TC_01_oneWayDomesticEconomy_RUH_JED
2017-12-19 15:18:12-main--INFO -com.ctaf.accelerators.TestEngine:Able to click on Login
2017-12-19 15:18:21-main--INFO -com.ctaf.accelerators.TestEngine:Typing is performed on EmailAddress
2017-12-19 15:18:36-main--INFO -com.ctaf.accelerators.TestEngine:Typing is performed on Password
2017-12-19 15:18:38-main--INFO -com.ctaf.accelerators.TestEngine:Able to click on Login
2017-12-19 15:19:09-main--INFO -com.ctaf.accelerators.TestEngine:Able to click on Book
2017-12-19 15:41:38-main--INFO -com.ctaf.accelerators.TestEngine:Starting browser : iphone
2017-12-19 15:42:40-main--INFO -com.ctaf.accelerators.TestEngine:Current Test : TC_01_oneWayDomesticEconomy_RUH_JED
2017-12-19 15:43:29-main--INFO -com.ctaf.accelerators.TestEngine:Able to click on btn menu
2017-12-19 15:44:03-main--INFO -com.ctaf.accelerators.TestEngine:Able to click on Logout
2017-12-19 15:44:09-main--INFO -com.ctaf.accelerators.TestEngine:Able to click on Login
2017-12-19 15:44:19-main--INFO -com.ctaf.accelerators.TestEngine:Typing is performed on EmailAddress
2017-12-19 15:44:34-main--INFO -com.ctaf.accelerators.TestEngine:Typing is performed on Password
2017-12-19 15:44:36-main--INFO -com.ctaf.accelerators.TestEngine:Able to click on Login
2017-12-19 15:44:52-main--INFO -com.ctaf.accelerators.TestEngine:Able to click on Book
2017-12-19 15:45:03-main--INFO -com.ctaf.accelerators.TestEngine:Able to click on One-way
2017-12-19 15:45:05-main--INFO -com.ctaf.accelerators.TestEngine:Able to click on Origin
2017-12-19 15:45:13-main--INFO -com.ctaf.accelerators.TestEngine:Able to click on Search
2017-12-19 15:45:26-main--INFO -com.ctaf.accelerators.TestEngine:Typing is performed on Origin
2017-12-19 15:45:29-main--INFO -com.ctaf.accelerators.TestEngine:Able to click on RUH
2017-12-19 15:45:42-main--INFO -com.ctaf.accelerators.TestEngine:Typing is performed on Destination
2017-12-19 15:45:45-main--INFO -com.ctaf.accelerators.TestEngine:Able to click on JED
2017-12-19 15:45:48-main--INFO -com.ctaf.accelerators.TestEngine:Able to click on Find Flights
2017-12-19 15:49:08-main--INFO -com.ctaf.accelerators.TestEngine:Able to click on By.xpath: //*[@label='icn arrow right red']
2017-12-19 15:56:34-main--INFO -com.ctaf.accelerators.TestEngine:Starting browser : iphone
2017-12-19 15:56:50-main--INFO -com.ctaf.accelerators.TestEngine:Current Test : TC_01_oneWayDomesticEconomy_RUH_JED
2017-12-19 15:57:32-main--INFO -com.ctaf.accelerators.TestEngine:Able to click on btn menu
2017-12-19 15:58:07-main--INFO -com.ctaf.accelerators.TestEngine:Able to click on Logout
2017-12-19 15:58:14-main--INFO -com.ctaf.accelerators.TestEngine:Able to click on Login
2017-12-19 15:58:23-main--INFO -com.ctaf.accelerators.TestEngine:Typing is performed on EmailAddress
2017-12-19 15:58:38-main--INFO -com.ctaf.accelerators.TestEngine:Typing is performed on Password
2017-12-19 15:58:41-main--INFO -com.ctaf.accelerators.TestEngine:Able to click on Login
2017-12-19 15:59:12-main--INFO -com.ctaf.accelerators.TestEngine:Able to click on Book
2017-12-19 15:59:22-main--INFO -com.ctaf.accelerators.TestEngine:Able to click on One-way
2017-12-19 15:59:25-main--INFO -com.ctaf.accelerators.TestEngine:Able to click on Origin
2017-12-19 15:59:33-main--INFO -com.ctaf.accelerators.TestEngine:Able to click on Search
2017-12-19 15:59:46-main--INFO -com.ctaf.accelerators.TestEngine:Typing is performed on Origin
2017-12-19 15:59:49-main--INFO -com.ctaf.accelerators.TestEngine:Able to click on RUH
2017-12-19 16:00:02-main--INFO -com.ctaf.accelerators.TestEngine:Typing is performed on Destination
2017-12-19 16:00:05-main--INFO -com.ctaf.accelerators.TestEngine:Able to click on JED
2017-12-19 16:00:08-main--INFO -com.ctaf.accelerators.TestEngine:Able to click on Find Flights
2017-12-19 16:06:37-main--INFO -com.ctaf.accelerators.TestEngine:Able to click on By.xpath: //XCUIElementTypeTable/XCUIElementTypeCell[1]/XCUIElementTypeButton[2]
2017-12-19 16:07:49-main--INFO -com.ctaf.accelerators.TestEngine:Able to click on By.xpath: //*[@label='Continue to Select Extras']
2017-12-19 16:09:13-main--INFO -com.ctaf.accelerators.TestEngine:Unable to click on By.xpath: //*[@label='Other payment options']/preceding-sibling::XCUIElementTypeButton
2017-12-19 16:09:13-main--INFO -com.ctaf.accelerators.TestEngine: Able to get TscreenShot
2017-12-19 16:30:42-main--INFO -com.ctaf.accelerators.TestEngine:Starting browser : iphone
2017-12-19 16:30:58-main--INFO -com.ctaf.accelerators.TestEngine:Current Test : TC_01_oneWayDomesticEconomy_RUH_JED
2017-12-19 16:31:47-main--INFO -com.ctaf.accelerators.TestEngine:Able to click on btn menu
2017-12-19 16:32:22-main--INFO -com.ctaf.accelerators.TestEngine:Able to click on Logout
2017-12-19 16:32:28-main--INFO -com.ctaf.accelerators.TestEngine:Able to click on Login
2017-12-19 16:32:37-main--INFO -com.ctaf.accelerators.TestEngine:Typing is performed on EmailAddress
2017-12-19 16:32:52-main--INFO -com.ctaf.accelerators.TestEngine:Typing is performed on Password
2017-12-19 16:32:54-main--INFO -com.ctaf.accelerators.TestEngine:Able to click on Login
2017-12-19 16:33:29-main--INFO -com.ctaf.accelerators.TestEngine:Able to click on Book
2017-12-19 16:33:39-main--INFO -com.ctaf.accelerators.TestEngine:Able to click on One-way
2017-12-19 16:33:42-main--INFO -com.ctaf.accelerators.TestEngine:Able to click on Origin
2017-12-19 16:33:50-main--INFO -com.ctaf.accelerators.TestEngine:Able to click on Search
2017-12-19 16:34:03-main--INFO -com.ctaf.accelerators.TestEngine:Typing is performed on Origin
2017-12-19 16:34:06-main--INFO -com.ctaf.accelerators.TestEngine:Able to click on RUH
2017-12-19 16:34:18-main--INFO -com.ctaf.accelerators.TestEngine:Typing is performed on Destination
2017-12-19 16:34:21-main--INFO -com.ctaf.accelerators.TestEngine:Able to click on JED
2017-12-19 16:34:24-main--INFO -com.ctaf.accelerators.TestEngine:Able to click on Find Flights
2017-12-19 16:39:15-main--INFO -com.ctaf.accelerators.TestEngine:Able to click on By.xpath: //*[@label='Continue to Select Extras']
2017-12-19 16:40:25-main--INFO -com.ctaf.accelerators.TestEngine:Able to click on By.xpath: //*[@label='Continue to Select Seat']
2017-12-19 16:41:01-main--INFO -com.ctaf.accelerators.TestEngine:Able to click on By.xpath: //*[@label='Continue to Payment']
2017-12-19 16:41:33-main--INFO -com.ctaf.accelerators.TestEngine:Able to click on By.xpath: //*[@label='Other payment options']/preceding-sibling::XCUIElementTypeButton
2017-12-19 16:56:20-main--INFO -com.ctaf.accelerators.TestEngine:Starting browser : iphone
2017-12-19 16:56:38-main--INFO -com.ctaf.accelerators.TestEngine:Current Test : TC_01_oneWayDomesticEconomy_RUH_JED
2017-12-19 16:57:29-main--INFO -com.ctaf.accelerators.TestEngine:Able to click on btn menu
2017-12-19 16:58:05-main--INFO -com.ctaf.accelerators.TestEngine:Able to click on Logout
2017-12-19 16:58:11-main--INFO -com.ctaf.accelerators.TestEngine:Able to click on Login
2017-12-19 16:58:31-main--INFO -com.ctaf.accelerators.TestEngine:Typing is not performed on EmailAddress
2017-12-19 16:58:32-main--INFO -com.ctaf.accelerators.TestEngine: Able to get TscreenShot
2017-12-19 17:25:44-main--INFO -com.ctaf.accelerators.TestEngine:Starting browser : iphone
2017-12-19 17:33:31-main--INFO -com.ctaf.accelerators.TestEngine:Starting browser : iphone
2017-12-19 18:05:55-main--INFO -com.ctaf.accelerators.TestEngine:Starting browser : iphone
2017-12-19 18:07:00-main--INFO -com.ctaf.accelerators.TestEngine:Current Test : TC_01_oneWayDomesticEconomy_RUH_JED
2017-12-19 18:07:25-main--INFO -com.ctaf.accelerators.TestEngine:Able to click on Login
2017-12-19 18:07:35-main--INFO -com.ctaf.accelerators.TestEngine:Typing is performed on EmailAddress
2017-12-19 18:07:50-main--INFO -com.ctaf.accelerators.TestEngine:Typing is performed on Password
2017-12-19 18:07:52-main--INFO -com.ctaf.accelerators.TestEngine:Able to click on Login
2017-12-19 18:08:27-main--INFO -com.ctaf.accelerators.TestEngine:Able to click on Book
2017-12-19 18:08:37-main--INFO -com.ctaf.accelerators.TestEngine:Able to click on One-way
2017-12-19 18:08:40-main--INFO -com.ctaf.accelerators.TestEngine:Able to click on Origin
2017-12-19 18:08:47-main--INFO -com.ctaf.accelerators.TestEngine:Able to click on Search
2017-12-19 18:09:01-main--INFO -com.ctaf.accelerators.TestEngine:Typing is performed on Origin
2017-12-19 18:09:03-main--INFO -com.ctaf.accelerators.TestEngine:Able to click on RUH
2017-12-19 18:09:16-main--INFO -com.ctaf.accelerators.TestEngine:Typing is performed on Destination
2017-12-19 18:09:19-main--INFO -com.ctaf.accelerators.TestEngine:Able to click on JED
2017-12-19 18:09:22-main--INFO -com.ctaf.accelerators.TestEngine:Able to click on Find Flights
2017-12-19 18:14:09-main--INFO -com.ctaf.accelerators.TestEngine:Able to click on By.xpath: //*[@label='Continue to Select Extras']
2017-12-19 18:15:18-main--INFO -com.ctaf.accelerators.TestEngine:Able to click on By.xpath: //*[@label='Continue to Select Seat']
2017-12-19 18:15:54-main--INFO -com.ctaf.accelerators.TestEngine:Able to click on By.xpath: //*[@label='Continue to Payment']
2017-12-19 18:16:24-main--INFO -com.ctaf.accelerators.TestEngine:Able to click on By.xpath: //*[@label='Other payment options']/preceding-sibling::XCUIElementTypeButton
2017-12-19 18:16:54-main--INFO -com.ctaf.accelerators.TestEngine:Able to click on Purchase
2017-12-19 18:17:03-main--INFO -com.ctaf.accelerators.TestEngine:Able to click on Purchase
2017-12-19 18:18:15-main--INFO -com.ctaf.accelerators.TestEngine: Able to get TscreenShot
2017-12-19 18:19:50-main--INFO -com.ctaf.accelerators.TestEngine:Starting browser : iphone
2017-12-19 18:20:06-main--INFO -com.ctaf.accelerators.TestEngine:Current Test : TC_01_oneWayDomesticEconomy_RUH_JED
2017-12-19 18:20:50-main--INFO -com.ctaf.accelerators.TestEngine:Able to click on btn menu
2017-12-19 18:21:25-main--INFO -com.ctaf.accelerators.TestEngine:Able to click on Logout
2017-12-19 18:21:31-main--INFO -com.ctaf.accelerators.TestEngine:Able to click on Login
2017-12-19 18:21:47-main--INFO -com.ctaf.accelerators.TestEngine:Typing is not performed on EmailAddress
2017-12-19 18:21:48-main--INFO -com.ctaf.accelerators.TestEngine: Able to get TscreenShot
2017-12-19 18:23:00-main--INFO -com.ctaf.accelerators.TestEngine:Starting browser : iphone
2017-12-19 18:23:16-main--INFO -com.ctaf.accelerators.TestEngine:Current Test : TC_01_oneWayDomesticEconomy_RUH_JED
2017-12-19 18:23:41-main--INFO -com.ctaf.accelerators.TestEngine:Able to click on Login
2017-12-19 18:23:51-main--INFO -com.ctaf.accelerators.TestEngine:Typing is performed on EmailAddress
2017-12-19 18:24:05-main--INFO -com.ctaf.accelerators.TestEngine:Typing is performed on Password
2017-12-19 18:24:08-main--INFO -com.ctaf.accelerators.TestEngine:Able to click on Login
2017-12-19 18:24:42-main--INFO -com.ctaf.accelerators.TestEngine:Able to click on Book
2017-12-19 18:24:53-main--INFO -com.ctaf.accelerators.TestEngine:Able to click on One-way
2017-12-19 18:24:55-main--INFO -com.ctaf.accelerators.TestEngine:Able to click on Origin
2017-12-19 18:25:03-main--INFO -com.ctaf.accelerators.TestEngine:Able to click on Search
2017-12-19 18:25:16-main--INFO -com.ctaf.accelerators.TestEngine:Typing is performed on Origin
2017-12-19 18:25:19-main--INFO -com.ctaf.accelerators.TestEngine:Able to click on RUH
2017-12-19 18:25:32-main--INFO -com.ctaf.accelerators.TestEngine:Typing is performed on Destination
2017-12-19 18:25:35-main--INFO -com.ctaf.accelerators.TestEngine:Able to click on JED
2017-12-19 18:25:38-main--INFO -com.ctaf.accelerators.TestEngine:Able to click on Find Flights
2017-12-19 18:30:22-main--INFO -com.ctaf.accelerators.TestEngine:Able to click on By.xpath: //*[@label='Continue to Select Extras']
2017-12-19 18:31:42-main--INFO -com.ctaf.accelerators.TestEngine:Unable to click on By.xpath: //*[@label='Other payment options']/preceding-sibling::XCUIElementTypeButton
2017-12-19 18:31:43-main--INFO -com.ctaf.accelerators.TestEngine: Able to get TscreenShot
2017-12-19 18:32:10-main--INFO -com.ctaf.accelerators.TestEngine:Starting browser : iphone
2017-12-19 18:32:26-main--INFO -com.ctaf.accelerators.TestEngine:Current Test : TC_01_oneWayDomesticEconomy_RUH_JED
2017-12-19 18:33:11-main--INFO -com.ctaf.accelerators.TestEngine:Able to click on btn menu
2017-12-19 18:33:46-main--INFO -com.ctaf.accelerators.TestEngine:Able to click on Logout
2017-12-19 18:33:53-main--INFO -com.ctaf.accelerators.TestEngine:Able to click on Login
2017-12-19 18:34:02-main--INFO -com.ctaf.accelerators.TestEngine:Typing is performed on EmailAddress
2017-12-19 18:34:18-main--INFO -com.ctaf.accelerators.TestEngine:Typing is performed on Password
2017-12-19 18:34:20-main--INFO -com.ctaf.accelerators.TestEngine:Able to click on Login
2017-12-19 18:34:38-main--INFO -com.ctaf.accelerators.TestEngine:Able to click on Book
2017-12-19 18:34:48-main--INFO -com.ctaf.accelerators.TestEngine:Able to click on One-way
2017-12-19 18:34:50-main--INFO -com.ctaf.accelerators.TestEngine:Able to click on Origin
2017-12-19 18:34:58-main--INFO -com.ctaf.accelerators.TestEngine:Able to click on Search
2017-12-19 18:35:11-main--INFO -com.ctaf.accelerators.TestEngine:Typing is performed on Origin
2017-12-19 18:35:14-main--INFO -com.ctaf.accelerators.TestEngine:Able to click on RUH
2017-12-19 18:35:27-main--INFO -com.ctaf.accelerators.TestEngine:Typing is performed on Destination
2017-12-19 18:35:30-main--INFO -com.ctaf.accelerators.TestEngine:Able to click on JED
2017-12-19 18:35:33-main--INFO -com.ctaf.accelerators.TestEngine:Able to click on Find Flights
2017-12-19 18:40:15-main--INFO -com.ctaf.accelerators.TestEngine:Able to click on By.xpath: //*[@label='Continue to Select Extras']
2017-12-19 18:41:47-main--INFO -com.ctaf.accelerators.TestEngine:Unable to click on By.xpath: //*[@label='Other payment options']/preceding-sibling::XCUIElementTypeButton
2017-12-19 18:41:47-main--INFO -com.ctaf.accelerators.TestEngine: Able to get TscreenShot
2017-12-19 18:45:08-main--INFO -com.ctaf.accelerators.TestEngine:Starting browser : iphone
2017-12-19 18:45:24-main--INFO -com.ctaf.accelerators.TestEngine:Current Test : TC_01_oneWayDomesticEconomy_RUH_JED
2017-12-19 18:46:06-main--INFO -com.ctaf.accelerators.TestEngine:Able to click on btn menu
2017-12-19 18:46:41-main--INFO -com.ctaf.accelerators.TestEngine:Able to click on Logout
2017-12-19 18:46:49-main--INFO -com.ctaf.accelerators.TestEngine:Able to click on Login
2017-12-19 18:46:58-main--INFO -com.ctaf.accelerators.TestEngine:Typing is performed on EmailAddress
2017-12-19 18:47:13-main--INFO -com.ctaf.accelerators.TestEngine:Typing is performed on Password
2017-12-19 18:47:15-main--INFO -com.ctaf.accelerators.TestEngine:Able to click on Login
2017-12-19 18:47:31-main--INFO -com.ctaf.accelerators.TestEngine:Able to click on Book
2017-12-19 18:47:41-main--INFO -com.ctaf.accelerators.TestEngine:Able to click on One-way
2017-12-19 18:47:43-main--INFO -com.ctaf.accelerators.TestEngine:Able to click on Origin
2017-12-19 18:47:51-main--INFO -com.ctaf.accelerators.TestEngine:Able to click on Search
2017-12-19 18:48:04-main--INFO -com.ctaf.accelerators.TestEngine:Typing is performed on Origin
2017-12-19 18:48:07-main--INFO -com.ctaf.accelerators.TestEngine:Able to click on RUH
2017-12-19 18:48:20-main--INFO -com.ctaf.accelerators.TestEngine:Typing is performed on Destination
2017-12-19 18:48:23-main--INFO -com.ctaf.accelerators.TestEngine:Able to click on JED
2017-12-19 18:48:26-main--INFO -com.ctaf.accelerators.TestEngine:Able to click on Find Flights
2017-12-19 19:03:36-main--INFO -com.ctaf.accelerators.TestEngine:Starting browser : iphone
2017-12-19 19:03:54-main--INFO -com.ctaf.accelerators.TestEngine:Current Test : TC_01_oneWayDomesticEconomy_RUH_JED
2017-12-19 19:04:46-main--INFO -com.ctaf.accelerators.TestEngine:Able to click on btn menu
2017-12-19 19:05:20-main--INFO -com.ctaf.accelerators.TestEngine:Able to click on Logout
2017-12-19 19:05:29-main--INFO -com.ctaf.accelerators.TestEngine:Able to click on Login
2017-12-19 19:05:38-main--INFO -com.ctaf.accelerators.TestEngine:Typing is performed on EmailAddress
2017-12-19 19:05:53-main--INFO -com.ctaf.accelerators.TestEngine:Typing is performed on Password
2017-12-19 19:05:55-main--INFO -com.ctaf.accelerators.TestEngine:Able to click on Login
2017-12-19 19:06:12-main--INFO -com.ctaf.accelerators.TestEngine:Able to click on Book
2017-12-19 19:06:22-main--INFO -com.ctaf.accelerators.TestEngine:Able to click on One-way
2017-12-19 19:06:25-main--INFO -com.ctaf.accelerators.TestEngine:Able to click on Origin
2017-12-19 19:06:32-main--INFO -com.ctaf.accelerators.TestEngine:Able to click on Search
2017-12-19 19:06:46-main--INFO -com.ctaf.accelerators.TestEngine:Typing is performed on Origin
2017-12-19 19:06:49-main--INFO -com.ctaf.accelerators.TestEngine:Able to click on RUH
2017-12-19 19:07:01-main--INFO -com.ctaf.accelerators.TestEngine:Typing is performed on Destination
2017-12-19 19:07:04-main--INFO -com.ctaf.accelerators.TestEngine:Able to click on JED
2017-12-19 19:07:07-main--INFO -com.ctaf.accelerators.TestEngine:Able to click on Find Flights
2017-12-19 19:11:21-main--INFO -com.ctaf.accelerators.TestEngine:Able to click on Continue to Select Extras
2017-12-19 19:12:17-main--INFO -com.ctaf.accelerators.TestEngine:Able to click on Continue to Select Seat
2017-12-19 19:12:45-main--INFO -com.ctaf.accelerators.TestEngine:Able to click on Continue to Payment
2017-12-19 19:13:16-main--INFO -com.ctaf.accelerators.TestEngine:Able to click on By.xpath: //*[@label='Other payment options']/preceding-sibling::XCUIElementTypeButton
2017-12-19 19:14:04-main--INFO -com.ctaf.accelerators.TestEngine:Unable to click on By.xpath: //*[@label='SADAD']
2017-12-19 19:14:04-main--INFO -com.ctaf.accelerators.TestEngine: Able to get TscreenShot
2017-12-19 19:15:34-main--INFO -com.ctaf.accelerators.TestEngine:Starting browser : iphone
2017-12-19 19:15:52-main--INFO -com.ctaf.accelerators.TestEngine:Current Test : TC_01_oneWayDomesticEconomy_RUH_JED
2017-12-19 19:16:43-main--INFO -com.ctaf.accelerators.TestEngine:Able to click on btn menu
2017-12-19 19:17:18-main--INFO -com.ctaf.accelerators.TestEngine:Able to click on Logout
2017-12-19 19:17:27-main--INFO -com.ctaf.accelerators.TestEngine:Able to click on Login
2017-12-19 19:17:36-main--INFO -com.ctaf.accelerators.TestEngine:Typing is performed on EmailAddress
2017-12-19 19:17:51-main--INFO -com.ctaf.accelerators.TestEngine:Typing is performed on Password
2017-12-19 19:17:54-main--INFO -com.ctaf.accelerators.TestEngine:Able to click on Login
2017-12-19 19:18:10-main--INFO -com.ctaf.accelerators.TestEngine:Able to click on Book
2017-12-19 19:18:20-main--INFO -com.ctaf.accelerators.TestEngine:Able to click on One-way
2017-12-19 19:18:23-main--INFO -com.ctaf.accelerators.TestEngine:Able to click on Origin
2017-12-19 19:18:30-main--INFO -com.ctaf.accelerators.TestEngine:Able to click on Search
2017-12-19 19:18:44-main--INFO -com.ctaf.accelerators.TestEngine:Typing is performed on Origin
2017-12-19 19:18:46-main--INFO -com.ctaf.accelerators.TestEngine:Able to click on RUH
2017-12-19 19:19:00-main--INFO -com.ctaf.accelerators.TestEngine:Typing is performed on Destination
2017-12-19 19:19:02-main--INFO -com.ctaf.accelerators.TestEngine:Able to click on JED
2017-12-19 19:19:05-main--INFO -com.ctaf.accelerators.TestEngine:Able to click on Find Flights
2017-12-19 19:24:11-main--INFO -com.ctaf.accelerators.TestEngine:Able to click on Continue to Select Extras
2017-12-19 19:25:44-main--INFO -com.ctaf.accelerators.TestEngine:Unable to click on By.xpath: //*[@label='Other payment options']/preceding-sibling::XCUIElementTypeButton
2017-12-19 19:25:45-main--INFO -com.ctaf.accelerators.TestEngine: Able to get TscreenShot
2017-12-19 19:31:22-main--INFO -com.ctaf.accelerators.TestEngine:Starting browser : iphone
2017-12-19 19:32:07-main--INFO -com.ctaf.accelerators.TestEngine:Current Test : TC_01_oneWayDomesticEconomy_RUH_JED
2017-12-19 19:32:58-main--INFO -com.ctaf.accelerators.TestEngine:Able to click on btn menu
2017-12-19 19:33:35-main--INFO -com.ctaf.accelerators.TestEngine:Able to click on Logout
2017-12-19 19:33:40-main--INFO -com.ctaf.accelerators.TestEngine:Able to click on Login
2017-12-19 19:33:50-main--INFO -com.ctaf.accelerators.TestEngine:Typing is performed on EmailAddress
2017-12-19 19:34:06-main--INFO -com.ctaf.accelerators.TestEngine:Typing is performed on Password
2017-12-19 19:34:08-main--INFO -com.ctaf.accelerators.TestEngine:Able to click on Login
2017-12-19 19:34:14-main--INFO -com.ctaf.accelerators.TestEngine:Able to click on Book
2017-12-19 19:34:24-main--INFO -com.ctaf.accelerators.TestEngine:Able to click on One-way
2017-12-19 19:34:27-main--INFO -com.ctaf.accelerators.TestEngine:Able to click on Origin
2017-12-19 19:34:35-main--INFO -com.ctaf.accelerators.TestEngine:Able to click on Search
2017-12-19 19:34:48-main--INFO -com.ctaf.accelerators.TestEngine:Typing is performed on Origin
2017-12-19 19:34:51-main--INFO -com.ctaf.accelerators.TestEngine:Able to click on RUH
2017-12-19 19:35:04-main--INFO -com.ctaf.accelerators.TestEngine:Typing is performed on Destination
2017-12-19 19:35:07-main--INFO -com.ctaf.accelerators.TestEngine:Able to click on JED
2017-12-19 19:35:11-main--INFO -com.ctaf.accelerators.TestEngine:Able to click on Find Flights
2017-12-19 19:40:07-main--INFO -com.ctaf.accelerators.TestEngine:Able to click on Continue to Select Extras
2017-12-19 19:41:03-main--INFO -com.ctaf.accelerators.TestEngine:Able to click on Continue to Select Seat
2017-12-19 19:41:31-main--INFO -com.ctaf.accelerators.TestEngine:Able to click on Continue to Payment
2017-12-19 19:42:03-main--INFO -com.ctaf.accelerators.TestEngine:Able to click on By.xpath: //*[@label='Other payment options']/preceding-sibling::XCUIElementTypeButton
2017-12-19 19:42:54-main--INFO -com.ctaf.accelerators.TestEngine:Able to click on By.xpath: //*[@label='SADAD']
2017-12-19 19:43:04-main--INFO -com.ctaf.accelerators.TestEngine:Able to click on Purchase
