2017-08-08 00:00:19-main--INFO -com.ctaf.accelerators.TestEngine:Able to click on By.xpath: //*[@label='icn arrow right red']
2017-08-08 00:00:50-main--INFO -com.ctaf.accelerators.TestEngine:Able to click on By.xpath: //*[@label='icn arrow right red']
2017-08-08 00:01:20-main--INFO -com.ctaf.accelerators.TestEngine:Able to click on By.xpath: //*[@label='icn arrow right red']
2017-08-08 00:01:51-main--INFO -com.ctaf.accelerators.TestEngine:Able to click on By.xpath: //*[@label='icn arrow right red']
2017-08-08 00:02:20-main--INFO -com.ctaf.accelerators.TestEngine:Able to click on By.xpath: //*[@label='icn arrow right red']
2017-08-08 00:02:51-main--INFO -com.ctaf.accelerators.TestEngine:Able to click on By.xpath: //*[@label='icn arrow right red']
2017-08-08 00:03:22-main--INFO -com.ctaf.accelerators.TestEngine:Able to click on By.xpath: //*[@label='icn arrow right red']
2017-08-08 00:03:51-main--INFO -com.ctaf.accelerators.TestEngine:Able to click on By.xpath: //*[@label='icn arrow right red']
2017-08-08 00:04:23-main--INFO -com.ctaf.accelerators.TestEngine:Able to click on By.xpath: //*[@label='icn arrow right red']
2017-08-08 00:04:53-main--INFO -com.ctaf.accelerators.TestEngine:Able to click on By.xpath: //*[@label='icn arrow right red']
2017-08-08 00:05:25-main--INFO -com.ctaf.accelerators.TestEngine:Able to click on By.xpath: //*[@label='icn arrow right red']
2017-08-08 00:05:55-main--INFO -com.ctaf.accelerators.TestEngine:Able to click on By.xpath: //*[@label='icn arrow right red']
2017-08-08 00:06:26-main--INFO -com.ctaf.accelerators.TestEngine:Able to click on By.xpath: //*[@label='icn arrow right red']
2017-08-08 00:06:58-main--INFO -com.ctaf.accelerators.TestEngine:Able to click on By.xpath: //*[@label='icn arrow right red']
2017-08-08 00:07:27-main--INFO -com.ctaf.accelerators.TestEngine:Able to click on By.xpath: //*[@label='icn arrow right red']
2017-08-08 00:07:59-main--INFO -com.ctaf.accelerators.TestEngine:Able to click on By.xpath: //*[@label='icn arrow right red']
2017-08-08 00:08:28-main--INFO -com.ctaf.accelerators.TestEngine:Able to click on By.xpath: //*[@label='icn arrow right red']
2017-08-08 00:08:59-main--INFO -com.ctaf.accelerators.TestEngine:Able to click on By.xpath: //*[@label='icn arrow right red']
2017-08-08 00:09:29-main--INFO -com.ctaf.accelerators.TestEngine:Able to click on By.xpath: //*[@label='icn arrow right red']
2017-08-08 00:10:00-main--INFO -com.ctaf.accelerators.TestEngine:Able to click on By.xpath: //*[@label='icn arrow right red']
2017-08-08 00:10:31-main--INFO -com.ctaf.accelerators.TestEngine:Able to click on By.xpath: //*[@label='icn arrow right red']
2017-08-08 00:11:00-main--INFO -com.ctaf.accelerators.TestEngine:Able to click on By.xpath: //*[@label='icn arrow right red']
2017-08-08 00:11:31-main--INFO -com.ctaf.accelerators.TestEngine:Able to click on By.xpath: //*[@label='icn arrow right red']
2017-08-08 00:12:01-main--INFO -com.ctaf.accelerators.TestEngine:Able to click on By.xpath: //*[@label='icn arrow right red']
2017-08-08 00:12:32-main--INFO -com.ctaf.accelerators.TestEngine:Able to click on By.xpath: //*[@label='icn arrow right red']
2017-08-08 00:13:01-main--INFO -com.ctaf.accelerators.TestEngine:Able to click on By.xpath: //*[@label='icn arrow right red']
2017-08-08 00:13:32-main--INFO -com.ctaf.accelerators.TestEngine:Able to click on By.xpath: //*[@label='icn arrow right red']
2017-08-08 00:14:03-main--INFO -com.ctaf.accelerators.TestEngine:Able to click on By.xpath: //*[@label='icn arrow right red']
2017-08-08 00:14:32-main--INFO -com.ctaf.accelerators.TestEngine:Able to click on By.xpath: //*[@label='icn arrow right red']
2017-08-08 00:15:03-main--INFO -com.ctaf.accelerators.TestEngine:Able to click on By.xpath: //*[@label='icn arrow right red']
2017-08-08 00:15:32-main--INFO -com.ctaf.accelerators.TestEngine:Able to click on By.xpath: //*[@label='icn arrow right red']
2017-08-08 00:16:03-main--INFO -com.ctaf.accelerators.TestEngine:Able to click on By.xpath: //*[@label='icn arrow right red']
2017-08-08 00:16:32-main--INFO -com.ctaf.accelerators.TestEngine:Able to click on By.xpath: //*[@label='icn arrow right red']
2017-08-08 00:17:01-main--INFO -com.ctaf.accelerators.TestEngine:Able to click on By.xpath: //*[@label='icn arrow right red']
2017-08-08 00:17:32-main--INFO -com.ctaf.accelerators.TestEngine:Able to click on By.xpath: //*[@label='icn arrow right red']
2017-08-08 00:18:01-main--INFO -com.ctaf.accelerators.TestEngine:Able to click on By.xpath: //*[@label='icn arrow right red']
2017-08-08 00:18:32-main--INFO -com.ctaf.accelerators.TestEngine:Able to click on By.xpath: //*[@label='icn arrow right red']
2017-08-08 00:19:01-main--INFO -com.ctaf.accelerators.TestEngine:Able to click on By.xpath: //*[@label='icn arrow right red']
2017-08-08 00:19:32-main--INFO -com.ctaf.accelerators.TestEngine:Able to click on By.xpath: //*[@label='icn arrow right red']
2017-08-08 00:20:01-main--INFO -com.ctaf.accelerators.TestEngine:Able to click on By.xpath: //*[@label='icn arrow right red']
2017-08-08 00:20:30-main--INFO -com.ctaf.accelerators.TestEngine:Able to click on By.xpath: //*[@label='icn arrow right red']
2017-08-08 00:21:01-main--INFO -com.ctaf.accelerators.TestEngine:Able to click on By.xpath: //*[@label='icn arrow right red']
2017-08-08 00:21:30-main--INFO -com.ctaf.accelerators.TestEngine:Able to click on By.xpath: //*[@label='icn arrow right red']
2017-08-08 00:22:01-main--INFO -com.ctaf.accelerators.TestEngine:Able to click on By.xpath: //*[@label='icn arrow right red']
2017-08-08 00:22:30-main--INFO -com.ctaf.accelerators.TestEngine:Able to click on By.xpath: //*[@label='icn arrow right red']
2017-08-08 00:23:01-main--INFO -com.ctaf.accelerators.TestEngine:Able to click on By.xpath: //*[@label='icn arrow right red']
2017-08-08 00:23:30-main--INFO -com.ctaf.accelerators.TestEngine:Able to click on By.xpath: //*[@label='icn arrow right red']
2017-08-08 00:24:01-main--INFO -com.ctaf.accelerators.TestEngine:Able to click on By.xpath: //*[@label='icn arrow right red']
2017-08-08 00:24:34-main--INFO -com.ctaf.accelerators.TestEngine:Able to click on By.xpath: //*[@label='icn arrow right red']
2017-08-08 00:25:03-main--INFO -com.ctaf.accelerators.TestEngine:Able to click on By.xpath: //*[@label='icn arrow right red']
2017-08-08 08:42:57-main--INFO -com.ctaf.accelerators.TestEngine:Unable to click on By.xpath: //*[@label='icn arrow right red']
2017-08-08 11:28:55-main--INFO -com.ctaf.accelerators.TestEngine:Starting browser : iphone
2017-08-08 11:34:06-main--INFO -com.ctaf.accelerators.TestEngine:Starting browser : iphone
2017-08-08 11:35:09-main--INFO -com.ctaf.accelerators.TestEngine:Current Test : TC_39_oneWayInternationalEconomy_JED_ASW
2017-08-08 11:35:19-main--INFO -com.ctaf.accelerators.TestEngine:Able to click on By.xpath: //*[@label='Book flights']
2017-08-08 11:35:37-main--INFO -com.ctaf.accelerators.TestEngine:Able to click on By.xpath: //*[@label='One-way']
2017-08-08 11:35:50-main--INFO -com.ctaf.accelerators.TestEngine:Able to click on By.xpath: //XCUIElementTypeOther[3]/XCUIElementTypeOther[1]/XCUIElementTypeButton
2017-08-08 11:35:56-main--INFO -com.ctaf.accelerators.TestEngine:Able to click on Search
2017-08-08 11:36:03-main--INFO -com.ctaf.accelerators.TestEngine:Typing is performed on Origin
2017-08-08 11:36:05-main--INFO -com.ctaf.accelerators.TestEngine:Able to click on JED
2017-08-08 11:36:12-main--INFO -com.ctaf.accelerators.TestEngine:Typing is performed on Destination
2017-08-08 11:36:15-main--INFO -com.ctaf.accelerators.TestEngine:Able to click on ASW
2017-08-08 11:36:20-main--INFO -com.ctaf.accelerators.TestEngine:Able to click on Find Flights
2017-08-08 11:36:54-main--INFO -com.ctaf.accelerators.TestEngine:Able to click on By.xpath: //XCUIElementTypeTable/XCUIElementTypeCell[1]/XCUIElementTypeButton[12]
2017-08-08 11:37:51-main--INFO -com.ctaf.accelerators.TestEngine:Able to click on By.xpath: //*[@label='Continue to Select Extras']
2017-08-08 11:38:53-main--INFO -com.ctaf.accelerators.TestEngine:Able to click on By.xpath: //*[@label='Continue to Select Seat']
2017-08-08 11:39:12-main--INFO -com.ctaf.accelerators.TestEngine:Able to click on By.xpath: //*[@label='Continue to Payment']
2017-08-08 11:39:31-main--INFO -com.ctaf.accelerators.TestEngine:Able to click on By.xpath: //*[@label='SADAD']
2017-08-08 11:39:43-main--INFO -com.ctaf.accelerators.TestEngine:Able to click on Purchase
2017-08-08 11:40:39-main--INFO -com.ctaf.accelerators.TestEngine:Current Test : TC_40_oneWayInternationalEconomy_JED_HBE
2017-08-08 11:40:48-main--INFO -com.ctaf.accelerators.TestEngine:Able to click on By.xpath: //*[@label='Book flights']
2017-08-08 11:41:07-main--INFO -com.ctaf.accelerators.TestEngine:Able to click on By.xpath: //*[@label='One-way']
2017-08-08 11:41:20-main--INFO -com.ctaf.accelerators.TestEngine:Able to click on By.xpath: //XCUIElementTypeOther[3]/XCUIElementTypeOther[1]/XCUIElementTypeButton
2017-08-08 11:41:25-main--INFO -com.ctaf.accelerators.TestEngine:Able to click on Search
2017-08-08 11:41:32-main--INFO -com.ctaf.accelerators.TestEngine:Typing is performed on Origin
2017-08-08 11:41:34-main--INFO -com.ctaf.accelerators.TestEngine:Able to click on JED
2017-08-08 11:41:41-main--INFO -com.ctaf.accelerators.TestEngine:Typing is performed on Destination
2017-08-08 11:41:43-main--INFO -com.ctaf.accelerators.TestEngine:Able to click on HBE
2017-08-08 11:41:48-main--INFO -com.ctaf.accelerators.TestEngine:Able to click on Find Flights
2017-08-08 11:42:22-main--INFO -com.ctaf.accelerators.TestEngine:Able to click on By.xpath: //XCUIElementTypeTable/XCUIElementTypeCell[1]/XCUIElementTypeButton[12]
2017-08-08 11:43:19-main--INFO -com.ctaf.accelerators.TestEngine:Able to click on By.xpath: //*[@label='Continue to Select Extras']
2017-08-08 11:44:21-main--INFO -com.ctaf.accelerators.TestEngine:Able to click on By.xpath: //*[@label='Continue to Select Seat']
2017-08-08 11:46:13-main--INFO -com.ctaf.accelerators.TestEngine:Able to click on By.xpath: //*[@label='Continue to Payment']
2017-08-08 11:46:48-main--INFO -com.ctaf.accelerators.TestEngine:Able to click on By.xpath: //*[@label='SADAD']
2017-08-08 11:47:00-main--INFO -com.ctaf.accelerators.TestEngine:Able to click on Purchase
2017-08-08 11:47:56-main--INFO -com.ctaf.accelerators.TestEngine:Current Test : TC_41_oneWayInternationalEconomy_JED_HMB
2017-08-08 11:48:06-main--INFO -com.ctaf.accelerators.TestEngine:Able to click on By.xpath: //*[@label='Book flights']
2017-08-08 11:48:24-main--INFO -com.ctaf.accelerators.TestEngine:Able to click on By.xpath: //*[@label='One-way']
2017-08-08 11:48:37-main--INFO -com.ctaf.accelerators.TestEngine:Able to click on By.xpath: //XCUIElementTypeOther[3]/XCUIElementTypeOther[1]/XCUIElementTypeButton
2017-08-08 11:48:42-main--INFO -com.ctaf.accelerators.TestEngine:Able to click on Search
2017-08-08 11:48:49-main--INFO -com.ctaf.accelerators.TestEngine:Typing is performed on Origin
2017-08-08 11:48:51-main--INFO -com.ctaf.accelerators.TestEngine:Able to click on JED
2017-08-08 11:48:58-main--INFO -com.ctaf.accelerators.TestEngine:Typing is performed on Destination
2017-08-08 11:49:01-main--INFO -com.ctaf.accelerators.TestEngine:Able to click on HMB
2017-08-08 11:49:06-main--INFO -com.ctaf.accelerators.TestEngine:Able to click on Find Flights
2017-08-08 11:49:35-main--INFO -com.ctaf.accelerators.TestEngine:Able to click on By.xpath: //*[@label='icn arrow right red']
2017-08-08 11:50:03-main--INFO -com.ctaf.accelerators.TestEngine:Able to click on By.xpath: //*[@label='icn arrow right red']
2017-08-08 11:51:07-main--INFO -com.ctaf.accelerators.TestEngine:Able to click on By.xpath: //XCUIElementTypeTable/XCUIElementTypeCell[1]/XCUIElementTypeButton[12]
2017-08-08 11:52:09-main--INFO -com.ctaf.accelerators.TestEngine:Able to click on By.xpath: //*[@label='Continue to Select Extras']
2017-08-08 11:53:11-main--INFO -com.ctaf.accelerators.TestEngine:Able to click on By.xpath: //*[@label='Continue to Select Seat']
2017-08-08 11:55:18-main--INFO -com.ctaf.accelerators.TestEngine:Able to click on By.xpath: //*[@label='Continue to Payment']
2017-08-08 11:56:39-main--INFO -com.ctaf.accelerators.TestEngine:Able to click on By.xpath: //*[@label='SADAD']
2017-08-08 11:56:51-main--INFO -com.ctaf.accelerators.TestEngine:Able to click on Purchase
2017-08-08 11:57:46-main--INFO -com.ctaf.accelerators.TestEngine:Current Test : TC_42_oneWayInternationalEconomy_RUH_HMB
2017-08-08 11:57:56-main--INFO -com.ctaf.accelerators.TestEngine:Able to click on By.xpath: //*[@label='Book flights']
2017-08-08 11:58:14-main--INFO -com.ctaf.accelerators.TestEngine:Able to click on By.xpath: //*[@label='One-way']
2017-08-08 11:58:27-main--INFO -com.ctaf.accelerators.TestEngine:Able to click on By.xpath: //XCUIElementTypeOther[3]/XCUIElementTypeOther[1]/XCUIElementTypeButton
2017-08-08 11:58:33-main--INFO -com.ctaf.accelerators.TestEngine:Able to click on Search
2017-08-08 11:58:39-main--INFO -com.ctaf.accelerators.TestEngine:Typing is performed on Origin
2017-08-08 11:58:42-main--INFO -com.ctaf.accelerators.TestEngine:Able to click on RUH
2017-08-08 11:58:49-main--INFO -com.ctaf.accelerators.TestEngine:Typing is performed on Destination
2017-08-08 11:58:51-main--INFO -com.ctaf.accelerators.TestEngine:Able to click on HMB
2017-08-08 11:58:56-main--INFO -com.ctaf.accelerators.TestEngine:Able to click on Find Flights
2017-08-08 11:59:26-main--INFO -com.ctaf.accelerators.TestEngine:Able to click on By.xpath: //*[@label='icn arrow right red']
2017-08-08 11:59:53-main--INFO -com.ctaf.accelerators.TestEngine:Able to click on By.xpath: //*[@label='icn arrow right red']
2017-08-08 12:00:58-main--INFO -com.ctaf.accelerators.TestEngine:Able to click on By.xpath: //XCUIElementTypeTable/XCUIElementTypeCell[1]/XCUIElementTypeButton[12]
2017-08-08 12:01:59-main--INFO -com.ctaf.accelerators.TestEngine:Able to click on By.xpath: //*[@label='Continue to Select Extras']
2017-08-08 12:03:02-main--INFO -com.ctaf.accelerators.TestEngine:Able to click on By.xpath: //*[@label='Continue to Select Seat']
2017-08-08 12:05:09-main--INFO -com.ctaf.accelerators.TestEngine:Able to click on By.xpath: //*[@label='Continue to Payment']
2017-08-08 12:05:44-main--INFO -com.ctaf.accelerators.TestEngine:Able to click on By.xpath: //*[@label='SADAD']
2017-08-08 12:05:55-main--INFO -com.ctaf.accelerators.TestEngine:Able to click on Purchase
2017-08-08 12:06:51-main--INFO -com.ctaf.accelerators.TestEngine:Current Test : TC_43_oneWayInternationalEconomy_JED_LXR
2017-08-08 12:07:00-main--INFO -com.ctaf.accelerators.TestEngine:Able to click on By.xpath: //*[@label='Book flights']
2017-08-08 12:07:19-main--INFO -com.ctaf.accelerators.TestEngine:Able to click on By.xpath: //*[@label='One-way']
2017-08-08 12:07:32-main--INFO -com.ctaf.accelerators.TestEngine:Able to click on By.xpath: //XCUIElementTypeOther[3]/XCUIElementTypeOther[1]/XCUIElementTypeButton
2017-08-08 12:07:37-main--INFO -com.ctaf.accelerators.TestEngine:Able to click on Search
2017-08-08 12:07:44-main--INFO -com.ctaf.accelerators.TestEngine:Typing is performed on Origin
2017-08-08 12:07:47-main--INFO -com.ctaf.accelerators.TestEngine:Able to click on JED
2017-08-08 12:07:53-main--INFO -com.ctaf.accelerators.TestEngine:Typing is performed on Destination
2017-08-08 12:07:56-main--INFO -com.ctaf.accelerators.TestEngine:Able to click on LXR
2017-08-08 12:08:01-main--INFO -com.ctaf.accelerators.TestEngine:Able to click on Find Flights
2017-08-08 12:08:30-main--INFO -com.ctaf.accelerators.TestEngine:Able to click on By.xpath: //*[@label='icn arrow right red']
2017-08-08 12:08:58-main--INFO -com.ctaf.accelerators.TestEngine:Able to click on By.xpath: //*[@label='icn arrow right red']
2017-08-08 12:09:25-main--INFO -com.ctaf.accelerators.TestEngine:Able to click on By.xpath: //*[@label='icn arrow right red']
2017-08-08 12:09:54-main--INFO -com.ctaf.accelerators.TestEngine:Able to click on By.xpath: //*[@label='icn arrow right red']
2017-08-08 12:10:21-main--INFO -com.ctaf.accelerators.TestEngine:Able to click on By.xpath: //*[@label='icn arrow right red']
2017-08-08 12:10:50-main--INFO -com.ctaf.accelerators.TestEngine:Able to click on By.xpath: //*[@label='icn arrow right red']
2017-08-08 12:11:17-main--INFO -com.ctaf.accelerators.TestEngine:Able to click on By.xpath: //*[@label='icn arrow right red']
2017-08-08 12:11:46-main--INFO -com.ctaf.accelerators.TestEngine:Able to click on By.xpath: //*[@label='icn arrow right red']
2017-08-08 12:12:16-main--INFO -com.ctaf.accelerators.TestEngine:Able to click on By.xpath: //*[@label='icn arrow right red']
2017-08-08 12:12:42-main--INFO -com.ctaf.accelerators.TestEngine:Able to click on By.xpath: //*[@label='icn arrow right red']
2017-08-08 12:13:13-main--INFO -com.ctaf.accelerators.TestEngine:Able to click on By.xpath: //*[@label='icn arrow right red']
2017-08-08 12:13:40-main--INFO -com.ctaf.accelerators.TestEngine:Able to click on By.xpath: //*[@label='icn arrow right red']
2017-08-08 12:14:09-main--INFO -com.ctaf.accelerators.TestEngine:Able to click on By.xpath: //*[@label='icn arrow right red']
2017-08-08 12:14:36-main--INFO -com.ctaf.accelerators.TestEngine:Able to click on By.xpath: //*[@label='icn arrow right red']
2017-08-08 12:15:05-main--INFO -com.ctaf.accelerators.TestEngine:Able to click on By.xpath: //*[@label='icn arrow right red']
2017-08-08 12:15:35-main--INFO -com.ctaf.accelerators.TestEngine:Able to click on By.xpath: //*[@label='icn arrow right red']
2017-08-08 12:16:02-main--INFO -com.ctaf.accelerators.TestEngine:Able to click on By.xpath: //*[@label='icn arrow right red']
2017-08-08 12:16:33-main--INFO -com.ctaf.accelerators.TestEngine:Able to click on By.xpath: //*[@label='icn arrow right red']
2017-08-08 12:17:00-main--INFO -com.ctaf.accelerators.TestEngine:Able to click on By.xpath: //*[@label='icn arrow right red']
2017-08-08 12:17:29-main--INFO -com.ctaf.accelerators.TestEngine:Able to click on By.xpath: //*[@label='icn arrow right red']
2017-08-08 12:23:43-main--INFO -com.ctaf.accelerators.TestEngine:Unable to click on By.xpath: //*[@label='icn arrow right red']
2017-08-08 12:23:44-main--INFO -com.ctaf.accelerators.TestEngine: Able to get TscreenShot
2017-08-08 12:24:09-main--INFO -com.ctaf.accelerators.TestEngine:Current Test : TC_44_roundTripInternationalEconomy_JED_SSH
2017-08-08 12:24:18-main--INFO -com.ctaf.accelerators.TestEngine:Able to click on By.xpath: //*[@label='Book flights']
2017-08-08 12:24:37-main--INFO -com.ctaf.accelerators.TestEngine:Able to click on By.xpath: //*[@label='Return']
2017-08-08 12:24:50-main--INFO -com.ctaf.accelerators.TestEngine:Able to click on By.xpath: //XCUIElementTypeOther[3]/XCUIElementTypeOther[1]/XCUIElementTypeButton
2017-08-08 12:24:55-main--INFO -com.ctaf.accelerators.TestEngine:Able to click on Search
2017-08-08 12:25:02-main--INFO -com.ctaf.accelerators.TestEngine:Typing is performed on Origin
2017-08-08 12:25:04-main--INFO -com.ctaf.accelerators.TestEngine:Able to click on JED
2017-08-08 12:25:11-main--INFO -com.ctaf.accelerators.TestEngine:Typing is performed on Destination
2017-08-08 12:25:14-main--INFO -com.ctaf.accelerators.TestEngine:Able to click on SSH
2017-08-08 12:25:18-main--INFO -com.ctaf.accelerators.TestEngine:Able to click on Find Flights
2017-08-08 12:26:16-main--INFO -com.ctaf.accelerators.TestEngine:Able to click on By.xpath: //XCUIElementTypeTable/XCUIElementTypeCell[1]/XCUIElementTypeButton[12]
2017-08-08 12:26:44-main--INFO -com.ctaf.accelerators.TestEngine:Able to click on By.xpath: //*[@label='icn arrow right red']
2017-08-08 12:27:18-main--INFO -com.ctaf.accelerators.TestEngine:Able to click on By.xpath: //*[@label='icn arrow right red']
2017-08-08 12:28:13-main--INFO -com.ctaf.accelerators.TestEngine:Able to click on By.xpath: //XCUIElementTypeTable/XCUIElementTypeCell[1]/XCUIElementTypeButton[12]
2017-08-08 12:29:59-main--INFO -com.ctaf.accelerators.TestEngine:Able to click on By.xpath: //*[@label='Continue to Select Extras']
2017-08-08 12:31:16-main--INFO -com.ctaf.accelerators.TestEngine:Able to click on By.xpath: //*[@label='Continue to Select Seat']
2017-08-08 12:31:58-main--INFO -com.ctaf.accelerators.TestEngine:Able to click on By.xpath: //*[@label='Continue to Payment']
2017-08-08 12:33:19-main--INFO -com.ctaf.accelerators.TestEngine:Able to click on By.xpath: //*[@label='SADAD']
2017-08-08 12:33:31-main--INFO -com.ctaf.accelerators.TestEngine:Able to click on Purchase
2017-08-08 12:34:37-main--INFO -com.ctaf.accelerators.TestEngine:Current Test : TC_45_roundTripInternationalEconomy_JED_CAI
2017-08-08 12:34:47-main--INFO -com.ctaf.accelerators.TestEngine:Able to click on By.xpath: //*[@label='Book flights']
2017-08-08 12:35:06-main--INFO -com.ctaf.accelerators.TestEngine:Able to click on By.xpath: //*[@label='Return']
2017-08-08 12:35:18-main--INFO -com.ctaf.accelerators.TestEngine:Able to click on By.xpath: //XCUIElementTypeOther[3]/XCUIElementTypeOther[1]/XCUIElementTypeButton
2017-08-08 12:35:24-main--INFO -com.ctaf.accelerators.TestEngine:Able to click on Search
2017-08-08 12:35:31-main--INFO -com.ctaf.accelerators.TestEngine:Typing is performed on Origin
2017-08-08 12:35:33-main--INFO -com.ctaf.accelerators.TestEngine:Able to click on JED
2017-08-08 12:35:40-main--INFO -com.ctaf.accelerators.TestEngine:Typing is performed on Destination
2017-08-08 12:35:43-main--INFO -com.ctaf.accelerators.TestEngine:Able to click on CAI
2017-08-08 12:35:47-main--INFO -com.ctaf.accelerators.TestEngine:Able to click on Find Flights
2017-08-08 12:37:01-main--INFO -com.ctaf.accelerators.TestEngine:Able to click on By.xpath: //XCUIElementTypeTable/XCUIElementTypeCell[1]/XCUIElementTypeButton[12]
2017-08-08 12:38:12-main--INFO -com.ctaf.accelerators.TestEngine:Able to click on By.xpath: //XCUIElementTypeTable/XCUIElementTypeCell[1]/XCUIElementTypeButton[12]
2017-08-08 12:40:01-main--INFO -com.ctaf.accelerators.TestEngine:Able to click on By.xpath: //*[@label='Continue to Select Extras']
2017-08-08 12:41:17-main--INFO -com.ctaf.accelerators.TestEngine:Able to click on By.xpath: //*[@label='Continue to Select Seat']
2017-08-08 12:42:00-main--INFO -com.ctaf.accelerators.TestEngine:Able to click on By.xpath: //*[@label='Continue to Payment']
2017-08-08 12:44:06-main--INFO -com.ctaf.accelerators.TestEngine:Able to click on By.xpath: //*[@label='SADAD']
2017-08-08 12:44:18-main--INFO -com.ctaf.accelerators.TestEngine:Able to click on Purchase
2017-08-08 12:45:19-main--INFO -com.ctaf.accelerators.TestEngine:Current Test : TC_46_roundTripInternationalEconomy_RUH_CAI
2017-08-08 12:45:28-main--INFO -com.ctaf.accelerators.TestEngine:Able to click on By.xpath: //*[@label='Book flights']
2017-08-08 12:45:47-main--INFO -com.ctaf.accelerators.TestEngine:Able to click on By.xpath: //*[@label='Return']
2017-08-08 12:45:59-main--INFO -com.ctaf.accelerators.TestEngine:Able to click on By.xpath: //XCUIElementTypeOther[3]/XCUIElementTypeOther[1]/XCUIElementTypeButton
2017-08-08 12:46:05-main--INFO -com.ctaf.accelerators.TestEngine:Able to click on Search
2017-08-08 12:46:12-main--INFO -com.ctaf.accelerators.TestEngine:Typing is performed on Origin
2017-08-08 12:46:14-main--INFO -com.ctaf.accelerators.TestEngine:Able to click on RUH
2017-08-08 12:46:21-main--INFO -com.ctaf.accelerators.TestEngine:Typing is performed on Destination
2017-08-08 12:46:23-main--INFO -com.ctaf.accelerators.TestEngine:Able to click on CAI
2017-08-08 12:46:28-main--INFO -com.ctaf.accelerators.TestEngine:Able to click on Find Flights
2017-08-08 12:47:50-main--INFO -com.ctaf.accelerators.TestEngine:Able to click on By.xpath: //XCUIElementTypeTable/XCUIElementTypeCell[1]/XCUIElementTypeButton[12]
2017-08-08 12:55:01-main--INFO -com.ctaf.accelerators.TestEngine: Able to get TscreenShot
2017-08-08 12:55:24-main--INFO -com.ctaf.accelerators.TestEngine:Current Test : TC_47_roundTripInternationalEconomy_RUH_ATZ
2017-08-08 12:55:33-main--INFO -com.ctaf.accelerators.TestEngine:Able to click on By.xpath: //*[@label='Book flights']
2017-08-08 12:55:52-main--INFO -com.ctaf.accelerators.TestEngine:Able to click on By.xpath: //*[@label='Return']
2017-08-08 12:56:04-main--INFO -com.ctaf.accelerators.TestEngine:Able to click on By.xpath: //XCUIElementTypeOther[3]/XCUIElementTypeOther[1]/XCUIElementTypeButton
2017-08-08 12:56:10-main--INFO -com.ctaf.accelerators.TestEngine:Able to click on Search
2017-08-08 12:56:17-main--INFO -com.ctaf.accelerators.TestEngine:Typing is performed on Origin
2017-08-08 12:56:19-main--INFO -com.ctaf.accelerators.TestEngine:Able to click on RUH
2017-08-08 12:56:26-main--INFO -com.ctaf.accelerators.TestEngine:Typing is performed on Destination
2017-08-08 12:56:28-main--INFO -com.ctaf.accelerators.TestEngine:Able to click on ATZ
2017-08-08 12:56:33-main--INFO -com.ctaf.accelerators.TestEngine:Able to click on Find Flights
2017-08-08 12:57:08-main--INFO -com.ctaf.accelerators.TestEngine:Able to click on By.xpath: //XCUIElementTypeTable/XCUIElementTypeCell[1]/XCUIElementTypeButton[12]
2017-08-08 12:57:43-main--INFO -com.ctaf.accelerators.TestEngine:Able to click on By.xpath: //XCUIElementTypeTable/XCUIElementTypeCell[1]/XCUIElementTypeButton[12]
2017-08-08 12:59:28-main--INFO -com.ctaf.accelerators.TestEngine:Able to click on By.xpath: //*[@label='Continue to Select Extras']
2017-08-08 13:02:01-main--INFO -com.ctaf.accelerators.TestEngine:Able to click on By.xpath: //*[@label='Continue to Select Seat']
2017-08-08 13:02:43-main--INFO -com.ctaf.accelerators.TestEngine:Able to click on By.xpath: //*[@label='Continue to Payment']
2017-08-08 13:04:19-main--INFO -com.ctaf.accelerators.TestEngine:Able to click on By.xpath: //*[@label='SADAD']
2017-08-08 13:04:31-main--INFO -com.ctaf.accelerators.TestEngine:Able to click on Purchase
2017-08-08 13:05:31-main--INFO -com.ctaf.accelerators.TestEngine:Current Test : TC_48_roundTripInternationalEconomy_JED_ATZ
2017-08-08 13:05:41-main--INFO -com.ctaf.accelerators.TestEngine:Able to click on By.xpath: //*[@label='Book flights']
2017-08-08 13:05:59-main--INFO -com.ctaf.accelerators.TestEngine:Able to click on By.xpath: //*[@label='Return']
2017-08-08 13:06:12-main--INFO -com.ctaf.accelerators.TestEngine:Able to click on By.xpath: //XCUIElementTypeOther[3]/XCUIElementTypeOther[1]/XCUIElementTypeButton
2017-08-08 13:06:18-main--INFO -com.ctaf.accelerators.TestEngine:Able to click on Search
2017-08-08 13:06:24-main--INFO -com.ctaf.accelerators.TestEngine:Typing is performed on Origin
2017-08-08 13:06:27-main--INFO -com.ctaf.accelerators.TestEngine:Able to click on JED
2017-08-08 13:06:34-main--INFO -com.ctaf.accelerators.TestEngine:Typing is performed on Destination
2017-08-08 13:06:36-main--INFO -com.ctaf.accelerators.TestEngine:Able to click on ATZ
2017-08-08 13:06:41-main--INFO -com.ctaf.accelerators.TestEngine:Able to click on Find Flights
2017-08-08 13:07:16-main--INFO -com.ctaf.accelerators.TestEngine:Able to click on By.xpath: //XCUIElementTypeTable/XCUIElementTypeCell[1]/XCUIElementTypeButton[12]
2017-08-08 13:07:52-main--INFO -com.ctaf.accelerators.TestEngine:Able to click on By.xpath: //XCUIElementTypeTable/XCUIElementTypeCell[1]/XCUIElementTypeButton[12]
2017-08-08 13:08:51-main--INFO -com.ctaf.accelerators.TestEngine:Able to click on By.xpath: //*[@label='Continue to Select Extras']
2017-08-08 13:10:08-main--INFO -com.ctaf.accelerators.TestEngine:Able to click on By.xpath: //*[@label='Continue to Select Seat']
2017-08-08 13:13:05-main--INFO -com.ctaf.accelerators.TestEngine:Able to click on By.xpath: //*[@label='Continue to Payment']
2017-08-08 13:13:56-main--INFO -com.ctaf.accelerators.TestEngine:Able to click on By.xpath: //*[@label='SADAD']
2017-08-08 13:14:08-main--INFO -com.ctaf.accelerators.TestEngine:Able to click on Purchase
2017-08-08 13:15:09-main--INFO -com.ctaf.accelerators.TestEngine:Current Test : TC_49_roundTripInternationalEconomy_JED_AMM
2017-08-08 13:15:18-main--INFO -com.ctaf.accelerators.TestEngine:Able to click on By.xpath: //*[@label='Book flights']
2017-08-08 13:15:37-main--INFO -com.ctaf.accelerators.TestEngine:Able to click on By.xpath: //*[@label='Return']
2017-08-08 13:15:50-main--INFO -com.ctaf.accelerators.TestEngine:Able to click on By.xpath: //XCUIElementTypeOther[3]/XCUIElementTypeOther[1]/XCUIElementTypeButton
2017-08-08 13:15:55-main--INFO -com.ctaf.accelerators.TestEngine:Able to click on Search
2017-08-08 13:16:02-main--INFO -com.ctaf.accelerators.TestEngine:Typing is performed on Origin
2017-08-08 13:16:04-main--INFO -com.ctaf.accelerators.TestEngine:Able to click on JED
2017-08-08 13:16:11-main--INFO -com.ctaf.accelerators.TestEngine:Typing is performed on Destination
2017-08-08 13:16:14-main--INFO -com.ctaf.accelerators.TestEngine:Able to click on AMM
2017-08-08 13:16:18-main--INFO -com.ctaf.accelerators.TestEngine:Able to click on Find Flights
2017-08-08 13:17:44-main--INFO -com.ctaf.accelerators.TestEngine:Able to click on By.xpath: //XCUIElementTypeTable/XCUIElementTypeCell[1]/XCUIElementTypeButton[12]
2017-08-08 13:18:11-main--INFO -com.ctaf.accelerators.TestEngine:Able to click on By.xpath: //*[@label='icn arrow right red']
2017-08-08 13:18:45-main--INFO -com.ctaf.accelerators.TestEngine:Able to click on By.xpath: //*[@label='icn arrow right red']
2017-08-08 13:19:27-main--INFO -com.ctaf.accelerators.TestEngine:Able to click on By.xpath: //XCUIElementTypeTable/XCUIElementTypeCell[1]/XCUIElementTypeButton[12]
2017-08-08 13:20:26-main--INFO -com.ctaf.accelerators.TestEngine:Able to click on By.xpath: //*[@label='Continue to Select Extras']
2017-08-08 13:21:43-main--INFO -com.ctaf.accelerators.TestEngine:Able to click on By.xpath: //*[@label='Continue to Select Seat']
2017-08-08 13:22:25-main--INFO -com.ctaf.accelerators.TestEngine:Able to click on By.xpath: //*[@label='Continue to Payment']
2017-08-08 13:24:31-main--INFO -com.ctaf.accelerators.TestEngine:Able to click on By.xpath: //*[@label='SADAD']
2017-08-08 13:24:43-main--INFO -com.ctaf.accelerators.TestEngine:Able to click on Purchase
2017-08-08 13:25:42-main--INFO -com.ctaf.accelerators.TestEngine:Current Test : TC_50_roundTripInternationalEconomy_RUH_AMM
2017-08-08 13:25:52-main--INFO -com.ctaf.accelerators.TestEngine:Able to click on By.xpath: //*[@label='Book flights']
2017-08-08 13:26:11-main--INFO -com.ctaf.accelerators.TestEngine:Able to click on By.xpath: //*[@label='Return']
2017-08-08 13:26:24-main--INFO -com.ctaf.accelerators.TestEngine:Able to click on By.xpath: //XCUIElementTypeOther[3]/XCUIElementTypeOther[1]/XCUIElementTypeButton
2017-08-08 13:26:29-main--INFO -com.ctaf.accelerators.TestEngine:Able to click on Search
2017-08-08 13:26:36-main--INFO -com.ctaf.accelerators.TestEngine:Typing is performed on Origin
2017-08-08 13:26:38-main--INFO -com.ctaf.accelerators.TestEngine:Able to click on RUH
2017-08-08 13:26:45-main--INFO -com.ctaf.accelerators.TestEngine:Typing is performed on Destination
2017-08-08 13:26:47-main--INFO -com.ctaf.accelerators.TestEngine:Able to click on AMM
2017-08-08 13:26:52-main--INFO -com.ctaf.accelerators.TestEngine:Able to click on Find Flights
2017-08-08 13:28:12-main--INFO -com.ctaf.accelerators.TestEngine:Able to click on By.xpath: //XCUIElementTypeTable/XCUIElementTypeCell[1]/XCUIElementTypeButton[12]
2017-08-08 13:28:50-main--INFO -com.ctaf.accelerators.TestEngine:Able to click on By.xpath: //XCUIElementTypeTable/XCUIElementTypeCell[1]/XCUIElementTypeButton[12]
2017-08-08 13:36:37-main--INFO -com.ctaf.accelerators.TestEngine:Able to click on By.xpath: //*[@label='Continue to Select Extras']
2017-08-08 13:39:11-main--INFO -com.ctaf.accelerators.TestEngine:Able to click on By.xpath: //*[@label='Continue to Select Seat']
2017-08-08 13:42:08-main--INFO -com.ctaf.accelerators.TestEngine:Able to click on By.xpath: //*[@label='Continue to Payment']
2017-08-08 13:42:45-main--INFO -com.ctaf.accelerators.TestEngine:Able to click on By.xpath: //*[@label='SADAD']
2017-08-08 13:42:57-main--INFO -com.ctaf.accelerators.TestEngine:Able to click on Purchase
2017-08-08 13:43:58-main--INFO -com.ctaf.accelerators.TestEngine:Current Test : TC_51_multiCityInternationalEconomy_JED_SAW
2017-08-08 13:44:07-main--INFO -com.ctaf.accelerators.TestEngine:Able to click on By.xpath: //*[@label='Book flights']
2017-08-08 13:44:26-main--INFO -com.ctaf.accelerators.TestEngine:Able to click on By.xpath: //*[@label='Multi-City']
2017-08-08 13:44:39-main--INFO -com.ctaf.accelerators.TestEngine:Able to click on By.xpath: //XCUIElementTypeOther[3]/XCUIElementTypeOther[1]/XCUIElementTypeButton
2017-08-08 13:44:44-main--INFO -com.ctaf.accelerators.TestEngine:Able to click on Search
2017-08-08 13:44:51-main--INFO -com.ctaf.accelerators.TestEngine:Typing is performed on Origin
2017-08-08 13:44:54-main--INFO -com.ctaf.accelerators.TestEngine:Able to click on JED
2017-08-08 13:45:01-main--INFO -com.ctaf.accelerators.TestEngine:Typing is performed on Destination
2017-08-08 13:45:03-main--INFO -com.ctaf.accelerators.TestEngine:Able to click on SAW
2017-08-08 13:45:20-main--INFO -com.ctaf.accelerators.TestEngine:Able to click on By.xpath: //XCUIElementTypeOther[3]/XCUIElementTypeOther[4]/XCUIElementTypeButton
2017-08-08 13:45:25-main--INFO -com.ctaf.accelerators.TestEngine:Able to click on Search
2017-08-08 13:45:32-main--INFO -com.ctaf.accelerators.TestEngine:Typing is performed on Origin
2017-08-08 13:45:34-main--INFO -com.ctaf.accelerators.TestEngine:Able to click on RUH
2017-08-08 13:45:41-main--INFO -com.ctaf.accelerators.TestEngine:Typing is performed on Destination
2017-08-08 13:45:44-main--INFO -com.ctaf.accelerators.TestEngine:Able to click on HMB
2017-08-08 13:45:49-main--INFO -com.ctaf.accelerators.TestEngine:Able to click on Find Flights
2017-08-08 13:47:08-main--INFO -com.ctaf.accelerators.TestEngine:Able to click on By.xpath: //XCUIElementTypeTable/XCUIElementTypeCell[1]/XCUIElementTypeButton[12]
2017-08-08 13:48:20-main--INFO -com.ctaf.accelerators.TestEngine:Able to click on By.xpath: //XCUIElementTypeTable/XCUIElementTypeCell[1]/XCUIElementTypeButton[12]
2017-08-08 13:50:09-main--INFO -com.ctaf.accelerators.TestEngine:Able to click on By.xpath: //*[@label='Continue to Select Extras']
2017-08-08 13:51:27-main--INFO -com.ctaf.accelerators.TestEngine:Able to click on By.xpath: //*[@label='Continue to Select Seat']
2017-08-08 13:54:24-main--INFO -com.ctaf.accelerators.TestEngine:Able to click on By.xpath: //*[@label='Continue to Payment']
2017-08-08 13:55:00-main--INFO -com.ctaf.accelerators.TestEngine:Able to click on By.xpath: //*[@label='SADAD']
2017-08-08 13:55:11-main--INFO -com.ctaf.accelerators.TestEngine:Able to click on Purchase
2017-08-08 13:56:12-main--INFO -com.ctaf.accelerators.TestEngine:Current Test : TC_52_multiCityInternationalEconomy_RUH_SAW
2017-08-08 13:56:22-main--INFO -com.ctaf.accelerators.TestEngine:Able to click on By.xpath: //*[@label='Book flights']
2017-08-08 13:56:41-main--INFO -com.ctaf.accelerators.TestEngine:Able to click on By.xpath: //*[@label='Multi-City']
2017-08-08 13:56:54-main--INFO -com.ctaf.accelerators.TestEngine:Able to click on By.xpath: //XCUIElementTypeOther[3]/XCUIElementTypeOther[1]/XCUIElementTypeButton
2017-08-08 13:56:59-main--INFO -com.ctaf.accelerators.TestEngine:Able to click on Search
2017-08-08 13:57:06-main--INFO -com.ctaf.accelerators.TestEngine:Typing is performed on Origin
2017-08-08 13:57:09-main--INFO -com.ctaf.accelerators.TestEngine:Able to click on RUH
2017-08-08 13:57:16-main--INFO -com.ctaf.accelerators.TestEngine:Typing is performed on Destination
2017-08-08 13:57:18-main--INFO -com.ctaf.accelerators.TestEngine:Able to click on SAW
2017-08-08 13:57:35-main--INFO -com.ctaf.accelerators.TestEngine:Able to click on By.xpath: //XCUIElementTypeOther[3]/XCUIElementTypeOther[4]/XCUIElementTypeButton
2017-08-08 13:57:40-main--INFO -com.ctaf.accelerators.TestEngine:Able to click on Search
2017-08-08 13:57:47-main--INFO -com.ctaf.accelerators.TestEngine:Typing is performed on Origin
2017-08-08 13:57:49-main--INFO -com.ctaf.accelerators.TestEngine:Able to click on RUH
2017-08-08 13:57:56-main--INFO -com.ctaf.accelerators.TestEngine:Typing is performed on Destination
2017-08-08 13:57:59-main--INFO -com.ctaf.accelerators.TestEngine:Able to click on HMB
2017-08-08 13:58:04-main--INFO -com.ctaf.accelerators.TestEngine:Able to click on Find Flights
2017-08-08 13:59:20-main--INFO -com.ctaf.accelerators.TestEngine:Able to click on By.xpath: //XCUIElementTypeTable/XCUIElementTypeCell[1]/XCUIElementTypeButton[12]
2017-08-08 14:00:19-main--INFO -com.ctaf.accelerators.TestEngine:Able to click on By.xpath: //XCUIElementTypeTable/XCUIElementTypeCell[1]/XCUIElementTypeButton[12]
2017-08-08 14:08:17-main--INFO -com.ctaf.accelerators.TestEngine:Unable to click on By.xpath: //*[@label='Continue to Select Extras']
2017-08-08 14:08:17-main--INFO -com.ctaf.accelerators.TestEngine: Able to get TscreenShot
2017-08-08 14:08:40-main--INFO -com.ctaf.accelerators.TestEngine:Current Test : TC_53_multiCityInternationalEconomy_JED_HTY
2017-08-08 14:08:49-main--INFO -com.ctaf.accelerators.TestEngine:Able to click on By.xpath: //*[@label='Book flights']
2017-08-08 14:09:08-main--INFO -com.ctaf.accelerators.TestEngine:Able to click on By.xpath: //*[@label='Multi-City']
2017-08-08 14:09:21-main--INFO -com.ctaf.accelerators.TestEngine:Able to click on By.xpath: //XCUIElementTypeOther[3]/XCUIElementTypeOther[1]/XCUIElementTypeButton
2017-08-08 14:09:27-main--INFO -com.ctaf.accelerators.TestEngine:Able to click on Search
2017-08-08 14:09:34-main--INFO -com.ctaf.accelerators.TestEngine:Typing is performed on Origin
2017-08-08 14:09:36-main--INFO -com.ctaf.accelerators.TestEngine:Able to click on JED
2017-08-08 14:09:43-main--INFO -com.ctaf.accelerators.TestEngine:Typing is performed on Destination
2017-08-08 14:09:46-main--INFO -com.ctaf.accelerators.TestEngine:Able to click on HTY
2017-08-08 14:10:02-main--INFO -com.ctaf.accelerators.TestEngine:Able to click on By.xpath: //XCUIElementTypeOther[3]/XCUIElementTypeOther[4]/XCUIElementTypeButton
2017-08-08 14:10:07-main--INFO -com.ctaf.accelerators.TestEngine:Able to click on Search
2017-08-08 14:10:14-main--INFO -com.ctaf.accelerators.TestEngine:Typing is performed on Origin
2017-08-08 14:10:17-main--INFO -com.ctaf.accelerators.TestEngine:Able to click on RUH
2017-08-08 14:10:23-main--INFO -com.ctaf.accelerators.TestEngine:Typing is performed on Destination
2017-08-08 14:10:26-main--INFO -com.ctaf.accelerators.TestEngine:Able to click on HMB
2017-08-08 14:10:31-main--INFO -com.ctaf.accelerators.TestEngine:Able to click on Find Flights
2017-08-08 14:11:59-main--INFO -com.ctaf.accelerators.TestEngine:Able to click on By.xpath: //XCUIElementTypeTable/XCUIElementTypeCell[1]/XCUIElementTypeButton[12]
2017-08-08 14:13:00-main--INFO -com.ctaf.accelerators.TestEngine:Able to click on By.xpath: //XCUIElementTypeTable/XCUIElementTypeCell[1]/XCUIElementTypeButton[12]
2017-08-08 14:20:24-main--INFO -com.ctaf.accelerators.TestEngine:Unable to click on By.xpath: //*[@label='Continue to Select Extras']
2017-08-08 14:20:24-main--INFO -com.ctaf.accelerators.TestEngine: Able to get TscreenShot
2017-08-08 14:20:51-main--INFO -com.ctaf.accelerators.TestEngine:Current Test : TC_54_multiCityInternationalEconomy_RUH_HTY
2017-08-08 14:21:00-main--INFO -com.ctaf.accelerators.TestEngine:Able to click on By.xpath: //*[@label='Book flights']
2017-08-08 14:21:19-main--INFO -com.ctaf.accelerators.TestEngine:Able to click on By.xpath: //*[@label='Multi-City']
2017-08-08 14:21:32-main--INFO -com.ctaf.accelerators.TestEngine:Able to click on By.xpath: //XCUIElementTypeOther[3]/XCUIElementTypeOther[1]/XCUIElementTypeButton
2017-08-08 14:21:38-main--INFO -com.ctaf.accelerators.TestEngine:Able to click on Search
2017-08-08 14:21:45-main--INFO -com.ctaf.accelerators.TestEngine:Typing is performed on Origin
2017-08-08 14:21:47-main--INFO -com.ctaf.accelerators.TestEngine:Able to click on RUH
2017-08-08 14:21:55-main--INFO -com.ctaf.accelerators.TestEngine:Typing is performed on Destination
2017-08-08 14:21:58-main--INFO -com.ctaf.accelerators.TestEngine:Able to click on HTY
2017-08-08 14:29:10-main--INFO -com.ctaf.accelerators.TestEngine:Unable to click on By.xpath: //XCUIElementTypeOther[3]/XCUIElementTypeOther[4]/XCUIElementTypeButton
2017-08-08 14:30:34-main--INFO -com.ctaf.accelerators.TestEngine:Current Test : TC_55_multiCityInternationalEconomy_JED_ADA
2017-08-08 14:30:44-main--INFO -com.ctaf.accelerators.TestEngine:Able to click on By.xpath: //*[@label='Book flights']
2017-08-08 14:31:03-main--INFO -com.ctaf.accelerators.TestEngine:Able to click on By.xpath: //*[@label='Multi-City']
2017-08-08 14:31:16-main--INFO -com.ctaf.accelerators.TestEngine:Able to click on By.xpath: //XCUIElementTypeOther[3]/XCUIElementTypeOther[1]/XCUIElementTypeButton
2017-08-08 14:31:22-main--INFO -com.ctaf.accelerators.TestEngine:Able to click on Search
2017-08-08 14:31:29-main--INFO -com.ctaf.accelerators.TestEngine:Typing is performed on Origin
2017-08-08 14:31:32-main--INFO -com.ctaf.accelerators.TestEngine:Able to click on JED
2017-08-08 14:31:39-main--INFO -com.ctaf.accelerators.TestEngine:Typing is performed on Destination
2017-08-08 14:31:41-main--INFO -com.ctaf.accelerators.TestEngine:Able to click on ADA
2017-08-08 14:32:38-main--INFO -com.ctaf.accelerators.TestEngine:Unable to click on By.xpath: //XCUIElementTypeOther[3]/XCUIElementTypeOther[4]/XCUIElementTypeButton
2017-08-08 14:32:38-main--INFO -com.ctaf.accelerators.TestEngine: Able to get TscreenShot
2017-08-08 14:33:00-main--INFO -com.ctaf.accelerators.TestEngine:Current Test : TC_56_multiCityInternationalEconomy_JED_KRT
2017-08-08 14:33:09-main--INFO -com.ctaf.accelerators.TestEngine:Able to click on By.xpath: //*[@label='Book flights']
2017-08-08 14:33:29-main--INFO -com.ctaf.accelerators.TestEngine:Able to click on By.xpath: //*[@label='Multi-City']
2017-08-08 14:33:42-main--INFO -com.ctaf.accelerators.TestEngine:Able to click on By.xpath: //XCUIElementTypeOther[3]/XCUIElementTypeOther[1]/XCUIElementTypeButton
2017-08-08 14:33:48-main--INFO -com.ctaf.accelerators.TestEngine:Able to click on Search
2017-08-08 14:33:55-main--INFO -com.ctaf.accelerators.TestEngine:Typing is performed on Origin
2017-08-08 14:33:57-main--INFO -com.ctaf.accelerators.TestEngine:Able to click on JED
2017-08-08 14:34:04-main--INFO -com.ctaf.accelerators.TestEngine:Typing is performed on Destination
2017-08-08 14:34:07-main--INFO -com.ctaf.accelerators.TestEngine:Able to click on KRT
2017-08-08 14:34:24-main--INFO -com.ctaf.accelerators.TestEngine:Able to click on By.xpath: //XCUIElementTypeOther[3]/XCUIElementTypeOther[4]/XCUIElementTypeButton
2017-08-08 14:34:29-main--INFO -com.ctaf.accelerators.TestEngine:Able to click on Search
2017-08-08 14:34:36-main--INFO -com.ctaf.accelerators.TestEngine:Typing is performed on Origin
2017-08-08 14:34:39-main--INFO -com.ctaf.accelerators.TestEngine:Able to click on RUH
2017-08-08 14:34:46-main--INFO -com.ctaf.accelerators.TestEngine:Typing is performed on Destination
2017-08-08 14:34:48-main--INFO -com.ctaf.accelerators.TestEngine:Able to click on HMB
2017-08-08 14:34:53-main--INFO -com.ctaf.accelerators.TestEngine:Able to click on Find Flights
2017-08-08 14:36:13-main--INFO -com.ctaf.accelerators.TestEngine:Able to click on By.xpath: //XCUIElementTypeTable/XCUIElementTypeCell[1]/XCUIElementTypeButton[12]
2017-08-08 14:42:30-main--INFO -com.ctaf.accelerators.TestEngine: Able to get TscreenShot
2017-08-08 14:42:53-main--INFO -com.ctaf.accelerators.TestEngine:Current Test : TC_57_multiCityInternationalEconomy_RUH_KRT
2017-08-08 14:43:03-main--INFO -com.ctaf.accelerators.TestEngine:Able to click on By.xpath: //*[@label='Book flights']
2017-08-08 14:43:22-main--INFO -com.ctaf.accelerators.TestEngine:Able to click on By.xpath: //*[@label='Multi-City']
2017-08-08 14:43:36-main--INFO -com.ctaf.accelerators.TestEngine:Able to click on By.xpath: //XCUIElementTypeOther[3]/XCUIElementTypeOther[1]/XCUIElementTypeButton
2017-08-08 14:43:42-main--INFO -com.ctaf.accelerators.TestEngine:Able to click on Search
2017-08-08 14:43:49-main--INFO -com.ctaf.accelerators.TestEngine:Typing is performed on Origin
2017-08-08 14:43:52-main--INFO -com.ctaf.accelerators.TestEngine:Able to click on RUH
2017-08-08 14:43:59-main--INFO -com.ctaf.accelerators.TestEngine:Typing is performed on Destination
2017-08-08 14:44:01-main--INFO -com.ctaf.accelerators.TestEngine:Able to click on KRT
2017-08-08 14:44:18-main--INFO -com.ctaf.accelerators.TestEngine:Able to click on By.xpath: //XCUIElementTypeOther[3]/XCUIElementTypeOther[4]/XCUIElementTypeButton
2017-08-08 14:44:24-main--INFO -com.ctaf.accelerators.TestEngine:Able to click on Search
2017-08-08 14:44:31-main--INFO -com.ctaf.accelerators.TestEngine:Typing is performed on Origin
2017-08-08 14:44:34-main--INFO -com.ctaf.accelerators.TestEngine:Able to click on RUH
2017-08-08 14:44:41-main--INFO -com.ctaf.accelerators.TestEngine:Typing is performed on Destination
2017-08-08 14:44:43-main--INFO -com.ctaf.accelerators.TestEngine:Able to click on HMB
2017-08-08 14:44:48-main--INFO -com.ctaf.accelerators.TestEngine:Able to click on Find Flights
2017-08-08 14:46:06-main--INFO -com.ctaf.accelerators.TestEngine:Able to click on By.xpath: //XCUIElementTypeTable/XCUIElementTypeCell[1]/XCUIElementTypeButton[12]
2017-08-08 15:17:04-main--INFO -com.ctaf.accelerators.TestEngine:Able to click on By.xpath: //XCUIElementTypeTable/XCUIElementTypeCell[4]/XCUIElementTypeButton[12]
2017-08-08 15:26:52-main--INFO -com.ctaf.accelerators.TestEngine:Unable to click on By.xpath: //*[@label='Continue to Select Extras']
2017-08-08 15:26:52-main--INFO -com.ctaf.accelerators.TestEngine: Able to get TscreenShot
2017-08-08 15:27:15-main--INFO -com.ctaf.accelerators.TestEngine:Current Test : TC_58_multiCityInternationalEconomy_MED_KRT
2017-08-08 15:27:25-main--INFO -com.ctaf.accelerators.TestEngine:Able to click on By.xpath: //*[@label='Book flights']
2017-08-08 15:27:44-main--INFO -com.ctaf.accelerators.TestEngine:Able to click on By.xpath: //*[@label='Multi-City']
2017-08-08 15:27:57-main--INFO -com.ctaf.accelerators.TestEngine:Able to click on By.xpath: //XCUIElementTypeOther[3]/XCUIElementTypeOther[1]/XCUIElementTypeButton
2017-08-08 15:28:03-main--INFO -com.ctaf.accelerators.TestEngine:Able to click on Search
2017-08-08 15:28:10-main--INFO -com.ctaf.accelerators.TestEngine:Typing is performed on Origin
2017-08-08 15:28:13-main--INFO -com.ctaf.accelerators.TestEngine:Able to click on MED
2017-08-08 15:28:19-main--INFO -com.ctaf.accelerators.TestEngine:Typing is performed on Destination
2017-08-08 15:28:22-main--INFO -com.ctaf.accelerators.TestEngine:Able to click on KRT
2017-08-08 15:28:39-main--INFO -com.ctaf.accelerators.TestEngine:Able to click on By.xpath: //XCUIElementTypeOther[3]/XCUIElementTypeOther[4]/XCUIElementTypeButton
2017-08-08 15:28:44-main--INFO -com.ctaf.accelerators.TestEngine:Able to click on Search
2017-08-08 15:28:51-main--INFO -com.ctaf.accelerators.TestEngine:Typing is performed on Origin
2017-08-08 15:28:54-main--INFO -com.ctaf.accelerators.TestEngine:Able to click on RUH
2017-08-08 15:29:01-main--INFO -com.ctaf.accelerators.TestEngine:Typing is performed on Destination
2017-08-08 15:29:04-main--INFO -com.ctaf.accelerators.TestEngine:Able to click on HMB
2017-08-08 15:29:09-main--INFO -com.ctaf.accelerators.TestEngine:Able to click on Find Flights
2017-08-08 15:30:27-main--INFO -com.ctaf.accelerators.TestEngine:Able to click on By.xpath: //XCUIElementTypeTable/XCUIElementTypeCell[1]/XCUIElementTypeButton[12]
2017-08-08 15:31:27-main--INFO -com.ctaf.accelerators.TestEngine:Able to click on By.xpath: //XCUIElementTypeTable/XCUIElementTypeCell[1]/XCUIElementTypeButton[12]
2017-08-08 15:41:13-main--INFO -com.ctaf.accelerators.TestEngine:Starting browser : iphone
2017-08-08 15:42:02-main--INFO -com.ctaf.accelerators.TestEngine:Current Test : TC_59_multiCityInternationalEconomy_DMM_KRT
2017-08-08 15:42:12-main--INFO -com.ctaf.accelerators.TestEngine:Able to click on By.xpath: //*[@label='Book flights']
2017-08-08 15:42:32-main--INFO -com.ctaf.accelerators.TestEngine:Able to click on By.xpath: //*[@label='Multi-City']
2017-08-08 15:42:45-main--INFO -com.ctaf.accelerators.TestEngine:Able to click on By.xpath: //XCUIElementTypeOther[3]/XCUIElementTypeOther[1]/XCUIElementTypeButton
2017-08-08 15:42:51-main--INFO -com.ctaf.accelerators.TestEngine:Able to click on Search
2017-08-08 15:42:58-main--INFO -com.ctaf.accelerators.TestEngine:Typing is performed on Origin
2017-08-08 15:43:01-main--INFO -com.ctaf.accelerators.TestEngine:Able to click on DMM
2017-08-08 15:43:07-main--INFO -com.ctaf.accelerators.TestEngine:Typing is performed on Destination
2017-08-08 15:43:10-main--INFO -com.ctaf.accelerators.TestEngine:Able to click on KRT
2017-08-08 15:43:27-main--INFO -com.ctaf.accelerators.TestEngine:Able to click on By.xpath: //XCUIElementTypeOther[3]/XCUIElementTypeOther[4]/XCUIElementTypeButton
2017-08-08 15:43:33-main--INFO -com.ctaf.accelerators.TestEngine:Able to click on Search
2017-08-08 15:43:40-main--INFO -com.ctaf.accelerators.TestEngine:Typing is performed on Origin
2017-08-08 15:43:42-main--INFO -com.ctaf.accelerators.TestEngine:Able to click on RUH
2017-08-08 15:43:49-main--INFO -com.ctaf.accelerators.TestEngine:Typing is performed on Destination
2017-08-08 15:43:52-main--INFO -com.ctaf.accelerators.TestEngine:Able to click on HMB
2017-08-08 15:43:57-main--INFO -com.ctaf.accelerators.TestEngine:Able to click on Find Flights
2017-08-08 15:45:23-main--INFO -com.ctaf.accelerators.TestEngine:Able to click on By.xpath: //XCUIElementTypeTable/XCUIElementTypeCell[1]/XCUIElementTypeButton[12]
2017-08-08 15:47:09-main--INFO -com.ctaf.accelerators.TestEngine:Able to click on By.xpath: //XCUIElementTypeTable/XCUIElementTypeCell[1]/XCUIElementTypeButton[12]
2017-08-08 15:49:14-main--INFO -com.ctaf.accelerators.TestEngine:Able to click on By.xpath: //*[@label='Continue to Select Extras']
2017-08-08 15:50:34-main--INFO -com.ctaf.accelerators.TestEngine:Able to click on By.xpath: //*[@label='Continue to Select Seat']
2017-08-08 15:51:17-main--INFO -com.ctaf.accelerators.TestEngine:Able to click on By.xpath: //*[@label='Continue to Payment']
2017-08-08 15:51:53-main--INFO -com.ctaf.accelerators.TestEngine:Able to click on By.xpath: //*[@label='SADAD']
2017-08-08 15:52:05-main--INFO -com.ctaf.accelerators.TestEngine:Able to click on Purchase
2017-08-08 15:53:07-main--INFO -com.ctaf.accelerators.TestEngine:Current Test : TC_60_multiCityInternationalEconomy_RUH_BAH
2017-08-08 15:53:17-main--INFO -com.ctaf.accelerators.TestEngine:Able to click on By.xpath: //*[@label='Book flights']
2017-08-08 15:53:36-main--INFO -com.ctaf.accelerators.TestEngine:Able to click on By.xpath: //*[@label='Multi-City']
2017-08-08 15:53:50-main--INFO -com.ctaf.accelerators.TestEngine:Able to click on By.xpath: //XCUIElementTypeOther[3]/XCUIElementTypeOther[1]/XCUIElementTypeButton
2017-08-08 15:53:55-main--INFO -com.ctaf.accelerators.TestEngine:Able to click on Search
2017-08-08 15:54:02-main--INFO -com.ctaf.accelerators.TestEngine:Typing is performed on Origin
2017-08-08 15:54:05-main--INFO -com.ctaf.accelerators.TestEngine:Able to click on RUH
2017-08-08 15:54:12-main--INFO -com.ctaf.accelerators.TestEngine:Typing is performed on Destination
2017-08-08 15:54:19-main--INFO -com.ctaf.accelerators.TestEngine:Unable to click on BAH
2017-08-08 15:54:19-main--INFO -com.ctaf.accelerators.TestEngine: Able to get TscreenShot
2017-08-08 15:54:41-main--INFO -com.ctaf.accelerators.TestEngine:Current Test : TC_61_multiCityInternationalEconomy_JED_BAH
2017-08-08 15:54:50-main--INFO -com.ctaf.accelerators.TestEngine:Able to click on By.xpath: //*[@label='Book flights']
2017-08-08 15:55:10-main--INFO -com.ctaf.accelerators.TestEngine:Able to click on By.xpath: //*[@label='Multi-City']
2017-08-08 15:55:23-main--INFO -com.ctaf.accelerators.TestEngine:Able to click on By.xpath: //XCUIElementTypeOther[3]/XCUIElementTypeOther[1]/XCUIElementTypeButton
2017-08-08 15:55:29-main--INFO -com.ctaf.accelerators.TestEngine:Able to click on Search
2017-08-08 15:55:36-main--INFO -com.ctaf.accelerators.TestEngine:Typing is performed on Origin
2017-08-08 15:55:38-main--INFO -com.ctaf.accelerators.TestEngine:Able to click on JED
2017-08-08 15:55:45-main--INFO -com.ctaf.accelerators.TestEngine:Typing is performed on Destination
2017-08-08 15:55:51-main--INFO -com.ctaf.accelerators.TestEngine:Unable to click on BAH
2017-08-08 15:55:52-main--INFO -com.ctaf.accelerators.TestEngine: Able to get TscreenShot
2017-08-08 15:56:13-main--INFO -com.ctaf.accelerators.TestEngine:Current Test : TC_62_roundTripDomesticEconomyAddExtra_RUH_AHB
2017-08-08 15:56:23-main--INFO -com.ctaf.accelerators.TestEngine:Able to click on By.xpath: //*[@label='Book flights']
2017-08-08 15:56:42-main--INFO -com.ctaf.accelerators.TestEngine:Able to click on By.xpath: //*[@label='Return']
2017-08-08 15:56:55-main--INFO -com.ctaf.accelerators.TestEngine:Able to click on By.xpath: //XCUIElementTypeOther[3]/XCUIElementTypeOther[1]/XCUIElementTypeButton
2017-08-08 15:57:01-main--INFO -com.ctaf.accelerators.TestEngine:Able to click on Search
2017-08-08 15:57:08-main--INFO -com.ctaf.accelerators.TestEngine:Typing is performed on Origin
2017-08-08 15:57:11-main--INFO -com.ctaf.accelerators.TestEngine:Able to click on RUH
2017-08-08 15:57:18-main--INFO -com.ctaf.accelerators.TestEngine:Typing is performed on Destination
2017-08-08 15:57:20-main--INFO -com.ctaf.accelerators.TestEngine:Able to click on AHB
2017-08-08 15:57:26-main--INFO -com.ctaf.accelerators.TestEngine:Able to click on Find Flights
2017-08-08 15:59:17-main--INFO -com.ctaf.accelerators.TestEngine:Able to click on By.xpath: //XCUIElementTypeTable/XCUIElementTypeCell[1]/XCUIElementTypeButton[12]
2017-08-08 16:01:00-main--INFO -com.ctaf.accelerators.TestEngine:Able to click on By.xpath: //XCUIElementTypeTable/XCUIElementTypeCell[1]/XCUIElementTypeButton[12]
2017-08-08 16:02:53-main--INFO -com.ctaf.accelerators.TestEngine:Able to click on By.xpath: //*[@label='Continue to Select Extras']
2017-08-08 16:05:07-main--INFO -com.ctaf.accelerators.TestEngine:Able to click on By.xpath: //*[@label='Add check-in baggage']/following-sibling::XCUIElementTypeButton
2017-08-08 16:07:31-main--INFO -com.ctaf.accelerators.TestEngine:Able to click on By.xpath: //*[@label='Continue to Select Seat']
2017-08-08 16:10:02-main--INFO -com.ctaf.accelerators.TestEngine:Unable to click on By.xpath: //*[@label='SADAD']
2017-08-08 16:10:02-main--INFO -com.ctaf.accelerators.TestEngine: Able to get TscreenShot
2017-08-08 16:10:26-main--INFO -com.ctaf.accelerators.TestEngine:Current Test : TC_63_oneWayDomesticFlex_RUH_JED
2017-08-08 16:10:35-main--INFO -com.ctaf.accelerators.TestEngine:Able to click on By.xpath: //*[@label='Book flights']
2017-08-08 16:10:55-main--INFO -com.ctaf.accelerators.TestEngine:Able to click on By.xpath: //*[@label='One-way']
2017-08-08 16:11:08-main--INFO -com.ctaf.accelerators.TestEngine:Able to click on By.xpath: //XCUIElementTypeOther[3]/XCUIElementTypeOther[1]/XCUIElementTypeButton
2017-08-08 16:11:13-main--INFO -com.ctaf.accelerators.TestEngine:Able to click on Search
2017-08-08 16:11:20-main--INFO -com.ctaf.accelerators.TestEngine:Typing is performed on Origin
2017-08-08 16:11:23-main--INFO -com.ctaf.accelerators.TestEngine:Able to click on RUH
2017-08-08 16:11:30-main--INFO -com.ctaf.accelerators.TestEngine:Typing is performed on Destination
2017-08-08 16:11:33-main--INFO -com.ctaf.accelerators.TestEngine:Able to click on JED
2017-08-08 16:11:38-main--INFO -com.ctaf.accelerators.TestEngine:Able to click on Find Flights
2017-08-08 16:17:07-main--INFO -com.ctaf.accelerators.TestEngine:Able to click on By.xpath: //XCUIElementTypeTable/XCUIElementTypeCell[2]/XCUIElementTypeButton[17]
2017-08-08 16:27:19-main--INFO -com.ctaf.accelerators.TestEngine: Able to get TscreenShot
2017-08-08 16:27:40-main--INFO -com.ctaf.accelerators.TestEngine:Current Test : TC_64_oneWayDomesticFlex_RUH_DMM
2017-08-08 16:27:50-main--INFO -com.ctaf.accelerators.TestEngine:Able to click on By.xpath: //*[@label='Book flights']
2017-08-08 16:28:09-main--INFO -com.ctaf.accelerators.TestEngine:Able to click on By.xpath: //*[@label='One-way']
2017-08-08 16:28:22-main--INFO -com.ctaf.accelerators.TestEngine:Able to click on By.xpath: //XCUIElementTypeOther[3]/XCUIElementTypeOther[1]/XCUIElementTypeButton
2017-08-08 16:28:28-main--INFO -com.ctaf.accelerators.TestEngine:Able to click on Search
2017-08-08 16:28:35-main--INFO -com.ctaf.accelerators.TestEngine:Typing is performed on Origin
2017-08-08 16:28:37-main--INFO -com.ctaf.accelerators.TestEngine:Able to click on RUH
2017-08-08 16:28:45-main--INFO -com.ctaf.accelerators.TestEngine:Typing is performed on Destination
2017-08-08 16:28:47-main--INFO -com.ctaf.accelerators.TestEngine:Able to click on DMM
2017-08-08 16:28:52-main--INFO -com.ctaf.accelerators.TestEngine:Able to click on Find Flights
2017-08-08 16:30:49-main--INFO -com.ctaf.accelerators.TestEngine:Able to click on By.xpath: //XCUIElementTypeTable/XCUIElementTypeCell[1]/XCUIElementTypeButton[17]
2017-08-08 16:31:55-main--INFO -com.ctaf.accelerators.TestEngine:Able to click on By.xpath: //*[@label='Continue to Select Extras']
2017-08-08 16:32:59-main--INFO -com.ctaf.accelerators.TestEngine:Able to click on By.xpath: //*[@label='Continue to Select Seat']
2017-08-08 16:33:18-main--INFO -com.ctaf.accelerators.TestEngine:Able to click on By.xpath: //*[@label='Continue to Payment']
2017-08-08 16:34:23-main--INFO -com.ctaf.accelerators.TestEngine:Able to click on By.xpath: //*[@label='SADAD']
2017-08-08 16:34:35-main--INFO -com.ctaf.accelerators.TestEngine:Able to click on Purchase
2017-08-08 16:35:34-main--INFO -com.ctaf.accelerators.TestEngine:Current Test : TC_65_oneWayDomesticFlex_RUH_GIZ
2017-08-08 16:35:43-main--INFO -com.ctaf.accelerators.TestEngine:Able to click on By.xpath: //*[@label='Book flights']
2017-08-08 16:36:02-main--INFO -com.ctaf.accelerators.TestEngine:Able to click on By.xpath: //*[@label='One-way']
2017-08-08 16:36:16-main--INFO -com.ctaf.accelerators.TestEngine:Able to click on By.xpath: //XCUIElementTypeOther[3]/XCUIElementTypeOther[1]/XCUIElementTypeButton
2017-08-08 16:36:21-main--INFO -com.ctaf.accelerators.TestEngine:Able to click on Search
2017-08-08 16:36:28-main--INFO -com.ctaf.accelerators.TestEngine:Typing is performed on Origin
2017-08-08 16:36:31-main--INFO -com.ctaf.accelerators.TestEngine:Able to click on RUH
2017-08-08 16:36:38-main--INFO -com.ctaf.accelerators.TestEngine:Typing is performed on Destination
2017-08-08 16:36:40-main--INFO -com.ctaf.accelerators.TestEngine:Able to click on GIZ
2017-08-08 16:36:45-main--INFO -com.ctaf.accelerators.TestEngine:Able to click on Find Flights
2017-08-08 16:38:43-main--INFO -com.ctaf.accelerators.TestEngine:Able to click on By.xpath: //XCUIElementTypeTable/XCUIElementTypeCell[1]/XCUIElementTypeButton[17]
2017-08-08 16:39:49-main--INFO -com.ctaf.accelerators.TestEngine:Able to click on By.xpath: //*[@label='Continue to Select Extras']
2017-08-08 16:46:10-main--INFO -com.ctaf.accelerators.TestEngine:Unable to click on By.xpath: //*[@label='SADAD']
2017-08-08 16:46:50-main--INFO -com.ctaf.accelerators.TestEngine:Current Test : TC_66_oneWayDomesticFlex_RUH_MED
2017-08-08 16:46:59-main--INFO -com.ctaf.accelerators.TestEngine:Able to click on By.xpath: //*[@label='Book flights']
2017-08-08 16:47:18-main--INFO -com.ctaf.accelerators.TestEngine:Able to click on By.xpath: //*[@label='One-way']
2017-08-08 16:47:31-main--INFO -com.ctaf.accelerators.TestEngine:Able to click on By.xpath: //XCUIElementTypeOther[3]/XCUIElementTypeOther[1]/XCUIElementTypeButton
2017-08-08 16:47:37-main--INFO -com.ctaf.accelerators.TestEngine:Able to click on Search
2017-08-08 16:47:44-main--INFO -com.ctaf.accelerators.TestEngine:Typing is performed on Origin
2017-08-08 16:47:46-main--INFO -com.ctaf.accelerators.TestEngine:Able to click on RUH
2017-08-08 16:47:53-main--INFO -com.ctaf.accelerators.TestEngine:Typing is performed on Destination
2017-08-08 16:47:56-main--INFO -com.ctaf.accelerators.TestEngine:Able to click on MED
2017-08-08 16:48:01-main--INFO -com.ctaf.accelerators.TestEngine:Able to click on Find Flights
2017-08-08 16:49:22-main--INFO -com.ctaf.accelerators.TestEngine:Able to click on By.xpath: //XCUIElementTypeTable/XCUIElementTypeCell[1]/XCUIElementTypeButton[17]
2017-08-08 16:53:27-main--INFO -com.ctaf.accelerators.TestEngine:Current Test : TC_67_oneWayDomesticFlex_RUH_TIF
2017-08-08 16:53:36-main--INFO -com.ctaf.accelerators.TestEngine:Able to click on By.xpath: //*[@label='Book flights']
2017-08-08 16:53:55-main--INFO -com.ctaf.accelerators.TestEngine:Able to click on By.xpath: //*[@label='One-way']
2017-08-08 16:54:08-main--INFO -com.ctaf.accelerators.TestEngine:Able to click on By.xpath: //XCUIElementTypeOther[3]/XCUIElementTypeOther[1]/XCUIElementTypeButton
2017-08-08 16:54:14-main--INFO -com.ctaf.accelerators.TestEngine:Able to click on Search
2017-08-08 16:54:20-main--INFO -com.ctaf.accelerators.TestEngine:Typing is performed on Origin
2017-08-08 16:54:23-main--INFO -com.ctaf.accelerators.TestEngine:Able to click on RUH
2017-08-08 16:54:30-main--INFO -com.ctaf.accelerators.TestEngine:Typing is performed on Destination
2017-08-08 16:54:32-main--INFO -com.ctaf.accelerators.TestEngine:Able to click on TIF
2017-08-08 16:54:37-main--INFO -com.ctaf.accelerators.TestEngine:Able to click on Find Flights
2017-08-08 16:55:12-main--INFO -com.ctaf.accelerators.TestEngine:Able to click on By.xpath: //XCUIElementTypeTable/XCUIElementTypeCell[1]/XCUIElementTypeButton[17]
2017-08-08 16:57:26-main--INFO -com.ctaf.accelerators.TestEngine:Able to click on By.xpath: //*[@label='Continue to Select Extras']
2017-08-08 16:58:29-main--INFO -com.ctaf.accelerators.TestEngine:Able to click on By.xpath: //*[@label='Continue to Select Seat']
2017-08-08 17:00:21-main--INFO -com.ctaf.accelerators.TestEngine:Able to click on By.xpath: //*[@label='Continue to Payment']
2017-08-08 17:00:56-main--INFO -com.ctaf.accelerators.TestEngine:Able to click on By.xpath: //*[@label='SADAD']
2017-08-08 17:01:08-main--INFO -com.ctaf.accelerators.TestEngine:Able to click on Purchase
2017-08-08 17:02:04-main--INFO -com.ctaf.accelerators.TestEngine:Current Test : TC_68_oneWayDomesticFlex_RUH_HAS
2017-08-08 17:02:14-main--INFO -com.ctaf.accelerators.TestEngine:Able to click on By.xpath: //*[@label='Book flights']
2017-08-08 17:02:32-main--INFO -com.ctaf.accelerators.TestEngine:Able to click on By.xpath: //*[@label='One-way']
2017-08-08 17:02:45-main--INFO -com.ctaf.accelerators.TestEngine:Able to click on By.xpath: //XCUIElementTypeOther[3]/XCUIElementTypeOther[1]/XCUIElementTypeButton
2017-08-08 17:02:51-main--INFO -com.ctaf.accelerators.TestEngine:Able to click on Search
2017-08-08 17:02:58-main--INFO -com.ctaf.accelerators.TestEngine:Typing is performed on Origin
2017-08-08 17:03:00-main--INFO -com.ctaf.accelerators.TestEngine:Able to click on RUH
2017-08-08 17:03:07-main--INFO -com.ctaf.accelerators.TestEngine:Typing is performed on Destination
2017-08-08 17:03:09-main--INFO -com.ctaf.accelerators.TestEngine:Able to click on HAS
2017-08-08 17:03:14-main--INFO -com.ctaf.accelerators.TestEngine:Able to click on Find Flights
2017-08-08 17:03:50-main--INFO -com.ctaf.accelerators.TestEngine:Able to click on By.xpath: //XCUIElementTypeTable/XCUIElementTypeCell[1]/XCUIElementTypeButton[17]
2017-08-08 17:04:47-main--INFO -com.ctaf.accelerators.TestEngine:Able to click on By.xpath: //*[@label='Continue to Select Extras']
2017-08-08 17:05:50-main--INFO -com.ctaf.accelerators.TestEngine:Able to click on By.xpath: //*[@label='Continue to Select Seat']
2017-08-08 17:07:42-main--INFO -com.ctaf.accelerators.TestEngine:Able to click on By.xpath: //*[@label='Continue to Payment']
2017-08-08 17:08:17-main--INFO -com.ctaf.accelerators.TestEngine:Able to click on By.xpath: //*[@label='SADAD']
2017-08-08 17:08:28-main--INFO -com.ctaf.accelerators.TestEngine:Able to click on Purchase
2017-08-08 17:09:24-main--INFO -com.ctaf.accelerators.TestEngine:Current Test : TC_69_oneWayDomesticFlex_RUH_TUU
2017-08-08 17:09:33-main--INFO -com.ctaf.accelerators.TestEngine:Able to click on By.xpath: //*[@label='Book flights']
2017-08-08 17:09:52-main--INFO -com.ctaf.accelerators.TestEngine:Able to click on By.xpath: //*[@label='One-way']
2017-08-08 17:10:05-main--INFO -com.ctaf.accelerators.TestEngine:Able to click on By.xpath: //XCUIElementTypeOther[3]/XCUIElementTypeOther[1]/XCUIElementTypeButton
2017-08-08 17:10:10-main--INFO -com.ctaf.accelerators.TestEngine:Able to click on Search
2017-08-08 17:10:17-main--INFO -com.ctaf.accelerators.TestEngine:Typing is performed on Origin
2017-08-08 17:10:20-main--INFO -com.ctaf.accelerators.TestEngine:Able to click on RUH
2017-08-08 17:10:27-main--INFO -com.ctaf.accelerators.TestEngine:Typing is performed on Destination
2017-08-08 17:10:29-main--INFO -com.ctaf.accelerators.TestEngine:Able to click on TUU
2017-08-08 17:10:34-main--INFO -com.ctaf.accelerators.TestEngine:Able to click on Find Flights
2017-08-08 17:11:33-main--INFO -com.ctaf.accelerators.TestEngine:Able to click on By.xpath: //XCUIElementTypeTable/XCUIElementTypeCell[1]/XCUIElementTypeButton[17]
2017-08-08 17:12:34-main--INFO -com.ctaf.accelerators.TestEngine:Able to click on By.xpath: //*[@label='Continue to Select Extras']
2017-08-08 17:13:36-main--INFO -com.ctaf.accelerators.TestEngine:Able to click on By.xpath: //*[@label='Continue to Select Seat']
2017-08-08 17:13:55-main--INFO -com.ctaf.accelerators.TestEngine:Able to click on By.xpath: //*[@label='Continue to Payment']
2017-08-08 17:14:14-main--INFO -com.ctaf.accelerators.TestEngine:Able to click on By.xpath: //*[@label='SADAD']
2017-08-08 17:14:26-main--INFO -com.ctaf.accelerators.TestEngine:Able to click on Purchase
2017-08-08 17:15:21-main--INFO -com.ctaf.accelerators.TestEngine:Current Test : TC_70_oneWayDomesticFlex_RUH_URY
2017-08-08 17:15:30-main--INFO -com.ctaf.accelerators.TestEngine:Able to click on By.xpath: //*[@label='Book flights']
2017-08-08 17:15:49-main--INFO -com.ctaf.accelerators.TestEngine:Able to click on By.xpath: //*[@label='One-way']
2017-08-08 17:16:02-main--INFO -com.ctaf.accelerators.TestEngine:Able to click on By.xpath: //XCUIElementTypeOther[3]/XCUIElementTypeOther[1]/XCUIElementTypeButton
2017-08-08 17:16:07-main--INFO -com.ctaf.accelerators.TestEngine:Able to click on Search
2017-08-08 17:16:14-main--INFO -com.ctaf.accelerators.TestEngine:Typing is performed on Origin
2017-08-08 17:16:16-main--INFO -com.ctaf.accelerators.TestEngine:Able to click on RUH
2017-08-08 17:16:23-main--INFO -com.ctaf.accelerators.TestEngine:Typing is performed on Destination
2017-08-08 17:16:26-main--INFO -com.ctaf.accelerators.TestEngine:Able to click on URY
2017-08-08 17:16:31-main--INFO -com.ctaf.accelerators.TestEngine:Able to click on Find Flights
2017-08-08 17:16:59-main--INFO -com.ctaf.accelerators.TestEngine:Able to click on By.xpath: //*[@label='icn arrow right red']
2017-08-08 17:17:27-main--INFO -com.ctaf.accelerators.TestEngine:Able to click on By.xpath: //*[@label='icn arrow right red']
2017-08-08 17:17:53-main--INFO -com.ctaf.accelerators.TestEngine:Able to click on By.xpath: //*[@label='icn arrow right red']
2017-08-08 17:18:23-main--INFO -com.ctaf.accelerators.TestEngine:Able to click on By.xpath: //*[@label='icn arrow right red']
2017-08-08 17:18:50-main--INFO -com.ctaf.accelerators.TestEngine:Able to click on By.xpath: //*[@label='icn arrow right red']
2017-08-08 17:19:19-main--INFO -com.ctaf.accelerators.TestEngine:Able to click on By.xpath: //*[@label='icn arrow right red']
2017-08-08 17:19:47-main--INFO -com.ctaf.accelerators.TestEngine:Able to click on By.xpath: //*[@label='icn arrow right red']
2017-08-08 17:20:16-main--INFO -com.ctaf.accelerators.TestEngine:Able to click on By.xpath: //*[@label='icn arrow right red']
2017-08-08 17:20:44-main--INFO -com.ctaf.accelerators.TestEngine:Able to click on By.xpath: //*[@label='icn arrow right red']
2017-08-08 17:21:11-main--INFO -com.ctaf.accelerators.TestEngine:Able to click on By.xpath: //*[@label='icn arrow right red']
2017-08-08 17:21:55-main--INFO -com.ctaf.accelerators.TestEngine:Able to click on By.xpath: //*[@label='icn arrow right red']
2017-08-08 17:23:24-main--INFO -com.ctaf.accelerators.TestEngine:Unable to click on By.xpath: //*[@label='icn arrow right red']
2017-08-08 17:23:24-main--INFO -com.ctaf.accelerators.TestEngine: Able to get TscreenShot
2017-08-08 17:23:45-main--INFO -com.ctaf.accelerators.TestEngine:Current Test : TC_71_oneWayDomesticFlex_RUH_AJF
2017-08-08 17:23:55-main--INFO -com.ctaf.accelerators.TestEngine:Able to click on By.xpath: //*[@label='Book flights']
2017-08-08 17:24:14-main--INFO -com.ctaf.accelerators.TestEngine:Able to click on By.xpath: //*[@label='One-way']
2017-08-08 17:24:27-main--INFO -com.ctaf.accelerators.TestEngine:Able to click on By.xpath: //XCUIElementTypeOther[3]/XCUIElementTypeOther[1]/XCUIElementTypeButton
2017-08-08 17:24:32-main--INFO -com.ctaf.accelerators.TestEngine:Able to click on Search
2017-08-08 17:24:39-main--INFO -com.ctaf.accelerators.TestEngine:Typing is performed on Origin
2017-08-08 17:24:41-main--INFO -com.ctaf.accelerators.TestEngine:Able to click on RUH
2017-08-08 17:24:48-main--INFO -com.ctaf.accelerators.TestEngine:Typing is performed on Destination
2017-08-08 17:24:51-main--INFO -com.ctaf.accelerators.TestEngine:Able to click on AJF
2017-08-08 17:24:55-main--INFO -com.ctaf.accelerators.TestEngine:Able to click on Find Flights
2017-08-08 17:25:31-main--INFO -com.ctaf.accelerators.TestEngine:Able to click on By.xpath: //XCUIElementTypeTable/XCUIElementTypeCell[1]/XCUIElementTypeButton[17]
2017-08-08 17:26:28-main--INFO -com.ctaf.accelerators.TestEngine:Able to click on By.xpath: //*[@label='Continue to Select Extras']
2017-08-08 17:27:30-main--INFO -com.ctaf.accelerators.TestEngine:Able to click on By.xpath: //*[@label='Continue to Select Seat']
2017-08-08 17:29:23-main--INFO -com.ctaf.accelerators.TestEngine:Able to click on By.xpath: //*[@label='Continue to Payment']
2017-08-08 17:29:58-main--INFO -com.ctaf.accelerators.TestEngine:Able to click on By.xpath: //*[@label='SADAD']
2017-08-08 17:30:10-main--INFO -com.ctaf.accelerators.TestEngine:Able to click on Purchase
2017-08-08 17:31:27-main--INFO -com.ctaf.accelerators.TestEngine:Current Test : TC_72_oneWayDomesticFlex_RUH_ABT
2017-08-08 17:31:36-main--INFO -com.ctaf.accelerators.TestEngine:Able to click on By.xpath: //*[@label='Book flights']
2017-08-08 17:31:55-main--INFO -com.ctaf.accelerators.TestEngine:Able to click on By.xpath: //*[@label='One-way']
2017-08-08 17:32:08-main--INFO -com.ctaf.accelerators.TestEngine:Able to click on By.xpath: //XCUIElementTypeOther[3]/XCUIElementTypeOther[1]/XCUIElementTypeButton
2017-08-08 17:32:14-main--INFO -com.ctaf.accelerators.TestEngine:Able to click on Search
2017-08-08 17:32:21-main--INFO -com.ctaf.accelerators.TestEngine:Typing is performed on Origin
2017-08-08 17:32:23-main--INFO -com.ctaf.accelerators.TestEngine:Able to click on RUH
2017-08-08 17:32:30-main--INFO -com.ctaf.accelerators.TestEngine:Typing is performed on Destination
2017-08-08 17:32:32-main--INFO -com.ctaf.accelerators.TestEngine:Able to click on ABT
2017-08-08 17:32:37-main--INFO -com.ctaf.accelerators.TestEngine:Able to click on Find Flights
2017-08-08 17:33:13-main--INFO -com.ctaf.accelerators.TestEngine:Able to click on By.xpath: //XCUIElementTypeTable/XCUIElementTypeCell[1]/XCUIElementTypeButton[17]
2017-08-08 17:34:10-main--INFO -com.ctaf.accelerators.TestEngine:Able to click on By.xpath: //*[@label='Continue to Select Extras']
2017-08-08 17:35:13-main--INFO -com.ctaf.accelerators.TestEngine:Able to click on By.xpath: //*[@label='Continue to Select Seat']
2017-08-08 17:35:32-main--INFO -com.ctaf.accelerators.TestEngine:Able to click on By.xpath: //*[@label='Continue to Payment']
2017-08-08 17:35:51-main--INFO -com.ctaf.accelerators.TestEngine:Able to click on By.xpath: //*[@label='SADAD']
2017-08-08 17:36:03-main--INFO -com.ctaf.accelerators.TestEngine:Able to click on Purchase
2017-08-08 17:36:58-main--INFO -com.ctaf.accelerators.TestEngine:Current Test : TC_73_roundTripDomesticFlex_JED_DMM
2017-08-08 17:37:08-main--INFO -com.ctaf.accelerators.TestEngine:Able to click on By.xpath: //*[@label='Book flights']
2017-08-08 17:37:26-main--INFO -com.ctaf.accelerators.TestEngine:Able to click on By.xpath: //*[@label='Return']
2017-08-08 17:37:39-main--INFO -com.ctaf.accelerators.TestEngine:Able to click on By.xpath: //XCUIElementTypeOther[3]/XCUIElementTypeOther[1]/XCUIElementTypeButton
2017-08-08 17:37:45-main--INFO -com.ctaf.accelerators.TestEngine:Able to click on Search
2017-08-08 17:37:52-main--INFO -com.ctaf.accelerators.TestEngine:Typing is performed on Origin
2017-08-08 17:37:54-main--INFO -com.ctaf.accelerators.TestEngine:Able to click on JED
2017-08-08 17:38:01-main--INFO -com.ctaf.accelerators.TestEngine:Typing is performed on Destination
2017-08-08 17:38:04-main--INFO -com.ctaf.accelerators.TestEngine:Able to click on DMM
2017-08-08 17:38:09-main--INFO -com.ctaf.accelerators.TestEngine:Able to click on Find Flights
2017-08-08 18:00:40-Forwarding screenshot on session a46e16ed-c16f-449d-8cdd-defe44022ead to remote--INFO -org.apache.http.impl.execchain.RetryExec:I/O exception (org.apache.http.NoHttpResponseException) caught when processing request to {}->http://127.0.0.1:4723: The target server failed to respond
2017-08-08 18:00:40-Forwarding screenshot on session a46e16ed-c16f-449d-8cdd-defe44022ead to remote--INFO -org.apache.http.impl.execchain.RetryExec:Retrying request to {}->http://127.0.0.1:4723
2017-08-08 18:01:34-main--INFO -com.ctaf.accelerators.TestEngine:Starting browser : iphone
2017-08-08 18:02:19-main--INFO -com.ctaf.accelerators.TestEngine:Current Test : TC_74_roundTripDomesticFlex_JED_GIZ
2017-08-08 18:02:29-main--INFO -com.ctaf.accelerators.TestEngine:Able to click on By.xpath: //*[@label='Book flights']
2017-08-08 18:02:48-main--INFO -com.ctaf.accelerators.TestEngine:Able to click on By.xpath: //*[@label='Return']
2017-08-08 18:03:01-main--INFO -com.ctaf.accelerators.TestEngine:Able to click on By.xpath: //XCUIElementTypeOther[3]/XCUIElementTypeOther[1]/XCUIElementTypeButton
2017-08-08 18:03:07-main--INFO -com.ctaf.accelerators.TestEngine:Able to click on Search
2017-08-08 18:03:14-main--INFO -com.ctaf.accelerators.TestEngine:Typing is performed on Origin
2017-08-08 18:03:16-main--INFO -com.ctaf.accelerators.TestEngine:Able to click on JED
2017-08-08 18:03:23-main--INFO -com.ctaf.accelerators.TestEngine:Typing is performed on Destination
2017-08-08 18:03:26-main--INFO -com.ctaf.accelerators.TestEngine:Able to click on GIZ
2017-08-08 18:03:31-main--INFO -com.ctaf.accelerators.TestEngine:Able to click on Find Flights
2017-08-08 18:05:03-main--INFO -com.ctaf.accelerators.TestEngine:Able to click on By.xpath: //XCUIElementTypeTable/XCUIElementTypeCell[1]/XCUIElementTypeButton[17]
2017-08-08 18:06:29-main--INFO -com.ctaf.accelerators.TestEngine:Able to click on By.xpath: //XCUIElementTypeTable/XCUIElementTypeCell[1]/XCUIElementTypeButton[17]
2017-08-08 18:08:20-main--INFO -com.ctaf.accelerators.TestEngine:Able to click on By.xpath: //*[@label='Continue to Select Extras']
2017-08-08 18:09:39-main--INFO -com.ctaf.accelerators.TestEngine:Able to click on By.xpath: //*[@label='Continue to Select Seat']
2017-08-08 18:12:22-main--INFO -com.ctaf.accelerators.TestEngine:Able to click on By.xpath: //*[@label='Continue to Payment']
2017-08-08 18:12:58-main--INFO -com.ctaf.accelerators.TestEngine:Able to click on By.xpath: //*[@label='SADAD']
2017-08-08 18:13:10-main--INFO -com.ctaf.accelerators.TestEngine:Able to click on Purchase
2017-08-08 18:14:11-main--INFO -com.ctaf.accelerators.TestEngine:Current Test : TC_75_roundTripDomesticFlex_JED_MED
2017-08-08 18:14:20-main--INFO -com.ctaf.accelerators.TestEngine:Able to click on By.xpath: //*[@label='Book flights']
2017-08-08 18:14:39-main--INFO -com.ctaf.accelerators.TestEngine:Able to click on By.xpath: //*[@label='Return']
2017-08-08 18:14:53-main--INFO -com.ctaf.accelerators.TestEngine:Able to click on By.xpath: //XCUIElementTypeOther[3]/XCUIElementTypeOther[1]/XCUIElementTypeButton
2017-08-08 18:14:58-main--INFO -com.ctaf.accelerators.TestEngine:Able to click on Search
2017-08-08 18:15:05-main--INFO -com.ctaf.accelerators.TestEngine:Typing is performed on Origin
2017-08-08 18:15:08-main--INFO -com.ctaf.accelerators.TestEngine:Able to click on JED
2017-08-08 18:15:15-main--INFO -com.ctaf.accelerators.TestEngine:Typing is performed on Destination
2017-08-08 18:15:18-main--INFO -com.ctaf.accelerators.TestEngine:Able to click on MED
2017-08-08 18:15:23-main--INFO -com.ctaf.accelerators.TestEngine:Able to click on Find Flights
2017-08-08 18:16:47-main--INFO -com.ctaf.accelerators.TestEngine:Able to click on By.xpath: //XCUIElementTypeTable/XCUIElementTypeCell[1]/XCUIElementTypeButton[17]
2017-08-08 18:17:54-main--INFO -com.ctaf.accelerators.TestEngine:Able to click on By.xpath: //XCUIElementTypeTable/XCUIElementTypeCell[1]/XCUIElementTypeButton[17]
2017-08-08 18:19:44-main--INFO -com.ctaf.accelerators.TestEngine:Able to click on By.xpath: //*[@label='Continue to Select Extras']
2017-08-08 18:21:05-main--INFO -com.ctaf.accelerators.TestEngine:Able to click on By.xpath: //*[@label='Continue to Select Seat']
2017-08-08 18:21:49-main--INFO -com.ctaf.accelerators.TestEngine:Able to click on By.xpath: //*[@label='Continue to Payment']
2017-08-08 18:23:56-main--INFO -com.ctaf.accelerators.TestEngine:Able to click on By.xpath: //*[@label='SADAD']
2017-08-08 18:24:08-main--INFO -com.ctaf.accelerators.TestEngine:Able to click on Purchase
2017-08-08 18:25:11-main--INFO -com.ctaf.accelerators.TestEngine:Current Test : TC_76_roundTripDomesticFlex_JED_AHB
2017-08-08 18:25:21-main--INFO -com.ctaf.accelerators.TestEngine:Able to click on By.xpath: //*[@label='Book flights']
2017-08-08 18:25:40-main--INFO -com.ctaf.accelerators.TestEngine:Able to click on By.xpath: //*[@label='Return']
2017-08-08 18:25:54-main--INFO -com.ctaf.accelerators.TestEngine:Able to click on By.xpath: //XCUIElementTypeOther[3]/XCUIElementTypeOther[1]/XCUIElementTypeButton
2017-08-08 18:25:59-main--INFO -com.ctaf.accelerators.TestEngine:Able to click on Search
2017-08-08 18:26:06-main--INFO -com.ctaf.accelerators.TestEngine:Typing is performed on Origin
2017-08-08 18:26:09-main--INFO -com.ctaf.accelerators.TestEngine:Able to click on JED
2017-08-08 18:26:16-main--INFO -com.ctaf.accelerators.TestEngine:Typing is performed on Destination
2017-08-08 18:26:18-main--INFO -com.ctaf.accelerators.TestEngine:Able to click on AHB
2017-08-08 18:26:24-main--INFO -com.ctaf.accelerators.TestEngine:Able to click on Find Flights
2017-08-08 18:28:04-main--INFO -com.ctaf.accelerators.TestEngine:Able to click on By.xpath: //XCUIElementTypeTable/XCUIElementTypeCell[1]/XCUIElementTypeButton[17]
2017-08-08 18:28:54-main--INFO -com.ctaf.accelerators.TestEngine:Able to click on By.xpath: //XCUIElementTypeTable/XCUIElementTypeCell[1]/XCUIElementTypeButton[17]
2017-08-08 18:30:41-main--INFO -com.ctaf.accelerators.TestEngine:Able to click on By.xpath: //*[@label='Continue to Select Extras']
2017-08-08 18:32:00-main--INFO -com.ctaf.accelerators.TestEngine:Able to click on By.xpath: //*[@label='Continue to Select Seat']
2017-08-08 18:32:43-main--INFO -com.ctaf.accelerators.TestEngine:Able to click on By.xpath: //*[@label='Continue to Payment']
2017-08-08 18:34:50-main--INFO -com.ctaf.accelerators.TestEngine:Able to click on By.xpath: //*[@label='SADAD']
2017-08-08 18:35:02-main--INFO -com.ctaf.accelerators.TestEngine:Able to click on Purchase
