2017-05-16 13:22:13-main--INFO -com.ctaf.accelerators.TestEngine:Starting browser : iphone
2017-05-16 13:23:05-main--INFO -com.ctaf.accelerators.TestEngine:Current Test : TC_63_oneWayDomesticFlex_RUH_JED
2017-05-16 13:23:11-main--INFO -com.ctaf.accelerators.TestEngine:Able to click on By.xpath: //*[@label='Book flights']
2017-05-16 13:23:18-main--INFO -com.ctaf.accelerators.TestEngine:Able to click on By.xpath: //*[@label='One-way']
2017-05-16 13:23:25-main--INFO -com.ctaf.accelerators.TestEngine:Able to click on By.xpath: //XCUIElementTypeOther[3]/XCUIElementTypeOther[1]/XCUIElementTypeButton
2017-05-16 13:23:31-main--INFO -com.ctaf.accelerators.TestEngine:Able to click on Search
2017-05-16 13:23:38-main--INFO -com.ctaf.accelerators.TestEngine:Typing is performed on Origin
2017-05-16 13:23:41-main--INFO -com.ctaf.accelerators.TestEngine:Able to click on RUH
2017-05-16 13:23:48-main--INFO -com.ctaf.accelerators.TestEngine:Typing is performed on Destination
2017-05-16 13:23:51-main--INFO -com.ctaf.accelerators.TestEngine:Able to click on JED
2017-05-16 13:23:54-main--INFO -com.ctaf.accelerators.TestEngine:Able to click on Find Flights
2017-05-16 13:25:26-main--INFO -com.ctaf.accelerators.TestEngine:Able to click on By.xpath: //XCUIElementTypeTable/XCUIElementTypeCell[1]/XCUIElementTypeButton[5]
2017-05-16 13:25:50-main--INFO -com.ctaf.accelerators.TestEngine:Able to click on By.xpath: //*[@label='Continue to Select Extras']
2017-05-16 13:30:20-main--INFO -com.ctaf.accelerators.TestEngine: Able to get TscreenShot
2017-05-16 13:30:40-main--INFO -com.ctaf.accelerators.TestEngine:Current Test : TC_64_oneWayDomesticFlex_RUH_DMM
2017-05-16 13:30:46-main--INFO -com.ctaf.accelerators.TestEngine:Able to click on By.xpath: //*[@label='Book flights']
2017-05-16 13:30:53-main--INFO -com.ctaf.accelerators.TestEngine:Able to click on By.xpath: //*[@label='One-way']
2017-05-16 13:31:00-main--INFO -com.ctaf.accelerators.TestEngine:Able to click on By.xpath: //XCUIElementTypeOther[3]/XCUIElementTypeOther[1]/XCUIElementTypeButton
2017-05-16 13:31:06-main--INFO -com.ctaf.accelerators.TestEngine:Able to click on Search
2017-05-16 13:31:13-main--INFO -com.ctaf.accelerators.TestEngine:Typing is performed on Origin
2017-05-16 13:31:15-main--INFO -com.ctaf.accelerators.TestEngine:Able to click on RUH
2017-05-16 13:31:22-main--INFO -com.ctaf.accelerators.TestEngine:Typing is performed on Destination
2017-05-16 13:31:25-main--INFO -com.ctaf.accelerators.TestEngine:Able to click on DMM
2017-05-16 13:31:28-main--INFO -com.ctaf.accelerators.TestEngine:Able to click on Find Flights
2017-05-16 13:32:33-main--INFO -com.ctaf.accelerators.TestEngine:Able to click on By.xpath: //XCUIElementTypeTable/XCUIElementTypeCell[1]/XCUIElementTypeButton[5]
2017-05-16 13:32:58-main--INFO -com.ctaf.accelerators.TestEngine:Able to click on By.xpath: //*[@label='Continue to Select Extras']
2017-05-16 13:33:17-main--INFO -com.ctaf.accelerators.TestEngine:Able to click on By.xpath: //*[@label='Continue to Select Seat']
2017-05-16 13:33:25-main--INFO -com.ctaf.accelerators.TestEngine:Able to click on By.xpath: //*[@label='Continue to Payment']
2017-05-16 13:33:35-main--INFO -com.ctaf.accelerators.TestEngine:Able to click on By.xpath: //*[@label='SADAD']
2017-05-16 13:33:48-main--INFO -com.ctaf.accelerators.TestEngine:Able to click on Purchase
2017-05-16 13:34:27-main--INFO -com.ctaf.accelerators.TestEngine:Current Test : TC_65_oneWayDomesticFlex_RUH_GIZ
2017-05-16 13:34:33-main--INFO -com.ctaf.accelerators.TestEngine:Able to click on By.xpath: //*[@label='Book flights']
2017-05-16 13:34:40-main--INFO -com.ctaf.accelerators.TestEngine:Able to click on By.xpath: //*[@label='One-way']
2017-05-16 13:34:47-main--INFO -com.ctaf.accelerators.TestEngine:Able to click on By.xpath: //XCUIElementTypeOther[3]/XCUIElementTypeOther[1]/XCUIElementTypeButton
2017-05-16 13:34:53-main--INFO -com.ctaf.accelerators.TestEngine:Able to click on Search
2017-05-16 13:34:59-main--INFO -com.ctaf.accelerators.TestEngine:Typing is performed on Origin
2017-05-16 13:35:02-main--INFO -com.ctaf.accelerators.TestEngine:Able to click on RUH
2017-05-16 13:35:09-main--INFO -com.ctaf.accelerators.TestEngine:Typing is performed on Destination
2017-05-16 13:35:11-main--INFO -com.ctaf.accelerators.TestEngine:Able to click on GIZ
2017-05-16 13:35:15-main--INFO -com.ctaf.accelerators.TestEngine:Able to click on Find Flights
2017-05-16 13:36:09-main--INFO -com.ctaf.accelerators.TestEngine:Able to click on By.xpath: //XCUIElementTypeTable/XCUIElementTypeCell[1]/XCUIElementTypeButton[5]
2017-05-16 13:36:32-main--INFO -com.ctaf.accelerators.TestEngine:Able to click on By.xpath: //*[@label='Continue to Select Extras']
2017-05-16 13:37:25-main--INFO -com.ctaf.accelerators.TestEngine:Able to click on By.xpath: //*[@label='Continue to Select Seat']
2017-05-16 13:37:34-main--INFO -com.ctaf.accelerators.TestEngine:Able to click on By.xpath: //*[@label='Continue to Payment']
2017-05-16 13:37:43-main--INFO -com.ctaf.accelerators.TestEngine:Able to click on By.xpath: //*[@label='SADAD']
2017-05-16 13:37:56-main--INFO -com.ctaf.accelerators.TestEngine:Able to click on Purchase
2017-05-16 13:38:34-main--INFO -com.ctaf.accelerators.TestEngine:Current Test : TC_66_oneWayDomesticFlex_RUH_MED
2017-05-16 13:38:40-main--INFO -com.ctaf.accelerators.TestEngine:Able to click on By.xpath: //*[@label='Book flights']
2017-05-16 13:38:47-main--INFO -com.ctaf.accelerators.TestEngine:Able to click on By.xpath: //*[@label='One-way']
2017-05-16 13:38:54-main--INFO -com.ctaf.accelerators.TestEngine:Able to click on By.xpath: //XCUIElementTypeOther[3]/XCUIElementTypeOther[1]/XCUIElementTypeButton
2017-05-16 13:39:00-main--INFO -com.ctaf.accelerators.TestEngine:Able to click on Search
2017-05-16 13:39:06-main--INFO -com.ctaf.accelerators.TestEngine:Typing is performed on Origin
2017-05-16 13:39:09-main--INFO -com.ctaf.accelerators.TestEngine:Able to click on RUH
2017-05-16 13:39:15-main--INFO -com.ctaf.accelerators.TestEngine:Typing is performed on Destination
2017-05-16 13:39:18-main--INFO -com.ctaf.accelerators.TestEngine:Able to click on MED
2017-05-16 13:39:21-main--INFO -com.ctaf.accelerators.TestEngine:Able to click on Find Flights
2017-05-16 13:40:19-main--INFO -com.ctaf.accelerators.TestEngine:Able to click on By.xpath: //XCUIElementTypeTable/XCUIElementTypeCell[1]/XCUIElementTypeButton[5]
2017-05-16 13:40:42-main--INFO -com.ctaf.accelerators.TestEngine:Able to click on By.xpath: //*[@label='Continue to Select Extras']
2017-05-16 13:41:01-main--INFO -com.ctaf.accelerators.TestEngine:Able to click on By.xpath: //*[@label='Continue to Select Seat']
2017-05-16 13:41:09-main--INFO -com.ctaf.accelerators.TestEngine:Able to click on By.xpath: //*[@label='Continue to Payment']
2017-05-16 13:41:19-main--INFO -com.ctaf.accelerators.TestEngine:Able to click on By.xpath: //*[@label='SADAD']
2017-05-16 13:41:31-main--INFO -com.ctaf.accelerators.TestEngine:Able to click on Purchase
2017-05-16 13:42:08-main--INFO -com.ctaf.accelerators.TestEngine:Current Test : TC_67_oneWayDomesticFlex_RUH_TIF
2017-05-16 13:42:14-main--INFO -com.ctaf.accelerators.TestEngine:Able to click on By.xpath: //*[@label='Book flights']
2017-05-16 13:42:21-main--INFO -com.ctaf.accelerators.TestEngine:Able to click on By.xpath: //*[@label='One-way']
2017-05-16 13:42:28-main--INFO -com.ctaf.accelerators.TestEngine:Able to click on By.xpath: //XCUIElementTypeOther[3]/XCUIElementTypeOther[1]/XCUIElementTypeButton
2017-05-16 13:42:34-main--INFO -com.ctaf.accelerators.TestEngine:Able to click on Search
2017-05-16 13:42:41-main--INFO -com.ctaf.accelerators.TestEngine:Typing is performed on Origin
2017-05-16 13:42:43-main--INFO -com.ctaf.accelerators.TestEngine:Able to click on RUH
2017-05-16 13:42:50-main--INFO -com.ctaf.accelerators.TestEngine:Typing is performed on Destination
2017-05-16 13:42:52-main--INFO -com.ctaf.accelerators.TestEngine:Able to click on TIF
2017-05-16 13:42:56-main--INFO -com.ctaf.accelerators.TestEngine:Able to click on Find Flights
2017-05-16 13:43:43-main--INFO -com.ctaf.accelerators.TestEngine:Able to click on By.xpath: //XCUIElementTypeTable/XCUIElementTypeCell[1]/XCUIElementTypeButton[5]
2017-05-16 13:44:06-main--INFO -com.ctaf.accelerators.TestEngine:Able to click on By.xpath: //*[@label='Continue to Select Extras']
2017-05-16 13:44:24-main--INFO -com.ctaf.accelerators.TestEngine:Able to click on By.xpath: //*[@label='Continue to Select Seat']
2017-05-16 13:44:32-main--INFO -com.ctaf.accelerators.TestEngine:Able to click on By.xpath: //*[@label='Continue to Payment']
2017-05-16 13:44:42-main--INFO -com.ctaf.accelerators.TestEngine:Able to click on By.xpath: //*[@label='SADAD']
2017-05-16 13:44:54-main--INFO -com.ctaf.accelerators.TestEngine:Able to click on Purchase
2017-05-16 13:45:32-main--INFO -com.ctaf.accelerators.TestEngine:Current Test : TC_68_oneWayDomesticFlex_RUH_HAS
2017-05-16 13:45:37-main--INFO -com.ctaf.accelerators.TestEngine:Able to click on By.xpath: //*[@label='Book flights']
2017-05-16 13:45:44-main--INFO -com.ctaf.accelerators.TestEngine:Able to click on By.xpath: //*[@label='One-way']
2017-05-16 13:45:52-main--INFO -com.ctaf.accelerators.TestEngine:Able to click on By.xpath: //XCUIElementTypeOther[3]/XCUIElementTypeOther[1]/XCUIElementTypeButton
2017-05-16 13:45:57-main--INFO -com.ctaf.accelerators.TestEngine:Able to click on Search
2017-05-16 13:46:04-main--INFO -com.ctaf.accelerators.TestEngine:Typing is performed on Origin
2017-05-16 13:46:07-main--INFO -com.ctaf.accelerators.TestEngine:Able to click on RUH
2017-05-16 13:46:13-main--INFO -com.ctaf.accelerators.TestEngine:Typing is performed on Destination
2017-05-16 13:46:16-main--INFO -com.ctaf.accelerators.TestEngine:Able to click on HAS
2017-05-16 13:46:19-main--INFO -com.ctaf.accelerators.TestEngine:Able to click on Find Flights
2017-05-16 13:46:41-main--INFO -com.ctaf.accelerators.TestEngine:Able to click on By.xpath: //XCUIElementTypeTable/XCUIElementTypeCell[1]/XCUIElementTypeButton[5]
2017-05-16 13:51:17-main--INFO -com.ctaf.accelerators.TestEngine: Able to get TscreenShot
2017-05-16 13:51:38-main--INFO -com.ctaf.accelerators.TestEngine:Current Test : TC_69_oneWayDomesticFlex_RUH_TUU
2017-05-16 13:51:44-main--INFO -com.ctaf.accelerators.TestEngine:Able to click on By.xpath: //*[@label='Book flights']
2017-05-16 13:51:51-main--INFO -com.ctaf.accelerators.TestEngine:Able to click on By.xpath: //*[@label='One-way']
2017-05-16 13:51:58-main--INFO -com.ctaf.accelerators.TestEngine:Able to click on By.xpath: //XCUIElementTypeOther[3]/XCUIElementTypeOther[1]/XCUIElementTypeButton
2017-05-16 13:52:04-main--INFO -com.ctaf.accelerators.TestEngine:Able to click on Search
2017-05-16 13:52:11-main--INFO -com.ctaf.accelerators.TestEngine:Typing is performed on Origin
2017-05-16 13:52:13-main--INFO -com.ctaf.accelerators.TestEngine:Able to click on RUH
2017-05-16 13:52:20-main--INFO -com.ctaf.accelerators.TestEngine:Typing is performed on Destination
2017-05-16 13:52:22-main--INFO -com.ctaf.accelerators.TestEngine:Able to click on TUU
2017-05-16 13:52:26-main--INFO -com.ctaf.accelerators.TestEngine:Able to click on Find Flights
2017-05-16 13:53:16-main--INFO -com.ctaf.accelerators.TestEngine:Able to click on By.xpath: //XCUIElementTypeTable/XCUIElementTypeCell[1]/XCUIElementTypeButton[5]
2017-05-16 13:53:39-main--INFO -com.ctaf.accelerators.TestEngine:Able to click on By.xpath: //*[@label='Continue to Select Extras']
2017-05-16 13:58:02-main--INFO -com.ctaf.accelerators.TestEngine: Able to get TscreenShot
2017-05-16 13:58:23-main--INFO -com.ctaf.accelerators.TestEngine:Current Test : TC_70_oneWayDomesticFlex_RUH_URY
2017-05-16 13:58:29-main--INFO -com.ctaf.accelerators.TestEngine:Able to click on By.xpath: //*[@label='Book flights']
2017-05-16 13:58:36-main--INFO -com.ctaf.accelerators.TestEngine:Able to click on By.xpath: //*[@label='One-way']
2017-05-16 13:58:43-main--INFO -com.ctaf.accelerators.TestEngine:Able to click on By.xpath: //XCUIElementTypeOther[3]/XCUIElementTypeOther[1]/XCUIElementTypeButton
2017-05-16 13:58:49-main--INFO -com.ctaf.accelerators.TestEngine:Able to click on Search
2017-05-16 13:58:55-main--INFO -com.ctaf.accelerators.TestEngine:Typing is performed on Origin
2017-05-16 13:58:58-main--INFO -com.ctaf.accelerators.TestEngine:Able to click on RUH
2017-05-16 13:59:04-main--INFO -com.ctaf.accelerators.TestEngine:Typing is performed on Destination
2017-05-16 13:59:07-main--INFO -com.ctaf.accelerators.TestEngine:Able to click on URY
2017-05-16 13:59:10-main--INFO -com.ctaf.accelerators.TestEngine:Able to click on Find Flights
2017-05-16 14:01:16-main--INFO -com.ctaf.accelerators.TestEngine: Able to get TscreenShot
2017-05-16 14:01:37-main--INFO -com.ctaf.accelerators.TestEngine:Current Test : TC_71_oneWayDomesticFlex_RUH_AJF
2017-05-16 14:01:43-main--INFO -com.ctaf.accelerators.TestEngine:Able to click on By.xpath: //*[@label='Book flights']
2017-05-16 14:01:50-main--INFO -com.ctaf.accelerators.TestEngine:Able to click on By.xpath: //*[@label='One-way']
2017-05-16 14:01:57-main--INFO -com.ctaf.accelerators.TestEngine:Able to click on By.xpath: //XCUIElementTypeOther[3]/XCUIElementTypeOther[1]/XCUIElementTypeButton
2017-05-16 14:02:02-main--INFO -com.ctaf.accelerators.TestEngine:Able to click on Search
2017-05-16 14:02:09-main--INFO -com.ctaf.accelerators.TestEngine:Typing is performed on Origin
2017-05-16 14:02:11-main--INFO -com.ctaf.accelerators.TestEngine:Able to click on RUH
2017-05-16 14:02:18-main--INFO -com.ctaf.accelerators.TestEngine:Typing is performed on Destination
2017-05-16 14:02:21-main--INFO -com.ctaf.accelerators.TestEngine:Able to click on AJF
2017-05-16 14:02:24-main--INFO -com.ctaf.accelerators.TestEngine:Able to click on Find Flights
2017-05-16 14:02:45-main--INFO -com.ctaf.accelerators.TestEngine:Able to click on By.xpath: //XCUIElementTypeTable/XCUIElementTypeCell[1]/XCUIElementTypeButton[5]
2017-05-16 14:07:38-main--INFO -com.ctaf.accelerators.TestEngine: Able to get TscreenShot
2017-05-16 14:07:59-main--INFO -com.ctaf.accelerators.TestEngine:Current Test : TC_72_oneWayDomesticFlex_RUH_ABT
2017-05-16 14:08:05-main--INFO -com.ctaf.accelerators.TestEngine:Able to click on By.xpath: //*[@label='Book flights']
2017-05-16 14:08:12-main--INFO -com.ctaf.accelerators.TestEngine:Able to click on By.xpath: //*[@label='One-way']
2017-05-16 14:08:19-main--INFO -com.ctaf.accelerators.TestEngine:Able to click on By.xpath: //XCUIElementTypeOther[3]/XCUIElementTypeOther[1]/XCUIElementTypeButton
2017-05-16 14:08:25-main--INFO -com.ctaf.accelerators.TestEngine:Able to click on Search
2017-05-16 14:08:31-main--INFO -com.ctaf.accelerators.TestEngine:Typing is performed on Origin
2017-05-16 14:08:34-main--INFO -com.ctaf.accelerators.TestEngine:Able to click on RUH
2017-05-16 14:08:40-main--INFO -com.ctaf.accelerators.TestEngine:Typing is performed on Destination
2017-05-16 14:08:43-main--INFO -com.ctaf.accelerators.TestEngine:Able to click on ABT
2017-05-16 14:08:46-main--INFO -com.ctaf.accelerators.TestEngine:Able to click on Find Flights
2017-05-16 14:09:08-main--INFO -com.ctaf.accelerators.TestEngine:Able to click on By.xpath: //XCUIElementTypeTable/XCUIElementTypeCell[1]/XCUIElementTypeButton[5]
2017-05-16 14:13:45-main--INFO -com.ctaf.accelerators.TestEngine: Able to get TscreenShot
2017-05-16 14:14:06-main--INFO -com.ctaf.accelerators.TestEngine:Current Test : TC_73_roundTripDomesticFlex_JED_DMM
2017-05-16 14:14:12-main--INFO -com.ctaf.accelerators.TestEngine:Able to click on By.xpath: //*[@label='Book flights']
2017-05-16 14:14:19-main--INFO -com.ctaf.accelerators.TestEngine:Able to click on By.xpath: //*[@label='Return']
2017-05-16 14:14:26-main--INFO -com.ctaf.accelerators.TestEngine:Able to click on By.xpath: //XCUIElementTypeOther[3]/XCUIElementTypeOther[1]/XCUIElementTypeButton
2017-05-16 14:14:32-main--INFO -com.ctaf.accelerators.TestEngine:Able to click on Search
2017-05-16 14:14:38-main--INFO -com.ctaf.accelerators.TestEngine:Typing is performed on Origin
2017-05-16 14:14:41-main--INFO -com.ctaf.accelerators.TestEngine:Able to click on JED
2017-05-16 14:14:48-main--INFO -com.ctaf.accelerators.TestEngine:Typing is performed on Destination
2017-05-16 14:14:50-main--INFO -com.ctaf.accelerators.TestEngine:Able to click on DMM
2017-05-16 14:14:54-main--INFO -com.ctaf.accelerators.TestEngine:Able to click on Find Flights
2017-05-16 14:15:57-main--INFO -com.ctaf.accelerators.TestEngine:Able to click on By.xpath: //XCUIElementTypeTable/XCUIElementTypeCell[1]/XCUIElementTypeButton[5]
2017-05-16 14:16:32-main--INFO -com.ctaf.accelerators.TestEngine:Able to click on By.xpath: //XCUIElementTypeTable/XCUIElementTypeCell[1]/XCUIElementTypeButton[5]
2017-05-16 14:16:57-main--INFO -com.ctaf.accelerators.TestEngine:Able to click on By.xpath: //*[@label='Continue to Select Extras']
2017-05-16 14:17:19-main--INFO -com.ctaf.accelerators.TestEngine:Able to click on By.xpath: //*[@label='Continue to Select Seat']
2017-05-16 14:17:29-main--INFO -com.ctaf.accelerators.TestEngine:Able to click on By.xpath: //*[@label='Continue to Payment']
2017-05-16 14:17:39-main--INFO -com.ctaf.accelerators.TestEngine:Able to click on By.xpath: //*[@label='SADAD']
2017-05-16 14:17:51-main--INFO -com.ctaf.accelerators.TestEngine:Able to click on Purchase
2017-05-16 14:18:18-main--INFO -com.ctaf.accelerators.TestEngine:Able to click on By.xpath: //*[@label='icn home']
2017-05-16 14:18:24-main--INFO -com.ctaf.accelerators.TestEngine:Able to click on By.xpath: //*[@label='Manage my booking']
2017-05-16 14:18:34-main--INFO -com.ctaf.accelerators.TestEngine:Able to click on By.xpath: //*[@label='S9GWWJ']/following-sibling::XCUIElementTypeButton
2017-05-16 14:19:35-main--INFO -com.ctaf.accelerators.TestEngine: Able to get TscreenShot
2017-05-16 14:19:56-main--INFO -com.ctaf.accelerators.TestEngine:Current Test : TC_74_roundTripDomesticFlex_JED_GIZ
2017-05-16 14:20:01-main--INFO -com.ctaf.accelerators.TestEngine:Able to click on By.xpath: //*[@label='Book flights']
2017-05-16 14:20:08-main--INFO -com.ctaf.accelerators.TestEngine:Able to click on By.xpath: //*[@label='Return']
2017-05-16 14:20:15-main--INFO -com.ctaf.accelerators.TestEngine:Able to click on By.xpath: //XCUIElementTypeOther[3]/XCUIElementTypeOther[1]/XCUIElementTypeButton
2017-05-16 14:20:21-main--INFO -com.ctaf.accelerators.TestEngine:Able to click on Search
2017-05-16 14:20:27-main--INFO -com.ctaf.accelerators.TestEngine:Typing is performed on Origin
2017-05-16 14:20:30-main--INFO -com.ctaf.accelerators.TestEngine:Able to click on JED
2017-05-16 14:20:36-main--INFO -com.ctaf.accelerators.TestEngine:Typing is performed on Destination
2017-05-16 14:20:39-main--INFO -com.ctaf.accelerators.TestEngine:Able to click on GIZ
2017-05-16 14:20:42-main--INFO -com.ctaf.accelerators.TestEngine:Able to click on Find Flights
2017-05-16 14:21:35-main--INFO -com.ctaf.accelerators.TestEngine:Able to click on By.xpath: //XCUIElementTypeTable/XCUIElementTypeCell[1]/XCUIElementTypeButton[5]
2017-05-16 14:22:06-main--INFO -com.ctaf.accelerators.TestEngine:Able to click on By.xpath: //XCUIElementTypeTable/XCUIElementTypeCell[1]/XCUIElementTypeButton[5]
2017-05-16 14:22:29-main--INFO -com.ctaf.accelerators.TestEngine:Able to click on By.xpath: //*[@label='Continue to Select Extras']
2017-05-16 14:22:51-main--INFO -com.ctaf.accelerators.TestEngine:Able to click on By.xpath: //*[@label='Continue to Select Seat']
2017-05-16 14:23:00-main--INFO -com.ctaf.accelerators.TestEngine:Able to click on By.xpath: //*[@label='Continue to Payment']
2017-05-16 14:23:10-main--INFO -com.ctaf.accelerators.TestEngine:Able to click on By.xpath: //*[@label='SADAD']
2017-05-16 14:23:24-main--INFO -com.ctaf.accelerators.TestEngine:Able to click on Purchase
2017-05-16 14:23:51-main--INFO -com.ctaf.accelerators.TestEngine:Able to click on By.xpath: //*[@label='icn home']
2017-05-16 14:23:57-main--INFO -com.ctaf.accelerators.TestEngine:Able to click on By.xpath: //*[@label='Manage my booking']
2017-05-16 14:24:06-main--INFO -com.ctaf.accelerators.TestEngine:Able to click on By.xpath: //*[@label='X1T48B']/following-sibling::XCUIElementTypeButton
2017-05-16 14:25:07-main--INFO -com.ctaf.accelerators.TestEngine: Able to get TscreenShot
2017-05-16 14:25:28-main--INFO -com.ctaf.accelerators.TestEngine:Current Test : TC_75_roundTripDomesticFlex_JED_MED
2017-05-16 14:25:34-main--INFO -com.ctaf.accelerators.TestEngine:Able to click on By.xpath: //*[@label='Book flights']
2017-05-16 14:25:40-main--INFO -com.ctaf.accelerators.TestEngine:Able to click on By.xpath: //*[@label='Return']
2017-05-16 14:25:47-main--INFO -com.ctaf.accelerators.TestEngine:Able to click on By.xpath: //XCUIElementTypeOther[3]/XCUIElementTypeOther[1]/XCUIElementTypeButton
2017-05-16 14:25:53-main--INFO -com.ctaf.accelerators.TestEngine:Able to click on Search
2017-05-16 14:25:59-main--INFO -com.ctaf.accelerators.TestEngine:Typing is performed on Origin
2017-05-16 14:26:02-main--INFO -com.ctaf.accelerators.TestEngine:Able to click on JED
2017-05-16 14:26:08-main--INFO -com.ctaf.accelerators.TestEngine:Typing is performed on Destination
2017-05-16 14:26:11-main--INFO -com.ctaf.accelerators.TestEngine:Able to click on MED
2017-05-16 14:26:14-main--INFO -com.ctaf.accelerators.TestEngine:Able to click on Find Flights
2017-05-16 14:27:04-main--INFO -com.ctaf.accelerators.TestEngine:Able to click on By.xpath: //XCUIElementTypeTable/XCUIElementTypeCell[1]/XCUIElementTypeButton[5]
2017-05-16 14:27:30-main--INFO -com.ctaf.accelerators.TestEngine:Able to click on By.xpath: //XCUIElementTypeTable/XCUIElementTypeCell[1]/XCUIElementTypeButton[5]
2017-05-16 14:27:54-main--INFO -com.ctaf.accelerators.TestEngine:Able to click on By.xpath: //*[@label='Continue to Select Extras']
2017-05-16 14:28:16-main--INFO -com.ctaf.accelerators.TestEngine:Able to click on By.xpath: //*[@label='Continue to Select Seat']
2017-05-16 14:28:25-main--INFO -com.ctaf.accelerators.TestEngine:Able to click on By.xpath: //*[@label='Continue to Payment']
2017-05-16 14:28:35-main--INFO -com.ctaf.accelerators.TestEngine:Able to click on By.xpath: //*[@label='SADAD']
2017-05-16 14:28:47-main--INFO -com.ctaf.accelerators.TestEngine:Able to click on Purchase
2017-05-16 14:29:14-main--INFO -com.ctaf.accelerators.TestEngine:Able to click on By.xpath: //*[@label='icn home']
2017-05-16 14:29:20-main--INFO -com.ctaf.accelerators.TestEngine:Able to click on By.xpath: //*[@label='Manage my booking']
2017-05-16 14:29:31-main--INFO -com.ctaf.accelerators.TestEngine:Able to click on By.xpath: //*[@label='V9LSUJ']/following-sibling::XCUIElementTypeButton
2017-05-16 14:30:32-main--INFO -com.ctaf.accelerators.TestEngine: Able to get TscreenShot
2017-05-16 14:30:53-main--INFO -com.ctaf.accelerators.TestEngine:Current Test : TC_76_roundTripDomesticFlex_JED_AHB
2017-05-16 14:30:59-main--INFO -com.ctaf.accelerators.TestEngine:Able to click on By.xpath: //*[@label='Book flights']
2017-05-16 14:31:06-main--INFO -com.ctaf.accelerators.TestEngine:Able to click on By.xpath: //*[@label='Return']
2017-05-16 14:31:13-main--INFO -com.ctaf.accelerators.TestEngine:Able to click on By.xpath: //XCUIElementTypeOther[3]/XCUIElementTypeOther[1]/XCUIElementTypeButton
2017-05-16 14:31:18-main--INFO -com.ctaf.accelerators.TestEngine:Able to click on Search
2017-05-16 14:31:25-main--INFO -com.ctaf.accelerators.TestEngine:Typing is performed on Origin
2017-05-16 14:31:27-main--INFO -com.ctaf.accelerators.TestEngine:Able to click on JED
2017-05-16 14:31:34-main--INFO -com.ctaf.accelerators.TestEngine:Typing is performed on Destination
2017-05-16 14:31:37-main--INFO -com.ctaf.accelerators.TestEngine:Able to click on AHB
2017-05-16 14:31:40-main--INFO -com.ctaf.accelerators.TestEngine:Able to click on Find Flights
2017-05-16 14:32:34-main--INFO -com.ctaf.accelerators.TestEngine:Able to click on By.xpath: //XCUIElementTypeTable/XCUIElementTypeCell[1]/XCUIElementTypeButton[5]
2017-05-16 14:32:52-main--INFO -com.ctaf.accelerators.TestEngine:Able to click on By.xpath: //XCUIElementTypeTable/XCUIElementTypeCell[1]/XCUIElementTypeButton[5]
2017-05-16 14:33:14-main--INFO -com.ctaf.accelerators.TestEngine:Able to click on By.xpath: //*[@label='Continue to Select Extras']
2017-05-16 14:33:36-main--INFO -com.ctaf.accelerators.TestEngine:Able to click on By.xpath: //*[@label='Continue to Select Seat']
2017-05-16 14:33:45-main--INFO -com.ctaf.accelerators.TestEngine:Able to click on By.xpath: //*[@label='Continue to Payment']
2017-05-16 14:33:55-main--INFO -com.ctaf.accelerators.TestEngine:Able to click on By.xpath: //*[@label='SADAD']
2017-05-16 14:34:07-main--INFO -com.ctaf.accelerators.TestEngine:Able to click on Purchase
2017-05-16 14:34:32-main--INFO -com.ctaf.accelerators.TestEngine:Able to click on By.xpath: //*[@label='icn home']
2017-05-16 14:34:39-main--INFO -com.ctaf.accelerators.TestEngine:Able to click on By.xpath: //*[@label='Manage my booking']
2017-05-16 14:34:50-main--INFO -com.ctaf.accelerators.TestEngine:Able to click on By.xpath: //*[@label='M3JLFY']/following-sibling::XCUIElementTypeButton
2017-05-16 14:35:50-main--INFO -com.ctaf.accelerators.TestEngine: Able to get TscreenShot
2017-05-16 14:36:16-main--INFO -com.ctaf.accelerators.TestEngine:Current Test : TC_77_roundTripDomesticFllex_JED_TUU
2017-05-16 14:36:22-main--INFO -com.ctaf.accelerators.TestEngine:Able to click on By.xpath: //*[@label='Book flights']
2017-05-16 14:36:29-main--INFO -com.ctaf.accelerators.TestEngine:Able to click on By.xpath: //*[@label='Return']
2017-05-16 14:36:36-main--INFO -com.ctaf.accelerators.TestEngine:Able to click on By.xpath: //XCUIElementTypeOther[3]/XCUIElementTypeOther[1]/XCUIElementTypeButton
2017-05-16 14:36:41-main--INFO -com.ctaf.accelerators.TestEngine:Able to click on Search
2017-05-16 14:36:48-main--INFO -com.ctaf.accelerators.TestEngine:Typing is performed on Origin
2017-05-16 14:36:51-main--INFO -com.ctaf.accelerators.TestEngine:Able to click on JED
2017-05-16 14:36:58-main--INFO -com.ctaf.accelerators.TestEngine:Typing is performed on Destination
2017-05-16 14:37:01-main--INFO -com.ctaf.accelerators.TestEngine:Able to click on TUU
2017-05-16 14:37:05-main--INFO -com.ctaf.accelerators.TestEngine:Able to click on Find Flights
2017-05-16 14:38:23-main--INFO -com.ctaf.accelerators.TestEngine:Able to click on By.xpath: //XCUIElementTypeTable/XCUIElementTypeCell[1]/XCUIElementTypeButton[5]
2017-05-16 14:38:46-main--INFO -com.ctaf.accelerators.TestEngine:Able to click on By.xpath: //XCUIElementTypeTable/XCUIElementTypeCell[1]/XCUIElementTypeButton[5]
2017-05-16 14:39:09-main--INFO -com.ctaf.accelerators.TestEngine:Able to click on By.xpath: //*[@label='Continue to Select Extras']
2017-05-16 14:40:47-main--INFO -com.ctaf.accelerators.TestEngine:Able to click on By.xpath: //*[@label='Continue to Select Seat']
2017-05-16 14:40:57-main--INFO -com.ctaf.accelerators.TestEngine:Able to click on By.xpath: //*[@label='Continue to Payment']
2017-05-16 14:41:07-main--INFO -com.ctaf.accelerators.TestEngine:Able to click on By.xpath: //*[@label='SADAD']
2017-05-16 14:41:19-main--INFO -com.ctaf.accelerators.TestEngine:Able to click on Purchase
2017-05-16 14:41:45-main--INFO -com.ctaf.accelerators.TestEngine:Able to click on By.xpath: //*[@label='icn home']
2017-05-16 14:41:51-main--INFO -com.ctaf.accelerators.TestEngine:Able to click on By.xpath: //*[@label='Manage my booking']
2017-05-16 14:42:11-main--INFO -com.ctaf.accelerators.TestEngine:Able to click on By.xpath: //*[@label='F7GR6J']/following-sibling::XCUIElementTypeButton
2017-05-16 14:43:12-main--INFO -com.ctaf.accelerators.TestEngine: Able to get TscreenShot
2017-05-16 14:43:32-main--INFO -com.ctaf.accelerators.TestEngine:Current Test : TC_78_roundTripDomesticFlex_JED_ELQ
2017-05-16 14:43:38-main--INFO -com.ctaf.accelerators.TestEngine:Able to click on By.xpath: //*[@label='Book flights']
2017-05-16 14:43:45-main--INFO -com.ctaf.accelerators.TestEngine:Able to click on By.xpath: //*[@label='Return']
2017-05-16 14:43:52-main--INFO -com.ctaf.accelerators.TestEngine:Able to click on By.xpath: //XCUIElementTypeOther[3]/XCUIElementTypeOther[1]/XCUIElementTypeButton
2017-05-16 14:43:57-main--INFO -com.ctaf.accelerators.TestEngine:Able to click on Search
2017-05-16 14:44:04-main--INFO -com.ctaf.accelerators.TestEngine:Typing is performed on Origin
2017-05-16 14:44:06-main--INFO -com.ctaf.accelerators.TestEngine:Able to click on JED
2017-05-16 14:44:13-main--INFO -com.ctaf.accelerators.TestEngine:Typing is performed on Destination
2017-05-16 14:44:15-main--INFO -com.ctaf.accelerators.TestEngine:Able to click on ELQ
2017-05-16 14:44:19-main--INFO -com.ctaf.accelerators.TestEngine:Able to click on Find Flights
2017-05-16 14:44:40-main--INFO -com.ctaf.accelerators.TestEngine:Able to click on By.xpath: //XCUIElementTypeTable/XCUIElementTypeCell[1]/XCUIElementTypeButton[5]
2017-05-16 14:45:13-main--INFO -com.ctaf.accelerators.TestEngine:Able to click on By.xpath: //XCUIElementTypeTable/XCUIElementTypeCell[1]/XCUIElementTypeButton[5]
2017-05-16 14:45:35-main--INFO -com.ctaf.accelerators.TestEngine:Able to click on By.xpath: //*[@label='Continue to Select Extras']
2017-05-16 14:48:55-main--INFO -com.ctaf.accelerators.TestEngine:Starting browser : iphone
2017-05-16 14:49:39-main--INFO -com.ctaf.accelerators.TestEngine:Current Test : TC_77_roundTripDomesticFllex_JED_TUU
2017-05-16 14:49:44-main--INFO -com.ctaf.accelerators.TestEngine:Able to click on By.xpath: //*[@label='Book flights']
2017-05-16 14:49:51-main--INFO -com.ctaf.accelerators.TestEngine:Able to click on By.xpath: //*[@label='Return']
2017-05-16 14:49:58-main--INFO -com.ctaf.accelerators.TestEngine:Able to click on By.xpath: //XCUIElementTypeOther[3]/XCUIElementTypeOther[1]/XCUIElementTypeButton
2017-05-16 14:50:04-main--INFO -com.ctaf.accelerators.TestEngine:Able to click on Search
2017-05-16 14:50:10-main--INFO -com.ctaf.accelerators.TestEngine:Typing is performed on Origin
2017-05-16 14:50:12-main--INFO -com.ctaf.accelerators.TestEngine:Able to click on JED
2017-05-16 14:50:19-main--INFO -com.ctaf.accelerators.TestEngine:Typing is performed on Destination
2017-05-16 14:50:21-main--INFO -com.ctaf.accelerators.TestEngine:Able to click on TUU
2017-05-16 14:50:25-main--INFO -com.ctaf.accelerators.TestEngine:Able to click on Find Flights
2017-05-16 14:51:13-main--INFO -com.ctaf.accelerators.TestEngine:Able to click on By.xpath: //XCUIElementTypeTable/XCUIElementTypeCell[1]/XCUIElementTypeButton[5]
2017-05-16 14:51:35-main--INFO -com.ctaf.accelerators.TestEngine:Able to click on By.xpath: //XCUIElementTypeTable/XCUIElementTypeCell[1]/XCUIElementTypeButton[5]
2017-05-16 14:51:57-main--INFO -com.ctaf.accelerators.TestEngine:Able to click on By.xpath: //*[@label='Continue to Select Extras']
2017-05-16 14:52:18-main--INFO -com.ctaf.accelerators.TestEngine:Able to click on By.xpath: //*[@label='Continue to Select Seat']
2017-05-16 14:52:27-main--INFO -com.ctaf.accelerators.TestEngine:Able to click on By.xpath: //*[@label='Continue to Payment']
2017-05-16 14:52:36-main--INFO -com.ctaf.accelerators.TestEngine:Able to click on By.xpath: //*[@label='SADAD']
2017-05-16 14:52:48-main--INFO -com.ctaf.accelerators.TestEngine:Able to click on Purchase
2017-05-16 14:53:51-main--INFO -com.ctaf.accelerators.TestEngine: Able to get TscreenShot
2017-05-16 14:54:12-main--INFO -com.ctaf.accelerators.TestEngine:Current Test : TC_78_roundTripDomesticFlex_JED_ELQ
2017-05-16 14:54:18-main--INFO -com.ctaf.accelerators.TestEngine:Able to click on By.xpath: //*[@label='Book flights']
2017-05-16 14:54:25-main--INFO -com.ctaf.accelerators.TestEngine:Able to click on By.xpath: //*[@label='Return']
2017-05-16 14:54:32-main--INFO -com.ctaf.accelerators.TestEngine:Able to click on By.xpath: //XCUIElementTypeOther[3]/XCUIElementTypeOther[1]/XCUIElementTypeButton
2017-05-16 14:54:37-main--INFO -com.ctaf.accelerators.TestEngine:Able to click on Search
2017-05-16 14:54:43-main--INFO -com.ctaf.accelerators.TestEngine:Typing is performed on Origin
2017-05-16 14:54:46-main--INFO -com.ctaf.accelerators.TestEngine:Able to click on JED
2017-05-16 14:54:52-main--INFO -com.ctaf.accelerators.TestEngine:Typing is performed on Destination
2017-05-16 14:54:55-main--INFO -com.ctaf.accelerators.TestEngine:Able to click on ELQ
2017-05-16 14:54:58-main--INFO -com.ctaf.accelerators.TestEngine:Able to click on Find Flights
2017-05-16 14:55:19-main--INFO -com.ctaf.accelerators.TestEngine:Able to click on By.xpath: //XCUIElementTypeTable/XCUIElementTypeCell[1]/XCUIElementTypeButton[5]
2017-05-16 14:55:52-main--INFO -com.ctaf.accelerators.TestEngine:Able to click on By.xpath: //XCUIElementTypeTable/XCUIElementTypeCell[1]/XCUIElementTypeButton[5]
2017-05-16 14:56:57-main--INFO -com.ctaf.accelerators.TestEngine:Able to click on By.xpath: //*[@label='Continue to Select Extras']
2017-05-16 14:57:34-main--INFO -com.ctaf.accelerators.TestEngine:Able to click on By.xpath: //*[@label='Continue to Select Seat']
2017-05-16 14:57:43-main--INFO -com.ctaf.accelerators.TestEngine:Able to click on By.xpath: //*[@label='Continue to Payment']
2017-05-16 14:57:52-main--INFO -com.ctaf.accelerators.TestEngine:Able to click on By.xpath: //*[@label='SADAD']
2017-05-16 14:58:04-main--INFO -com.ctaf.accelerators.TestEngine:Able to click on Purchase
2017-05-16 14:58:43-main--INFO -com.ctaf.accelerators.TestEngine:Current Test : TC_79_roundTripDomesticFlex_DMM_TIF
2017-05-16 14:58:49-main--INFO -com.ctaf.accelerators.TestEngine:Able to click on By.xpath: //*[@label='Book flights']
2017-05-16 14:58:55-main--INFO -com.ctaf.accelerators.TestEngine:Able to click on By.xpath: //*[@label='Return']
2017-05-16 14:59:02-main--INFO -com.ctaf.accelerators.TestEngine:Able to click on By.xpath: //XCUIElementTypeOther[3]/XCUIElementTypeOther[1]/XCUIElementTypeButton
2017-05-16 14:59:08-main--INFO -com.ctaf.accelerators.TestEngine:Able to click on Search
2017-05-16 14:59:14-main--INFO -com.ctaf.accelerators.TestEngine:Typing is performed on Origin
2017-05-16 14:59:16-main--INFO -com.ctaf.accelerators.TestEngine:Able to click on DMM
2017-05-16 14:59:22-main--INFO -com.ctaf.accelerators.TestEngine:Typing is performed on Destination
2017-05-16 14:59:25-main--INFO -com.ctaf.accelerators.TestEngine:Able to click on TIF
2017-05-16 14:59:28-main--INFO -com.ctaf.accelerators.TestEngine:Able to click on Find Flights
2017-05-16 15:00:16-main--INFO -com.ctaf.accelerators.TestEngine:Able to click on By.xpath: //XCUIElementTypeTable/XCUIElementTypeCell[1]/XCUIElementTypeButton[5]
2017-05-16 15:00:35-main--INFO -com.ctaf.accelerators.TestEngine:Able to click on By.xpath: //XCUIElementTypeTable/XCUIElementTypeCell[1]/XCUIElementTypeButton[5]
2017-05-16 15:00:58-main--INFO -com.ctaf.accelerators.TestEngine:Able to click on By.xpath: //*[@label='Continue to Select Extras']
2017-05-16 15:01:20-main--INFO -com.ctaf.accelerators.TestEngine:Able to click on By.xpath: //*[@label='Continue to Select Seat']
2017-05-16 15:01:31-main--INFO -com.ctaf.accelerators.TestEngine:Able to click on By.xpath: //*[@label='Continue to Payment']
2017-05-16 15:01:40-main--INFO -com.ctaf.accelerators.TestEngine:Able to click on By.xpath: //*[@label='SADAD']
2017-05-16 15:01:52-main--INFO -com.ctaf.accelerators.TestEngine:Able to click on Purchase
2017-05-16 15:02:56-main--INFO -com.ctaf.accelerators.TestEngine: Able to get TscreenShot
2017-05-16 15:03:18-main--INFO -com.ctaf.accelerators.TestEngine:Current Test : TC_80_roundTripDomesticFlex_DMM_AHB
2017-05-16 15:03:23-main--INFO -com.ctaf.accelerators.TestEngine:Able to click on By.xpath: //*[@label='Book flights']
2017-05-16 15:03:30-main--INFO -com.ctaf.accelerators.TestEngine:Able to click on By.xpath: //*[@label='Return']
2017-05-16 15:03:37-main--INFO -com.ctaf.accelerators.TestEngine:Able to click on By.xpath: //XCUIElementTypeOther[3]/XCUIElementTypeOther[1]/XCUIElementTypeButton
2017-05-16 15:03:42-main--INFO -com.ctaf.accelerators.TestEngine:Able to click on Search
2017-05-16 15:03:48-main--INFO -com.ctaf.accelerators.TestEngine:Typing is performed on Origin
2017-05-16 15:03:51-main--INFO -com.ctaf.accelerators.TestEngine:Able to click on DMM
2017-05-16 15:03:57-main--INFO -com.ctaf.accelerators.TestEngine:Typing is performed on Destination
2017-05-16 15:04:00-main--INFO -com.ctaf.accelerators.TestEngine:Able to click on AHB
2017-05-16 15:04:03-main--INFO -com.ctaf.accelerators.TestEngine:Able to click on Find Flights
2017-05-16 15:04:51-main--INFO -com.ctaf.accelerators.TestEngine:Able to click on By.xpath: //XCUIElementTypeTable/XCUIElementTypeCell[1]/XCUIElementTypeButton[5]
2017-05-16 15:05:16-main--INFO -com.ctaf.accelerators.TestEngine:Able to click on By.xpath: //XCUIElementTypeTable/XCUIElementTypeCell[1]/XCUIElementTypeButton[5]
2017-05-16 15:05:39-main--INFO -com.ctaf.accelerators.TestEngine:Able to click on By.xpath: //*[@label='Continue to Select Extras']
2017-05-16 15:06:01-main--INFO -com.ctaf.accelerators.TestEngine:Able to click on By.xpath: //*[@label='Continue to Select Seat']
2017-05-16 15:06:10-main--INFO -com.ctaf.accelerators.TestEngine:Able to click on By.xpath: //*[@label='Continue to Payment']
2017-05-16 15:06:19-main--INFO -com.ctaf.accelerators.TestEngine:Able to click on By.xpath: //*[@label='SADAD']
2017-05-16 15:06:31-main--INFO -com.ctaf.accelerators.TestEngine:Able to click on Purchase
2017-05-16 15:07:12-main--INFO -com.ctaf.accelerators.TestEngine:Current Test : TC_81_roundTripDomesticFlex_DMM_YNB
2017-05-16 15:07:17-main--INFO -com.ctaf.accelerators.TestEngine:Able to click on By.xpath: //*[@label='Book flights']
2017-05-16 15:07:24-main--INFO -com.ctaf.accelerators.TestEngine:Able to click on By.xpath: //*[@label='Return']
2017-05-16 15:07:31-main--INFO -com.ctaf.accelerators.TestEngine:Able to click on By.xpath: //XCUIElementTypeOther[3]/XCUIElementTypeOther[1]/XCUIElementTypeButton
2017-05-16 15:07:37-main--INFO -com.ctaf.accelerators.TestEngine:Able to click on Search
2017-05-16 15:07:43-main--INFO -com.ctaf.accelerators.TestEngine:Typing is performed on Origin
2017-05-16 15:07:45-main--INFO -com.ctaf.accelerators.TestEngine:Able to click on DMM
2017-05-16 15:07:51-main--INFO -com.ctaf.accelerators.TestEngine:Typing is performed on Destination
2017-05-16 15:07:54-main--INFO -com.ctaf.accelerators.TestEngine:Able to click on YNB
2017-05-16 15:07:57-main--INFO -com.ctaf.accelerators.TestEngine:Able to click on Find Flights
2017-05-16 15:08:18-main--INFO -com.ctaf.accelerators.TestEngine:Able to click on By.xpath: //XCUIElementTypeTable/XCUIElementTypeCell[1]/XCUIElementTypeButton[5]
2017-05-16 15:08:43-main--INFO -com.ctaf.accelerators.TestEngine:Able to click on By.xpath: //XCUIElementTypeTable/XCUIElementTypeCell[1]/XCUIElementTypeButton[5]
2017-05-16 15:09:04-main--INFO -com.ctaf.accelerators.TestEngine:Able to click on By.xpath: //*[@label='Continue to Select Extras']
2017-05-16 15:09:57-main--INFO -com.ctaf.accelerators.TestEngine:Able to click on By.xpath: //*[@label='Continue to Select Seat']
2017-05-16 15:10:11-main--INFO -com.ctaf.accelerators.TestEngine:Able to click on By.xpath: //*[@label='Continue to Payment']
2017-05-16 15:10:20-main--INFO -com.ctaf.accelerators.TestEngine:Able to click on By.xpath: //*[@label='SADAD']
2017-05-16 15:10:33-main--INFO -com.ctaf.accelerators.TestEngine:Able to click on Purchase
2017-05-16 15:11:14-main--INFO -com.ctaf.accelerators.TestEngine:Current Test : TC_82_roundTripDomesticFlex_DMM_MED
2017-05-16 15:11:20-main--INFO -com.ctaf.accelerators.TestEngine:Able to click on By.xpath: //*[@label='Book flights']
2017-05-16 15:11:27-main--INFO -com.ctaf.accelerators.TestEngine:Able to click on By.xpath: //*[@label='Return']
2017-05-16 15:11:34-main--INFO -com.ctaf.accelerators.TestEngine:Able to click on By.xpath: //XCUIElementTypeOther[3]/XCUIElementTypeOther[1]/XCUIElementTypeButton
2017-05-16 15:11:39-main--INFO -com.ctaf.accelerators.TestEngine:Able to click on Search
2017-05-16 15:11:46-main--INFO -com.ctaf.accelerators.TestEngine:Typing is performed on Origin
2017-05-16 15:11:48-main--INFO -com.ctaf.accelerators.TestEngine:Able to click on DMM
2017-05-16 15:11:54-main--INFO -com.ctaf.accelerators.TestEngine:Typing is performed on Destination
2017-05-16 15:11:57-main--INFO -com.ctaf.accelerators.TestEngine:Able to click on MED
2017-05-16 15:12:00-main--INFO -com.ctaf.accelerators.TestEngine:Able to click on Find Flights
2017-05-16 15:12:49-main--INFO -com.ctaf.accelerators.TestEngine:Able to click on By.xpath: //XCUIElementTypeTable/XCUIElementTypeCell[1]/XCUIElementTypeButton[5]
2017-05-16 15:13:11-main--INFO -com.ctaf.accelerators.TestEngine:Able to click on By.xpath: //XCUIElementTypeTable/XCUIElementTypeCell[1]/XCUIElementTypeButton[5]
2017-05-16 15:13:34-main--INFO -com.ctaf.accelerators.TestEngine:Able to click on By.xpath: //*[@label='Continue to Select Extras']
2017-05-16 15:13:55-main--INFO -com.ctaf.accelerators.TestEngine:Able to click on By.xpath: //*[@label='Continue to Select Seat']
2017-05-16 15:14:04-main--INFO -com.ctaf.accelerators.TestEngine:Able to click on By.xpath: //*[@label='Continue to Payment']
2017-05-16 15:14:13-main--INFO -com.ctaf.accelerators.TestEngine:Able to click on By.xpath: //*[@label='SADAD']
2017-05-16 15:14:25-main--INFO -com.ctaf.accelerators.TestEngine:Able to click on Purchase
2017-05-16 15:15:05-main--INFO -com.ctaf.accelerators.TestEngine:Current Test : TC_83_roundTripDomesticFlex_DMM_GIZ
2017-05-16 15:15:11-main--INFO -com.ctaf.accelerators.TestEngine:Able to click on By.xpath: //*[@label='Book flights']
2017-05-16 15:15:17-main--INFO -com.ctaf.accelerators.TestEngine:Able to click on By.xpath: //*[@label='Return']
2017-05-16 15:15:24-main--INFO -com.ctaf.accelerators.TestEngine:Able to click on By.xpath: //XCUIElementTypeOther[3]/XCUIElementTypeOther[1]/XCUIElementTypeButton
2017-05-16 15:15:30-main--INFO -com.ctaf.accelerators.TestEngine:Able to click on Search
2017-05-16 15:15:36-main--INFO -com.ctaf.accelerators.TestEngine:Typing is performed on Origin
2017-05-16 15:15:39-main--INFO -com.ctaf.accelerators.TestEngine:Able to click on DMM
2017-05-16 15:15:44-main--INFO -com.ctaf.accelerators.TestEngine:Typing is performed on Destination
2017-05-16 15:15:47-main--INFO -com.ctaf.accelerators.TestEngine:Able to click on GIZ
2017-05-16 15:15:50-main--INFO -com.ctaf.accelerators.TestEngine:Able to click on Find Flights
2017-05-16 15:16:43-main--INFO -com.ctaf.accelerators.TestEngine:Able to click on By.xpath: //XCUIElementTypeTable/XCUIElementTypeCell[1]/XCUIElementTypeButton[5]
2017-05-16 15:17:08-main--INFO -com.ctaf.accelerators.TestEngine:Able to click on By.xpath: //XCUIElementTypeTable/XCUIElementTypeCell[1]/XCUIElementTypeButton[5]
2017-05-16 15:17:30-main--INFO -com.ctaf.accelerators.TestEngine:Able to click on By.xpath: //*[@label='Continue to Select Extras']
2017-05-16 15:17:51-main--INFO -com.ctaf.accelerators.TestEngine:Able to click on By.xpath: //*[@label='Continue to Select Seat']
2017-05-16 15:18:02-main--INFO -com.ctaf.accelerators.TestEngine:Able to click on By.xpath: //*[@label='Continue to Payment']
2017-05-16 15:18:12-main--INFO -com.ctaf.accelerators.TestEngine:Able to click on By.xpath: //*[@label='SADAD']
2017-05-16 15:18:24-main--INFO -com.ctaf.accelerators.TestEngine:Able to click on Purchase
2017-05-16 15:19:28-main--INFO -com.ctaf.accelerators.TestEngine: Able to get TscreenShot
2017-05-16 15:19:49-main--INFO -com.ctaf.accelerators.TestEngine:Current Test : TC_84_roundTripDomesticFlex_DMM_ELQ
2017-05-16 15:19:55-main--INFO -com.ctaf.accelerators.TestEngine:Able to click on By.xpath: //*[@label='Book flights']
2017-05-16 15:20:02-main--INFO -com.ctaf.accelerators.TestEngine:Able to click on By.xpath: //*[@label='Return']
2017-05-16 15:20:09-main--INFO -com.ctaf.accelerators.TestEngine:Able to click on By.xpath: //XCUIElementTypeOther[3]/XCUIElementTypeOther[1]/XCUIElementTypeButton
2017-05-16 15:20:15-main--INFO -com.ctaf.accelerators.TestEngine:Able to click on Search
2017-05-16 15:20:21-main--INFO -com.ctaf.accelerators.TestEngine:Typing is performed on Origin
2017-05-16 15:20:23-main--INFO -com.ctaf.accelerators.TestEngine:Able to click on DMM
2017-05-16 15:20:29-main--INFO -com.ctaf.accelerators.TestEngine:Typing is performed on Destination
2017-05-16 15:20:32-main--INFO -com.ctaf.accelerators.TestEngine:Able to click on ELQ
2017-05-16 15:20:35-main--INFO -com.ctaf.accelerators.TestEngine:Able to click on Find Flights
2017-05-16 15:21:23-main--INFO -com.ctaf.accelerators.TestEngine:Able to click on By.xpath: //XCUIElementTypeTable/XCUIElementTypeCell[1]/XCUIElementTypeButton[5]
2017-05-16 15:21:48-main--INFO -com.ctaf.accelerators.TestEngine:Able to click on By.xpath: //XCUIElementTypeTable/XCUIElementTypeCell[1]/XCUIElementTypeButton[5]
2017-05-16 15:22:10-main--INFO -com.ctaf.accelerators.TestEngine:Able to click on By.xpath: //*[@label='Continue to Select Extras']
2017-05-16 15:23:02-main--INFO -com.ctaf.accelerators.TestEngine:Able to click on By.xpath: //*[@label='Continue to Select Seat']
2017-05-16 15:23:12-main--INFO -com.ctaf.accelerators.TestEngine:Able to click on By.xpath: //*[@label='Continue to Payment']
2017-05-16 15:23:22-main--INFO -com.ctaf.accelerators.TestEngine:Able to click on By.xpath: //*[@label='SADAD']
2017-05-16 15:23:34-main--INFO -com.ctaf.accelerators.TestEngine:Able to click on Purchase
2017-05-16 15:24:37-main--INFO -com.ctaf.accelerators.TestEngine: Able to get TscreenShot
2017-05-16 15:24:59-main--INFO -com.ctaf.accelerators.TestEngine:Current Test : TC_85_roundTripDomesticFlex_DMM_HAS
2017-05-16 15:25:04-main--INFO -com.ctaf.accelerators.TestEngine:Able to click on By.xpath: //*[@label='Book flights']
2017-05-16 15:25:11-main--INFO -com.ctaf.accelerators.TestEngine:Able to click on By.xpath: //*[@label='Return']
2017-05-16 15:25:18-main--INFO -com.ctaf.accelerators.TestEngine:Able to click on By.xpath: //XCUIElementTypeOther[3]/XCUIElementTypeOther[1]/XCUIElementTypeButton
2017-05-16 15:25:24-main--INFO -com.ctaf.accelerators.TestEngine:Able to click on Search
2017-05-16 15:25:30-main--INFO -com.ctaf.accelerators.TestEngine:Typing is performed on Origin
2017-05-16 15:25:33-main--INFO -com.ctaf.accelerators.TestEngine:Able to click on DMM
2017-05-16 15:25:38-main--INFO -com.ctaf.accelerators.TestEngine:Typing is performed on Destination
2017-05-16 15:25:41-main--INFO -com.ctaf.accelerators.TestEngine:Able to click on HAS
2017-05-16 15:25:44-main--INFO -com.ctaf.accelerators.TestEngine:Able to click on Find Flights
2017-05-16 15:26:25-main--INFO -com.ctaf.accelerators.TestEngine:Able to click on By.xpath: //XCUIElementTypeTable/XCUIElementTypeCell[1]/XCUIElementTypeButton[5]
2017-05-16 15:26:43-main--INFO -com.ctaf.accelerators.TestEngine:Able to click on By.xpath: //XCUIElementTypeTable/XCUIElementTypeCell[1]/XCUIElementTypeButton[5]
2017-05-16 15:27:05-main--INFO -com.ctaf.accelerators.TestEngine:Able to click on By.xpath: //*[@label='Continue to Select Extras']
2017-05-16 15:27:28-main--INFO -com.ctaf.accelerators.TestEngine:Able to click on By.xpath: //*[@label='Continue to Select Seat']
2017-05-16 15:27:38-main--INFO -com.ctaf.accelerators.TestEngine:Able to click on By.xpath: //*[@label='Continue to Payment']
2017-05-16 15:27:48-main--INFO -com.ctaf.accelerators.TestEngine:Able to click on By.xpath: //*[@label='SADAD']
2017-05-16 15:28:00-main--INFO -com.ctaf.accelerators.TestEngine:Able to click on Purchase
2017-05-16 15:28:38-main--INFO -com.ctaf.accelerators.TestEngine:Current Test : TC_86_roundTripDomesticFlex_DMM_TUU
2017-05-16 15:28:43-main--INFO -com.ctaf.accelerators.TestEngine:Able to click on By.xpath: //*[@label='Book flights']
2017-05-16 15:28:50-main--INFO -com.ctaf.accelerators.TestEngine:Able to click on By.xpath: //*[@label='Return']
2017-05-16 15:28:57-main--INFO -com.ctaf.accelerators.TestEngine:Able to click on By.xpath: //XCUIElementTypeOther[3]/XCUIElementTypeOther[1]/XCUIElementTypeButton
2017-05-16 15:29:02-main--INFO -com.ctaf.accelerators.TestEngine:Able to click on Search
2017-05-16 15:29:09-main--INFO -com.ctaf.accelerators.TestEngine:Typing is performed on Origin
2017-05-16 15:29:11-main--INFO -com.ctaf.accelerators.TestEngine:Able to click on DMM
2017-05-16 15:29:17-main--INFO -com.ctaf.accelerators.TestEngine:Typing is performed on Destination
2017-05-16 15:29:20-main--INFO -com.ctaf.accelerators.TestEngine:Able to click on TUU
2017-05-16 15:29:23-main--INFO -com.ctaf.accelerators.TestEngine:Able to click on Find Flights
2017-05-16 15:30:08-main--INFO -com.ctaf.accelerators.TestEngine:Able to click on By.xpath: //XCUIElementTypeTable/XCUIElementTypeCell[1]/XCUIElementTypeButton[5]
2017-05-16 15:30:27-main--INFO -com.ctaf.accelerators.TestEngine:Able to click on By.xpath: //XCUIElementTypeTable/XCUIElementTypeCell[1]/XCUIElementTypeButton[5]
2017-05-16 15:31:04-main--INFO -com.ctaf.accelerators.TestEngine: Able to get TscreenShot
2017-05-16 15:31:26-main--INFO -com.ctaf.accelerators.TestEngine:Current Test : TC_87_roundTripDomesticFlex_DMM_ABT
2017-05-16 15:31:32-main--INFO -com.ctaf.accelerators.TestEngine:Able to click on By.xpath: //*[@label='Book flights']
2017-05-16 15:31:39-main--INFO -com.ctaf.accelerators.TestEngine:Able to click on By.xpath: //*[@label='Return']
2017-05-16 15:31:46-main--INFO -com.ctaf.accelerators.TestEngine:Able to click on By.xpath: //XCUIElementTypeOther[3]/XCUIElementTypeOther[1]/XCUIElementTypeButton
2017-05-16 15:31:51-main--INFO -com.ctaf.accelerators.TestEngine:Able to click on Search
2017-05-16 15:31:57-main--INFO -com.ctaf.accelerators.TestEngine:Typing is performed on Origin
2017-05-16 15:32:00-main--INFO -com.ctaf.accelerators.TestEngine:Able to click on DMM
2017-05-16 15:32:06-main--INFO -com.ctaf.accelerators.TestEngine:Typing is performed on Destination
2017-05-16 15:32:09-main--INFO -com.ctaf.accelerators.TestEngine:Able to click on ABT
2017-05-16 15:32:12-main--INFO -com.ctaf.accelerators.TestEngine:Able to click on Find Flights
2017-05-16 15:33:03-main--INFO -com.ctaf.accelerators.TestEngine:Able to click on By.xpath: //XCUIElementTypeTable/XCUIElementTypeCell[1]/XCUIElementTypeButton[5]
2017-05-16 15:33:21-main--INFO -com.ctaf.accelerators.TestEngine:Able to click on By.xpath: //XCUIElementTypeTable/XCUIElementTypeCell[1]/XCUIElementTypeButton[5]
2017-05-16 15:33:43-main--INFO -com.ctaf.accelerators.TestEngine:Able to click on By.xpath: //*[@label='Continue to Select Extras']
2017-05-16 15:34:05-main--INFO -com.ctaf.accelerators.TestEngine:Able to click on By.xpath: //*[@label='Continue to Select Seat']
2017-05-16 15:34:14-main--INFO -com.ctaf.accelerators.TestEngine:Able to click on By.xpath: //*[@label='Continue to Payment']
2017-05-16 15:34:24-main--INFO -com.ctaf.accelerators.TestEngine:Able to click on By.xpath: //*[@label='SADAD']
2017-05-16 15:34:36-main--INFO -com.ctaf.accelerators.TestEngine:Able to click on Purchase
2017-05-16 15:35:41-main--INFO -com.ctaf.accelerators.TestEngine: Able to get TscreenShot
2017-05-16 15:36:01-main--INFO -com.ctaf.accelerators.TestEngine:Current Test : TC_89_roundTripDomesticFlexCheckIn_ABH_BHH
2017-05-16 15:36:07-main--INFO -com.ctaf.accelerators.TestEngine:Able to click on By.xpath: //*[@label='Book flights']
2017-05-16 15:36:14-main--INFO -com.ctaf.accelerators.TestEngine:Able to click on By.xpath: //*[@label='Return']
2017-05-16 15:36:21-main--INFO -com.ctaf.accelerators.TestEngine:Able to click on By.xpath: //XCUIElementTypeOther[3]/XCUIElementTypeOther[1]/XCUIElementTypeButton
2017-05-16 15:36:27-main--INFO -com.ctaf.accelerators.TestEngine:Able to click on Search
2017-05-16 15:36:33-main--INFO -com.ctaf.accelerators.TestEngine:Typing is performed on Origin
2017-05-16 15:36:35-main--INFO -com.ctaf.accelerators.TestEngine:Able to click on AHB
2017-05-16 15:36:40-main--INFO -com.ctaf.accelerators.TestEngine:Typing is performed on Destination
2017-05-16 15:36:42-main--INFO -com.ctaf.accelerators.TestEngine:Able to click on BHH
2017-05-16 15:36:46-main--INFO -com.ctaf.accelerators.TestEngine:Able to click on Find Flights
2017-05-16 15:37:08-main--INFO -com.ctaf.accelerators.TestEngine:Able to click on By.xpath: //XCUIElementTypeTable/XCUIElementTypeCell[1]/XCUIElementTypeButton[5]
2017-05-16 15:39:33-main--INFO -com.ctaf.accelerators.TestEngine:Able to click on By.xpath: //*[@label='Continue to Select Extras']
2017-05-16 15:39:55-main--INFO -com.ctaf.accelerators.TestEngine:Able to click on By.xpath: //*[@label='Continue to Select Seat']
2017-05-16 15:40:04-main--INFO -com.ctaf.accelerators.TestEngine:Able to click on By.xpath: //*[@label='Continue to Payment']
2017-05-16 15:40:13-main--INFO -com.ctaf.accelerators.TestEngine:Able to click on By.xpath: //*[@label='SADAD']
2017-05-16 15:40:25-main--INFO -com.ctaf.accelerators.TestEngine:Able to click on Purchase
2017-05-16 15:40:51-main--INFO -com.ctaf.accelerators.TestEngine:Able to click on By.xpath: //*[@label='icn home']
2017-05-16 15:40:57-main--INFO -com.ctaf.accelerators.TestEngine:Able to click on By.xpath: //*[@label='Online check-in']
2017-05-16 15:46:18-main--INFO -com.ctaf.accelerators.TestEngine: Able to get TscreenShot
2017-05-16 15:46:39-main--INFO -com.ctaf.accelerators.TestEngine:Current Test : TC_90_oneWayDomesticFlex_AHB_WAE
2017-05-16 15:46:45-main--INFO -com.ctaf.accelerators.TestEngine:Able to click on By.xpath: //*[@label='Book flights']
2017-05-16 15:46:51-main--INFO -com.ctaf.accelerators.TestEngine:Able to click on By.xpath: //*[@label='One-way']
2017-05-16 15:46:58-main--INFO -com.ctaf.accelerators.TestEngine:Able to click on By.xpath: //XCUIElementTypeOther[3]/XCUIElementTypeOther[1]/XCUIElementTypeButton
2017-05-16 15:47:04-main--INFO -com.ctaf.accelerators.TestEngine:Able to click on Search
2017-05-16 15:47:10-main--INFO -com.ctaf.accelerators.TestEngine:Typing is performed on Origin
2017-05-16 15:47:13-main--INFO -com.ctaf.accelerators.TestEngine:Able to click on AHB
2017-05-16 15:47:17-main--INFO -com.ctaf.accelerators.TestEngine:Typing is performed on Destination
2017-05-16 15:47:20-main--INFO -com.ctaf.accelerators.TestEngine:Able to click on WAE
2017-05-16 15:47:23-main--INFO -com.ctaf.accelerators.TestEngine:Able to click on Find Flights
2017-05-16 15:48:30-main--INFO -com.ctaf.accelerators.TestEngine:Able to click on By.xpath: //XCUIElementTypeTable/XCUIElementTypeCell[1]/XCUIElementTypeButton[5]
2017-05-16 15:51:21-main--INFO -com.ctaf.accelerators.TestEngine:Able to click on By.xpath: //*[@label='Continue to Select Extras']
2017-05-16 15:51:39-main--INFO -com.ctaf.accelerators.TestEngine:Able to click on By.xpath: //*[@label='Continue to Select Seat']
2017-05-16 15:51:47-main--INFO -com.ctaf.accelerators.TestEngine:Able to click on By.xpath: //*[@label='Continue to Payment']
2017-05-16 15:51:56-main--INFO -com.ctaf.accelerators.TestEngine:Able to click on By.xpath: //*[@label='SADAD']
2017-05-16 15:52:08-main--INFO -com.ctaf.accelerators.TestEngine:Able to click on Purchase
2017-05-16 15:52:45-main--INFO -com.ctaf.accelerators.TestEngine:Current Test : TC_91_oneWayDomesticFlex_AHB_GIZ
2017-05-16 15:52:51-main--INFO -com.ctaf.accelerators.TestEngine:Able to click on By.xpath: //*[@label='Book flights']
2017-05-16 15:52:58-main--INFO -com.ctaf.accelerators.TestEngine:Able to click on By.xpath: //*[@label='One-way']
2017-05-16 15:53:05-main--INFO -com.ctaf.accelerators.TestEngine:Able to click on By.xpath: //XCUIElementTypeOther[3]/XCUIElementTypeOther[1]/XCUIElementTypeButton
2017-05-16 15:53:10-main--INFO -com.ctaf.accelerators.TestEngine:Able to click on Search
2017-05-16 15:53:16-main--INFO -com.ctaf.accelerators.TestEngine:Typing is performed on Origin
2017-05-16 15:53:19-main--INFO -com.ctaf.accelerators.TestEngine:Able to click on AHB
2017-05-16 15:53:23-main--INFO -com.ctaf.accelerators.TestEngine:Typing is performed on Destination
2017-05-16 15:53:26-main--INFO -com.ctaf.accelerators.TestEngine:Able to click on GIZ
2017-05-16 15:53:29-main--INFO -com.ctaf.accelerators.TestEngine:Able to click on Find Flights
2017-05-16 15:54:11-main--INFO -com.ctaf.accelerators.TestEngine:Able to click on By.xpath: //XCUIElementTypeTable/XCUIElementTypeCell[1]/XCUIElementTypeButton[5]
2017-05-16 15:54:32-main--INFO -com.ctaf.accelerators.TestEngine:Able to click on By.xpath: //*[@label='Continue to Select Extras']
2017-05-16 15:54:55-main--INFO -com.ctaf.accelerators.TestEngine:Able to click on By.xpath: //*[@label='Continue to Select Seat']
2017-05-16 15:55:03-main--INFO -com.ctaf.accelerators.TestEngine:Able to click on By.xpath: //*[@label='Continue to Payment']
2017-05-16 15:55:12-main--INFO -com.ctaf.accelerators.TestEngine:Able to click on By.xpath: //*[@label='SADAD']
2017-05-16 15:55:23-main--INFO -com.ctaf.accelerators.TestEngine:Able to click on Purchase
2017-05-16 15:55:58-main--INFO -com.ctaf.accelerators.TestEngine:Current Test : TC_92_oneWayDomesticFlex_AHB_SHW
2017-05-16 15:56:04-main--INFO -com.ctaf.accelerators.TestEngine:Able to click on By.xpath: //*[@label='Book flights']
2017-05-16 15:56:10-main--INFO -com.ctaf.accelerators.TestEngine:Able to click on By.xpath: //*[@label='One-way']
2017-05-16 15:56:17-main--INFO -com.ctaf.accelerators.TestEngine:Able to click on By.xpath: //XCUIElementTypeOther[3]/XCUIElementTypeOther[1]/XCUIElementTypeButton
2017-05-16 15:56:23-main--INFO -com.ctaf.accelerators.TestEngine:Able to click on Search
2017-05-16 15:56:29-main--INFO -com.ctaf.accelerators.TestEngine:Typing is performed on Origin
2017-05-16 15:56:32-main--INFO -com.ctaf.accelerators.TestEngine:Able to click on AHB
2017-05-16 15:56:36-main--INFO -com.ctaf.accelerators.TestEngine:Typing is performed on Destination
2017-05-16 15:56:39-main--INFO -com.ctaf.accelerators.TestEngine:Able to click on SHW
2017-05-16 15:56:42-main--INFO -com.ctaf.accelerators.TestEngine:Able to click on Find Flights
2017-05-16 15:57:02-main--INFO -com.ctaf.accelerators.TestEngine:Able to click on By.xpath: //XCUIElementTypeTable/XCUIElementTypeCell[1]/XCUIElementTypeButton[3]
2017-05-16 15:57:24-main--INFO -com.ctaf.accelerators.TestEngine:Able to click on By.xpath: //*[@label='Continue to Select Extras']
2017-05-16 15:57:43-main--INFO -com.ctaf.accelerators.TestEngine:Able to click on By.xpath: //*[@label='Continue to Select Seat']
2017-05-16 15:57:50-main--INFO -com.ctaf.accelerators.TestEngine:Able to click on By.xpath: //*[@label='Continue to Payment']
2017-05-16 15:57:59-main--INFO -com.ctaf.accelerators.TestEngine:Able to click on By.xpath: //*[@label='SADAD']
2017-05-16 15:58:11-main--INFO -com.ctaf.accelerators.TestEngine:Able to click on Purchase
2017-05-16 15:58:50-main--INFO -com.ctaf.accelerators.TestEngine:Current Test : TC_93_oneWayInternationalFlex_JED_DXB
2017-05-16 15:58:55-main--INFO -com.ctaf.accelerators.TestEngine:Able to click on By.xpath: //*[@label='Book flights']
2017-05-16 15:59:02-main--INFO -com.ctaf.accelerators.TestEngine:Able to click on By.xpath: //*[@label='One-way']
2017-05-16 15:59:09-main--INFO -com.ctaf.accelerators.TestEngine:Able to click on By.xpath: //XCUIElementTypeOther[3]/XCUIElementTypeOther[1]/XCUIElementTypeButton
2017-05-16 15:59:15-main--INFO -com.ctaf.accelerators.TestEngine:Able to click on Search
2017-05-16 15:59:21-main--INFO -com.ctaf.accelerators.TestEngine:Typing is performed on Origin
2017-05-16 15:59:24-main--INFO -com.ctaf.accelerators.TestEngine:Able to click on JED
2017-05-16 15:59:30-main--INFO -com.ctaf.accelerators.TestEngine:Typing is performed on Destination
2017-05-16 15:59:33-main--INFO -com.ctaf.accelerators.TestEngine:Able to click on DXB
2017-05-16 15:59:36-main--INFO -com.ctaf.accelerators.TestEngine:Able to click on Find Flights
2017-05-16 16:00:27-main--INFO -com.ctaf.accelerators.TestEngine:Able to click on By.xpath: //XCUIElementTypeTable/XCUIElementTypeCell[1]/XCUIElementTypeButton[5]
2017-05-16 16:00:50-main--INFO -com.ctaf.accelerators.TestEngine:Able to click on By.xpath: //*[@label='Continue to Select Extras']
2017-05-16 16:01:08-main--INFO -com.ctaf.accelerators.TestEngine:Able to click on By.xpath: //*[@label='Continue to Select Seat']
2017-05-16 16:01:16-main--INFO -com.ctaf.accelerators.TestEngine:Able to click on By.xpath: //*[@label='Continue to Payment']
2017-05-16 16:01:25-main--INFO -com.ctaf.accelerators.TestEngine:Able to click on By.xpath: //*[@label='SADAD']
2017-05-16 16:01:37-main--INFO -com.ctaf.accelerators.TestEngine:Able to click on Purchase
2017-05-16 16:02:15-main--INFO -com.ctaf.accelerators.TestEngine:Current Test : TC_94_oneWayInternationalFlex_RUH_DXB
2017-05-16 16:02:21-main--INFO -com.ctaf.accelerators.TestEngine:Able to click on By.xpath: //*[@label='Book flights']
2017-05-16 16:02:27-main--INFO -com.ctaf.accelerators.TestEngine:Able to click on By.xpath: //*[@label='One-way']
2017-05-16 16:02:34-main--INFO -com.ctaf.accelerators.TestEngine:Able to click on By.xpath: //XCUIElementTypeOther[3]/XCUIElementTypeOther[1]/XCUIElementTypeButton
2017-05-16 16:02:40-main--INFO -com.ctaf.accelerators.TestEngine:Able to click on Search
2017-05-16 16:02:46-main--INFO -com.ctaf.accelerators.TestEngine:Typing is performed on Origin
2017-05-16 16:02:49-main--INFO -com.ctaf.accelerators.TestEngine:Able to click on RUH
2017-05-16 16:02:55-main--INFO -com.ctaf.accelerators.TestEngine:Typing is performed on Destination
2017-05-16 16:02:57-main--INFO -com.ctaf.accelerators.TestEngine:Able to click on DXB
2017-05-16 16:03:01-main--INFO -com.ctaf.accelerators.TestEngine:Able to click on Find Flights
2017-05-16 16:03:55-main--INFO -com.ctaf.accelerators.TestEngine:Able to click on By.xpath: //XCUIElementTypeTable/XCUIElementTypeCell[1]/XCUIElementTypeButton[5]
2017-05-16 16:04:18-main--INFO -com.ctaf.accelerators.TestEngine:Able to click on By.xpath: //*[@label='Continue to Select Extras']
2017-05-16 16:05:13-main--INFO -com.ctaf.accelerators.TestEngine:Able to click on By.xpath: //*[@label='Continue to Select Seat']
2017-05-16 16:05:22-main--INFO -com.ctaf.accelerators.TestEngine:Able to click on By.xpath: //*[@label='Continue to Payment']
2017-05-16 16:05:31-main--INFO -com.ctaf.accelerators.TestEngine:Able to click on By.xpath: //*[@label='SADAD']
2017-05-16 16:05:43-main--INFO -com.ctaf.accelerators.TestEngine:Able to click on Purchase
2017-05-16 16:06:20-main--INFO -com.ctaf.accelerators.TestEngine:Current Test : TC_95_oneWayInternationalFlex_RUH_AUH
2017-05-16 16:06:26-main--INFO -com.ctaf.accelerators.TestEngine:Able to click on By.xpath: //*[@label='Book flights']
2017-05-16 16:06:33-main--INFO -com.ctaf.accelerators.TestEngine:Able to click on By.xpath: //*[@label='One-way']
2017-05-16 16:06:40-main--INFO -com.ctaf.accelerators.TestEngine:Able to click on By.xpath: //XCUIElementTypeOther[3]/XCUIElementTypeOther[1]/XCUIElementTypeButton
2017-05-16 16:06:45-main--INFO -com.ctaf.accelerators.TestEngine:Able to click on Search
2017-05-16 16:06:51-main--INFO -com.ctaf.accelerators.TestEngine:Typing is performed on Origin
2017-05-16 16:06:54-main--INFO -com.ctaf.accelerators.TestEngine:Able to click on RUH
2017-05-16 16:07:00-main--INFO -com.ctaf.accelerators.TestEngine:Typing is performed on Destination
2017-05-16 16:07:03-main--INFO -com.ctaf.accelerators.TestEngine:Able to click on AUH
2017-05-16 16:07:06-main--INFO -com.ctaf.accelerators.TestEngine:Able to click on Find Flights
2017-05-16 16:07:47-main--INFO -com.ctaf.accelerators.TestEngine:Able to click on By.xpath: //XCUIElementTypeTable/XCUIElementTypeCell[1]/XCUIElementTypeButton[5]
2017-05-16 16:08:09-main--INFO -com.ctaf.accelerators.TestEngine:Able to click on By.xpath: //*[@label='Continue to Select Extras']
2017-05-16 16:09:00-main--INFO -com.ctaf.accelerators.TestEngine:Able to click on By.xpath: //*[@label='SADAD']
2017-05-16 16:09:12-main--INFO -com.ctaf.accelerators.TestEngine:Able to click on Purchase
2017-05-16 16:09:50-main--INFO -com.ctaf.accelerators.TestEngine:Current Test : TC_96_oneWayInternationalFlex_JED_AUH
2017-05-16 16:09:55-main--INFO -com.ctaf.accelerators.TestEngine:Able to click on By.xpath: //*[@label='Book flights']
2017-05-16 16:10:02-main--INFO -com.ctaf.accelerators.TestEngine:Able to click on By.xpath: //*[@label='One-way']
2017-05-16 16:10:09-main--INFO -com.ctaf.accelerators.TestEngine:Able to click on By.xpath: //XCUIElementTypeOther[3]/XCUIElementTypeOther[1]/XCUIElementTypeButton
2017-05-16 16:10:15-main--INFO -com.ctaf.accelerators.TestEngine:Able to click on Search
2017-05-16 16:10:21-main--INFO -com.ctaf.accelerators.TestEngine:Typing is performed on Origin
2017-05-16 16:10:24-main--INFO -com.ctaf.accelerators.TestEngine:Able to click on JED
2017-05-16 16:10:30-main--INFO -com.ctaf.accelerators.TestEngine:Typing is performed on Destination
2017-05-16 16:10:32-main--INFO -com.ctaf.accelerators.TestEngine:Able to click on AUH
2017-05-16 16:10:36-main--INFO -com.ctaf.accelerators.TestEngine:Able to click on Find Flights
2017-05-16 16:11:31-main--INFO -com.ctaf.accelerators.TestEngine:Able to click on By.xpath: //XCUIElementTypeTable/XCUIElementTypeCell[1]/XCUIElementTypeButton[5]
2017-05-16 16:11:54-main--INFO -com.ctaf.accelerators.TestEngine:Able to click on By.xpath: //*[@label='Continue to Select Extras']
2017-05-16 16:12:44-main--INFO -com.ctaf.accelerators.TestEngine:Able to click on By.xpath: //*[@label='SADAD']
2017-05-16 16:12:56-main--INFO -com.ctaf.accelerators.TestEngine:Able to click on Purchase
2017-05-16 16:13:33-main--INFO -com.ctaf.accelerators.TestEngine:Current Test : TC_97_oneWayInternationalFlex_JED_KWI
2017-05-16 16:13:39-main--INFO -com.ctaf.accelerators.TestEngine:Able to click on By.xpath: //*[@label='Book flights']
2017-05-16 16:13:46-main--INFO -com.ctaf.accelerators.TestEngine:Able to click on By.xpath: //*[@label='One-way']
2017-05-16 16:13:53-main--INFO -com.ctaf.accelerators.TestEngine:Able to click on By.xpath: //XCUIElementTypeOther[3]/XCUIElementTypeOther[1]/XCUIElementTypeButton
2017-05-16 16:13:58-main--INFO -com.ctaf.accelerators.TestEngine:Able to click on Search
2017-05-16 16:14:05-main--INFO -com.ctaf.accelerators.TestEngine:Typing is performed on Origin
2017-05-16 16:14:07-main--INFO -com.ctaf.accelerators.TestEngine:Able to click on JED
2017-05-16 16:14:13-main--INFO -com.ctaf.accelerators.TestEngine:Typing is performed on Destination
2017-05-16 16:14:16-main--INFO -com.ctaf.accelerators.TestEngine:Able to click on KWI
2017-05-16 16:14:19-main--INFO -com.ctaf.accelerators.TestEngine:Able to click on Find Flights
2017-05-16 16:15:08-main--INFO -com.ctaf.accelerators.TestEngine:Able to click on By.xpath: //XCUIElementTypeTable/XCUIElementTypeCell[1]/XCUIElementTypeButton[5]
2017-05-16 16:15:30-main--INFO -com.ctaf.accelerators.TestEngine:Able to click on By.xpath: //*[@label='Continue to Select Extras']
2017-05-16 16:15:52-main--INFO -com.ctaf.accelerators.TestEngine:Able to click on By.xpath: //*[@label='Continue to Select Seat']
2017-05-16 16:15:59-main--INFO -com.ctaf.accelerators.TestEngine:Able to click on By.xpath: //*[@label='Continue to Payment']
2017-05-16 16:16:09-main--INFO -com.ctaf.accelerators.TestEngine:Able to click on By.xpath: //*[@label='SADAD']
2017-05-16 16:16:20-main--INFO -com.ctaf.accelerators.TestEngine:Able to click on Purchase
2017-05-16 16:17:32-main--INFO -com.ctaf.accelerators.TestEngine:Current Test : TC_98_oneWayInternationalFlex_RUH_KWI
2017-05-16 16:17:38-main--INFO -com.ctaf.accelerators.TestEngine:Able to click on By.xpath: //*[@label='Book flights']
2017-05-16 16:17:44-main--INFO -com.ctaf.accelerators.TestEngine:Able to click on By.xpath: //*[@label='One-way']
2017-05-16 16:17:51-main--INFO -com.ctaf.accelerators.TestEngine:Able to click on By.xpath: //XCUIElementTypeOther[3]/XCUIElementTypeOther[1]/XCUIElementTypeButton
2017-05-16 16:17:57-main--INFO -com.ctaf.accelerators.TestEngine:Able to click on Search
2017-05-16 16:18:03-main--INFO -com.ctaf.accelerators.TestEngine:Typing is performed on Origin
2017-05-16 16:18:06-main--INFO -com.ctaf.accelerators.TestEngine:Able to click on RUH
2017-05-16 16:18:12-main--INFO -com.ctaf.accelerators.TestEngine:Typing is performed on Destination
2017-05-16 16:18:15-main--INFO -com.ctaf.accelerators.TestEngine:Able to click on KWI
2017-05-16 16:18:18-main--INFO -com.ctaf.accelerators.TestEngine:Able to click on Find Flights
2017-05-16 16:19:06-main--INFO -com.ctaf.accelerators.TestEngine:Able to click on By.xpath: //XCUIElementTypeTable/XCUIElementTypeCell[1]/XCUIElementTypeButton[5]
2017-05-16 16:19:29-main--INFO -com.ctaf.accelerators.TestEngine:Able to click on By.xpath: //*[@label='Continue to Select Extras']
2017-05-16 16:19:48-main--INFO -com.ctaf.accelerators.TestEngine:Able to click on By.xpath: //*[@label='Continue to Select Seat']
2017-05-16 16:19:55-main--INFO -com.ctaf.accelerators.TestEngine:Able to click on By.xpath: //*[@label='Continue to Payment']
2017-05-16 16:20:05-main--INFO -com.ctaf.accelerators.TestEngine:Able to click on By.xpath: //*[@label='SADAD']
2017-05-16 16:20:17-main--INFO -com.ctaf.accelerators.TestEngine:Able to click on Purchase
2017-05-16 16:20:55-main--INFO -com.ctaf.accelerators.TestEngine:Current Test : TC_99_oneWayInternationalFlex_MED_KWI
2017-05-16 16:21:00-main--INFO -com.ctaf.accelerators.TestEngine:Able to click on By.xpath: //*[@label='Book flights']
2017-05-16 16:21:07-main--INFO -com.ctaf.accelerators.TestEngine:Able to click on By.xpath: //*[@label='One-way']
2017-05-16 16:21:14-main--INFO -com.ctaf.accelerators.TestEngine:Able to click on By.xpath: //XCUIElementTypeOther[3]/XCUIElementTypeOther[1]/XCUIElementTypeButton
2017-05-16 16:21:20-main--INFO -com.ctaf.accelerators.TestEngine:Able to click on Search
2017-05-16 16:21:26-main--INFO -com.ctaf.accelerators.TestEngine:Typing is performed on Origin
2017-05-16 16:21:28-main--INFO -com.ctaf.accelerators.TestEngine:Able to click on MED
2017-05-16 16:21:34-main--INFO -com.ctaf.accelerators.TestEngine:Typing is performed on Destination
2017-05-16 16:21:37-main--INFO -com.ctaf.accelerators.TestEngine:Able to click on KWI
2017-05-16 16:21:40-main--INFO -com.ctaf.accelerators.TestEngine:Able to click on Find Flights
2017-05-16 16:23:12-main--INFO -com.ctaf.accelerators.TestEngine:Able to click on By.xpath: //XCUIElementTypeTable/XCUIElementTypeCell[1]/XCUIElementTypeButton[5]
2017-05-16 16:23:48-main--INFO -com.ctaf.accelerators.TestEngine:Able to click on By.xpath: //*[@label='Continue to Select Extras']
2017-05-16 16:24:07-main--INFO -com.ctaf.accelerators.TestEngine:Able to click on By.xpath: //*[@label='Continue to Select Seat']
2017-05-16 16:24:14-main--INFO -com.ctaf.accelerators.TestEngine:Able to click on By.xpath: //*[@label='Continue to Payment']
2017-05-16 16:24:24-main--INFO -com.ctaf.accelerators.TestEngine:Able to click on By.xpath: //*[@label='SADAD']
2017-05-16 16:24:35-main--INFO -com.ctaf.accelerators.TestEngine:Able to click on Purchase
2017-05-16 16:25:13-main--INFO -com.ctaf.accelerators.TestEngine:Current Test : TC_100_oneWayInternationalFlex_TIF_KWI
2017-05-16 16:25:19-main--INFO -com.ctaf.accelerators.TestEngine:Able to click on By.xpath: //*[@label='Book flights']
2017-05-16 16:25:26-main--INFO -com.ctaf.accelerators.TestEngine:Able to click on By.xpath: //*[@label='One-way']
2017-05-16 16:25:33-main--INFO -com.ctaf.accelerators.TestEngine:Able to click on By.xpath: //XCUIElementTypeOther[3]/XCUIElementTypeOther[1]/XCUIElementTypeButton
2017-05-16 16:25:38-main--INFO -com.ctaf.accelerators.TestEngine:Able to click on Search
2017-05-16 16:25:45-main--INFO -com.ctaf.accelerators.TestEngine:Typing is performed on Origin
2017-05-16 16:25:47-main--INFO -com.ctaf.accelerators.TestEngine:Able to click on TIF
2017-05-16 16:25:51-main--INFO -com.ctaf.accelerators.TestEngine:Typing is performed on Destination
2017-05-16 16:25:54-main--INFO -com.ctaf.accelerators.TestEngine:Able to click on KWI
2017-05-16 16:25:57-main--INFO -com.ctaf.accelerators.TestEngine:Able to click on Find Flights
2017-05-16 16:26:37-main--INFO -com.ctaf.accelerators.TestEngine:Able to click on By.xpath: //XCUIElementTypeTable/XCUIElementTypeCell[1]/XCUIElementTypeButton[5]
2017-05-16 16:26:59-main--INFO -com.ctaf.accelerators.TestEngine:Able to click on By.xpath: //*[@label='Continue to Select Extras']
2017-05-16 16:27:17-main--INFO -com.ctaf.accelerators.TestEngine:Able to click on By.xpath: //*[@label='Continue to Select Seat']
2017-05-16 16:27:25-main--INFO -com.ctaf.accelerators.TestEngine:Able to click on By.xpath: //*[@label='Continue to Payment']
2017-05-16 16:27:34-main--INFO -com.ctaf.accelerators.TestEngine:Able to click on By.xpath: //*[@label='SADAD']
2017-05-16 16:27:46-main--INFO -com.ctaf.accelerators.TestEngine:Able to click on Purchase
2017-05-16 16:28:26-main--INFO -com.ctaf.accelerators.TestEngine:Current Test : TC_101_oneWayInternationalFlex_JED_ASW
2017-05-16 16:28:32-main--INFO -com.ctaf.accelerators.TestEngine:Able to click on By.xpath: //*[@label='Book flights']
2017-05-16 16:28:39-main--INFO -com.ctaf.accelerators.TestEngine:Able to click on By.xpath: //*[@label='One-way']
2017-05-16 16:28:46-main--INFO -com.ctaf.accelerators.TestEngine:Able to click on By.xpath: //XCUIElementTypeOther[3]/XCUIElementTypeOther[1]/XCUIElementTypeButton
2017-05-16 16:28:52-main--INFO -com.ctaf.accelerators.TestEngine:Able to click on Search
2017-05-16 16:28:58-main--INFO -com.ctaf.accelerators.TestEngine:Typing is performed on Origin
2017-05-16 16:29:01-main--INFO -com.ctaf.accelerators.TestEngine:Able to click on JED
2017-05-16 16:29:07-main--INFO -com.ctaf.accelerators.TestEngine:Typing is performed on Destination
2017-05-16 16:29:10-main--INFO -com.ctaf.accelerators.TestEngine:Able to click on ASW
2017-05-16 16:29:13-main--INFO -com.ctaf.accelerators.TestEngine:Able to click on Find Flights
2017-05-16 16:30:21-main--INFO -com.ctaf.accelerators.TestEngine:Able to click on By.xpath: //XCUIElementTypeTable/XCUIElementTypeCell[1]/XCUIElementTypeButton[5]
2017-05-16 16:31:31-main--INFO -com.ctaf.accelerators.TestEngine:Able to click on By.xpath: //*[@label='Continue to Select Extras']
2017-05-16 16:31:50-main--INFO -com.ctaf.accelerators.TestEngine:Able to click on By.xpath: //*[@label='Continue to Select Seat']
2017-05-16 16:31:58-main--INFO -com.ctaf.accelerators.TestEngine:Able to click on By.xpath: //*[@label='Continue to Payment']
2017-05-16 16:32:07-main--INFO -com.ctaf.accelerators.TestEngine:Able to click on By.xpath: //*[@label='SADAD']
2017-05-16 16:32:19-main--INFO -com.ctaf.accelerators.TestEngine:Able to click on Purchase
2017-05-16 16:32:57-main--INFO -com.ctaf.accelerators.TestEngine:Current Test : TC_102_oneWayInternationalFlex_JED_HBE
2017-05-16 16:33:03-main--INFO -com.ctaf.accelerators.TestEngine:Able to click on By.xpath: //*[@label='Book flights']
2017-05-16 16:33:10-main--INFO -com.ctaf.accelerators.TestEngine:Able to click on By.xpath: //*[@label='One-way']
2017-05-16 16:33:17-main--INFO -com.ctaf.accelerators.TestEngine:Able to click on By.xpath: //XCUIElementTypeOther[3]/XCUIElementTypeOther[1]/XCUIElementTypeButton
2017-05-16 16:33:22-main--INFO -com.ctaf.accelerators.TestEngine:Able to click on Search
2017-05-16 16:33:28-main--INFO -com.ctaf.accelerators.TestEngine:Typing is performed on Origin
2017-05-16 16:33:31-main--INFO -com.ctaf.accelerators.TestEngine:Able to click on JED
2017-05-16 16:33:37-main--INFO -com.ctaf.accelerators.TestEngine:Typing is performed on Destination
2017-05-16 16:33:40-main--INFO -com.ctaf.accelerators.TestEngine:Able to click on HBE
2017-05-16 16:33:43-main--INFO -com.ctaf.accelerators.TestEngine:Able to click on Find Flights
2017-05-16 16:34:05-main--INFO -com.ctaf.accelerators.TestEngine:Able to click on By.xpath: //XCUIElementTypeTable/XCUIElementTypeCell[1]/XCUIElementTypeButton[5]
2017-05-16 16:34:28-main--INFO -com.ctaf.accelerators.TestEngine:Able to click on By.xpath: //*[@label='Continue to Select Extras']
2017-05-16 16:34:46-main--INFO -com.ctaf.accelerators.TestEngine:Able to click on By.xpath: //*[@label='Continue to Select Seat']
2017-05-16 16:34:55-main--INFO -com.ctaf.accelerators.TestEngine:Able to click on By.xpath: //*[@label='Continue to Payment']
2017-05-16 16:35:04-main--INFO -com.ctaf.accelerators.TestEngine:Able to click on By.xpath: //*[@label='SADAD']
2017-05-16 16:35:16-main--INFO -com.ctaf.accelerators.TestEngine:Able to click on Purchase
2017-05-16 16:35:54-main--INFO -com.ctaf.accelerators.TestEngine:Current Test : TC_103_oneWayInternationalFlex_JED_HMB
2017-05-16 16:36:00-main--INFO -com.ctaf.accelerators.TestEngine:Able to click on By.xpath: //*[@label='Book flights']
2017-05-16 16:36:06-main--INFO -com.ctaf.accelerators.TestEngine:Able to click on By.xpath: //*[@label='One-way']
2017-05-16 16:36:13-main--INFO -com.ctaf.accelerators.TestEngine:Able to click on By.xpath: //XCUIElementTypeOther[3]/XCUIElementTypeOther[1]/XCUIElementTypeButton
2017-05-16 16:36:19-main--INFO -com.ctaf.accelerators.TestEngine:Able to click on Search
2017-05-16 16:36:25-main--INFO -com.ctaf.accelerators.TestEngine:Typing is performed on Origin
2017-05-16 16:36:28-main--INFO -com.ctaf.accelerators.TestEngine:Able to click on JED
2017-05-16 16:36:34-main--INFO -com.ctaf.accelerators.TestEngine:Typing is performed on Destination
2017-05-16 16:36:37-main--INFO -com.ctaf.accelerators.TestEngine:Able to click on HMB
2017-05-16 16:36:40-main--INFO -com.ctaf.accelerators.TestEngine:Able to click on Find Flights
2017-05-16 16:38:02-main--INFO -com.ctaf.accelerators.TestEngine:Able to click on By.xpath: //XCUIElementTypeTable/XCUIElementTypeCell[1]/XCUIElementTypeButton[5]
2017-05-16 16:38:39-main--INFO -com.ctaf.accelerators.TestEngine:Able to click on By.xpath: //*[@label='Continue to Select Extras']
2017-05-16 16:43:11-main--INFO -com.ctaf.accelerators.TestEngine: Able to get TscreenShot
2017-05-16 16:43:33-main--INFO -com.ctaf.accelerators.TestEngine:Current Test : TC_104_oneWayInternationalFlex_RUH_HMB
2017-05-16 16:43:38-main--INFO -com.ctaf.accelerators.TestEngine:Able to click on By.xpath: //*[@label='Book flights']
2017-05-16 16:43:45-main--INFO -com.ctaf.accelerators.TestEngine:Able to click on By.xpath: //*[@label='One-way']
2017-05-16 16:43:52-main--INFO -com.ctaf.accelerators.TestEngine:Able to click on By.xpath: //XCUIElementTypeOther[3]/XCUIElementTypeOther[1]/XCUIElementTypeButton
2017-05-16 16:43:58-main--INFO -com.ctaf.accelerators.TestEngine:Able to click on Search
2017-05-16 16:44:04-main--INFO -com.ctaf.accelerators.TestEngine:Typing is performed on Origin
2017-05-16 16:44:06-main--INFO -com.ctaf.accelerators.TestEngine:Able to click on RUH
2017-05-16 16:44:13-main--INFO -com.ctaf.accelerators.TestEngine:Typing is performed on Destination
2017-05-16 16:44:15-main--INFO -com.ctaf.accelerators.TestEngine:Able to click on HMB
2017-05-16 16:44:18-main--INFO -com.ctaf.accelerators.TestEngine:Able to click on Find Flights
2017-05-16 16:45:44-main--INFO -com.ctaf.accelerators.TestEngine:Able to click on By.xpath: //XCUIElementTypeTable/XCUIElementTypeCell[1]/XCUIElementTypeButton[5]
2017-05-16 16:46:27-main--INFO -com.ctaf.accelerators.TestEngine:Able to click on By.xpath: //*[@label='Continue to Select Extras']
2017-05-16 16:56:03-main--INFO -com.ctaf.accelerators.TestEngine:Starting browser : iphone
2017-05-16 16:56:47-main--INFO -com.ctaf.accelerators.TestEngine:Current Test : TC_71_oneWayDomesticFlex_RUH_AJF
2017-05-16 16:56:53-main--INFO -com.ctaf.accelerators.TestEngine:Able to click on By.xpath: //*[@label='Book flights']
2017-05-16 16:57:00-main--INFO -com.ctaf.accelerators.TestEngine:Able to click on By.xpath: //*[@label='One-way']
2017-05-16 16:57:06-main--INFO -com.ctaf.accelerators.TestEngine:Able to click on By.xpath: //XCUIElementTypeOther[3]/XCUIElementTypeOther[1]/XCUIElementTypeButton
2017-05-16 16:57:12-main--INFO -com.ctaf.accelerators.TestEngine:Able to click on Search
2017-05-16 16:57:18-main--INFO -com.ctaf.accelerators.TestEngine:Typing is performed on Origin
2017-05-16 16:57:21-main--INFO -com.ctaf.accelerators.TestEngine:Able to click on RUH
2017-05-16 16:57:27-main--INFO -com.ctaf.accelerators.TestEngine:Typing is performed on Destination
2017-05-16 16:57:29-main--INFO -com.ctaf.accelerators.TestEngine:Able to click on AJF
2017-05-16 16:57:33-main--INFO -com.ctaf.accelerators.TestEngine:Able to click on Find Flights
2017-05-16 16:58:00-main--INFO -com.ctaf.accelerators.TestEngine:Able to click on By.xpath: //XCUIElementTypeTable/XCUIElementTypeCell[1]/XCUIElementTypeButton[5]
2017-05-16 16:58:22-main--INFO -com.ctaf.accelerators.TestEngine:Able to click on By.xpath: //*[@label='Continue to Select Extras']
2017-05-16 16:58:55-main--INFO -com.ctaf.accelerators.TestEngine:Able to click on By.xpath: //*[@label='Continue to Select Seat']
2017-05-16 16:59:03-main--INFO -com.ctaf.accelerators.TestEngine:Able to click on By.xpath: //*[@label='Continue to Payment']
2017-05-16 16:59:12-main--INFO -com.ctaf.accelerators.TestEngine:Able to click on By.xpath: //*[@label='SADAD']
2017-05-16 16:59:24-main--INFO -com.ctaf.accelerators.TestEngine:Able to click on Purchase
2017-05-16 17:00:02-main--INFO -com.ctaf.accelerators.TestEngine:Current Test : TC_72_oneWayDomesticFlex_RUH_ABT
2017-05-16 17:00:08-main--INFO -com.ctaf.accelerators.TestEngine:Able to click on By.xpath: //*[@label='Book flights']
2017-05-16 17:00:15-main--INFO -com.ctaf.accelerators.TestEngine:Able to click on By.xpath: //*[@label='One-way']
2017-05-16 17:00:21-main--INFO -com.ctaf.accelerators.TestEngine:Able to click on By.xpath: //XCUIElementTypeOther[3]/XCUIElementTypeOther[1]/XCUIElementTypeButton
2017-05-16 17:00:27-main--INFO -com.ctaf.accelerators.TestEngine:Able to click on Search
2017-05-16 17:00:33-main--INFO -com.ctaf.accelerators.TestEngine:Typing is performed on Origin
2017-05-16 17:00:36-main--INFO -com.ctaf.accelerators.TestEngine:Able to click on RUH
2017-05-16 17:00:42-main--INFO -com.ctaf.accelerators.TestEngine:Typing is performed on Destination
2017-05-16 17:00:45-main--INFO -com.ctaf.accelerators.TestEngine:Able to click on ABT
2017-05-16 17:00:48-main--INFO -com.ctaf.accelerators.TestEngine:Able to click on Find Flights
2017-05-16 17:01:09-main--INFO -com.ctaf.accelerators.TestEngine:Able to click on By.xpath: //XCUIElementTypeTable/XCUIElementTypeCell[1]/XCUIElementTypeButton[5]
2017-05-16 17:01:31-main--INFO -com.ctaf.accelerators.TestEngine:Able to click on By.xpath: //*[@label='Continue to Select Extras']
2017-05-16 17:01:49-main--INFO -com.ctaf.accelerators.TestEngine:Able to click on By.xpath: //*[@label='Continue to Select Seat']
2017-05-16 17:01:57-main--INFO -com.ctaf.accelerators.TestEngine:Able to click on By.xpath: //*[@label='Continue to Payment']
2017-05-16 17:02:07-main--INFO -com.ctaf.accelerators.TestEngine:Able to click on By.xpath: //*[@label='SADAD']
2017-05-16 17:02:18-main--INFO -com.ctaf.accelerators.TestEngine:Able to click on Purchase
2017-05-16 17:02:57-main--INFO -com.ctaf.accelerators.TestEngine:Current Test : TC_79_roundTripDomesticFlex_DMM_TIF
2017-05-16 17:03:03-main--INFO -com.ctaf.accelerators.TestEngine:Able to click on By.xpath: //*[@label='Book flights']
2017-05-16 17:03:10-main--INFO -com.ctaf.accelerators.TestEngine:Able to click on By.xpath: //*[@label='Return']
2017-05-16 17:03:17-main--INFO -com.ctaf.accelerators.TestEngine:Able to click on By.xpath: //XCUIElementTypeOther[3]/XCUIElementTypeOther[1]/XCUIElementTypeButton
2017-05-16 17:03:22-main--INFO -com.ctaf.accelerators.TestEngine:Able to click on Search
2017-05-16 17:03:29-main--INFO -com.ctaf.accelerators.TestEngine:Typing is performed on Origin
2017-05-16 17:03:31-main--INFO -com.ctaf.accelerators.TestEngine:Able to click on DMM
2017-05-16 17:03:37-main--INFO -com.ctaf.accelerators.TestEngine:Typing is performed on Destination
2017-05-16 17:03:40-main--INFO -com.ctaf.accelerators.TestEngine:Able to click on TIF
2017-05-16 17:03:43-main--INFO -com.ctaf.accelerators.TestEngine:Able to click on Find Flights
2017-05-16 17:04:31-main--INFO -com.ctaf.accelerators.TestEngine:Able to click on By.xpath: //XCUIElementTypeTable/XCUIElementTypeCell[1]/XCUIElementTypeButton[5]
2017-05-16 17:04:50-main--INFO -com.ctaf.accelerators.TestEngine:Able to click on By.xpath: //XCUIElementTypeTable/XCUIElementTypeCell[1]/XCUIElementTypeButton[5]
2017-05-16 17:05:13-main--INFO -com.ctaf.accelerators.TestEngine:Able to click on By.xpath: //*[@label='Continue to Select Extras']
2017-05-16 17:05:35-main--INFO -com.ctaf.accelerators.TestEngine:Able to click on By.xpath: //*[@label='Continue to Select Seat']
2017-05-16 17:05:44-main--INFO -com.ctaf.accelerators.TestEngine:Able to click on By.xpath: //*[@label='Continue to Payment']
2017-05-16 17:05:53-main--INFO -com.ctaf.accelerators.TestEngine:Able to click on By.xpath: //*[@label='SADAD']
2017-05-16 17:06:05-main--INFO -com.ctaf.accelerators.TestEngine:Able to click on Purchase
2017-05-16 17:07:10-main--INFO -com.ctaf.accelerators.TestEngine: Able to get TscreenShot
2017-05-16 17:07:31-main--INFO -com.ctaf.accelerators.TestEngine:Current Test : TC_84_roundTripDomesticFlex_DMM_ELQ
2017-05-16 17:07:37-main--INFO -com.ctaf.accelerators.TestEngine:Able to click on By.xpath: //*[@label='Book flights']
2017-05-16 17:07:43-main--INFO -com.ctaf.accelerators.TestEngine:Able to click on By.xpath: //*[@label='Return']
2017-05-16 17:07:50-main--INFO -com.ctaf.accelerators.TestEngine:Able to click on By.xpath: //XCUIElementTypeOther[3]/XCUIElementTypeOther[1]/XCUIElementTypeButton
2017-05-16 17:07:56-main--INFO -com.ctaf.accelerators.TestEngine:Able to click on Search
2017-05-16 17:08:02-main--INFO -com.ctaf.accelerators.TestEngine:Typing is performed on Origin
2017-05-16 17:08:05-main--INFO -com.ctaf.accelerators.TestEngine:Able to click on DMM
2017-05-16 17:08:11-main--INFO -com.ctaf.accelerators.TestEngine:Typing is performed on Destination
2017-05-16 17:08:13-main--INFO -com.ctaf.accelerators.TestEngine:Able to click on ELQ
2017-05-16 17:08:16-main--INFO -com.ctaf.accelerators.TestEngine:Able to click on Find Flights
2017-05-16 17:09:00-main--INFO -com.ctaf.accelerators.TestEngine:Able to click on By.xpath: //XCUIElementTypeTable/XCUIElementTypeCell[1]/XCUIElementTypeButton[5]
2017-05-16 17:09:25-main--INFO -com.ctaf.accelerators.TestEngine:Able to click on By.xpath: //XCUIElementTypeTable/XCUIElementTypeCell[1]/XCUIElementTypeButton[5]
2017-05-16 17:09:47-main--INFO -com.ctaf.accelerators.TestEngine:Able to click on By.xpath: //*[@label='Continue to Select Extras']
2017-05-16 17:10:12-main--INFO -com.ctaf.accelerators.TestEngine:Able to click on By.xpath: //*[@label='Continue to Select Seat']
2017-05-16 17:10:21-main--INFO -com.ctaf.accelerators.TestEngine:Able to click on By.xpath: //*[@label='Continue to Payment']
2017-05-16 17:10:30-main--INFO -com.ctaf.accelerators.TestEngine:Able to click on By.xpath: //*[@label='SADAD']
2017-05-16 17:10:42-main--INFO -com.ctaf.accelerators.TestEngine:Able to click on Purchase
2017-05-16 17:11:47-main--INFO -com.ctaf.accelerators.TestEngine: Able to get TscreenShot
2017-05-16 17:12:16-main--INFO -com.ctaf.accelerators.TestEngine:Current Test : TC_86_roundTripDomesticFlex_DMM_TUU
2017-05-16 17:12:22-main--INFO -com.ctaf.accelerators.TestEngine:Able to click on By.xpath: //*[@label='Book flights']
2017-05-16 17:12:28-main--INFO -com.ctaf.accelerators.TestEngine:Able to click on By.xpath: //*[@label='Return']
2017-05-16 17:12:35-main--INFO -com.ctaf.accelerators.TestEngine:Able to click on By.xpath: //XCUIElementTypeOther[3]/XCUIElementTypeOther[1]/XCUIElementTypeButton
2017-05-16 17:12:41-main--INFO -com.ctaf.accelerators.TestEngine:Able to click on Search
2017-05-16 17:12:47-main--INFO -com.ctaf.accelerators.TestEngine:Typing is performed on Origin
2017-05-16 17:12:49-main--INFO -com.ctaf.accelerators.TestEngine:Able to click on DMM
2017-05-16 17:12:55-main--INFO -com.ctaf.accelerators.TestEngine:Typing is performed on Destination
2017-05-16 17:12:58-main--INFO -com.ctaf.accelerators.TestEngine:Able to click on TUU
2017-05-16 17:13:01-main--INFO -com.ctaf.accelerators.TestEngine:Able to click on Find Flights
2017-05-16 17:13:45-main--INFO -com.ctaf.accelerators.TestEngine:Able to click on By.xpath: //XCUIElementTypeTable/XCUIElementTypeCell[1]/XCUIElementTypeButton[5]
2017-05-16 17:14:05-main--INFO -com.ctaf.accelerators.TestEngine:Able to click on By.xpath: //XCUIElementTypeTable/XCUIElementTypeCell[1]/XCUIElementTypeButton[5]
2017-05-16 17:14:27-main--INFO -com.ctaf.accelerators.TestEngine:Able to click on By.xpath: //*[@label='Continue to Select Extras']
2017-05-16 17:14:50-main--INFO -com.ctaf.accelerators.TestEngine:Able to click on By.xpath: //*[@label='Continue to Select Seat']
2017-05-16 17:15:01-main--INFO -com.ctaf.accelerators.TestEngine:Able to click on By.xpath: //*[@label='Continue to Payment']
2017-05-16 17:15:10-main--INFO -com.ctaf.accelerators.TestEngine:Able to click on By.xpath: //*[@label='SADAD']
2017-05-16 17:15:22-main--INFO -com.ctaf.accelerators.TestEngine:Able to click on Purchase
2017-05-16 17:16:24-main--INFO -com.ctaf.accelerators.TestEngine: Able to get TscreenShot
2017-05-16 17:16:46-main--INFO -com.ctaf.accelerators.TestEngine:Current Test : TC_87_roundTripDomesticFlex_DMM_ABT
2017-05-16 17:16:52-main--INFO -com.ctaf.accelerators.TestEngine:Able to click on By.xpath: //*[@label='Book flights']
2017-05-16 17:16:59-main--INFO -com.ctaf.accelerators.TestEngine:Able to click on By.xpath: //*[@label='Return']
2017-05-16 17:17:06-main--INFO -com.ctaf.accelerators.TestEngine:Able to click on By.xpath: //XCUIElementTypeOther[3]/XCUIElementTypeOther[1]/XCUIElementTypeButton
2017-05-16 17:17:11-main--INFO -com.ctaf.accelerators.TestEngine:Able to click on Search
2017-05-16 17:17:18-main--INFO -com.ctaf.accelerators.TestEngine:Typing is performed on Origin
2017-05-16 17:17:20-main--INFO -com.ctaf.accelerators.TestEngine:Able to click on DMM
2017-05-16 17:17:26-main--INFO -com.ctaf.accelerators.TestEngine:Typing is performed on Destination
2017-05-16 17:17:29-main--INFO -com.ctaf.accelerators.TestEngine:Able to click on ABT
2017-05-16 17:17:32-main--INFO -com.ctaf.accelerators.TestEngine:Able to click on Find Flights
2017-05-16 17:18:22-main--INFO -com.ctaf.accelerators.TestEngine:Able to click on By.xpath: //XCUIElementTypeTable/XCUIElementTypeCell[1]/XCUIElementTypeButton[5]
2017-05-16 17:18:39-main--INFO -com.ctaf.accelerators.TestEngine:Able to click on By.xpath: //XCUIElementTypeTable/XCUIElementTypeCell[1]/XCUIElementTypeButton[5]
2017-05-16 17:19:02-main--INFO -com.ctaf.accelerators.TestEngine:Able to click on By.xpath: //*[@label='Continue to Select Extras']
2017-05-16 17:19:24-main--INFO -com.ctaf.accelerators.TestEngine:Able to click on By.xpath: //*[@label='Continue to Select Seat']
2017-05-16 17:19:34-main--INFO -com.ctaf.accelerators.TestEngine:Able to click on By.xpath: //*[@label='Continue to Payment']
2017-05-16 17:19:43-main--INFO -com.ctaf.accelerators.TestEngine:Able to click on By.xpath: //*[@label='SADAD']
2017-05-16 17:19:55-main--INFO -com.ctaf.accelerators.TestEngine:Able to click on Purchase
2017-05-16 17:21:00-main--INFO -com.ctaf.accelerators.TestEngine: Able to get TscreenShot
2017-05-16 17:21:30-main--INFO -com.ctaf.accelerators.TestEngine:Starting browser : iphone
2017-05-16 17:22:13-main--INFO -com.ctaf.accelerators.TestEngine:Current Test : TC_103_oneWayInternationalFlex_JED_HMB
2017-05-16 17:22:19-main--INFO -com.ctaf.accelerators.TestEngine:Able to click on By.xpath: //*[@label='Book flights']
2017-05-16 17:22:26-main--INFO -com.ctaf.accelerators.TestEngine:Able to click on By.xpath: //*[@label='One-way']
2017-05-16 17:22:33-main--INFO -com.ctaf.accelerators.TestEngine:Able to click on By.xpath: //XCUIElementTypeOther[3]/XCUIElementTypeOther[1]/XCUIElementTypeButton
2017-05-16 17:22:38-main--INFO -com.ctaf.accelerators.TestEngine:Able to click on Search
2017-05-16 17:22:45-main--INFO -com.ctaf.accelerators.TestEngine:Typing is performed on Origin
2017-05-16 17:22:47-main--INFO -com.ctaf.accelerators.TestEngine:Able to click on JED
2017-05-16 17:22:53-main--INFO -com.ctaf.accelerators.TestEngine:Typing is performed on Destination
2017-05-16 17:22:56-main--INFO -com.ctaf.accelerators.TestEngine:Able to click on HMB
2017-05-16 17:22:59-main--INFO -com.ctaf.accelerators.TestEngine:Able to click on Find Flights
2017-05-16 17:49:50-main--INFO -com.ctaf.accelerators.TestEngine:Starting browser : iphone
2017-05-16 17:50:33-main--INFO -com.ctaf.accelerators.TestEngine:Current Test : TC_103_oneWayInternationalFlex_JED_HMB
2017-05-16 17:50:39-main--INFO -com.ctaf.accelerators.TestEngine:Able to click on By.xpath: //*[@label='Book flights']
2017-05-16 17:50:46-main--INFO -com.ctaf.accelerators.TestEngine:Able to click on By.xpath: //*[@label='One-way']
2017-05-16 17:50:53-main--INFO -com.ctaf.accelerators.TestEngine:Able to click on By.xpath: //XCUIElementTypeOther[3]/XCUIElementTypeOther[1]/XCUIElementTypeButton
2017-05-16 17:50:58-main--INFO -com.ctaf.accelerators.TestEngine:Able to click on Search
2017-05-16 17:51:04-main--INFO -com.ctaf.accelerators.TestEngine:Typing is performed on Origin
2017-05-16 17:51:07-main--INFO -com.ctaf.accelerators.TestEngine:Able to click on JED
2017-05-16 17:51:13-main--INFO -com.ctaf.accelerators.TestEngine:Typing is performed on Destination
2017-05-16 17:51:16-main--INFO -com.ctaf.accelerators.TestEngine:Able to click on HMB
2017-05-16 17:51:19-main--INFO -com.ctaf.accelerators.TestEngine:Able to click on Find Flights
2017-05-16 17:53:52-main--INFO -com.ctaf.accelerators.TestEngine:Able to click on By.xpath: //*[@label='icn arrow right red']
2017-05-16 17:54:22-main--INFO -com.ctaf.accelerators.TestEngine:Able to click on By.xpath: //*[@label='icn arrow right red']
2017-05-16 17:56:24-main--INFO -com.ctaf.accelerators.TestEngine:Able to click on By.xpath: //*[@label='icn arrow right red']
2017-05-16 17:58:05-main--INFO -com.ctaf.accelerators.TestEngine:Starting browser : iphone
2017-05-16 17:58:48-main--INFO -com.ctaf.accelerators.TestEngine:Current Test : TC_103_oneWayInternationalFlex_JED_HMB
2017-05-16 17:58:54-main--INFO -com.ctaf.accelerators.TestEngine:Able to click on By.xpath: //*[@label='Book flights']
2017-05-16 17:59:01-main--INFO -com.ctaf.accelerators.TestEngine:Able to click on By.xpath: //*[@label='One-way']
2017-05-16 17:59:08-main--INFO -com.ctaf.accelerators.TestEngine:Able to click on By.xpath: //XCUIElementTypeOther[3]/XCUIElementTypeOther[1]/XCUIElementTypeButton
2017-05-16 17:59:14-main--INFO -com.ctaf.accelerators.TestEngine:Able to click on Search
2017-05-16 17:59:20-main--INFO -com.ctaf.accelerators.TestEngine:Typing is performed on Origin
2017-05-16 17:59:22-main--INFO -com.ctaf.accelerators.TestEngine:Able to click on JED
2017-05-16 17:59:29-main--INFO -com.ctaf.accelerators.TestEngine:Typing is performed on Destination
2017-05-16 17:59:31-main--INFO -com.ctaf.accelerators.TestEngine:Able to click on HMB
2017-05-16 17:59:34-main--INFO -com.ctaf.accelerators.TestEngine:Able to click on Find Flights
2017-05-16 18:04:17-main--INFO -com.ctaf.accelerators.TestEngine:Able to click on By.xpath: //*[@label='icn arrow right red']
2017-05-16 18:05:03-main--INFO -com.ctaf.accelerators.TestEngine:Able to click on By.xpath: //*[@label='icn arrow right red']
2017-05-16 18:05:51-main--INFO -com.ctaf.accelerators.TestEngine:Able to click on By.xpath: //*[@label='icn arrow right red']
2017-05-16 18:07:38-main--INFO -com.ctaf.accelerators.TestEngine:Able to click on By.xpath: //*[@label='icn arrow right red']
2017-05-16 18:08:20-main--INFO -com.ctaf.accelerators.TestEngine:Able to click on By.xpath: //*[@label='icn arrow right red']
2017-05-16 18:10:37-main--INFO -com.ctaf.accelerators.TestEngine:Able to click on By.xpath: //*[@label='icn arrow right red']
2017-05-16 18:11:16-main--INFO -com.ctaf.accelerators.TestEngine:Able to click on By.xpath: //*[@label='icn arrow right red']
2017-05-16 18:19:28-main--INFO -com.ctaf.accelerators.TestEngine:Able to click on By.xpath: //*[@label='icn arrow right red']
2017-05-16 18:20:07-main--INFO -com.ctaf.accelerators.TestEngine:Able to click on By.xpath: //*[@label='icn arrow right red']
2017-05-16 18:21:48-main--INFO -com.ctaf.accelerators.TestEngine:Able to click on By.xpath: //XCUIElementTypeTable/XCUIElementTypeCell[1]/XCUIElementTypeButton[5]
2017-05-16 18:31:33-main--INFO -com.ctaf.accelerators.TestEngine:Starting browser : iphone
2017-05-16 18:32:17-main--INFO -com.ctaf.accelerators.TestEngine:Current Test : TC_108_roundTripInternationalFlex_RUH_CAI
2017-05-16 18:32:23-main--INFO -com.ctaf.accelerators.TestEngine:Able to click on By.xpath: //*[@label='Book flights']
2017-05-16 18:32:30-main--INFO -com.ctaf.accelerators.TestEngine:Able to click on By.xpath: //*[@label='Return']
2017-05-16 18:32:37-main--INFO -com.ctaf.accelerators.TestEngine:Able to click on By.xpath: //XCUIElementTypeOther[3]/XCUIElementTypeOther[1]/XCUIElementTypeButton
2017-05-16 18:32:42-main--INFO -com.ctaf.accelerators.TestEngine:Able to click on Search
2017-05-16 18:32:49-main--INFO -com.ctaf.accelerators.TestEngine:Typing is performed on Origin
2017-05-16 18:32:51-main--INFO -com.ctaf.accelerators.TestEngine:Able to click on RUH
2017-05-16 18:32:57-main--INFO -com.ctaf.accelerators.TestEngine:Typing is performed on Destination
2017-05-16 18:33:00-main--INFO -com.ctaf.accelerators.TestEngine:Able to click on CAI
2017-05-16 18:33:03-main--INFO -com.ctaf.accelerators.TestEngine:Able to click on Find Flights
