2016-11-30 12:26:53-main--INFO -com.ctaf.accelerators.TestEngine:Starting browser : chrome
2016-11-30 12:27:01-main--INFO -com.ctaf.accelerators.TestEngine:Current Test : TC_01_oneWayDomesticEcoSADAD
2016-11-30 12:31:29-main--INFO -com.ctaf.accelerators.TestEngine:Starting browser : chrome
2016-11-30 12:31:45-main--INFO -com.ctaf.accelerators.TestEngine:Current Test : TC_02_oneWayDomesticBusiness
2016-11-30 12:38:00-main--INFO -com.ctaf.accelerators.TestEngine:Starting browser : chrome
2016-11-30 12:38:08-main--INFO -com.ctaf.accelerators.TestEngine:Current Test : TC_03_oneWayDomesticChangeDate
2016-11-30 12:46:46-main--INFO -com.ctaf.accelerators.TestEngine:Starting browser : chrome
2016-11-30 12:46:59-main--INFO -com.ctaf.accelerators.TestEngine:Current Test : TC_04_oneWayDomOneAdultCheckin
2016-11-30 12:47:13-main--INFO -com.ctaf.accelerators.TestEngine: Able to get TscreenShot
2016-11-30 12:47:32-main--INFO -com.ctaf.accelerators.TestEngine:Starting browser : chrome
2016-11-30 12:47:40-main--INFO -com.ctaf.accelerators.TestEngine:Current Test : TC_04_oneWayDomOneAdultCheckin
2016-11-30 12:50:49-main--INFO -com.ctaf.accelerators.TestEngine:Starting browser : chrome
2016-11-30 12:50:56-main--INFO -com.ctaf.accelerators.TestEngine:Current Test : TC_04_oneWayDomOneAdultCheckin
2016-11-30 13:32:55-main--INFO -com.ctaf.accelerators.TestEngine:Starting browser : chrome
2016-11-30 13:33:04-main--INFO -com.ctaf.accelerators.TestEngine:Current Test : TC_04_oneWayDomOneAdultCheckin
2016-11-30 13:37:02-main--INFO -com.ctaf.accelerators.TestEngine:Starting browser : chrome
2016-11-30 13:37:10-main--INFO -com.ctaf.accelerators.TestEngine:Current Test : TC_04_oneWayDomOneAdultCheckin
2016-11-30 13:37:22-main--INFO -com.ctaf.accelerators.TestEngine: Able to get TscreenShot
2016-11-30 13:37:30-main--INFO -com.ctaf.accelerators.TestEngine:Starting browser : chrome
2016-11-30 13:37:38-main--INFO -com.ctaf.accelerators.TestEngine:Current Test : TC_04_oneWayDomOneAdultCheckin
2016-11-30 13:40:43-main--INFO -com.ctaf.accelerators.TestEngine:Starting browser : chrome
2016-11-30 13:40:51-main--INFO -com.ctaf.accelerators.TestEngine:Current Test : TC_04_oneWayDomOneAdultCheckin
2016-11-30 13:41:03-main--INFO -com.ctaf.accelerators.TestEngine: Able to get TscreenShot
2016-11-30 13:41:14-main--INFO -com.ctaf.accelerators.TestEngine:Starting browser : chrome
2016-11-30 13:41:27-main--INFO -com.ctaf.accelerators.TestEngine:Current Test : TC_04_oneWayDomOneAdultCheckin
2016-11-30 13:41:40-main--INFO -com.ctaf.accelerators.TestEngine: Able to get TscreenShot
2016-11-30 13:42:05-main--INFO -com.ctaf.accelerators.TestEngine:Starting browser : chrome
2016-11-30 13:42:13-main--INFO -com.ctaf.accelerators.TestEngine:Current Test : TC_04_oneWayDomOneAdultCheckin
2016-11-30 13:42:26-main--INFO -com.ctaf.accelerators.TestEngine: Able to get TscreenShot
2016-11-30 13:42:48-main--INFO -com.ctaf.accelerators.TestEngine:Starting browser : chrome
2016-11-30 13:42:56-main--INFO -com.ctaf.accelerators.TestEngine:Current Test : TC_04_oneWayDomOneAdultCheckin
2016-11-30 14:20:39-main--INFO -com.ctaf.accelerators.TestEngine:Starting browser : chrome
2016-11-30 14:20:47-main--INFO -com.ctaf.accelerators.TestEngine:Current Test : TC_04_oneWayDomOneAdultCheckin
2016-11-30 14:39:15-main--INFO -com.ctaf.accelerators.TestEngine:Starting browser : chrome
2016-11-30 14:39:27-main--INFO -com.ctaf.accelerators.TestEngine:Current Test : TC_04_oneWayDomOneAdultCheckin
2016-11-30 14:48:05-main--INFO -com.ctaf.accelerators.TestEngine:Starting browser : chrome
2016-11-30 14:48:13-main--INFO -com.ctaf.accelerators.TestEngine:Current Test : TC_05_onewaydom8Business
2016-11-30 14:57:24-main--INFO -com.ctaf.accelerators.TestEngine:Starting browser : chrome
2016-11-30 14:57:37-main--INFO -com.ctaf.accelerators.TestEngine:Current Test : TC_06_oneWay2InternationalEco
2016-11-30 14:57:45-main--INFO -com.ctaf.accelerators.TestEngine: Able to get TscreenShot
2016-11-30 14:58:35-main--INFO -com.ctaf.accelerators.TestEngine:Starting browser : chrome
2016-11-30 14:58:44-main--INFO -com.ctaf.accelerators.TestEngine:Current Test : TC_06_oneWay2InternationalEco
2016-11-30 14:58:52-main--INFO -com.ctaf.accelerators.TestEngine: Able to get TscreenShot
2016-11-30 15:00:30-main--INFO -com.ctaf.accelerators.TestEngine:Starting browser : chrome
2016-11-30 15:01:17-main--INFO -com.ctaf.accelerators.TestEngine:Starting browser : chrome
2016-11-30 15:01:27-main--INFO -com.ctaf.accelerators.TestEngine:Current Test : TC_06_oneWay2InternationalEco
2016-11-30 15:09:40-main--INFO -com.ctaf.accelerators.TestEngine:Starting browser : chrome
2016-11-30 15:09:49-main--INFO -com.ctaf.accelerators.TestEngine:Current Test : TC_06_oneWay2InternationalEco
2016-11-30 15:10:59-main--INFO -com.ctaf.accelerators.TestEngine: Able to get TscreenShot
2016-11-30 15:13:04-main--INFO -com.ctaf.accelerators.TestEngine:Starting browser : chrome
2016-11-30 15:13:18-main--INFO -com.ctaf.accelerators.TestEngine:Current Test : TC_06_oneWay2InternationalEco
2016-11-30 15:14:28-main--INFO -com.ctaf.accelerators.TestEngine: Able to get TscreenShot
2016-11-30 15:15:43-main--INFO -com.ctaf.accelerators.TestEngine:Starting browser : chrome
2016-11-30 15:15:55-main--INFO -com.ctaf.accelerators.TestEngine:Current Test : TC_06_oneWay2InternationalEco
2016-11-30 15:22:48-main--INFO -com.ctaf.accelerators.TestEngine:Starting browser : chrome
2016-11-30 15:22:55-main--INFO -com.ctaf.accelerators.TestEngine:Current Test : TC_06_oneWay2InternationalEco
2016-11-30 15:24:00-main--INFO -com.ctaf.accelerators.TestEngine: Able to get TscreenShot
2016-11-30 15:25:57-main--INFO -com.ctaf.accelerators.TestEngine:Starting browser : chrome
2016-11-30 15:26:04-main--INFO -com.ctaf.accelerators.TestEngine:Current Test : TC_06_oneWay2InternationalEco
2016-11-30 15:27:19-main--INFO -com.ctaf.accelerators.TestEngine: Able to get TscreenShot
2016-11-30 15:30:22-main--INFO -com.ctaf.accelerators.TestEngine:Starting browser : chrome
2016-11-30 15:30:32-main--INFO -com.ctaf.accelerators.TestEngine:Current Test : TC_06_oneWay2InternationalEco
2016-11-30 15:37:51-main--INFO -com.ctaf.accelerators.TestEngine:Starting browser : chrome
2016-11-30 15:37:59-main--INFO -com.ctaf.accelerators.TestEngine:Current Test : TC_07_RTDom4adultBusinessCC
2016-11-30 15:45:18-main--INFO -com.ctaf.accelerators.TestEngine:Starting browser : chrome
2016-11-30 15:45:27-main--INFO -com.ctaf.accelerators.TestEngine:Current Test : TC_08_RTInt1adult1Child1infantBus
2016-11-30 15:46:13-main--INFO -com.ctaf.accelerators.TestEngine: Able to get TscreenShot
2016-11-30 15:46:13-main--INFO -com.ctaf.accelerators.TestEngine: Able to get TscreenShot
2016-11-30 15:46:37-main--INFO -com.ctaf.accelerators.TestEngine:Starting browser : chrome
2016-11-30 15:46:50-main--INFO -com.ctaf.accelerators.TestEngine:Current Test : TC_08_RTInt1adult1Child1infantBus
2016-11-30 15:47:36-main--INFO -com.ctaf.accelerators.TestEngine: Able to get TscreenShot
2016-11-30 15:47:36-main--INFO -com.ctaf.accelerators.TestEngine: Able to get TscreenShot
2016-11-30 15:49:02-main--INFO -com.ctaf.accelerators.TestEngine:Starting browser : chrome
2016-11-30 15:49:10-main--INFO -com.ctaf.accelerators.TestEngine:Current Test : TC_08_RTInt1adult1Child1infantBus
2016-11-30 16:03:12-main--INFO -com.ctaf.accelerators.TestEngine:Starting browser : chrome
2016-11-30 16:03:27-main--INFO -com.ctaf.accelerators.TestEngine:Current Test : TC_08_RTInt1adult1Child1infantBus
2016-11-30 16:06:03-main--INFO -com.ctaf.accelerators.TestEngine:Starting browser : chrome
2016-11-30 16:06:12-main--INFO -com.ctaf.accelerators.TestEngine:Current Test : TC_08_RTInt1adult1Child1infantBus
2016-11-30 16:12:19-main--INFO -com.ctaf.accelerators.TestEngine:Starting browser : chrome
2016-11-30 16:12:27-main--INFO -com.ctaf.accelerators.TestEngine:Current Test : TC_08_RTInt1adult1Child1infantBus
2016-11-30 16:13:26-main--INFO -com.ctaf.accelerators.TestEngine:Starting browser : chrome
2016-11-30 16:13:37-main--INFO -com.ctaf.accelerators.TestEngine:Current Test : TC_08_RTInt1adult1Child1infantBus
2016-11-30 16:15:12-main--INFO -com.ctaf.accelerators.TestEngine:Starting browser : chrome
2016-11-30 16:15:24-main--INFO -com.ctaf.accelerators.TestEngine:Current Test : TC_08_RTInt1adult1Child1infantBus
2016-11-30 16:16:37-main--INFO -com.ctaf.accelerators.TestEngine: Able to get TscreenShot
2016-11-30 16:23:59-main--INFO -com.ctaf.accelerators.TestEngine:Starting browser : chrome
2016-11-30 16:24:12-main--INFO -com.ctaf.accelerators.TestEngine:Current Test : TC_08_RTInt1adult1Child1infantBus
2016-11-30 16:25:02-main--INFO -com.ctaf.accelerators.TestEngine:Starting browser : chrome
2016-11-30 16:25:10-main--INFO -com.ctaf.accelerators.TestEngine:Current Test : TC_08_RTInt1adult1Child1infantBus
2016-11-30 16:29:17-main--INFO -com.ctaf.accelerators.TestEngine:Starting browser : chrome
2016-11-30 16:29:25-main--INFO -com.ctaf.accelerators.TestEngine:Current Test : TC_08_RTInt1adult1Child1infantBus
2016-11-30 16:30:37-main--INFO -com.ctaf.accelerators.TestEngine: Able to get TscreenShot
2016-11-30 16:34:12-main--INFO -com.ctaf.accelerators.TestEngine:Starting browser : chrome
2016-11-30 16:34:20-main--INFO -com.ctaf.accelerators.TestEngine:Current Test : TC_08_RTInt1adult1Child1infantBus
2016-11-30 16:37:56-main--INFO -com.ctaf.accelerators.TestEngine:Starting browser : chrome
2016-11-30 16:38:07-main--INFO -com.ctaf.accelerators.TestEngine:Current Test : TC_08_RTInt1adult1Child1infantBus
2016-11-30 16:39:25-main--INFO -com.ctaf.accelerators.TestEngine:Starting browser : chrome
2016-11-30 16:39:38-main--INFO -com.ctaf.accelerators.TestEngine:Current Test : TC_08_RTInt1adult1Child1infantBus
2016-11-30 16:40:30-main--INFO -com.ctaf.accelerators.TestEngine:Starting browser : chrome
2016-11-30 16:40:45-main--INFO -com.ctaf.accelerators.TestEngine:Current Test : TC_08_RTInt1adult1Child1infantBus
2016-11-30 16:41:28-main--INFO -com.ctaf.accelerators.TestEngine: Able to get TscreenShot
2016-11-30 16:44:11-main--INFO -com.ctaf.accelerators.TestEngine:Starting browser : chrome
2016-11-30 16:44:20-main--INFO -com.ctaf.accelerators.TestEngine:Current Test : TC_08_RTInt1adult1Child1infantBus
2016-11-30 16:45:08-main--INFO -com.ctaf.accelerators.TestEngine:Starting browser : chrome
2016-11-30 16:45:24-main--INFO -com.ctaf.accelerators.TestEngine:Current Test : TC_08_RTInt1adult1Child1infantBus
2016-11-30 16:46:12-main--INFO -com.ctaf.accelerators.TestEngine:Starting browser : chrome
2016-11-30 16:46:23-main--INFO -com.ctaf.accelerators.TestEngine:Current Test : TC_08_RTInt1adult1Child1infantBus
2016-11-30 18:24:02-main--INFO -com.ctaf.accelerators.TestEngine:Starting browser : chrome
2016-11-30 18:24:10-main--INFO -com.ctaf.accelerators.TestEngine:Current Test : TC_08_RTInt1adult1Child1infantBus
2016-11-30 18:25:00-main--INFO -com.ctaf.accelerators.TestEngine:Starting browser : chrome
2016-11-30 18:25:08-main--INFO -com.ctaf.accelerators.TestEngine:Current Test : TC_08_RTInt1adult1Child1infantBus
2016-11-30 18:25:50-main--INFO -com.ctaf.accelerators.TestEngine:Starting browser : chrome
2016-11-30 18:25:58-main--INFO -com.ctaf.accelerators.TestEngine:Current Test : TC_08_RTInt1adult1Child1infantBus
2016-11-30 18:26:35-main--INFO -com.ctaf.accelerators.TestEngine:Starting browser : chrome
2016-11-30 18:26:43-main--INFO -com.ctaf.accelerators.TestEngine:Current Test : TC_08_RTInt1adult1Child1infantBus
2016-11-30 18:27:23-main--INFO -com.ctaf.accelerators.TestEngine:Starting browser : chrome
2016-11-30 18:27:30-main--INFO -com.ctaf.accelerators.TestEngine:Current Test : TC_08_RTInt1adult1Child1infantBus
2016-11-30 18:28:14-main--INFO -com.ctaf.accelerators.TestEngine:Starting browser : chrome
2016-11-30 18:28:24-main--INFO -com.ctaf.accelerators.TestEngine:Current Test : TC_08_RTInt1adult1Child1infantBus
2016-11-30 18:29:44-main--INFO -com.ctaf.accelerators.TestEngine:Starting browser : chrome
2016-11-30 18:29:54-main--INFO -com.ctaf.accelerators.TestEngine:Current Test : TC_08_RTInt1adult1Child1infantBus
2016-11-30 18:30:42-main--INFO -com.ctaf.accelerators.TestEngine:Starting browser : chrome
2016-11-30 18:30:49-main--INFO -com.ctaf.accelerators.TestEngine:Current Test : TC_08_RTInt1adult1Child1infantBus
2016-11-30 18:31:32-main--INFO -com.ctaf.accelerators.TestEngine: Able to get TscreenShot
2016-11-30 18:31:41-main--INFO -com.ctaf.accelerators.TestEngine:Starting browser : chrome
2016-11-30 18:31:49-main--INFO -com.ctaf.accelerators.TestEngine:Current Test : TC_08_RTInt1adult1Child1infantBus
2016-11-30 18:32:40-main--INFO -com.ctaf.accelerators.TestEngine:Starting browser : chrome
2016-11-30 18:32:47-main--INFO -com.ctaf.accelerators.TestEngine:Current Test : TC_08_RTInt1adult1Child1infantBus
2016-11-30 18:33:31-main--INFO -com.ctaf.accelerators.TestEngine:Starting browser : chrome
2016-11-30 18:33:41-main--INFO -com.ctaf.accelerators.TestEngine:Current Test : TC_08_RTInt1adult1Child1infantBus
2016-11-30 18:34:22-main--INFO -com.ctaf.accelerators.TestEngine:Starting browser : chrome
2016-11-30 18:34:31-main--INFO -com.ctaf.accelerators.TestEngine:Current Test : TC_08_RTInt1adult1Child1infantBus
2016-11-30 18:35:18-main--INFO -com.ctaf.accelerators.TestEngine:Starting browser : chrome
2016-11-30 18:35:25-main--INFO -com.ctaf.accelerators.TestEngine:Current Test : TC_08_RTInt1adult1Child1infantBus
2016-11-30 18:36:05-main--INFO -com.ctaf.accelerators.TestEngine:Starting browser : chrome
2016-11-30 18:36:13-main--INFO -com.ctaf.accelerators.TestEngine:Current Test : TC_08_RTInt1adult1Child1infantBus
2016-11-30 18:38:15-main--INFO -com.ctaf.accelerators.TestEngine: Able to get TscreenShot
2016-11-30 18:39:18-main--INFO -com.ctaf.accelerators.TestEngine:Starting browser : chrome
2016-11-30 18:39:26-main--INFO -com.ctaf.accelerators.TestEngine:Current Test : TC_08_RTInt1adult1Child1infantBus
2016-11-30 18:40:06-main--INFO -com.ctaf.accelerators.TestEngine:Starting browser : chrome
2016-11-30 18:40:14-main--INFO -com.ctaf.accelerators.TestEngine:Current Test : TC_08_RTInt1adult1Child1infantBus
2016-11-30 18:41:26-main--INFO -com.ctaf.accelerators.TestEngine: Able to get TscreenShot
2016-11-30 18:56:13-main--INFO -com.ctaf.accelerators.TestEngine:Starting browser : chrome
2016-11-30 18:56:21-main--INFO -com.ctaf.accelerators.TestEngine:Current Test : Tc_09_RTInt1adult1Child1infantBus
2016-11-30 18:58:19-main--INFO -com.ctaf.accelerators.TestEngine:Starting browser : chrome
2016-11-30 18:58:27-main--INFO -com.ctaf.accelerators.TestEngine:Current Test : Tc_09_RTInt1adult1Child1infantBus
2016-11-30 18:59:39-main--INFO -com.ctaf.accelerators.TestEngine: Able to get TscreenShot
2016-11-30 19:01:09-main--INFO -com.ctaf.accelerators.TestEngine:Starting browser : chrome
2016-11-30 19:01:16-main--INFO -com.ctaf.accelerators.TestEngine:Current Test : Tc_09_RTInt1adult1Child1infantBus
2016-11-30 19:02:06-main--INFO -com.ctaf.accelerators.TestEngine:Starting browser : chrome
2016-11-30 19:02:14-main--INFO -com.ctaf.accelerators.TestEngine:Current Test : Tc_09_RTInt1adult1Child1infantBus
2016-11-30 19:05:23-main--INFO -com.ctaf.accelerators.TestEngine:Starting browser : chrome
2016-11-30 19:05:31-main--INFO -com.ctaf.accelerators.TestEngine:Current Test : Tc_09_RTInt1adult1Child1infantBus
2016-11-30 19:06:17-main--INFO -com.ctaf.accelerators.TestEngine:Starting browser : chrome
2016-11-30 19:06:27-main--INFO -com.ctaf.accelerators.TestEngine:Current Test : OnewayDomestic
2016-11-30 19:06:42-main--INFO -com.ctaf.accelerators.TestEngine: Able to get TscreenShot
2016-11-30 19:06:48-main--INFO -com.ctaf.accelerators.TestEngine:Starting browser : chrome
2016-11-30 19:07:03-main--INFO -com.ctaf.accelerators.TestEngine:Current Test : OnewayDomestic
2016-11-30 19:07:22-main--INFO -com.ctaf.accelerators.TestEngine: Able to get TscreenShot
2016-11-30 19:07:27-main--INFO -com.ctaf.accelerators.TestEngine:Starting browser : chrome
2016-11-30 19:07:34-main--INFO -com.ctaf.accelerators.TestEngine:Current Test : OnewayDomestic
2016-11-30 19:08:11-main--INFO -com.ctaf.accelerators.TestEngine:Starting browser : chrome
2016-11-30 19:08:20-main--INFO -com.ctaf.accelerators.TestEngine:Current Test : OnewayDomestic
2016-11-30 19:09:13-main--INFO -com.ctaf.accelerators.TestEngine: Able to get TscreenShot
2016-11-30 19:09:27-main--INFO -com.ctaf.accelerators.TestEngine:Starting browser : chrome
2016-11-30 19:09:39-main--INFO -com.ctaf.accelerators.TestEngine:Current Test : OnewayDomestic
2016-11-30 19:12:55-main--INFO -com.ctaf.accelerators.TestEngine:Starting browser : chrome
2016-11-30 19:13:02-main--INFO -com.ctaf.accelerators.TestEngine:Current Test : Tc_09_RTInt1adult1Child1infantBus
2016-11-30 19:13:46-main--INFO -com.ctaf.accelerators.TestEngine: Able to get TscreenShot
2016-11-30 19:13:51-main--INFO -com.ctaf.accelerators.TestEngine:Starting browser : chrome
2016-11-30 19:13:59-main--INFO -com.ctaf.accelerators.TestEngine:Current Test : Tc_09_RTInt1adult1Child1infantBus
2016-11-30 19:17:51-main--INFO -com.ctaf.accelerators.TestEngine: Able to get TscreenShot
2016-11-30 19:19:28-main--INFO -com.ctaf.accelerators.TestEngine:Starting browser : chrome
2016-11-30 19:19:37-main--INFO -com.ctaf.accelerators.TestEngine:Current Test : OnewayDomestic
2016-11-30 19:20:17-main--INFO -com.ctaf.accelerators.TestEngine: Able to get TscreenShot
2016-11-30 19:20:21-main--INFO -com.ctaf.accelerators.TestEngine:Starting browser : chrome
2016-11-30 19:20:29-main--INFO -com.ctaf.accelerators.TestEngine:Current Test : OnewayDomestic
2016-11-30 19:21:09-main--INFO -com.ctaf.accelerators.TestEngine:Starting browser : chrome
2016-11-30 19:21:13-main--INFO -com.ctaf.accelerators.TestEngine:Starting browser : chrome
2016-11-30 19:21:21-main--INFO -com.ctaf.accelerators.TestEngine:Current Test : OnewayDomestic
2016-11-30 19:22:01-main--INFO -com.ctaf.accelerators.TestEngine:Starting browser : chrome
2016-11-30 19:22:09-main--INFO -com.ctaf.accelerators.TestEngine:Current Test : OnewayDomestic
2016-11-30 19:22:47-main--INFO -com.ctaf.accelerators.TestEngine:Starting browser : chrome
2016-11-30 19:22:54-main--INFO -com.ctaf.accelerators.TestEngine:Current Test : OnewayDomestic
2016-11-30 19:23:33-main--INFO -com.ctaf.accelerators.TestEngine:Starting browser : chrome
2016-11-30 19:23:41-main--INFO -com.ctaf.accelerators.TestEngine:Current Test : OnewayDomestic
2016-11-30 19:24:26-main--INFO -com.ctaf.accelerators.TestEngine:Starting browser : chrome
2016-11-30 19:24:34-main--INFO -com.ctaf.accelerators.TestEngine:Current Test : OnewayDomestic
2016-11-30 19:24:55-main--INFO -com.ctaf.accelerators.TestEngine: Able to get TscreenShot
2016-11-30 19:25:00-main--INFO -com.ctaf.accelerators.TestEngine:Starting browser : chrome
2016-11-30 19:25:08-main--INFO -com.ctaf.accelerators.TestEngine:Current Test : OnewayDomestic
2016-11-30 19:26:03-main--INFO -com.ctaf.accelerators.TestEngine:Starting browser : chrome
2016-11-30 19:26:11-main--INFO -com.ctaf.accelerators.TestEngine:Current Test : OnewayDomestic
2016-11-30 19:28:06-main--INFO -com.ctaf.accelerators.TestEngine:Starting browser : chrome
2016-11-30 19:28:14-main--INFO -com.ctaf.accelerators.TestEngine:Current Test : Tc_09_RTInt1adult1Child1infantBus
2016-11-30 19:28:58-main--INFO -com.ctaf.accelerators.TestEngine: Able to get TscreenShot
