2017-08-09 14:21:39-main--INFO -com.ctaf.accelerators.TestEngine:Starting browser : iphone
2017-08-09 14:22:28-main--INFO -com.ctaf.accelerators.TestEngine:Current Test : TC_01_oneWayDomesticEconomy_RUH_JED
2017-08-09 14:22:37-main--INFO -com.ctaf.accelerators.TestEngine:Able to click on By.xpath: //*[@label='Book flights']
2017-08-09 14:22:56-main--INFO -com.ctaf.accelerators.TestEngine:Able to click on By.xpath: //*[@label='One-way']
2017-08-09 14:23:09-main--INFO -com.ctaf.accelerators.TestEngine:Able to click on By.xpath: //XCUIElementTypeOther[3]/XCUIElementTypeOther[1]/XCUIElementTypeButton
2017-08-09 14:23:14-main--INFO -com.ctaf.accelerators.TestEngine:Able to click on Search
2017-08-09 14:23:21-main--INFO -com.ctaf.accelerators.TestEngine:Typing is performed on Origin
2017-08-09 14:23:24-main--INFO -com.ctaf.accelerators.TestEngine:Able to click on RUH
2017-08-09 14:23:30-main--INFO -com.ctaf.accelerators.TestEngine:Typing is performed on Destination
2017-08-09 14:23:33-main--INFO -com.ctaf.accelerators.TestEngine:Able to click on JED
2017-08-09 14:23:38-main--INFO -com.ctaf.accelerators.TestEngine:Able to click on Find Flights
2017-08-09 14:25:14-main--INFO -com.ctaf.accelerators.TestEngine:Starting browser : iphone
2017-08-09 14:25:58-main--INFO -com.ctaf.accelerators.TestEngine:Current Test : TC_01_oneWayDomesticEconomy_RUH_JED
2017-08-09 14:53:54-main--INFO -com.ctaf.accelerators.TestEngine:Starting browser : iphone
2017-08-09 14:54:41-main--INFO -com.ctaf.accelerators.TestEngine:Current Test : TC_08_roundTripInt1Adt1chld1infntBusExtras
2017-08-09 14:54:51-main--INFO -com.ctaf.accelerators.TestEngine:Able to click on By.xpath: //*[@label='Book flights']
2017-08-09 14:55:09-main--INFO -com.ctaf.accelerators.TestEngine:Able to click on By.xpath: //*[@label='Return']
2017-08-09 14:55:22-main--INFO -com.ctaf.accelerators.TestEngine:Able to click on By.xpath: //XCUIElementTypeOther[3]/XCUIElementTypeOther[1]/XCUIElementTypeButton
2017-08-09 14:55:28-main--INFO -com.ctaf.accelerators.TestEngine:Able to click on Search
2017-08-09 14:55:34-main--INFO -com.ctaf.accelerators.TestEngine:Typing is performed on Origin
2017-08-09 14:55:37-main--INFO -com.ctaf.accelerators.TestEngine:Able to click on DMM
2017-08-09 14:55:43-main--INFO -com.ctaf.accelerators.TestEngine:Typing is performed on Destination
2017-08-09 14:55:46-main--INFO -com.ctaf.accelerators.TestEngine:Able to click on MED
2017-08-09 14:59:58-main--INFO -com.ctaf.accelerators.TestEngine:Starting browser : iphone
2017-08-09 15:00:43-main--INFO -com.ctaf.accelerators.TestEngine:Current Test : TC_08_roundTripInt1Adt1chld1infntBusExtras
2017-08-09 15:00:53-main--INFO -com.ctaf.accelerators.TestEngine:Able to click on By.xpath: //*[@label='Book flights']
2017-08-09 15:01:11-main--INFO -com.ctaf.accelerators.TestEngine:Able to click on By.xpath: //*[@label='Return']
2017-08-09 15:01:24-main--INFO -com.ctaf.accelerators.TestEngine:Able to click on By.xpath: //XCUIElementTypeOther[3]/XCUIElementTypeOther[1]/XCUIElementTypeButton
2017-08-09 15:01:30-main--INFO -com.ctaf.accelerators.TestEngine:Able to click on Search
2017-08-09 15:02:41-main--INFO -com.ctaf.accelerators.TestEngine:Starting browser : iphone
2017-08-09 15:03:24-main--INFO -com.ctaf.accelerators.TestEngine:Current Test : TC_08_roundTripInt1Adt1chld1infntBusExtras
2017-08-09 15:03:34-main--INFO -com.ctaf.accelerators.TestEngine:Able to click on By.xpath: //*[@label='Book flights']
2017-08-09 15:03:52-main--INFO -com.ctaf.accelerators.TestEngine:Able to click on By.xpath: //*[@label='Return']
2017-08-09 15:04:05-main--INFO -com.ctaf.accelerators.TestEngine:Able to click on By.xpath: //XCUIElementTypeOther[3]/XCUIElementTypeOther[1]/XCUIElementTypeButton
2017-08-09 15:04:11-main--INFO -com.ctaf.accelerators.TestEngine:Able to click on Search
2017-08-09 15:04:17-main--INFO -com.ctaf.accelerators.TestEngine:Typing is performed on Origin
2017-08-09 15:04:20-main--INFO -com.ctaf.accelerators.TestEngine:Able to click on DMM
2017-08-09 15:04:26-main--INFO -com.ctaf.accelerators.TestEngine:Typing is performed on Destination
2017-08-09 15:04:29-main--INFO -com.ctaf.accelerators.TestEngine:Able to click on MED
2017-08-09 15:05:17-main--INFO -com.ctaf.accelerators.TestEngine:Able to click on By.xpath: //*[@label='Child']/following::XCUIElementTypeButton[2]
2017-08-09 15:05:35-main--INFO -com.ctaf.accelerators.TestEngine:Able to click on By.xpath: //*[@label='Infant']/following::XCUIElementTypeButton[2]
2017-08-09 15:05:47-main--INFO -com.ctaf.accelerators.TestEngine:Able to click on Find Flights
2017-08-09 15:07:45-main--INFO -com.ctaf.accelerators.TestEngine:Starting browser : iphone
2017-08-09 15:08:31-main--INFO -com.ctaf.accelerators.TestEngine:Current Test : TC_08_roundTripInt1Adt1chld1infntBusExtras
2017-08-09 15:08:41-main--INFO -com.ctaf.accelerators.TestEngine:Able to click on By.xpath: //*[@label='Book flights']
2017-08-09 15:09:00-main--INFO -com.ctaf.accelerators.TestEngine:Able to click on By.xpath: //*[@label='Return']
2017-08-09 15:09:12-main--INFO -com.ctaf.accelerators.TestEngine:Able to click on By.xpath: //XCUIElementTypeOther[3]/XCUIElementTypeOther[1]/XCUIElementTypeButton
2017-08-09 15:09:18-main--INFO -com.ctaf.accelerators.TestEngine:Able to click on Search
2017-08-09 15:09:25-main--INFO -com.ctaf.accelerators.TestEngine:Typing is performed on Origin
2017-08-09 15:09:27-main--INFO -com.ctaf.accelerators.TestEngine:Able to click on DMM
2017-08-09 15:09:34-main--INFO -com.ctaf.accelerators.TestEngine:Typing is performed on Destination
2017-08-09 15:09:36-main--INFO -com.ctaf.accelerators.TestEngine:Able to click on MED
2017-08-09 15:09:55-main--INFO -com.ctaf.accelerators.TestEngine:Able to click on By.xpath: //*[@label='Child']/following::XCUIElementTypeButton[2]
2017-08-09 15:10:36-main--INFO -com.ctaf.accelerators.TestEngine:Able to click on By.xpath: //*[@label='Infant']/following::XCUIElementTypeButton[2]
2017-08-09 15:10:45-main--INFO -com.ctaf.accelerators.TestEngine:Able to click on Find Flights
2017-08-09 15:15:24-main--INFO -com.ctaf.accelerators.TestEngine:Starting browser : iphone
2017-08-09 15:16:08-main--INFO -com.ctaf.accelerators.TestEngine:Current Test : TC_08_roundTripInt1Adt1chld1infntBusExtras
2017-08-09 15:16:18-main--INFO -com.ctaf.accelerators.TestEngine:Able to click on By.xpath: //*[@label='Book flights']
2017-08-09 15:18:22-main--INFO -com.ctaf.accelerators.TestEngine:Able to click on By.xpath: //XCUIElementTypeTable/XCUIElementTypeCell[2]/XCUIElementTypeButton[19]
2017-08-09 15:19:25-main--INFO -com.ctaf.accelerators.TestEngine:Able to click on By.xpath: //XCUIElementTypeTable/XCUIElementTypeCell[1]/XCUIElementTypeButton[19]
2017-08-09 15:32:21-main--INFO -com.ctaf.accelerators.TestEngine:Able to click on By.xpath: //*[@label='Title*']/following-sibling::XCUIElementTypeButton[1]
2017-08-09 15:34:16-main--INFO -com.ctaf.accelerators.TestEngine:Starting browser : iphone
2017-08-09 15:35:01-main--INFO -com.ctaf.accelerators.TestEngine:Current Test : TC_08_roundTripInt1Adt1chld1infntBusExtras
2017-08-09 15:35:10-main--INFO -com.ctaf.accelerators.TestEngine:Able to click on By.xpath: //*[@label='Book flights']
2017-08-09 16:29:36-main--INFO -com.ctaf.accelerators.TestEngine:Able to click on By.xpath: //XCUIElementTypeTable/XCUIElementTypeCell[2]/XCUIElementTypeButton[19]
2017-08-09 16:31:41-main--INFO -com.ctaf.accelerators.TestEngine:Able to click on By.xpath: //XCUIElementTypeTable/XCUIElementTypeCell[1]/XCUIElementTypeButton[19]
2017-08-09 16:36:02-main--INFO -com.ctaf.accelerators.TestEngine:Starting browser : iphone
2017-08-09 16:36:49-main--INFO -com.ctaf.accelerators.TestEngine:Current Test : TC_08_roundTripInt1Adt1chld1infntBusExtras
2017-08-09 16:36:58-main--INFO -com.ctaf.accelerators.TestEngine:Able to click on By.xpath: //*[@label='Book flights']
2017-08-09 16:40:25-main--INFO -com.ctaf.accelerators.TestEngine:Able to click on By.xpath: //XCUIElementTypeTable/XCUIElementTypeCell[2]/XCUIElementTypeButton[19]
