2018-03-05 13:58:50-main--INFO -com.ctaf.accelerators.TestEngine:Starting browser : iphone
2018-03-05 14:00:12-main--INFO -com.ctaf.accelerators.TestEngine:Current Test : TC_01_f_UpdatePasswordInProfile
2018-03-05 14:00:15-main--INFO -com.ctaf.accelerators.TestEngine:Able to click on Login
2018-03-05 14:00:21-main--INFO -com.ctaf.accelerators.TestEngine:Typing is performed on EmailAddress
2018-03-05 14:00:28-main--INFO -com.ctaf.accelerators.TestEngine:Typing is performed on Password
2018-03-05 14:00:29-main--INFO -com.ctaf.accelerators.TestEngine:Able to click on Login
2018-03-05 14:04:24-main--INFO -com.ctaf.accelerators.TestEngine:Starting browser : iphone
2018-03-05 14:04:38-main--INFO -com.ctaf.accelerators.TestEngine:Current Test : TC_01_oneWayDomesticEcoSADAD
2018-03-05 14:12:06-main--INFO -com.ctaf.accelerators.TestEngine:Starting browser : iphone
2018-03-05 14:12:20-main--INFO -com.ctaf.accelerators.TestEngine:Current Test : TC_01_oneWayDomesticEcoSADAD
2018-03-05 14:12:53-main--INFO -com.ctaf.accelerators.TestEngine:Able to click on Origin
2018-03-05 14:12:56-main--INFO -com.ctaf.accelerators.TestEngine:Unable to click on Search
2018-03-05 14:12:57-main--INFO -com.ctaf.accelerators.TestEngine: Able to get TscreenShot
2018-03-05 15:35:08-main--INFO -com.ctaf.accelerators.TestEngine:Starting browser : iphone
2018-03-05 15:35:44-main--INFO -com.ctaf.accelerators.TestEngine:Starting browser : iphone
2018-03-05 15:44:23-main--INFO -com.ctaf.accelerators.TestEngine:Starting browser : iphone
2018-03-05 15:46:48-main--INFO -com.ctaf.accelerators.TestEngine:Starting browser : iphone
2018-03-05 15:51:14-main--INFO -com.ctaf.accelerators.TestEngine:Starting browser : iphone
2018-03-05 15:57:30-main--INFO -com.ctaf.accelerators.TestEngine:Starting browser : iphone
2018-03-05 16:00:47-main--INFO -com.ctaf.accelerators.TestEngine:Starting browser : iphone
2018-03-05 16:01:42-main--INFO -com.ctaf.accelerators.TestEngine:Current Test : TC_01_oneWayDomesticEcoSADAD
2018-03-05 16:36:43-main--INFO -com.ctaf.accelerators.TestEngine:Starting browser : iphone
2018-03-05 16:37:00-main--INFO -com.ctaf.accelerators.TestEngine:Current Test : TC_01_oneWayDomesticEcoSADAD
2018-03-05 16:42:35-main--INFO -com.ctaf.accelerators.TestEngine:Starting browser : iphone
2018-03-05 16:42:50-main--INFO -com.ctaf.accelerators.TestEngine:Current Test : TC_01_oneWayDomesticEcoSADAD
2018-03-05 16:42:56-main--INFO -com.ctaf.accelerators.TestEngine:Able to click on One-way
2018-03-05 16:42:57-main--INFO -com.ctaf.accelerators.TestEngine:Able to click on Origin
2018-03-05 16:43:00-main--INFO -com.ctaf.accelerators.TestEngine:Unable to click on Search
2018-03-05 16:43:00-main--INFO -com.ctaf.accelerators.TestEngine: Able to get TscreenShot
2018-03-05 16:46:16-main--INFO -com.ctaf.accelerators.TestEngine:Starting browser : iphone
2018-03-05 16:46:30-main--INFO -com.ctaf.accelerators.TestEngine:Current Test : TC_01_oneWayDomesticEcoSADAD
2018-03-05 16:47:33-main--INFO -com.ctaf.accelerators.TestEngine:Starting browser : iphone
2018-03-05 16:47:47-main--INFO -com.ctaf.accelerators.TestEngine:Current Test : TC_01_oneWayDomesticEcoSADAD
2018-03-05 16:48:14-main--INFO -com.ctaf.accelerators.TestEngine:Able to click on By.xpath: //*[@label='One-way']
2018-03-05 16:54:31-main--INFO -com.ctaf.accelerators.TestEngine:Starting browser : iphone
2018-03-05 16:54:45-main--INFO -com.ctaf.accelerators.TestEngine:Current Test : TC_01_oneWayDomesticEcoSADAD
2018-03-05 16:54:58-main--INFO -com.ctaf.accelerators.TestEngine:Able to click on By.xpath: //*[@label='One-way']
2018-03-05 16:57:30-main--INFO -com.ctaf.accelerators.TestEngine:Starting browser : iphone
2018-03-05 16:57:44-main--INFO -com.ctaf.accelerators.TestEngine:Current Test : TC_01_oneWayDomesticEcoSADAD
2018-03-05 16:58:02-main--INFO -com.ctaf.accelerators.TestEngine:Able to click on One-way
2018-03-05 16:58:44-main--INFO -com.ctaf.accelerators.TestEngine:Unable to click on By.xpath: /XCUIElementTypeStaticText[@name='Origin']
2018-03-05 16:58:45-main--INFO -com.ctaf.accelerators.TestEngine: Able to get TscreenShot
2018-03-05 17:09:27-main--INFO -com.ctaf.accelerators.TestEngine:Starting browser : iphone
2018-03-05 17:09:43-main--INFO -com.ctaf.accelerators.TestEngine:Current Test : TC_01_oneWayDomesticEcoSADAD
2018-03-05 17:09:49-main--INFO -com.ctaf.accelerators.TestEngine:Able to click on One-way
2018-03-05 17:12:41-main--INFO -com.ctaf.accelerators.TestEngine:Starting browser : iphone
2018-03-05 17:12:54-main--INFO -com.ctaf.accelerators.TestEngine:Current Test : TC_01_oneWayDomesticEcoSADAD
2018-03-05 17:13:01-main--INFO -com.ctaf.accelerators.TestEngine:Able to click on One-way
2018-03-05 17:13:43-main--INFO -com.ctaf.accelerators.TestEngine:Able to click on By.xpath: //XCUIElementTypeStaticText[@name='Origin']/../XCUIElementTypeButton
2018-03-05 17:13:56-main--INFO -com.ctaf.accelerators.TestEngine:Able to click on Search
2018-03-05 17:14:04-main--INFO -com.ctaf.accelerators.TestEngine:Typing is performed on Origin
2018-03-05 17:14:10-main--INFO -com.ctaf.accelerators.TestEngine:Able to click on RUH
2018-03-05 17:14:25-main--INFO -com.ctaf.accelerators.TestEngine:Typing is performed on Destination
2018-03-05 17:14:27-main--INFO -com.ctaf.accelerators.TestEngine:Able to click on JED
2018-03-05 17:15:36-main--INFO -com.ctaf.accelerators.TestEngine:Able to click on Find Flights
2018-03-05 17:16:42-main--INFO -com.ctaf.accelerators.TestEngine:Able to click on By.xpath: //*[@label='Continue to Select Extras']
2018-03-05 17:20:13-main--INFO -com.ctaf.accelerators.TestEngine:Starting browser : iphone
2018-03-05 17:20:28-main--INFO -com.ctaf.accelerators.TestEngine:Current Test : TC0_2g_oneWayDomesticEcoSADAD
2018-03-05 17:20:31-main--INFO -com.ctaf.accelerators.TestEngine:Able to click on Login
2018-03-05 17:20:37-main--INFO -com.ctaf.accelerators.TestEngine:Typing is performed on EmailAddress
2018-03-05 17:20:44-main--INFO -com.ctaf.accelerators.TestEngine:Typing is performed on Password
2018-03-05 17:20:45-main--INFO -com.ctaf.accelerators.TestEngine:Able to click on Login
2018-03-05 17:20:57-main--INFO -com.ctaf.accelerators.TestEngine:Able to click on One-way
2018-03-05 17:21:05-main--INFO -com.ctaf.accelerators.TestEngine:Able to click on By.xpath: //XCUIElementTypeStaticText[@name='Origin']/../XCUIElementTypeButton
2018-03-05 17:21:08-main--INFO -com.ctaf.accelerators.TestEngine:Able to click on Search
2018-03-05 17:21:14-main--INFO -com.ctaf.accelerators.TestEngine:Typing is performed on Origin
2018-03-05 17:21:15-main--INFO -com.ctaf.accelerators.TestEngine:Able to click on RUH
2018-03-05 17:21:21-main--INFO -com.ctaf.accelerators.TestEngine:Typing is performed on Destination
2018-03-05 17:21:22-main--INFO -com.ctaf.accelerators.TestEngine:Able to click on JED
2018-03-05 17:21:23-main--INFO -com.ctaf.accelerators.TestEngine:Able to click on Find Flights
2018-03-05 17:22:22-main--INFO -com.ctaf.accelerators.TestEngine:Able to click on Continue to Select Extras
2018-03-05 17:23:00-main--INFO -com.ctaf.accelerators.TestEngine:Able to click on Continue to Select Seat
2018-03-05 17:23:22-main--INFO -com.ctaf.accelerators.TestEngine:Unable to click on By.xpath: //*[@label='Continue']
2018-03-05 17:23:22-main--INFO -com.ctaf.accelerators.TestEngine: Able to get TscreenShot
2018-03-05 17:35:08-main--INFO -com.ctaf.accelerators.TestEngine:Starting browser : iphone
2018-03-05 17:35:22-main--INFO -com.ctaf.accelerators.TestEngine:Current Test : TC0_2g_oneWayDomesticEcoSADAD
2018-03-05 17:35:47-main--INFO -com.ctaf.accelerators.TestEngine:Able to click on btn menu
2018-03-05 17:36:18-main--INFO -com.ctaf.accelerators.TestEngine:Able to click on Logout
2018-03-05 17:36:32-main--INFO -com.ctaf.accelerators.TestEngine:Able to click on Login
2018-03-05 17:36:43-main--INFO -com.ctaf.accelerators.TestEngine:Typing is performed on EmailAddress
2018-03-05 17:36:50-main--INFO -com.ctaf.accelerators.TestEngine:Typing is performed on Password
2018-03-05 17:36:51-main--INFO -com.ctaf.accelerators.TestEngine:Able to click on Login
2018-03-05 17:37:00-main--INFO -com.ctaf.accelerators.TestEngine:Able to click on One-way
2018-03-05 17:37:23-main--INFO -com.ctaf.accelerators.TestEngine:Able to click on By.xpath: //XCUIElementTypeStaticText[@name='Origin']/../XCUIElementTypeButton
2018-03-05 17:37:39-main--INFO -com.ctaf.accelerators.TestEngine:Able to click on Search
2018-03-05 17:37:47-main--INFO -com.ctaf.accelerators.TestEngine:Typing is performed on Origin
2018-03-05 17:37:49-main--INFO -com.ctaf.accelerators.TestEngine:Able to click on RUH
2018-03-05 17:37:55-main--INFO -com.ctaf.accelerators.TestEngine:Typing is performed on Destination
2018-03-05 17:37:59-main--INFO -com.ctaf.accelerators.TestEngine:Able to click on JED
2018-03-05 17:38:19-main--INFO -com.ctaf.accelerators.TestEngine:Able to click on Find Flights
2018-03-05 17:40:21-main--INFO -com.ctaf.accelerators.TestEngine:Able to click on Continue to Select Extras
2018-03-05 17:41:04-main--INFO -com.ctaf.accelerators.TestEngine:Able to click on Continue to Select Seat
2018-03-05 17:41:47-main--INFO -com.ctaf.accelerators.TestEngine:Unable to click on By.xpath: //*[@label='Continue']
2018-03-05 17:41:53-main--INFO -com.ctaf.accelerators.TestEngine: Able to get TscreenShot
2018-03-05 18:10:17-main--INFO -com.ctaf.accelerators.TestEngine:Starting browser : iphone
2018-03-05 18:10:33-main--INFO -com.ctaf.accelerators.TestEngine:Current Test : TC0_2g_oneWayDomesticEcoSADAD
2018-03-05 18:10:43-main--INFO -com.ctaf.accelerators.TestEngine:Able to click on Login
2018-03-05 18:11:31-main--INFO -com.ctaf.accelerators.TestEngine:Starting browser : iphone
2018-03-05 18:11:45-main--INFO -com.ctaf.accelerators.TestEngine:Current Test : TC0_2g_oneWayDomesticEcoSADAD
2018-03-05 18:11:48-main--INFO -com.ctaf.accelerators.TestEngine:Able to click on Login
2018-03-05 18:11:53-main--INFO -com.ctaf.accelerators.TestEngine:Typing is performed on EmailAddress
2018-03-05 18:12:01-main--INFO -com.ctaf.accelerators.TestEngine:Typing is performed on Password
2018-03-05 18:12:02-main--INFO -com.ctaf.accelerators.TestEngine:Able to click on Login
2018-03-05 18:12:23-main--INFO -com.ctaf.accelerators.TestEngine: Able to get TscreenShot
2018-03-05 18:15:25-main--INFO -com.ctaf.accelerators.TestEngine:Starting browser : iphone
2018-03-05 18:15:41-main--INFO -com.ctaf.accelerators.TestEngine:Current Test : TC0_2g_oneWayDomesticEcoSADAD
2018-03-05 18:16:04-main--INFO -com.ctaf.accelerators.TestEngine:Able to click on btn menu
2018-03-05 18:16:37-main--INFO -com.ctaf.accelerators.TestEngine:Able to click on Logout
2018-03-05 18:17:00-main--INFO -com.ctaf.accelerators.TestEngine:Able to click on Login
2018-03-05 18:17:15-main--INFO -com.ctaf.accelerators.TestEngine:Typing is not performed on EmailAddress
2018-03-05 18:17:16-main--INFO -com.ctaf.accelerators.TestEngine: Able to get TscreenShot
2018-03-05 18:18:14-main--INFO -com.ctaf.accelerators.TestEngine:Starting browser : iphone
2018-03-05 18:18:28-main--INFO -com.ctaf.accelerators.TestEngine:Current Test : TC0_2g_oneWayDomesticEcoSADAD
2018-03-05 18:18:31-main--INFO -com.ctaf.accelerators.TestEngine:Able to click on Login
2018-03-05 18:18:38-main--INFO -com.ctaf.accelerators.TestEngine:Typing is performed on EmailAddress
2018-03-05 18:18:45-main--INFO -com.ctaf.accelerators.TestEngine:Typing is performed on Password
2018-03-05 18:18:46-main--INFO -com.ctaf.accelerators.TestEngine:Able to click on Login
2018-03-05 18:18:59-main--INFO -com.ctaf.accelerators.TestEngine:Able to click on One-way
2018-03-05 18:19:07-main--INFO -com.ctaf.accelerators.TestEngine:Able to click on By.xpath: //XCUIElementTypeStaticText[@name='Origin']/../XCUIElementTypeButton
2018-03-05 18:19:11-main--INFO -com.ctaf.accelerators.TestEngine:Able to click on Search
2018-03-05 18:19:16-main--INFO -com.ctaf.accelerators.TestEngine:Typing is performed on Origin
2018-03-05 18:19:18-main--INFO -com.ctaf.accelerators.TestEngine:Able to click on RUH
2018-03-05 18:19:23-main--INFO -com.ctaf.accelerators.TestEngine:Typing is performed on Destination
2018-03-05 18:19:24-main--INFO -com.ctaf.accelerators.TestEngine:Able to click on JED
2018-03-05 18:19:26-main--INFO -com.ctaf.accelerators.TestEngine:Able to click on Find Flights
2018-03-05 18:19:44-main--INFO -com.ctaf.accelerators.TestEngine:Unable to click on By.xpath: //*[@label='icn arrow right red']
2018-03-05 18:19:45-main--INFO -com.ctaf.accelerators.TestEngine: Able to get TscreenShot
2018-03-05 18:23:37-main--INFO -com.ctaf.accelerators.TestEngine:Starting browser : iphone
2018-03-05 18:23:51-main--INFO -com.ctaf.accelerators.TestEngine:Current Test : TC0_2g_oneWayDomesticEcoSADAD
2018-03-05 18:23:53-main--INFO -com.ctaf.accelerators.TestEngine:Able to click on Login
2018-03-05 18:23:59-main--INFO -com.ctaf.accelerators.TestEngine:Typing is performed on EmailAddress
2018-03-05 18:24:07-main--INFO -com.ctaf.accelerators.TestEngine:Typing is performed on Password
2018-03-05 18:24:08-main--INFO -com.ctaf.accelerators.TestEngine:Able to click on Login
2018-03-05 18:24:26-main--INFO -com.ctaf.accelerators.TestEngine:Able to click on One-way
2018-03-05 18:24:33-main--INFO -com.ctaf.accelerators.TestEngine:Able to click on By.xpath: //XCUIElementTypeStaticText[@name='Origin']/../XCUIElementTypeButton
2018-03-05 18:24:37-main--INFO -com.ctaf.accelerators.TestEngine:Able to click on Search
2018-03-05 18:24:43-main--INFO -com.ctaf.accelerators.TestEngine:Typing is performed on Origin
2018-03-05 18:24:44-main--INFO -com.ctaf.accelerators.TestEngine:Able to click on RUH
2018-03-05 18:24:49-main--INFO -com.ctaf.accelerators.TestEngine:Typing is performed on Destination
2018-03-05 18:24:51-main--INFO -com.ctaf.accelerators.TestEngine:Able to click on JED
2018-03-05 18:24:52-main--INFO -com.ctaf.accelerators.TestEngine:Able to click on Find Flights
2018-03-05 18:26:58-main--INFO -com.ctaf.accelerators.TestEngine:Able to click on Continue to Select Extras
2018-03-05 18:28:45-main--INFO -com.ctaf.accelerators.TestEngine:Able to click on Continue to Select Seat
2018-03-05 18:40:20-main--INFO -com.ctaf.accelerators.TestEngine:Able to click on Continue to Payment
2018-03-05 18:47:39-main--INFO -com.ctaf.accelerators.TestEngine:Starting browser : iphone
2018-03-05 18:47:54-main--INFO -com.ctaf.accelerators.TestEngine:Current Test : TC0_2g_oneWayDomesticEcoSADAD
2018-03-05 18:47:56-main--INFO -com.ctaf.accelerators.TestEngine:Able to click on Login
2018-03-05 18:48:02-main--INFO -com.ctaf.accelerators.TestEngine:Typing is performed on EmailAddress
2018-03-05 18:48:09-main--INFO -com.ctaf.accelerators.TestEngine:Typing is performed on Password
2018-03-05 18:48:10-main--INFO -com.ctaf.accelerators.TestEngine:Able to click on Login
2018-03-05 18:48:23-main--INFO -com.ctaf.accelerators.TestEngine:Able to click on One-way
2018-03-05 18:48:31-main--INFO -com.ctaf.accelerators.TestEngine:Able to click on By.xpath: //XCUIElementTypeStaticText[@name='Origin']/../XCUIElementTypeButton
2018-03-05 18:48:35-main--INFO -com.ctaf.accelerators.TestEngine:Able to click on Search
2018-03-05 18:48:40-main--INFO -com.ctaf.accelerators.TestEngine:Typing is performed on Origin
2018-03-05 18:48:41-main--INFO -com.ctaf.accelerators.TestEngine:Able to click on RUH
2018-03-05 18:48:47-main--INFO -com.ctaf.accelerators.TestEngine:Typing is performed on Destination
2018-03-05 18:48:48-main--INFO -com.ctaf.accelerators.TestEngine:Able to click on JED
2018-03-05 18:48:49-main--INFO -com.ctaf.accelerators.TestEngine:Able to click on Find Flights
2018-03-05 18:49:08-main--INFO -com.ctaf.accelerators.TestEngine:Unable to click on By.xpath: //*[@label='icn arrow right red']
2018-03-05 18:49:08-main--INFO -com.ctaf.accelerators.TestEngine: Able to get TscreenShot
2018-03-05 18:52:23-main--INFO -com.ctaf.accelerators.TestEngine:Starting browser : iphone
2018-03-05 18:52:37-main--INFO -com.ctaf.accelerators.TestEngine:Current Test : TC0_2g_oneWayDomesticEcoSADAD
2018-03-05 18:52:40-main--INFO -com.ctaf.accelerators.TestEngine:Able to click on Login
2018-03-05 18:52:46-main--INFO -com.ctaf.accelerators.TestEngine:Typing is performed on EmailAddress
2018-03-05 18:52:53-main--INFO -com.ctaf.accelerators.TestEngine:Typing is performed on Password
2018-03-05 18:52:54-main--INFO -com.ctaf.accelerators.TestEngine:Able to click on Login
2018-03-05 18:53:17-main--INFO -com.ctaf.accelerators.TestEngine:Able to click on One-way
2018-03-05 18:53:24-main--INFO -com.ctaf.accelerators.TestEngine:Able to click on By.xpath: //XCUIElementTypeStaticText[@name='Origin']/../XCUIElementTypeButton
2018-03-05 18:53:28-main--INFO -com.ctaf.accelerators.TestEngine:Able to click on Search
2018-03-05 18:53:33-main--INFO -com.ctaf.accelerators.TestEngine:Typing is performed on Origin
2018-03-05 18:53:35-main--INFO -com.ctaf.accelerators.TestEngine:Able to click on RUH
2018-03-05 18:53:40-main--INFO -com.ctaf.accelerators.TestEngine:Typing is performed on Destination
2018-03-05 18:53:41-main--INFO -com.ctaf.accelerators.TestEngine:Able to click on JED
2018-03-05 18:53:43-main--INFO -com.ctaf.accelerators.TestEngine:Able to click on Find Flights
2018-03-05 18:54:05-main--INFO -com.ctaf.accelerators.TestEngine:Unable to click on By.xpath: //*[@label='icn arrow right red']
2018-03-05 18:54:06-main--INFO -com.ctaf.accelerators.TestEngine: Able to get TscreenShot
2018-03-05 18:54:50-main--INFO -com.ctaf.accelerators.TestEngine:Starting browser : iphone
2018-03-05 18:55:04-main--INFO -com.ctaf.accelerators.TestEngine:Current Test : TC0_2g_oneWayDomesticEcoSADAD
2018-03-05 18:55:07-main--INFO -com.ctaf.accelerators.TestEngine:Able to click on Login
