2017-01-17 10:28:20-main--INFO -com.ctaf.accelerators.TestEngine:Starting browser : Chrome
2017-01-17 10:28:30-main--INFO -com.ctaf.accelerators.TestEngine:Current Test : TC_07_RTDom4adultBusinessCC
2017-01-17 10:28:58-main--INFO -com.ctaf.accelerators.TestEngine: Able to get TscreenShot
2017-01-17 10:30:08-main--INFO -com.ctaf.accelerators.TestEngine:Starting browser : Chrome
2017-01-17 10:30:15-main--INFO -com.ctaf.accelerators.TestEngine:Current Test : TC_07_RTDom4adultBusinessCC
2017-01-17 10:30:43-main--INFO -com.ctaf.accelerators.TestEngine: Able to get TscreenShot
2017-01-17 10:32:56-main--INFO -com.ctaf.accelerators.TestEngine:Starting browser : Chrome
2017-01-17 10:33:03-main--INFO -com.ctaf.accelerators.TestEngine:Current Test : TC_07_RTDom4adultBusinessCC
2017-01-17 10:33:11-main--INFO -com.ctaf.accelerators.TestEngine: Able to get TscreenShot
2017-01-17 10:34:00-main--INFO -com.ctaf.accelerators.TestEngine:Starting browser : Chrome
2017-01-17 10:34:07-main--INFO -com.ctaf.accelerators.TestEngine:Current Test : TC_07_RTDom4adultBusinessCC
2017-01-17 10:35:26-main--INFO -com.ctaf.accelerators.TestEngine: Able to get TscreenShot
2017-01-17 10:44:03-main--INFO -com.ctaf.accelerators.TestEngine:Starting browser : Chrome
2017-01-17 10:44:10-main--INFO -com.ctaf.accelerators.TestEngine:Current Test : TC_07_RTDom4adultBusinessCC
2017-01-17 10:45:28-main--INFO -com.ctaf.accelerators.TestEngine: Able to get TscreenShot
2017-01-17 10:45:53-main--INFO -com.ctaf.accelerators.TestEngine:Starting browser : Chrome
2017-01-17 10:46:01-main--INFO -com.ctaf.accelerators.TestEngine:Current Test : TC_07_RTDom4adultBusinessCC
2017-01-17 10:49:01-main--INFO -com.ctaf.accelerators.TestEngine:Starting browser : Chrome
2017-01-17 10:49:08-main--INFO -com.ctaf.accelerators.TestEngine:Current Test : TC_07_RTDom4adultBusinessCC
2017-01-17 10:50:33-main--INFO -com.ctaf.accelerators.TestEngine:Starting browser : Chrome
2017-01-17 10:50:39-main--INFO -com.ctaf.accelerators.TestEngine:Current Test : TC_07_RTDom4adultBusinessCC
2017-01-17 10:51:09-main--INFO -com.ctaf.accelerators.TestEngine: Able to get TscreenShot
2017-01-17 10:54:12-main--INFO -com.ctaf.accelerators.TestEngine:Starting browser : Chrome
2017-01-17 10:54:19-main--INFO -com.ctaf.accelerators.TestEngine:Current Test : TC_07_RTDom4adultBusinessCC
2017-01-17 11:01:18-main--INFO -com.ctaf.accelerators.TestEngine: Able to get TscreenShot
2017-01-17 11:05:24-main--INFO -com.ctaf.accelerators.TestEngine:Starting browser : Chrome
2017-01-17 11:05:32-main--INFO -com.ctaf.accelerators.TestEngine:Current Test : TC_07_RTDom4adultBusinessCC
2017-01-17 11:05:40-main--INFO -com.ctaf.accelerators.TestEngine: Able to get TscreenShot
2017-01-17 11:06:22-main--INFO -com.ctaf.accelerators.TestEngine:Starting browser : Chrome
2017-01-17 11:06:29-main--INFO -com.ctaf.accelerators.TestEngine:Current Test : TC_07_RTDom4adultBusinessCC
2017-01-17 11:06:37-main--INFO -com.ctaf.accelerators.TestEngine: Able to get TscreenShot
2017-01-17 11:07:56-main--INFO -com.ctaf.accelerators.TestEngine:Starting browser : Chrome
2017-01-17 11:08:03-main--INFO -com.ctaf.accelerators.TestEngine:Current Test : TC_07_RTDom4adultBusinessCC
2017-01-17 11:09:52-main--INFO -com.ctaf.accelerators.TestEngine:Starting browser : Chrome
2017-01-17 11:10:00-main--INFO -com.ctaf.accelerators.TestEngine:Current Test : TC_01_oneWayDomesticEcoSADAD
2017-01-17 11:12:23-main--INFO -com.ctaf.accelerators.TestEngine:Current Test : TC_02_oneWayDomesticBusiness
2017-01-17 11:15:46-main--INFO -com.ctaf.accelerators.TestEngine:Current Test : TC_03_oneWayDomesticChangeDate
2017-01-17 11:21:52-main--INFO -com.ctaf.accelerators.TestEngine: Able to get TscreenShot
2017-01-17 11:21:59-main--INFO -com.ctaf.accelerators.TestEngine:Current Test : TC_04_oneWayDomOneAdultCheckin
2017-01-17 11:40:02-main--INFO -com.ctaf.accelerators.TestEngine:Current Test : TC_05_onewaydom8Business
2017-01-17 11:40:10-main--INFO -com.ctaf.accelerators.TestEngine: Able to get TscreenShot
2017-01-17 11:40:17-main--INFO -com.ctaf.accelerators.TestEngine:Current Test : TC_06_oneWay2InternationalEco
2017-01-17 11:43:58-main--INFO -com.ctaf.accelerators.TestEngine:Current Test : TC_07_RTDom4adultBusinessCC
2017-01-17 11:47:15-main--INFO -com.ctaf.accelerators.TestEngine:Current Test : TC_08_RTInt1adult1Child1infantBus
2017-01-17 11:50:30-main--INFO -com.ctaf.accelerators.TestEngine:Current Test : Tc_09_RTInt1adult1Child1infantBus
2017-01-17 12:19:45-main--INFO -com.ctaf.accelerators.TestEngine:Current Test : TC10_OneAdultOnechildFlexCordshare
2017-01-17 12:22:44-main--INFO -com.ctaf.accelerators.TestEngine:Current Test : TC_11oneAdultoneChildoneInfantPartCodeShare
2017-01-17 12:22:56-main--INFO -com.ctaf.accelerators.TestEngine: Able to get TscreenShot
2017-01-17 12:23:06-main--INFO -com.ctaf.accelerators.TestEngine:Current Test : PayWithCreditShell
2017-01-17 12:30:22-main--INFO -com.ctaf.accelerators.TestEngine:Current Test : TC_13_onewayDomesticwithUSdollars
2017-01-17 12:33:43-main--INFO -com.ctaf.accelerators.TestEngine:Current Test : TC_14_oneWayDomesticwithEuro
2017-01-17 12:37:00-main--INFO -com.ctaf.accelerators.TestEngine:Current Test : TC_15_EmpLoginOnewayOneAdultStaffStandByChangFlightCancel
2017-01-17 12:37:41-main--INFO -com.ctaf.accelerators.TestEngine: Able to get TscreenShot
2017-01-17 12:37:48-main--INFO -com.ctaf.accelerators.TestEngine:Current Test : TC_16_EmpLoginStaffConfmedChangeDateCheckIn
2017-01-17 12:44:29-main--INFO -com.ctaf.accelerators.TestEngine:Current Test : TC_17_memberLoginRTChangeflightCheckIN
2017-01-17 12:45:10-main--INFO -com.ctaf.accelerators.TestEngine: Able to get TscreenShot
2017-01-17 12:45:19-main--INFO -com.ctaf.accelerators.TestEngine:Current Test : TC_18_corporateLoginRToneAdultCancelPNR
2017-01-17 12:48:32-main--INFO -com.ctaf.accelerators.TestEngine:Current Test : TC_19_agencyLoginRToneAdultoneChild
2017-01-17 12:51:39-main--INFO -com.ctaf.accelerators.TestEngine: Able to get TscreenShot
2017-01-17 12:51:39-main--INFO -com.ctaf.accelerators.TestEngine: Able to get TscreenShot
2017-01-17 12:51:47-main--INFO -com.ctaf.accelerators.TestEngine:Current Test : TC_20_memberRegistration
2017-01-17 12:55:43-main--INFO -com.ctaf.accelerators.TestEngine:Starting browser : Chrome
2017-01-17 12:55:50-main--INFO -com.ctaf.accelerators.TestEngine:Current Test : TC_15_EmpLoginOnewayOneAdultStaffStandByChangFlightCancel
2017-01-17 13:02:36-main--INFO -com.ctaf.accelerators.TestEngine:Starting browser : Chrome
2017-01-17 13:02:43-main--INFO -com.ctaf.accelerators.TestEngine:Current Test : TC_16_EmpLoginStaffConfmedChangeDateCheckIn
2017-01-17 13:04:06-main--INFO -com.ctaf.accelerators.TestEngine:Starting browser : Chrome
2017-01-17 13:04:17-main--INFO -com.ctaf.accelerators.TestEngine:Current Test : TC_16_EmpLoginStaffConfmedChangeDateCheckIn
2017-01-17 13:07:37-main--INFO -com.ctaf.accelerators.TestEngine: Able to get TscreenShot
2017-01-17 13:07:37-main--INFO -com.ctaf.accelerators.TestEngine: Able to get TscreenShot
2017-01-17 13:14:00-main--INFO -com.ctaf.accelerators.TestEngine:Starting browser : Chrome
2017-01-17 13:14:07-main--INFO -com.ctaf.accelerators.TestEngine:Current Test : TC_05_onewaydom8Business
2017-01-17 13:14:15-main--INFO -com.ctaf.accelerators.TestEngine: Able to get TscreenShot
2017-01-17 14:30:12-main--INFO -com.ctaf.accelerators.TestEngine:Starting browser : Chrome
2017-01-17 14:30:22-main--INFO -com.ctaf.accelerators.TestEngine:Current Test : TC_05_onewaydom8Business
2017-01-17 14:32:03-main--INFO -com.ctaf.accelerators.TestEngine:Starting browser : Chrome
2017-01-17 14:32:10-main--INFO -com.ctaf.accelerators.TestEngine:Current Test : TC_11oneAdultoneChildoneInfantPartCodeShare
2017-01-17 14:32:21-main--INFO -com.ctaf.accelerators.TestEngine: Able to get TscreenShot
2017-01-17 14:32:44-main--INFO -com.ctaf.accelerators.TestEngine:Starting browser : Chrome
2017-01-17 14:32:51-main--INFO -com.ctaf.accelerators.TestEngine:Current Test : TC_11oneAdultoneChildoneInfantPartCodeShare
2017-01-17 14:34:21-main--INFO -com.ctaf.accelerators.TestEngine:Starting browser : Chrome
2017-01-17 14:34:29-main--INFO -com.ctaf.accelerators.TestEngine:Current Test : Tc_09_RTInt1adult1Child1infantBus
2017-01-17 15:23:42-main--INFO -com.ctaf.accelerators.TestEngine:Starting browser : Chrome
2017-01-17 15:23:49-main--INFO -com.ctaf.accelerators.TestEngine:Current Test : TC_19_agencyLoginRToneAdultoneChild
2017-01-17 15:30:58-main--INFO -com.ctaf.accelerators.TestEngine:Starting browser : Chrome
2017-01-17 15:31:06-main--INFO -com.ctaf.accelerators.TestEngine:Current Test : TC_19_agencyLoginRToneAdultoneChild
2017-01-17 15:32:08-main--INFO -com.ctaf.accelerators.TestEngine:Starting browser : Chrome
2017-01-17 15:32:15-main--INFO -com.ctaf.accelerators.TestEngine:Current Test : TC_19_agencyLoginRToneAdultoneChild
2017-01-17 15:35:30-main--INFO -com.ctaf.accelerators.TestEngine:Starting browser : Chrome
2017-01-17 15:35:36-main--INFO -com.ctaf.accelerators.TestEngine:Current Test : TC_19_agencyLoginRToneAdultoneChild
2017-01-17 15:43:16-main--INFO -com.ctaf.accelerators.TestEngine:Starting browser : Chrome
2017-01-17 15:43:22-main--INFO -com.ctaf.accelerators.TestEngine:Current Test : TC_19_agencyLoginRToneAdultoneChild
2017-01-17 16:16:03-main--INFO -com.ctaf.accelerators.TestEngine:Starting browser : Chrome
2017-01-17 16:16:13-main--INFO -com.ctaf.accelerators.TestEngine:Current Test : TC_19_agencyLoginRToneAdultoneChild
2017-01-17 16:23:09-main--INFO -com.ctaf.accelerators.TestEngine:Starting browser : Chrome
2017-01-17 16:23:18-main--INFO -com.ctaf.accelerators.TestEngine:Current Test : TC_19_agencyLoginRToneAdultoneChild
2017-01-17 16:30:17-main--INFO -com.ctaf.accelerators.TestEngine:Starting browser : Chrome
2017-01-17 16:30:24-main--INFO -com.ctaf.accelerators.TestEngine:Current Test : TC_19_agencyLoginRToneAdultoneChild
2017-01-17 16:36:57-main--INFO -com.ctaf.accelerators.TestEngine:Starting browser : Chrome
2017-01-17 16:37:05-main--INFO -com.ctaf.accelerators.TestEngine:Current Test : TC_19_agencyLoginRToneAdultoneChild
2017-01-17 16:45:14-main--INFO -com.ctaf.accelerators.TestEngine:Starting browser : Chrome
2017-01-17 16:45:21-main--INFO -com.ctaf.accelerators.TestEngine:Current Test : TC_19_agencyLoginRToneAdultoneChild
2017-01-17 17:02:16-main--INFO -com.ctaf.accelerators.TestEngine:Starting browser : Chrome
2017-01-17 17:02:23-main--INFO -com.ctaf.accelerators.TestEngine:Current Test : TC_19_agencyLoginRToneAdultoneChild
2017-01-17 17:04:46-main--INFO -com.ctaf.accelerators.TestEngine:Starting browser : Chrome
2017-01-17 17:04:53-main--INFO -com.ctaf.accelerators.TestEngine:Current Test : TC_19_agencyLoginRToneAdultoneChild
2017-01-17 17:10:05-main--INFO -com.ctaf.accelerators.TestEngine:Starting browser : Chrome
2017-01-17 17:10:13-main--INFO -com.ctaf.accelerators.TestEngine:Current Test : TC_19_agencyLoginRToneAdultoneChild
2017-01-17 17:18:11-main--INFO -com.ctaf.accelerators.TestEngine:Starting browser : Chrome
2017-01-17 17:18:18-main--INFO -com.ctaf.accelerators.TestEngine:Current Test : TC_19_agencyLoginRToneAdultoneChild
2017-01-17 17:26:43-main--INFO -com.ctaf.accelerators.TestEngine:Starting browser : Chrome
2017-01-17 17:26:50-main--INFO -com.ctaf.accelerators.TestEngine:Current Test : TC_19_agencyLoginRToneAdultoneChild
2017-01-17 17:32:40-main--INFO -com.ctaf.accelerators.TestEngine:Starting browser : Chrome
2017-01-17 17:32:47-main--INFO -com.ctaf.accelerators.TestEngine:Current Test : TC_19_agencyLoginRToneAdultoneChild
2017-01-17 17:39:49-main--INFO -com.ctaf.accelerators.TestEngine:Starting browser : Chrome
2017-01-17 17:39:57-main--INFO -com.ctaf.accelerators.TestEngine:Current Test : TC_19_agencyLoginRToneAdultoneChild
2017-01-17 17:45:42-main--INFO -com.ctaf.accelerators.TestEngine:Starting browser : Chrome
2017-01-17 17:45:49-main--INFO -com.ctaf.accelerators.TestEngine:Current Test : TC_19_agencyLoginRToneAdultoneChild
2017-01-17 17:52:06-main--INFO -com.ctaf.accelerators.TestEngine:Starting browser : Chrome
2017-01-17 17:52:13-main--INFO -com.ctaf.accelerators.TestEngine:Current Test : TC_19_agencyLoginRToneAdultoneChild
2017-01-17 18:22:18-main--INFO -com.ctaf.accelerators.TestEngine:Starting browser : Chrome
2017-01-17 18:22:24-main--INFO -com.ctaf.accelerators.TestEngine:Current Test : TC_19_agencyLoginRToneAdultoneChild
