2016-12-13 10:29:12-main--INFO -com.ctaf.accelerators.TestEngine:Starting browser : Android
2016-12-13 10:29:49-main--INFO -com.ctaf.accelerators.TestEngine:Current Test : TC_02_oneWayDomesticBusinessCC
2016-12-13 10:32:50-main--INFO -com.ctaf.accelerators.TestEngine:Starting browser : Android
2016-12-13 10:33:25-main--INFO -com.ctaf.accelerators.TestEngine:Current Test : TC_02_oneWayDomesticBusinessCC
2016-12-13 10:35:33-main--INFO -com.ctaf.accelerators.TestEngine:Starting browser : Android
2016-12-13 10:36:08-main--INFO -com.ctaf.accelerators.TestEngine:Current Test : TC_02_oneWayDomesticBusinessCC
2016-12-13 11:40:07-main--INFO -com.ctaf.accelerators.TestEngine:Starting browser : Android
2016-12-13 11:40:32-main--INFO -com.ctaf.accelerators.TestEngine:Current Test : TC_03_oneWayDomesticEcoChangeDate
2016-12-13 11:41:50-main--INFO -com.ctaf.accelerators.TestEngine:Starting browser : Android
2016-12-13 11:42:24-main--INFO -com.ctaf.accelerators.TestEngine:Current Test : TC_03_oneWayDomesticEcoChangeDate
2016-12-13 11:47:24-main--INFO -com.ctaf.accelerators.TestEngine:Starting browser : Android
2016-12-13 11:47:52-main--INFO -com.ctaf.accelerators.TestEngine:Current Test : TC_03_oneWayDomesticEcoChangeDate
2016-12-13 12:00:29-main--INFO -com.ctaf.accelerators.TestEngine:Starting browser : Android
2016-12-13 12:00:48-main--INFO -com.ctaf.accelerators.TestEngine:Current Test : TC_03_oneWayDomesticEcoChangeDate
2016-12-13 12:19:06-main--INFO -com.ctaf.accelerators.TestEngine:Starting browser : Android
2016-12-13 12:19:17-main--INFO -com.ctaf.accelerators.TestEngine:Starting browser : Android
2016-12-13 12:19:33-main--INFO -com.ctaf.accelerators.TestEngine:Current Test : TC_03_oneWayDomesticEcoChangeDate
2016-12-13 12:33:33-main--INFO -com.ctaf.accelerators.TestEngine:Starting browser : Android
2016-12-13 12:33:55-main--INFO -com.ctaf.accelerators.TestEngine:Current Test : TC_03_oneWayDomesticEcoChangeDate
2016-12-13 12:34:45-main--INFO -com.ctaf.accelerators.TestEngine:Starting browser : Android
2016-12-13 12:35:07-main--INFO -com.ctaf.accelerators.TestEngine:Current Test : TC_03_oneWayDomesticEcoChangeDate
2016-12-13 12:38:05-main--INFO -com.ctaf.accelerators.TestEngine:Starting browser : Android
2016-12-13 12:38:24-main--INFO -com.ctaf.accelerators.TestEngine:Current Test : TC_03_oneWayDomesticEcoChangeDate
2016-12-13 12:42:36-main--INFO -com.ctaf.accelerators.TestEngine:Starting browser : Android
2016-12-13 12:42:55-main--INFO -com.ctaf.accelerators.TestEngine:Current Test : TC_03_oneWayDomesticEcoChangeDate
2016-12-13 12:57:04-main--INFO -com.ctaf.accelerators.TestEngine:Starting browser : Android
2016-12-13 12:57:24-main--INFO -com.ctaf.accelerators.TestEngine:Current Test : TC_03_oneWayDomesticEcoChangeDate
2016-12-13 13:28:45-main--INFO -com.ctaf.accelerators.TestEngine:Starting browser : Android
2016-12-13 13:29:24-main--INFO -com.ctaf.accelerators.TestEngine:Starting browser : Android
2016-12-13 13:32:17-main--INFO -com.ctaf.accelerators.TestEngine:Starting browser : Android
2016-12-13 13:32:38-main--INFO -com.ctaf.accelerators.TestEngine:Current Test : TC_03_oneWayDomesticEcoChangeDate
2016-12-13 13:40:32-main--INFO -com.ctaf.accelerators.TestEngine:Starting browser : Android
2016-12-13 13:40:48-main--INFO -com.ctaf.accelerators.TestEngine:Current Test : TC_03_oneWayDomesticEcoChangeDate
2016-12-13 13:58:45-main--INFO -com.ctaf.accelerators.TestEngine: Able to get TscreenShot
2016-12-13 14:02:40-main--INFO -com.ctaf.accelerators.TestEngine:Starting browser : Android
2016-12-13 14:02:54-main--INFO -com.ctaf.accelerators.TestEngine:Starting browser : Android
2016-12-13 14:03:11-main--INFO -com.ctaf.accelerators.TestEngine:Current Test : TC_01_oneWayDomesticEcoSADAD
2016-12-13 14:08:40-main--INFO -com.ctaf.accelerators.TestEngine: Able to get TscreenShot
2016-12-13 14:37:29-main--INFO -com.ctaf.accelerators.TestEngine:Starting browser : Android
2016-12-13 14:37:47-main--INFO -com.ctaf.accelerators.TestEngine:Current Test : TC_03_oneWayDomesticEcoChangeDate
2016-12-13 14:38:24-main--INFO -com.ctaf.accelerators.TestEngine:Starting browser : Android
2016-12-13 14:38:43-main--INFO -com.ctaf.accelerators.TestEngine:Current Test : TC_03_oneWayDomesticEcoChangeDate
2016-12-13 14:51:45-main--INFO -com.ctaf.accelerators.TestEngine:Starting browser : Android
2016-12-13 14:52:41-main--INFO -com.ctaf.accelerators.TestEngine:Starting browser : Android
2016-12-13 14:53:01-main--INFO -com.ctaf.accelerators.TestEngine:Current Test : TC_03_oneWayDomesticEcoChangeDate
2016-12-13 15:03:32-main--INFO -com.ctaf.accelerators.TestEngine:Starting browser : Android
2016-12-13 15:03:51-main--INFO -com.ctaf.accelerators.TestEngine:Current Test : TC_03_oneWayDomesticEcoChangeDate
2016-12-13 15:15:13-main--INFO -com.ctaf.accelerators.TestEngine:Starting browser : Android
2016-12-13 15:15:32-main--INFO -com.ctaf.accelerators.TestEngine:Current Test : TC_03_oneWayDomesticEcoChangeDate
2016-12-13 15:25:46-main--INFO -com.ctaf.accelerators.TestEngine:Starting browser : Android
2016-12-13 15:26:03-main--INFO -com.ctaf.accelerators.TestEngine:Current Test : TC_03_oneWayDomesticEcoChangeDate
2016-12-13 15:30:48-main--INFO -com.ctaf.accelerators.TestEngine: Able to get TscreenShot
2016-12-13 15:31:05-main--INFO -com.ctaf.accelerators.TestEngine:Starting browser : Android
2016-12-13 15:31:21-main--INFO -com.ctaf.accelerators.TestEngine:Current Test : TC_03_oneWayDomesticEcoChangeDate
2016-12-13 15:41:37-main--INFO -com.ctaf.accelerators.TestEngine:Starting browser : Android
2016-12-13 15:41:55-main--INFO -com.ctaf.accelerators.TestEngine:Current Test : TC_02_oneWayDomesticBusinessCC
2016-12-13 15:49:09-main--INFO -com.ctaf.accelerators.TestEngine:Starting browser : Android
2016-12-13 15:49:27-main--INFO -com.ctaf.accelerators.TestEngine:Current Test : TC_02_oneWayDomesticBusinessCC
2016-12-13 15:54:36-main--INFO -com.ctaf.accelerators.TestEngine: Able to get TscreenShot
2016-12-13 15:57:42-main--INFO -com.ctaf.accelerators.TestEngine:Starting browser : Android
2016-12-13 15:58:05-main--INFO -com.ctaf.accelerators.TestEngine:Current Test : TC_02_oneWayDomesticBusinessCC
2016-12-13 16:16:00-main--INFO -com.ctaf.accelerators.TestEngine:Starting browser : Android
2016-12-13 16:17:00-main--INFO -com.ctaf.accelerators.TestEngine:Starting browser : Android
2016-12-13 16:30:08-main--INFO -com.ctaf.accelerators.TestEngine:Starting browser : Android
2016-12-13 16:30:21-main--INFO -com.ctaf.accelerators.TestEngine:Starting browser : Android
2016-12-13 16:30:37-main--INFO -com.ctaf.accelerators.TestEngine:Current Test : TC_01_oneWayDomesticEcoSADAD
2016-12-13 16:35:51-main--INFO -com.ctaf.accelerators.TestEngine: Able to get TscreenShot
2016-12-13 16:35:52-main--INFO -com.ctaf.accelerators.TestEngine: Able to get TscreenShot
2016-12-13 16:39:29-main--INFO -com.ctaf.accelerators.TestEngine:Starting browser : Android
2016-12-13 16:39:47-main--INFO -com.ctaf.accelerators.TestEngine:Current Test : TC_01_oneWayDomesticEcoSADAD
2016-12-13 16:40:19-main--INFO -com.ctaf.accelerators.TestEngine:Starting browser : Android
2016-12-13 16:40:37-main--INFO -com.ctaf.accelerators.TestEngine:Current Test : TC_01_oneWayDomesticEcoSADAD
2016-12-13 16:41:30-main--INFO -com.ctaf.accelerators.TestEngine:Starting browser : Android
2016-12-13 16:41:56-main--INFO -com.ctaf.accelerators.TestEngine:Starting browser : Android
2016-12-13 16:42:15-main--INFO -com.ctaf.accelerators.TestEngine:Current Test : TC_01_oneWayDomesticEcoSADAD
2016-12-13 16:47:22-main--INFO -com.ctaf.accelerators.TestEngine:Starting browser : Android
2016-12-13 16:47:41-main--INFO -com.ctaf.accelerators.TestEngine:Current Test : TC_01_oneWayDomesticEcoSADAD
2016-12-13 16:52:25-main--INFO -com.ctaf.accelerators.TestEngine: Able to get TscreenShot
2016-12-13 16:53:38-main--INFO -com.ctaf.accelerators.TestEngine:Starting browser : Android
2016-12-13 16:53:54-main--INFO -com.ctaf.accelerators.TestEngine:Current Test : TC_01_oneWayDomesticEcoSADAD
2016-12-13 17:04:02-main--INFO -com.ctaf.accelerators.TestEngine:Starting browser : Chrome
2016-12-13 17:04:14-main--INFO -com.ctaf.accelerators.TestEngine:Current Test : Tc_09_RTInt1adult1Child1infantBus
2016-12-13 17:05:59-main--INFO -com.ctaf.accelerators.TestEngine: Able to get TscreenShot
2016-12-13 17:06:54-main--INFO -com.ctaf.accelerators.TestEngine:Starting browser : Chrome
2016-12-13 17:07:06-main--INFO -com.ctaf.accelerators.TestEngine:Current Test : Tc_09_RTInt1adult1Child1infantBus
2016-12-13 17:11:33-main--INFO -com.ctaf.accelerators.TestEngine:Starting browser : Chrome
2016-12-13 17:11:42-main--INFO -com.ctaf.accelerators.TestEngine:Current Test : Tc_09_RTInt1adult1Child1infantBus
2016-12-13 17:12:10-main--INFO -com.ctaf.accelerators.TestEngine:Starting browser : Chrome
2016-12-13 17:12:20-main--INFO -com.ctaf.accelerators.TestEngine:Current Test : Tc_09_RTInt1adult1Child1infantBus
2016-12-13 17:12:56-main--INFO -com.ctaf.accelerators.TestEngine:Starting browser : Chrome
2016-12-13 17:13:07-main--INFO -com.ctaf.accelerators.TestEngine:Current Test : Tc_09_RTInt1adult1Child1infantBus
2016-12-13 17:14:36-main--INFO -com.ctaf.accelerators.TestEngine: Able to get TscreenShot
2016-12-13 17:16:54-main--INFO -com.ctaf.accelerators.TestEngine:Starting browser : ie
2016-12-13 17:18:04-main--INFO -com.ctaf.accelerators.TestEngine:Starting browser : ie
2016-12-13 17:18:17-main--INFO -com.ctaf.accelerators.TestEngine:Starting browser : ie
2016-12-13 17:21:34-main--INFO -com.ctaf.accelerators.TestEngine:Starting browser : ie
2016-12-13 17:22:11-main--INFO -com.ctaf.accelerators.TestEngine:Starting browser : ie
2016-12-13 17:22:54-main--INFO -com.ctaf.accelerators.TestEngine:Starting browser : ie
2016-12-13 17:26:33-main--INFO -com.ctaf.accelerators.TestEngine:Starting browser : ie
2016-12-13 17:31:05-main--INFO -com.ctaf.accelerators.TestEngine:Starting browser : ie
2016-12-13 17:32:44-main--INFO -com.ctaf.accelerators.TestEngine:Starting browser : ie
2016-12-13 17:33:01-main--INFO -com.ctaf.accelerators.TestEngine:Current Test : Tc_09_RTInt1adult1Child1infantBus
2016-12-13 17:34:51-main--INFO -com.ctaf.accelerators.TestEngine: Able to get TscreenShot
2016-12-13 17:35:14-main--INFO -com.ctaf.accelerators.TestEngine:Starting browser : ie
2016-12-13 17:35:23-main--INFO -com.ctaf.accelerators.TestEngine:Current Test : Tc_09_RTInt1adult1Child1infantBus
2016-12-13 17:37:53-main--INFO -com.ctaf.accelerators.TestEngine: Able to get TscreenShot
2016-12-13 17:38:26-main--INFO -com.ctaf.accelerators.TestEngine:Starting browser : Chrome
2016-12-13 17:38:36-main--INFO -com.ctaf.accelerators.TestEngine:Current Test : Tc_09_RTInt1adult1Child1infantBus
2016-12-13 17:48:03-main--INFO -com.ctaf.accelerators.TestEngine:Starting browser : ie
2016-12-13 17:48:14-main--INFO -com.ctaf.accelerators.TestEngine:Current Test : Tc_09_RTInt1adult1Child1infantBus
2016-12-13 17:48:51-main--INFO -com.ctaf.accelerators.TestEngine: Able to get TscreenShot
2016-12-13 17:49:11-main--INFO -com.ctaf.accelerators.TestEngine:Starting browser : ie
2016-12-13 17:49:21-main--INFO -com.ctaf.accelerators.TestEngine:Current Test : Tc_09_RTInt1adult1Child1infantBus
2016-12-13 17:50:53-main--INFO -com.ctaf.accelerators.TestEngine:Starting browser : Chrome
2016-12-13 17:51:04-main--INFO -com.ctaf.accelerators.TestEngine:Current Test : Tc_09_RTInt1adult1Child1infantBus
2016-12-13 18:20:46-main--INFO -com.ctaf.accelerators.TestEngine:Starting browser : Chrome
2016-12-13 18:20:55-main--INFO -com.ctaf.accelerators.TestEngine:Current Test : Tc_09_RTInt1adult1Child1infantBus
2016-12-13 18:22:44-main--INFO -com.ctaf.accelerators.TestEngine: Able to get TscreenShot
2016-12-13 18:35:21-main--INFO -com.ctaf.accelerators.TestEngine:Starting browser : Chrome
2016-12-13 18:36:13-main--INFO -com.ctaf.accelerators.TestEngine:Starting browser : Chrome
2016-12-13 18:36:34-main--INFO -com.ctaf.accelerators.TestEngine:Starting browser : Chrome
2016-12-13 18:39:05-main--INFO -com.ctaf.accelerators.TestEngine:Starting browser : Chrome
2016-12-13 18:40:20-main--INFO -com.ctaf.accelerators.TestEngine:Starting browser : Chrome
2016-12-13 18:41:02-main--INFO -com.ctaf.accelerators.TestEngine:Starting browser : Chrome
