2016-12-07 11:29:55-main--INFO -com.ctaf.accelerators.TestEngine:Starting browser : Android
2016-12-07 11:33:37-main--INFO -com.ctaf.accelerators.TestEngine:Starting browser : Android
2016-12-07 11:34:23-main--INFO -com.ctaf.accelerators.TestEngine:Starting browser : Android
2016-12-07 11:35:34-main--INFO -com.ctaf.accelerators.TestEngine:Current Test : TC_01_oneWayDomesticEcoSADAD
2016-12-07 15:08:24-main--INFO -com.ctaf.accelerators.TestEngine:Starting browser : Android
2016-12-07 15:08:48-main--INFO -com.ctaf.accelerators.TestEngine:Starting browser : Chrome
2016-12-07 15:08:59-main--INFO -com.ctaf.accelerators.TestEngine:Current Test : TC_04_oneWayDomOneAdultCheckin
2016-12-07 15:09:17-main--INFO -com.ctaf.accelerators.TestEngine: Able to get TscreenShot
2016-12-07 15:12:29-main--INFO -com.ctaf.accelerators.TestEngine:Starting browser : Chrome
2016-12-07 15:12:37-main--INFO -com.ctaf.accelerators.TestEngine:Current Test : TC_01_oneWayDomesticEcoSADAD
2016-12-07 15:12:39-main--INFO -com.ctaf.accelerators.TestEngine: Able to get TscreenShot
2016-12-07 15:13:16-main--INFO -com.ctaf.accelerators.TestEngine:Starting browser : Chrome
2016-12-07 15:13:22-main--INFO -com.ctaf.accelerators.TestEngine:Current Test : TC_01_oneWayDomesticEcoSADAD
2016-12-07 15:14:18-main--INFO -com.ctaf.accelerators.TestEngine:Starting browser : Chrome
2016-12-07 15:14:27-main--INFO -com.ctaf.accelerators.TestEngine:Current Test : TC_04_oneWayDomOneAdultCheckin
2016-12-07 15:15:18-main--INFO -com.ctaf.accelerators.TestEngine:Starting browser : Chrome
2016-12-07 15:15:30-main--INFO -com.ctaf.accelerators.TestEngine:Current Test : TC_04_oneWayDomOneAdultCheckin
2016-12-07 15:17:21-main--INFO -com.ctaf.accelerators.TestEngine: Able to get TscreenShot
2016-12-07 15:17:27-main--INFO -com.ctaf.accelerators.TestEngine:Starting browser : Chrome
2016-12-07 15:17:37-main--INFO -com.ctaf.accelerators.TestEngine:Current Test : TC_04_oneWayDomOneAdultCheckin
2016-12-07 15:45:18-main--INFO -com.ctaf.accelerators.TestEngine:Starting browser : Chrome
2016-12-07 15:45:30-main--INFO -com.ctaf.accelerators.TestEngine:Current Test : Tc_09_RTInt1adult1Child1infantBus
2016-12-07 15:47:17-main--INFO -com.ctaf.accelerators.TestEngine:Starting browser : Chrome
2016-12-07 15:47:27-main--INFO -com.ctaf.accelerators.TestEngine:Current Test : Tc_09_RTInt1adult1Child1infantBus
2016-12-07 15:54:58-main--INFO -com.ctaf.accelerators.TestEngine:Starting browser : Chrome
2016-12-07 15:55:06-main--INFO -com.ctaf.accelerators.TestEngine:Current Test : Tc_09_RTInt1adult1Child1infantBus
2016-12-07 16:00:12-main--INFO -com.ctaf.accelerators.TestEngine:Starting browser : Chrome
2016-12-07 16:00:21-main--INFO -com.ctaf.accelerators.TestEngine:Current Test : Tc_09_RTInt1adult1Child1infantBus
2016-12-07 16:06:37-main--INFO -com.ctaf.accelerators.TestEngine:Starting browser : Chrome
2016-12-07 16:06:45-main--INFO -com.ctaf.accelerators.TestEngine:Current Test : Tc_09_RTInt1adult1Child1infantBus
2016-12-07 16:07:50-main--INFO -com.ctaf.accelerators.TestEngine: Able to get TscreenShot
2016-12-07 16:08:57-main--INFO -com.ctaf.accelerators.TestEngine:Starting browser : Chrome
2016-12-07 16:09:09-main--INFO -com.ctaf.accelerators.TestEngine:Current Test : Tc_09_RTInt1adult1Child1infantBus
2016-12-07 16:16:00-main--INFO -com.ctaf.accelerators.TestEngine:Starting browser : Chrome
2016-12-07 16:16:09-main--INFO -com.ctaf.accelerators.TestEngine:Current Test : Tc_09_RTInt1adult1Child1infantBus
2016-12-07 16:17:15-main--INFO -com.ctaf.accelerators.TestEngine: Able to get TscreenShot
2016-12-07 16:19:14-main--INFO -com.ctaf.accelerators.TestEngine:Starting browser : Chrome
2016-12-07 16:19:22-main--INFO -com.ctaf.accelerators.TestEngine:Current Test : Tc_09_RTInt1adult1Child1infantBus
2016-12-07 16:20:39-main--INFO -com.ctaf.accelerators.TestEngine: Able to get TscreenShot
2016-12-07 16:23:28-main--INFO -com.ctaf.accelerators.TestEngine:Starting browser : Chrome
2016-12-07 16:23:36-main--INFO -com.ctaf.accelerators.TestEngine:Current Test : Tc_09_RTInt1adult1Child1infantBus
2016-12-07 16:26:57-main--INFO -com.ctaf.accelerators.TestEngine:Starting browser : Chrome
2016-12-07 16:27:10-main--INFO -com.ctaf.accelerators.TestEngine:Current Test : Tc_09_RTInt1adult1Child1infantBus
2016-12-07 16:28:17-main--INFO -com.ctaf.accelerators.TestEngine: Able to get TscreenShot
2016-12-07 16:28:55-main--INFO -com.ctaf.accelerators.TestEngine:Starting browser : Chrome
2016-12-07 16:29:03-main--INFO -com.ctaf.accelerators.TestEngine:Current Test : Tc_09_RTInt1adult1Child1infantBus
2016-12-07 16:30:10-main--INFO -com.ctaf.accelerators.TestEngine: Able to get TscreenShot
2016-12-07 16:37:08-main--INFO -com.ctaf.accelerators.TestEngine:Starting browser : Chrome
2016-12-07 16:37:17-main--INFO -com.ctaf.accelerators.TestEngine:Current Test : Tc_09_RTInt1adult1Child1infantBus
2016-12-07 16:38:22-main--INFO -com.ctaf.accelerators.TestEngine: Able to get TscreenShot
2016-12-07 16:39:28-main--INFO -com.ctaf.accelerators.TestEngine:Starting browser : Chrome
2016-12-07 16:39:36-main--INFO -com.ctaf.accelerators.TestEngine:Current Test : Tc_09_RTInt1adult1Child1infantBus
2016-12-07 16:41:34-main--INFO -com.ctaf.accelerators.TestEngine: Able to get TscreenShot
2016-12-07 16:44:02-main--INFO -com.ctaf.accelerators.TestEngine:Starting browser : Chrome
2016-12-07 16:44:11-main--INFO -com.ctaf.accelerators.TestEngine:Current Test : Tc_09_RTInt1adult1Child1infantBus
2016-12-07 16:45:16-main--INFO -com.ctaf.accelerators.TestEngine: Able to get TscreenShot
2016-12-07 16:46:33-main--INFO -com.ctaf.accelerators.TestEngine:Starting browser : Chrome
2016-12-07 16:46:40-main--INFO -com.ctaf.accelerators.TestEngine:Current Test : Tc_09_RTInt1adult1Child1infantBus
2016-12-07 16:47:45-main--INFO -com.ctaf.accelerators.TestEngine: Able to get TscreenShot
2016-12-07 17:31:17-main--INFO -com.ctaf.accelerators.TestEngine:Starting browser : ie
2016-12-07 17:32:26-main--INFO -com.ctaf.accelerators.TestEngine:Current Test : TC_01_oneWayDomesticEcoSADAD
2016-12-07 17:33:21-main--INFO -com.ctaf.accelerators.TestEngine:Starting browser : ie
2016-12-07 17:33:30-main--INFO -com.ctaf.accelerators.TestEngine:Current Test : TC_01_oneWayDomesticEcoSADAD
2016-12-07 17:34:04-main--INFO -com.ctaf.accelerators.TestEngine:Starting browser : ie
2016-12-07 17:34:15-main--INFO -com.ctaf.accelerators.TestEngine:Current Test : TC_01_oneWayDomesticEcoSADAD
2016-12-07 17:34:55-main--INFO -com.ctaf.accelerators.TestEngine: Able to get TscreenShot
2016-12-07 17:35:10-main--INFO -com.ctaf.accelerators.TestEngine:Starting browser : ie
2016-12-07 17:35:21-main--INFO -com.ctaf.accelerators.TestEngine:Current Test : TC_01_oneWayDomesticEcoSADAD
2016-12-07 17:36:15-main--INFO -com.ctaf.accelerators.TestEngine:Starting browser : firefox
2016-12-07 17:36:47-main--INFO -com.ctaf.accelerators.TestEngine:Starting browser : ie
2016-12-07 17:36:57-main--INFO -com.ctaf.accelerators.TestEngine:Current Test : TC_01_oneWayDomesticEcoSADAD
2016-12-07 17:37:37-main--INFO -com.ctaf.accelerators.TestEngine: Able to get TscreenShot
