2017-09-24 12:40:42-main--INFO -com.ctaf.accelerators.TestEngine:Starting browser : iphone
2017-09-24 14:07:41-main--INFO -com.ctaf.accelerators.TestEngine:Starting browser : iphone
2017-09-24 14:11:28-main--INFO -com.ctaf.accelerators.TestEngine:Starting browser : iphone
2017-09-24 14:15:46-main--INFO -com.ctaf.accelerators.TestEngine:Starting browser : iphone
2017-09-24 14:16:32-main--INFO -com.ctaf.accelerators.TestEngine:Current Test : TC_01_oneWayDomesticEcoSADAD
2017-09-24 14:16:42-main--INFO -com.ctaf.accelerators.TestEngine:Able to click on By.xpath: //*[@label='Book flights']
2017-09-24 14:17:20-main--INFO -com.ctaf.accelerators.TestEngine:Able to click on By.xpath: //*[@label='One-way']
2017-09-24 14:17:35-main--INFO -com.ctaf.accelerators.TestEngine:Able to click on By.xpath: //XCUIElementTypeOther[3]/XCUIElementTypeOther[1]/XCUIElementTypeButton
2017-09-24 14:17:41-main--INFO -com.ctaf.accelerators.TestEngine:Able to click on Search
2017-09-24 14:17:48-main--INFO -com.ctaf.accelerators.TestEngine:Typing is performed on Origin
2017-09-24 14:17:51-main--INFO -com.ctaf.accelerators.TestEngine:Able to click on RUH
2017-09-24 14:17:58-main--INFO -com.ctaf.accelerators.TestEngine:Typing is performed on Destination
2017-09-24 14:18:01-main--INFO -com.ctaf.accelerators.TestEngine:Able to click on JED
2017-09-24 14:18:06-main--INFO -com.ctaf.accelerators.TestEngine:Able to click on Find Flights
2017-09-24 14:19:42-main--INFO -com.ctaf.accelerators.TestEngine:Able to click on By.xpath: //XCUIElementTypeTable/XCUIElementTypeCell/XCUIElementTypeButton[12]
2017-09-24 14:20:03-main--INFO -com.ctaf.accelerators.TestEngine: Able to get TscreenShot
2017-09-24 14:20:23-main--INFO -com.ctaf.accelerators.TestEngine:Current Test : TC_02_oneWayDomesticBusinessCC
2017-09-24 14:20:34-main--INFO -com.ctaf.accelerators.TestEngine:Able to click on By.xpath: //*[@label='Book flights']
2017-09-24 14:20:57-main--INFO -com.ctaf.accelerators.TestEngine:Able to click on By.xpath: //*[@label='One-way']
2017-09-24 14:21:11-main--INFO -com.ctaf.accelerators.TestEngine:Able to click on By.xpath: //XCUIElementTypeOther[3]/XCUIElementTypeOther[1]/XCUIElementTypeButton
2017-09-24 14:21:17-main--INFO -com.ctaf.accelerators.TestEngine:Able to click on Search
2017-09-24 14:21:24-main--INFO -com.ctaf.accelerators.TestEngine:Typing is performed on Origin
2017-09-24 14:21:27-main--INFO -com.ctaf.accelerators.TestEngine:Able to click on RUH
2017-09-24 14:21:34-main--INFO -com.ctaf.accelerators.TestEngine:Typing is performed on Destination
2017-09-24 14:21:36-main--INFO -com.ctaf.accelerators.TestEngine:Able to click on JED
2017-09-24 14:21:41-main--INFO -com.ctaf.accelerators.TestEngine:Able to click on Find Flights
2017-09-24 14:23:21-main--INFO -com.ctaf.accelerators.TestEngine:Able to click on By.xpath: //XCUIElementTypeTable/XCUIElementTypeCell/XCUIElementTypeButton[21]
2017-09-24 14:53:52-Forwarding screenshot on session 00166185-5bc5-456e-bf61-e2e9e4d7758a to remote--INFO -org.apache.http.impl.execchain.RetryExec:I/O exception (org.apache.http.NoHttpResponseException) caught when processing request to {}->http://127.0.0.1:4723: The target server failed to respond
2017-09-24 14:53:52-Forwarding screenshot on session 00166185-5bc5-456e-bf61-e2e9e4d7758a to remote--INFO -org.apache.http.impl.execchain.RetryExec:Retrying request to {}->http://127.0.0.1:4723
2017-09-24 15:02:11-main--INFO -com.ctaf.accelerators.TestEngine: Able to get TscreenShot
2017-09-24 15:02:31-main--INFO -com.ctaf.accelerators.TestEngine:Current Test : TC_04_oneWayDomesticoneAdultCheckin
2017-09-24 15:02:42-main--INFO -com.ctaf.accelerators.TestEngine:Able to click on By.xpath: //*[@label='Book flights']
2017-09-24 15:03:05-main--INFO -com.ctaf.accelerators.TestEngine:Able to click on By.xpath: //*[@label='One-way']
2017-09-24 15:03:19-main--INFO -com.ctaf.accelerators.TestEngine:Able to click on By.xpath: //XCUIElementTypeOther[3]/XCUIElementTypeOther[1]/XCUIElementTypeButton
2017-09-24 15:03:25-main--INFO -com.ctaf.accelerators.TestEngine:Able to click on Search
2017-09-24 15:03:33-main--INFO -com.ctaf.accelerators.TestEngine:Typing is performed on Origin
2017-09-24 15:03:35-main--INFO -com.ctaf.accelerators.TestEngine:Able to click on RUH
2017-09-24 15:03:42-main--INFO -com.ctaf.accelerators.TestEngine:Typing is performed on Destination
2017-09-24 15:03:45-main--INFO -com.ctaf.accelerators.TestEngine:Able to click on JED
2017-09-24 15:03:50-main--INFO -com.ctaf.accelerators.TestEngine:Able to click on Find Flights
2017-09-24 15:05:15-main--INFO -com.ctaf.accelerators.TestEngine:Able to click on By.xpath: //XCUIElementTypeTable/XCUIElementTypeCell/XCUIElementTypeButton[12]
2017-09-24 15:05:34-main--INFO -com.ctaf.accelerators.TestEngine: Able to get TscreenShot
2017-09-24 15:05:55-main--INFO -com.ctaf.accelerators.TestEngine:Current Test : TC_06_oneWayInternatnlTwoAdultEco
2017-09-24 15:06:05-main--INFO -com.ctaf.accelerators.TestEngine:Able to click on By.xpath: //*[@label='Book flights']
2017-09-24 15:06:28-main--INFO -com.ctaf.accelerators.TestEngine:Able to click on By.xpath: //*[@label='One-way']
2017-09-24 15:06:42-main--INFO -com.ctaf.accelerators.TestEngine:Able to click on By.xpath: //XCUIElementTypeOther[3]/XCUIElementTypeOther[1]/XCUIElementTypeButton
2017-09-24 15:06:48-main--INFO -com.ctaf.accelerators.TestEngine:Able to click on Search
2017-09-24 15:06:55-main--INFO -com.ctaf.accelerators.TestEngine:Typing is performed on Origin
2017-09-24 15:06:58-main--INFO -com.ctaf.accelerators.TestEngine:Able to click on RUH
2017-09-24 15:07:05-main--INFO -com.ctaf.accelerators.TestEngine:Typing is performed on Destination
2017-09-24 15:07:07-main--INFO -com.ctaf.accelerators.TestEngine:Able to click on HMB
2017-09-24 15:07:32-main--INFO -com.ctaf.accelerators.TestEngine:Able to click on By.xpath: //*[@label='Adult']/following::XCUIElementTypeButton[2]
2017-09-24 15:07:37-main--INFO -com.ctaf.accelerators.TestEngine:Able to click on Find Flights
2017-09-24 15:08:53-main--INFO -com.ctaf.accelerators.TestEngine:Able to click on By.xpath: //XCUIElementTypeTable/XCUIElementTypeCell/XCUIElementTypeButton[12]
2017-09-24 15:09:20-main--INFO -com.ctaf.accelerators.TestEngine:Able to click on By.xpath: //*[@label='Title*']/following-sibling::XCUIElementTypeButton[1]
2017-09-24 15:09:38-main--INFO -com.ctaf.accelerators.TestEngine:Typing is performed on Tittle
2017-09-24 15:10:00-main--INFO -com.ctaf.accelerators.TestEngine:Typing is performed on firstName
2017-09-24 15:10:22-main--INFO -com.ctaf.accelerators.TestEngine:Typing is performed on LastName
2017-09-24 15:10:42-main--INFO -com.ctaf.accelerators.TestEngine:Able to click on By.xpath: //*[@label='Date of birth*']/following-sibling:: XCUIElementTypeButton[2]
2017-09-24 15:10:59-main--INFO -com.ctaf.accelerators.TestEngine:Typing is performed on Date Of Birth
2017-09-24 15:11:31-main--INFO -com.ctaf.accelerators.TestEngine:Able to click on By.xpath: //*[@label='ID Number*']/following-sibling::XCUIElementTypeTextField[3]
2017-09-24 15:11:51-main--INFO -com.ctaf.accelerators.TestEngine:Typing is performed on ID Number
2017-09-24 15:15:19-main--INFO -com.ctaf.accelerators.TestEngine:Able to click on By.xpath: //*[@label='ID Expiry Date*']/following-sibling::XCUIElementTypeButton[4]
2017-09-24 15:15:36-main--INFO -com.ctaf.accelerators.TestEngine:Typing is performed on ID Expiry Date
2017-09-24 15:20:19-main--INFO -com.ctaf.accelerators.TestEngine:Typing is performed on naSmilyNumber
2017-09-24 15:23:57-main--INFO -com.ctaf.accelerators.TestEngine:Able to click on By.xpath: //*[@label='Title*']/following-sibling::XCUIElementTypeButton[1]
2017-09-24 15:24:14-main--INFO -com.ctaf.accelerators.TestEngine:Typing is performed on Tittle
2017-09-24 15:24:36-main--INFO -com.ctaf.accelerators.TestEngine:Typing is performed on firstName
2017-09-24 15:24:58-main--INFO -com.ctaf.accelerators.TestEngine:Typing is performed on LastName
2017-09-24 15:25:18-main--INFO -com.ctaf.accelerators.TestEngine:Able to click on By.xpath: //*[@label='Date of birth*']/following-sibling:: XCUIElementTypeButton[2]
2017-09-24 15:25:42-main--INFO -com.ctaf.accelerators.TestEngine:Typing is not performed on Date Of Birth
2017-09-24 15:25:43-main--INFO -com.ctaf.accelerators.TestEngine: Able to get TscreenShot
2017-09-24 15:26:03-main--INFO -com.ctaf.accelerators.TestEngine:Current Test : TC_06_oneWayInternatnlTwoAdultEco
2017-09-24 15:26:14-main--INFO -com.ctaf.accelerators.TestEngine:Able to click on By.xpath: //*[@label='Book flights']
2017-09-24 15:26:36-main--INFO -com.ctaf.accelerators.TestEngine:Able to click on By.xpath: //*[@label='Return']
2017-09-24 15:26:51-main--INFO -com.ctaf.accelerators.TestEngine:Able to click on By.xpath: //XCUIElementTypeOther[3]/XCUIElementTypeOther[1]/XCUIElementTypeButton
2017-09-24 15:26:57-main--INFO -com.ctaf.accelerators.TestEngine:Able to click on Search
2017-09-24 15:27:04-main--INFO -com.ctaf.accelerators.TestEngine:Typing is performed on Origin
2017-09-24 15:27:06-main--INFO -com.ctaf.accelerators.TestEngine:Able to click on RUH
2017-09-24 15:27:13-main--INFO -com.ctaf.accelerators.TestEngine:Typing is performed on Destination
2017-09-24 15:27:16-main--INFO -com.ctaf.accelerators.TestEngine:Able to click on HMB
2017-09-24 15:27:41-main--INFO -com.ctaf.accelerators.TestEngine:Able to click on By.xpath: //*[@label='Adult']/following::XCUIElementTypeButton[2]
2017-09-24 15:27:55-main--INFO -com.ctaf.accelerators.TestEngine:Able to click on By.xpath: //*[@label='Adult']/following::XCUIElementTypeButton[2]
2017-09-24 15:28:10-main--INFO -com.ctaf.accelerators.TestEngine:Able to click on By.xpath: //*[@label='Adult']/following::XCUIElementTypeButton[2]
2017-09-24 15:28:15-main--INFO -com.ctaf.accelerators.TestEngine:Able to click on Find Flights
2017-09-24 15:29:34-main--INFO -com.ctaf.accelerators.TestEngine:Able to click on By.xpath: //XCUIElementTypeTable/XCUIElementTypeCell/XCUIElementTypeButton[21]
2017-09-24 15:30:50-main--INFO -com.ctaf.accelerators.TestEngine:Able to click on By.xpath: //XCUIElementTypeTable/XCUIElementTypeCell/XCUIElementTypeButton[21]
2017-09-24 15:31:18-main--INFO -com.ctaf.accelerators.TestEngine:Able to click on By.xpath: //*[@label='Title*']/following-sibling::XCUIElementTypeButton[1]
2017-09-24 15:31:37-main--INFO -com.ctaf.accelerators.TestEngine:Typing is performed on Tittle
2017-09-24 15:32:02-main--INFO -com.ctaf.accelerators.TestEngine:Typing is performed on firstName
2017-09-24 15:32:25-main--INFO -com.ctaf.accelerators.TestEngine:Typing is performed on LastName
2017-09-24 15:32:46-main--INFO -com.ctaf.accelerators.TestEngine:Able to click on By.xpath: //*[@label='Date of birth*']/following-sibling:: XCUIElementTypeButton[2]
2017-09-24 15:33:04-main--INFO -com.ctaf.accelerators.TestEngine:Typing is performed on Date Of Birth
2017-09-24 15:33:39-main--INFO -com.ctaf.accelerators.TestEngine:Able to click on By.xpath: //*[@label='ID Number*']/following-sibling::XCUIElementTypeTextField[3]
2017-09-24 15:34:00-main--INFO -com.ctaf.accelerators.TestEngine:Typing is performed on ID Number
2017-09-24 15:37:31-main--INFO -com.ctaf.accelerators.TestEngine:Able to click on By.xpath: //*[@label='ID Expiry Date*']/following-sibling::XCUIElementTypeButton[4]
2017-09-24 15:37:49-main--INFO -com.ctaf.accelerators.TestEngine:Typing is performed on ID Expiry Date
2017-09-24 15:42:35-main--INFO -com.ctaf.accelerators.TestEngine:Typing is performed on naSmilyNumber
2017-09-24 15:46:18-main--INFO -com.ctaf.accelerators.TestEngine:Able to click on By.xpath: //*[@label='Title*']/following-sibling::XCUIElementTypeButton[1]
2017-09-24 15:46:37-main--INFO -com.ctaf.accelerators.TestEngine:Typing is performed on Tittle
2017-09-24 15:47:00-main--INFO -com.ctaf.accelerators.TestEngine:Typing is performed on firstName
2017-09-24 15:47:24-main--INFO -com.ctaf.accelerators.TestEngine:Typing is performed on LastName
2017-09-24 15:47:45-main--INFO -com.ctaf.accelerators.TestEngine:Able to click on By.xpath: //*[@label='Date of birth*']/following-sibling:: XCUIElementTypeButton[2]
2017-09-24 15:48:01-main--INFO -com.ctaf.accelerators.TestEngine:Typing is not performed on Date Of Birth
2017-09-24 15:48:01-main--INFO -com.ctaf.accelerators.TestEngine: Able to get TscreenShot
2017-09-24 15:48:21-main--INFO -com.ctaf.accelerators.TestEngine:Current Test : TC_08_roundTripInt1Adt1chld1infntBusExtras
2017-09-24 15:48:32-main--INFO -com.ctaf.accelerators.TestEngine:Able to click on By.xpath: //*[@label='Book flights']
2017-09-24 15:48:59-main--INFO -com.ctaf.accelerators.TestEngine:Unable to click on By.xpath: //*[@label='Title*']/following-sibling::XCUIElementTypeButton[1]
2017-09-24 15:48:59-main--INFO -com.ctaf.accelerators.TestEngine: Able to get TscreenShot
2017-09-24 20:23:51-main--INFO -com.ctaf.accelerators.TestEngine:Starting browser : iphone
2017-09-24 20:24:54-main--INFO -com.ctaf.accelerators.TestEngine:Current Test : TC_01_oneWayDomesticEconomy_RUH_JED
2017-09-24 20:25:03-main--INFO -com.ctaf.accelerators.TestEngine:Able to click on By.xpath: //XCUIElementTypeOther/*[@label='btn menu']
2017-09-24 20:25:13-main--INFO -com.ctaf.accelerators.TestEngine:Able to click on By.xpath: //XCUIElementTypeCell[1]/*[@label='Login']
2017-09-24 20:25:22-main--INFO -com.ctaf.accelerators.TestEngine:Typing is performed on EmailAddress
2017-09-24 20:25:33-main--INFO -com.ctaf.accelerators.TestEngine:Typing is performed on Password
2017-09-24 20:25:42-main--INFO -com.ctaf.accelerators.TestEngine:Able to click on By.xpath: //*[@label='Login']
2017-09-24 20:25:50-main--INFO -com.ctaf.accelerators.TestEngine:Able to click on By.xpath: //*[@label='Book flights']
2017-09-24 20:26:10-main--INFO -com.ctaf.accelerators.TestEngine:Able to click on By.xpath: //*[@label='One-way']
2017-09-24 20:26:22-main--INFO -com.ctaf.accelerators.TestEngine:Able to click on By.xpath: //XCUIElementTypeOther[3]/XCUIElementTypeOther[1]/XCUIElementTypeButton
2017-09-24 20:26:29-main--INFO -com.ctaf.accelerators.TestEngine:Able to click on Search
2017-09-24 20:26:36-main--INFO -com.ctaf.accelerators.TestEngine:Typing is performed on Origin
2017-09-24 20:26:39-main--INFO -com.ctaf.accelerators.TestEngine:Able to click on RUH
2017-09-24 20:26:46-main--INFO -com.ctaf.accelerators.TestEngine:Typing is performed on Destination
2017-09-24 20:26:48-main--INFO -com.ctaf.accelerators.TestEngine:Able to click on JED
2017-09-24 20:26:54-main--INFO -com.ctaf.accelerators.TestEngine:Able to click on Find Flights
2017-09-24 20:27:38-main--INFO -com.ctaf.accelerators.TestEngine:Able to click on By.xpath: //XCUIElementTypeTable/XCUIElementTypeCell/XCUIElementTypeButton[12]
2017-09-24 20:29:16-main--INFO -com.ctaf.accelerators.TestEngine:Able to click on By.xpath: //*[@label='Continue to Select Extras']
2017-09-24 20:39:48-main--INFO -com.ctaf.accelerators.TestEngine:Starting browser : iphone
2017-09-24 20:40:30-main--INFO -com.ctaf.accelerators.TestEngine:Current Test : TC_01_oneWayDomesticEconomy_RUH_JED
2017-09-24 20:40:40-main--INFO -com.ctaf.accelerators.TestEngine:Able to click on By.xpath: //XCUIElementTypeOther/*[@label='btn menu']
2017-09-24 20:42:59-main--INFO -com.ctaf.accelerators.TestEngine:Starting browser : iphone
2017-09-24 20:43:42-main--INFO -com.ctaf.accelerators.TestEngine:Current Test : TC_01_oneWayDomesticEconomy_RUH_JED
2017-09-24 20:43:51-main--INFO -com.ctaf.accelerators.TestEngine:Able to click on By.xpath: //XCUIElementTypeOther/*[@label='btn menu']
2017-09-24 20:44:01-main--INFO -com.ctaf.accelerators.TestEngine:Able to click on By.xpath: //XCUIElementTypeCell[1]/*[@label='Login']
2017-09-24 20:44:10-main--INFO -com.ctaf.accelerators.TestEngine:Typing is performed on EmailAddress
2017-09-24 20:44:20-main--INFO -com.ctaf.accelerators.TestEngine:Typing is performed on Password
2017-09-24 20:44:29-main--INFO -com.ctaf.accelerators.TestEngine:Able to click on By.xpath: //*[@label='Login']
2017-09-24 20:44:38-main--INFO -com.ctaf.accelerators.TestEngine:Able to click on By.xpath: //*[@label='Book flights']
2017-09-24 20:44:57-main--INFO -com.ctaf.accelerators.TestEngine:Able to click on By.xpath: //*[@label='One-way']
2017-09-24 20:45:09-main--INFO -com.ctaf.accelerators.TestEngine:Able to click on By.xpath: //XCUIElementTypeOther[3]/XCUIElementTypeOther[1]/XCUIElementTypeButton
2017-09-24 20:45:15-main--INFO -com.ctaf.accelerators.TestEngine:Able to click on Search
2017-09-24 20:45:22-main--INFO -com.ctaf.accelerators.TestEngine:Typing is performed on Origin
2017-09-24 20:45:24-main--INFO -com.ctaf.accelerators.TestEngine:Able to click on RUH
2017-09-24 20:45:32-main--INFO -com.ctaf.accelerators.TestEngine:Typing is performed on Destination
2017-09-24 20:45:34-main--INFO -com.ctaf.accelerators.TestEngine:Able to click on JED
2017-09-24 20:45:39-main--INFO -com.ctaf.accelerators.TestEngine:Able to click on Find Flights
2017-09-24 20:46:28-main--INFO -com.ctaf.accelerators.TestEngine:Able to click on By.xpath: //XCUIElementTypeTable/XCUIElementTypeCell/XCUIElementTypeButton[12]
2017-09-24 20:47:21-main--INFO -com.ctaf.accelerators.TestEngine:Able to click on By.xpath: //*[@label='Continue to Select Extras']
2017-09-24 20:48:23-main--INFO -com.ctaf.accelerators.TestEngine:Able to click on By.xpath: //*[@label='Continue to Select Seat']
2017-09-24 20:48:42-main--INFO -com.ctaf.accelerators.TestEngine:Able to click on By.xpath: //*[@label='Continue to Payment']
2017-09-24 20:48:55-main--INFO -com.ctaf.accelerators.TestEngine:Typing is not performed on Card Number
2017-09-24 20:48:55-main--INFO -com.ctaf.accelerators.TestEngine: Able to get TscreenShot
2017-09-24 20:51:06-main--INFO -com.ctaf.accelerators.TestEngine:Starting browser : iphone
2017-09-24 20:51:33-main--INFO -com.ctaf.accelerators.TestEngine:Starting browser : iphone
2017-09-24 20:52:14-main--INFO -com.ctaf.accelerators.TestEngine:Current Test : TC_01_oneWayDomesticEconomy_RUH_JED
2017-09-24 20:52:23-main--INFO -com.ctaf.accelerators.TestEngine:Able to click on By.xpath: //*[@label='Book flights']
2017-09-24 20:52:42-main--INFO -com.ctaf.accelerators.TestEngine:Able to click on By.xpath: //*[@label='One-way']
2017-09-24 20:52:54-main--INFO -com.ctaf.accelerators.TestEngine:Able to click on By.xpath: //XCUIElementTypeOther[3]/XCUIElementTypeOther[1]/XCUIElementTypeButton
2017-09-24 20:53:00-main--INFO -com.ctaf.accelerators.TestEngine:Able to click on Search
2017-09-24 20:53:07-main--INFO -com.ctaf.accelerators.TestEngine:Typing is performed on Origin
2017-09-24 20:53:10-main--INFO -com.ctaf.accelerators.TestEngine:Able to click on RUH
2017-09-24 20:53:17-main--INFO -com.ctaf.accelerators.TestEngine:Typing is performed on Destination
2017-09-24 20:53:19-main--INFO -com.ctaf.accelerators.TestEngine:Able to click on JED
2017-09-24 20:53:24-main--INFO -com.ctaf.accelerators.TestEngine:Able to click on Find Flights
2017-09-24 20:54:12-main--INFO -com.ctaf.accelerators.TestEngine:Able to click on By.xpath: //XCUIElementTypeTable/XCUIElementTypeCell/XCUIElementTypeButton[12]
2017-09-24 20:54:44-main--INFO -com.ctaf.accelerators.TestEngine:Unable to click on By.xpath: //*[@label='Title*']/following-sibling::XCUIElementTypeButton[1]
2017-09-24 20:54:45-main--INFO -com.ctaf.accelerators.TestEngine: Able to get TscreenShot
2017-09-24 20:55:05-main--INFO -com.ctaf.accelerators.TestEngine:Current Test : TC_02_oneWayDomesticEconomy_RUH_DMM
2017-09-24 20:55:13-main--INFO -com.ctaf.accelerators.TestEngine:Able to click on By.xpath: //*[@label='Book flights']
2017-09-24 20:55:32-main--INFO -com.ctaf.accelerators.TestEngine:Able to click on By.xpath: //*[@label='One-way']
2017-09-24 20:55:44-main--INFO -com.ctaf.accelerators.TestEngine:Able to click on By.xpath: //XCUIElementTypeOther[3]/XCUIElementTypeOther[1]/XCUIElementTypeButton
2017-09-24 20:55:50-main--INFO -com.ctaf.accelerators.TestEngine:Able to click on Search
2017-09-24 20:55:58-main--INFO -com.ctaf.accelerators.TestEngine:Typing is performed on Origin
2017-09-24 20:56:00-main--INFO -com.ctaf.accelerators.TestEngine:Able to click on RUH
2017-09-24 20:56:07-main--INFO -com.ctaf.accelerators.TestEngine:Typing is performed on Destination
2017-09-24 20:56:10-main--INFO -com.ctaf.accelerators.TestEngine:Able to click on DMM
2017-09-24 20:56:15-main--INFO -com.ctaf.accelerators.TestEngine:Able to click on Find Flights
2017-09-24 20:57:37-main--INFO -com.ctaf.accelerators.TestEngine:Able to click on By.xpath: //XCUIElementTypeTable/XCUIElementTypeCell/XCUIElementTypeButton[12]
2017-09-24 20:57:53-main--INFO -com.ctaf.accelerators.TestEngine: Able to get TscreenShot
2017-09-24 20:58:15-main--INFO -com.ctaf.accelerators.TestEngine:Current Test : TC_03_oneWayDomesticEconomy_RUH_GIZ
2017-09-24 20:58:24-main--INFO -com.ctaf.accelerators.TestEngine:Able to click on By.xpath: //*[@label='Book flights']
2017-09-24 20:58:43-main--INFO -com.ctaf.accelerators.TestEngine:Able to click on By.xpath: //*[@label='One-way']
2017-09-24 20:58:55-main--INFO -com.ctaf.accelerators.TestEngine:Able to click on By.xpath: //XCUIElementTypeOther[3]/XCUIElementTypeOther[1]/XCUIElementTypeButton
2017-09-24 20:59:01-main--INFO -com.ctaf.accelerators.TestEngine:Able to click on Search
2017-09-24 20:59:09-main--INFO -com.ctaf.accelerators.TestEngine:Typing is performed on Origin
2017-09-24 20:59:11-main--INFO -com.ctaf.accelerators.TestEngine:Able to click on RUH
2017-09-24 20:59:18-main--INFO -com.ctaf.accelerators.TestEngine:Typing is performed on Destination
2017-09-24 20:59:21-main--INFO -com.ctaf.accelerators.TestEngine:Able to click on GIZ
2017-09-24 20:59:26-main--INFO -com.ctaf.accelerators.TestEngine:Able to click on Find Flights
2017-09-24 21:00:12-main--INFO -com.ctaf.accelerators.TestEngine:Able to click on By.xpath: //XCUIElementTypeTable/XCUIElementTypeCell/XCUIElementTypeButton[12]
2017-09-24 21:04:36-main--INFO -com.ctaf.accelerators.TestEngine:Starting browser : iphone
2017-09-24 21:05:17-main--INFO -com.ctaf.accelerators.TestEngine:Current Test : TC_01_oneWayDomesticEconomy_RUH_JED
2017-09-24 21:05:26-main--INFO -com.ctaf.accelerators.TestEngine:Able to click on By.xpath: //*[@label='Book flights']
2017-09-24 21:05:45-main--INFO -com.ctaf.accelerators.TestEngine:Able to click on By.xpath: //*[@label='One-way']
2017-09-24 21:05:57-main--INFO -com.ctaf.accelerators.TestEngine:Able to click on By.xpath: //XCUIElementTypeOther[3]/XCUIElementTypeOther[1]/XCUIElementTypeButton
2017-09-24 21:06:03-main--INFO -com.ctaf.accelerators.TestEngine:Able to click on Search
2017-09-24 21:06:10-main--INFO -com.ctaf.accelerators.TestEngine:Typing is performed on Origin
2017-09-24 21:06:13-main--INFO -com.ctaf.accelerators.TestEngine:Able to click on RUH
2017-09-24 21:06:20-main--INFO -com.ctaf.accelerators.TestEngine:Typing is performed on Destination
2017-09-24 21:06:22-main--INFO -com.ctaf.accelerators.TestEngine:Able to click on JED
2017-09-24 21:06:27-main--INFO -com.ctaf.accelerators.TestEngine:Able to click on Find Flights
2017-09-24 21:07:22-main--INFO -com.ctaf.accelerators.TestEngine:Able to click on By.xpath: //XCUIElementTypeTable/XCUIElementTypeCell/XCUIElementTypeButton[12]
2017-09-24 21:30:44-main--INFO -com.ctaf.accelerators.TestEngine:Starting browser : iphone
2017-09-24 21:31:58-main--INFO -com.ctaf.accelerators.TestEngine:Current Test : TC_01_oneWayDomesticEconomy_RUH_JED
2017-09-24 21:32:07-main--INFO -com.ctaf.accelerators.TestEngine:Able to click on By.xpath: //XCUIElementTypeOther/*[@label='btn menu']
2017-09-24 21:32:18-main--INFO -com.ctaf.accelerators.TestEngine:Able to click on By.xpath: //XCUIElementTypeCell[1]/*[@label='Login']
2017-09-24 21:32:26-main--INFO -com.ctaf.accelerators.TestEngine:Typing is performed on EmailAddress
2017-09-24 21:32:37-main--INFO -com.ctaf.accelerators.TestEngine:Typing is performed on Password
2017-09-24 21:32:47-main--INFO -com.ctaf.accelerators.TestEngine:Able to click on By.xpath: //*[@label='Login']
2017-09-24 21:32:56-main--INFO -com.ctaf.accelerators.TestEngine:Able to click on By.xpath: //*[@label='Book flights']
2017-09-24 21:33:15-main--INFO -com.ctaf.accelerators.TestEngine:Able to click on By.xpath: //*[@label='One-way']
2017-09-24 21:33:27-main--INFO -com.ctaf.accelerators.TestEngine:Able to click on By.xpath: //XCUIElementTypeOther[3]/XCUIElementTypeOther[1]/XCUIElementTypeButton
2017-09-24 21:33:33-main--INFO -com.ctaf.accelerators.TestEngine:Able to click on Search
2017-09-24 21:33:41-main--INFO -com.ctaf.accelerators.TestEngine:Typing is performed on Origin
2017-09-24 21:33:44-main--INFO -com.ctaf.accelerators.TestEngine:Able to click on RUH
2017-09-24 21:33:51-main--INFO -com.ctaf.accelerators.TestEngine:Typing is performed on Destination
2017-09-24 21:33:54-main--INFO -com.ctaf.accelerators.TestEngine:Able to click on JED
2017-09-24 21:33:59-main--INFO -com.ctaf.accelerators.TestEngine:Able to click on Find Flights
2017-09-24 21:34:43-main--INFO -com.ctaf.accelerators.TestEngine:Able to click on By.xpath: //XCUIElementTypeTable/XCUIElementTypeCell/XCUIElementTypeButton[12]
2017-09-24 21:35:35-main--INFO -com.ctaf.accelerators.TestEngine:Able to click on By.xpath: //*[@label='Continue to Select Extras']
2017-09-24 21:36:37-main--INFO -com.ctaf.accelerators.TestEngine:Able to click on By.xpath: //*[@label='Continue to Select Seat']
2017-09-24 21:36:56-main--INFO -com.ctaf.accelerators.TestEngine:Able to click on By.xpath: //*[@label='Continue to Payment']
2017-09-24 21:38:11-main--INFO -com.ctaf.accelerators.TestEngine:Able to click on By.xpath: //*[@label='Other Payment Options']/preceding-sibling::XCUIElementTypeButton
2017-09-24 21:38:32-main--INFO -com.ctaf.accelerators.TestEngine:Typing is performed on Card Number
2017-09-24 21:38:56-main--INFO -com.ctaf.accelerators.TestEngine:Typing is performed on Card Holder Name
2017-09-24 21:39:23-main--INFO -com.ctaf.accelerators.TestEngine:Typing is performed on Expiry Date
2017-09-24 21:39:46-main--INFO -com.ctaf.accelerators.TestEngine:Typing is performed on cvv
2017-09-24 21:39:56-main--INFO -com.ctaf.accelerators.TestEngine:Able to click on Purchase
2017-09-24 21:40:56-main--INFO -com.ctaf.accelerators.TestEngine: Able to get TscreenShot
2017-09-24 21:41:20-main--INFO -com.ctaf.accelerators.TestEngine:Current Test : TC_02_oneWayDomesticEconomy_RUH_DMM
2017-09-24 21:41:29-main--INFO -com.ctaf.accelerators.TestEngine:Able to click on By.xpath: //XCUIElementTypeOther/*[@label='btn menu']
2017-09-24 21:41:38-main--INFO -com.ctaf.accelerators.TestEngine:Unable to click on By.xpath: //XCUIElementTypeCell[1]/*[@label='Login']
2017-09-24 21:41:38-main--INFO -com.ctaf.accelerators.TestEngine: Able to get TscreenShot
2017-09-24 21:41:57-main--INFO -com.ctaf.accelerators.TestEngine:Current Test : TC_03_oneWayDomesticEconomy_RUH_GIZ
2017-09-24 21:42:06-main--INFO -com.ctaf.accelerators.TestEngine:Able to click on By.xpath: //XCUIElementTypeOther/*[@label='btn menu']
2017-09-24 21:42:14-main--INFO -com.ctaf.accelerators.TestEngine:Unable to click on By.xpath: //XCUIElementTypeCell[1]/*[@label='Login']
2017-09-24 21:42:14-main--INFO -com.ctaf.accelerators.TestEngine: Able to get TscreenShot
2017-09-24 21:42:35-main--INFO -com.ctaf.accelerators.TestEngine:Current Test : TC_04_oneWayDomesticEconomy_RUH_MED
2017-09-24 21:42:43-main--INFO -com.ctaf.accelerators.TestEngine:Able to click on By.xpath: //XCUIElementTypeOther/*[@label='btn menu']
2017-09-24 21:42:51-main--INFO -com.ctaf.accelerators.TestEngine:Unable to click on By.xpath: //XCUIElementTypeCell[1]/*[@label='Login']
2017-09-24 21:42:52-main--INFO -com.ctaf.accelerators.TestEngine: Able to get TscreenShot
2017-09-24 21:50:49-main--INFO -com.ctaf.accelerators.TestEngine:Starting browser : iphone
2017-09-24 21:51:32-main--INFO -com.ctaf.accelerators.TestEngine:Current Test : TC_01_oneWayDomesticEconomy_RUH_JED
2017-09-24 21:51:41-main--INFO -com.ctaf.accelerators.TestEngine:Able to click on By.xpath: //XCUIElementTypeOther/*[@label='btn menu']
2017-09-24 21:51:52-main--INFO -com.ctaf.accelerators.TestEngine:Able to click on By.xpath: //XCUIElementTypeCell[1]/*[@label='Login']
2017-09-24 21:52:01-main--INFO -com.ctaf.accelerators.TestEngine:Typing is performed on EmailAddress
2017-09-24 21:52:12-main--INFO -com.ctaf.accelerators.TestEngine:Typing is performed on Password
2017-09-24 21:52:21-main--INFO -com.ctaf.accelerators.TestEngine:Able to click on By.xpath: //*[@label='Login']
2017-09-24 21:52:31-main--INFO -com.ctaf.accelerators.TestEngine:Able to click on By.xpath: //*[@label='Book flights']
2017-09-24 21:52:50-main--INFO -com.ctaf.accelerators.TestEngine:Able to click on By.xpath: //*[@label='One-way']
2017-09-24 21:53:03-main--INFO -com.ctaf.accelerators.TestEngine:Able to click on By.xpath: //XCUIElementTypeOther[3]/XCUIElementTypeOther[1]/XCUIElementTypeButton
2017-09-24 21:53:09-main--INFO -com.ctaf.accelerators.TestEngine:Able to click on Search
2017-09-24 21:53:17-main--INFO -com.ctaf.accelerators.TestEngine:Typing is performed on Origin
2017-09-24 21:53:20-main--INFO -com.ctaf.accelerators.TestEngine:Able to click on RUH
2017-09-24 21:53:27-main--INFO -com.ctaf.accelerators.TestEngine:Typing is performed on Destination
2017-09-24 21:53:30-main--INFO -com.ctaf.accelerators.TestEngine:Able to click on JED
2017-09-24 21:53:35-main--INFO -com.ctaf.accelerators.TestEngine:Able to click on Find Flights
2017-09-24 21:54:21-main--INFO -com.ctaf.accelerators.TestEngine:Able to click on By.xpath: //XCUIElementTypeTable/XCUIElementTypeCell/XCUIElementTypeButton[12]
2017-09-24 21:55:14-main--INFO -com.ctaf.accelerators.TestEngine:Able to click on By.xpath: //*[@label='Continue to Select Extras']
2017-09-24 21:56:17-main--INFO -com.ctaf.accelerators.TestEngine:Able to click on By.xpath: //*[@label='Continue to Select Seat']
2017-09-24 21:56:37-main--INFO -com.ctaf.accelerators.TestEngine:Able to click on By.xpath: //*[@label='Continue to Payment']
2017-09-24 21:57:08-main--INFO -com.ctaf.accelerators.TestEngine:Able to click on By.xpath: //*[@label='Other Payment Options']/preceding-sibling::XCUIElementTypeButton
2017-09-24 21:57:31-main--INFO -com.ctaf.accelerators.TestEngine:Typing is performed on Card Number
2017-09-24 21:57:55-main--INFO -com.ctaf.accelerators.TestEngine:Typing is performed on Card Holder Name
2017-09-24 21:58:21-main--INFO -com.ctaf.accelerators.TestEngine:Typing is performed on Expiry Date
2017-09-24 21:58:45-main--INFO -com.ctaf.accelerators.TestEngine:Typing is performed on cvv
2017-09-24 21:58:55-main--INFO -com.ctaf.accelerators.TestEngine:Able to click on Purchase
2017-09-24 21:59:56-main--INFO -com.ctaf.accelerators.TestEngine: Able to get TscreenShot
2017-09-24 22:00:16-main--INFO -com.ctaf.accelerators.TestEngine:Current Test : TC_02_oneWayDomesticEconomy_RUH_DMM
2017-09-24 22:00:25-main--INFO -com.ctaf.accelerators.TestEngine:Able to click on By.xpath: //XCUIElementTypeOther/*[@label='btn menu']
2017-09-24 22:00:33-main--INFO -com.ctaf.accelerators.TestEngine:Unable to click on By.xpath: //XCUIElementTypeCell[1]/*[@label='Login']
2017-09-24 22:00:33-main--INFO -com.ctaf.accelerators.TestEngine: Able to get TscreenShot
2017-09-24 22:14:07-main--INFO -com.ctaf.accelerators.TestEngine:Starting browser : iphone
2017-09-24 22:15:12-main--INFO -com.ctaf.accelerators.TestEngine:Starting browser : iphone
2017-09-24 22:15:55-main--INFO -com.ctaf.accelerators.TestEngine:Current Test : TC_01_oneWayDomesticEconomy_RUH_JED
2017-09-24 22:16:04-main--INFO -com.ctaf.accelerators.TestEngine:Able to click on By.xpath: //XCUIElementTypeOther/*[@label='btn menu']
2017-09-24 22:16:15-main--INFO -com.ctaf.accelerators.TestEngine:Able to click on By.xpath: //XCUIElementTypeCell[1]/*[@label='Login']
2017-09-24 22:16:23-main--INFO -com.ctaf.accelerators.TestEngine:Typing is performed on EmailAddress
2017-09-24 22:16:34-main--INFO -com.ctaf.accelerators.TestEngine:Typing is performed on Password
2017-09-24 22:16:44-main--INFO -com.ctaf.accelerators.TestEngine:Able to click on By.xpath: //*[@label='Login']
2017-09-24 22:16:52-main--INFO -com.ctaf.accelerators.TestEngine:Able to click on By.xpath: //*[@label='Book flights']
2017-09-24 22:17:12-main--INFO -com.ctaf.accelerators.TestEngine:Able to click on By.xpath: //*[@label='One-way']
2017-09-24 22:17:24-main--INFO -com.ctaf.accelerators.TestEngine:Able to click on By.xpath: //XCUIElementTypeOther[3]/XCUIElementTypeOther[1]/XCUIElementTypeButton
2017-09-24 22:17:30-main--INFO -com.ctaf.accelerators.TestEngine:Able to click on Search
2017-09-24 22:17:37-main--INFO -com.ctaf.accelerators.TestEngine:Typing is performed on Origin
2017-09-24 22:17:40-main--INFO -com.ctaf.accelerators.TestEngine:Able to click on RUH
2017-09-24 22:17:47-main--INFO -com.ctaf.accelerators.TestEngine:Typing is performed on Destination
2017-09-24 22:17:50-main--INFO -com.ctaf.accelerators.TestEngine:Able to click on JED
2017-09-24 22:17:55-main--INFO -com.ctaf.accelerators.TestEngine:Able to click on Find Flights
2017-09-24 22:18:41-main--INFO -com.ctaf.accelerators.TestEngine:Able to click on By.xpath: //*[@label='icn arrow right red']
2017-09-24 22:19:50-main--INFO -com.ctaf.accelerators.TestEngine:Able to click on By.xpath: //*[@label='icn arrow right red']
2017-09-24 22:22:05-main--INFO -com.ctaf.accelerators.TestEngine:Able to click on By.xpath: //XCUIElementTypeTable/XCUIElementTypeCell/XCUIElementTypeButton[12]
2017-09-24 22:23:08-main--INFO -com.ctaf.accelerators.TestEngine:Able to click on By.xpath: //*[@label='Continue to Select Extras']
2017-09-24 22:24:12-main--INFO -com.ctaf.accelerators.TestEngine:Able to click on By.xpath: //*[@label='Continue to Select Seat']
2017-09-24 22:24:32-main--INFO -com.ctaf.accelerators.TestEngine:Able to click on By.xpath: //*[@label='Continue to Payment']
2017-09-24 22:25:46-main--INFO -com.ctaf.accelerators.TestEngine:Able to click on By.xpath: //*[@label='Other Payment Options']/preceding-sibling::XCUIElementTypeButton
2017-09-24 22:26:08-main--INFO -com.ctaf.accelerators.TestEngine:Typing is performed on Card Number
2017-09-24 22:26:31-main--INFO -com.ctaf.accelerators.TestEngine:Typing is performed on Card Holder Name
2017-09-24 22:26:58-main--INFO -com.ctaf.accelerators.TestEngine:Typing is performed on Expiry Date
2017-09-24 22:27:21-main--INFO -com.ctaf.accelerators.TestEngine:Typing is performed on cvv
2017-09-24 22:27:31-main--INFO -com.ctaf.accelerators.TestEngine:Able to click on Purchase
2017-09-24 22:28:31-main--INFO -com.ctaf.accelerators.TestEngine: Able to get TscreenShot
2017-09-24 22:28:54-main--INFO -com.ctaf.accelerators.TestEngine:Current Test : TC_02_oneWayDomesticEconomy_RUH_DMM
2017-09-24 22:29:03-main--INFO -com.ctaf.accelerators.TestEngine:Able to click on By.xpath: //*[@label='Book flights']
2017-09-24 22:29:22-main--INFO -com.ctaf.accelerators.TestEngine:Able to click on By.xpath: //*[@label='One-way']
2017-09-24 22:29:35-main--INFO -com.ctaf.accelerators.TestEngine:Able to click on By.xpath: //XCUIElementTypeOther[3]/XCUIElementTypeOther[1]/XCUIElementTypeButton
2017-09-24 22:29:41-main--INFO -com.ctaf.accelerators.TestEngine:Able to click on Search
2017-09-24 22:29:48-main--INFO -com.ctaf.accelerators.TestEngine:Typing is performed on Origin
2017-09-24 22:29:51-main--INFO -com.ctaf.accelerators.TestEngine:Able to click on RUH
2017-09-24 22:29:58-main--INFO -com.ctaf.accelerators.TestEngine:Typing is performed on Destination
2017-09-24 22:30:01-main--INFO -com.ctaf.accelerators.TestEngine:Able to click on DMM
2017-09-24 22:30:06-main--INFO -com.ctaf.accelerators.TestEngine:Able to click on Find Flights
2017-09-24 22:30:40-main--INFO -com.ctaf.accelerators.TestEngine:Able to click on By.xpath: //*[@label='icn arrow right red']
2017-09-24 22:32:04-main--INFO -com.ctaf.accelerators.TestEngine:Able to click on By.xpath: //XCUIElementTypeTable/XCUIElementTypeCell/XCUIElementTypeButton[12]
2017-09-24 23:04:38-Forwarding screenshot on session 94fb946b-c797-4956-915b-4496b67560d2 to remote--INFO -org.apache.http.impl.execchain.RetryExec:I/O exception (org.apache.http.NoHttpResponseException) caught when processing request to {}->http://127.0.0.1:4723: The target server failed to respond
2017-09-24 23:04:38-Forwarding screenshot on session 94fb946b-c797-4956-915b-4496b67560d2 to remote--INFO -org.apache.http.impl.execchain.RetryExec:Retrying request to {}->http://127.0.0.1:4723
2017-09-24 23:14:38-Forwarding screenshot on session 94fb946b-c797-4956-915b-4496b67560d2 to remote--INFO -org.apache.http.impl.execchain.RetryExec:I/O exception (org.apache.http.NoHttpResponseException) caught when processing request to {}->http://127.0.0.1:4723: The target server failed to respond
2017-09-24 23:14:38-Forwarding screenshot on session 94fb946b-c797-4956-915b-4496b67560d2 to remote--INFO -org.apache.http.impl.execchain.RetryExec:Retrying request to {}->http://127.0.0.1:4723
2017-09-24 23:19:42-main--INFO -com.ctaf.accelerators.TestEngine: Able to get TscreenShot
2017-09-24 23:20:09-main--INFO -com.ctaf.accelerators.TestEngine:Current Test : TC_03_oneWayDomesticEconomy_RUH_GIZ
2017-09-24 23:20:18-main--INFO -com.ctaf.accelerators.TestEngine:Able to click on By.xpath: //*[@label='Book flights']
2017-09-24 23:20:37-main--INFO -com.ctaf.accelerators.TestEngine:Able to click on By.xpath: //*[@label='One-way']
2017-09-24 23:20:49-main--INFO -com.ctaf.accelerators.TestEngine:Able to click on By.xpath: //XCUIElementTypeOther[3]/XCUIElementTypeOther[1]/XCUIElementTypeButton
2017-09-24 23:20:55-main--INFO -com.ctaf.accelerators.TestEngine:Able to click on Search
2017-09-24 23:21:03-main--INFO -com.ctaf.accelerators.TestEngine:Typing is performed on Origin
2017-09-24 23:21:05-main--INFO -com.ctaf.accelerators.TestEngine:Able to click on RUH
2017-09-24 23:21:13-main--INFO -com.ctaf.accelerators.TestEngine:Typing is performed on Destination
2017-09-24 23:21:16-main--INFO -com.ctaf.accelerators.TestEngine:Able to click on GIZ
2017-09-24 23:21:21-main--INFO -com.ctaf.accelerators.TestEngine:Able to click on Find Flights
2017-09-24 23:21:56-main--INFO -com.ctaf.accelerators.TestEngine:Able to click on By.xpath: //*[@label='icn arrow right red']
2017-09-24 23:23:18-main--INFO -com.ctaf.accelerators.TestEngine:Able to click on By.xpath: //XCUIElementTypeTable/XCUIElementTypeCell/XCUIElementTypeButton[12]
2017-09-24 23:24:18-main--INFO -com.ctaf.accelerators.TestEngine:Able to click on By.xpath: //*[@label='Continue to Select Extras']
2017-09-24 23:25:20-main--INFO -com.ctaf.accelerators.TestEngine:Able to click on By.xpath: //*[@label='Continue to Select Seat']
2017-09-24 23:25:40-main--INFO -com.ctaf.accelerators.TestEngine:Able to click on By.xpath: //*[@label='Continue to Payment']
2017-09-24 23:27:10-main--INFO -com.ctaf.accelerators.TestEngine:Able to click on By.xpath: //*[@label='Other Payment Options']/preceding-sibling::XCUIElementTypeButton
2017-09-24 23:27:32-main--INFO -com.ctaf.accelerators.TestEngine:Typing is performed on Card Number
2017-09-24 23:27:55-main--INFO -com.ctaf.accelerators.TestEngine:Typing is performed on Card Holder Name
2017-09-24 23:28:22-main--INFO -com.ctaf.accelerators.TestEngine:Typing is performed on Expiry Date
2017-09-24 23:28:45-main--INFO -com.ctaf.accelerators.TestEngine:Typing is performed on cvv
2017-09-24 23:28:55-main--INFO -com.ctaf.accelerators.TestEngine:Able to click on Purchase
2017-09-24 23:29:56-main--INFO -com.ctaf.accelerators.TestEngine: Able to get TscreenShot
2017-09-24 23:30:16-main--INFO -com.ctaf.accelerators.TestEngine:Current Test : TC_04_oneWayDomesticEconomy_RUH_MED
2017-09-24 23:30:25-main--INFO -com.ctaf.accelerators.TestEngine:Able to click on By.xpath: //*[@label='Book flights']
2017-09-24 23:30:45-main--INFO -com.ctaf.accelerators.TestEngine:Able to click on By.xpath: //*[@label='One-way']
2017-09-24 23:30:57-main--INFO -com.ctaf.accelerators.TestEngine:Able to click on By.xpath: //XCUIElementTypeOther[3]/XCUIElementTypeOther[1]/XCUIElementTypeButton
2017-09-24 23:31:03-main--INFO -com.ctaf.accelerators.TestEngine:Able to click on Search
2017-09-24 23:31:10-main--INFO -com.ctaf.accelerators.TestEngine:Typing is performed on Origin
2017-09-24 23:31:13-main--INFO -com.ctaf.accelerators.TestEngine:Able to click on RUH
2017-09-24 23:31:20-main--INFO -com.ctaf.accelerators.TestEngine:Typing is performed on Destination
2017-09-24 23:31:23-main--INFO -com.ctaf.accelerators.TestEngine:Able to click on MED
2017-09-24 23:31:28-main--INFO -com.ctaf.accelerators.TestEngine:Able to click on Find Flights
2017-09-24 23:32:15-main--INFO -com.ctaf.accelerators.TestEngine:Able to click on By.xpath: //*[@label='icn arrow right red']
2017-09-24 23:33:02-main--INFO -com.ctaf.accelerators.TestEngine:Able to click on By.xpath: //XCUIElementTypeTable/XCUIElementTypeCell/XCUIElementTypeButton[12]
2017-09-24 23:33:57-main--INFO -com.ctaf.accelerators.TestEngine:Able to click on By.xpath: //*[@label='Continue to Select Extras']
2017-09-24 23:34:59-main--INFO -com.ctaf.accelerators.TestEngine:Able to click on By.xpath: //*[@label='Continue to Select Seat']
2017-09-24 23:35:18-main--INFO -com.ctaf.accelerators.TestEngine:Able to click on By.xpath: //*[@label='Continue to Payment']
2017-09-24 23:36:33-main--INFO -com.ctaf.accelerators.TestEngine:Able to click on By.xpath: //*[@label='Other Payment Options']/preceding-sibling::XCUIElementTypeButton
2017-09-24 23:36:54-main--INFO -com.ctaf.accelerators.TestEngine:Typing is performed on Card Number
2017-09-24 23:37:18-main--INFO -com.ctaf.accelerators.TestEngine:Typing is performed on Card Holder Name
2017-09-24 23:37:45-main--INFO -com.ctaf.accelerators.TestEngine:Typing is performed on Expiry Date
2017-09-24 23:38:08-main--INFO -com.ctaf.accelerators.TestEngine:Typing is performed on cvv
2017-09-24 23:38:17-main--INFO -com.ctaf.accelerators.TestEngine:Able to click on Purchase
2017-09-24 23:39:18-main--INFO -com.ctaf.accelerators.TestEngine: Able to get TscreenShot
2017-09-24 23:40:12-main--INFO -com.ctaf.accelerators.TestEngine:Current Test : TC_05_oneWayDomesticEconomy_RUH_TIF
2017-09-24 23:40:21-main--INFO -com.ctaf.accelerators.TestEngine:Able to click on By.xpath: //*[@label='Book flights']
2017-09-24 23:40:40-main--INFO -com.ctaf.accelerators.TestEngine:Able to click on By.xpath: //*[@label='One-way']
2017-09-24 23:40:53-main--INFO -com.ctaf.accelerators.TestEngine:Able to click on By.xpath: //XCUIElementTypeOther[3]/XCUIElementTypeOther[1]/XCUIElementTypeButton
2017-09-24 23:40:59-main--INFO -com.ctaf.accelerators.TestEngine:Able to click on Search
2017-09-24 23:41:06-main--INFO -com.ctaf.accelerators.TestEngine:Typing is performed on Origin
2017-09-24 23:41:09-main--INFO -com.ctaf.accelerators.TestEngine:Able to click on RUH
2017-09-24 23:41:16-main--INFO -com.ctaf.accelerators.TestEngine:Typing is performed on Destination
2017-09-24 23:41:19-main--INFO -com.ctaf.accelerators.TestEngine:Able to click on TIF
2017-09-24 23:41:24-main--INFO -com.ctaf.accelerators.TestEngine:Able to click on Find Flights
2017-09-24 23:42:01-main--INFO -com.ctaf.accelerators.TestEngine:Able to click on By.xpath: //*[@label='icn arrow right red']
2017-09-24 23:42:28-main--INFO -com.ctaf.accelerators.TestEngine:Able to click on By.xpath: //*[@label='icn arrow right red']
2017-09-24 23:42:58-main--INFO -com.ctaf.accelerators.TestEngine:Able to click on By.xpath: //*[@label='icn arrow right red']
2017-09-24 23:43:26-main--INFO -com.ctaf.accelerators.TestEngine:Able to click on By.xpath: //*[@label='icn arrow right red']
2017-09-24 23:44:17-main--INFO -com.ctaf.accelerators.TestEngine:Able to click on By.xpath: //XCUIElementTypeTable/XCUIElementTypeCell/XCUIElementTypeButton[12]
2017-09-24 23:49:34-main--INFO -com.ctaf.accelerators.TestEngine:Unable to click on By.xpath: //*[@label='Continue to Select Extras']
2017-09-24 23:49:34-main--INFO -com.ctaf.accelerators.TestEngine: Able to get TscreenShot
2017-09-24 23:49:55-main--INFO -com.ctaf.accelerators.TestEngine:Current Test : TC_06_oneWayDomesticEconomy_RUH_HAS
2017-09-24 23:50:04-main--INFO -com.ctaf.accelerators.TestEngine:Able to click on By.xpath: //*[@label='Book flights']
2017-09-24 23:50:23-main--INFO -com.ctaf.accelerators.TestEngine:Able to click on By.xpath: //*[@label='One-way']
2017-09-24 23:50:35-main--INFO -com.ctaf.accelerators.TestEngine:Able to click on By.xpath: //XCUIElementTypeOther[3]/XCUIElementTypeOther[1]/XCUIElementTypeButton
2017-09-24 23:50:41-main--INFO -com.ctaf.accelerators.TestEngine:Able to click on Search
2017-09-24 23:50:49-main--INFO -com.ctaf.accelerators.TestEngine:Typing is performed on Origin
2017-09-24 23:50:52-main--INFO -com.ctaf.accelerators.TestEngine:Able to click on RUH
2017-09-24 23:50:59-main--INFO -com.ctaf.accelerators.TestEngine:Typing is performed on Destination
2017-09-24 23:51:01-main--INFO -com.ctaf.accelerators.TestEngine:Able to click on HAS
2017-09-24 23:51:07-main--INFO -com.ctaf.accelerators.TestEngine:Able to click on Find Flights
2017-09-24 23:51:54-main--INFO -com.ctaf.accelerators.TestEngine:Able to click on By.xpath: //*[@label='icn arrow right red']
2017-09-24 23:52:21-main--INFO -com.ctaf.accelerators.TestEngine:Able to click on By.xpath: //*[@label='icn arrow right red']
2017-09-24 23:52:50-main--INFO -com.ctaf.accelerators.TestEngine:Able to click on By.xpath: //*[@label='icn arrow right red']
2017-09-24 23:53:19-main--INFO -com.ctaf.accelerators.TestEngine:Able to click on By.xpath: //*[@label='icn arrow right red']
2017-09-24 23:53:49-main--INFO -com.ctaf.accelerators.TestEngine:Able to click on By.xpath: //*[@label='icn arrow right red']
2017-09-24 23:54:18-main--INFO -com.ctaf.accelerators.TestEngine:Able to click on By.xpath: //*[@label='icn arrow right red']
2017-09-24 23:54:47-main--INFO -com.ctaf.accelerators.TestEngine:Able to click on By.xpath: //*[@label='icn arrow right red']
2017-09-24 23:55:17-main--INFO -com.ctaf.accelerators.TestEngine:Able to click on By.xpath: //*[@label='icn arrow right red']
2017-09-24 23:55:46-main--INFO -com.ctaf.accelerators.TestEngine:Able to click on By.xpath: //*[@label='icn arrow right red']
2017-09-24 23:56:16-main--INFO -com.ctaf.accelerators.TestEngine:Able to click on By.xpath: //*[@label='icn arrow right red']
2017-09-24 23:56:45-main--INFO -com.ctaf.accelerators.TestEngine:Able to click on By.xpath: //*[@label='icn arrow right red']
2017-09-24 23:57:13-main--INFO -com.ctaf.accelerators.TestEngine:Able to click on By.xpath: //*[@label='icn arrow right red']
2017-09-24 23:57:42-main--INFO -com.ctaf.accelerators.TestEngine:Able to click on By.xpath: //*[@label='icn arrow right red']
2017-09-24 23:58:11-main--INFO -com.ctaf.accelerators.TestEngine:Able to click on By.xpath: //*[@label='icn arrow right red']
2017-09-24 23:58:41-main--INFO -com.ctaf.accelerators.TestEngine:Able to click on By.xpath: //*[@label='icn arrow right red']
2017-09-24 23:59:10-main--INFO -com.ctaf.accelerators.TestEngine:Able to click on By.xpath: //*[@label='icn arrow right red']
2017-09-24 23:59:40-main--INFO -com.ctaf.accelerators.TestEngine:Able to click on By.xpath: //*[@label='icn arrow right red']
