2017-01-27 11:02:46-main--INFO -com.ctaf.accelerators.TestEngine:Starting browser : Chrome
2017-01-27 11:02:56-main--INFO -com.ctaf.accelerators.TestEngine:Current Test : TC_10_verifingSerCharChildDisInArabic
2017-01-27 11:09:23-main--INFO -com.ctaf.accelerators.TestEngine:Starting browser : Chrome
2017-01-27 11:09:42-main--INFO -com.ctaf.accelerators.TestEngine:Starting browser : Chrome
2017-01-27 11:12:51-main--INFO -com.ctaf.accelerators.TestEngine:Starting browser : Chrome
2017-01-27 11:12:59-main--INFO -com.ctaf.accelerators.TestEngine:Current Test : TC_16_verifingServiceChargeMTSingleEco
2017-01-27 11:13:42-main--INFO -com.ctaf.accelerators.TestEngine: Able to get TscreenShot
2017-01-27 11:14:03-main--INFO -com.ctaf.accelerators.TestEngine:Starting browser : Chrome
2017-01-27 11:14:10-main--INFO -com.ctaf.accelerators.TestEngine:Current Test : TC_16_verifingServiceChargeMTSingleEco
2017-01-27 11:15:11-main--INFO -com.ctaf.accelerators.TestEngine: Able to get TscreenShot
2017-01-27 11:20:32-main--INFO -com.ctaf.accelerators.TestEngine:Starting browser : Chrome
2017-01-27 11:20:40-main--INFO -com.ctaf.accelerators.TestEngine:Current Test : TC_09_verifingServiceChargewithMTBussiness
2017-01-27 11:23:34-main--INFO -com.ctaf.accelerators.TestEngine:Starting browser : Chrome
2017-01-27 11:23:42-main--INFO -com.ctaf.accelerators.TestEngine:Current Test : TC_16_verifingServiceChargeMTSingleEco
2017-01-27 11:27:32-main--INFO -com.ctaf.accelerators.TestEngine:Starting browser : Chrome
2017-01-27 11:27:40-main--INFO -com.ctaf.accelerators.TestEngine:Current Test : TC_16_verifingServiceChargeMTSingleEco
2017-01-27 11:31:16-main--INFO -com.ctaf.accelerators.TestEngine:Starting browser : Chrome
2017-01-27 11:31:24-main--INFO -com.ctaf.accelerators.TestEngine:Current Test : TC_16_verifingServiceChargeMTSingleEco
2017-01-27 11:33:40-main--INFO -com.ctaf.accelerators.TestEngine:Starting browser : Chrome
2017-01-27 11:33:47-main--INFO -com.ctaf.accelerators.TestEngine:Current Test : TC_16_verifingServiceChargeMTSingleEco
2017-01-27 11:35:49-main--INFO -com.ctaf.accelerators.TestEngine:Starting browser : Chrome
2017-01-27 11:35:55-main--INFO -com.ctaf.accelerators.TestEngine:Current Test : TC_16_verifingServiceChargeMTSingleEco
2017-01-27 11:39:42-main--INFO -com.ctaf.accelerators.TestEngine:Starting browser : Chrome
2017-01-27 11:39:51-main--INFO -com.ctaf.accelerators.TestEngine:Current Test : TC_16_verifingServiceChargeMTSingleEco
2017-01-27 11:43:33-main--INFO -com.ctaf.accelerators.TestEngine:Starting browser : Android
2017-01-27 11:43:44-main--INFO -com.ctaf.accelerators.TestEngine:Starting browser : Android
2017-01-27 11:44:15-main--INFO -com.ctaf.accelerators.TestEngine:Starting browser : Android
2017-01-27 11:44:39-main--INFO -com.ctaf.accelerators.TestEngine:Current Test : TC_03_oneWayDomesticEcoChangeDate
2017-01-27 11:56:53-main--INFO -com.ctaf.accelerators.TestEngine:Starting browser : Android
2017-01-27 11:57:16-main--INFO -com.ctaf.accelerators.TestEngine:Current Test : TC_03_oneWayDomesticEcoChangeDate
2017-01-27 12:09:41-main--INFO -com.ctaf.accelerators.TestEngine:Starting browser : Android
2017-01-27 12:10:03-main--INFO -com.ctaf.accelerators.TestEngine:Current Test : TC_04_oneWayDomOneAdultCheckin
2017-01-27 12:13:24-main--INFO -com.ctaf.accelerators.TestEngine:Starting browser : Android
2017-01-27 12:13:46-main--INFO -com.ctaf.accelerators.TestEngine:Current Test : TC_05_oneWayDomNineAdultCheckin
2017-01-27 12:15:18-main--INFO -com.ctaf.accelerators.TestEngine:Starting browser : Android
2017-01-27 12:15:38-main--INFO -com.ctaf.accelerators.TestEngine:Starting browser : Android
2017-01-27 12:16:02-main--INFO -com.ctaf.accelerators.TestEngine:Current Test : TC_04_oneWayDomOneAdultCheckin
2017-01-27 12:17:16-main--INFO -com.ctaf.accelerators.TestEngine:Starting browser : Android
2017-01-27 12:17:40-main--INFO -com.ctaf.accelerators.TestEngine:Current Test : TC_04_oneWayDomOneAdultCheckin
2017-01-27 12:19:38-main--INFO -com.ctaf.accelerators.TestEngine:Starting browser : Android
2017-01-27 12:20:02-main--INFO -com.ctaf.accelerators.TestEngine:Current Test : TC_04_oneWayDomOneAdultCheckin
2017-01-27 12:26:55-main--INFO -com.ctaf.accelerators.TestEngine:Starting browser : Android
2017-01-27 12:27:19-main--INFO -com.ctaf.accelerators.TestEngine:Current Test : TC_04_oneWayDomOneAdultCheckin
2017-01-27 12:29:28-main--INFO -com.ctaf.accelerators.TestEngine:Starting browser : Android
2017-01-27 12:29:53-main--INFO -com.ctaf.accelerators.TestEngine:Current Test : TC_04_oneWayDomOneAdultCheckin
2017-01-27 12:32:17-main--INFO -com.ctaf.accelerators.TestEngine:Starting browser : Android
2017-01-27 12:32:41-main--INFO -com.ctaf.accelerators.TestEngine:Current Test : TC_04_oneWayDomOneAdultCheckin
2017-01-27 12:38:26-main--INFO -com.ctaf.accelerators.TestEngine:Starting browser : Android
2017-01-27 12:38:51-main--INFO -com.ctaf.accelerators.TestEngine:Current Test : TC_04_oneWayDomOneAdultCheckin
2017-01-27 12:41:20-main--INFO -com.ctaf.accelerators.TestEngine:Starting browser : Android
2017-01-27 12:41:46-main--INFO -com.ctaf.accelerators.TestEngine:Current Test : TC_04_oneWayDomOneAdultCheckin
2017-01-27 12:47:01-main--INFO -com.ctaf.accelerators.TestEngine:Starting browser : Android
2017-01-27 12:47:27-main--INFO -com.ctaf.accelerators.TestEngine:Current Test : TC_04_oneWayDomOneAdultCheckin
2017-01-27 12:54:19-main--INFO -com.ctaf.accelerators.TestEngine: Able to get TscreenShot
2017-01-27 12:59:53-main--INFO -com.ctaf.accelerators.TestEngine:Starting browser : Android
2017-01-27 13:00:18-main--INFO -com.ctaf.accelerators.TestEngine:Current Test : TC_04_oneWayDomOneAdultCheckin
2017-01-27 13:01:07-main--INFO -com.ctaf.accelerators.TestEngine:Starting browser : Android
2017-01-27 13:01:30-main--INFO -com.ctaf.accelerators.TestEngine:Current Test : TC_04_oneWayDomOneAdultCheckin
2017-01-27 13:09:11-main--INFO -com.ctaf.accelerators.TestEngine: Able to get TscreenShot
2017-01-27 13:21:16-main--INFO -com.ctaf.accelerators.TestEngine:Starting browser : Android
2017-01-27 13:21:40-main--INFO -com.ctaf.accelerators.TestEngine:Current Test : TC_04_oneWayDomOneAdultCheckin
2017-01-27 13:26:57-main--INFO -com.ctaf.accelerators.TestEngine:Starting browser : Android
2017-01-27 13:27:22-main--INFO -com.ctaf.accelerators.TestEngine:Current Test : TC_05_oneWayDomNineAdultCheckin
2017-01-27 13:51:44-main--INFO -com.ctaf.accelerators.TestEngine: Able to get TscreenShot
2017-01-27 13:53:03-main--INFO -com.ctaf.accelerators.TestEngine:Starting browser : Android
2017-01-27 13:53:29-main--INFO -com.ctaf.accelerators.TestEngine:Current Test : TC_05_oneWayDomNineAdultCheckin
2017-01-27 14:04:39-main--INFO -com.ctaf.accelerators.TestEngine: Able to get TscreenShot
2017-01-27 14:06:28-main--INFO -com.ctaf.accelerators.TestEngine:Starting browser : Android
2017-01-27 14:06:52-main--INFO -com.ctaf.accelerators.TestEngine:Current Test : TC_05_oneWayDomNineAdultCheckin
2017-01-27 14:32:54-main--INFO -com.ctaf.accelerators.TestEngine: Able to get TscreenShot
2017-01-27 14:34:08-main--INFO -com.ctaf.accelerators.TestEngine:Starting browser : Android
2017-01-27 14:34:31-main--INFO -com.ctaf.accelerators.TestEngine:Current Test : TC_06_oneWayInterTwoAdultEco
2017-01-27 14:42:15-main--INFO -com.ctaf.accelerators.TestEngine: Able to get TscreenShot
2017-01-27 14:43:55-main--INFO -com.ctaf.accelerators.TestEngine:Starting browser : Android
2017-01-27 14:44:18-main--INFO -com.ctaf.accelerators.TestEngine:Current Test : TC_06_oneWayInterTwoAdultEco
2017-01-27 14:55:19-main--INFO -com.ctaf.accelerators.TestEngine:Starting browser : Android
2017-01-27 14:55:43-main--INFO -com.ctaf.accelerators.TestEngine:Current Test : TC_07_roundTripDomFourAdultBusins
2017-01-27 15:13:52-main--INFO -com.ctaf.accelerators.TestEngine:Starting browser : Android
2017-01-27 15:14:44-main--INFO -com.ctaf.accelerators.TestEngine:Starting browser : Android
2017-01-27 15:15:11-main--INFO -com.ctaf.accelerators.TestEngine:Current Test : TC_07_roundTripDomFourAdultBusins
2017-01-27 15:27:48-main--INFO -com.ctaf.accelerators.TestEngine:Starting browser : Android
2017-01-27 15:28:11-main--INFO -com.ctaf.accelerators.TestEngine:Current Test : TC_07_roundTripDomFourAdultBusins
2017-01-27 15:35:24-main--INFO -com.ctaf.accelerators.TestEngine:Starting browser : Android
2017-01-27 15:35:47-main--INFO -com.ctaf.accelerators.TestEngine:Current Test : TC_07_roundTripDomFourAdultBusins
2017-01-27 15:39:33-main--INFO -com.ctaf.accelerators.TestEngine: Able to get TscreenShot
2017-01-27 15:40:29-main--INFO -com.ctaf.accelerators.TestEngine:Starting browser : Android
2017-01-27 15:40:55-main--INFO -com.ctaf.accelerators.TestEngine:Current Test : TC_07_roundTripDomFourAdultBusins
2017-01-27 15:44:07-main--INFO -com.ctaf.accelerators.TestEngine:Starting browser : Android
2017-01-27 15:44:33-main--INFO -com.ctaf.accelerators.TestEngine:Current Test : TC_07_roundTripDomFourAdultBusins
2017-01-27 16:01:34-main--INFO -com.ctaf.accelerators.TestEngine:Starting browser : Android
2017-01-27 16:01:57-main--INFO -com.ctaf.accelerators.TestEngine:Current Test : TC_08_RTInt1ad1Ch1InBusExtra
2017-01-27 16:18:49-main--INFO -com.ctaf.accelerators.TestEngine:Starting browser : Android
2017-01-27 16:19:15-main--INFO -com.ctaf.accelerators.TestEngine:Current Test : TC_09_RTInt1ad1Ch1InEcoExtras
2017-01-27 16:29:23-main--INFO -com.ctaf.accelerators.TestEngine:Starting browser : Android
2017-01-27 16:29:49-main--INFO -com.ctaf.accelerators.TestEngine:Current Test : TC_09_RTInt1ad1Ch1InEcoExtras
2017-01-27 16:38:00-main--INFO -com.ctaf.accelerators.TestEngine:Starting browser : Android
2017-01-27 16:38:24-main--INFO -com.ctaf.accelerators.TestEngine:Current Test : TC_09_RTInt1ad1Ch1InEcoExtras
2017-01-27 16:45:27-main--INFO -com.ctaf.accelerators.TestEngine:Starting browser : Android
2017-01-27 16:45:38-main--INFO -com.ctaf.accelerators.TestEngine:Starting browser : Android
2017-01-27 16:46:01-main--INFO -com.ctaf.accelerators.TestEngine:Current Test : TC10_oneAudaltOnechildFlexCodeShare
2017-01-27 16:57:26-main--INFO -com.ctaf.accelerators.TestEngine:Starting browser : Android
2017-01-27 16:57:50-main--INFO -com.ctaf.accelerators.TestEngine:Current Test : TC_11_oneAudaltOneChildOneInfantPartCordShare
2017-01-27 16:59:34-main--INFO -com.ctaf.accelerators.TestEngine: Able to get TscreenShot
2017-01-27 17:01:58-main--INFO -com.ctaf.accelerators.TestEngine:Starting browser : Android
2017-01-27 17:02:22-main--INFO -com.ctaf.accelerators.TestEngine:Current Test : TC_11_oneAudaltOneChildOneInfantPartCordShare
2017-01-27 17:04:07-main--INFO -com.ctaf.accelerators.TestEngine: Able to get TscreenShot
2017-01-27 17:05:29-main--INFO -com.ctaf.accelerators.TestEngine:Starting browser : Android
2017-01-27 17:05:52-main--INFO -com.ctaf.accelerators.TestEngine:Current Test : TC_11_oneAudaltOneChildOneInfantPartCordShare
2017-01-27 17:18:41-main--INFO -com.ctaf.accelerators.TestEngine:Starting browser : Android
2017-01-27 17:19:06-main--INFO -com.ctaf.accelerators.TestEngine:Current Test : TC_12_PaywithNasCredit
2017-01-27 17:21:29-main--INFO -com.ctaf.accelerators.TestEngine:Starting browser : Android
2017-01-27 17:21:53-main--INFO -com.ctaf.accelerators.TestEngine:Current Test : TC_12_PaywithNasCredit
2017-01-27 17:24:33-main--INFO -com.ctaf.accelerators.TestEngine:Starting browser : Android
2017-01-27 17:24:57-main--INFO -com.ctaf.accelerators.TestEngine:Current Test : TC_12_PaywithNasCredit
2017-01-27 17:28:07-main--INFO -com.ctaf.accelerators.TestEngine:Starting browser : Android
2017-01-27 17:28:32-main--INFO -com.ctaf.accelerators.TestEngine:Starting browser : Android
2017-01-27 17:28:56-main--INFO -com.ctaf.accelerators.TestEngine:Current Test : TC_12_PaywithNasCredit
2017-01-27 17:32:04-main--INFO -com.ctaf.accelerators.TestEngine:Starting browser : Android
2017-01-27 17:32:22-main--INFO -com.ctaf.accelerators.TestEngine:Starting browser : Android
2017-01-27 17:32:48-main--INFO -com.ctaf.accelerators.TestEngine:Current Test : TC_12_PaywithNasCredit
2017-01-27 17:36:15-main--INFO -com.ctaf.accelerators.TestEngine:Starting browser : Android
2017-01-27 17:36:40-main--INFO -com.ctaf.accelerators.TestEngine:Current Test : TC_12_PaywithNasCredit
2017-01-27 17:39:14-main--INFO -com.ctaf.accelerators.TestEngine: Able to get TscreenShot
2017-01-27 17:40:09-main--INFO -com.ctaf.accelerators.TestEngine:Starting browser : Android
2017-01-27 17:40:44-main--INFO -com.ctaf.accelerators.TestEngine:Starting browser : Android
2017-01-27 17:41:08-main--INFO -com.ctaf.accelerators.TestEngine:Current Test : TC_12_PaywithNasCredit
2017-01-27 17:44:18-main--INFO -com.ctaf.accelerators.TestEngine: Able to get TscreenShot
2017-01-27 17:46:25-main--INFO -com.ctaf.accelerators.TestEngine:Starting browser : Android
2017-01-27 17:46:50-main--INFO -com.ctaf.accelerators.TestEngine:Current Test : TC_12_PaywithNasCredit
2017-01-27 17:47:47-main--INFO -com.ctaf.accelerators.TestEngine:Starting browser : Android
2017-01-27 17:48:12-main--INFO -com.ctaf.accelerators.TestEngine:Current Test : TC_12_PaywithNasCredit
2017-01-27 17:52:00-main--INFO -com.ctaf.accelerators.TestEngine:Starting browser : Android
2017-01-27 17:52:26-main--INFO -com.ctaf.accelerators.TestEngine:Current Test : TC_13_oneWayDomesticBusinessCC
2017-01-27 17:57:23-main--INFO -com.ctaf.accelerators.TestEngine: Able to get TscreenShot
2017-01-27 17:57:52-main--INFO -com.ctaf.accelerators.TestEngine:Starting browser : Android
2017-01-27 17:58:19-main--INFO -com.ctaf.accelerators.TestEngine:Current Test : TC_13_oneWayDomesticBusinessCC
2017-01-27 18:04:12-main--INFO -com.ctaf.accelerators.TestEngine:Starting browser : Android
2017-01-27 18:04:38-main--INFO -com.ctaf.accelerators.TestEngine:Current Test : TC_14_oneWayDomesticBusinessCCEuro
2017-01-27 18:10:00-main--INFO -com.ctaf.accelerators.TestEngine: Able to get TscreenShot
2017-01-27 18:12:22-main--INFO -com.ctaf.accelerators.TestEngine:Starting browser : Android
2017-01-27 18:12:47-main--INFO -com.ctaf.accelerators.TestEngine:Current Test : TC_14_oneWayDomesticBusinessCCEuro
2017-01-27 18:13:28-main--INFO -com.ctaf.accelerators.TestEngine:Starting browser : Android
2017-01-27 18:13:54-main--INFO -com.ctaf.accelerators.TestEngine:Current Test : TC_14_oneWayDomesticBusinessCCEuro
2017-01-27 18:19:36-main--INFO -com.ctaf.accelerators.TestEngine:Starting browser : Android
2017-01-27 18:20:03-main--INFO -com.ctaf.accelerators.TestEngine:Current Test : TC_05_oneWayDomNineAdultCheckin
2017-01-27 18:31:02-main--INFO -com.ctaf.accelerators.TestEngine: Able to get TscreenShot
2017-01-27 18:32:03-main--INFO -com.ctaf.accelerators.TestEngine:Starting browser : Android
2017-01-27 18:32:28-main--INFO -com.ctaf.accelerators.TestEngine:Current Test : TC_04_oneWayDomOneAdultCheckin
2017-01-27 18:37:07-main--INFO -com.ctaf.accelerators.TestEngine:Starting browser : Android
2017-01-27 18:37:33-main--INFO -com.ctaf.accelerators.TestEngine:Current Test : TC_04_oneWayDomOneAdultCheckin
2017-01-27 18:43:04-main--INFO -com.ctaf.accelerators.TestEngine: Able to get TscreenShot
