2017-09-14 11:52:12-main--INFO -com.ctaf.accelerators.TestEngine:Starting browser : iphone
2017-09-14 11:53:15-main--INFO -com.ctaf.accelerators.TestEngine:Current Test : TC_03_oneWayDomesticEconomy_RUH_GIZ
2017-09-14 11:53:24-main--INFO -com.ctaf.accelerators.TestEngine:Able to click on By.xpath: //*[@label='Book flights']
2017-09-14 11:53:41-main--INFO -com.ctaf.accelerators.TestEngine:Able to click on By.xpath: //*[@label='One-way']
2017-09-14 11:53:53-main--INFO -com.ctaf.accelerators.TestEngine:Able to click on By.xpath: //XCUIElementTypeOther[3]/XCUIElementTypeOther[1]/XCUIElementTypeButton
2017-09-14 11:53:58-main--INFO -com.ctaf.accelerators.TestEngine:Able to click on Search
2017-09-14 11:54:06-main--INFO -com.ctaf.accelerators.TestEngine:Typing is performed on Origin
2017-09-14 11:54:08-main--INFO -com.ctaf.accelerators.TestEngine:Able to click on RUH
2017-09-14 11:54:15-main--INFO -com.ctaf.accelerators.TestEngine:Typing is performed on Destination
2017-09-14 11:54:18-main--INFO -com.ctaf.accelerators.TestEngine:Able to click on GIZ
2017-09-14 11:54:22-main--INFO -com.ctaf.accelerators.TestEngine:Able to click on Find Flights
2017-09-14 11:55:23-main--INFO -com.ctaf.accelerators.TestEngine:Able to click on By.xpath: //XCUIElementTypeTable/XCUIElementTypeCell/XCUIElementTypeButton[12]
2017-09-14 11:56:23-main--INFO -com.ctaf.accelerators.TestEngine:Able to click on By.xpath: //*[@label='Continue to Select Extras']
2017-09-14 11:57:29-main--INFO -com.ctaf.accelerators.TestEngine:Able to click on By.xpath: //*[@label='Continue to Select Seat']
2017-09-14 11:57:58-main--INFO -com.ctaf.accelerators.TestEngine:Able to click on By.xpath: //*[@label='Continue to Payment']
2017-09-14 12:14:05-main--INFO -com.ctaf.accelerators.TestEngine:Starting browser : iphone
2017-09-14 12:14:46-main--INFO -com.ctaf.accelerators.TestEngine:Current Test : TC_03_oneWayDomesticEconomy_RUH_GIZ
2017-09-14 12:14:55-main--INFO -com.ctaf.accelerators.TestEngine:Able to click on By.xpath: //*[@label='Book flights']
2017-09-14 12:15:12-main--INFO -com.ctaf.accelerators.TestEngine:Able to click on By.xpath: //*[@label='One-way']
2017-09-14 12:15:24-main--INFO -com.ctaf.accelerators.TestEngine:Able to click on By.xpath: //XCUIElementTypeOther[3]/XCUIElementTypeOther[1]/XCUIElementTypeButton
2017-09-14 12:15:30-main--INFO -com.ctaf.accelerators.TestEngine:Able to click on Search
2017-09-14 12:15:37-main--INFO -com.ctaf.accelerators.TestEngine:Typing is performed on Origin
2017-09-14 12:15:39-main--INFO -com.ctaf.accelerators.TestEngine:Able to click on RUH
2017-09-14 12:15:46-main--INFO -com.ctaf.accelerators.TestEngine:Typing is performed on Destination
2017-09-14 12:15:49-main--INFO -com.ctaf.accelerators.TestEngine:Able to click on GIZ
2017-09-14 12:15:54-main--INFO -com.ctaf.accelerators.TestEngine:Able to click on Find Flights
2017-09-14 12:16:53-main--INFO -com.ctaf.accelerators.TestEngine:Able to click on By.xpath: //XCUIElementTypeTable/XCUIElementTypeCell/XCUIElementTypeButton[12]
2017-09-14 12:17:54-main--INFO -com.ctaf.accelerators.TestEngine:Able to click on By.xpath: //*[@label='Continue to Select Extras']
2017-09-14 12:19:00-main--INFO -com.ctaf.accelerators.TestEngine:Able to click on By.xpath: //*[@label='Continue to Select Seat']
2017-09-14 12:19:25-main--INFO -com.ctaf.accelerators.TestEngine:Able to click on By.xpath: //*[@label='Continue to Payment']
2017-09-14 12:50:43-main--INFO -com.ctaf.accelerators.TestEngine:Starting browser : iphone
2017-09-14 12:51:24-main--INFO -com.ctaf.accelerators.TestEngine:Current Test : TC_03_oneWayDomesticEconomy_RUH_GIZ
2017-09-14 12:51:33-main--INFO -com.ctaf.accelerators.TestEngine:Able to click on By.xpath: //*[@label='Book flights']
2017-09-14 12:51:50-main--INFO -com.ctaf.accelerators.TestEngine:Able to click on By.xpath: //*[@label='One-way']
2017-09-14 12:52:02-main--INFO -com.ctaf.accelerators.TestEngine:Able to click on By.xpath: //XCUIElementTypeOther[3]/XCUIElementTypeOther[1]/XCUIElementTypeButton
2017-09-14 12:52:08-main--INFO -com.ctaf.accelerators.TestEngine:Able to click on Search
2017-09-14 12:52:15-main--INFO -com.ctaf.accelerators.TestEngine:Typing is performed on Origin
2017-09-14 12:52:18-main--INFO -com.ctaf.accelerators.TestEngine:Able to click on RUH
2017-09-14 12:52:24-main--INFO -com.ctaf.accelerators.TestEngine:Typing is performed on Destination
2017-09-14 12:52:27-main--INFO -com.ctaf.accelerators.TestEngine:Able to click on GIZ
2017-09-14 12:52:32-main--INFO -com.ctaf.accelerators.TestEngine:Able to click on Find Flights
2017-09-14 12:53:32-main--INFO -com.ctaf.accelerators.TestEngine:Able to click on By.xpath: //XCUIElementTypeTable/XCUIElementTypeCell/XCUIElementTypeButton[12]
2017-09-14 12:54:32-main--INFO -com.ctaf.accelerators.TestEngine:Able to click on By.xpath: //*[@label='Continue to Select Extras']
2017-09-14 12:55:38-main--INFO -com.ctaf.accelerators.TestEngine:Able to click on By.xpath: //*[@label='Continue to Select Seat']
2017-09-14 13:00:59-main--INFO -com.ctaf.accelerators.TestEngine:Able to click on By.xpath: //*[@label='Continue to Payment']
2017-09-14 13:01:49-main--INFO -com.ctaf.accelerators.TestEngine:Unable to click on By.xpath: XCUIElementTypeScrollView/XCUIElementTypeOther/XCUIElementTypeOther[2]/XCUIElementTypeOther/XCUIElementTypeOther[4]/XCUIElementTypeOther[3]/XCUIElementTypeButton
2017-09-14 13:01:50-main--INFO -com.ctaf.accelerators.TestEngine: Able to get TscreenShot
2017-09-14 13:13:00-main--INFO -com.ctaf.accelerators.TestEngine:Starting browser : iphone
2017-09-14 13:13:41-main--INFO -com.ctaf.accelerators.TestEngine:Current Test : TC_03_oneWayDomesticEconomy_RUH_GIZ
2017-09-14 13:13:50-main--INFO -com.ctaf.accelerators.TestEngine:Able to click on By.xpath: //*[@label='Book flights']
2017-09-14 13:14:07-main--INFO -com.ctaf.accelerators.TestEngine:Able to click on By.xpath: //*[@label='One-way']
2017-09-14 13:14:19-main--INFO -com.ctaf.accelerators.TestEngine:Able to click on By.xpath: //XCUIElementTypeOther[3]/XCUIElementTypeOther[1]/XCUIElementTypeButton
2017-09-14 13:14:25-main--INFO -com.ctaf.accelerators.TestEngine:Able to click on Search
2017-09-14 13:14:32-main--INFO -com.ctaf.accelerators.TestEngine:Typing is performed on Origin
2017-09-14 13:14:35-main--INFO -com.ctaf.accelerators.TestEngine:Able to click on RUH
2017-09-14 13:14:41-main--INFO -com.ctaf.accelerators.TestEngine:Typing is performed on Destination
2017-09-14 13:14:44-main--INFO -com.ctaf.accelerators.TestEngine:Able to click on GIZ
2017-09-14 13:14:49-main--INFO -com.ctaf.accelerators.TestEngine:Able to click on Find Flights
2017-09-14 13:15:50-main--INFO -com.ctaf.accelerators.TestEngine:Able to click on By.xpath: //XCUIElementTypeTable/XCUIElementTypeCell/XCUIElementTypeButton[12]
2017-09-14 13:16:50-main--INFO -com.ctaf.accelerators.TestEngine:Able to click on By.xpath: //*[@label='Continue to Select Extras']
2017-09-14 13:17:56-main--INFO -com.ctaf.accelerators.TestEngine:Able to click on By.xpath: //*[@label='Continue to Select Seat']
2017-09-14 13:18:26-main--INFO -com.ctaf.accelerators.TestEngine:Able to click on By.xpath: //*[@label='Continue to Payment']
2017-09-14 13:18:39-main--INFO -com.ctaf.accelerators.TestEngine:Able to click on Other Payment Options
2017-09-14 13:24:46-main--INFO -com.ctaf.accelerators.TestEngine:Starting browser : iphone
2017-09-14 13:25:27-main--INFO -com.ctaf.accelerators.TestEngine:Current Test : TC_03_oneWayDomesticEconomy_RUH_GIZ
2017-09-14 13:25:36-main--INFO -com.ctaf.accelerators.TestEngine:Able to click on By.xpath: //*[@label='Book flights']
2017-09-14 13:25:54-main--INFO -com.ctaf.accelerators.TestEngine:Able to click on By.xpath: //*[@label='One-way']
2017-09-14 13:26:05-main--INFO -com.ctaf.accelerators.TestEngine:Able to click on By.xpath: //XCUIElementTypeOther[3]/XCUIElementTypeOther[1]/XCUIElementTypeButton
2017-09-14 13:26:11-main--INFO -com.ctaf.accelerators.TestEngine:Able to click on Search
2017-09-14 13:26:18-main--INFO -com.ctaf.accelerators.TestEngine:Typing is performed on Origin
2017-09-14 13:26:21-main--INFO -com.ctaf.accelerators.TestEngine:Able to click on RUH
2017-09-14 13:26:27-main--INFO -com.ctaf.accelerators.TestEngine:Typing is performed on Destination
2017-09-14 13:26:30-main--INFO -com.ctaf.accelerators.TestEngine:Able to click on GIZ
2017-09-14 13:26:35-main--INFO -com.ctaf.accelerators.TestEngine:Able to click on Find Flights
2017-09-14 13:27:35-main--INFO -com.ctaf.accelerators.TestEngine:Able to click on By.xpath: //XCUIElementTypeTable/XCUIElementTypeCell/XCUIElementTypeButton[12]
2017-09-14 13:28:35-main--INFO -com.ctaf.accelerators.TestEngine:Able to click on By.xpath: //*[@label='Continue to Select Extras']
2017-09-14 13:29:41-main--INFO -com.ctaf.accelerators.TestEngine:Able to click on By.xpath: //*[@label='Continue to Select Seat']
2017-09-14 13:30:55-main--INFO -com.ctaf.accelerators.TestEngine:Able to click on By.xpath: //*[@label='Continue to Payment']
2017-09-14 13:31:31-main--INFO -com.ctaf.accelerators.TestEngine:Able to click on By.xpath: //*[@label='Other Payment Options']/preceding-sibling::XCUIElementTypeButton
2017-09-14 13:32:20-main--INFO -com.ctaf.accelerators.TestEngine:Typing is performed on Card Number
2017-09-14 13:32:44-main--INFO -com.ctaf.accelerators.TestEngine:Typing is performed on Card Holder Name
2017-09-14 13:36:13-main--INFO -com.ctaf.accelerators.TestEngine:Typing is performed on Expiry Date
2017-09-14 13:36:38-main--INFO -com.ctaf.accelerators.TestEngine:Typing is performed on cvv
2017-09-14 13:36:47-main--INFO -com.ctaf.accelerators.TestEngine:Able to click on Purchase
2017-09-14 15:01:18-main--INFO -com.ctaf.accelerators.TestEngine:Starting browser : iphone
2017-09-14 15:02:01-main--INFO -com.ctaf.accelerators.TestEngine:Current Test : TC_03_oneWayDomesticEconomy_RUH_GIZ
2017-09-14 15:02:10-main--INFO -com.ctaf.accelerators.TestEngine:Able to click on By.xpath: //*[@label='Book flights']
2017-09-14 15:02:27-main--INFO -com.ctaf.accelerators.TestEngine:Able to click on By.xpath: //*[@label='One-way']
2017-09-14 15:02:39-main--INFO -com.ctaf.accelerators.TestEngine:Able to click on By.xpath: //XCUIElementTypeOther[3]/XCUIElementTypeOther[1]/XCUIElementTypeButton
2017-09-14 15:02:45-main--INFO -com.ctaf.accelerators.TestEngine:Able to click on Search
2017-09-14 15:02:52-main--INFO -com.ctaf.accelerators.TestEngine:Typing is performed on Origin
2017-09-14 15:02:54-main--INFO -com.ctaf.accelerators.TestEngine:Able to click on RUH
2017-09-14 15:03:01-main--INFO -com.ctaf.accelerators.TestEngine:Typing is performed on Destination
2017-09-14 15:03:04-main--INFO -com.ctaf.accelerators.TestEngine:Able to click on GIZ
2017-09-14 15:03:09-main--INFO -com.ctaf.accelerators.TestEngine:Able to click on Find Flights
2017-09-14 15:04:07-main--INFO -com.ctaf.accelerators.TestEngine:Able to click on By.xpath: //XCUIElementTypeTable/XCUIElementTypeCell/XCUIElementTypeButton[12]
2017-09-14 15:05:07-main--INFO -com.ctaf.accelerators.TestEngine:Able to click on By.xpath: //*[@label='Continue to Select Extras']
2017-09-14 15:07:46-main--INFO -com.ctaf.accelerators.TestEngine:Able to click on By.xpath: //*[@label='Continue to Select Seat']
2017-09-14 15:08:17-main--INFO -com.ctaf.accelerators.TestEngine:Able to click on By.xpath: //*[@label='Continue to Payment']
2017-09-14 15:08:39-main--INFO -com.ctaf.accelerators.TestEngine:Able to click on By.xpath: //*[@label='Other Payment Options']/preceding-sibling::XCUIElementTypeButton
2017-09-14 15:10:09-main--INFO -com.ctaf.accelerators.TestEngine:Typing is performed on Card Number
2017-09-14 15:11:11-main--INFO -com.ctaf.accelerators.TestEngine:Typing is performed on Card Holder Name
2017-09-14 15:11:54-main--INFO -com.ctaf.accelerators.TestEngine:Typing is performed on Expiry Date
2017-09-14 15:12:21-main--INFO -com.ctaf.accelerators.TestEngine:Typing is performed on cvv
2017-09-14 15:12:48-main--INFO -com.ctaf.accelerators.TestEngine:Able to click on Purchase
2017-09-14 15:24:52-main--INFO -com.ctaf.accelerators.TestEngine:Starting browser : iphone
2017-09-14 15:25:34-main--INFO -com.ctaf.accelerators.TestEngine:Current Test : TC_03_oneWayDomesticEconomy_RUH_GIZ
2017-09-14 15:25:42-main--INFO -com.ctaf.accelerators.TestEngine:Able to click on By.xpath: //*[@label='Book flights']
2017-09-14 15:26:00-main--INFO -com.ctaf.accelerators.TestEngine:Able to click on By.xpath: //*[@label='One-way']
2017-09-14 15:26:12-main--INFO -com.ctaf.accelerators.TestEngine:Able to click on By.xpath: //XCUIElementTypeOther[3]/XCUIElementTypeOther[1]/XCUIElementTypeButton
2017-09-14 15:26:17-main--INFO -com.ctaf.accelerators.TestEngine:Able to click on Search
2017-09-14 15:26:25-main--INFO -com.ctaf.accelerators.TestEngine:Typing is performed on Origin
2017-09-14 15:26:27-main--INFO -com.ctaf.accelerators.TestEngine:Able to click on RUH
2017-09-14 15:26:34-main--INFO -com.ctaf.accelerators.TestEngine:Typing is performed on Destination
2017-09-14 15:26:36-main--INFO -com.ctaf.accelerators.TestEngine:Able to click on GIZ
2017-09-14 15:26:41-main--INFO -com.ctaf.accelerators.TestEngine:Able to click on Find Flights
2017-09-14 15:27:40-main--INFO -com.ctaf.accelerators.TestEngine:Able to click on By.xpath: //XCUIElementTypeTable/XCUIElementTypeCell/XCUIElementTypeButton[12]
2017-09-14 15:28:43-main--INFO -com.ctaf.accelerators.TestEngine:Able to click on By.xpath: //*[@label='Continue to Select Extras']
2017-09-14 15:29:49-main--INFO -com.ctaf.accelerators.TestEngine:Able to click on By.xpath: //*[@label='Continue to Select Seat']
2017-09-14 15:30:27-main--INFO -com.ctaf.accelerators.TestEngine:Able to click on By.xpath: //*[@label='Continue to Payment']
2017-09-14 15:31:01-main--INFO -com.ctaf.accelerators.TestEngine:Able to click on By.xpath: //*[@label='Other Payment Options']/preceding-sibling::XCUIElementTypeButton
2017-09-14 15:31:20-main--INFO -com.ctaf.accelerators.TestEngine:Typing is performed on Card Number
2017-09-14 15:31:42-main--INFO -com.ctaf.accelerators.TestEngine:Typing is performed on Card Holder Name
2017-09-14 15:35:10-main--INFO -com.ctaf.accelerators.TestEngine:Typing is performed on Expiry Date
2017-09-14 15:35:32-main--INFO -com.ctaf.accelerators.TestEngine:Typing is performed on cvv
2017-09-14 15:35:41-main--INFO -com.ctaf.accelerators.TestEngine:Able to click on Purchase
2017-09-14 15:36:43-main--INFO -com.ctaf.accelerators.TestEngine: Able to get TscreenShot
2017-09-14 17:34:38-main--INFO -com.ctaf.accelerators.TestEngine:Starting browser : iphone
2017-09-14 17:35:25-main--INFO -com.ctaf.accelerators.TestEngine:Starting browser : iphone
2017-09-14 17:37:16-main--INFO -com.ctaf.accelerators.TestEngine:Starting browser : iphone
2017-09-14 17:38:01-main--INFO -com.ctaf.accelerators.TestEngine:Current Test : TC_03_oneWayDomesticEconomy_RUH_GIZ
2017-09-14 17:38:09-main--INFO -com.ctaf.accelerators.TestEngine:Able to click on By.xpath: //*[@label='Book flights']
2017-09-14 17:39:53-main--INFO -com.ctaf.accelerators.TestEngine:Able to click on By.xpath: //*[@label='One-way']
2017-09-14 17:40:18-main--INFO -com.ctaf.accelerators.TestEngine:Able to click on By.xpath: //XCUIElementTypeOther[3]/XCUIElementTypeOther[1]/XCUIElementTypeButton
2017-09-14 17:40:37-main--INFO -com.ctaf.accelerators.TestEngine:Able to click on Search
2017-09-14 17:40:48-main--INFO -com.ctaf.accelerators.TestEngine:Typing is performed on Origin
2017-09-14 17:40:59-main--INFO -com.ctaf.accelerators.TestEngine:Able to click on RUH
2017-09-14 17:41:09-main--INFO -com.ctaf.accelerators.TestEngine:Typing is performed on Destination
2017-09-14 17:41:13-main--INFO -com.ctaf.accelerators.TestEngine:Able to click on GIZ
2017-09-14 20:08:43-main--INFO -com.ctaf.accelerators.TestEngine:Starting browser : iphone
2017-09-14 20:09:26-main--INFO -com.ctaf.accelerators.TestEngine:Current Test : TC_03_oneWayDomesticEconomy_RUH_GIZ
2017-09-14 20:09:35-main--INFO -com.ctaf.accelerators.TestEngine:Able to click on By.xpath: //*[@label='Book flights']
