2017-05-31 14:20:43-main--INFO -com.ctaf.accelerators.TestEngine:Starting browser : iphone
2017-05-31 14:21:35-main--INFO -com.ctaf.accelerators.TestEngine:Current Test : TC_01_oneWayDomesticEconomy_RUH_JED
2017-05-31 14:21:40-main--INFO -com.ctaf.accelerators.TestEngine:Able to click on By.xpath: //XCUIElementTypeOther/*[@label='btn menu']
2017-05-31 14:21:46-main--INFO -com.ctaf.accelerators.TestEngine:Able to click on By.xpath: //XCUIElementTypeCell[1]/*[@label='Login']
2017-05-31 14:21:52-main--INFO -com.ctaf.accelerators.TestEngine:Typing is performed on EmailAddress
2017-05-31 14:21:57-main--INFO -com.ctaf.accelerators.TestEngine:Typing is performed on Password
2017-05-31 14:22:05-main--INFO -com.ctaf.accelerators.TestEngine:Able to click on By.xpath: //*[@label='Login']
2017-05-31 14:22:10-main--INFO -com.ctaf.accelerators.TestEngine:Able to click on By.xpath: //*[@label='Book flights']
2017-05-31 14:22:17-main--INFO -com.ctaf.accelerators.TestEngine:Able to click on By.xpath: //*[@label='One-way']
2017-05-31 14:22:24-main--INFO -com.ctaf.accelerators.TestEngine:Able to click on By.xpath: //XCUIElementTypeOther[3]/XCUIElementTypeOther[1]/XCUIElementTypeButton
2017-05-31 14:22:29-main--INFO -com.ctaf.accelerators.TestEngine:Able to click on Search
2017-05-31 14:22:35-main--INFO -com.ctaf.accelerators.TestEngine:Typing is performed on Origin
2017-05-31 14:22:38-main--INFO -com.ctaf.accelerators.TestEngine:Able to click on RUH
2017-05-31 14:22:44-main--INFO -com.ctaf.accelerators.TestEngine:Typing is performed on Destination
2017-05-31 14:22:46-main--INFO -com.ctaf.accelerators.TestEngine:Able to click on JED
2017-05-31 14:22:49-main--INFO -com.ctaf.accelerators.TestEngine:Able to click on Find Flights
2017-05-31 14:23:35-main--INFO -com.ctaf.accelerators.TestEngine:Able to click on By.xpath: //XCUIElementTypeTable/XCUIElementTypeCell[1]/XCUIElementTypeButton[3]
2017-05-31 14:23:57-main--INFO -com.ctaf.accelerators.TestEngine:Able to click on By.xpath: //*[@label='Continue to Select Extras']
2017-05-31 14:25:20-main--INFO -com.ctaf.accelerators.TestEngine:Starting browser : iphone
2017-05-31 14:26:01-main--INFO -com.ctaf.accelerators.TestEngine:Current Test : TC_01_oneWayDomesticEconomy_RUH_JED
2017-05-31 14:26:07-main--INFO -com.ctaf.accelerators.TestEngine:Able to click on By.xpath: //XCUIElementTypeOther/*[@label='btn menu']
2017-05-31 14:27:09-main--INFO -com.ctaf.accelerators.TestEngine: Able to get TscreenShot
2017-05-31 14:27:30-main--INFO -com.ctaf.accelerators.TestEngine:Current Test : TC_02_oneWayDomesticEconomy_RUH_DMM
2017-05-31 14:27:35-main--INFO -com.ctaf.accelerators.TestEngine:Able to click on By.xpath: //*[@label='Book flights']
2017-05-31 14:27:42-main--INFO -com.ctaf.accelerators.TestEngine:Able to click on By.xpath: //*[@label='One-way']
2017-05-31 14:27:49-main--INFO -com.ctaf.accelerators.TestEngine:Able to click on By.xpath: //XCUIElementTypeOther[3]/XCUIElementTypeOther[1]/XCUIElementTypeButton
2017-05-31 14:27:54-main--INFO -com.ctaf.accelerators.TestEngine:Able to click on Search
2017-05-31 14:28:00-main--INFO -com.ctaf.accelerators.TestEngine:Typing is performed on Origin
2017-05-31 14:28:03-main--INFO -com.ctaf.accelerators.TestEngine:Able to click on RUH
2017-05-31 14:28:09-main--INFO -com.ctaf.accelerators.TestEngine:Typing is performed on Destination
2017-05-31 14:28:11-main--INFO -com.ctaf.accelerators.TestEngine:Able to click on DMM
2017-05-31 14:28:14-main--INFO -com.ctaf.accelerators.TestEngine:Able to click on Find Flights
2017-05-31 14:29:03-main--INFO -com.ctaf.accelerators.TestEngine:Able to click on By.xpath: //XCUIElementTypeTable/XCUIElementTypeCell[1]/XCUIElementTypeButton[3]
2017-05-31 14:29:25-main--INFO -com.ctaf.accelerators.TestEngine:Able to click on By.xpath: //*[@label='Continue to Select Extras']
2017-05-31 14:29:42-main--INFO -com.ctaf.accelerators.TestEngine:Able to click on By.xpath: //*[@label='Continue to Select Seat']
2017-05-31 14:29:50-main--INFO -com.ctaf.accelerators.TestEngine:Able to click on By.xpath: //*[@label='Continue to Payment']
2017-05-31 14:29:57-main--INFO -com.ctaf.accelerators.TestEngine:Typing is performed on Card Number
2017-05-31 14:30:06-main--INFO -com.ctaf.accelerators.TestEngine:Typing is performed on Card Holder Name
2017-05-31 14:30:18-main--INFO -com.ctaf.accelerators.TestEngine:Typing is performed on Expiry Date
2017-05-31 14:30:26-main--INFO -com.ctaf.accelerators.TestEngine:Typing is performed on cvv
2017-05-31 14:30:35-main--INFO -com.ctaf.accelerators.TestEngine:Able to click on Purchase
2017-05-31 14:30:59-main--INFO -com.ctaf.accelerators.TestEngine:Able to click on By.xpath: //*[@label='icn home']
2017-05-31 14:31:56-main--INFO -com.ctaf.accelerators.TestEngine:Able to click on By.xpath: //*[@label='Online check-in']
2017-05-31 14:32:09-main--INFO -com.ctaf.accelerators.TestEngine:Able to click on By.xpath: //*[@label='CCLRQX']/following-sibling::XCUIElementTypeButton
2017-05-31 14:32:18-main--INFO -com.ctaf.accelerators.TestEngine:Able to click on By.xpath: //*[@label='I agree to the Terms and Conditions.']/preceding-sibling::XCUIElementTypeButton
2017-05-31 14:32:23-main--INFO -com.ctaf.accelerators.TestEngine:Able to click on By.xpath: //*[@label='Continue']
2017-05-31 14:32:30-main--INFO -com.ctaf.accelerators.TestEngine:Able to click on By.xpath: //*[@label='Continue']
2017-05-31 14:32:35-main--INFO -com.ctaf.accelerators.TestEngine:Able to click on By.xpath: //*[@label='Continue to Payment']
2017-05-31 14:32:43-main--INFO -com.ctaf.accelerators.TestEngine:Able to click on By.xpath: //*[@label='Continue']
2017-05-31 14:33:07-main--INFO -com.ctaf.accelerators.TestEngine:Current Test : TC_03_oneWayDomesticEconomy_RUH_GIZ
2017-05-31 14:33:12-main--INFO -com.ctaf.accelerators.TestEngine:Able to click on By.xpath: //*[@label='Book flights']
2017-05-31 14:33:19-main--INFO -com.ctaf.accelerators.TestEngine:Able to click on By.xpath: //*[@label='One-way']
2017-05-31 14:33:25-main--INFO -com.ctaf.accelerators.TestEngine:Able to click on By.xpath: //XCUIElementTypeOther[3]/XCUIElementTypeOther[1]/XCUIElementTypeButton
2017-05-31 14:33:31-main--INFO -com.ctaf.accelerators.TestEngine:Able to click on Search
2017-05-31 14:33:37-main--INFO -com.ctaf.accelerators.TestEngine:Typing is performed on Origin
2017-05-31 14:33:39-main--INFO -com.ctaf.accelerators.TestEngine:Able to click on RUH
2017-05-31 14:33:46-main--INFO -com.ctaf.accelerators.TestEngine:Typing is performed on Destination
2017-05-31 14:33:48-main--INFO -com.ctaf.accelerators.TestEngine:Able to click on GIZ
2017-05-31 14:33:51-main--INFO -com.ctaf.accelerators.TestEngine:Able to click on Find Flights
2017-05-31 14:35:09-main--INFO -com.ctaf.accelerators.TestEngine:Able to click on By.xpath: //XCUIElementTypeTable/XCUIElementTypeCell[3]/XCUIElementTypeButton[3]
2017-05-31 14:35:31-main--INFO -com.ctaf.accelerators.TestEngine:Able to click on By.xpath: //*[@label='Continue to Select Extras']
2017-05-31 14:36:04-main--INFO -com.ctaf.accelerators.TestEngine:Able to click on By.xpath: //*[@label='Continue to Select Seat']
2017-05-31 14:36:12-main--INFO -com.ctaf.accelerators.TestEngine:Able to click on By.xpath: //*[@label='Continue to Payment']
2017-05-31 14:36:19-main--INFO -com.ctaf.accelerators.TestEngine:Typing is performed on Card Number
2017-05-31 14:36:27-main--INFO -com.ctaf.accelerators.TestEngine:Typing is performed on Card Holder Name
2017-05-31 14:36:40-main--INFO -com.ctaf.accelerators.TestEngine:Typing is performed on Expiry Date
2017-05-31 14:36:48-main--INFO -com.ctaf.accelerators.TestEngine:Typing is performed on cvv
2017-05-31 14:36:57-main--INFO -com.ctaf.accelerators.TestEngine:Able to click on Purchase
2017-05-31 14:37:22-main--INFO -com.ctaf.accelerators.TestEngine:Able to click on By.xpath: //*[@label='icn home']
2017-05-31 14:37:28-main--INFO -com.ctaf.accelerators.TestEngine:Able to click on By.xpath: //*[@label='Online check-in']
2017-05-31 14:37:41-main--INFO -com.ctaf.accelerators.TestEngine:Able to click on By.xpath: //*[@label='U8CNSZ']/following-sibling::XCUIElementTypeButton
2017-05-31 14:37:50-main--INFO -com.ctaf.accelerators.TestEngine:Able to click on By.xpath: //*[@label='I agree to the Terms and Conditions.']/preceding-sibling::XCUIElementTypeButton
2017-05-31 14:37:56-main--INFO -com.ctaf.accelerators.TestEngine:Able to click on By.xpath: //*[@label='Continue']
2017-05-31 14:38:03-main--INFO -com.ctaf.accelerators.TestEngine:Able to click on By.xpath: //*[@label='Continue']
2017-05-31 14:38:08-main--INFO -com.ctaf.accelerators.TestEngine:Able to click on By.xpath: //*[@label='Continue to Payment']
2017-05-31 14:38:17-main--INFO -com.ctaf.accelerators.TestEngine:Able to click on By.xpath: //*[@label='Continue']
2017-05-31 14:38:42-main--INFO -com.ctaf.accelerators.TestEngine:Current Test : TC_04_oneWayDomesticEconomy_RUH_MED
2017-05-31 14:38:47-main--INFO -com.ctaf.accelerators.TestEngine:Able to click on By.xpath: //*[@label='Book flights']
2017-05-31 14:38:54-main--INFO -com.ctaf.accelerators.TestEngine:Able to click on By.xpath: //*[@label='One-way']
2017-05-31 14:39:00-main--INFO -com.ctaf.accelerators.TestEngine:Able to click on By.xpath: //XCUIElementTypeOther[3]/XCUIElementTypeOther[1]/XCUIElementTypeButton
2017-05-31 14:39:06-main--INFO -com.ctaf.accelerators.TestEngine:Able to click on Search
2017-05-31 14:39:12-main--INFO -com.ctaf.accelerators.TestEngine:Typing is performed on Origin
2017-05-31 14:39:15-main--INFO -com.ctaf.accelerators.TestEngine:Able to click on RUH
2017-05-31 14:39:20-main--INFO -com.ctaf.accelerators.TestEngine:Typing is performed on Destination
2017-05-31 14:39:23-main--INFO -com.ctaf.accelerators.TestEngine:Able to click on MED
2017-05-31 14:39:26-main--INFO -com.ctaf.accelerators.TestEngine:Able to click on Find Flights
2017-05-31 14:40:06-main--INFO -com.ctaf.accelerators.TestEngine:Able to click on By.xpath: //XCUIElementTypeTable/XCUIElementTypeCell[1]/XCUIElementTypeButton[3]
2017-05-31 14:40:27-main--INFO -com.ctaf.accelerators.TestEngine:Able to click on By.xpath: //*[@label='Continue to Select Extras']
2017-05-31 14:45:14-main--INFO -com.ctaf.accelerators.TestEngine: Able to get TscreenShot
2017-05-31 14:45:35-main--INFO -com.ctaf.accelerators.TestEngine:Current Test : TC_05_oneWayDomesticEconomy_RUH_TIF
2017-05-31 14:45:41-main--INFO -com.ctaf.accelerators.TestEngine:Able to click on By.xpath: //*[@label='Book flights']
2017-05-31 14:45:47-main--INFO -com.ctaf.accelerators.TestEngine:Able to click on By.xpath: //*[@label='One-way']
2017-05-31 14:45:54-main--INFO -com.ctaf.accelerators.TestEngine:Able to click on By.xpath: //XCUIElementTypeOther[3]/XCUIElementTypeOther[1]/XCUIElementTypeButton
2017-05-31 14:46:00-main--INFO -com.ctaf.accelerators.TestEngine:Able to click on Search
2017-05-31 14:46:06-main--INFO -com.ctaf.accelerators.TestEngine:Typing is performed on Origin
2017-05-31 14:46:08-main--INFO -com.ctaf.accelerators.TestEngine:Able to click on RUH
2017-05-31 14:46:14-main--INFO -com.ctaf.accelerators.TestEngine:Typing is performed on Destination
2017-05-31 14:46:17-main--INFO -com.ctaf.accelerators.TestEngine:Able to click on TIF
2017-05-31 14:46:20-main--INFO -com.ctaf.accelerators.TestEngine:Able to click on Find Flights
2017-05-31 14:46:45-main--INFO -com.ctaf.accelerators.TestEngine:Able to click on By.xpath: //*[@label='icn arrow right red']
2017-05-31 14:47:25-main--INFO -com.ctaf.accelerators.TestEngine:Able to click on By.xpath: //XCUIElementTypeTable/XCUIElementTypeCell[1]/XCUIElementTypeButton[3]
2017-05-31 14:47:47-main--INFO -com.ctaf.accelerators.TestEngine:Able to click on By.xpath: //*[@label='Continue to Select Extras']
2017-05-31 14:48:05-main--INFO -com.ctaf.accelerators.TestEngine:Able to click on By.xpath: //*[@label='Continue to Select Seat']
2017-05-31 14:48:13-main--INFO -com.ctaf.accelerators.TestEngine:Able to click on By.xpath: //*[@label='Continue to Payment']
2017-05-31 14:48:20-main--INFO -com.ctaf.accelerators.TestEngine:Typing is performed on Card Number
2017-05-31 14:48:29-main--INFO -com.ctaf.accelerators.TestEngine:Typing is performed on Card Holder Name
2017-05-31 14:48:41-main--INFO -com.ctaf.accelerators.TestEngine:Typing is performed on Expiry Date
2017-05-31 14:48:49-main--INFO -com.ctaf.accelerators.TestEngine:Typing is performed on cvv
2017-05-31 14:48:58-main--INFO -com.ctaf.accelerators.TestEngine:Able to click on Purchase
2017-05-31 14:49:24-main--INFO -com.ctaf.accelerators.TestEngine:Able to click on By.xpath: //*[@label='icn home']
2017-05-31 14:49:30-main--INFO -com.ctaf.accelerators.TestEngine:Able to click on By.xpath: //*[@label='Online check-in']
2017-05-31 14:49:43-main--INFO -com.ctaf.accelerators.TestEngine:Able to click on By.xpath: //*[@label='B4G3QS']/following-sibling::XCUIElementTypeButton
2017-05-31 14:49:51-main--INFO -com.ctaf.accelerators.TestEngine:Able to click on By.xpath: //*[@label='I agree to the Terms and Conditions.']/preceding-sibling::XCUIElementTypeButton
2017-05-31 14:49:57-main--INFO -com.ctaf.accelerators.TestEngine:Able to click on By.xpath: //*[@label='Continue']
2017-05-31 14:50:04-main--INFO -com.ctaf.accelerators.TestEngine:Able to click on By.xpath: //*[@label='Continue']
2017-05-31 14:50:09-main--INFO -com.ctaf.accelerators.TestEngine:Able to click on By.xpath: //*[@label='Continue to Payment']
2017-05-31 14:50:17-main--INFO -com.ctaf.accelerators.TestEngine:Able to click on By.xpath: //*[@label='Continue']
2017-05-31 14:50:44-main--INFO -com.ctaf.accelerators.TestEngine:Current Test : TC_06_oneWayDomesticEconomy_RUH_HAS
2017-05-31 14:50:50-main--INFO -com.ctaf.accelerators.TestEngine:Able to click on By.xpath: //*[@label='Book flights']
2017-05-31 14:50:56-main--INFO -com.ctaf.accelerators.TestEngine:Able to click on By.xpath: //*[@label='One-way']
2017-05-31 14:51:03-main--INFO -com.ctaf.accelerators.TestEngine:Able to click on By.xpath: //XCUIElementTypeOther[3]/XCUIElementTypeOther[1]/XCUIElementTypeButton
2017-05-31 14:51:08-main--INFO -com.ctaf.accelerators.TestEngine:Able to click on Search
2017-05-31 14:51:14-main--INFO -com.ctaf.accelerators.TestEngine:Typing is performed on Origin
2017-05-31 14:51:17-main--INFO -com.ctaf.accelerators.TestEngine:Able to click on RUH
2017-05-31 14:51:23-main--INFO -com.ctaf.accelerators.TestEngine:Typing is performed on Destination
2017-05-31 14:51:25-main--INFO -com.ctaf.accelerators.TestEngine:Able to click on HAS
2017-05-31 14:51:29-main--INFO -com.ctaf.accelerators.TestEngine:Able to click on Find Flights
2017-05-31 14:51:50-main--INFO -com.ctaf.accelerators.TestEngine:Able to click on By.xpath: //XCUIElementTypeTable/XCUIElementTypeCell[1]/XCUIElementTypeButton[3]
2017-05-31 14:52:11-main--INFO -com.ctaf.accelerators.TestEngine:Able to click on By.xpath: //*[@label='Continue to Select Extras']
2017-05-31 14:52:29-main--INFO -com.ctaf.accelerators.TestEngine:Able to click on By.xpath: //*[@label='Continue to Select Seat']
2017-05-31 14:52:36-main--INFO -com.ctaf.accelerators.TestEngine:Able to click on By.xpath: //*[@label='Continue to Payment']
2017-05-31 14:52:43-main--INFO -com.ctaf.accelerators.TestEngine:Typing is performed on Card Number
2017-05-31 14:52:52-main--INFO -com.ctaf.accelerators.TestEngine:Typing is performed on Card Holder Name
2017-05-31 14:53:04-main--INFO -com.ctaf.accelerators.TestEngine:Typing is performed on Expiry Date
2017-05-31 14:53:12-main--INFO -com.ctaf.accelerators.TestEngine:Typing is performed on cvv
2017-05-31 14:53:21-main--INFO -com.ctaf.accelerators.TestEngine:Able to click on Purchase
2017-05-31 14:53:46-main--INFO -com.ctaf.accelerators.TestEngine:Able to click on By.xpath: //*[@label='icn home']
2017-05-31 14:53:51-main--INFO -com.ctaf.accelerators.TestEngine:Able to click on By.xpath: //*[@label='Online check-in']
2017-05-31 14:53:57-main--INFO -com.ctaf.accelerators.TestEngine:Able to click on By.xpath: //*[@label='NF427B']/following-sibling::XCUIElementTypeButton
2017-05-31 14:54:06-main--INFO -com.ctaf.accelerators.TestEngine:Able to click on By.xpath: //*[@label='I agree to the Terms and Conditions.']/preceding-sibling::XCUIElementTypeButton
2017-05-31 14:54:11-main--INFO -com.ctaf.accelerators.TestEngine:Able to click on By.xpath: //*[@label='Continue']
2017-05-31 14:54:18-main--INFO -com.ctaf.accelerators.TestEngine:Able to click on By.xpath: //*[@label='Continue']
2017-05-31 14:54:23-main--INFO -com.ctaf.accelerators.TestEngine:Able to click on By.xpath: //*[@label='Continue to Payment']
2017-05-31 14:54:31-main--INFO -com.ctaf.accelerators.TestEngine:Able to click on By.xpath: //*[@label='Continue']
2017-05-31 14:54:55-main--INFO -com.ctaf.accelerators.TestEngine:Current Test : TC_07_oneWayDomesticEconomy_RUH_TUU
2017-05-31 14:55:00-main--INFO -com.ctaf.accelerators.TestEngine:Able to click on By.xpath: //*[@label='Book flights']
2017-05-31 14:55:07-main--INFO -com.ctaf.accelerators.TestEngine:Able to click on By.xpath: //*[@label='One-way']
2017-05-31 14:55:14-main--INFO -com.ctaf.accelerators.TestEngine:Able to click on By.xpath: //XCUIElementTypeOther[3]/XCUIElementTypeOther[1]/XCUIElementTypeButton
2017-05-31 14:55:19-main--INFO -com.ctaf.accelerators.TestEngine:Able to click on Search
2017-05-31 14:55:25-main--INFO -com.ctaf.accelerators.TestEngine:Typing is performed on Origin
2017-05-31 14:55:28-main--INFO -com.ctaf.accelerators.TestEngine:Able to click on RUH
2017-05-31 14:55:34-main--INFO -com.ctaf.accelerators.TestEngine:Typing is performed on Destination
2017-05-31 14:55:36-main--INFO -com.ctaf.accelerators.TestEngine:Able to click on TUU
2017-05-31 14:55:39-main--INFO -com.ctaf.accelerators.TestEngine:Able to click on Find Flights
2017-05-31 14:56:00-main--INFO -com.ctaf.accelerators.TestEngine:Able to click on By.xpath: //XCUIElementTypeTable/XCUIElementTypeCell[1]/XCUIElementTypeButton[3]
2017-05-31 14:56:21-main--INFO -com.ctaf.accelerators.TestEngine:Able to click on By.xpath: //*[@label='Continue to Select Extras']
2017-05-31 14:56:38-main--INFO -com.ctaf.accelerators.TestEngine:Able to click on By.xpath: //*[@label='Continue to Select Seat']
2017-05-31 14:56:46-main--INFO -com.ctaf.accelerators.TestEngine:Able to click on By.xpath: //*[@label='Continue to Payment']
2017-05-31 14:56:53-main--INFO -com.ctaf.accelerators.TestEngine:Typing is performed on Card Number
2017-05-31 14:57:02-main--INFO -com.ctaf.accelerators.TestEngine:Typing is performed on Card Holder Name
2017-05-31 14:57:14-main--INFO -com.ctaf.accelerators.TestEngine:Typing is performed on Expiry Date
2017-05-31 14:57:22-main--INFO -com.ctaf.accelerators.TestEngine:Typing is performed on cvv
2017-05-31 14:57:31-main--INFO -com.ctaf.accelerators.TestEngine:Able to click on Purchase
2017-05-31 14:57:56-main--INFO -com.ctaf.accelerators.TestEngine:Able to click on By.xpath: //*[@label='icn home']
2017-05-31 14:58:01-main--INFO -com.ctaf.accelerators.TestEngine:Able to click on By.xpath: //*[@label='Online check-in']
2017-05-31 14:58:06-main--INFO -com.ctaf.accelerators.TestEngine:Able to click on By.xpath: //*[@label='NCTYQK']/following-sibling::XCUIElementTypeButton
2017-05-31 14:58:14-main--INFO -com.ctaf.accelerators.TestEngine:Able to click on By.xpath: //*[@label='I agree to the Terms and Conditions.']/preceding-sibling::XCUIElementTypeButton
2017-05-31 14:58:20-main--INFO -com.ctaf.accelerators.TestEngine:Able to click on By.xpath: //*[@label='Continue']
2017-05-31 14:58:27-main--INFO -com.ctaf.accelerators.TestEngine:Able to click on By.xpath: //*[@label='Continue']
2017-05-31 14:58:32-main--INFO -com.ctaf.accelerators.TestEngine:Able to click on By.xpath: //*[@label='Continue to Payment']
2017-05-31 14:58:40-main--INFO -com.ctaf.accelerators.TestEngine:Able to click on By.xpath: //*[@label='Continue']
2017-05-31 14:59:03-main--INFO -com.ctaf.accelerators.TestEngine:Current Test : TC_08_oneWayDomesticEconomy_RUH_URY
2017-05-31 14:59:09-main--INFO -com.ctaf.accelerators.TestEngine:Able to click on By.xpath: //*[@label='Book flights']
2017-05-31 14:59:15-main--INFO -com.ctaf.accelerators.TestEngine:Able to click on By.xpath: //*[@label='One-way']
2017-05-31 14:59:22-main--INFO -com.ctaf.accelerators.TestEngine:Able to click on By.xpath: //XCUIElementTypeOther[3]/XCUIElementTypeOther[1]/XCUIElementTypeButton
2017-05-31 14:59:27-main--INFO -com.ctaf.accelerators.TestEngine:Able to click on Search
2017-05-31 14:59:34-main--INFO -com.ctaf.accelerators.TestEngine:Typing is performed on Origin
2017-05-31 14:59:36-main--INFO -com.ctaf.accelerators.TestEngine:Able to click on RUH
2017-05-31 14:59:42-main--INFO -com.ctaf.accelerators.TestEngine:Typing is performed on Destination
2017-05-31 14:59:44-main--INFO -com.ctaf.accelerators.TestEngine:Able to click on URY
2017-05-31 14:59:48-main--INFO -com.ctaf.accelerators.TestEngine:Able to click on Find Flights
2017-05-31 15:00:12-main--INFO -com.ctaf.accelerators.TestEngine:Able to click on By.xpath: //*[@label='icn arrow right red']
2017-05-31 15:00:33-main--INFO -com.ctaf.accelerators.TestEngine:Able to click on By.xpath: //*[@label='icn arrow right red']
2017-05-31 15:00:55-main--INFO -com.ctaf.accelerators.TestEngine:Able to click on By.xpath: //XCUIElementTypeTable/XCUIElementTypeCell[1]/XCUIElementTypeButton[3]
2017-05-31 15:01:15-main--INFO -com.ctaf.accelerators.TestEngine:Able to click on By.xpath: //*[@label='Continue to Select Extras']
2017-05-31 15:01:34-main--INFO -com.ctaf.accelerators.TestEngine:Able to click on By.xpath: //*[@label='Continue to Select Seat']
2017-05-31 15:01:41-main--INFO -com.ctaf.accelerators.TestEngine:Able to click on By.xpath: //*[@label='Continue to Payment']
2017-05-31 15:01:49-main--INFO -com.ctaf.accelerators.TestEngine:Typing is performed on Card Number
2017-05-31 15:01:57-main--INFO -com.ctaf.accelerators.TestEngine:Typing is performed on Card Holder Name
2017-05-31 15:02:09-main--INFO -com.ctaf.accelerators.TestEngine:Typing is performed on Expiry Date
2017-05-31 15:02:17-main--INFO -com.ctaf.accelerators.TestEngine:Typing is performed on cvv
2017-05-31 15:02:26-main--INFO -com.ctaf.accelerators.TestEngine:Able to click on Purchase
2017-05-31 15:02:50-main--INFO -com.ctaf.accelerators.TestEngine:Able to click on By.xpath: //*[@label='icn home']
2017-05-31 15:02:56-main--INFO -com.ctaf.accelerators.TestEngine:Able to click on By.xpath: //*[@label='Online check-in']
2017-05-31 15:03:02-main--INFO -com.ctaf.accelerators.TestEngine:Able to click on By.xpath: //*[@label='EB8RPN']/following-sibling::XCUIElementTypeButton
2017-05-31 15:03:11-main--INFO -com.ctaf.accelerators.TestEngine:Able to click on By.xpath: //*[@label='I agree to the Terms and Conditions.']/preceding-sibling::XCUIElementTypeButton
2017-05-31 15:03:17-main--INFO -com.ctaf.accelerators.TestEngine:Able to click on By.xpath: //*[@label='Continue']
2017-05-31 15:03:23-main--INFO -com.ctaf.accelerators.TestEngine:Able to click on By.xpath: //*[@label='Continue']
2017-05-31 15:03:29-main--INFO -com.ctaf.accelerators.TestEngine:Able to click on By.xpath: //*[@label='Continue to Payment']
2017-05-31 15:03:36-main--INFO -com.ctaf.accelerators.TestEngine:Able to click on By.xpath: //*[@label='Continue']
2017-05-31 15:04:03-main--INFO -com.ctaf.accelerators.TestEngine:Current Test : TC_09_oneWayDomesticEconomy_RUH_AJF
2017-05-31 15:04:09-main--INFO -com.ctaf.accelerators.TestEngine:Able to click on By.xpath: //*[@label='Book flights']
2017-05-31 15:04:15-main--INFO -com.ctaf.accelerators.TestEngine:Able to click on By.xpath: //*[@label='One-way']
2017-05-31 15:04:22-main--INFO -com.ctaf.accelerators.TestEngine:Able to click on By.xpath: //XCUIElementTypeOther[3]/XCUIElementTypeOther[1]/XCUIElementTypeButton
2017-05-31 15:04:28-main--INFO -com.ctaf.accelerators.TestEngine:Able to click on Search
2017-05-31 15:04:34-main--INFO -com.ctaf.accelerators.TestEngine:Typing is performed on Origin
2017-05-31 15:04:36-main--INFO -com.ctaf.accelerators.TestEngine:Able to click on RUH
2017-05-31 15:04:42-main--INFO -com.ctaf.accelerators.TestEngine:Typing is performed on Destination
2017-05-31 15:04:45-main--INFO -com.ctaf.accelerators.TestEngine:Able to click on AJF
2017-05-31 15:04:48-main--INFO -com.ctaf.accelerators.TestEngine:Able to click on Find Flights
2017-05-31 15:05:12-main--INFO -com.ctaf.accelerators.TestEngine:Able to click on By.xpath: //*[@label='icn arrow right red']
2017-05-31 15:05:33-main--INFO -com.ctaf.accelerators.TestEngine:Able to click on By.xpath: //XCUIElementTypeTable/XCUIElementTypeCell[1]/XCUIElementTypeButton[3]
2017-05-31 15:05:54-main--INFO -com.ctaf.accelerators.TestEngine:Able to click on By.xpath: //*[@label='Continue to Select Extras']
2017-05-31 15:06:11-main--INFO -com.ctaf.accelerators.TestEngine:Able to click on By.xpath: //*[@label='Continue to Select Seat']
2017-05-31 15:06:19-main--INFO -com.ctaf.accelerators.TestEngine:Able to click on By.xpath: //*[@label='Continue to Payment']
2017-05-31 15:06:27-main--INFO -com.ctaf.accelerators.TestEngine:Typing is performed on Card Number
2017-05-31 15:06:35-main--INFO -com.ctaf.accelerators.TestEngine:Typing is performed on Card Holder Name
2017-05-31 15:06:48-main--INFO -com.ctaf.accelerators.TestEngine:Typing is performed on Expiry Date
2017-05-31 15:06:55-main--INFO -com.ctaf.accelerators.TestEngine:Typing is performed on cvv
2017-05-31 15:07:04-main--INFO -com.ctaf.accelerators.TestEngine:Able to click on Purchase
2017-05-31 15:07:30-main--INFO -com.ctaf.accelerators.TestEngine:Able to click on By.xpath: //*[@label='icn home']
2017-05-31 15:07:35-main--INFO -com.ctaf.accelerators.TestEngine:Able to click on By.xpath: //*[@label='Online check-in']
2017-05-31 15:07:49-main--INFO -com.ctaf.accelerators.TestEngine:Able to click on By.xpath: //*[@label='N931HG']/following-sibling::XCUIElementTypeButton
2017-05-31 15:07:57-main--INFO -com.ctaf.accelerators.TestEngine:Able to click on By.xpath: //*[@label='I agree to the Terms and Conditions.']/preceding-sibling::XCUIElementTypeButton
2017-05-31 15:08:03-main--INFO -com.ctaf.accelerators.TestEngine:Able to click on By.xpath: //*[@label='Continue']
2017-05-31 15:08:09-main--INFO -com.ctaf.accelerators.TestEngine:Able to click on By.xpath: //*[@label='Continue']
2017-05-31 15:08:14-main--INFO -com.ctaf.accelerators.TestEngine:Able to click on By.xpath: //*[@label='Continue to Payment']
2017-05-31 15:08:22-main--INFO -com.ctaf.accelerators.TestEngine:Able to click on By.xpath: //*[@label='Continue']
2017-05-31 15:08:46-main--INFO -com.ctaf.accelerators.TestEngine:Current Test : TC_10_oneWayDomesticEconomy_RUH_ABT
2017-05-31 15:08:51-main--INFO -com.ctaf.accelerators.TestEngine:Able to click on By.xpath: //*[@label='Book flights']
2017-05-31 15:08:58-main--INFO -com.ctaf.accelerators.TestEngine:Able to click on By.xpath: //*[@label='One-way']
2017-05-31 15:09:05-main--INFO -com.ctaf.accelerators.TestEngine:Able to click on By.xpath: //XCUIElementTypeOther[3]/XCUIElementTypeOther[1]/XCUIElementTypeButton
2017-05-31 15:09:10-main--INFO -com.ctaf.accelerators.TestEngine:Able to click on Search
2017-05-31 15:09:16-main--INFO -com.ctaf.accelerators.TestEngine:Typing is performed on Origin
2017-05-31 15:09:19-main--INFO -com.ctaf.accelerators.TestEngine:Able to click on RUH
2017-05-31 15:09:25-main--INFO -com.ctaf.accelerators.TestEngine:Typing is performed on Destination
2017-05-31 15:09:27-main--INFO -com.ctaf.accelerators.TestEngine:Able to click on ABT
2017-05-31 15:09:30-main--INFO -com.ctaf.accelerators.TestEngine:Able to click on Find Flights
2017-05-31 15:09:54-main--INFO -com.ctaf.accelerators.TestEngine:Able to click on By.xpath: //*[@label='icn arrow right red']
2017-05-31 15:10:16-main--INFO -com.ctaf.accelerators.TestEngine:Able to click on By.xpath: //XCUIElementTypeTable/XCUIElementTypeCell[1]/XCUIElementTypeButton[3]
2017-05-31 15:10:37-main--INFO -com.ctaf.accelerators.TestEngine:Able to click on By.xpath: //*[@label='Continue to Select Extras']
2017-05-31 15:10:54-main--INFO -com.ctaf.accelerators.TestEngine:Able to click on By.xpath: //*[@label='Continue to Select Seat']
2017-05-31 15:11:02-main--INFO -com.ctaf.accelerators.TestEngine:Able to click on By.xpath: //*[@label='Continue to Payment']
2017-05-31 15:11:09-main--INFO -com.ctaf.accelerators.TestEngine:Typing is performed on Card Number
2017-05-31 15:11:17-main--INFO -com.ctaf.accelerators.TestEngine:Typing is performed on Card Holder Name
2017-05-31 15:11:30-main--INFO -com.ctaf.accelerators.TestEngine:Typing is performed on Expiry Date
2017-05-31 15:11:38-main--INFO -com.ctaf.accelerators.TestEngine:Typing is performed on cvv
2017-05-31 15:11:47-main--INFO -com.ctaf.accelerators.TestEngine:Able to click on Purchase
2017-05-31 15:12:12-main--INFO -com.ctaf.accelerators.TestEngine:Able to click on By.xpath: //*[@label='icn home']
2017-05-31 15:12:17-main--INFO -com.ctaf.accelerators.TestEngine:Able to click on By.xpath: //*[@label='Online check-in']
2017-05-31 15:12:27-main--INFO -com.ctaf.accelerators.TestEngine:Able to click on By.xpath: //*[@label='XBWEXQ']/following-sibling::XCUIElementTypeButton
2017-05-31 15:12:35-main--INFO -com.ctaf.accelerators.TestEngine:Able to click on By.xpath: //*[@label='I agree to the Terms and Conditions.']/preceding-sibling::XCUIElementTypeButton
2017-05-31 15:12:41-main--INFO -com.ctaf.accelerators.TestEngine:Able to click on By.xpath: //*[@label='Continue']
2017-05-31 15:12:47-main--INFO -com.ctaf.accelerators.TestEngine:Able to click on By.xpath: //*[@label='Continue']
2017-05-31 15:12:53-main--INFO -com.ctaf.accelerators.TestEngine:Able to click on By.xpath: //*[@label='Continue to Payment']
2017-05-31 15:13:01-main--INFO -com.ctaf.accelerators.TestEngine:Able to click on By.xpath: //*[@label='Continue']
2017-05-31 15:13:25-main--INFO -com.ctaf.accelerators.TestEngine:Current Test : TC_11_roundTripDomesticEconomy_JED_DMM
2017-05-31 15:13:30-main--INFO -com.ctaf.accelerators.TestEngine:Able to click on By.xpath: //*[@label='Book flights']
2017-05-31 15:13:37-main--INFO -com.ctaf.accelerators.TestEngine:Able to click on By.xpath: //*[@label='Return']
2017-05-31 15:13:44-main--INFO -com.ctaf.accelerators.TestEngine:Able to click on By.xpath: //XCUIElementTypeOther[3]/XCUIElementTypeOther[1]/XCUIElementTypeButton
2017-05-31 15:13:49-main--INFO -com.ctaf.accelerators.TestEngine:Able to click on Search
2017-05-31 15:13:55-main--INFO -com.ctaf.accelerators.TestEngine:Typing is performed on Origin
2017-05-31 15:13:58-main--INFO -com.ctaf.accelerators.TestEngine:Able to click on JED
2017-05-31 15:14:04-main--INFO -com.ctaf.accelerators.TestEngine:Typing is performed on Destination
2017-05-31 15:14:06-main--INFO -com.ctaf.accelerators.TestEngine:Able to click on DMM
2017-05-31 15:14:09-main--INFO -com.ctaf.accelerators.TestEngine:Able to click on Find Flights
2017-05-31 15:14:55-main--INFO -com.ctaf.accelerators.TestEngine:Able to click on By.xpath: //XCUIElementTypeTable/XCUIElementTypeCell[1]/XCUIElementTypeButton[3]
2017-05-31 15:15:33-main--INFO -com.ctaf.accelerators.TestEngine:Able to click on By.xpath: //XCUIElementTypeTable/XCUIElementTypeCell[1]/XCUIElementTypeButton[3]
2017-05-31 15:15:56-main--INFO -com.ctaf.accelerators.TestEngine:Able to click on By.xpath: //*[@label='Continue to Select Extras']
2017-05-31 15:16:17-main--INFO -com.ctaf.accelerators.TestEngine:Able to click on By.xpath: //*[@label='Continue to Select Seat']
2017-05-31 15:16:25-main--INFO -com.ctaf.accelerators.TestEngine:Able to click on By.xpath: //*[@label='Continue to Payment']
2017-05-31 15:16:33-main--INFO -com.ctaf.accelerators.TestEngine:Typing is performed on Card Number
2017-05-31 15:16:42-main--INFO -com.ctaf.accelerators.TestEngine:Typing is performed on Card Holder Name
2017-05-31 15:16:55-main--INFO -com.ctaf.accelerators.TestEngine:Typing is performed on Expiry Date
2017-05-31 15:17:03-main--INFO -com.ctaf.accelerators.TestEngine:Typing is performed on cvv
2017-05-31 15:17:12-main--INFO -com.ctaf.accelerators.TestEngine:Able to click on Purchase
2017-05-31 15:17:41-main--INFO -com.ctaf.accelerators.TestEngine:Able to click on By.xpath: //*[@label='icn home']
2017-05-31 15:17:46-main--INFO -com.ctaf.accelerators.TestEngine:Able to click on By.xpath: //*[@label='Manage my booking']
2017-05-31 15:17:55-main--INFO -com.ctaf.accelerators.TestEngine:Able to click on By.xpath: //*[@label='O651XC']/following-sibling::XCUIElementTypeButton
2017-05-31 15:18:05-main--INFO -com.ctaf.accelerators.TestEngine:Able to click on By.xpath: //*[@label='Cancel flight']
2017-05-31 15:18:21-main--INFO -com.ctaf.accelerators.TestEngine:Able to click on By.xpath: //*[@label='Continue']
2017-05-31 15:18:31-main--INFO -com.ctaf.accelerators.TestEngine:Able to click on By.xpath: //*[@label='Confirm Changes']
2017-05-31 15:18:41-main--INFO -com.ctaf.accelerators.TestEngine:Able to click on By.xpath: //*[@label='OK']
2017-05-31 15:24:51-main--INFO -com.ctaf.accelerators.TestEngine: Able to get TscreenShot
2017-05-31 15:24:51-main--INFO -com.ctaf.accelerators.TestEngine: Able to get TscreenShot
2017-05-31 15:25:12-main--INFO -com.ctaf.accelerators.TestEngine:Current Test : TC_12_roundTripDomesticEconomy_JED_GIZ
2017-05-31 15:25:17-main--INFO -com.ctaf.accelerators.TestEngine:Able to click on By.xpath: //*[@label='Book flights']
2017-05-31 15:25:24-main--INFO -com.ctaf.accelerators.TestEngine:Able to click on By.xpath: //*[@label='Return']
2017-05-31 15:25:30-main--INFO -com.ctaf.accelerators.TestEngine:Able to click on By.xpath: //XCUIElementTypeOther[3]/XCUIElementTypeOther[1]/XCUIElementTypeButton
2017-05-31 15:25:36-main--INFO -com.ctaf.accelerators.TestEngine:Able to click on Search
2017-05-31 15:25:42-main--INFO -com.ctaf.accelerators.TestEngine:Typing is performed on Origin
2017-05-31 15:25:45-main--INFO -com.ctaf.accelerators.TestEngine:Able to click on JED
2017-05-31 15:25:50-main--INFO -com.ctaf.accelerators.TestEngine:Typing is performed on Destination
2017-05-31 15:25:53-main--INFO -com.ctaf.accelerators.TestEngine:Able to click on GIZ
2017-05-31 15:25:56-main--INFO -com.ctaf.accelerators.TestEngine:Able to click on Find Flights
2017-05-31 15:26:42-main--INFO -com.ctaf.accelerators.TestEngine:Able to click on By.xpath: //XCUIElementTypeTable/XCUIElementTypeCell[1]/XCUIElementTypeButton[3]
2017-05-31 15:27:14-main--INFO -com.ctaf.accelerators.TestEngine:Able to click on By.xpath: //XCUIElementTypeTable/XCUIElementTypeCell[1]/XCUIElementTypeButton[3]
2017-05-31 15:27:37-main--INFO -com.ctaf.accelerators.TestEngine:Able to click on By.xpath: //*[@label='Continue to Select Extras']
2017-05-31 15:27:58-main--INFO -com.ctaf.accelerators.TestEngine:Able to click on By.xpath: //*[@label='Continue to Select Seat']
2017-05-31 15:28:06-main--INFO -com.ctaf.accelerators.TestEngine:Able to click on By.xpath: //*[@label='Continue to Payment']
2017-05-31 15:28:14-main--INFO -com.ctaf.accelerators.TestEngine:Typing is performed on Card Number
2017-05-31 15:28:22-main--INFO -com.ctaf.accelerators.TestEngine:Typing is performed on Card Holder Name
2017-05-31 15:28:36-main--INFO -com.ctaf.accelerators.TestEngine:Typing is performed on Expiry Date
2017-05-31 15:28:44-main--INFO -com.ctaf.accelerators.TestEngine:Typing is performed on cvv
2017-05-31 15:28:53-main--INFO -com.ctaf.accelerators.TestEngine:Able to click on Purchase
2017-05-31 15:29:21-main--INFO -com.ctaf.accelerators.TestEngine:Able to click on By.xpath: //*[@label='icn home']
2017-05-31 15:29:26-main--INFO -com.ctaf.accelerators.TestEngine:Able to click on By.xpath: //*[@label='Manage my booking']
2017-05-31 15:29:36-main--INFO -com.ctaf.accelerators.TestEngine:Able to click on By.xpath: //*[@label='I5JZVC']/following-sibling::XCUIElementTypeButton
2017-05-31 15:29:45-main--INFO -com.ctaf.accelerators.TestEngine:Able to click on By.xpath: //*[@label='Cancel flight']
2017-05-31 15:30:01-main--INFO -com.ctaf.accelerators.TestEngine:Able to click on By.xpath: //*[@label='Continue']
2017-05-31 15:30:11-main--INFO -com.ctaf.accelerators.TestEngine:Able to click on By.xpath: //*[@label='Confirm Changes']
2017-05-31 15:30:21-main--INFO -com.ctaf.accelerators.TestEngine:Able to click on By.xpath: //*[@label='OK']
2017-05-31 15:36:32-main--INFO -com.ctaf.accelerators.TestEngine: Able to get TscreenShot
2017-05-31 15:36:33-main--INFO -com.ctaf.accelerators.TestEngine: Able to get TscreenShot
2017-05-31 15:36:53-main--INFO -com.ctaf.accelerators.TestEngine:Current Test : TC_13_roundTripDomesticEconomy_JED_MED
2017-05-31 15:36:58-main--INFO -com.ctaf.accelerators.TestEngine:Able to click on By.xpath: //*[@label='Book flights']
2017-05-31 15:37:05-main--INFO -com.ctaf.accelerators.TestEngine:Able to click on By.xpath: //*[@label='Return']
2017-05-31 15:37:11-main--INFO -com.ctaf.accelerators.TestEngine:Able to click on By.xpath: //XCUIElementTypeOther[3]/XCUIElementTypeOther[1]/XCUIElementTypeButton
2017-05-31 15:37:17-main--INFO -com.ctaf.accelerators.TestEngine:Able to click on Search
2017-05-31 15:37:23-main--INFO -com.ctaf.accelerators.TestEngine:Typing is performed on Origin
2017-05-31 15:37:26-main--INFO -com.ctaf.accelerators.TestEngine:Able to click on JED
2017-05-31 15:37:31-main--INFO -com.ctaf.accelerators.TestEngine:Typing is performed on Destination
2017-05-31 15:37:34-main--INFO -com.ctaf.accelerators.TestEngine:Able to click on MED
2017-05-31 15:37:37-main--INFO -com.ctaf.accelerators.TestEngine:Able to click on Find Flights
2017-05-31 15:38:18-main--INFO -com.ctaf.accelerators.TestEngine:Able to click on By.xpath: //XCUIElementTypeTable/XCUIElementTypeCell[1]/XCUIElementTypeButton[3]
2017-05-31 15:38:48-main--INFO -com.ctaf.accelerators.TestEngine:Able to click on By.xpath: //XCUIElementTypeTable/XCUIElementTypeCell[1]/XCUIElementTypeButton[3]
2017-05-31 15:39:11-main--INFO -com.ctaf.accelerators.TestEngine:Able to click on By.xpath: //*[@label='Continue to Select Extras']
2017-05-31 15:39:32-main--INFO -com.ctaf.accelerators.TestEngine:Able to click on By.xpath: //*[@label='Continue to Select Seat']
2017-05-31 15:39:41-main--INFO -com.ctaf.accelerators.TestEngine:Able to click on By.xpath: //*[@label='Continue to Payment']
2017-05-31 15:39:49-main--INFO -com.ctaf.accelerators.TestEngine:Typing is performed on Card Number
2017-05-31 15:39:57-main--INFO -com.ctaf.accelerators.TestEngine:Typing is performed on Card Holder Name
2017-05-31 15:40:11-main--INFO -com.ctaf.accelerators.TestEngine:Typing is performed on Expiry Date
2017-05-31 15:40:19-main--INFO -com.ctaf.accelerators.TestEngine:Typing is performed on cvv
2017-05-31 15:40:28-main--INFO -com.ctaf.accelerators.TestEngine:Able to click on Purchase
2017-05-31 15:40:57-main--INFO -com.ctaf.accelerators.TestEngine:Able to click on By.xpath: //*[@label='icn home']
2017-05-31 15:41:03-main--INFO -com.ctaf.accelerators.TestEngine:Able to click on By.xpath: //*[@label='Manage my booking']
2017-05-31 15:41:13-main--INFO -com.ctaf.accelerators.TestEngine:Able to click on By.xpath: //*[@label='IFCTKB']/following-sibling::XCUIElementTypeButton
2017-05-31 15:41:23-main--INFO -com.ctaf.accelerators.TestEngine:Able to click on By.xpath: //*[@label='Cancel flight']
2017-05-31 15:41:41-main--INFO -com.ctaf.accelerators.TestEngine:Able to click on By.xpath: //*[@label='Continue']
2017-05-31 15:41:51-main--INFO -com.ctaf.accelerators.TestEngine:Able to click on By.xpath: //*[@label='Confirm Changes']
2017-05-31 15:42:02-main--INFO -com.ctaf.accelerators.TestEngine:Able to click on By.xpath: //*[@label='OK']
2017-05-31 15:48:11-main--INFO -com.ctaf.accelerators.TestEngine: Able to get TscreenShot
2017-05-31 15:48:11-main--INFO -com.ctaf.accelerators.TestEngine: Able to get TscreenShot
2017-05-31 15:48:32-main--INFO -com.ctaf.accelerators.TestEngine:Current Test : TC_14_roundTripDomesticEconomy_JED_AHB
2017-05-31 15:48:38-main--INFO -com.ctaf.accelerators.TestEngine:Able to click on By.xpath: //*[@label='Book flights']
2017-05-31 15:48:44-main--INFO -com.ctaf.accelerators.TestEngine:Able to click on By.xpath: //*[@label='Return']
2017-05-31 15:48:51-main--INFO -com.ctaf.accelerators.TestEngine:Able to click on By.xpath: //XCUIElementTypeOther[3]/XCUIElementTypeOther[1]/XCUIElementTypeButton
2017-05-31 15:48:57-main--INFO -com.ctaf.accelerators.TestEngine:Able to click on Search
2017-05-31 15:49:03-main--INFO -com.ctaf.accelerators.TestEngine:Typing is performed on Origin
2017-05-31 15:49:05-main--INFO -com.ctaf.accelerators.TestEngine:Able to click on JED
2017-05-31 15:49:11-main--INFO -com.ctaf.accelerators.TestEngine:Typing is performed on Destination
2017-05-31 15:49:14-main--INFO -com.ctaf.accelerators.TestEngine:Able to click on AHB
2017-05-31 15:49:17-main--INFO -com.ctaf.accelerators.TestEngine:Able to click on Find Flights
2017-05-31 15:49:59-main--INFO -com.ctaf.accelerators.TestEngine:Able to click on By.xpath: //XCUIElementTypeTable/XCUIElementTypeCell[1]/XCUIElementTypeButton[3]
2017-05-31 15:50:33-main--INFO -com.ctaf.accelerators.TestEngine:Able to click on By.xpath: //XCUIElementTypeTable/XCUIElementTypeCell[1]/XCUIElementTypeButton[3]
2017-05-31 15:50:56-main--INFO -com.ctaf.accelerators.TestEngine:Able to click on By.xpath: //*[@label='Continue to Select Extras']
2017-05-31 15:51:16-main--INFO -com.ctaf.accelerators.TestEngine:Able to click on By.xpath: //*[@label='Continue to Select Seat']
2017-05-31 15:51:24-main--INFO -com.ctaf.accelerators.TestEngine:Able to click on By.xpath: //*[@label='Continue to Payment']
2017-05-31 15:51:32-main--INFO -com.ctaf.accelerators.TestEngine:Typing is performed on Card Number
2017-05-31 15:51:41-main--INFO -com.ctaf.accelerators.TestEngine:Typing is performed on Card Holder Name
2017-05-31 15:51:54-main--INFO -com.ctaf.accelerators.TestEngine:Typing is performed on Expiry Date
2017-05-31 15:52:02-main--INFO -com.ctaf.accelerators.TestEngine:Typing is performed on cvv
2017-05-31 15:52:11-main--INFO -com.ctaf.accelerators.TestEngine:Able to click on Purchase
2017-05-31 15:52:39-main--INFO -com.ctaf.accelerators.TestEngine:Able to click on By.xpath: //*[@label='icn home']
2017-05-31 15:52:44-main--INFO -com.ctaf.accelerators.TestEngine:Able to click on By.xpath: //*[@label='Manage my booking']
2017-05-31 15:52:55-main--INFO -com.ctaf.accelerators.TestEngine:Able to click on By.xpath: //*[@label='C5GQNP']/following-sibling::XCUIElementTypeButton
2017-05-31 15:53:04-main--INFO -com.ctaf.accelerators.TestEngine:Able to click on By.xpath: //*[@label='Cancel flight']
2017-05-31 15:53:20-main--INFO -com.ctaf.accelerators.TestEngine:Able to click on By.xpath: //*[@label='Continue']
2017-05-31 15:53:31-main--INFO -com.ctaf.accelerators.TestEngine:Able to click on By.xpath: //*[@label='Confirm Changes']
2017-05-31 15:53:41-main--INFO -com.ctaf.accelerators.TestEngine:Able to click on By.xpath: //*[@label='OK']
2017-05-31 15:59:49-main--INFO -com.ctaf.accelerators.TestEngine: Able to get TscreenShot
2017-05-31 15:59:49-main--INFO -com.ctaf.accelerators.TestEngine: Able to get TscreenShot
2017-05-31 16:00:10-main--INFO -com.ctaf.accelerators.TestEngine:Current Test : TC_15_roundTripDomesticEconomy_JED_TUU
2017-05-31 16:00:16-main--INFO -com.ctaf.accelerators.TestEngine:Able to click on By.xpath: //*[@label='Book flights']
2017-05-31 16:00:22-main--INFO -com.ctaf.accelerators.TestEngine:Able to click on By.xpath: //*[@label='Return']
2017-05-31 16:00:29-main--INFO -com.ctaf.accelerators.TestEngine:Able to click on By.xpath: //XCUIElementTypeOther[3]/XCUIElementTypeOther[1]/XCUIElementTypeButton
2017-05-31 16:00:34-main--INFO -com.ctaf.accelerators.TestEngine:Able to click on Search
2017-05-31 16:00:40-main--INFO -com.ctaf.accelerators.TestEngine:Typing is performed on Origin
2017-05-31 16:00:43-main--INFO -com.ctaf.accelerators.TestEngine:Able to click on JED
2017-05-31 16:00:49-main--INFO -com.ctaf.accelerators.TestEngine:Typing is performed on Destination
2017-05-31 16:00:51-main--INFO -com.ctaf.accelerators.TestEngine:Able to click on TUU
2017-05-31 16:00:54-main--INFO -com.ctaf.accelerators.TestEngine:Able to click on Find Flights
2017-05-31 16:01:16-main--INFO -com.ctaf.accelerators.TestEngine:Able to click on By.xpath: //XCUIElementTypeTable/XCUIElementTypeCell[1]/XCUIElementTypeButton[3]
2017-05-31 16:01:42-main--INFO -com.ctaf.accelerators.TestEngine:Able to click on By.xpath: //XCUIElementTypeTable/XCUIElementTypeCell[1]/XCUIElementTypeButton[3]
2017-05-31 16:02:04-main--INFO -com.ctaf.accelerators.TestEngine:Able to click on By.xpath: //*[@label='Continue to Select Extras']
2017-05-31 16:02:25-main--INFO -com.ctaf.accelerators.TestEngine:Able to click on By.xpath: //*[@label='Continue to Select Seat']
2017-05-31 16:02:33-main--INFO -com.ctaf.accelerators.TestEngine:Able to click on By.xpath: //*[@label='Continue to Payment']
2017-05-31 16:02:41-main--INFO -com.ctaf.accelerators.TestEngine:Typing is performed on Card Number
2017-05-31 16:02:49-main--INFO -com.ctaf.accelerators.TestEngine:Typing is performed on Card Holder Name
2017-05-31 16:03:03-main--INFO -com.ctaf.accelerators.TestEngine:Typing is performed on Expiry Date
2017-05-31 16:03:11-main--INFO -com.ctaf.accelerators.TestEngine:Typing is performed on cvv
2017-05-31 16:03:20-main--INFO -com.ctaf.accelerators.TestEngine:Able to click on Purchase
2017-05-31 16:03:48-main--INFO -com.ctaf.accelerators.TestEngine:Able to click on By.xpath: //*[@label='icn home']
2017-05-31 16:03:54-main--INFO -com.ctaf.accelerators.TestEngine:Able to click on By.xpath: //*[@label='Manage my booking']
2017-05-31 16:04:03-main--INFO -com.ctaf.accelerators.TestEngine:Able to click on By.xpath: //*[@label='F2CSVL']/following-sibling::XCUIElementTypeButton
2017-05-31 16:04:12-main--INFO -com.ctaf.accelerators.TestEngine:Able to click on By.xpath: //*[@label='Cancel flight']
2017-05-31 16:04:28-main--INFO -com.ctaf.accelerators.TestEngine:Able to click on By.xpath: //*[@label='Continue']
2017-05-31 16:04:39-main--INFO -com.ctaf.accelerators.TestEngine:Able to click on By.xpath: //*[@label='Confirm Changes']
2017-05-31 16:04:49-main--INFO -com.ctaf.accelerators.TestEngine:Able to click on By.xpath: //*[@label='OK']
2017-05-31 17:05:03-main--INFO -com.ctaf.accelerators.TestEngine:Starting browser : iphone
2017-05-31 17:05:28-main--INFO -com.ctaf.accelerators.TestEngine:Starting browser : iphone
2017-05-31 17:07:11-main--INFO -com.ctaf.accelerators.TestEngine:Starting browser : iphone
2017-05-31 17:07:55-main--INFO -com.ctaf.accelerators.TestEngine:Current Test : TC_01_oneWayDomesticEconomy_RUH_JED
2017-05-31 20:14:05-main--INFO -com.ctaf.accelerators.TestEngine:Starting browser : iphone
2017-05-31 20:14:47-main--INFO -com.ctaf.accelerators.TestEngine:Current Test : TC_16_roundTripDomesticEconomy_JED_ELQ
2017-05-31 20:14:52-main--INFO -com.ctaf.accelerators.TestEngine:Able to click on By.xpath: //*[@label='Book flights']
2017-05-31 20:14:59-main--INFO -com.ctaf.accelerators.TestEngine:Able to click on By.xpath: //*[@label='Return']
2017-05-31 20:15:06-main--INFO -com.ctaf.accelerators.TestEngine:Able to click on By.xpath: //XCUIElementTypeOther[3]/XCUIElementTypeOther[1]/XCUIElementTypeButton
2017-05-31 20:15:11-main--INFO -com.ctaf.accelerators.TestEngine:Able to click on Search
2017-05-31 20:15:18-main--INFO -com.ctaf.accelerators.TestEngine:Typing is performed on Origin
2017-05-31 20:15:20-main--INFO -com.ctaf.accelerators.TestEngine:Able to click on JED
2017-05-31 20:15:26-main--INFO -com.ctaf.accelerators.TestEngine:Typing is performed on Destination
2017-05-31 20:15:29-main--INFO -com.ctaf.accelerators.TestEngine:Able to click on ELQ
2017-05-31 20:15:32-main--INFO -com.ctaf.accelerators.TestEngine:Able to click on Find Flights
2017-05-31 20:15:55-main--INFO -com.ctaf.accelerators.TestEngine:Able to click on By.xpath: //*[@label='icn arrow right red']
2017-05-31 20:16:17-main--INFO -com.ctaf.accelerators.TestEngine:Able to click on By.xpath: //XCUIElementTypeTable/XCUIElementTypeCell[1]/XCUIElementTypeButton[3]
2017-05-31 20:16:45-main--INFO -com.ctaf.accelerators.TestEngine:Able to click on By.xpath: //XCUIElementTypeTable/XCUIElementTypeCell[1]/XCUIElementTypeButton[3]
2017-05-31 20:17:07-main--INFO -com.ctaf.accelerators.TestEngine:Able to click on By.xpath: //*[@label='Continue to Select Extras']
2017-05-31 20:17:29-main--INFO -com.ctaf.accelerators.TestEngine:Able to click on By.xpath: //*[@label='Continue to Select Seat']
2017-05-31 20:17:37-main--INFO -com.ctaf.accelerators.TestEngine:Able to click on By.xpath: //*[@label='Continue to Payment']
2017-05-31 20:17:45-main--INFO -com.ctaf.accelerators.TestEngine:Typing is performed on Card Number
2017-05-31 20:17:54-main--INFO -com.ctaf.accelerators.TestEngine:Typing is performed on Card Holder Name
2017-05-31 20:18:08-main--INFO -com.ctaf.accelerators.TestEngine:Typing is performed on Expiry Date
2017-05-31 20:18:16-main--INFO -com.ctaf.accelerators.TestEngine:Typing is performed on cvv
2017-05-31 20:18:25-main--INFO -com.ctaf.accelerators.TestEngine:Able to click on Purchase
2017-05-31 20:19:27-main--INFO -com.ctaf.accelerators.TestEngine: Able to get TscreenShot
2017-05-31 20:19:47-main--INFO -com.ctaf.accelerators.TestEngine:Current Test : TC_17_roundTripDomesticEconomy_DMM_TIF
2017-05-31 20:19:53-main--INFO -com.ctaf.accelerators.TestEngine:Able to click on By.xpath: //*[@label='Book flights']
2017-05-31 20:20:00-main--INFO -com.ctaf.accelerators.TestEngine:Able to click on By.xpath: //*[@label='Return']
2017-05-31 20:20:06-main--INFO -com.ctaf.accelerators.TestEngine:Able to click on By.xpath: //XCUIElementTypeOther[3]/XCUIElementTypeOther[1]/XCUIElementTypeButton
2017-05-31 20:20:12-main--INFO -com.ctaf.accelerators.TestEngine:Able to click on Search
2017-05-31 20:20:19-main--INFO -com.ctaf.accelerators.TestEngine:Typing is performed on Origin
2017-05-31 20:20:21-main--INFO -com.ctaf.accelerators.TestEngine:Able to click on DMM
2017-05-31 20:20:26-main--INFO -com.ctaf.accelerators.TestEngine:Typing is performed on Destination
2017-05-31 20:20:29-main--INFO -com.ctaf.accelerators.TestEngine:Able to click on TIF
2017-05-31 20:20:32-main--INFO -com.ctaf.accelerators.TestEngine:Able to click on Find Flights
2017-05-31 20:20:54-main--INFO -com.ctaf.accelerators.TestEngine:Able to click on By.xpath: //XCUIElementTypeTable/XCUIElementTypeCell[1]/XCUIElementTypeButton[3]
2017-05-31 20:21:30-main--INFO -com.ctaf.accelerators.TestEngine:Able to click on By.xpath: //XCUIElementTypeTable/XCUIElementTypeCell[1]/XCUIElementTypeButton[3]
2017-05-31 20:21:51-main--INFO -com.ctaf.accelerators.TestEngine:Able to click on By.xpath: //*[@label='Continue to Select Extras']
2017-05-31 20:22:13-main--INFO -com.ctaf.accelerators.TestEngine:Able to click on By.xpath: //*[@label='Continue to Select Seat']
2017-05-31 20:22:22-main--INFO -com.ctaf.accelerators.TestEngine:Able to click on By.xpath: //*[@label='Continue to Payment']
2017-05-31 20:22:30-main--INFO -com.ctaf.accelerators.TestEngine:Typing is performed on Card Number
2017-05-31 20:22:40-main--INFO -com.ctaf.accelerators.TestEngine:Typing is performed on Card Holder Name
2017-05-31 20:22:54-main--INFO -com.ctaf.accelerators.TestEngine:Typing is performed on Expiry Date
2017-05-31 20:23:03-main--INFO -com.ctaf.accelerators.TestEngine:Typing is performed on cvv
2017-05-31 20:23:13-main--INFO -com.ctaf.accelerators.TestEngine:Able to click on Purchase
2017-05-31 20:24:15-main--INFO -com.ctaf.accelerators.TestEngine: Able to get TscreenShot
2017-05-31 20:25:40-main--INFO -com.ctaf.accelerators.TestEngine:Starting browser : iphone
2017-05-31 20:26:23-main--INFO -com.ctaf.accelerators.TestEngine:Current Test : TC_16_roundTripDomesticEconomy_JED_ELQ
2017-05-31 20:26:29-main--INFO -com.ctaf.accelerators.TestEngine:Able to click on By.xpath: //*[@label='Book flights']
2017-05-31 20:26:36-main--INFO -com.ctaf.accelerators.TestEngine:Able to click on By.xpath: //*[@label='Return']
2017-05-31 20:26:44-main--INFO -com.ctaf.accelerators.TestEngine:Able to click on By.xpath: //XCUIElementTypeOther[3]/XCUIElementTypeOther[1]/XCUIElementTypeButton
2017-05-31 20:26:51-main--INFO -com.ctaf.accelerators.TestEngine:Able to click on Search
2017-05-31 20:26:59-main--INFO -com.ctaf.accelerators.TestEngine:Typing is performed on Origin
2017-05-31 20:27:02-main--INFO -com.ctaf.accelerators.TestEngine:Able to click on JED
2017-05-31 20:27:09-main--INFO -com.ctaf.accelerators.TestEngine:Typing is performed on Destination
2017-05-31 20:27:13-main--INFO -com.ctaf.accelerators.TestEngine:Able to click on ELQ
2017-05-31 20:27:17-main--INFO -com.ctaf.accelerators.TestEngine:Able to click on Find Flights
2017-05-31 20:28:01-main--INFO -com.ctaf.accelerators.TestEngine:Starting browser : iphone
2017-05-31 20:28:44-main--INFO -com.ctaf.accelerators.TestEngine:Current Test : TC_16_roundTripDomesticEconomy_JED_ELQ
2017-05-31 20:28:51-main--INFO -com.ctaf.accelerators.TestEngine:Able to click on By.xpath: //*[@label='Book flights']
2017-05-31 20:28:59-main--INFO -com.ctaf.accelerators.TestEngine:Able to click on By.xpath: //*[@label='Return']
2017-05-31 20:29:07-main--INFO -com.ctaf.accelerators.TestEngine:Able to click on By.xpath: //XCUIElementTypeOther[3]/XCUIElementTypeOther[1]/XCUIElementTypeButton
2017-05-31 20:29:15-main--INFO -com.ctaf.accelerators.TestEngine:Able to click on Search
2017-05-31 20:29:23-main--INFO -com.ctaf.accelerators.TestEngine:Typing is performed on Origin
2017-05-31 20:29:27-main--INFO -com.ctaf.accelerators.TestEngine:Able to click on JED
2017-05-31 20:29:35-main--INFO -com.ctaf.accelerators.TestEngine:Typing is performed on Destination
2017-05-31 20:29:38-main--INFO -com.ctaf.accelerators.TestEngine:Able to click on ELQ
2017-05-31 20:29:42-main--INFO -com.ctaf.accelerators.TestEngine:Able to click on Find Flights
2017-05-31 20:30:10-main--INFO -com.ctaf.accelerators.TestEngine:Able to click on By.xpath: //XCUIElementTypeTable/XCUIElementTypeCell[1]/XCUIElementTypeButton[3]
2017-05-31 20:30:46-main--INFO -com.ctaf.accelerators.TestEngine:Able to click on By.xpath: //XCUIElementTypeTable/XCUIElementTypeCell[1]/XCUIElementTypeButton[3]
2017-05-31 20:31:14-main--INFO -com.ctaf.accelerators.TestEngine:Able to click on By.xpath: //*[@label='Continue to Select Extras']
2017-05-31 20:31:42-main--INFO -com.ctaf.accelerators.TestEngine:Able to click on By.xpath: //*[@label='Continue to Select Seat']
2017-05-31 20:31:53-main--INFO -com.ctaf.accelerators.TestEngine:Able to click on By.xpath: //*[@label='Continue to Payment']
2017-05-31 20:32:05-main--INFO -com.ctaf.accelerators.TestEngine:Typing is performed on Card Number
2017-05-31 20:32:18-main--INFO -com.ctaf.accelerators.TestEngine:Typing is performed on Card Holder Name
2017-05-31 20:32:38-main--INFO -com.ctaf.accelerators.TestEngine:Typing is performed on Expiry Date
2017-05-31 20:32:50-main--INFO -com.ctaf.accelerators.TestEngine:Typing is performed on cvv
2017-05-31 20:33:04-main--INFO -com.ctaf.accelerators.TestEngine:Able to click on Purchase
2017-05-31 20:34:07-main--INFO -com.ctaf.accelerators.TestEngine: Able to get TscreenShot
2017-05-31 20:34:31-main--INFO -com.ctaf.accelerators.TestEngine:Current Test : TC_17_roundTripDomesticEconomy_DMM_TIF
2017-05-31 20:34:39-main--INFO -com.ctaf.accelerators.TestEngine:Able to click on By.xpath: //*[@label='Book flights']
2017-05-31 20:34:48-main--INFO -com.ctaf.accelerators.TestEngine:Able to click on By.xpath: //*[@label='Return']
2017-05-31 20:34:58-main--INFO -com.ctaf.accelerators.TestEngine:Able to click on By.xpath: //XCUIElementTypeOther[3]/XCUIElementTypeOther[1]/XCUIElementTypeButton
2017-05-31 20:35:07-main--INFO -com.ctaf.accelerators.TestEngine:Able to click on Search
2017-05-31 20:35:18-main--INFO -com.ctaf.accelerators.TestEngine:Typing is performed on Origin
2017-05-31 20:35:22-main--INFO -com.ctaf.accelerators.TestEngine:Able to click on DMM
2017-05-31 20:35:31-main--INFO -com.ctaf.accelerators.TestEngine:Typing is performed on Destination
2017-05-31 20:35:35-main--INFO -com.ctaf.accelerators.TestEngine:Able to click on TIF
2017-05-31 20:35:40-main--INFO -com.ctaf.accelerators.TestEngine:Able to click on Find Flights
2017-05-31 20:36:26-main--INFO -com.ctaf.accelerators.TestEngine:Able to click on By.xpath: //XCUIElementTypeTable/XCUIElementTypeCell[1]/XCUIElementTypeButton[3]
2017-05-31 20:37:10-main--INFO -com.ctaf.accelerators.TestEngine:Able to click on By.xpath: //XCUIElementTypeTable/XCUIElementTypeCell[1]/XCUIElementTypeButton[3]
2017-05-31 20:37:40-main--INFO -com.ctaf.accelerators.TestEngine:Able to click on By.xpath: //*[@label='Continue to Select Extras']
2017-05-31 20:38:11-main--INFO -com.ctaf.accelerators.TestEngine:Able to click on By.xpath: //*[@label='Continue to Select Seat']
2017-05-31 20:38:24-main--INFO -com.ctaf.accelerators.TestEngine:Able to click on By.xpath: //*[@label='Continue to Payment']
2017-05-31 20:38:37-main--INFO -com.ctaf.accelerators.TestEngine:Typing is performed on Card Number
2017-05-31 20:38:51-main--INFO -com.ctaf.accelerators.TestEngine:Typing is performed on Card Holder Name
2017-05-31 20:39:13-main--INFO -com.ctaf.accelerators.TestEngine:Typing is performed on Expiry Date
2017-05-31 20:39:27-main--INFO -com.ctaf.accelerators.TestEngine:Typing is performed on cvv
2017-05-31 20:39:42-main--INFO -com.ctaf.accelerators.TestEngine:Able to click on Purchase
2017-05-31 20:40:45-main--INFO -com.ctaf.accelerators.TestEngine: Able to get TscreenShot
2017-05-31 20:41:07-main--INFO -com.ctaf.accelerators.TestEngine:Current Test : TC_18_roundTripDomesticEconomy_DMM_AHB
2017-05-31 20:41:14-main--INFO -com.ctaf.accelerators.TestEngine:Able to click on By.xpath: //*[@label='Book flights']
2017-05-31 20:41:23-main--INFO -com.ctaf.accelerators.TestEngine:Able to click on By.xpath: //*[@label='Return']
2017-05-31 20:41:32-main--INFO -com.ctaf.accelerators.TestEngine:Able to click on By.xpath: //XCUIElementTypeOther[3]/XCUIElementTypeOther[1]/XCUIElementTypeButton
2017-05-31 20:41:41-main--INFO -com.ctaf.accelerators.TestEngine:Able to click on Search
2017-05-31 20:41:51-main--INFO -com.ctaf.accelerators.TestEngine:Typing is performed on Origin
2017-05-31 20:41:55-main--INFO -com.ctaf.accelerators.TestEngine:Able to click on DMM
2017-05-31 20:42:04-main--INFO -com.ctaf.accelerators.TestEngine:Typing is performed on Destination
2017-05-31 20:42:08-main--INFO -com.ctaf.accelerators.TestEngine:Able to click on AHB
2017-05-31 20:42:13-main--INFO -com.ctaf.accelerators.TestEngine:Able to click on Find Flights
2017-05-31 20:43:18-main--INFO -com.ctaf.accelerators.TestEngine:Able to click on By.xpath: //XCUIElementTypeTable/XCUIElementTypeCell[1]/XCUIElementTypeButton[3]
2017-05-31 20:44:09-main--INFO -com.ctaf.accelerators.TestEngine:Able to click on By.xpath: //XCUIElementTypeTable/XCUIElementTypeCell[1]/XCUIElementTypeButton[3]
2017-05-31 20:44:39-main--INFO -com.ctaf.accelerators.TestEngine:Able to click on By.xpath: //*[@label='Continue to Select Extras']
2017-05-31 20:45:09-main--INFO -com.ctaf.accelerators.TestEngine:Able to click on By.xpath: //*[@label='Continue to Select Seat']
2017-05-31 20:45:22-main--INFO -com.ctaf.accelerators.TestEngine:Able to click on By.xpath: //*[@label='Continue to Payment']
2017-05-31 20:45:35-main--INFO -com.ctaf.accelerators.TestEngine:Typing is performed on Card Number
2017-05-31 20:45:49-main--INFO -com.ctaf.accelerators.TestEngine:Typing is performed on Card Holder Name
2017-05-31 20:46:11-main--INFO -com.ctaf.accelerators.TestEngine:Typing is performed on Expiry Date
2017-05-31 20:46:24-main--INFO -com.ctaf.accelerators.TestEngine:Typing is performed on cvv
2017-05-31 20:46:40-main--INFO -com.ctaf.accelerators.TestEngine:Able to click on Purchase
2017-05-31 20:47:43-main--INFO -com.ctaf.accelerators.TestEngine: Able to get TscreenShot
2017-05-31 20:48:07-main--INFO -com.ctaf.accelerators.TestEngine:Current Test : TC_19_oundTripDomesticEconomy_DMM_YNB
2017-05-31 20:48:14-main--INFO -com.ctaf.accelerators.TestEngine:Able to click on By.xpath: //*[@label='Book flights']
2017-05-31 20:48:23-main--INFO -com.ctaf.accelerators.TestEngine:Able to click on By.xpath: //*[@label='Return']
2017-05-31 20:53:01-main--INFO -com.ctaf.accelerators.TestEngine:Starting browser : iphone
2017-05-31 20:53:42-main--INFO -com.ctaf.accelerators.TestEngine:Current Test : TC_16_roundTripDomesticEconomy_JED_ELQ
2017-05-31 20:53:48-main--INFO -com.ctaf.accelerators.TestEngine:Able to click on By.xpath: //*[@label='Book flights']
2017-05-31 20:53:54-main--INFO -com.ctaf.accelerators.TestEngine:Able to click on By.xpath: //*[@label='Return']
2017-05-31 20:54:01-main--INFO -com.ctaf.accelerators.TestEngine:Able to click on By.xpath: //XCUIElementTypeOther[3]/XCUIElementTypeOther[1]/XCUIElementTypeButton
2017-05-31 20:54:07-main--INFO -com.ctaf.accelerators.TestEngine:Able to click on Search
2017-05-31 20:54:13-main--INFO -com.ctaf.accelerators.TestEngine:Typing is performed on Origin
2017-05-31 20:54:15-main--INFO -com.ctaf.accelerators.TestEngine:Able to click on JED
2017-05-31 20:54:21-main--INFO -com.ctaf.accelerators.TestEngine:Typing is performed on Destination
2017-05-31 20:54:24-main--INFO -com.ctaf.accelerators.TestEngine:Able to click on ELQ
2017-05-31 20:54:27-main--INFO -com.ctaf.accelerators.TestEngine:Able to click on Find Flights
2017-05-31 20:54:48-main--INFO -com.ctaf.accelerators.TestEngine:Able to click on By.xpath: //XCUIElementTypeTable/XCUIElementTypeCell[1]/XCUIElementTypeButton[3]
2017-05-31 20:55:16-main--INFO -com.ctaf.accelerators.TestEngine:Able to click on By.xpath: //XCUIElementTypeTable/XCUIElementTypeCell[1]/XCUIElementTypeButton[3]
2017-05-31 20:55:38-main--INFO -com.ctaf.accelerators.TestEngine:Able to click on By.xpath: //*[@label='Continue to Select Extras']
2017-05-31 20:55:44-main--INFO -com.ctaf.accelerators.TestEngine: Able to get TscreenShot
2017-05-31 20:56:03-main--INFO -com.ctaf.accelerators.TestEngine:Current Test : TC_17_roundTripDomesticEconomy_DMM_TIF
2017-05-31 20:56:09-main--INFO -com.ctaf.accelerators.TestEngine:Able to click on By.xpath: //*[@label='Book flights']
2017-05-31 20:56:15-main--INFO -com.ctaf.accelerators.TestEngine:Able to click on By.xpath: //*[@label='Return']
2017-05-31 20:56:22-main--INFO -com.ctaf.accelerators.TestEngine:Able to click on By.xpath: //XCUIElementTypeOther[3]/XCUIElementTypeOther[1]/XCUIElementTypeButton
2017-05-31 20:56:28-main--INFO -com.ctaf.accelerators.TestEngine:Able to click on Search
2017-05-31 20:56:34-main--INFO -com.ctaf.accelerators.TestEngine:Typing is performed on Origin
2017-05-31 20:56:36-main--INFO -com.ctaf.accelerators.TestEngine:Able to click on DMM
2017-05-31 20:56:41-main--INFO -com.ctaf.accelerators.TestEngine:Typing is performed on Destination
2017-05-31 20:56:44-main--INFO -com.ctaf.accelerators.TestEngine:Able to click on TIF
2017-05-31 20:56:47-main--INFO -com.ctaf.accelerators.TestEngine:Able to click on Find Flights
2017-05-31 20:57:22-main--INFO -com.ctaf.accelerators.TestEngine:Able to click on By.xpath: //XCUIElementTypeTable/XCUIElementTypeCell[1]/XCUIElementTypeButton[3]
2017-05-31 20:57:49-main--INFO -com.ctaf.accelerators.TestEngine:Able to click on By.xpath: //XCUIElementTypeTable/XCUIElementTypeCell[1]/XCUIElementTypeButton[3]
2017-05-31 20:58:12-main--INFO -com.ctaf.accelerators.TestEngine:Able to click on By.xpath: //*[@label='Continue to Select Extras']
2017-05-31 20:58:17-main--INFO -com.ctaf.accelerators.TestEngine: Able to get TscreenShot
2017-05-31 20:59:16-main--INFO -com.ctaf.accelerators.TestEngine:Starting browser : iphone
2017-05-31 20:59:56-main--INFO -com.ctaf.accelerators.TestEngine:Current Test : TC_16_roundTripDomesticEconomy_JED_ELQ
2017-05-31 21:00:01-main--INFO -com.ctaf.accelerators.TestEngine:Able to click on By.xpath: //*[@label='Book flights']
2017-05-31 21:00:08-main--INFO -com.ctaf.accelerators.TestEngine:Able to click on By.xpath: //*[@label='Return']
2017-05-31 21:00:15-main--INFO -com.ctaf.accelerators.TestEngine:Able to click on By.xpath: //XCUIElementTypeOther[3]/XCUIElementTypeOther[1]/XCUIElementTypeButton
2017-05-31 21:00:21-main--INFO -com.ctaf.accelerators.TestEngine:Able to click on Search
2017-05-31 21:00:27-main--INFO -com.ctaf.accelerators.TestEngine:Typing is performed on Origin
2017-05-31 21:00:30-main--INFO -com.ctaf.accelerators.TestEngine:Able to click on JED
2017-05-31 21:00:36-main--INFO -com.ctaf.accelerators.TestEngine:Typing is performed on Destination
2017-05-31 21:00:39-main--INFO -com.ctaf.accelerators.TestEngine:Able to click on ELQ
2017-05-31 21:00:42-main--INFO -com.ctaf.accelerators.TestEngine:Able to click on Find Flights
2017-05-31 21:01:04-main--INFO -com.ctaf.accelerators.TestEngine:Able to click on By.xpath: //XCUIElementTypeTable/XCUIElementTypeCell[1]/XCUIElementTypeButton[3]
2017-05-31 21:01:33-main--INFO -com.ctaf.accelerators.TestEngine:Able to click on By.xpath: //XCUIElementTypeTable/XCUIElementTypeCell[1]/XCUIElementTypeButton[3]
2017-05-31 21:01:56-main--INFO -com.ctaf.accelerators.TestEngine:Able to click on By.xpath: //*[@label='Continue to Select Extras']
2017-05-31 21:02:19-main--INFO -com.ctaf.accelerators.TestEngine:Able to click on By.xpath: //*[@label='Continue to Select Seat']
2017-05-31 21:02:28-main--INFO -com.ctaf.accelerators.TestEngine:Able to click on By.xpath: //*[@label='Continue to Payment']
2017-05-31 21:02:37-main--INFO -com.ctaf.accelerators.TestEngine:Typing is performed on Card Number
2017-05-31 21:02:47-main--INFO -com.ctaf.accelerators.TestEngine:Typing is performed on Card Holder Name
2017-05-31 21:03:02-main--INFO -com.ctaf.accelerators.TestEngine:Typing is performed on Expiry Date
2017-05-31 21:03:12-main--INFO -com.ctaf.accelerators.TestEngine:Typing is performed on cvv
2017-05-31 21:03:22-main--INFO -com.ctaf.accelerators.TestEngine:Able to click on Purchase
2017-05-31 21:46:16-main--INFO -com.ctaf.accelerators.TestEngine:Starting browser : iphone
2017-05-31 21:46:58-main--INFO -com.ctaf.accelerators.TestEngine:Current Test : TC_16_roundTripDomesticEconomy_JED_ELQ
2017-05-31 21:47:03-main--INFO -com.ctaf.accelerators.TestEngine:Able to click on By.xpath: //*[@label='Book flights']
2017-05-31 21:47:10-main--INFO -com.ctaf.accelerators.TestEngine:Able to click on By.xpath: //*[@label='Return']
2017-05-31 21:47:17-main--INFO -com.ctaf.accelerators.TestEngine:Able to click on By.xpath: //XCUIElementTypeOther[3]/XCUIElementTypeOther[1]/XCUIElementTypeButton
2017-05-31 21:47:22-main--INFO -com.ctaf.accelerators.TestEngine:Able to click on Search
2017-05-31 21:47:29-main--INFO -com.ctaf.accelerators.TestEngine:Typing is performed on Origin
2017-05-31 21:47:31-main--INFO -com.ctaf.accelerators.TestEngine:Able to click on JED
2017-05-31 21:47:37-main--INFO -com.ctaf.accelerators.TestEngine:Typing is performed on Destination
2017-05-31 21:47:39-main--INFO -com.ctaf.accelerators.TestEngine:Able to click on ELQ
2017-05-31 21:47:42-main--INFO -com.ctaf.accelerators.TestEngine:Able to click on Find Flights
2017-05-31 21:48:04-main--INFO -com.ctaf.accelerators.TestEngine:Able to click on By.xpath: //XCUIElementTypeTable/XCUIElementTypeCell[1]/XCUIElementTypeButton[3]
2017-05-31 21:48:31-main--INFO -com.ctaf.accelerators.TestEngine:Able to click on By.xpath: //XCUIElementTypeTable/XCUIElementTypeCell[1]/XCUIElementTypeButton[3]
2017-05-31 21:48:53-main--INFO -com.ctaf.accelerators.TestEngine:Able to click on By.xpath: //*[@label='Continue to Select Extras']
2017-05-31 21:49:14-main--INFO -com.ctaf.accelerators.TestEngine:Able to click on By.xpath: //*[@label='Continue to Select Seat']
2017-05-31 21:49:23-main--INFO -com.ctaf.accelerators.TestEngine:Able to click on By.xpath: //*[@label='Continue to Payment']
2017-05-31 21:49:31-main--INFO -com.ctaf.accelerators.TestEngine:Typing is performed on Card Number
2017-05-31 21:49:40-main--INFO -com.ctaf.accelerators.TestEngine:Typing is performed on Card Holder Name
2017-05-31 21:49:53-main--INFO -com.ctaf.accelerators.TestEngine:Typing is performed on Expiry Date
2017-05-31 21:50:01-main--INFO -com.ctaf.accelerators.TestEngine:Typing is performed on cvv
2017-05-31 21:50:10-main--INFO -com.ctaf.accelerators.TestEngine:Able to click on Purchase
2017-05-31 21:51:35-main--INFO -com.ctaf.accelerators.TestEngine:Starting browser : iphone
2017-05-31 21:52:17-main--INFO -com.ctaf.accelerators.TestEngine:Current Test : TC_16_roundTripDomesticEconomy_JED_ELQ
2017-05-31 21:52:23-main--INFO -com.ctaf.accelerators.TestEngine:Able to click on By.xpath: //*[@label='Book flights']
2017-05-31 21:52:29-main--INFO -com.ctaf.accelerators.TestEngine:Able to click on By.xpath: //*[@label='Return']
2017-05-31 21:52:36-main--INFO -com.ctaf.accelerators.TestEngine:Able to click on By.xpath: //XCUIElementTypeOther[3]/XCUIElementTypeOther[1]/XCUIElementTypeButton
2017-05-31 21:52:41-main--INFO -com.ctaf.accelerators.TestEngine:Able to click on Search
2017-05-31 21:52:48-main--INFO -com.ctaf.accelerators.TestEngine:Typing is performed on Origin
2017-05-31 21:52:50-main--INFO -com.ctaf.accelerators.TestEngine:Able to click on JED
2017-05-31 21:52:56-main--INFO -com.ctaf.accelerators.TestEngine:Typing is performed on Destination
2017-05-31 21:52:58-main--INFO -com.ctaf.accelerators.TestEngine:Able to click on ELQ
2017-05-31 21:53:02-main--INFO -com.ctaf.accelerators.TestEngine:Able to click on Find Flights
2017-05-31 21:53:23-main--INFO -com.ctaf.accelerators.TestEngine:Able to click on By.xpath: //XCUIElementTypeTable/XCUIElementTypeCell[1]/XCUIElementTypeButton[3]
2017-05-31 21:53:52-main--INFO -com.ctaf.accelerators.TestEngine:Able to click on By.xpath: //XCUIElementTypeTable/XCUIElementTypeCell[1]/XCUIElementTypeButton[3]
2017-05-31 21:54:13-main--INFO -com.ctaf.accelerators.TestEngine:Able to click on By.xpath: //*[@label='Continue to Select Extras']
2017-05-31 21:54:35-main--INFO -com.ctaf.accelerators.TestEngine:Able to click on By.xpath: //*[@label='Continue to Select Seat']
2017-05-31 21:54:44-main--INFO -com.ctaf.accelerators.TestEngine:Able to click on By.xpath: //*[@label='Continue to Payment']
2017-05-31 21:54:52-main--INFO -com.ctaf.accelerators.TestEngine:Typing is performed on Card Number
2017-05-31 21:55:01-main--INFO -com.ctaf.accelerators.TestEngine:Typing is performed on Card Holder Name
2017-05-31 21:55:14-main--INFO -com.ctaf.accelerators.TestEngine:Typing is performed on Expiry Date
2017-05-31 21:55:22-main--INFO -com.ctaf.accelerators.TestEngine:Typing is performed on cvv
2017-05-31 21:55:32-main--INFO -com.ctaf.accelerators.TestEngine:Able to click on Purchase
2017-05-31 21:56:51-main--INFO -com.ctaf.accelerators.TestEngine:Starting browser : iphone
2017-05-31 21:57:32-main--INFO -com.ctaf.accelerators.TestEngine:Current Test : TC_16_roundTripDomesticEconomy_JED_ELQ
2017-05-31 21:57:38-main--INFO -com.ctaf.accelerators.TestEngine:Able to click on By.xpath: //*[@label='Book flights']
2017-05-31 21:57:44-main--INFO -com.ctaf.accelerators.TestEngine:Able to click on By.xpath: //*[@label='Return']
2017-05-31 21:57:51-main--INFO -com.ctaf.accelerators.TestEngine:Able to click on By.xpath: //XCUIElementTypeOther[3]/XCUIElementTypeOther[1]/XCUIElementTypeButton
2017-05-31 21:57:57-main--INFO -com.ctaf.accelerators.TestEngine:Able to click on Search
2017-05-31 21:58:03-main--INFO -com.ctaf.accelerators.TestEngine:Typing is performed on Origin
2017-05-31 21:58:05-main--INFO -com.ctaf.accelerators.TestEngine:Able to click on JED
2017-05-31 21:58:11-main--INFO -com.ctaf.accelerators.TestEngine:Typing is performed on Destination
2017-05-31 21:58:14-main--INFO -com.ctaf.accelerators.TestEngine:Able to click on ELQ
2017-05-31 21:58:17-main--INFO -com.ctaf.accelerators.TestEngine:Able to click on Find Flights
2017-05-31 21:58:39-main--INFO -com.ctaf.accelerators.TestEngine:Able to click on By.xpath: //XCUIElementTypeTable/XCUIElementTypeCell[1]/XCUIElementTypeButton[3]
2017-05-31 21:59:07-main--INFO -com.ctaf.accelerators.TestEngine:Able to click on By.xpath: //XCUIElementTypeTable/XCUIElementTypeCell[1]/XCUIElementTypeButton[3]
2017-05-31 21:59:29-main--INFO -com.ctaf.accelerators.TestEngine:Able to click on By.xpath: //*[@label='Continue to Select Extras']
2017-05-31 21:59:51-main--INFO -com.ctaf.accelerators.TestEngine:Able to click on By.xpath: //*[@label='Continue to Select Seat']
2017-05-31 21:59:59-main--INFO -com.ctaf.accelerators.TestEngine:Able to click on By.xpath: //*[@label='Continue to Payment']
2017-05-31 22:00:07-main--INFO -com.ctaf.accelerators.TestEngine:Typing is performed on Card Number
2017-05-31 22:00:16-main--INFO -com.ctaf.accelerators.TestEngine:Typing is performed on Card Holder Name
2017-05-31 22:00:29-main--INFO -com.ctaf.accelerators.TestEngine:Typing is performed on Expiry Date
2017-05-31 22:00:37-main--INFO -com.ctaf.accelerators.TestEngine:Typing is performed on cvv
2017-05-31 22:00:47-main--INFO -com.ctaf.accelerators.TestEngine:Able to click on Purchase
2017-05-31 22:01:48-main--INFO -com.ctaf.accelerators.TestEngine: Able to get TscreenShot
2017-05-31 22:02:08-main--INFO -com.ctaf.accelerators.TestEngine:Current Test : TC_17_roundTripDomesticEconomy_DMM_TIF
2017-05-31 22:02:14-main--INFO -com.ctaf.accelerators.TestEngine:Able to click on By.xpath: //*[@label='Book flights']
2017-05-31 22:02:20-main--INFO -com.ctaf.accelerators.TestEngine:Able to click on By.xpath: //*[@label='Return']
2017-05-31 22:02:27-main--INFO -com.ctaf.accelerators.TestEngine:Able to click on By.xpath: //XCUIElementTypeOther[3]/XCUIElementTypeOther[1]/XCUIElementTypeButton
2017-05-31 22:02:32-main--INFO -com.ctaf.accelerators.TestEngine:Able to click on Search
2017-05-31 22:02:39-main--INFO -com.ctaf.accelerators.TestEngine:Typing is performed on Origin
2017-05-31 22:02:41-main--INFO -com.ctaf.accelerators.TestEngine:Able to click on DMM
2017-05-31 22:02:46-main--INFO -com.ctaf.accelerators.TestEngine:Typing is performed on Destination
2017-05-31 22:02:49-main--INFO -com.ctaf.accelerators.TestEngine:Able to click on TIF
2017-05-31 22:02:52-main--INFO -com.ctaf.accelerators.TestEngine:Able to click on Find Flights
2017-05-31 22:03:27-main--INFO -com.ctaf.accelerators.TestEngine:Able to click on By.xpath: //XCUIElementTypeTable/XCUIElementTypeCell[1]/XCUIElementTypeButton[3]
2017-05-31 22:03:55-main--INFO -com.ctaf.accelerators.TestEngine:Able to click on By.xpath: //XCUIElementTypeTable/XCUIElementTypeCell[1]/XCUIElementTypeButton[3]
2017-05-31 22:04:18-main--INFO -com.ctaf.accelerators.TestEngine:Able to click on By.xpath: //*[@label='Continue to Select Extras']
2017-05-31 22:04:41-main--INFO -com.ctaf.accelerators.TestEngine:Able to click on By.xpath: //*[@label='Continue to Select Seat']
2017-05-31 22:04:51-main--INFO -com.ctaf.accelerators.TestEngine:Able to click on By.xpath: //*[@label='Continue to Payment']
2017-05-31 22:05:00-main--INFO -com.ctaf.accelerators.TestEngine:Typing is performed on Card Number
2017-05-31 22:05:09-main--INFO -com.ctaf.accelerators.TestEngine:Typing is performed on Card Holder Name
2017-05-31 22:05:24-main--INFO -com.ctaf.accelerators.TestEngine:Typing is performed on Expiry Date
2017-05-31 22:05:34-main--INFO -com.ctaf.accelerators.TestEngine:Typing is performed on cvv
2017-05-31 22:05:45-main--INFO -com.ctaf.accelerators.TestEngine:Able to click on Purchase
2017-05-31 22:06:46-main--INFO -com.ctaf.accelerators.TestEngine: Able to get TscreenShot
2017-05-31 22:07:07-main--INFO -com.ctaf.accelerators.TestEngine:Current Test : TC_18_roundTripDomesticEconomy_DMM_AHB
2017-05-31 22:07:13-main--INFO -com.ctaf.accelerators.TestEngine:Able to click on By.xpath: //*[@label='Book flights']
2017-05-31 22:07:20-main--INFO -com.ctaf.accelerators.TestEngine:Able to click on By.xpath: //*[@label='Return']
2017-05-31 22:07:27-main--INFO -com.ctaf.accelerators.TestEngine:Able to click on By.xpath: //XCUIElementTypeOther[3]/XCUIElementTypeOther[1]/XCUIElementTypeButton
2017-05-31 22:07:34-main--INFO -com.ctaf.accelerators.TestEngine:Able to click on Search
2017-05-31 22:07:41-main--INFO -com.ctaf.accelerators.TestEngine:Typing is performed on Origin
2017-05-31 22:07:44-main--INFO -com.ctaf.accelerators.TestEngine:Able to click on DMM
2017-05-31 22:07:50-main--INFO -com.ctaf.accelerators.TestEngine:Typing is performed on Destination
2017-05-31 22:07:52-main--INFO -com.ctaf.accelerators.TestEngine:Able to click on AHB
2017-05-31 22:07:56-main--INFO -com.ctaf.accelerators.TestEngine:Able to click on Find Flights
2017-05-31 22:08:48-main--INFO -com.ctaf.accelerators.TestEngine:Able to click on By.xpath: //XCUIElementTypeTable/XCUIElementTypeCell[1]/XCUIElementTypeButton[3]
2017-05-31 22:09:25-main--INFO -com.ctaf.accelerators.TestEngine:Able to click on By.xpath: //XCUIElementTypeTable/XCUIElementTypeCell[1]/XCUIElementTypeButton[3]
2017-05-31 22:09:50-main--INFO -com.ctaf.accelerators.TestEngine:Able to click on By.xpath: //*[@label='Continue to Select Extras']
2017-05-31 22:10:14-main--INFO -com.ctaf.accelerators.TestEngine:Able to click on By.xpath: //*[@label='Continue to Select Seat']
2017-05-31 22:10:24-main--INFO -com.ctaf.accelerators.TestEngine:Able to click on By.xpath: //*[@label='Continue to Payment']
2017-05-31 22:10:34-main--INFO -com.ctaf.accelerators.TestEngine:Typing is performed on Card Number
2017-05-31 22:10:44-main--INFO -com.ctaf.accelerators.TestEngine:Typing is performed on Card Holder Name
2017-05-31 22:11:00-main--INFO -com.ctaf.accelerators.TestEngine:Typing is performed on Expiry Date
2017-05-31 22:11:11-main--INFO -com.ctaf.accelerators.TestEngine:Typing is performed on cvv
2017-05-31 22:11:22-main--INFO -com.ctaf.accelerators.TestEngine:Able to click on Purchase
2017-05-31 22:12:24-main--INFO -com.ctaf.accelerators.TestEngine: Able to get TscreenShot
2017-05-31 22:12:45-main--INFO -com.ctaf.accelerators.TestEngine:Current Test : TC_19_oundTripDomesticEconomy_DMM_YNB
2017-05-31 22:12:51-main--INFO -com.ctaf.accelerators.TestEngine:Able to click on By.xpath: //*[@label='Book flights']
2017-05-31 22:12:59-main--INFO -com.ctaf.accelerators.TestEngine:Able to click on By.xpath: //*[@label='Return']
2017-05-31 22:13:06-main--INFO -com.ctaf.accelerators.TestEngine:Able to click on By.xpath: //XCUIElementTypeOther[3]/XCUIElementTypeOther[1]/XCUIElementTypeButton
2017-05-31 22:13:13-main--INFO -com.ctaf.accelerators.TestEngine:Able to click on Search
2017-05-31 22:13:20-main--INFO -com.ctaf.accelerators.TestEngine:Typing is performed on Origin
2017-05-31 22:13:23-main--INFO -com.ctaf.accelerators.TestEngine:Able to click on DMM
2017-05-31 22:13:29-main--INFO -com.ctaf.accelerators.TestEngine:Typing is performed on Destination
2017-05-31 22:13:32-main--INFO -com.ctaf.accelerators.TestEngine:Able to click on YNB
2017-05-31 22:13:36-main--INFO -com.ctaf.accelerators.TestEngine:Able to click on Find Flights
2017-05-31 22:14:00-main--INFO -com.ctaf.accelerators.TestEngine:Able to click on By.xpath: //XCUIElementTypeTable/XCUIElementTypeCell[1]/XCUIElementTypeButton[3]
2017-05-31 22:14:31-main--INFO -com.ctaf.accelerators.TestEngine:Able to click on By.xpath: //XCUIElementTypeTable/XCUIElementTypeCell[1]/XCUIElementTypeButton[3]
2017-05-31 22:14:56-main--INFO -com.ctaf.accelerators.TestEngine:Able to click on By.xpath: //*[@label='Continue to Select Extras']
2017-05-31 22:15:21-main--INFO -com.ctaf.accelerators.TestEngine:Able to click on By.xpath: //*[@label='Continue to Select Seat']
2017-05-31 22:15:32-main--INFO -com.ctaf.accelerators.TestEngine:Able to click on By.xpath: //*[@label='Continue to Payment']
2017-05-31 22:15:42-main--INFO -com.ctaf.accelerators.TestEngine:Typing is performed on Card Number
2017-05-31 22:15:54-main--INFO -com.ctaf.accelerators.TestEngine:Typing is performed on Card Holder Name
2017-05-31 22:16:11-main--INFO -com.ctaf.accelerators.TestEngine:Typing is performed on Expiry Date
2017-05-31 22:16:22-main--INFO -com.ctaf.accelerators.TestEngine:Typing is performed on cvv
2017-05-31 22:16:34-main--INFO -com.ctaf.accelerators.TestEngine:Able to click on Purchase
2017-05-31 22:17:37-main--INFO -com.ctaf.accelerators.TestEngine: Able to get TscreenShot
2017-05-31 22:17:58-main--INFO -com.ctaf.accelerators.TestEngine:Current Test : TC_20_roundTripDomesticEconomy_DMM_MED
2017-05-31 22:18:04-main--INFO -com.ctaf.accelerators.TestEngine:Able to click on By.xpath: //*[@label='Book flights']
2017-05-31 22:18:12-main--INFO -com.ctaf.accelerators.TestEngine:Able to click on By.xpath: //*[@label='Return']
2017-05-31 22:18:20-main--INFO -com.ctaf.accelerators.TestEngine:Able to click on By.xpath: //XCUIElementTypeOther[3]/XCUIElementTypeOther[1]/XCUIElementTypeButton
2017-05-31 22:18:27-main--INFO -com.ctaf.accelerators.TestEngine:Able to click on Search
2017-05-31 22:18:35-main--INFO -com.ctaf.accelerators.TestEngine:Typing is performed on Origin
2017-05-31 22:18:38-main--INFO -com.ctaf.accelerators.TestEngine:Able to click on DMM
2017-05-31 22:18:45-main--INFO -com.ctaf.accelerators.TestEngine:Typing is performed on Destination
2017-05-31 22:18:48-main--INFO -com.ctaf.accelerators.TestEngine:Able to click on MED
2017-05-31 22:18:52-main--INFO -com.ctaf.accelerators.TestEngine:Able to click on Find Flights
2017-05-31 22:19:44-main--INFO -com.ctaf.accelerators.TestEngine:Able to click on By.xpath: //XCUIElementTypeTable/XCUIElementTypeCell[1]/XCUIElementTypeButton[3]
2017-05-31 22:20:25-main--INFO -com.ctaf.accelerators.TestEngine:Able to click on By.xpath: //XCUIElementTypeTable/XCUIElementTypeCell[1]/XCUIElementTypeButton[3]
2017-05-31 22:20:51-main--INFO -com.ctaf.accelerators.TestEngine:Able to click on By.xpath: //*[@label='Continue to Select Extras']
2017-05-31 22:21:17-main--INFO -com.ctaf.accelerators.TestEngine:Able to click on By.xpath: //*[@label='Continue to Select Seat']
2017-05-31 22:21:28-main--INFO -com.ctaf.accelerators.TestEngine:Able to click on By.xpath: //*[@label='Continue to Payment']
2017-05-31 22:21:38-main--INFO -com.ctaf.accelerators.TestEngine:Typing is performed on Card Number
2017-05-31 22:21:50-main--INFO -com.ctaf.accelerators.TestEngine:Typing is performed on Card Holder Name
2017-05-31 22:22:07-main--INFO -com.ctaf.accelerators.TestEngine:Typing is performed on Expiry Date
2017-05-31 22:22:19-main--INFO -com.ctaf.accelerators.TestEngine:Typing is performed on cvv
2017-05-31 22:22:31-main--INFO -com.ctaf.accelerators.TestEngine:Able to click on Purchase
2017-05-31 22:23:33-main--INFO -com.ctaf.accelerators.TestEngine: Able to get TscreenShot
2017-05-31 22:23:55-main--INFO -com.ctaf.accelerators.TestEngine:Current Test : TC_21_roundTripDomesticEconomy_DMM_GIZ
2017-05-31 22:24:01-main--INFO -com.ctaf.accelerators.TestEngine:Able to click on By.xpath: //*[@label='Book flights']
2017-05-31 22:24:09-main--INFO -com.ctaf.accelerators.TestEngine:Able to click on By.xpath: //*[@label='Return']
2017-05-31 22:24:17-main--INFO -com.ctaf.accelerators.TestEngine:Able to click on By.xpath: //XCUIElementTypeOther[3]/XCUIElementTypeOther[1]/XCUIElementTypeButton
2017-05-31 22:24:25-main--INFO -com.ctaf.accelerators.TestEngine:Able to click on Search
2017-05-31 22:24:33-main--INFO -com.ctaf.accelerators.TestEngine:Typing is performed on Origin
2017-05-31 22:24:36-main--INFO -com.ctaf.accelerators.TestEngine:Able to click on DMM
2017-05-31 22:24:43-main--INFO -com.ctaf.accelerators.TestEngine:Typing is performed on Destination
2017-05-31 22:24:47-main--INFO -com.ctaf.accelerators.TestEngine:Able to click on GIZ
2017-05-31 22:24:51-main--INFO -com.ctaf.accelerators.TestEngine:Able to click on Find Flights
2017-05-31 22:25:49-main--INFO -com.ctaf.accelerators.TestEngine:Able to click on By.xpath: //XCUIElementTypeTable/XCUIElementTypeCell[1]/XCUIElementTypeButton[3]
2017-05-31 22:26:32-main--INFO -com.ctaf.accelerators.TestEngine:Able to click on By.xpath: //XCUIElementTypeTable/XCUIElementTypeCell[1]/XCUIElementTypeButton[3]
2017-05-31 22:26:58-main--INFO -com.ctaf.accelerators.TestEngine:Able to click on By.xpath: //*[@label='Continue to Select Extras']
2017-05-31 22:27:25-main--INFO -com.ctaf.accelerators.TestEngine:Able to click on By.xpath: //*[@label='Continue to Select Seat']
2017-05-31 22:27:36-main--INFO -com.ctaf.accelerators.TestEngine:Able to click on By.xpath: //*[@label='Continue to Payment']
2017-05-31 22:27:47-main--INFO -com.ctaf.accelerators.TestEngine:Typing is performed on Card Number
2017-05-31 22:27:59-main--INFO -com.ctaf.accelerators.TestEngine:Typing is performed on Card Holder Name
2017-05-31 22:28:18-main--INFO -com.ctaf.accelerators.TestEngine:Typing is performed on Expiry Date
2017-05-31 22:28:30-main--INFO -com.ctaf.accelerators.TestEngine:Typing is performed on cvv
2017-05-31 22:28:43-main--INFO -com.ctaf.accelerators.TestEngine:Able to click on Purchase
2017-05-31 22:29:45-main--INFO -com.ctaf.accelerators.TestEngine: Able to get TscreenShot
2017-05-31 22:30:07-main--INFO -com.ctaf.accelerators.TestEngine:Current Test : TC_22_roundTripDomesticEconomy_DMM_ELQ
2017-05-31 22:30:14-main--INFO -com.ctaf.accelerators.TestEngine:Able to click on By.xpath: //*[@label='Book flights']
2017-05-31 22:30:22-main--INFO -com.ctaf.accelerators.TestEngine:Able to click on By.xpath: //*[@label='Return']
2017-05-31 22:30:30-main--INFO -com.ctaf.accelerators.TestEngine:Able to click on By.xpath: //XCUIElementTypeOther[3]/XCUIElementTypeOther[1]/XCUIElementTypeButton
2017-05-31 22:30:38-main--INFO -com.ctaf.accelerators.TestEngine:Able to click on Search
2017-05-31 22:30:47-main--INFO -com.ctaf.accelerators.TestEngine:Typing is performed on Origin
2017-05-31 22:30:50-main--INFO -com.ctaf.accelerators.TestEngine:Able to click on DMM
2017-05-31 22:30:57-main--INFO -com.ctaf.accelerators.TestEngine:Typing is performed on Destination
2017-05-31 22:31:01-main--INFO -com.ctaf.accelerators.TestEngine:Able to click on ELQ
2017-05-31 22:31:05-main--INFO -com.ctaf.accelerators.TestEngine:Able to click on Find Flights
2017-05-31 22:31:33-main--INFO -com.ctaf.accelerators.TestEngine:Able to click on By.xpath: //*[@label='icn arrow right red']
2017-05-31 22:32:01-main--INFO -com.ctaf.accelerators.TestEngine:Able to click on By.xpath: //*[@label='icn arrow right red']
2017-05-31 22:32:44-main--INFO -com.ctaf.accelerators.TestEngine:Able to click on By.xpath: //XCUIElementTypeTable/XCUIElementTypeCell[1]/XCUIElementTypeButton[3]
2017-05-31 22:33:09-main--INFO -com.ctaf.accelerators.TestEngine:Able to click on By.xpath: //XCUIElementTypeTable/XCUIElementTypeCell[1]/XCUIElementTypeButton[3]
2017-05-31 22:33:35-main--INFO -com.ctaf.accelerators.TestEngine:Able to click on By.xpath: //*[@label='Continue to Select Extras']
2017-05-31 22:34:04-main--INFO -com.ctaf.accelerators.TestEngine:Able to click on By.xpath: //*[@label='Continue to Select Seat']
2017-05-31 22:34:16-main--INFO -com.ctaf.accelerators.TestEngine:Able to click on By.xpath: //*[@label='Continue to Payment']
2017-05-31 22:34:27-main--INFO -com.ctaf.accelerators.TestEngine:Typing is performed on Card Number
2017-05-31 22:34:39-main--INFO -com.ctaf.accelerators.TestEngine:Typing is performed on Card Holder Name
2017-05-31 22:34:57-main--INFO -com.ctaf.accelerators.TestEngine:Typing is performed on Expiry Date
2017-05-31 22:35:09-main--INFO -com.ctaf.accelerators.TestEngine:Typing is performed on cvv
2017-05-31 22:35:22-main--INFO -com.ctaf.accelerators.TestEngine:Able to click on Purchase
2017-05-31 22:36:24-main--INFO -com.ctaf.accelerators.TestEngine: Able to get TscreenShot
2017-05-31 22:36:46-main--INFO -com.ctaf.accelerators.TestEngine:Current Test : TC_23_roundTripDomesticEconomy_DMM_HAS
2017-05-31 22:36:52-main--INFO -com.ctaf.accelerators.TestEngine:Able to click on By.xpath: //*[@label='Book flights']
2017-05-31 22:37:00-main--INFO -com.ctaf.accelerators.TestEngine:Able to click on By.xpath: //*[@label='Return']
2017-05-31 22:37:08-main--INFO -com.ctaf.accelerators.TestEngine:Able to click on By.xpath: //XCUIElementTypeOther[3]/XCUIElementTypeOther[1]/XCUIElementTypeButton
2017-05-31 22:37:16-main--INFO -com.ctaf.accelerators.TestEngine:Able to click on Search
2017-05-31 22:37:24-main--INFO -com.ctaf.accelerators.TestEngine:Typing is performed on Origin
2017-05-31 22:37:28-main--INFO -com.ctaf.accelerators.TestEngine:Able to click on DMM
2017-05-31 22:37:35-main--INFO -com.ctaf.accelerators.TestEngine:Typing is performed on Destination
2017-05-31 22:37:38-main--INFO -com.ctaf.accelerators.TestEngine:Able to click on HAS
2017-05-31 22:37:42-main--INFO -com.ctaf.accelerators.TestEngine:Able to click on Find Flights
2017-05-31 22:38:23-main--INFO -com.ctaf.accelerators.TestEngine:Able to click on By.xpath: //XCUIElementTypeTable/XCUIElementTypeCell[1]/XCUIElementTypeButton[3]
2017-05-31 22:38:51-main--INFO -com.ctaf.accelerators.TestEngine:Able to click on By.xpath: //XCUIElementTypeTable/XCUIElementTypeCell[1]/XCUIElementTypeButton[3]
2017-05-31 22:39:17-main--INFO -com.ctaf.accelerators.TestEngine:Able to click on By.xpath: //*[@label='Continue to Select Extras']
2017-05-31 22:39:44-main--INFO -com.ctaf.accelerators.TestEngine:Able to click on By.xpath: //*[@label='Continue to Select Seat']
2017-05-31 22:39:55-main--INFO -com.ctaf.accelerators.TestEngine:Able to click on By.xpath: //*[@label='Continue to Payment']
2017-05-31 22:40:06-main--INFO -com.ctaf.accelerators.TestEngine:Typing is performed on Card Number
2017-05-31 22:40:18-main--INFO -com.ctaf.accelerators.TestEngine:Typing is performed on Card Holder Name
2017-05-31 22:40:36-main--INFO -com.ctaf.accelerators.TestEngine:Typing is performed on Expiry Date
2017-05-31 22:40:47-main--INFO -com.ctaf.accelerators.TestEngine:Typing is performed on cvv
2017-05-31 22:41:00-main--INFO -com.ctaf.accelerators.TestEngine:Able to click on Purchase
2017-05-31 22:42:02-main--INFO -com.ctaf.accelerators.TestEngine: Able to get TscreenShot
2017-05-31 22:42:23-main--INFO -com.ctaf.accelerators.TestEngine:Current Test : TC_24_roundTripDomesticEconomy_DMM_TUU
2017-05-31 22:42:29-main--INFO -com.ctaf.accelerators.TestEngine:Able to click on By.xpath: //*[@label='Book flights']
2017-05-31 22:42:37-main--INFO -com.ctaf.accelerators.TestEngine:Able to click on By.xpath: //*[@label='Return']
2017-05-31 22:42:46-main--INFO -com.ctaf.accelerators.TestEngine:Able to click on By.xpath: //XCUIElementTypeOther[3]/XCUIElementTypeOther[1]/XCUIElementTypeButton
2017-05-31 22:42:53-main--INFO -com.ctaf.accelerators.TestEngine:Able to click on Search
2017-05-31 22:43:01-main--INFO -com.ctaf.accelerators.TestEngine:Typing is performed on Origin
2017-05-31 22:43:05-main--INFO -com.ctaf.accelerators.TestEngine:Able to click on DMM
2017-05-31 22:43:12-main--INFO -com.ctaf.accelerators.TestEngine:Typing is performed on Destination
2017-05-31 22:43:15-main--INFO -com.ctaf.accelerators.TestEngine:Able to click on TUU
2017-05-31 22:43:19-main--INFO -com.ctaf.accelerators.TestEngine:Able to click on Find Flights
2017-05-31 22:44:00-main--INFO -com.ctaf.accelerators.TestEngine:Able to click on By.xpath: //XCUIElementTypeTable/XCUIElementTypeCell[1]/XCUIElementTypeButton[3]
2017-05-31 22:44:35-main--INFO -com.ctaf.accelerators.TestEngine:Able to click on By.xpath: //XCUIElementTypeTable/XCUIElementTypeCell[1]/XCUIElementTypeButton[3]
2017-05-31 22:45:00-main--INFO -com.ctaf.accelerators.TestEngine:Able to click on By.xpath: //*[@label='Continue to Select Extras']
2017-05-31 22:45:28-main--INFO -com.ctaf.accelerators.TestEngine:Able to click on By.xpath: //*[@label='Continue to Select Seat']
2017-05-31 22:45:39-main--INFO -com.ctaf.accelerators.TestEngine:Able to click on By.xpath: //*[@label='Continue to Payment']
2017-05-31 22:45:50-main--INFO -com.ctaf.accelerators.TestEngine:Typing is performed on Card Number
2017-05-31 22:46:01-main--INFO -com.ctaf.accelerators.TestEngine:Typing is performed on Card Holder Name
2017-05-31 22:46:19-main--INFO -com.ctaf.accelerators.TestEngine:Typing is performed on Expiry Date
2017-05-31 22:46:31-main--INFO -com.ctaf.accelerators.TestEngine:Typing is performed on cvv
2017-05-31 22:46:44-main--INFO -com.ctaf.accelerators.TestEngine:Able to click on Purchase
