2017-09-17 12:30:45-main--INFO -com.ctaf.accelerators.TestEngine:Starting browser : iphone
2017-09-17 12:31:50-main--INFO -com.ctaf.accelerators.TestEngine:Current Test : TC_01_oneWayDomesticEcoSADAD
2017-09-17 12:31:59-main--INFO -com.ctaf.accelerators.TestEngine:Able to click on By.xpath: //*[@label='Book flights']
2017-09-17 12:32:17-main--INFO -com.ctaf.accelerators.TestEngine:Able to click on By.xpath: //*[@label='One-way']
2017-09-17 12:32:30-main--INFO -com.ctaf.accelerators.TestEngine:Able to click on By.xpath: //XCUIElementTypeOther[3]/XCUIElementTypeOther[1]/XCUIElementTypeButton
2017-09-17 12:32:35-main--INFO -com.ctaf.accelerators.TestEngine:Able to click on Search
2017-09-17 12:32:43-main--INFO -com.ctaf.accelerators.TestEngine:Typing is performed on Origin
2017-09-17 12:32:45-main--INFO -com.ctaf.accelerators.TestEngine:Able to click on RUH
2017-09-17 12:32:52-main--INFO -com.ctaf.accelerators.TestEngine:Typing is performed on Destination
2017-09-17 12:32:55-main--INFO -com.ctaf.accelerators.TestEngine:Able to click on JED
2017-09-17 12:33:00-main--INFO -com.ctaf.accelerators.TestEngine:Able to click on Find Flights
2017-09-17 12:34:19-main--INFO -com.ctaf.accelerators.TestEngine:Able to click on By.xpath: //XCUIElementTypeTable/XCUIElementTypeCell/XCUIElementTypeButton[12]
2017-09-17 12:35:05-main--INFO -com.ctaf.accelerators.TestEngine:Able to click on By.xpath: //*[@label='Title*']/following-sibling::XCUIElementTypeButton[1]
2017-09-17 12:35:58-main--INFO -com.ctaf.accelerators.TestEngine:Typing is not performed on Tittle
2017-09-17 12:35:58-main--INFO -com.ctaf.accelerators.TestEngine: Able to get TscreenShot
2017-09-17 12:38:08-main--INFO -com.ctaf.accelerators.TestEngine:Starting browser : iphone
2017-09-17 12:38:49-main--INFO -com.ctaf.accelerators.TestEngine:Current Test : TC_01_oneWayDomesticEcoSADAD
2017-09-17 12:38:57-main--INFO -com.ctaf.accelerators.TestEngine:Able to click on By.xpath: //*[@label='Book flights']
2017-09-17 12:39:15-main--INFO -com.ctaf.accelerators.TestEngine:Able to click on By.xpath: //*[@label='One-way']
2017-09-17 12:39:27-main--INFO -com.ctaf.accelerators.TestEngine:Able to click on By.xpath: //XCUIElementTypeOther[3]/XCUIElementTypeOther[1]/XCUIElementTypeButton
2017-09-17 12:39:33-main--INFO -com.ctaf.accelerators.TestEngine:Able to click on Search
2017-09-17 12:39:40-main--INFO -com.ctaf.accelerators.TestEngine:Typing is performed on Origin
2017-09-17 12:39:43-main--INFO -com.ctaf.accelerators.TestEngine:Able to click on RUH
2017-09-17 12:39:50-main--INFO -com.ctaf.accelerators.TestEngine:Typing is performed on Destination
2017-09-17 12:39:52-main--INFO -com.ctaf.accelerators.TestEngine:Able to click on JED
2017-09-17 12:39:57-main--INFO -com.ctaf.accelerators.TestEngine:Able to click on Find Flights
2017-09-17 12:41:32-main--INFO -com.ctaf.accelerators.TestEngine:Able to click on By.xpath: //XCUIElementTypeTable/XCUIElementTypeCell/XCUIElementTypeButton[12]
2017-09-17 12:44:00-main--INFO -com.ctaf.accelerators.TestEngine:Able to click on By.xpath: //*[@label='Title*']/following-sibling::XCUIElementTypeButton[1]
2017-09-17 12:47:06-main--INFO -com.ctaf.accelerators.TestEngine:Starting browser : iphone
2017-09-17 12:47:45-main--INFO -com.ctaf.accelerators.TestEngine:Current Test : TC_01_oneWayDomesticEcoSADAD
2017-09-17 12:47:54-main--INFO -com.ctaf.accelerators.TestEngine:Able to click on By.xpath: //*[@label='Book flights']
2017-09-17 12:48:11-main--INFO -com.ctaf.accelerators.TestEngine:Able to click on By.xpath: //*[@label='One-way']
2017-09-17 12:48:23-main--INFO -com.ctaf.accelerators.TestEngine:Able to click on By.xpath: //XCUIElementTypeOther[3]/XCUIElementTypeOther[1]/XCUIElementTypeButton
2017-09-17 12:48:29-main--INFO -com.ctaf.accelerators.TestEngine:Able to click on Search
2017-09-17 12:48:36-main--INFO -com.ctaf.accelerators.TestEngine:Typing is performed on Origin
2017-09-17 12:48:39-main--INFO -com.ctaf.accelerators.TestEngine:Able to click on RUH
2017-09-17 12:48:46-main--INFO -com.ctaf.accelerators.TestEngine:Typing is performed on Destination
2017-09-17 12:48:48-main--INFO -com.ctaf.accelerators.TestEngine:Able to click on JED
2017-09-17 12:48:53-main--INFO -com.ctaf.accelerators.TestEngine:Able to click on Find Flights
2017-09-17 12:50:28-main--INFO -com.ctaf.accelerators.TestEngine:Able to click on By.xpath: //XCUIElementTypeTable/XCUIElementTypeCell/XCUIElementTypeButton[12]
2017-09-17 12:59:04-main--INFO -com.ctaf.accelerators.TestEngine:Able to click on By.xpath: //*[@label='Title*']/following-sibling::XCUIElementTypeButton[1]
2017-09-17 12:59:19-main--INFO -com.ctaf.accelerators.TestEngine:Typing is performed on Tittle
2017-09-17 13:03:11-main--INFO -com.ctaf.accelerators.TestEngine:Starting browser : iphone
2017-09-17 13:03:52-main--INFO -com.ctaf.accelerators.TestEngine:Current Test : TC_01_oneWayDomesticEcoSADAD
2017-09-17 13:04:01-main--INFO -com.ctaf.accelerators.TestEngine:Able to click on By.xpath: //*[@label='Book flights']
2017-09-17 13:04:19-main--INFO -com.ctaf.accelerators.TestEngine:Able to click on By.xpath: //*[@label='One-way']
2017-09-17 13:04:31-main--INFO -com.ctaf.accelerators.TestEngine:Able to click on By.xpath: //XCUIElementTypeOther[3]/XCUIElementTypeOther[1]/XCUIElementTypeButton
2017-09-17 13:04:36-main--INFO -com.ctaf.accelerators.TestEngine:Able to click on Search
2017-09-17 13:04:44-main--INFO -com.ctaf.accelerators.TestEngine:Typing is performed on Origin
2017-09-17 13:04:46-main--INFO -com.ctaf.accelerators.TestEngine:Able to click on RUH
2017-09-17 13:04:53-main--INFO -com.ctaf.accelerators.TestEngine:Typing is performed on Destination
2017-09-17 13:04:56-main--INFO -com.ctaf.accelerators.TestEngine:Able to click on JED
2017-09-17 13:05:01-main--INFO -com.ctaf.accelerators.TestEngine:Able to click on Find Flights
2017-09-17 13:06:26-main--INFO -com.ctaf.accelerators.TestEngine:Able to click on By.xpath: //XCUIElementTypeTable/XCUIElementTypeCell/XCUIElementTypeButton[12]
2017-09-17 13:07:12-main--INFO -com.ctaf.accelerators.TestEngine:Able to click on By.xpath: //*[@label='Title*']/following-sibling::XCUIElementTypeButton[1]
2017-09-17 13:07:26-main--INFO -com.ctaf.accelerators.TestEngine:Typing is performed on Tittle
2017-09-17 13:11:16-main--INFO -com.ctaf.accelerators.TestEngine:Typing is performed on firstName
2017-09-17 13:11:35-main--INFO -com.ctaf.accelerators.TestEngine:Typing is performed on LastName
2017-09-17 13:11:52-main--INFO -com.ctaf.accelerators.TestEngine:Able to click on By.xpath: //*[@label='Date of birth*']/following-sibling:: XCUIElementTypeButton[2]
2017-09-17 13:12:06-main--INFO -com.ctaf.accelerators.TestEngine:Typing is performed on Date Of Birth
2017-09-17 13:12:36-main--INFO -com.ctaf.accelerators.TestEngine:Able to click on By.xpath: //*[@label='ID Number*']/following-sibling::XCUIElementTypeTextField[3]
2017-09-17 13:12:52-main--INFO -com.ctaf.accelerators.TestEngine:Typing is performed on ID Number
2017-09-17 13:16:18-main--INFO -com.ctaf.accelerators.TestEngine:Typing is performed on naSmilyNumber
2017-09-17 13:16:50-main--INFO -com.ctaf.accelerators.TestEngine:Able to click on By.xpath: //*[@label='Mobile Number*']/following-sibling::XCUIElementTypeTextField[1]
2017-09-17 13:17:05-main--INFO -com.ctaf.accelerators.TestEngine:Typing is performed on MobileNumber
2017-09-17 13:24:35-main--INFO -com.ctaf.accelerators.TestEngine:Starting browser : iphone
2017-09-17 13:25:17-main--INFO -com.ctaf.accelerators.TestEngine:Current Test : TC_01_oneWayDomesticEcoSADAD
2017-09-17 13:25:26-main--INFO -com.ctaf.accelerators.TestEngine:Able to click on By.xpath: //*[@label='Book flights']
2017-09-17 13:25:43-main--INFO -com.ctaf.accelerators.TestEngine:Able to click on By.xpath: //*[@label='One-way']
2017-09-17 13:25:55-main--INFO -com.ctaf.accelerators.TestEngine:Able to click on By.xpath: //XCUIElementTypeOther[3]/XCUIElementTypeOther[1]/XCUIElementTypeButton
2017-09-17 13:26:01-main--INFO -com.ctaf.accelerators.TestEngine:Able to click on Search
2017-09-17 13:26:08-main--INFO -com.ctaf.accelerators.TestEngine:Typing is performed on Origin
2017-09-17 13:26:11-main--INFO -com.ctaf.accelerators.TestEngine:Able to click on RUH
2017-09-17 13:26:18-main--INFO -com.ctaf.accelerators.TestEngine:Typing is performed on Destination
2017-09-17 13:26:20-main--INFO -com.ctaf.accelerators.TestEngine:Able to click on JED
2017-09-17 13:26:25-main--INFO -com.ctaf.accelerators.TestEngine:Able to click on Find Flights
2017-09-17 13:27:50-main--INFO -com.ctaf.accelerators.TestEngine:Able to click on By.xpath: //XCUIElementTypeTable/XCUIElementTypeCell/XCUIElementTypeButton[12]
2017-09-17 13:28:35-main--INFO -com.ctaf.accelerators.TestEngine:Able to click on By.xpath: //*[@label='Title*']/following-sibling::XCUIElementTypeButton[1]
2017-09-17 13:28:50-main--INFO -com.ctaf.accelerators.TestEngine:Typing is performed on Tittle
2017-09-17 13:32:39-main--INFO -com.ctaf.accelerators.TestEngine:Typing is performed on firstName
2017-09-17 13:32:58-main--INFO -com.ctaf.accelerators.TestEngine:Typing is performed on LastName
2017-09-17 13:33:15-main--INFO -com.ctaf.accelerators.TestEngine:Able to click on By.xpath: //*[@label='Date of birth*']/following-sibling:: XCUIElementTypeButton[2]
2017-09-17 13:33:28-main--INFO -com.ctaf.accelerators.TestEngine:Typing is performed on Date Of Birth
2017-09-17 13:33:58-main--INFO -com.ctaf.accelerators.TestEngine:Able to click on By.xpath: //*[@label='ID Number*']/following-sibling::XCUIElementTypeTextField[3]
2017-09-17 13:34:14-main--INFO -com.ctaf.accelerators.TestEngine:Typing is performed on ID Number
2017-09-17 13:37:40-main--INFO -com.ctaf.accelerators.TestEngine:Typing is performed on naSmilyNumber
2017-09-17 13:38:12-main--INFO -com.ctaf.accelerators.TestEngine:Able to click on By.xpath: //*[@label='Mobile Number*']/following-sibling::XCUIElementTypeTextField[1]
2017-09-17 13:38:27-main--INFO -com.ctaf.accelerators.TestEngine:Typing is performed on MobileNumber
2017-09-17 13:45:04-main--INFO -com.ctaf.accelerators.TestEngine:Able to click on By.xpath: //*[@label='Mobile Number*']/following-sibling::XCUIElementTypeTextField[1]
2017-09-17 13:45:20-main--INFO -com.ctaf.accelerators.TestEngine:Typing is performed on Email Address
2017-09-17 13:45:41-main--INFO -com.ctaf.accelerators.TestEngine:Able to click on By.xpath: //*[@label='Continue to Select Extras']
2017-09-17 13:48:31-main--INFO -com.ctaf.accelerators.TestEngine:Unable to click on By.xpath: //*[@label='SADAD']
2017-09-17 13:48:32-main--INFO -com.ctaf.accelerators.TestEngine: Able to get TscreenShot
