2017-03-03 00:38:35-main--INFO -com.ctaf.accelerators.TestEngine:Starting browser : iphone
2017-03-03 00:39:32-main--INFO -com.ctaf.accelerators.TestEngine:Current Test : TC_01_oneWayDomesticEconomy_RUH_JED
2017-03-03 00:39:52-main--INFO -com.ctaf.accelerators.TestEngine:Able to click on By.xpath: //XCUIElementTypeOther/*[@label='btn menu']
2017-03-03 00:39:59-main--INFO -com.ctaf.accelerators.TestEngine:Able to click on By.xpath: //XCUIElementTypeCell[1]/*[@label='Login']
2017-03-03 00:40:11-main--INFO -com.ctaf.accelerators.TestEngine:Typing is performed on EmailAddress
2017-03-03 00:40:24-main--INFO -com.ctaf.accelerators.TestEngine:Typing is performed on Password
2017-03-03 00:40:47-main--INFO -com.ctaf.accelerators.TestEngine:Able to click on By.xpath: //*[@label='Login']
2017-03-03 00:40:56-main--INFO -com.ctaf.accelerators.TestEngine:Able to click on By.xpath: //*[@label='Book flights']
2017-03-03 00:41:06-main--INFO -com.ctaf.accelerators.TestEngine:Able to click on By.xpath: //*[@label='One-way']
2017-03-03 00:41:17-main--INFO -com.ctaf.accelerators.TestEngine:Able to click on By.xpath: //XCUIElementTypeOther[3]/XCUIElementTypeOther[1]/XCUIElementTypeButton
2017-03-03 00:41:45-main--INFO -com.ctaf.accelerators.TestEngine:Able to click on By.xpath: //*[@label='Search']
2017-03-03 00:43:04-main--INFO -com.ctaf.accelerators.TestEngine:Typing is performed on Origin
2017-03-03 00:43:16-main--INFO -com.ctaf.accelerators.TestEngine:Able to click on By.xpath: //XCUIElementTypeCell/XCUIElementTypeStaticText[3]
2017-03-03 00:44:27-main--INFO -com.ctaf.accelerators.TestEngine:Typing is performed on Destination
2017-03-03 00:44:39-main--INFO -com.ctaf.accelerators.TestEngine:Able to click on By.xpath: //XCUIElementTypeCell/XCUIElementTypeStaticText[3]
2017-03-03 00:45:13-main--INFO -com.ctaf.accelerators.TestEngine:Able to click on By.xpath: //XCUIElementTypeOther[3]/XCUIElementTypeOther[3]/XCUIElementTypeButton
2017-03-03 01:01:48-main--INFO -com.ctaf.accelerators.TestEngine:Starting browser : iphone
2017-03-03 01:27:02-main--INFO -com.ctaf.accelerators.TestEngine:Starting browser : iphone
2017-03-03 01:28:04-main--INFO -com.ctaf.accelerators.TestEngine:Current Test : TC_01_oneWayDomesticEconomy_RUH_JED
2017-03-03 01:28:14-main--INFO -com.ctaf.accelerators.TestEngine:Able to click on By.xpath: //XCUIElementTypeOther/*[@label='btn menu']
2017-03-03 01:28:34-main--INFO -com.ctaf.accelerators.TestEngine:Able to click on By.xpath: //XCUIElementTypeCell[1]/*[@label='Login']
2017-03-03 01:28:55-main--INFO -com.ctaf.accelerators.TestEngine:Typing is performed on EmailAddress
2017-03-03 01:29:08-main--INFO -com.ctaf.accelerators.TestEngine:Typing is performed on Password
2017-03-03 01:29:31-main--INFO -com.ctaf.accelerators.TestEngine:Able to click on By.xpath: //*[@label='Login']
2017-03-03 01:29:44-main--INFO -com.ctaf.accelerators.TestEngine:Able to click on By.xpath: //*[@label='Book flights']
2017-03-03 01:29:58-main--INFO -com.ctaf.accelerators.TestEngine:Able to click on By.xpath: //*[@label='One-way']
2017-03-03 01:30:09-main--INFO -com.ctaf.accelerators.TestEngine:Able to click on By.xpath: //XCUIElementTypeOther[3]/XCUIElementTypeOther[1]/XCUIElementTypeButton
2017-03-03 01:30:32-main--INFO -com.ctaf.accelerators.TestEngine:Able to click on By.xpath: //*[@label='Search']
2017-03-03 01:31:49-main--INFO -com.ctaf.accelerators.TestEngine:Typing is performed on Origin
2017-03-03 01:32:03-main--INFO -com.ctaf.accelerators.TestEngine:Able to click on By.xpath: //XCUIElementTypeCell/XCUIElementTypeStaticText[3]
2017-03-03 01:33:15-main--INFO -com.ctaf.accelerators.TestEngine:Typing is performed on Destination
2017-03-03 01:33:28-main--INFO -com.ctaf.accelerators.TestEngine:Able to click on By.xpath: //XCUIElementTypeCell/XCUIElementTypeStaticText[3]
2017-03-03 01:37:17-main--INFO -com.ctaf.accelerators.TestEngine:Able to click on By.xpath: //XCUIElementTypeOther[3]/XCUIElementTypeOther[3]/XCUIElementTypeButton
2017-03-03 01:38:11-main--INFO -com.ctaf.accelerators.TestEngine:Unable to click on By.xpath: //*[@resource-id='com.flynas.android.app:id/searchFlightFindButton']
2017-03-03 01:38:12-main--INFO -com.ctaf.accelerators.TestEngine: Able to get TscreenShot
2017-03-03 20:08:22-main--INFO -com.ctaf.accelerators.TestEngine:Starting browser : iphone
2017-03-03 20:09:30-main--INFO -com.ctaf.accelerators.TestEngine:Current Test : TC_01_oneWayDomesticEconomy_RUH_JED
2017-03-03 20:09:35-main--INFO -com.ctaf.accelerators.TestEngine:Able to click on By.xpath: //XCUIElementTypeOther/*[@label='btn menu']
2017-03-03 20:09:41-main--INFO -com.ctaf.accelerators.TestEngine:Able to click on By.xpath: //XCUIElementTypeCell[1]/*[@label='Login']
2017-03-03 20:09:54-main--INFO -com.ctaf.accelerators.TestEngine:Typing is performed on EmailAddress
2017-03-03 20:10:07-main--INFO -com.ctaf.accelerators.TestEngine:Typing is performed on Password
2017-03-03 20:10:30-main--INFO -com.ctaf.accelerators.TestEngine:Able to click on By.xpath: //*[@label='Login']
2017-03-03 20:10:38-main--INFO -com.ctaf.accelerators.TestEngine:Able to click on By.xpath: //*[@label='Book flights']
2017-03-03 20:10:51-main--INFO -com.ctaf.accelerators.TestEngine:Able to click on By.xpath: //*[@label='One-way']
2017-03-03 20:11:03-main--INFO -com.ctaf.accelerators.TestEngine:Able to click on By.xpath: //XCUIElementTypeOther[3]/XCUIElementTypeOther[1]/XCUIElementTypeButton
2017-03-03 20:11:30-main--INFO -com.ctaf.accelerators.TestEngine:Able to click on By.xpath: //*[@label='Search']
2017-03-03 20:12:48-main--INFO -com.ctaf.accelerators.TestEngine:Typing is performed on Origin
2017-03-03 20:13:00-main--INFO -com.ctaf.accelerators.TestEngine:Able to click on By.xpath: //XCUIElementTypeCell/XCUIElementTypeStaticText[3]
2017-03-03 20:14:10-main--INFO -com.ctaf.accelerators.TestEngine:Typing is performed on Destination
2017-03-03 20:14:21-main--INFO -com.ctaf.accelerators.TestEngine:Able to click on By.xpath: //XCUIElementTypeCell/XCUIElementTypeStaticText[3]
2017-03-03 20:17:26-main--INFO -com.ctaf.accelerators.TestEngine:Starting browser : iphone
2017-03-03 20:19:02-main--INFO -com.ctaf.accelerators.TestEngine:Current Test : TC_01_oneWayDomesticEconomy_RUH_JED
2017-03-03 20:19:08-main--INFO -com.ctaf.accelerators.TestEngine:Able to click on By.xpath: //XCUIElementTypeOther/*[@label='btn menu']
2017-03-03 20:19:15-main--INFO -com.ctaf.accelerators.TestEngine:Able to click on By.xpath: //XCUIElementTypeCell[1]/*[@label='Login']
2017-03-03 20:19:28-main--INFO -com.ctaf.accelerators.TestEngine:Typing is performed on EmailAddress
2017-03-03 20:19:41-main--INFO -com.ctaf.accelerators.TestEngine:Typing is performed on Password
2017-03-03 20:20:04-main--INFO -com.ctaf.accelerators.TestEngine:Able to click on By.xpath: //*[@label='Login']
2017-03-03 20:20:14-main--INFO -com.ctaf.accelerators.TestEngine:Able to click on By.xpath: //*[@label='Book flights']
2017-03-03 20:28:02-main--INFO -com.ctaf.accelerators.TestEngine:Starting browser : iphone
2017-03-03 20:29:00-main--INFO -com.ctaf.accelerators.TestEngine:Current Test : TC_01_oneWayDomesticEconomy_RUH_JED
2017-03-03 20:29:07-main--INFO -com.ctaf.accelerators.TestEngine:Able to click on By.xpath: //XCUIElementTypeOther/*[@label='btn menu']
2017-03-03 20:29:13-main--INFO -com.ctaf.accelerators.TestEngine:Able to click on By.xpath: //XCUIElementTypeCell[1]/*[@label='Login']
2017-03-03 20:29:27-main--INFO -com.ctaf.accelerators.TestEngine:Typing is performed on EmailAddress
2017-03-03 20:29:39-main--INFO -com.ctaf.accelerators.TestEngine:Typing is performed on Password
2017-03-03 20:30:02-main--INFO -com.ctaf.accelerators.TestEngine:Able to click on By.xpath: //*[@label='Login']
2017-03-03 20:30:12-main--INFO -com.ctaf.accelerators.TestEngine:Able to click on By.xpath: //*[@label='Book flights']
2017-03-03 20:32:04-main--INFO -com.ctaf.accelerators.TestEngine:Starting browser : iphone
2017-03-03 20:33:02-main--INFO -com.ctaf.accelerators.TestEngine:Current Test : TC_01_oneWayDomesticEconomy_RUH_JED
2017-03-03 20:33:15-main--INFO -com.ctaf.accelerators.TestEngine:Able to click on By.xpath: //*[@label='Book flights']
2017-03-03 20:49:29-main--INFO -com.ctaf.accelerators.TestEngine:Starting browser : iphone
2017-03-03 20:50:33-main--INFO -com.ctaf.accelerators.TestEngine:Current Test : TC_01_oneWayDomesticEconomy_RUH_JED
2017-03-03 20:50:39-main--INFO -com.ctaf.accelerators.TestEngine:Able to click on By.xpath: //XCUIElementTypeOther/*[@label='btn menu']
2017-03-03 20:50:46-main--INFO -com.ctaf.accelerators.TestEngine:Able to click on By.xpath: //XCUIElementTypeCell[1]/*[@label='Login']
2017-03-03 20:50:59-main--INFO -com.ctaf.accelerators.TestEngine:Typing is performed on EmailAddress
2017-03-03 20:51:20-main--INFO -com.ctaf.accelerators.TestEngine:Typing is performed on Password
2017-03-03 20:51:43-main--INFO -com.ctaf.accelerators.TestEngine:Able to click on By.xpath: //*[@label='Login']
2017-03-03 20:51:53-main--INFO -com.ctaf.accelerators.TestEngine:Able to click on By.xpath: //*[@label='Book flights']
2017-03-03 20:52:09-main--INFO -com.ctaf.accelerators.TestEngine:Able to click on By.xpath: //*[@label='One-way']
2017-03-03 20:52:19-main--INFO -com.ctaf.accelerators.TestEngine:Able to click on By.xpath: //XCUIElementTypeOther[3]/XCUIElementTypeOther[1]/XCUIElementTypeButton
2017-03-03 20:52:44-main--INFO -com.ctaf.accelerators.TestEngine:Able to click on By.xpath: //*[@label='Search']
2017-03-03 20:54:01-main--INFO -com.ctaf.accelerators.TestEngine:Typing is performed on Origin
2017-03-03 20:54:16-main--INFO -com.ctaf.accelerators.TestEngine:Able to click on By.xpath: //XCUIElementTypeCell/XCUIElementTypeStaticText[3]
2017-03-03 20:55:27-main--INFO -com.ctaf.accelerators.TestEngine:Typing is performed on Destination
2017-03-03 20:55:39-main--INFO -com.ctaf.accelerators.TestEngine:Able to click on By.xpath: //XCUIElementTypeCell/XCUIElementTypeStaticText[3]
2017-03-03 20:56:07-main--INFO -com.ctaf.accelerators.TestEngine:Able to click on By.xpath: //*[@label='Find Flights']
2017-03-03 21:18:24-main--INFO -com.ctaf.accelerators.TestEngine:Starting browser : iphone
2017-03-03 21:19:33-main--INFO -com.ctaf.accelerators.TestEngine:Current Test : TC_01_oneWayDomesticEconomy_RUH_JED
2017-03-03 21:23:23-main--INFO -com.ctaf.accelerators.TestEngine:Able to click on By.xpath: //*[@label='Continue']
2017-03-03 21:26:15-main--INFO -com.ctaf.accelerators.TestEngine:Starting browser : iphone
2017-03-03 21:46:51-main--INFO -com.ctaf.accelerators.TestEngine:Starting browser : iphone
2017-03-03 21:47:51-main--INFO -com.ctaf.accelerators.TestEngine:Current Test : TC_01_oneWayDomesticEconomy_RUH_JED
2017-03-03 21:47:54-main--INFO -com.ctaf.accelerators.TestEngine:Able to click on By.xpath: //XCUIElementTypeOther/*[@label='btn menu']
2017-03-03 21:47:57-main--INFO -com.ctaf.accelerators.TestEngine:Able to click on By.xpath: //XCUIElementTypeCell[1]/*[@label='Login']
2017-03-03 21:48:08-main--INFO -com.ctaf.accelerators.TestEngine:Typing is performed on EmailAddress
2017-03-03 21:48:19-main--INFO -com.ctaf.accelerators.TestEngine:Typing is performed on Password
2017-03-03 21:48:27-main--INFO -com.ctaf.accelerators.TestEngine:Able to click on By.xpath: //*[@label='Login']
2017-03-03 21:48:32-main--INFO -com.ctaf.accelerators.TestEngine:Able to click on By.xpath: //*[@label='Book flights']
2017-03-03 21:48:39-main--INFO -com.ctaf.accelerators.TestEngine:Able to click on By.xpath: //*[@label='One-way']
2017-03-03 21:48:43-main--INFO -com.ctaf.accelerators.TestEngine:Able to click on By.xpath: //XCUIElementTypeOther[3]/XCUIElementTypeOther[1]/XCUIElementTypeButton
2017-03-03 21:48:53-main--INFO -com.ctaf.accelerators.TestEngine:Able to click on By.xpath: //*[@label='Search']
2017-03-03 21:50:06-main--INFO -com.ctaf.accelerators.TestEngine:Typing is performed on Origin
2017-03-03 21:50:10-main--INFO -com.ctaf.accelerators.TestEngine:Able to click on By.xpath: //XCUIElementTypeCell/XCUIElementTypeStaticText[3]
2017-03-03 21:51:19-main--INFO -com.ctaf.accelerators.TestEngine:Typing is performed on Destination
2017-03-03 21:51:24-main--INFO -com.ctaf.accelerators.TestEngine:Able to click on By.xpath: //XCUIElementTypeCell/XCUIElementTypeStaticText[3]
2017-03-03 21:51:35-main--INFO -com.ctaf.accelerators.TestEngine:Able to click on By.xpath: //*[@label='Find Flights']
2017-03-03 21:56:21-main--INFO -com.ctaf.accelerators.TestEngine:Able to click on By.xpath: //*[@label='Continue']
2017-03-03 22:02:34-main--INFO -com.ctaf.accelerators.TestEngine:Starting browser : iphone
2017-03-03 22:03:42-main--INFO -com.ctaf.accelerators.TestEngine:Current Test : TC_01_oneWayDomesticEconomy_RUH_JED
2017-03-03 22:03:44-main--INFO -com.ctaf.accelerators.TestEngine:Able to click on By.xpath: //XCUIElementTypeOther/*[@label='btn menu']
2017-03-03 22:03:47-main--INFO -com.ctaf.accelerators.TestEngine:Able to click on By.xpath: //XCUIElementTypeCell[1]/*[@label='Login']
2017-03-03 22:03:58-main--INFO -com.ctaf.accelerators.TestEngine:Typing is performed on EmailAddress
2017-03-03 22:04:08-main--INFO -com.ctaf.accelerators.TestEngine:Typing is performed on Password
2017-03-03 22:04:16-main--INFO -com.ctaf.accelerators.TestEngine:Able to click on By.xpath: //*[@label='Login']
2017-03-03 22:04:33-main--INFO -com.ctaf.accelerators.TestEngine:Able to click on By.xpath: //*[@label='Book flights']
2017-03-03 22:13:58-main--INFO -com.ctaf.accelerators.TestEngine:Starting browser : iphone
2017-03-03 22:15:00-main--INFO -com.ctaf.accelerators.TestEngine:Current Test : TC_01_oneWayDomesticEconomy_RUH_JED
2017-03-03 22:15:03-main--INFO -com.ctaf.accelerators.TestEngine:Able to click on By.xpath: //XCUIElementTypeOther/*[@label='btn menu']
2017-03-03 22:15:05-main--INFO -com.ctaf.accelerators.TestEngine:Able to click on By.xpath: //XCUIElementTypeCell[1]/*[@label='Login']
2017-03-03 22:15:17-main--INFO -com.ctaf.accelerators.TestEngine:Typing is performed on EmailAddress
2017-03-03 22:15:27-main--INFO -com.ctaf.accelerators.TestEngine:Typing is performed on Password
2017-03-03 22:15:35-main--INFO -com.ctaf.accelerators.TestEngine:Able to click on By.xpath: //*[@label='Login']
2017-03-03 22:15:40-main--INFO -com.ctaf.accelerators.TestEngine:Able to click on By.xpath: //*[@label='Book flights']
2017-03-03 22:16:24-main--INFO -com.ctaf.accelerators.TestEngine:Unable to click on By.xpath: //*[@label='One-way']
2017-03-03 22:16:25-main--INFO -com.ctaf.accelerators.TestEngine: Able to get TscreenShot
2017-03-03 22:20:07-main--INFO -com.ctaf.accelerators.TestEngine:Starting browser : iphone
2017-03-03 22:21:06-main--INFO -com.ctaf.accelerators.TestEngine:Current Test : TC_01_oneWayDomesticEconomy_RUH_JED
2017-03-03 22:21:09-main--INFO -com.ctaf.accelerators.TestEngine:Able to click on By.xpath: //XCUIElementTypeOther/*[@label='btn menu']
2017-03-03 22:21:12-main--INFO -com.ctaf.accelerators.TestEngine:Able to click on By.xpath: //XCUIElementTypeCell[1]/*[@label='Login']
2017-03-03 22:21:23-main--INFO -com.ctaf.accelerators.TestEngine:Typing is performed on EmailAddress
2017-03-03 22:21:33-main--INFO -com.ctaf.accelerators.TestEngine:Typing is performed on Password
2017-03-03 22:21:42-main--INFO -com.ctaf.accelerators.TestEngine:Able to click on By.xpath: //*[@label='Login']
2017-03-03 22:21:50-main--INFO -com.ctaf.accelerators.TestEngine:Able to click on By.xpath: //*[@label='Book flights']
2017-03-03 22:45:48-main--INFO -com.ctaf.accelerators.TestEngine:Starting browser : iphone
2017-03-03 23:07:57-main--INFO -com.ctaf.accelerators.TestEngine:Starting browser : iphone
2017-03-03 23:08:58-main--INFO -com.ctaf.accelerators.TestEngine:Current Test : TC_01_oneWayDomesticEconomy_RUH_JED
2017-03-03 23:09:00-main--INFO -com.ctaf.accelerators.TestEngine:Able to click on By.xpath: //XCUIElementTypeOther/*[@label='btn menu']
2017-03-03 23:09:03-main--INFO -com.ctaf.accelerators.TestEngine:Able to click on By.xpath: //XCUIElementTypeCell[1]/*[@label='Login']
2017-03-03 23:09:14-main--INFO -com.ctaf.accelerators.TestEngine:Typing is performed on EmailAddress
2017-03-03 23:09:24-main--INFO -com.ctaf.accelerators.TestEngine:Typing is performed on Password
2017-03-03 23:09:32-main--INFO -com.ctaf.accelerators.TestEngine:Able to click on By.xpath: //*[@label='Login']
2017-03-03 23:09:37-main--INFO -com.ctaf.accelerators.TestEngine:Able to click on By.xpath: //*[@label='Book flights']
2017-03-03 23:09:44-main--INFO -com.ctaf.accelerators.TestEngine:Able to click on By.xpath: //*[@label='One-way']
2017-03-03 23:09:49-main--INFO -com.ctaf.accelerators.TestEngine:Able to click on By.xpath: //XCUIElementTypeOther[3]/XCUIElementTypeOther[1]/XCUIElementTypeButton
2017-03-03 23:10:29-main--INFO -com.ctaf.accelerators.TestEngine:Able to click on By.xpath: //*[@label='Search']
2017-03-03 23:11:41-main--INFO -com.ctaf.accelerators.TestEngine:Typing is performed on Origin
2017-03-03 23:11:45-main--INFO -com.ctaf.accelerators.TestEngine:Able to click on By.xpath: //XCUIElementTypeCell/XCUIElementTypeStaticText[3]
2017-03-03 23:12:53-main--INFO -com.ctaf.accelerators.TestEngine:Typing is performed on Destination
2017-03-03 23:12:57-main--INFO -com.ctaf.accelerators.TestEngine:Able to click on By.xpath: //XCUIElementTypeCell/XCUIElementTypeStaticText[3]
2017-03-03 23:13:07-main--INFO -com.ctaf.accelerators.TestEngine:Able to click on By.xpath: //*[@label='Find Flights']
2017-03-03 23:16:13-main--INFO -com.ctaf.accelerators.TestEngine:Able to click on By.xpath: //*[@label='Continue']
2017-03-03 23:16:33-main--INFO -com.ctaf.accelerators.TestEngine:Unable to click on By.xpath: //*[@label='Continue']
2017-03-03 23:16:34-main--INFO -com.ctaf.accelerators.TestEngine: Able to get TscreenShot
2017-03-03 23:45:41-main--INFO -com.ctaf.accelerators.TestEngine:Starting browser : iphone
2017-03-03 23:46:43-main--INFO -com.ctaf.accelerators.TestEngine:Current Test : TC_01_oneWayDomesticEconomy_RUH_JED
2017-03-03 23:46:45-main--INFO -com.ctaf.accelerators.TestEngine:Able to click on By.xpath: //XCUIElementTypeOther/*[@label='btn menu']
2017-03-03 23:46:48-main--INFO -com.ctaf.accelerators.TestEngine:Able to click on By.xpath: //XCUIElementTypeCell[1]/*[@label='Login']
2017-03-03 23:47:00-main--INFO -com.ctaf.accelerators.TestEngine:Typing is performed on EmailAddress
2017-03-03 23:47:11-main--INFO -com.ctaf.accelerators.TestEngine:Typing is performed on Password
2017-03-03 23:47:19-main--INFO -com.ctaf.accelerators.TestEngine:Able to click on By.xpath: //*[@label='Login']
2017-03-03 23:47:23-main--INFO -com.ctaf.accelerators.TestEngine:Able to click on By.xpath: //*[@label='Book flights']
2017-03-03 23:47:34-main--INFO -com.ctaf.accelerators.TestEngine:Able to click on By.xpath: //*[@label='One-way']
2017-03-03 23:47:38-main--INFO -com.ctaf.accelerators.TestEngine:Able to click on By.xpath: //XCUIElementTypeOther[3]/XCUIElementTypeOther[1]/XCUIElementTypeButton
2017-03-03 23:47:48-main--INFO -com.ctaf.accelerators.TestEngine:Able to click on By.xpath: //*[@label='Search']
2017-03-03 23:49:00-main--INFO -com.ctaf.accelerators.TestEngine:Typing is performed on Origin
2017-03-03 23:49:05-main--INFO -com.ctaf.accelerators.TestEngine:Able to click on By.xpath: //XCUIElementTypeCell/XCUIElementTypeStaticText[3]
2017-03-03 23:50:12-main--INFO -com.ctaf.accelerators.TestEngine:Typing is performed on Destination
2017-03-03 23:50:17-main--INFO -com.ctaf.accelerators.TestEngine:Able to click on By.xpath: //XCUIElementTypeCell/XCUIElementTypeStaticText[3]
2017-03-03 23:50:26-main--INFO -com.ctaf.accelerators.TestEngine:Able to click on By.xpath: //*[@label='Find Flights']
2017-03-03 23:52:32-main--INFO -com.ctaf.accelerators.TestEngine:Able to click on By.xpath: //*[@label='Continue']
2017-03-03 23:52:53-main--INFO -com.ctaf.accelerators.TestEngine:Unable to click on By.xpath: //*[@label='Continue']
2017-03-03 23:52:54-main--INFO -com.ctaf.accelerators.TestEngine: Able to get TscreenShot
