2016-12-23 10:39:43-main--INFO -com.ctaf.accelerators.TestEngine:Starting browser : Chrome
2016-12-23 10:39:58-main--INFO -com.ctaf.accelerators.TestEngine:Current Test : Tc_09_RTInt1adult1Child1infantBus
2016-12-23 10:47:57-main--INFO -com.ctaf.accelerators.TestEngine:Starting browser : Chrome
2016-12-23 10:48:06-main--INFO -com.ctaf.accelerators.TestEngine:Current Test : Tc_09_RTInt1adult1Child1infantBus
2016-12-23 10:51:45-main--INFO -com.ctaf.accelerators.TestEngine:Starting browser : Chrome
2016-12-23 10:51:53-main--INFO -com.ctaf.accelerators.TestEngine:Current Test : Tc_09_RTInt1adult1Child1infantBus
2016-12-23 10:58:01-main--INFO -com.ctaf.accelerators.TestEngine:Starting browser : Chrome
2016-12-23 10:58:09-main--INFO -com.ctaf.accelerators.TestEngine:Current Test : Tc_09_RTInt1adult1Child1infantBus
2016-12-23 11:06:16-main--INFO -com.ctaf.accelerators.TestEngine:Starting browser : Chrome
2016-12-23 11:06:26-main--INFO -com.ctaf.accelerators.TestEngine:Current Test : Tc_09_RTInt1adult1Child1infantBus
2016-12-23 11:25:20-main--INFO -com.ctaf.accelerators.TestEngine:Starting browser : Chrome
2016-12-23 11:25:29-main--INFO -com.ctaf.accelerators.TestEngine:Current Test : Tc_09_RTInt1adult1Child1infantBus
2016-12-23 11:26:17-main--INFO -com.ctaf.accelerators.TestEngine: Able to get TscreenShot
2016-12-23 11:26:38-main--INFO -com.ctaf.accelerators.TestEngine:Starting browser : Chrome
2016-12-23 11:26:47-main--INFO -com.ctaf.accelerators.TestEngine:Current Test : Tc_09_RTInt1adult1Child1infantBus
2016-12-23 11:37:50-main--INFO -com.ctaf.accelerators.TestEngine:Starting browser : Chrome
2016-12-23 11:37:59-main--INFO -com.ctaf.accelerators.TestEngine:Current Test : Tc_09_RTInt1adult1Child1infantBus
2016-12-23 11:53:44-main--INFO -com.ctaf.accelerators.TestEngine:Starting browser : Chrome
2016-12-23 11:53:55-main--INFO -com.ctaf.accelerators.TestEngine:Current Test : PayWithCreditShell
2016-12-23 12:29:50-main--INFO -com.ctaf.accelerators.TestEngine:Starting browser : Chrome
2016-12-23 12:29:58-main--INFO -com.ctaf.accelerators.TestEngine:Current Test : TC_01_oneWayDomesticEcoSADAD
2016-12-23 12:32:28-main--INFO -com.ctaf.accelerators.TestEngine:Current Test : TC_04_oneWayDomOneAdultCheckin
2016-12-23 12:32:41-main--INFO -com.ctaf.accelerators.TestEngine: Able to get TscreenShot
2016-12-23 12:32:50-main--INFO -com.ctaf.accelerators.TestEngine:Current Test : OneAdultOnechildFlexCordshare
2016-12-23 12:32:51-main--INFO -com.ctaf.accelerators.TestEngine: Able to get TscreenShot
2016-12-23 12:35:40-main--INFO -com.ctaf.accelerators.TestEngine:Starting browser : Chrome
2016-12-23 12:35:52-main--INFO -com.ctaf.accelerators.TestEngine:Current Test : TC_01_oneWayDomesticEcoSADAD
2016-12-23 12:38:25-main--INFO -com.ctaf.accelerators.TestEngine:Current Test : TC_04_oneWayDomOneAdultCheckin
2016-12-23 12:38:38-main--INFO -com.ctaf.accelerators.TestEngine: Able to get TscreenShot
2016-12-23 12:38:42-main--INFO -com.ctaf.accelerators.TestEngine:Current Test : OneAdultOnechildFlexCordshare
2016-12-23 12:39:29-main--INFO -com.ctaf.accelerators.TestEngine:Starting browser : Chrome
2016-12-23 12:39:40-main--INFO -com.ctaf.accelerators.TestEngine:Current Test : TC_02_oneWayDomesticBusiness
2016-12-23 12:43:00-main--INFO -com.ctaf.accelerators.TestEngine:Starting browser : Chrome
2016-12-23 12:43:09-main--INFO -com.ctaf.accelerators.TestEngine:Current Test : TC_01_oneWayDomesticEcoSADAD
2016-12-23 12:45:41-main--INFO -com.ctaf.accelerators.TestEngine:Current Test : TC_04_oneWayDomOneAdultCheckin
2016-12-23 12:57:45-main--INFO -com.ctaf.accelerators.TestEngine:Current Test : OneAdultOnechildFlexCordshare
2016-12-23 12:57:58-main--INFO -com.ctaf.accelerators.TestEngine: Able to get TscreenShot
2016-12-23 12:58:07-main--INFO -com.ctaf.accelerators.TestEngine:Current Test : TC_02_oneWayDomesticBusiness
2016-12-23 12:59:08-main--INFO -com.ctaf.accelerators.TestEngine: Able to get TscreenShot
2016-12-23 12:59:16-main--INFO -com.ctaf.accelerators.TestEngine:Current Test : TC_11oneAdultoneChildoneInfantPartCodeShare
2016-12-23 13:00:02-main--INFO -com.ctaf.accelerators.TestEngine: Able to get TscreenShot
2016-12-23 13:00:11-main--INFO -com.ctaf.accelerators.TestEngine:Current Test : PayWithCreditShell
2016-12-23 15:31:24-main--INFO -com.ctaf.accelerators.TestEngine:Starting browser : Chrome
2016-12-23 15:31:37-main--INFO -com.ctaf.accelerators.TestEngine:Current Test : TC_01_oneWayDomesticEcoSADAD
2016-12-23 15:34:15-main--INFO -com.ctaf.accelerators.TestEngine:Current Test : TC_04_oneWayDomOneAdultCheckin
2016-12-23 15:34:28-main--INFO -com.ctaf.accelerators.TestEngine: Able to get TscreenShot
2016-12-23 15:34:38-main--INFO -com.ctaf.accelerators.TestEngine:Current Test : OneAdultOnechildFlexCordshare
2016-12-23 15:34:51-main--INFO -com.ctaf.accelerators.TestEngine: Able to get TscreenShot
2016-12-23 15:35:00-main--INFO -com.ctaf.accelerators.TestEngine:Current Test : TC_02_oneWayDomesticBusiness
2016-12-23 15:36:00-main--INFO -com.ctaf.accelerators.TestEngine: Able to get TscreenShot
2016-12-23 15:36:09-main--INFO -com.ctaf.accelerators.TestEngine:Current Test : TC_11oneAdultoneChildoneInfantPartCodeShare
2016-12-23 15:39:02-main--INFO -com.ctaf.accelerators.TestEngine:Current Test : PayWithCreditShell
2016-12-23 15:45:15-main--INFO -com.ctaf.accelerators.TestEngine:Starting browser : Chrome
2016-12-23 15:45:29-main--INFO -com.ctaf.accelerators.TestEngine:Current Test : TC_01_oneWayDomesticEcoSADAD
2016-12-23 15:47:15-main--INFO -com.ctaf.accelerators.TestEngine:Current Test : TC_04_oneWayDomOneAdultCheckin
2016-12-23 15:47:29-main--INFO -com.ctaf.accelerators.TestEngine: Able to get TscreenShot
2016-12-23 15:47:43-main--INFO -com.ctaf.accelerators.TestEngine:Current Test : OneAdultOnechildFlexCordshare
2016-12-23 15:47:56-main--INFO -com.ctaf.accelerators.TestEngine: Able to get TscreenShot
2016-12-23 15:48:04-main--INFO -com.ctaf.accelerators.TestEngine:Current Test : TC_02_oneWayDomesticBusiness
2016-12-23 15:49:05-main--INFO -com.ctaf.accelerators.TestEngine: Able to get TscreenShot
2016-12-23 15:49:13-main--INFO -com.ctaf.accelerators.TestEngine:Current Test : TC_11oneAdultoneChildoneInfantPartCodeShare
2016-12-23 15:52:03-main--INFO -com.ctaf.accelerators.TestEngine:Current Test : PayWithCreditShell
2016-12-23 15:53:40-main--INFO -com.ctaf.accelerators.TestEngine: Able to get TscreenShot
2016-12-23 15:57:09-main--INFO -com.ctaf.accelerators.TestEngine:Starting browser : Chrome
2016-12-23 15:57:20-main--INFO -com.ctaf.accelerators.TestEngine:Current Test : TC_01_oneWayDomesticEcoSADAD
2016-12-23 15:59:04-main--INFO -com.ctaf.accelerators.TestEngine:Current Test : TC_02_oneWayDomesticBusiness
2016-12-23 16:00:05-main--INFO -com.ctaf.accelerators.TestEngine: Able to get TscreenShot
2016-12-23 16:00:14-main--INFO -com.ctaf.accelerators.TestEngine:Current Test : TC_03_oneWayDomesticChangeDate
2016-12-23 16:00:55-main--INFO -com.ctaf.accelerators.TestEngine: Able to get TscreenShot
2016-12-23 16:01:04-main--INFO -com.ctaf.accelerators.TestEngine:Current Test : TC_04_oneWayDomOneAdultCheckin
2016-12-23 16:01:18-main--INFO -com.ctaf.accelerators.TestEngine: Able to get TscreenShot
2016-12-23 16:01:27-main--INFO -com.ctaf.accelerators.TestEngine:Current Test : TC_05_onewaydom8Business
2016-12-23 16:13:15-main--INFO -com.ctaf.accelerators.TestEngine:Starting browser : Chrome
2016-12-23 16:13:24-main--INFO -com.ctaf.accelerators.TestEngine:Current Test : TC_05_onewaydom8Business
