2017-03-30 15:48:02-main--INFO -com.ctaf.accelerators.TestEngine:Starting browser : iphone
2017-03-30 15:49:11-main--INFO -com.ctaf.accelerators.TestEngine:Current Test : TC_37_oneWayInternationalEconomy_MED_KWI
2017-03-30 15:49:17-main--INFO -com.ctaf.accelerators.TestEngine:Able to click on By.xpath: //*[@label='Book flights']
2017-03-30 15:49:22-main--INFO -com.ctaf.accelerators.TestEngine:Able to click on By.xpath: //*[@label='One-way']
2017-03-30 15:49:27-main--INFO -com.ctaf.accelerators.TestEngine:Able to click on By.xpath: //XCUIElementTypeOther[3]/XCUIElementTypeOther[1]/XCUIElementTypeButton
2017-03-30 15:49:35-main--INFO -com.ctaf.accelerators.TestEngine:Able to click on Search
2017-03-30 15:49:42-main--INFO -com.ctaf.accelerators.TestEngine:Typing is performed on Origin
2017-03-30 15:49:44-main--INFO -com.ctaf.accelerators.TestEngine:Able to click on MED
2017-03-30 15:49:49-main--INFO -com.ctaf.accelerators.TestEngine:Typing is performed on Destination
2017-03-30 15:49:52-main--INFO -com.ctaf.accelerators.TestEngine:Able to click on KWI
2017-03-30 15:49:55-main--INFO -com.ctaf.accelerators.TestEngine:Able to click on Find Flights
2017-03-30 15:50:42-main--INFO -com.ctaf.accelerators.TestEngine: Able to get TscreenShot
2017-03-30 15:52:28-main--INFO -com.ctaf.accelerators.TestEngine:Starting browser : iphone
2017-03-30 15:53:24-main--INFO -com.ctaf.accelerators.TestEngine:Current Test : TC_01_oneWayDomesticEconomy_RUH_JED
2017-03-30 15:53:39-main--INFO -com.ctaf.accelerators.TestEngine:Able to click on By.xpath: //XCUIElementTypeOther/*[@label='btn menu']
2017-03-30 15:53:43-main--INFO -com.ctaf.accelerators.TestEngine:Able to click on By.xpath: //XCUIElementTypeCell[1]/*[@label='Login']
2017-03-30 15:53:49-main--INFO -com.ctaf.accelerators.TestEngine:Typing is performed on EmailAddress
2017-03-30 15:53:55-main--INFO -com.ctaf.accelerators.TestEngine:Typing is performed on Password
2017-03-30 15:54:01-main--INFO -com.ctaf.accelerators.TestEngine:Able to click on By.xpath: //*[@label='Login']
2017-03-30 15:54:05-main--INFO -com.ctaf.accelerators.TestEngine:Able to click on By.xpath: //*[@label='Book flights']
2017-03-30 15:54:10-main--INFO -com.ctaf.accelerators.TestEngine:Able to click on By.xpath: //*[@label='One-way']
2017-03-30 15:54:16-main--INFO -com.ctaf.accelerators.TestEngine:Able to click on By.xpath: //XCUIElementTypeOther[3]/XCUIElementTypeOther[1]/XCUIElementTypeButton
2017-03-30 15:54:23-main--INFO -com.ctaf.accelerators.TestEngine:Able to click on Search
2017-03-30 15:54:30-main--INFO -com.ctaf.accelerators.TestEngine:Typing is performed on Origin
2017-03-30 15:54:32-main--INFO -com.ctaf.accelerators.TestEngine:Able to click on RUH
2017-03-30 15:54:38-main--INFO -com.ctaf.accelerators.TestEngine:Typing is performed on Destination
2017-03-30 15:54:41-main--INFO -com.ctaf.accelerators.TestEngine:Able to click on JED
2017-03-30 15:54:45-main--INFO -com.ctaf.accelerators.TestEngine:Able to click on Find Flights
2017-03-30 15:55:28-main--INFO -com.ctaf.accelerators.TestEngine:Able to click on By.xpath: //XCUIElementTypeTable/XCUIElementTypeCell[1]/XCUIElementTypeButton[3]
2017-03-30 15:55:56-main--INFO -com.ctaf.accelerators.TestEngine:Able to click on By.xpath: //*[@label='Continue']
2017-03-30 15:56:06-main--INFO -com.ctaf.accelerators.TestEngine:Able to click on By.xpath: //*[@label='Continue']
2017-03-30 15:56:16-main--INFO -com.ctaf.accelerators.TestEngine:Able to click on By.xpath: //*[@label='Continue']
2017-03-30 15:56:29-main--INFO -com.ctaf.accelerators.TestEngine:Typing is performed on Card Number
2017-03-30 15:56:37-main--INFO -com.ctaf.accelerators.TestEngine:Typing is performed on Card Holder Name
2017-03-30 15:56:49-main--INFO -com.ctaf.accelerators.TestEngine:Typing is performed on Expiry Date
2017-03-30 15:56:57-main--INFO -com.ctaf.accelerators.TestEngine:Typing is performed on cvv
2017-03-30 15:57:08-main--INFO -com.ctaf.accelerators.TestEngine:Able to click on Purchase
2017-03-30 15:57:33-main--INFO -com.ctaf.accelerators.TestEngine: Able to get TscreenShot
2017-03-30 16:03:56-main--INFO -com.ctaf.accelerators.TestEngine:Starting browser : iphone
2017-03-30 16:04:49-main--INFO -com.ctaf.accelerators.TestEngine:Current Test : TC_01_oneWayDomesticEconomy_RUH_JED
2017-03-30 16:04:55-main--INFO -com.ctaf.accelerators.TestEngine:Able to click on By.xpath: //XCUIElementTypeOther/*[@label='btn menu']
2017-03-30 16:05:00-main--INFO -com.ctaf.accelerators.TestEngine:Able to click on By.xpath: //XCUIElementTypeCell[1]/*[@label='Login']
2017-03-30 16:05:05-main--INFO -com.ctaf.accelerators.TestEngine:Typing is performed on EmailAddress
2017-03-30 16:05:11-main--INFO -com.ctaf.accelerators.TestEngine:Typing is performed on Password
2017-03-30 16:05:17-main--INFO -com.ctaf.accelerators.TestEngine:Able to click on By.xpath: //*[@label='Login']
2017-03-30 16:05:21-main--INFO -com.ctaf.accelerators.TestEngine:Able to click on By.xpath: //*[@label='Book flights']
2017-03-30 16:05:46-main--INFO -com.ctaf.accelerators.TestEngine:Starting browser : iphone
2017-03-30 16:06:28-main--INFO -com.ctaf.accelerators.TestEngine:Current Test : TC_02_oneWayDomesticEconomy_RUH_DMM
2017-03-30 16:06:32-main--INFO -com.ctaf.accelerators.TestEngine:Able to click on By.xpath: //*[@label='Book flights']
2017-03-30 16:06:38-main--INFO -com.ctaf.accelerators.TestEngine:Able to click on By.xpath: //*[@label='One-way']
2017-03-30 16:07:02-main--INFO -com.ctaf.accelerators.TestEngine:Starting browser : iphone
2017-03-30 16:07:43-main--INFO -com.ctaf.accelerators.TestEngine:Current Test : TC_02_oneWayDomesticEconomy_RUH_DMM
2017-03-30 16:07:53-main--INFO -com.ctaf.accelerators.TestEngine:Able to click on By.xpath: //*[@label='Book flights']
2017-03-30 16:09:13-main--INFO -com.ctaf.accelerators.TestEngine:Able to click on By.xpath: //*[@label='One-way']
2017-03-30 16:10:26-main--INFO -com.ctaf.accelerators.TestEngine:Starting browser : iphone
2017-03-30 16:11:12-main--INFO -com.ctaf.accelerators.TestEngine:Current Test : TC_02_oneWayDomesticEconomy_RUH_DMM
2017-03-30 16:11:29-main--INFO -com.ctaf.accelerators.TestEngine:Able to click on By.xpath: //*[@label='Book flights']
2017-03-30 17:10:03-main--INFO -com.ctaf.accelerators.TestEngine:Starting browser : iphone
2017-03-30 17:11:32-main--INFO -com.ctaf.accelerators.TestEngine:Current Test : TC_02_oneWayDomesticEconomy_RUH_DMM
2017-03-30 19:08:25-main--INFO -com.ctaf.accelerators.TestEngine:Starting browser : iphone
2017-03-30 19:09:11-main--INFO -com.ctaf.accelerators.TestEngine:Current Test : TC_01_oneWayDomesticEconomy_RUH_JED
2017-03-30 19:09:15-main--INFO -com.ctaf.accelerators.TestEngine:Able to click on By.xpath: //XCUIElementTypeOther/*[@label='btn menu']
2017-03-30 19:09:27-main--INFO -com.ctaf.accelerators.TestEngine:Able to click on By.xpath: //XCUIElementTypeCell[1]/*[@label='Login']
2017-03-30 19:09:33-main--INFO -com.ctaf.accelerators.TestEngine:Typing is performed on EmailAddress
2017-03-30 19:09:38-main--INFO -com.ctaf.accelerators.TestEngine:Typing is performed on Password
2017-03-30 19:09:44-main--INFO -com.ctaf.accelerators.TestEngine:Able to click on By.xpath: //*[@label='Login']
2017-03-30 19:09:49-main--INFO -com.ctaf.accelerators.TestEngine:Able to click on By.xpath: //*[@label='Book flights']
2017-03-30 19:09:53-main--INFO -com.ctaf.accelerators.TestEngine:Able to click on By.xpath: //*[@label='One-way']
2017-03-30 19:09:59-main--INFO -com.ctaf.accelerators.TestEngine:Able to click on By.xpath: //XCUIElementTypeOther[3]/XCUIElementTypeOther[1]/XCUIElementTypeButton
2017-03-30 19:10:06-main--INFO -com.ctaf.accelerators.TestEngine:Able to click on Search
2017-03-30 19:10:12-main--INFO -com.ctaf.accelerators.TestEngine:Typing is performed on Origin
2017-03-30 19:10:15-main--INFO -com.ctaf.accelerators.TestEngine:Able to click on RUH
2017-03-30 19:10:21-main--INFO -com.ctaf.accelerators.TestEngine:Typing is performed on Destination
2017-03-30 19:10:24-main--INFO -com.ctaf.accelerators.TestEngine:Able to click on JED
2017-03-30 19:10:27-main--INFO -com.ctaf.accelerators.TestEngine:Able to click on Find Flights
2017-03-30 19:11:06-main--INFO -com.ctaf.accelerators.TestEngine:Able to click on By.xpath: //XCUIElementTypeTable/XCUIElementTypeCell[1]/XCUIElementTypeButton[3]
2017-03-30 19:11:33-main--INFO -com.ctaf.accelerators.TestEngine:Able to click on By.xpath: //*[@label='Continue']
2017-03-30 19:12:01-main--INFO -com.ctaf.accelerators.TestEngine:Starting browser : iphone
2017-03-30 19:12:46-main--INFO -com.ctaf.accelerators.TestEngine:Current Test : TC_11_roundTripDomesticEconomy_JED_DMM
2017-03-30 19:12:50-main--INFO -com.ctaf.accelerators.TestEngine:Able to click on By.xpath: //*[@label='Book flights']
2017-03-30 19:12:55-main--INFO -com.ctaf.accelerators.TestEngine:Able to click on By.xpath: //*[@label='Return']
2017-03-30 19:13:01-main--INFO -com.ctaf.accelerators.TestEngine:Able to click on By.xpath: //XCUIElementTypeOther[3]/XCUIElementTypeOther[1]/XCUIElementTypeButton
2017-03-30 19:13:08-main--INFO -com.ctaf.accelerators.TestEngine:Able to click on Search
2017-03-30 19:13:14-main--INFO -com.ctaf.accelerators.TestEngine:Typing is performed on Origin
2017-03-30 19:13:17-main--INFO -com.ctaf.accelerators.TestEngine:Able to click on JED
2017-03-30 19:13:23-main--INFO -com.ctaf.accelerators.TestEngine:Typing is performed on Destination
2017-03-30 19:13:26-main--INFO -com.ctaf.accelerators.TestEngine:Able to click on DMM
2017-03-30 19:13:29-main--INFO -com.ctaf.accelerators.TestEngine:Able to click on Find Flights
2017-03-30 19:14:10-main--INFO -com.ctaf.accelerators.TestEngine:Able to click on By.xpath: //XCUIElementTypeTable/XCUIElementTypeCell[1]/XCUIElementTypeButton[3]
2017-03-30 19:14:39-main--INFO -com.ctaf.accelerators.TestEngine:Able to click on By.xpath: //XCUIElementTypeTable/XCUIElementTypeCell[1]/XCUIElementTypeButton[3]
2017-03-30 20:39:52-main--INFO -com.ctaf.accelerators.TestEngine:Starting browser : iphone
2017-03-30 20:40:35-main--INFO -com.ctaf.accelerators.TestEngine:Current Test : TC_01_oneWayDomesticEconomy_RUH_JED
2017-03-30 20:40:39-main--INFO -com.ctaf.accelerators.TestEngine:Able to click on By.xpath: //XCUIElementTypeOther/*[@label='btn menu']
2017-03-30 20:40:45-main--INFO -com.ctaf.accelerators.TestEngine:Able to click on By.xpath: //XCUIElementTypeCell[1]/*[@label='Login']
2017-03-30 20:40:51-main--INFO -com.ctaf.accelerators.TestEngine:Typing is performed on EmailAddress
2017-03-30 20:40:57-main--INFO -com.ctaf.accelerators.TestEngine:Typing is performed on Password
2017-03-30 20:41:03-main--INFO -com.ctaf.accelerators.TestEngine:Able to click on By.xpath: //*[@label='Login']
2017-03-30 20:41:07-main--INFO -com.ctaf.accelerators.TestEngine:Able to click on By.xpath: //*[@label='Book flights']
2017-03-30 20:41:13-main--INFO -com.ctaf.accelerators.TestEngine:Able to click on By.xpath: //*[@label='One-way']
2017-03-30 20:41:18-main--INFO -com.ctaf.accelerators.TestEngine:Able to click on By.xpath: //XCUIElementTypeOther[3]/XCUIElementTypeOther[1]/XCUIElementTypeButton
2017-03-30 20:41:26-main--INFO -com.ctaf.accelerators.TestEngine:Able to click on Search
2017-03-30 20:41:33-main--INFO -com.ctaf.accelerators.TestEngine:Typing is performed on Origin
2017-03-30 20:41:36-main--INFO -com.ctaf.accelerators.TestEngine:Able to click on RUH
2017-03-30 20:41:42-main--INFO -com.ctaf.accelerators.TestEngine:Typing is performed on Destination
2017-03-30 20:41:45-main--INFO -com.ctaf.accelerators.TestEngine:Able to click on JED
2017-03-30 20:41:49-main--INFO -com.ctaf.accelerators.TestEngine:Able to click on Find Flights
2017-03-30 20:42:19-main--INFO -com.ctaf.accelerators.TestEngine:Able to click on By.xpath: //XCUIElementTypeTable/XCUIElementTypeCell[1]/XCUIElementTypeButton[3]
2017-03-30 20:45:49-main--INFO -com.ctaf.accelerators.TestEngine:Starting browser : iphone
2017-03-30 20:46:31-main--INFO -com.ctaf.accelerators.TestEngine:Current Test : TC_01_oneWayDomesticEconomy_RUH_JED
