2016-12-26 11:54:36-main--INFO -com.ctaf.accelerators.TestEngine:Starting browser : Chrome
2016-12-26 11:54:46-main--INFO -com.ctaf.accelerators.TestEngine:Current Test : TC_01_oneWayDomesticEcoSADAD
2016-12-26 11:57:40-main--INFO -com.ctaf.accelerators.TestEngine:Starting browser : Chrome
2016-12-26 11:57:48-main--INFO -com.ctaf.accelerators.TestEngine:Current Test : Tc_09_RTInt1adult1Child1infantBus
2016-12-26 12:03:58-main--INFO -com.ctaf.accelerators.TestEngine:Starting browser : firefox
2016-12-26 12:04:06-main--INFO -com.ctaf.accelerators.TestEngine:Current Test : TC_05_onewaydom8Business
2016-12-26 12:04:52-main--INFO -com.ctaf.accelerators.TestEngine: Able to get TscreenShot
2016-12-26 12:04:52-main--INFO -com.ctaf.accelerators.TestEngine: Able to get TscreenShot
2016-12-26 12:07:52-main--INFO -com.ctaf.accelerators.TestEngine:Starting browser : firefox
2016-12-26 12:08:06-main--INFO -com.ctaf.accelerators.TestEngine:Current Test : TC_01_oneWayDomesticEcoSADAD
2016-12-26 12:09:02-main--INFO -com.ctaf.accelerators.TestEngine: Able to get TscreenShot
2016-12-26 12:11:12-main--INFO -com.ctaf.accelerators.TestEngine:Starting browser : firefox
2016-12-26 12:11:21-main--INFO -com.ctaf.accelerators.TestEngine:Current Test : TC_01_oneWayDomesticEcoSADAD
2016-12-26 12:12:42-main--INFO -com.ctaf.accelerators.TestEngine:Starting browser : firefox
2016-12-26 12:12:51-main--INFO -com.ctaf.accelerators.TestEngine:Current Test : Tc_09_RTInt1adult1Child1infantBus
2016-12-26 12:14:10-main--INFO -com.ctaf.accelerators.TestEngine:Starting browser : Chrome
2016-12-26 12:14:19-main--INFO -com.ctaf.accelerators.TestEngine:Current Test : Tc_09_RTInt1adult1Child1infantBus
2016-12-26 12:23:49-main--INFO -com.ctaf.accelerators.TestEngine: Able to get TscreenShot
2016-12-26 12:44:22-main--INFO -com.ctaf.accelerators.TestEngine:Starting browser : Chrome
2016-12-26 12:44:31-main--INFO -com.ctaf.accelerators.TestEngine:Current Test : Tc_09_RTInt1adult1Child1infantBus
2016-12-26 12:50:24-main--INFO -com.ctaf.accelerators.TestEngine:Starting browser : firefox
2016-12-26 12:50:33-main--INFO -com.ctaf.accelerators.TestEngine:Current Test : TC_01_oneWayDomesticEcoSADAD
2016-12-26 12:50:52-main--INFO -com.ctaf.accelerators.TestEngine:Starting browser : firefox
2016-12-26 12:51:04-main--INFO -com.ctaf.accelerators.TestEngine:Current Test : TC_01_oneWayDomesticEcoSADAD
2016-12-26 12:54:39-main--INFO -com.ctaf.accelerators.TestEngine:Starting browser : firefox
2016-12-26 12:54:50-main--INFO -com.ctaf.accelerators.TestEngine:Current Test : TC_01_oneWayDomesticEcoSADAD
2016-12-26 12:58:44-main--INFO -com.ctaf.accelerators.TestEngine:Starting browser : firefox
2016-12-26 12:58:52-main--INFO -com.ctaf.accelerators.TestEngine:Current Test : TC_01_oneWayDomesticEcoSADAD
2016-12-26 13:01:02-main--INFO -com.ctaf.accelerators.TestEngine:Starting browser : firefox
2016-12-26 13:01:11-main--INFO -com.ctaf.accelerators.TestEngine:Current Test : TC_01_oneWayDomesticEcoSADAD
2016-12-26 13:02:38-main--INFO -com.ctaf.accelerators.TestEngine:Starting browser : firefox
2016-12-26 13:02:47-main--INFO -com.ctaf.accelerators.TestEngine:Current Test : TC_01_oneWayDomesticEcoSADAD
2016-12-26 13:06:20-main--INFO -com.ctaf.accelerators.TestEngine:Starting browser : firefox
2016-12-26 13:06:27-main--INFO -com.ctaf.accelerators.TestEngine:Current Test : TC_01_oneWayDomesticEcoSADAD
2016-12-26 14:10:27-main--INFO -com.ctaf.accelerators.TestEngine:Starting browser : Chrome
2016-12-26 14:10:37-main--INFO -com.ctaf.accelerators.TestEngine:Current Test : Tc_09_RTInt1adult1Child1infantBus
2016-12-26 14:10:47-main--INFO -com.ctaf.accelerators.TestEngine: Able to get TscreenShot
2016-12-26 14:11:54-main--INFO -com.ctaf.accelerators.TestEngine:Starting browser : Chrome
2016-12-26 14:12:02-main--INFO -com.ctaf.accelerators.TestEngine:Current Test : Tc_09_RTInt1adult1Child1infantBus
2016-12-26 14:12:12-main--INFO -com.ctaf.accelerators.TestEngine: Able to get TscreenShot
2016-12-26 14:13:29-main--INFO -com.ctaf.accelerators.TestEngine:Starting browser : Chrome
2016-12-26 14:13:38-main--INFO -com.ctaf.accelerators.TestEngine:Current Test : TC_01_oneWayDomesticEcoSADAD
2016-12-26 14:13:42-main--INFO -com.ctaf.accelerators.TestEngine: Able to get TscreenShot
2016-12-26 14:16:35-main--INFO -com.ctaf.accelerators.TestEngine:Starting browser : firefox
2016-12-26 14:16:45-main--INFO -com.ctaf.accelerators.TestEngine:Current Test : TC_01_oneWayDomesticEcoSADAD
2016-12-26 14:17:30-main--INFO -com.ctaf.accelerators.TestEngine:Starting browser : firefox
2016-12-26 14:17:40-main--INFO -com.ctaf.accelerators.TestEngine:Current Test : TC_01_oneWayDomesticEcoSADAD
2016-12-26 14:22:48-main--INFO -com.ctaf.accelerators.TestEngine:Starting browser : Chrome
2016-12-26 14:22:56-main--INFO -com.ctaf.accelerators.TestEngine:Current Test : Tc_09_RTInt1adult1Child1infantBus
2016-12-26 14:32:19-main--INFO -com.ctaf.accelerators.TestEngine: Able to get TscreenShot
2016-12-26 14:34:03-main--INFO -com.ctaf.accelerators.TestEngine:Starting browser : Chrome
2016-12-26 14:34:11-main--INFO -com.ctaf.accelerators.TestEngine:Current Test : Tc_09_RTInt1adult1Child1infantBus
2016-12-26 14:43:34-main--INFO -com.ctaf.accelerators.TestEngine: Able to get TscreenShot
2016-12-26 15:07:58-main--INFO -com.ctaf.accelerators.TestEngine:Starting browser : Chrome
2016-12-26 15:08:10-main--INFO -com.ctaf.accelerators.TestEngine:Current Test : Tc_09_RTInt1adult1Child1infantBus
2016-12-26 15:12:21-main--INFO -com.ctaf.accelerators.TestEngine: Able to get TscreenShot
2016-12-26 15:14:47-main--INFO -com.ctaf.accelerators.TestEngine:Starting browser : Chrome
2016-12-26 15:14:54-main--INFO -com.ctaf.accelerators.TestEngine:Current Test : Tc_09_RTInt1adult1Child1infantBus
2016-12-26 15:17:32-main--INFO -com.ctaf.accelerators.TestEngine: Able to get TscreenShot
2016-12-26 15:18:01-main--INFO -com.ctaf.accelerators.TestEngine:Starting browser : Chrome
2016-12-26 15:18:09-main--INFO -com.ctaf.accelerators.TestEngine:Current Test : Tc_09_RTInt1adult1Child1infantBus
2016-12-26 15:52:58-main--INFO -com.ctaf.accelerators.TestEngine:Starting browser : Chrome
2016-12-26 15:53:06-main--INFO -com.ctaf.accelerators.TestEngine:Current Test : PayWithCreditShell
2016-12-26 15:53:21-main--INFO -com.ctaf.accelerators.TestEngine:Starting browser : Chrome
2016-12-26 15:53:31-main--INFO -com.ctaf.accelerators.TestEngine:Current Test : PayWithCreditShell
2016-12-26 15:54:09-main--INFO -com.ctaf.accelerators.TestEngine:Starting browser : Chrome
2016-12-26 15:54:17-main--INFO -com.ctaf.accelerators.TestEngine:Current Test : PayWithCreditShell
2016-12-26 15:55:04-main--INFO -com.ctaf.accelerators.TestEngine: Able to get TscreenShot
2016-12-26 15:56:14-main--INFO -com.ctaf.accelerators.TestEngine:Starting browser : Chrome
2016-12-26 15:56:22-main--INFO -com.ctaf.accelerators.TestEngine:Current Test : PayWithCreditShell
2016-12-26 15:57:09-main--INFO -com.ctaf.accelerators.TestEngine: Able to get TscreenShot
2016-12-26 15:59:27-main--INFO -com.ctaf.accelerators.TestEngine:Starting browser : Chrome
2016-12-26 15:59:35-main--INFO -com.ctaf.accelerators.TestEngine:Current Test : PayWithCreditShell
2016-12-26 16:00:30-main--INFO -com.ctaf.accelerators.TestEngine: Able to get TscreenShot
2016-12-26 16:02:27-main--INFO -com.ctaf.accelerators.TestEngine:Starting browser : Chrome
2016-12-26 16:02:35-main--INFO -com.ctaf.accelerators.TestEngine:Current Test : PayWithCreditShell
2016-12-26 16:03:22-main--INFO -com.ctaf.accelerators.TestEngine: Able to get TscreenShot
2016-12-26 16:04:42-main--INFO -com.ctaf.accelerators.TestEngine:Starting browser : Chrome
2016-12-26 16:04:52-main--INFO -com.ctaf.accelerators.TestEngine:Current Test : TC_01_oneWayDomesticEcoSADAD
2016-12-26 16:07:22-main--INFO -com.ctaf.accelerators.TestEngine:Current Test : TC_02_oneWayDomesticBusiness
2016-12-26 16:08:23-main--INFO -com.ctaf.accelerators.TestEngine: Able to get TscreenShot
2016-12-26 16:08:33-main--INFO -com.ctaf.accelerators.TestEngine:Current Test : TC_03_oneWayDomesticChangeDate
2016-12-26 16:08:53-main--INFO -com.ctaf.accelerators.TestEngine: Able to get TscreenShot
2016-12-26 16:10:19-main--INFO -com.ctaf.accelerators.TestEngine:Starting browser : Chrome
2016-12-26 16:10:27-main--INFO -com.ctaf.accelerators.TestEngine:Current Test : TC_01_oneWayDomesticEcoSADAD
2016-12-26 16:13:00-main--INFO -com.ctaf.accelerators.TestEngine:Current Test : TC_02_oneWayDomesticBusiness
2016-12-26 16:14:01-main--INFO -com.ctaf.accelerators.TestEngine: Able to get TscreenShot
2016-12-26 16:14:11-main--INFO -com.ctaf.accelerators.TestEngine:Current Test : TC_03_oneWayDomesticChangeDate
2016-12-26 16:17:28-main--INFO -com.ctaf.accelerators.TestEngine:Current Test : TC_04_oneWayDomOneAdultCheckin
2016-12-26 16:17:28-main--INFO -com.ctaf.accelerators.TestEngine: Able to get TscreenShot
2016-12-26 16:17:37-main--INFO -com.ctaf.accelerators.TestEngine:Current Test : TC_05_onewaydom8Business
2016-12-26 16:17:47-main--INFO -com.ctaf.accelerators.TestEngine:Current Test : TC_06_oneWay2InternationalEco
2016-12-26 16:21:17-main--INFO -com.ctaf.accelerators.TestEngine:Current Test : TC_07_RTDom4adultBusinessCC
2016-12-26 16:22:17-main--INFO -com.ctaf.accelerators.TestEngine: Able to get TscreenShot
2016-12-26 16:22:25-main--INFO -com.ctaf.accelerators.TestEngine:Current Test : TC_08_RTInt1adult1Child1infantBus
2016-12-26 16:24:33-main--INFO -com.ctaf.accelerators.TestEngine: Able to get TscreenShot
2016-12-26 16:24:42-main--INFO -com.ctaf.accelerators.TestEngine:Current Test : Tc_09_RTInt1adult1Child1infantBus
2016-12-26 16:26:28-main--INFO -com.ctaf.accelerators.TestEngine:Starting browser : Chrome
2016-12-26 16:26:36-main--INFO -com.ctaf.accelerators.TestEngine:Current Test : TC_01_oneWayDomesticEcoSADAD
2016-12-26 16:29:07-main--INFO -com.ctaf.accelerators.TestEngine:Current Test : TC_02_oneWayDomesticBusiness
2016-12-26 16:32:16-main--INFO -com.ctaf.accelerators.TestEngine:Current Test : TC_03_oneWayDomesticChangeDate
2016-12-26 16:35:37-main--INFO -com.ctaf.accelerators.TestEngine:Current Test : TC_04_oneWayDomOneAdultCheckin
2016-12-26 16:35:37-main--INFO -com.ctaf.accelerators.TestEngine: Able to get TscreenShot
2016-12-26 16:35:48-main--INFO -com.ctaf.accelerators.TestEngine:Current Test : TC_05_onewaydom8Business
2016-12-26 16:36:02-main--INFO -com.ctaf.accelerators.TestEngine:Current Test : TC_06_oneWay2InternationalEco
2016-12-26 16:39:30-main--INFO -com.ctaf.accelerators.TestEngine:Current Test : TC_07_RTDom4adultBusinessCC
2016-12-26 16:40:30-main--INFO -com.ctaf.accelerators.TestEngine: Able to get TscreenShot
2016-12-26 16:40:40-main--INFO -com.ctaf.accelerators.TestEngine:Current Test : TC_08_RTInt1adult1Child1infantBus
2016-12-26 16:44:06-main--INFO -com.ctaf.accelerators.TestEngine:Current Test : Tc_09_RTInt1adult1Child1infantBus
2016-12-26 16:45:10-main--INFO -com.ctaf.accelerators.TestEngine: Able to get TscreenShot
2016-12-26 16:45:21-main--INFO -com.ctaf.accelerators.TestEngine:Current Test : OneAdultOnechildFlexCordshare
2016-12-26 16:45:33-main--INFO -com.ctaf.accelerators.TestEngine: Able to get TscreenShot
2016-12-26 16:45:44-main--INFO -com.ctaf.accelerators.TestEngine:Current Test : TC_11oneAdultoneChildoneInfantPartCodeShare
2016-12-26 16:48:30-main--INFO -com.ctaf.accelerators.TestEngine:Current Test : PayWithCreditShell
2016-12-26 17:13:11-main--INFO -com.ctaf.accelerators.TestEngine:Starting browser : Chrome
2016-12-26 17:13:19-main--INFO -com.ctaf.accelerators.TestEngine:Current Test : TC_03_oneWayDomesticChangeDate
2016-12-26 17:20:13-main--INFO -com.ctaf.accelerators.TestEngine:Starting browser : Chrome
2016-12-26 17:20:23-main--INFO -com.ctaf.accelerators.TestEngine:Current Test : TC_04_oneWayDomOneAdultCheckin
2016-12-26 17:20:23-main--INFO -com.ctaf.accelerators.TestEngine: Able to get TscreenShot
2016-12-26 17:21:01-main--INFO -com.ctaf.accelerators.TestEngine:Starting browser : Chrome
2016-12-26 17:21:10-main--INFO -com.ctaf.accelerators.TestEngine:Current Test : TC_04_oneWayDomOneAdultCheckin
2016-12-26 17:31:14-main--INFO -com.ctaf.accelerators.TestEngine:Starting browser : Chrome
2016-12-26 17:31:22-main--INFO -com.ctaf.accelerators.TestEngine:Current Test : TC_04_oneWayDomOneAdultCheckin
2016-12-26 17:31:35-main--INFO -com.ctaf.accelerators.TestEngine: Able to get TscreenShot
2016-12-26 17:32:00-main--INFO -com.ctaf.accelerators.TestEngine:Starting browser : Chrome
2016-12-26 17:32:09-main--INFO -com.ctaf.accelerators.TestEngine:Current Test : TC_04_oneWayDomOneAdultCheckin
2016-12-26 17:32:22-main--INFO -com.ctaf.accelerators.TestEngine: Able to get TscreenShot
2016-12-26 17:33:02-main--INFO -com.ctaf.accelerators.TestEngine:Starting browser : Chrome
2016-12-26 17:33:10-main--INFO -com.ctaf.accelerators.TestEngine:Current Test : TC_04_oneWayDomOneAdultCheckin
2016-12-26 17:33:26-main--INFO -com.ctaf.accelerators.TestEngine: Able to get TscreenShot
2016-12-26 17:35:51-main--INFO -com.ctaf.accelerators.TestEngine:Starting browser : Chrome
2016-12-26 17:36:00-main--INFO -com.ctaf.accelerators.TestEngine:Current Test : TC_04_oneWayDomOneAdultCheckin
2016-12-26 17:36:00-main--INFO -com.ctaf.accelerators.TestEngine: Able to get TscreenShot
2016-12-26 17:43:42-main--INFO -com.ctaf.accelerators.TestEngine:Starting browser : Chrome
2016-12-26 17:43:51-main--INFO -com.ctaf.accelerators.TestEngine:Current Test : TC_04_oneWayDomOneAdultCheckin
2016-12-26 17:43:51-main--INFO -com.ctaf.accelerators.TestEngine: Able to get TscreenShot
2016-12-26 17:44:27-main--INFO -com.ctaf.accelerators.TestEngine:Starting browser : Chrome
2016-12-26 17:44:36-main--INFO -com.ctaf.accelerators.TestEngine:Current Test : TC_04_oneWayDomOneAdultCheckin
2016-12-26 17:44:36-main--INFO -com.ctaf.accelerators.TestEngine: Able to get TscreenShot
2016-12-26 17:47:43-main--INFO -com.ctaf.accelerators.TestEngine:Starting browser : Chrome
2016-12-26 17:47:52-main--INFO -com.ctaf.accelerators.TestEngine:Current Test : TC_04_oneWayDomOneAdultCheckin
2016-12-26 18:02:58-main--INFO -com.ctaf.accelerators.TestEngine:Starting browser : Chrome
2016-12-26 18:03:06-main--INFO -com.ctaf.accelerators.TestEngine:Current Test : TC_05_onewaydom8Business
2016-12-26 18:10:43-main--INFO -com.ctaf.accelerators.TestEngine:Starting browser : Chrome
2016-12-26 18:10:52-main--INFO -com.ctaf.accelerators.TestEngine:Current Test : TC_01_oneWayDomesticEcoSADAD
2016-12-26 18:12:36-main--INFO -com.ctaf.accelerators.TestEngine:Current Test : TC_02_oneWayDomesticBusiness
2016-12-26 18:14:23-main--INFO -com.ctaf.accelerators.TestEngine:Starting browser : Chrome
2016-12-26 18:14:31-main--INFO -com.ctaf.accelerators.TestEngine:Current Test : TC_01_oneWayDomesticEcoSADAD
2016-12-26 18:15:21-main--INFO -com.ctaf.accelerators.TestEngine: Able to get TscreenShot
2016-12-26 18:15:48-main--INFO -com.ctaf.accelerators.TestEngine:Starting browser : Chrome
2016-12-26 18:15:56-main--INFO -com.ctaf.accelerators.TestEngine:Current Test : TC_01_oneWayDomesticEcoSADAD
2016-12-26 18:18:27-main--INFO -com.ctaf.accelerators.TestEngine:Current Test : TC_02_oneWayDomesticBusiness
2016-12-26 18:19:28-main--INFO -com.ctaf.accelerators.TestEngine: Able to get TscreenShot
2016-12-26 18:19:36-main--INFO -com.ctaf.accelerators.TestEngine:Current Test : TC_03_oneWayDomesticChangeDate
2016-12-26 18:24:35-main--INFO -com.ctaf.accelerators.TestEngine: Able to get TscreenShot
2016-12-26 18:24:44-main--INFO -com.ctaf.accelerators.TestEngine:Current Test : TC_04_oneWayDomOneAdultCheckin
2016-12-26 18:24:57-main--INFO -com.ctaf.accelerators.TestEngine: Able to get TscreenShot
2016-12-26 18:25:06-main--INFO -com.ctaf.accelerators.TestEngine:Current Test : TC_05_onewaydom8Business
2016-12-26 18:43:56-main--INFO -com.ctaf.accelerators.TestEngine:Starting browser : Chrome
2016-12-26 18:44:04-main--INFO -com.ctaf.accelerators.TestEngine:Current Test : TC_01_oneWayDomesticEcoSADAD
2016-12-26 18:47:07-main--INFO -com.ctaf.accelerators.TestEngine:Starting browser : Chrome
2016-12-26 18:47:16-main--INFO -com.ctaf.accelerators.TestEngine:Current Test : TC_01_oneWayDomesticEcoSADAD
2016-12-26 18:49:48-main--INFO -com.ctaf.accelerators.TestEngine:Current Test : TC_02_oneWayDomesticBusiness
2016-12-26 18:50:29-main--INFO -com.ctaf.accelerators.TestEngine: Able to get TscreenShot
2016-12-26 18:50:37-main--INFO -com.ctaf.accelerators.TestEngine:Current Test : TC_03_oneWayDomesticChangeDate
2016-12-26 18:56:33-main--INFO -com.ctaf.accelerators.TestEngine:Current Test : TC_04_oneWayDomOneAdultCheckin
2016-12-26 19:11:35-main--INFO -com.ctaf.accelerators.TestEngine:Current Test : TC_05_onewaydom8Business
2016-12-26 19:31:41-main--INFO -com.ctaf.accelerators.TestEngine: Able to get TscreenShot
2016-12-26 19:31:50-main--INFO -com.ctaf.accelerators.TestEngine:Current Test : TC_06_oneWay2InternationalEco
2016-12-26 19:35:19-main--INFO -com.ctaf.accelerators.TestEngine:Current Test : TC_07_RTDom4adultBusinessCC
2016-12-26 19:36:06-main--INFO -com.ctaf.accelerators.TestEngine: Able to get TscreenShot
2016-12-26 19:36:15-main--INFO -com.ctaf.accelerators.TestEngine:Current Test : TC_08_RTInt1adult1Child1infantBus
2016-12-26 19:37:12-main--INFO -com.ctaf.accelerators.TestEngine:Starting browser : Chrome
2016-12-26 19:37:20-main--INFO -com.ctaf.accelerators.TestEngine:Current Test : TC_01_oneWayDomesticEcoSADAD
2016-12-26 19:40:05-main--INFO -com.ctaf.accelerators.TestEngine:Current Test : TC_02_oneWayDomesticBusiness
2016-12-26 19:41:05-main--INFO -com.ctaf.accelerators.TestEngine: Able to get TscreenShot
2016-12-26 19:41:14-main--INFO -com.ctaf.accelerators.TestEngine:Current Test : TC_03_oneWayDomesticChangeDate
2016-12-26 19:46:48-main--INFO -com.ctaf.accelerators.TestEngine:Current Test : TC_04_oneWayDomOneAdultCheckin
2016-12-26 20:01:49-main--INFO -com.ctaf.accelerators.TestEngine:Current Test : TC_05_onewaydom8Business
