2016-11-23 10:51:02-main--INFO -com.ctaf.accelerators.TestEngine:Starting browser : chrome
2016-11-23 10:53:58-main--INFO -com.ctaf.accelerators.TestEngine:Starting browser : chrome
2016-11-23 10:55:51-main--INFO -com.ctaf.accelerators.TestEngine:Starting browser : chrome
2016-11-23 10:57:32-main--INFO -com.ctaf.accelerators.TestEngine:Starting browser : chrome
2016-11-23 11:04:06-main--INFO -com.ctaf.accelerators.TestEngine:Starting browser : chrome
2016-11-23 11:04:26-main--INFO -com.ctaf.accelerators.TestEngine:Starting browser : chrome
2016-11-23 11:05:29-main--INFO -com.ctaf.accelerators.TestEngine:Starting browser : chrome
2016-11-23 11:05:41-main--INFO -com.ctaf.accelerators.TestEngine:Current Test : TC_03_oneWayDomesticChangeDate
2016-11-23 11:06:15-main--INFO -com.ctaf.accelerators.TestEngine: Able to get TscreenShot
2016-11-23 11:08:09-main--INFO -com.ctaf.accelerators.TestEngine:Starting browser : chrome
2016-11-23 11:08:15-main--INFO -com.ctaf.accelerators.TestEngine:Current Test : TC_03_oneWayDomesticChangeDate
2016-11-23 11:08:39-main--INFO -com.ctaf.accelerators.TestEngine: Able to get TscreenShot
2016-11-23 11:11:12-main--INFO -com.ctaf.accelerators.TestEngine:Starting browser : chrome
2016-11-23 11:11:21-main--INFO -com.ctaf.accelerators.TestEngine:Current Test : TC_03_oneWayDomesticChangeDate
2016-11-23 11:14:24-main--INFO -com.ctaf.accelerators.TestEngine: Able to get TscreenShot
2016-11-23 11:15:26-main--INFO -com.ctaf.accelerators.TestEngine:Starting browser : chrome
2016-11-23 11:15:39-main--INFO -com.ctaf.accelerators.TestEngine:Current Test : TC_03_oneWayDomesticChangeDate
2016-11-23 11:18:50-main--INFO -com.ctaf.accelerators.TestEngine: Able to get TscreenShot
2016-11-23 11:26:20-main--INFO -com.ctaf.accelerators.TestEngine:Starting browser : chrome
2016-11-23 11:26:32-main--INFO -com.ctaf.accelerators.TestEngine:Current Test : TC_03_oneWayDomesticChangeDate
2016-11-23 11:29:35-main--INFO -com.ctaf.accelerators.TestEngine: Able to get TscreenShot
2016-11-23 11:41:11-main--INFO -com.ctaf.accelerators.TestEngine:Starting browser : chrome
2016-11-23 11:41:35-main--INFO -com.ctaf.accelerators.TestEngine:Current Test : TC_03_oneWayDomesticChangeDate
2016-11-23 11:41:39-main--INFO -com.ctaf.accelerators.TestEngine: Able to get TscreenShot
2016-11-23 11:41:57-main--INFO -com.ctaf.accelerators.TestEngine:Starting browser : chrome
2016-11-23 11:42:07-main--INFO -com.ctaf.accelerators.TestEngine:Current Test : TC_03_oneWayDomesticChangeDate
2016-11-23 11:42:10-main--INFO -com.ctaf.accelerators.TestEngine: Able to get TscreenShot
2016-11-23 11:47:13-main--INFO -com.ctaf.accelerators.TestEngine:Starting browser : chrome
2016-11-23 11:47:24-main--INFO -com.ctaf.accelerators.TestEngine:Current Test : TC_03_oneWayDomesticChangeDate
2016-11-23 11:47:28-main--INFO -com.ctaf.accelerators.TestEngine: Able to get TscreenShot
2016-11-23 11:48:08-main--INFO -com.ctaf.accelerators.TestEngine:Starting browser : chrome
2016-11-23 11:48:18-main--INFO -com.ctaf.accelerators.TestEngine:Current Test : TC_03_oneWayDomesticChangeDate
2016-11-23 11:48:19-main--INFO -com.ctaf.accelerators.TestEngine: Able to get TscreenShot
2016-11-23 11:49:08-main--INFO -com.ctaf.accelerators.TestEngine:Starting browser : chrome
2016-11-23 11:49:22-main--INFO -com.ctaf.accelerators.TestEngine:Current Test : TC_03_oneWayDomesticChangeDate
2016-11-23 11:49:28-main--INFO -com.ctaf.accelerators.TestEngine: Able to get TscreenShot
2016-11-23 11:49:56-main--INFO -com.ctaf.accelerators.TestEngine:Starting browser : chrome
2016-11-23 11:50:05-main--INFO -com.ctaf.accelerators.TestEngine:Current Test : TC_03_oneWayDomesticChangeDate
2016-11-23 11:50:17-main--INFO -com.ctaf.accelerators.TestEngine: Able to get TscreenShot
2016-11-23 12:22:15-main--INFO -com.ctaf.accelerators.TestEngine:Starting browser : chrome
2016-11-23 12:22:30-main--INFO -com.ctaf.accelerators.TestEngine:Current Test : TC_03_oneWayDomesticChangeDate
2016-11-23 12:22:30-main--INFO -com.ctaf.accelerators.TestEngine: Able to get TscreenShot
2016-11-23 14:21:21-main--INFO -com.ctaf.accelerators.TestEngine:Starting browser : chrome
2016-11-23 14:21:38-main--INFO -com.ctaf.accelerators.TestEngine:Current Test : TC_03_oneWayDomesticChangeDate
2016-11-23 14:21:43-main--INFO -com.ctaf.accelerators.TestEngine: Able to get TscreenShot
2016-11-23 14:28:49-main--INFO -com.ctaf.accelerators.TestEngine:Starting browser : chrome
2016-11-23 14:29:12-main--INFO -com.ctaf.accelerators.TestEngine:Current Test : TC_03_oneWayDomesticChangeDate
2016-11-23 14:31:08-main--INFO -com.ctaf.accelerators.TestEngine:Starting browser : chrome
2016-11-23 14:31:20-main--INFO -com.ctaf.accelerators.TestEngine:Current Test : TC_03_oneWayDomesticChangeDate
2016-11-23 14:34:23-main--INFO -com.ctaf.accelerators.TestEngine: Able to get TscreenShot
2016-11-23 14:35:24-main--INFO -com.ctaf.accelerators.TestEngine:Starting browser : chrome
2016-11-23 14:35:33-main--INFO -com.ctaf.accelerators.TestEngine:Current Test : TC_03_oneWayDomesticChangeDate
2016-11-23 14:36:41-main--INFO -com.ctaf.accelerators.TestEngine: Able to get TscreenShot
2016-11-23 15:20:42-main--INFO -com.ctaf.accelerators.TestEngine:Starting browser : chrome
2016-11-23 15:20:52-main--INFO -com.ctaf.accelerators.TestEngine:Current Test : TC_03_oneWayDomesticChangeDate
2016-11-23 15:20:55-main--INFO -com.ctaf.accelerators.TestEngine: Able to get TscreenShot
2016-11-23 15:20:55-main--INFO -com.ctaf.accelerators.TestEngine: Able to get TscreenShot
2016-11-23 15:22:27-main--INFO -com.ctaf.accelerators.TestEngine:Starting browser : chrome
2016-11-23 15:22:40-main--INFO -com.ctaf.accelerators.TestEngine:Current Test : TC_03_oneWayDomesticChangeDate
2016-11-23 15:22:40-main--INFO -com.ctaf.accelerators.TestEngine: Able to get TscreenShot
2016-11-23 15:22:41-main--INFO -com.ctaf.accelerators.TestEngine: Able to get TscreenShot
2016-11-23 15:30:55-main--INFO -com.ctaf.accelerators.TestEngine:Starting browser : chrome
2016-11-23 15:31:05-main--INFO -com.ctaf.accelerators.TestEngine:Current Test : TC_03_oneWayDomesticChangeDate
2016-11-23 15:31:09-main--INFO -com.ctaf.accelerators.TestEngine: Able to get TscreenShot
2016-11-23 15:31:09-main--INFO -com.ctaf.accelerators.TestEngine: Able to get TscreenShot
2016-11-23 15:32:05-main--INFO -com.ctaf.accelerators.TestEngine:Starting browser : chrome
2016-11-23 15:32:17-main--INFO -com.ctaf.accelerators.TestEngine:Current Test : TC_03_oneWayDomesticChangeDate
2016-11-23 15:32:20-main--INFO -com.ctaf.accelerators.TestEngine: Able to get TscreenShot
2016-11-23 15:32:20-main--INFO -com.ctaf.accelerators.TestEngine: Able to get TscreenShot
2016-11-23 15:34:12-main--INFO -com.ctaf.accelerators.TestEngine:Starting browser : chrome
2016-11-23 15:34:22-main--INFO -com.ctaf.accelerators.TestEngine:Current Test : TC_03_oneWayDomesticChangeDate
2016-11-23 15:34:24-main--INFO -com.ctaf.accelerators.TestEngine: Able to get TscreenShot
2016-11-23 15:34:24-main--INFO -com.ctaf.accelerators.TestEngine: Able to get TscreenShot
2016-11-23 15:35:01-main--INFO -com.ctaf.accelerators.TestEngine:Starting browser : chrome
2016-11-23 15:35:10-main--INFO -com.ctaf.accelerators.TestEngine:Current Test : TC_03_oneWayDomesticChangeDate
2016-11-23 15:35:12-main--INFO -com.ctaf.accelerators.TestEngine: Able to get TscreenShot
2016-11-23 15:35:12-main--INFO -com.ctaf.accelerators.TestEngine: Able to get TscreenShot
2016-11-23 15:36:08-main--INFO -com.ctaf.accelerators.TestEngine:Starting browser : chrome
2016-11-23 15:36:16-main--INFO -com.ctaf.accelerators.TestEngine:Current Test : TC_03_oneWayDomesticChangeDate
2016-11-23 15:36:27-main--INFO -com.ctaf.accelerators.TestEngine: Able to get TscreenShot
2016-11-23 15:40:28-main--INFO -com.ctaf.accelerators.TestEngine:Starting browser : chrome
2016-11-23 15:40:39-main--INFO -com.ctaf.accelerators.TestEngine:Current Test : TC_03_oneWayDomesticChangeDate
2016-11-23 15:40:58-main--INFO -com.ctaf.accelerators.TestEngine: Able to get TscreenShot
2016-11-23 15:42:41-main--INFO -com.ctaf.accelerators.TestEngine:Starting browser : chrome
2016-11-23 15:42:51-main--INFO -com.ctaf.accelerators.TestEngine:Current Test : TC_03_oneWayDomesticChangeDate
2016-11-23 15:48:45-main--INFO -com.ctaf.accelerators.TestEngine:Starting browser : chrome
2016-11-23 15:48:57-main--INFO -com.ctaf.accelerators.TestEngine:Current Test : TC_03_oneWayDomesticChangeDate
2016-11-23 15:49:03-main--INFO -com.ctaf.accelerators.TestEngine: Able to get TscreenShot
2016-11-23 15:50:32-main--INFO -com.ctaf.accelerators.TestEngine:Starting browser : chrome
2016-11-23 15:50:46-main--INFO -com.ctaf.accelerators.TestEngine:Current Test : TC_03_oneWayDomesticChangeDate
2016-11-23 15:50:50-main--INFO -com.ctaf.accelerators.TestEngine: Able to get TscreenShot
2016-11-23 15:50:50-main--INFO -com.ctaf.accelerators.TestEngine: Able to get TscreenShot
2016-11-23 16:13:50-main--INFO -com.ctaf.accelerators.TestEngine:Starting browser : chrome
2016-11-23 16:13:58-main--INFO -com.ctaf.accelerators.TestEngine:Current Test : TC_03_oneWayDomesticChangeDate
2016-11-23 16:14:01-main--INFO -com.ctaf.accelerators.TestEngine: Able to get TscreenShot
2016-11-23 16:16:41-main--INFO -com.ctaf.accelerators.TestEngine:Starting browser : chrome
2016-11-23 16:16:55-main--INFO -com.ctaf.accelerators.TestEngine:Current Test : TC_03_oneWayDomesticChangeDate
2016-11-23 16:17:00-main--INFO -com.ctaf.accelerators.TestEngine: Able to get TscreenShot
2016-11-23 16:17:13-main--INFO -com.ctaf.accelerators.TestEngine:Starting browser : chrome
2016-11-23 16:17:21-main--INFO -com.ctaf.accelerators.TestEngine:Current Test : TC_03_oneWayDomesticChangeDate
2016-11-23 16:17:27-main--INFO -com.ctaf.accelerators.TestEngine: Able to get TscreenShot
2016-11-23 16:19:03-main--INFO -com.ctaf.accelerators.TestEngine:Starting browser : chrome
2016-11-23 16:19:13-main--INFO -com.ctaf.accelerators.TestEngine:Current Test : TC_03_oneWayDomesticChangeDate
2016-11-23 16:19:15-main--INFO -com.ctaf.accelerators.TestEngine: Able to get TscreenShot
2016-11-23 16:22:03-main--INFO -com.ctaf.accelerators.TestEngine:Starting browser : chrome
2016-11-23 16:22:14-main--INFO -com.ctaf.accelerators.TestEngine:Current Test : TC_03_oneWayDomesticChangeDate
2016-11-23 16:22:15-main--INFO -com.ctaf.accelerators.TestEngine: Able to get TscreenShot
2016-11-23 16:22:15-main--INFO -com.ctaf.accelerators.TestEngine: Able to get TscreenShot
2016-11-23 16:22:40-main--INFO -com.ctaf.accelerators.TestEngine:Starting browser : chrome
2016-11-23 16:22:48-main--INFO -com.ctaf.accelerators.TestEngine:Current Test : TC_03_oneWayDomesticChangeDate
2016-11-23 16:25:55-main--INFO -com.ctaf.accelerators.TestEngine:Starting browser : chrome
2016-11-23 16:26:05-main--INFO -com.ctaf.accelerators.TestEngine:Current Test : TC_03_oneWayDomesticChangeDate
2016-11-23 16:29:10-main--INFO -com.ctaf.accelerators.TestEngine: Able to get TscreenShot
2016-11-23 16:32:38-main--INFO -com.ctaf.accelerators.TestEngine:Starting browser : chrome
2016-11-23 16:32:47-main--INFO -com.ctaf.accelerators.TestEngine:Current Test : TC_03_oneWayDomesticChangeDate
2016-11-23 16:35:52-main--INFO -com.ctaf.accelerators.TestEngine: Able to get TscreenShot
2016-11-23 17:16:42-main--INFO -com.ctaf.accelerators.TestEngine:Starting browser : chrome
2016-11-23 17:16:51-main--INFO -com.ctaf.accelerators.TestEngine:Current Test : TC_03_oneWayDomesticChangeDate
2016-11-23 17:18:24-main--INFO -com.ctaf.accelerators.TestEngine:Starting browser : chrome
2016-11-23 17:18:34-main--INFO -com.ctaf.accelerators.TestEngine:Current Test : TC_03_oneWayDomesticChangeDate
2016-11-23 17:18:35-main--INFO -com.ctaf.accelerators.TestEngine: Able to get TscreenShot
2016-11-23 17:18:36-main--INFO -com.ctaf.accelerators.TestEngine: Able to get TscreenShot
2016-11-23 17:18:45-main--INFO -com.ctaf.accelerators.TestEngine:Starting browser : chrome
2016-11-23 17:18:55-main--INFO -com.ctaf.accelerators.TestEngine:Current Test : TC_03_oneWayDomesticChangeDate
2016-11-23 17:19:02-main--INFO -com.ctaf.accelerators.TestEngine: Able to get TscreenShot
2016-11-23 17:36:13-main--INFO -com.ctaf.accelerators.TestEngine:Starting browser : chrome
2016-11-23 17:36:22-main--INFO -com.ctaf.accelerators.TestEngine:Current Test : TC_03_oneWayDomesticChangeDate
2016-11-23 17:36:31-main--INFO -com.ctaf.accelerators.TestEngine: Able to get TscreenShot
2016-11-23 17:40:28-main--INFO -com.ctaf.accelerators.TestEngine:Starting browser : chrome
2016-11-23 17:40:38-main--INFO -com.ctaf.accelerators.TestEngine:Current Test : TC_03_oneWayDomesticChangeDate
2016-11-23 17:40:42-main--INFO -com.ctaf.accelerators.TestEngine: Able to get TscreenShot
2016-11-23 17:40:42-main--INFO -com.ctaf.accelerators.TestEngine: Able to get TscreenShot
2016-11-23 18:35:32-main--INFO -com.ctaf.accelerators.TestEngine:Starting browser : chrome
2016-11-23 18:35:43-main--INFO -com.ctaf.accelerators.TestEngine:Current Test : TC_03_oneWayDomesticChangeDate
2016-11-23 18:35:48-main--INFO -com.ctaf.accelerators.TestEngine: Able to get TscreenShot
2016-11-23 18:38:40-main--INFO -com.ctaf.accelerators.TestEngine:Starting browser : chrome
2016-11-23 18:38:51-main--INFO -com.ctaf.accelerators.TestEngine:Current Test : TC_03_oneWayDomesticChangeDate
2016-11-23 18:38:55-main--INFO -com.ctaf.accelerators.TestEngine: Able to get TscreenShot
2016-11-23 18:38:55-main--INFO -com.ctaf.accelerators.TestEngine: Able to get TscreenShot
2016-11-23 18:39:02-main--INFO -com.ctaf.accelerators.TestEngine:Starting browser : chrome
2016-11-23 18:39:11-main--INFO -com.ctaf.accelerators.TestEngine:Current Test : TC_03_oneWayDomesticChangeDate
2016-11-23 18:39:19-main--INFO -com.ctaf.accelerators.TestEngine: Able to get TscreenShot
2016-11-23 18:40:18-main--INFO -com.ctaf.accelerators.TestEngine:Starting browser : chrome
2016-11-23 18:40:29-main--INFO -com.ctaf.accelerators.TestEngine:Current Test : TC_03_oneWayDomesticChangeDate
2016-11-23 18:40:30-main--INFO -com.ctaf.accelerators.TestEngine: Able to get TscreenShot
2016-11-23 18:40:30-main--INFO -com.ctaf.accelerators.TestEngine: Able to get TscreenShot
2016-11-23 18:41:10-main--INFO -com.ctaf.accelerators.TestEngine:Starting browser : chrome
2016-11-23 18:41:21-main--INFO -com.ctaf.accelerators.TestEngine:Current Test : TC_03_oneWayDomesticChangeDate
2016-11-23 18:41:23-main--INFO -com.ctaf.accelerators.TestEngine: Able to get TscreenShot
2016-11-23 18:41:23-main--INFO -com.ctaf.accelerators.TestEngine: Able to get TscreenShot
2016-11-23 18:41:30-main--INFO -com.ctaf.accelerators.TestEngine:Starting browser : chrome
2016-11-23 18:41:38-main--INFO -com.ctaf.accelerators.TestEngine:Current Test : TC_03_oneWayDomesticChangeDate
2016-11-23 18:41:43-main--INFO -com.ctaf.accelerators.TestEngine: Able to get TscreenShot
2016-11-23 18:41:43-main--INFO -com.ctaf.accelerators.TestEngine: Able to get TscreenShot
2016-11-23 18:41:56-main--INFO -com.ctaf.accelerators.TestEngine:Starting browser : chrome
2016-11-23 18:42:08-main--INFO -com.ctaf.accelerators.TestEngine:Current Test : TC_03_oneWayDomesticChangeDate
2016-11-23 18:42:10-main--INFO -com.ctaf.accelerators.TestEngine: Able to get TscreenShot
2016-11-23 18:42:10-main--INFO -com.ctaf.accelerators.TestEngine: Able to get TscreenShot
2016-11-23 18:42:24-main--INFO -com.ctaf.accelerators.TestEngine:Starting browser : chrome
2016-11-23 18:42:34-main--INFO -com.ctaf.accelerators.TestEngine:Current Test : TC_03_oneWayDomesticChangeDate
2016-11-23 18:42:43-main--INFO -com.ctaf.accelerators.TestEngine: Able to get TscreenShot
2016-11-23 18:43:27-main--INFO -com.ctaf.accelerators.TestEngine:Starting browser : chrome
2016-11-23 18:43:35-main--INFO -com.ctaf.accelerators.TestEngine:Current Test : TC_03_oneWayDomesticChangeDate
2016-11-23 18:45:43-main--INFO -com.ctaf.accelerators.TestEngine:Starting browser : chrome
2016-11-23 18:45:54-main--INFO -com.ctaf.accelerators.TestEngine:Current Test : TC_03_oneWayDomesticChangeDate
2016-11-23 18:46:07-main--INFO -com.ctaf.accelerators.TestEngine: Able to get TscreenShot
2016-11-23 18:48:32-main--INFO -com.ctaf.accelerators.TestEngine:Starting browser : chrome
2016-11-23 18:48:43-main--INFO -com.ctaf.accelerators.TestEngine:Current Test : TC_03_oneWayDomesticChangeDate
2016-11-23 18:48:45-main--INFO -com.ctaf.accelerators.TestEngine: Able to get TscreenShot
2016-11-23 18:48:46-main--INFO -com.ctaf.accelerators.TestEngine: Able to get TscreenShot
2016-11-23 18:48:59-main--INFO -com.ctaf.accelerators.TestEngine:Starting browser : chrome
2016-11-23 18:49:08-main--INFO -com.ctaf.accelerators.TestEngine:Current Test : TC_03_oneWayDomesticChangeDate
2016-11-23 18:49:24-main--INFO -com.ctaf.accelerators.TestEngine: Able to get TscreenShot
2016-11-23 18:54:39-main--INFO -com.ctaf.accelerators.TestEngine:Starting browser : chrome
2016-11-23 18:54:49-main--INFO -com.ctaf.accelerators.TestEngine:Current Test : TC_03_oneWayDomesticChangeDate
2016-11-23 18:57:13-main--INFO -com.ctaf.accelerators.TestEngine:Starting browser : chrome
2016-11-23 18:57:23-main--INFO -com.ctaf.accelerators.TestEngine:Current Test : TC_03_oneWayDomesticChangeDate
2016-11-23 18:57:25-main--INFO -com.ctaf.accelerators.TestEngine: Able to get TscreenShot
2016-11-23 18:57:26-main--INFO -com.ctaf.accelerators.TestEngine: Able to get TscreenShot
2016-11-23 18:57:52-main--INFO -com.ctaf.accelerators.TestEngine:Starting browser : chrome
2016-11-23 18:58:00-main--INFO -com.ctaf.accelerators.TestEngine:Current Test : TC_03_oneWayDomesticChangeDate
2016-11-23 18:58:01-main--INFO -com.ctaf.accelerators.TestEngine: Able to get TscreenShot
2016-11-23 18:58:01-main--INFO -com.ctaf.accelerators.TestEngine: Able to get TscreenShot
2016-11-23 18:58:25-main--INFO -com.ctaf.accelerators.TestEngine:Starting browser : chrome
2016-11-23 18:58:34-main--INFO -com.ctaf.accelerators.TestEngine:Current Test : TC_03_oneWayDomesticChangeDate
2016-11-23 19:01:50-main--INFO -com.ctaf.accelerators.TestEngine: Able to get TscreenShot
2016-11-23 19:03:38-main--INFO -com.ctaf.accelerators.TestEngine:Starting browser : chrome
2016-11-23 19:03:47-main--INFO -com.ctaf.accelerators.TestEngine:Current Test : TC_03_oneWayDomesticChangeDate
2016-11-23 19:10:28-main--INFO -com.ctaf.accelerators.TestEngine:Starting browser : chrome
2016-11-23 19:10:38-main--INFO -com.ctaf.accelerators.TestEngine:Current Test : TC_03_oneWayDomesticChangeDate
2016-11-23 19:10:41-main--INFO -com.ctaf.accelerators.TestEngine: Able to get TscreenShot
2016-11-23 19:10:41-main--INFO -com.ctaf.accelerators.TestEngine: Able to get TscreenShot
2016-11-23 19:11:04-main--INFO -com.ctaf.accelerators.TestEngine:Starting browser : chrome
2016-11-23 19:11:15-main--INFO -com.ctaf.accelerators.TestEngine:Current Test : TC_03_oneWayDomesticChangeDate
2016-11-23 19:11:16-main--INFO -com.ctaf.accelerators.TestEngine: Able to get TscreenShot
2016-11-23 19:11:16-main--INFO -com.ctaf.accelerators.TestEngine: Able to get TscreenShot
2016-11-23 19:11:28-main--INFO -com.ctaf.accelerators.TestEngine:Starting browser : chrome
2016-11-23 19:11:37-main--INFO -com.ctaf.accelerators.TestEngine:Current Test : TC_03_oneWayDomesticChangeDate
2016-11-23 19:12:47-main--INFO -com.ctaf.accelerators.TestEngine:Starting browser : chrome
2016-11-23 19:12:58-main--INFO -com.ctaf.accelerators.TestEngine:Current Test : TC_03_oneWayDomesticChangeDate
2016-11-23 19:13:01-main--INFO -com.ctaf.accelerators.TestEngine: Able to get TscreenShot
2016-11-23 19:13:02-main--INFO -com.ctaf.accelerators.TestEngine: Able to get TscreenShot
2016-11-23 19:13:14-main--INFO -com.ctaf.accelerators.TestEngine:Starting browser : chrome
2016-11-23 19:13:25-main--INFO -com.ctaf.accelerators.TestEngine:Current Test : TC_03_oneWayDomesticChangeDate
2016-11-23 19:13:27-main--INFO -com.ctaf.accelerators.TestEngine: Able to get TscreenShot
2016-11-23 19:13:27-main--INFO -com.ctaf.accelerators.TestEngine: Able to get TscreenShot
2016-11-23 19:13:41-main--INFO -com.ctaf.accelerators.TestEngine:Starting browser : chrome
2016-11-23 19:13:52-main--INFO -com.ctaf.accelerators.TestEngine:Current Test : TC_03_oneWayDomesticChangeDate
2016-11-23 19:13:53-main--INFO -com.ctaf.accelerators.TestEngine: Able to get TscreenShot
2016-11-23 19:13:54-main--INFO -com.ctaf.accelerators.TestEngine: Able to get TscreenShot
2016-11-23 19:14:04-main--INFO -com.ctaf.accelerators.TestEngine:Starting browser : chrome
2016-11-23 19:14:14-main--INFO -com.ctaf.accelerators.TestEngine:Current Test : TC_03_oneWayDomesticChangeDate
2016-11-23 19:14:18-main--INFO -com.ctaf.accelerators.TestEngine: Able to get TscreenShot
2016-11-23 19:14:18-main--INFO -com.ctaf.accelerators.TestEngine: Able to get TscreenShot
2016-11-23 19:14:28-main--INFO -com.ctaf.accelerators.TestEngine:Starting browser : chrome
2016-11-23 19:15:05-main--INFO -com.ctaf.accelerators.TestEngine:Current Test : TC_03_oneWayDomesticChangeDate
2016-11-23 19:15:36-Forwarding screenshot on session ca267047fd3d7946b9025dcba6c68198 to remote--INFO -org.apache.http.impl.execchain.RetryExec:I/O exception (java.net.SocketException) caught when processing request to {}->http://localhost:45430: Connection reset
2016-11-23 19:15:36-Forwarding screenshot on session ca267047fd3d7946b9025dcba6c68198 to remote--INFO -org.apache.http.impl.execchain.RetryExec:Retrying request to {}->http://localhost:45430
2016-11-23 19:15:49-main--INFO -com.ctaf.accelerators.TestEngine:Starting browser : chrome
2016-11-23 19:15:58-main--INFO -com.ctaf.accelerators.TestEngine:Current Test : TC_03_oneWayDomesticChangeDate
2016-11-23 19:18:37-main--INFO -com.ctaf.accelerators.TestEngine: Able to get TscreenShot
2016-11-23 19:22:27-main--INFO -com.ctaf.accelerators.TestEngine:Starting browser : chrome
2016-11-23 19:22:37-main--INFO -com.ctaf.accelerators.TestEngine:Current Test : TC_03_oneWayDomesticChangeDate
2016-11-23 19:22:58-main--INFO -com.ctaf.accelerators.TestEngine: Able to get TscreenShot
2016-11-23 19:23:46-main--INFO -com.ctaf.accelerators.TestEngine:Starting browser : chrome
2016-11-23 19:23:55-main--INFO -com.ctaf.accelerators.TestEngine:Current Test : TC_03_oneWayDomesticChangeDate
2016-11-23 19:27:34-main--INFO -com.ctaf.accelerators.TestEngine:Starting browser : chrome
2016-11-23 19:27:45-main--INFO -com.ctaf.accelerators.TestEngine:Current Test : TC_03_oneWayDomesticChangeDate
2016-11-23 19:27:46-main--INFO -com.ctaf.accelerators.TestEngine: Able to get TscreenShot
2016-11-23 19:27:46-main--INFO -com.ctaf.accelerators.TestEngine: Able to get TscreenShot
2016-11-23 19:27:54-main--INFO -com.ctaf.accelerators.TestEngine:Starting browser : chrome
2016-11-23 19:28:03-main--INFO -com.ctaf.accelerators.TestEngine:Current Test : TC_03_oneWayDomesticChangeDate
2016-11-23 19:28:05-main--INFO -com.ctaf.accelerators.TestEngine: Able to get TscreenShot
2016-11-23 19:28:05-main--INFO -com.ctaf.accelerators.TestEngine: Able to get TscreenShot
2016-11-23 19:30:46-main--INFO -com.ctaf.accelerators.TestEngine:Starting browser : chrome
2016-11-23 19:30:56-main--INFO -com.ctaf.accelerators.TestEngine:Current Test : TC_03_oneWayDomesticChangeDate
2016-11-23 19:31:07-main--INFO -com.ctaf.accelerators.TestEngine: Able to get TscreenShot
2016-11-23 19:31:07-main--INFO -com.ctaf.accelerators.TestEngine: Able to get TscreenShot
2016-11-23 19:31:39-main--INFO -com.ctaf.accelerators.TestEngine:Starting browser : chrome
2016-11-23 19:31:48-main--INFO -com.ctaf.accelerators.TestEngine:Current Test : TC_03_oneWayDomesticChangeDate
2016-11-23 19:31:50-main--INFO -com.ctaf.accelerators.TestEngine: Able to get TscreenShot
2016-11-23 19:31:50-main--INFO -com.ctaf.accelerators.TestEngine: Able to get TscreenShot
2016-11-23 19:34:35-main--INFO -com.ctaf.accelerators.TestEngine:Starting browser : chrome
2016-11-23 19:34:44-main--INFO -com.ctaf.accelerators.TestEngine:Current Test : TC_03_oneWayDomesticChangeDate
2016-11-23 19:40:22-main--INFO -com.ctaf.accelerators.TestEngine:Starting browser : chrome
2016-11-23 19:40:33-main--INFO -com.ctaf.accelerators.TestEngine:Current Test : TC_03_oneWayDomesticChangeDate
2016-11-23 19:40:37-main--INFO -com.ctaf.accelerators.TestEngine: Able to get TscreenShot
2016-11-23 19:40:37-main--INFO -com.ctaf.accelerators.TestEngine: Able to get TscreenShot
2016-11-23 19:43:04-main--INFO -com.ctaf.accelerators.TestEngine:Starting browser : chrome
2016-11-23 19:43:14-main--INFO -com.ctaf.accelerators.TestEngine:Current Test : TC_03_oneWayDomesticChangeDate
2016-11-23 19:43:15-main--INFO -com.ctaf.accelerators.TestEngine: Able to get TscreenShot
2016-11-23 19:43:16-main--INFO -com.ctaf.accelerators.TestEngine: Able to get TscreenShot
2016-11-23 19:43:21-main--INFO -com.ctaf.accelerators.TestEngine:Starting browser : chrome
2016-11-23 19:43:30-main--INFO -com.ctaf.accelerators.TestEngine:Current Test : TC_03_oneWayDomesticChangeDate
2016-11-23 19:43:32-main--INFO -com.ctaf.accelerators.TestEngine: Able to get TscreenShot
2016-11-23 19:43:33-main--INFO -com.ctaf.accelerators.TestEngine: Able to get TscreenShot
2016-11-23 19:43:48-main--INFO -com.ctaf.accelerators.TestEngine:Starting browser : chrome
2016-11-23 19:43:59-main--INFO -com.ctaf.accelerators.TestEngine:Current Test : TC_03_oneWayDomesticChangeDate
2016-11-23 19:47:20-main--INFO -com.ctaf.accelerators.TestEngine:Starting browser : chrome
2016-11-23 19:47:30-main--INFO -com.ctaf.accelerators.TestEngine:Current Test : TC_03_oneWayDomesticChangeDate
2016-11-23 19:47:38-main--INFO -com.ctaf.accelerators.TestEngine: Able to get TscreenShot
2016-11-23 19:47:38-main--INFO -com.ctaf.accelerators.TestEngine: Able to get TscreenShot
2016-11-23 19:48:17-main--INFO -com.ctaf.accelerators.TestEngine:Starting browser : chrome
2016-11-23 19:48:25-main--INFO -com.ctaf.accelerators.TestEngine:Current Test : TC_03_oneWayDomesticChangeDate
2016-11-23 19:48:31-main--INFO -com.ctaf.accelerators.TestEngine: Able to get TscreenShot
2016-11-23 19:48:32-main--INFO -com.ctaf.accelerators.TestEngine: Able to get TscreenShot
2016-11-23 19:50:10-main--INFO -com.ctaf.accelerators.TestEngine:Starting browser : chrome
2016-11-23 19:50:21-main--INFO -com.ctaf.accelerators.TestEngine:Current Test : TC_03_oneWayDomesticChangeDate
2016-11-23 19:50:26-main--INFO -com.ctaf.accelerators.TestEngine: Able to get TscreenShot
2016-11-23 19:50:27-main--INFO -com.ctaf.accelerators.TestEngine: Able to get TscreenShot
2016-11-23 19:55:07-main--INFO -com.ctaf.accelerators.TestEngine:Starting browser : chrome
2016-11-23 19:55:16-main--INFO -com.ctaf.accelerators.TestEngine:Current Test : TC_03_oneWayDomesticChangeDate
2016-11-23 19:55:30-main--INFO -com.ctaf.accelerators.TestEngine: Able to get TscreenShot
2016-11-23 19:56:45-main--INFO -com.ctaf.accelerators.TestEngine:Starting browser : chrome
2016-11-23 19:56:53-main--INFO -com.ctaf.accelerators.TestEngine:Current Test : TC_03_oneWayDomesticChangeDate
2016-11-23 19:57:16-main--INFO -com.ctaf.accelerators.TestEngine: Able to get TscreenShot
2016-11-23 19:57:27-main--INFO -com.ctaf.accelerators.TestEngine:Starting browser : chrome
2016-11-23 19:57:37-main--INFO -com.ctaf.accelerators.TestEngine:Current Test : TC_03_oneWayDomesticChangeDate
2016-11-23 19:58:00-main--INFO -com.ctaf.accelerators.TestEngine: Able to get TscreenShot
2016-11-23 19:58:48-main--INFO -com.ctaf.accelerators.TestEngine:Starting browser : chrome
2016-11-23 19:58:58-main--INFO -com.ctaf.accelerators.TestEngine:Current Test : TC_03_oneWayDomesticChangeDate
2016-11-23 19:59:22-main--INFO -com.ctaf.accelerators.TestEngine: Able to get TscreenShot
2016-11-23 19:59:52-main--INFO -com.ctaf.accelerators.TestEngine:Starting browser : chrome
2016-11-23 20:00:01-main--INFO -com.ctaf.accelerators.TestEngine:Current Test : TC_03_oneWayDomesticChangeDate
2016-11-23 20:00:24-main--INFO -com.ctaf.accelerators.TestEngine: Able to get TscreenShot
2016-11-23 20:01:13-main--INFO -com.ctaf.accelerators.TestEngine:Starting browser : chrome
2016-11-23 20:01:21-main--INFO -com.ctaf.accelerators.TestEngine:Current Test : TC_03_oneWayDomesticChangeDate
2016-11-23 20:03:47-main--INFO -com.ctaf.accelerators.TestEngine:Starting browser : chrome
2016-11-23 20:03:56-main--INFO -com.ctaf.accelerators.TestEngine:Current Test : TC_03_oneWayDomesticChangeDate
2016-11-23 20:21:37-main--INFO -com.ctaf.accelerators.TestEngine:Starting browser : chrome
2016-11-23 20:21:47-main--INFO -com.ctaf.accelerators.TestEngine:Current Test : TC_03_oneWayDomesticChangeDate
2016-11-23 20:22:27-main--INFO -com.ctaf.accelerators.TestEngine: Able to get TscreenShot
2016-11-23 20:23:12-main--INFO -com.ctaf.accelerators.TestEngine:Starting browser : chrome
2016-11-23 20:23:22-main--INFO -com.ctaf.accelerators.TestEngine:Current Test : TC_03_oneWayDomesticChangeDate
2016-11-23 20:24:38-main--INFO -com.ctaf.accelerators.TestEngine:Starting browser : chrome
2016-11-23 20:24:48-main--INFO -com.ctaf.accelerators.TestEngine:Current Test : TC_03_oneWayDomesticChangeDate
2016-11-23 20:26:59-main--INFO -com.ctaf.accelerators.TestEngine:Starting browser : chrome
2016-11-23 20:27:08-main--INFO -com.ctaf.accelerators.TestEngine:Current Test : TC_03_oneWayDomesticChangeDate
2016-11-23 20:28:46-main--INFO -com.ctaf.accelerators.TestEngine: Able to get TscreenShot
2016-11-23 20:29:45-main--INFO -com.ctaf.accelerators.TestEngine:Starting browser : chrome
2016-11-23 20:29:54-main--INFO -com.ctaf.accelerators.TestEngine:Current Test : TC_03_oneWayDomesticChangeDate
2016-11-23 20:31:31-main--INFO -com.ctaf.accelerators.TestEngine: Able to get TscreenShot
2016-11-23 20:32:11-main--INFO -com.ctaf.accelerators.TestEngine:Starting browser : chrome
2016-11-23 20:32:21-main--INFO -com.ctaf.accelerators.TestEngine:Current Test : TC_03_oneWayDomesticChangeDate
2016-11-23 20:32:57-main--INFO -com.ctaf.accelerators.TestEngine: Able to get TscreenShot
2016-11-23 20:34:00-main--INFO -com.ctaf.accelerators.TestEngine:Starting browser : chrome
2016-11-23 20:34:09-main--INFO -com.ctaf.accelerators.TestEngine:Current Test : TC_03_oneWayDomesticChangeDate
2016-11-23 20:34:26-main--INFO -com.ctaf.accelerators.TestEngine: Able to get TscreenShot
2016-11-23 20:34:34-main--INFO -com.ctaf.accelerators.TestEngine:Starting browser : chrome
2016-11-23 20:34:43-main--INFO -com.ctaf.accelerators.TestEngine:Current Test : TC_03_oneWayDomesticChangeDate
2016-11-23 20:34:58-main--INFO -com.ctaf.accelerators.TestEngine: Able to get TscreenShot
2016-11-23 20:35:08-main--INFO -com.ctaf.accelerators.TestEngine:Starting browser : chrome
2016-11-23 20:35:17-main--INFO -com.ctaf.accelerators.TestEngine:Current Test : TC_03_oneWayDomesticChangeDate
2016-11-23 20:36:07-main--INFO -com.ctaf.accelerators.TestEngine: Able to get TscreenShot
2016-11-23 20:40:09-main--INFO -com.ctaf.accelerators.TestEngine:Starting browser : chrome
2016-11-23 20:40:17-main--INFO -com.ctaf.accelerators.TestEngine:Current Test : TC_03_oneWayDomesticChangeDate
2016-11-23 20:41:10-main--INFO -com.ctaf.accelerators.TestEngine: Able to get TscreenShot
2016-11-23 20:41:44-main--INFO -com.ctaf.accelerators.TestEngine:Starting browser : chrome
2016-11-23 20:41:53-main--INFO -com.ctaf.accelerators.TestEngine:Current Test : TC_03_oneWayDomesticChangeDate
2016-11-23 20:42:47-main--INFO -com.ctaf.accelerators.TestEngine: Able to get TscreenShot
2016-11-23 20:43:38-main--INFO -com.ctaf.accelerators.TestEngine:Starting browser : chrome
2016-11-23 20:43:44-main--INFO -com.ctaf.accelerators.TestEngine:Current Test : TC_03_oneWayDomesticChangeDate
2016-11-23 20:44:28-main--INFO -com.ctaf.accelerators.TestEngine: Able to get TscreenShot
2016-11-23 21:47:26-main--INFO -com.ctaf.accelerators.TestEngine:Starting browser : chrome
2016-11-23 21:47:39-main--INFO -com.ctaf.accelerators.TestEngine:Current Test : TC_03_oneWayDomesticChangeDate
2016-11-23 21:48:25-main--INFO -com.ctaf.accelerators.TestEngine: Able to get TscreenShot
2016-11-23 21:48:32-main--INFO -com.ctaf.accelerators.TestEngine:Starting browser : chrome
2016-11-23 21:48:41-main--INFO -com.ctaf.accelerators.TestEngine:Current Test : TC_03_oneWayDomesticChangeDate
2016-11-23 21:49:35-main--INFO -com.ctaf.accelerators.TestEngine:Starting browser : chrome
2016-11-23 21:49:44-main--INFO -com.ctaf.accelerators.TestEngine:Current Test : TC_03_oneWayDomesticChangeDate
2016-11-23 21:53:17-main--INFO -com.ctaf.accelerators.TestEngine:Starting browser : chrome
2016-11-23 21:53:25-main--INFO -com.ctaf.accelerators.TestEngine:Current Test : TC_03_oneWayDomesticChangeDate
2016-11-23 21:54:18-main--INFO -com.ctaf.accelerators.TestEngine: Able to get TscreenShot
2016-11-23 21:56:15-main--INFO -com.ctaf.accelerators.TestEngine:Starting browser : chrome
2016-11-23 21:56:25-main--INFO -com.ctaf.accelerators.TestEngine:Current Test : TC_03_oneWayDomesticChangeDate
2016-11-23 21:57:27-main--INFO -com.ctaf.accelerators.TestEngine: Able to get TscreenShot
2016-11-23 21:58:20-main--INFO -com.ctaf.accelerators.TestEngine:Starting browser : chrome
2016-11-23 21:58:31-main--INFO -com.ctaf.accelerators.TestEngine:Current Test : TC_03_oneWayDomesticChangeDate
2016-11-23 21:59:31-main--INFO -com.ctaf.accelerators.TestEngine: Able to get TscreenShot
2016-11-23 22:03:09-main--INFO -com.ctaf.accelerators.TestEngine:Starting browser : chrome
2016-11-23 22:03:19-main--INFO -com.ctaf.accelerators.TestEngine:Current Test : TC_03_oneWayDomesticChangeDate
2016-11-23 22:06:28-main--INFO -com.ctaf.accelerators.TestEngine:Starting browser : chrome
2016-11-23 22:06:35-main--INFO -com.ctaf.accelerators.TestEngine:Current Test : TC_03_oneWayDomesticChangeDate
2016-11-23 22:06:52-main--INFO -com.ctaf.accelerators.TestEngine: Able to get TscreenShot
2016-11-23 22:07:00-main--INFO -com.ctaf.accelerators.TestEngine:Starting browser : chrome
2016-11-23 22:07:08-main--INFO -com.ctaf.accelerators.TestEngine:Current Test : TC_03_oneWayDomesticChangeDate
2016-11-23 22:17:25-main--INFO -com.ctaf.accelerators.TestEngine:Starting browser : chrome
2016-11-23 22:17:33-main--INFO -com.ctaf.accelerators.TestEngine:Current Test : TC_03_oneWayDomesticChangeDate
2016-11-23 22:18:34-main--INFO -com.ctaf.accelerators.TestEngine: Able to get TscreenShot
2016-11-23 22:18:54-main--INFO -com.ctaf.accelerators.TestEngine:Starting browser : chrome
2016-11-23 22:19:03-main--INFO -com.ctaf.accelerators.TestEngine:Current Test : TC_03_oneWayDomesticChangeDate
2016-11-23 22:19:53-main--INFO -com.ctaf.accelerators.TestEngine: Able to get TscreenShot
2016-11-23 22:22:14-main--INFO -com.ctaf.accelerators.TestEngine:Starting browser : chrome
2016-11-23 22:22:24-main--INFO -com.ctaf.accelerators.TestEngine:Current Test : TC_03_oneWayDomesticChangeDate
2016-11-23 22:23:33-main--INFO -com.ctaf.accelerators.TestEngine: Able to get TscreenShot
2016-11-23 22:24:09-main--INFO -com.ctaf.accelerators.TestEngine:Starting browser : chrome
2016-11-23 22:24:18-main--INFO -com.ctaf.accelerators.TestEngine:Current Test : TC_03_oneWayDomesticChangeDate
2016-11-23 22:29:06-main--INFO -com.ctaf.accelerators.TestEngine:Starting browser : chrome
2016-11-23 22:29:16-main--INFO -com.ctaf.accelerators.TestEngine:Current Test : TC_03_oneWayDomesticChangeDate
2016-11-23 22:32:57-main--INFO -com.ctaf.accelerators.TestEngine:Starting browser : chrome
2016-11-23 22:33:05-main--INFO -com.ctaf.accelerators.TestEngine:Current Test : TC_03_oneWayDomesticChangeDate
2016-11-23 22:36:15-main--INFO -com.ctaf.accelerators.TestEngine:Starting browser : chrome
2016-11-23 22:36:24-main--INFO -com.ctaf.accelerators.TestEngine:Current Test : TC_03_oneWayDomesticChangeDate
2016-11-23 22:40:17-main--INFO -com.ctaf.accelerators.TestEngine:Starting browser : chrome
2016-11-23 22:40:26-main--INFO -com.ctaf.accelerators.TestEngine:Current Test : TC_03_oneWayDomesticChangeDate
2016-11-23 22:50:25-main--INFO -com.ctaf.accelerators.TestEngine:Starting browser : chrome
2016-11-23 22:50:39-main--INFO -com.ctaf.accelerators.TestEngine:Current Test : TC_03_oneWayDomesticChangeDate
2016-11-23 22:57:09-main--INFO -com.ctaf.accelerators.TestEngine:Starting browser : chrome
2016-11-23 22:57:20-main--INFO -com.ctaf.accelerators.TestEngine:Current Test : TC_03_oneWayDomesticChangeDate
2016-11-23 22:58:11-main--INFO -com.ctaf.accelerators.TestEngine: Able to get TscreenShot
