2017-05-30 11:30:26-main--INFO -com.ctaf.accelerators.TestEngine:Starting browser : iphone
2017-05-30 11:36:40-main--INFO -com.ctaf.accelerators.TestEngine:Starting browser : iphone
2017-05-30 11:38:00-main--INFO -com.ctaf.accelerators.TestEngine:Current Test : TC_01_oneWayDomesticEconomy_RUH_JED
2017-05-30 11:38:06-main--INFO -com.ctaf.accelerators.TestEngine:Able to click on By.xpath: //XCUIElementTypeOther/*[@label='btn menu']
2017-05-30 11:38:12-main--INFO -com.ctaf.accelerators.TestEngine:Able to click on By.xpath: //XCUIElementTypeCell[1]/*[@label='Login']
2017-05-30 11:38:18-main--INFO -com.ctaf.accelerators.TestEngine:Typing is performed on EmailAddress
2017-05-30 11:38:24-main--INFO -com.ctaf.accelerators.TestEngine:Typing is performed on Password
2017-05-30 11:38:32-main--INFO -com.ctaf.accelerators.TestEngine:Able to click on By.xpath: //*[@label='Login']
2017-05-30 11:44:50-main--INFO -com.ctaf.accelerators.TestEngine:Starting browser : iphone
2017-05-30 11:45:34-main--INFO -com.ctaf.accelerators.TestEngine:Current Test : TC_01_oneWayDomesticEconomy_RUH_JED
2017-05-30 11:45:39-main--INFO -com.ctaf.accelerators.TestEngine:Able to click on By.xpath: //XCUIElementTypeOther/*[@label='btn menu']
2017-05-30 11:45:50-main--INFO -com.ctaf.accelerators.TestEngine:Able to click on By.xpath: //XCUIElementTypeCell[1]/*[@label='Login']
2017-05-30 11:45:55-main--INFO -com.ctaf.accelerators.TestEngine:Typing is performed on EmailAddress
2017-05-30 11:46:01-main--INFO -com.ctaf.accelerators.TestEngine:Typing is performed on Password
2017-05-30 11:46:09-main--INFO -com.ctaf.accelerators.TestEngine:Able to click on By.xpath: //*[@label='Login']
2017-05-30 11:46:14-main--INFO -com.ctaf.accelerators.TestEngine:Able to click on By.xpath: //*[@label='Book flights']
2017-05-30 11:46:21-main--INFO -com.ctaf.accelerators.TestEngine:Able to click on By.xpath: //*[@label='One-way']
2017-05-30 11:46:28-main--INFO -com.ctaf.accelerators.TestEngine:Able to click on By.xpath: //XCUIElementTypeOther[3]/XCUIElementTypeOther[1]/XCUIElementTypeButton
2017-05-30 11:46:34-main--INFO -com.ctaf.accelerators.TestEngine:Able to click on Search
2017-05-30 11:46:40-main--INFO -com.ctaf.accelerators.TestEngine:Typing is performed on Origin
2017-05-30 11:46:43-main--INFO -com.ctaf.accelerators.TestEngine:Able to click on RUH
2017-05-30 11:46:49-main--INFO -com.ctaf.accelerators.TestEngine:Typing is performed on Destination
2017-05-30 11:46:51-main--INFO -com.ctaf.accelerators.TestEngine:Able to click on JED
2017-05-30 11:46:55-main--INFO -com.ctaf.accelerators.TestEngine:Able to click on Find Flights
2017-05-30 11:48:00-main--INFO -com.ctaf.accelerators.TestEngine:Able to click on By.xpath: //XCUIElementTypeTable/XCUIElementTypeCell[1]/XCUIElementTypeButton[3]
2017-05-30 11:48:23-main--INFO -com.ctaf.accelerators.TestEngine:Able to click on By.xpath: //*[@label='Continue to Select Extras']
2017-05-30 11:48:42-main--INFO -com.ctaf.accelerators.TestEngine:Able to click on By.xpath: //*[@label='Continue to Select Seat']
2017-05-30 11:48:49-main--INFO -com.ctaf.accelerators.TestEngine:Able to click on By.xpath: //*[@label='Continue to Payment']
2017-05-30 11:48:57-main--INFO -com.ctaf.accelerators.TestEngine:Typing is performed on Card Number
2017-05-30 11:49:06-main--INFO -com.ctaf.accelerators.TestEngine:Typing is performed on Card Holder Name
2017-05-30 11:49:18-main--INFO -com.ctaf.accelerators.TestEngine:Typing is performed on Expiry Date
2017-05-30 11:49:27-main--INFO -com.ctaf.accelerators.TestEngine:Typing is performed on cvv
2017-05-30 11:49:35-main--INFO -com.ctaf.accelerators.TestEngine:Able to click on Purchase
2017-05-30 11:50:00-main--INFO -com.ctaf.accelerators.TestEngine:Able to click on By.xpath: //*[@label='icn home']
2017-05-30 11:50:06-main--INFO -com.ctaf.accelerators.TestEngine:Able to click on By.xpath: //*[@label='Online check-in']
2017-05-30 11:50:19-main--INFO -com.ctaf.accelerators.TestEngine:Able to click on By.xpath: //*[@label='GC4K8X']/following-sibling::XCUIElementTypeButton
2017-05-30 11:50:28-main--INFO -com.ctaf.accelerators.TestEngine:Able to click on By.xpath: //*[@label='I agree to the Terms and Conditions.']/preceding-sibling::XCUIElementTypeButton
2017-05-30 11:50:34-main--INFO -com.ctaf.accelerators.TestEngine:Able to click on By.xpath: //*[@label='Continue']
2017-05-30 11:50:41-main--INFO -com.ctaf.accelerators.TestEngine:Able to click on By.xpath: //*[@label='Continue']
2017-05-30 11:50:46-main--INFO -com.ctaf.accelerators.TestEngine:Able to click on By.xpath: //*[@label='Continue to Payment']
2017-05-30 11:50:54-main--INFO -com.ctaf.accelerators.TestEngine:Able to click on By.xpath: //*[@label='Continue']
2017-05-30 11:51:18-main--INFO -com.ctaf.accelerators.TestEngine:Current Test : TC_02_oneWayDomesticEconomy_RUH_DMM
2017-05-30 11:51:24-main--INFO -com.ctaf.accelerators.TestEngine:Able to click on By.xpath: //*[@label='Book flights']
2017-05-30 11:51:30-main--INFO -com.ctaf.accelerators.TestEngine:Able to click on By.xpath: //*[@label='One-way']
2017-05-30 11:51:37-main--INFO -com.ctaf.accelerators.TestEngine:Able to click on By.xpath: //XCUIElementTypeOther[3]/XCUIElementTypeOther[1]/XCUIElementTypeButton
2017-05-30 11:51:43-main--INFO -com.ctaf.accelerators.TestEngine:Able to click on Search
2017-05-30 11:51:49-main--INFO -com.ctaf.accelerators.TestEngine:Typing is performed on Origin
2017-05-30 11:51:52-main--INFO -com.ctaf.accelerators.TestEngine:Able to click on RUH
2017-05-30 11:51:58-main--INFO -com.ctaf.accelerators.TestEngine:Typing is performed on Destination
2017-05-30 11:52:00-main--INFO -com.ctaf.accelerators.TestEngine:Able to click on DMM
2017-05-30 11:52:04-main--INFO -com.ctaf.accelerators.TestEngine:Able to click on Find Flights
2017-05-30 11:53:00-main--INFO -com.ctaf.accelerators.TestEngine:Able to click on By.xpath: //XCUIElementTypeTable/XCUIElementTypeCell[1]/XCUIElementTypeButton[3]
2017-05-30 11:53:24-main--INFO -com.ctaf.accelerators.TestEngine:Able to click on By.xpath: //*[@label='Continue to Select Extras']
2017-05-30 11:54:10-main--INFO -com.ctaf.accelerators.TestEngine:Able to click on By.xpath: //*[@label='Continue to Select Seat']
2017-05-30 11:54:17-main--INFO -com.ctaf.accelerators.TestEngine:Able to click on By.xpath: //*[@label='Continue to Payment']
2017-05-30 11:54:25-main--INFO -com.ctaf.accelerators.TestEngine:Typing is performed on Card Number
2017-05-30 11:54:34-main--INFO -com.ctaf.accelerators.TestEngine:Typing is performed on Card Holder Name
2017-05-30 11:54:46-main--INFO -com.ctaf.accelerators.TestEngine:Typing is performed on Expiry Date
2017-05-30 11:54:54-main--INFO -com.ctaf.accelerators.TestEngine:Typing is performed on cvv
2017-05-30 11:55:03-main--INFO -com.ctaf.accelerators.TestEngine:Able to click on Purchase
2017-05-30 11:55:31-main--INFO -com.ctaf.accelerators.TestEngine:Able to click on By.xpath: //*[@label='icn home']
2017-05-30 11:55:37-main--INFO -com.ctaf.accelerators.TestEngine:Able to click on By.xpath: //*[@label='Online check-in']
2017-05-30 11:55:50-main--INFO -com.ctaf.accelerators.TestEngine:Able to click on By.xpath: //*[@label='E9TIUD']/following-sibling::XCUIElementTypeButton
2017-05-30 11:55:59-main--INFO -com.ctaf.accelerators.TestEngine:Able to click on By.xpath: //*[@label='I agree to the Terms and Conditions.']/preceding-sibling::XCUIElementTypeButton
2017-05-30 11:56:05-main--INFO -com.ctaf.accelerators.TestEngine:Able to click on By.xpath: //*[@label='Continue']
2017-05-30 11:56:12-main--INFO -com.ctaf.accelerators.TestEngine:Able to click on By.xpath: //*[@label='Continue']
2017-05-30 11:56:17-main--INFO -com.ctaf.accelerators.TestEngine:Able to click on By.xpath: //*[@label='Continue to Payment']
2017-05-30 11:56:25-main--INFO -com.ctaf.accelerators.TestEngine:Able to click on By.xpath: //*[@label='Continue']
2017-05-30 11:56:52-main--INFO -com.ctaf.accelerators.TestEngine:Current Test : TC_03_oneWayDomesticEconomy_RUH_GIZ
2017-05-30 11:56:58-main--INFO -com.ctaf.accelerators.TestEngine:Able to click on By.xpath: //*[@label='Book flights']
2017-05-30 11:57:05-main--INFO -com.ctaf.accelerators.TestEngine:Able to click on By.xpath: //*[@label='One-way']
2017-05-30 11:57:11-main--INFO -com.ctaf.accelerators.TestEngine:Able to click on By.xpath: //XCUIElementTypeOther[3]/XCUIElementTypeOther[1]/XCUIElementTypeButton
2017-05-30 11:57:17-main--INFO -com.ctaf.accelerators.TestEngine:Able to click on Search
2017-05-30 11:57:23-main--INFO -com.ctaf.accelerators.TestEngine:Typing is performed on Origin
2017-05-30 11:57:26-main--INFO -com.ctaf.accelerators.TestEngine:Able to click on RUH
2017-05-30 11:57:32-main--INFO -com.ctaf.accelerators.TestEngine:Typing is performed on Destination
2017-05-30 11:57:35-main--INFO -com.ctaf.accelerators.TestEngine:Able to click on GIZ
2017-05-30 11:57:38-main--INFO -com.ctaf.accelerators.TestEngine:Able to click on Find Flights
2017-05-30 11:58:29-main--INFO -com.ctaf.accelerators.TestEngine:Able to click on By.xpath: //XCUIElementTypeTable/XCUIElementTypeCell[1]/XCUIElementTypeButton[3]
2017-05-30 11:58:52-main--INFO -com.ctaf.accelerators.TestEngine:Able to click on By.xpath: //*[@label='Continue to Select Extras']
2017-05-30 11:59:10-main--INFO -com.ctaf.accelerators.TestEngine:Able to click on By.xpath: //*[@label='Continue to Select Seat']
2017-05-30 11:59:18-main--INFO -com.ctaf.accelerators.TestEngine:Able to click on By.xpath: //*[@label='Continue to Payment']
2017-05-30 11:59:25-main--INFO -com.ctaf.accelerators.TestEngine:Typing is performed on Card Number
2017-05-30 11:59:34-main--INFO -com.ctaf.accelerators.TestEngine:Typing is performed on Card Holder Name
2017-05-30 11:59:46-main--INFO -com.ctaf.accelerators.TestEngine:Typing is performed on Expiry Date
2017-05-30 11:59:55-main--INFO -com.ctaf.accelerators.TestEngine:Typing is performed on cvv
2017-05-30 12:00:03-main--INFO -com.ctaf.accelerators.TestEngine:Able to click on Purchase
2017-05-30 12:00:31-main--INFO -com.ctaf.accelerators.TestEngine:Able to click on By.xpath: //*[@label='icn home']
2017-05-30 12:00:37-main--INFO -com.ctaf.accelerators.TestEngine:Able to click on By.xpath: //*[@label='Online check-in']
2017-05-30 12:00:50-main--INFO -com.ctaf.accelerators.TestEngine:Able to click on By.xpath: //*[@label='O3JFYY']/following-sibling::XCUIElementTypeButton
2017-05-30 12:00:59-main--INFO -com.ctaf.accelerators.TestEngine:Able to click on By.xpath: //*[@label='I agree to the Terms and Conditions.']/preceding-sibling::XCUIElementTypeButton
2017-05-30 12:01:05-main--INFO -com.ctaf.accelerators.TestEngine:Able to click on By.xpath: //*[@label='Continue']
2017-05-30 12:01:12-main--INFO -com.ctaf.accelerators.TestEngine:Able to click on By.xpath: //*[@label='Continue']
2017-05-30 12:01:17-main--INFO -com.ctaf.accelerators.TestEngine:Able to click on By.xpath: //*[@label='Continue to Payment']
2017-05-30 12:01:25-main--INFO -com.ctaf.accelerators.TestEngine:Able to click on By.xpath: //*[@label='Continue']
2017-05-30 12:01:49-main--INFO -com.ctaf.accelerators.TestEngine:Current Test : TC_04_oneWayDomesticEconomy_RUH_MED
