2017-03-21 17:05:24-main--INFO -com.ctaf.accelerators.TestEngine:Starting browser : iphone
2017-03-21 17:06:31-main--INFO -com.ctaf.accelerators.TestEngine:Current Test : TC_01_oneWayDomesticEconomy_RUH_JED
2017-03-21 17:06:35-main--INFO -com.ctaf.accelerators.TestEngine:Able to click on By.xpath: //XCUIElementTypeOther/*[@label='btn menu']
2017-03-21 17:06:40-main--INFO -com.ctaf.accelerators.TestEngine:Able to click on By.xpath: //XCUIElementTypeCell[1]/*[@label='Login']
2017-03-21 17:06:53-main--INFO -com.ctaf.accelerators.TestEngine:Typing is performed on EmailAddress
2017-03-21 17:07:42-main--INFO -com.ctaf.accelerators.TestEngine:Starting browser : iphone
2017-03-21 17:08:47-main--INFO -com.ctaf.accelerators.TestEngine:Current Test : TC_15_roundTripDomesticEconomy_JED_TUU
2017-03-21 17:08:52-main--INFO -com.ctaf.accelerators.TestEngine:Able to click on By.xpath: //*[@label='Book flights']
2017-03-21 17:08:58-main--INFO -com.ctaf.accelerators.TestEngine:Able to click on By.xpath: //*[@label='Return']
2017-03-21 17:09:04-main--INFO -com.ctaf.accelerators.TestEngine:Able to click on By.xpath: //XCUIElementTypeOther[3]/XCUIElementTypeOther[1]/XCUIElementTypeButton
2017-03-21 17:09:12-main--INFO -com.ctaf.accelerators.TestEngine:Able to click on Search
2017-03-21 17:09:21-main--INFO -com.ctaf.accelerators.TestEngine:Typing is performed on Origin
2017-03-21 17:09:23-main--INFO -com.ctaf.accelerators.TestEngine:Able to click on JED
2017-03-21 17:09:31-main--INFO -com.ctaf.accelerators.TestEngine:Typing is performed on Destination
2017-03-21 17:09:34-main--INFO -com.ctaf.accelerators.TestEngine:Able to click on TUU
2017-03-21 17:09:37-main--INFO -com.ctaf.accelerators.TestEngine:Able to click on Find Flights
2017-03-21 17:11:16-main--INFO -com.ctaf.accelerators.TestEngine: Able to get TscreenShot
2017-03-21 17:11:53-main--INFO -com.ctaf.accelerators.TestEngine:Starting browser : iphone
2017-03-21 17:13:42-main--INFO -com.ctaf.accelerators.TestEngine:Current Test : TC_15_roundTripDomesticEconomy_JED_TUU
2017-03-21 17:13:47-main--INFO -com.ctaf.accelerators.TestEngine:Able to click on By.xpath: //*[@label='Book flights']
2017-03-21 17:13:53-main--INFO -com.ctaf.accelerators.TestEngine:Able to click on By.xpath: //*[@label='Return']
2017-03-21 17:13:59-main--INFO -com.ctaf.accelerators.TestEngine:Able to click on By.xpath: //XCUIElementTypeOther[3]/XCUIElementTypeOther[1]/XCUIElementTypeButton
2017-03-21 17:14:07-main--INFO -com.ctaf.accelerators.TestEngine:Able to click on Search
2017-03-21 17:14:16-main--INFO -com.ctaf.accelerators.TestEngine:Typing is performed on Origin
2017-03-21 17:14:19-main--INFO -com.ctaf.accelerators.TestEngine:Able to click on JED
2017-03-21 17:14:27-main--INFO -com.ctaf.accelerators.TestEngine:Typing is performed on Destination
2017-03-21 17:14:30-main--INFO -com.ctaf.accelerators.TestEngine:Able to click on TUU
2017-03-21 17:14:34-main--INFO -com.ctaf.accelerators.TestEngine:Able to click on Find Flights
2017-03-21 17:16:08-main--INFO -com.ctaf.accelerators.TestEngine:Starting browser : iphone
2017-03-21 17:17:21-main--INFO -com.ctaf.accelerators.TestEngine:Current Test : TC_15_roundTripDomesticEconomy_JED_TUU
2017-03-21 17:17:26-main--INFO -com.ctaf.accelerators.TestEngine:Able to click on By.xpath: //*[@label='Book flights']
2017-03-21 17:17:32-main--INFO -com.ctaf.accelerators.TestEngine:Able to click on By.xpath: //*[@label='Return']
2017-03-21 17:17:38-main--INFO -com.ctaf.accelerators.TestEngine:Able to click on By.xpath: //XCUIElementTypeOther[3]/XCUIElementTypeOther[1]/XCUIElementTypeButton
2017-03-21 17:17:47-main--INFO -com.ctaf.accelerators.TestEngine:Able to click on Search
2017-03-21 17:17:55-main--INFO -com.ctaf.accelerators.TestEngine:Typing is performed on Origin
2017-03-21 17:17:58-main--INFO -com.ctaf.accelerators.TestEngine:Able to click on JED
2017-03-21 17:18:05-main--INFO -com.ctaf.accelerators.TestEngine:Typing is performed on Destination
2017-03-21 17:18:08-main--INFO -com.ctaf.accelerators.TestEngine:Able to click on TUU
2017-03-21 17:18:11-main--INFO -com.ctaf.accelerators.TestEngine:Able to click on Find Flights
2017-03-21 17:25:34-main--INFO -com.ctaf.accelerators.TestEngine:Starting browser : iphone
2017-03-21 17:26:39-main--INFO -com.ctaf.accelerators.TestEngine:Current Test : TC_15_roundTripDomesticEconomy_JED_TUU
2017-03-21 17:26:44-main--INFO -com.ctaf.accelerators.TestEngine:Able to click on By.xpath: //*[@label='Book flights']
2017-03-21 17:26:50-main--INFO -com.ctaf.accelerators.TestEngine:Able to click on By.xpath: //*[@label='Return']
2017-03-21 17:26:56-main--INFO -com.ctaf.accelerators.TestEngine:Able to click on By.xpath: //XCUIElementTypeOther[3]/XCUIElementTypeOther[1]/XCUIElementTypeButton
2017-03-21 17:27:03-main--INFO -com.ctaf.accelerators.TestEngine:Able to click on Search
2017-03-21 17:27:12-main--INFO -com.ctaf.accelerators.TestEngine:Typing is performed on Origin
2017-03-21 17:27:14-main--INFO -com.ctaf.accelerators.TestEngine:Able to click on JED
2017-03-21 17:27:22-main--INFO -com.ctaf.accelerators.TestEngine:Typing is performed on Destination
2017-03-21 17:27:25-main--INFO -com.ctaf.accelerators.TestEngine:Able to click on TUU
2017-03-21 17:27:28-main--INFO -com.ctaf.accelerators.TestEngine:Able to click on Find Flights
2017-03-21 17:28:38-main--INFO -com.ctaf.accelerators.TestEngine:Able to click on By.xpath: //XCUIElementTypeTable/XCUIElementTypeCell[1]/XCUIElementTypeButton[3]
2017-03-21 17:31:41-main--INFO -com.ctaf.accelerators.TestEngine:Starting browser : iphone
2017-03-21 17:32:43-main--INFO -com.ctaf.accelerators.TestEngine:Current Test : TC_15_roundTripDomesticEconomy_JED_TUU
2017-03-21 17:32:48-main--INFO -com.ctaf.accelerators.TestEngine:Able to click on By.xpath: //*[@label='Book flights']
2017-03-21 17:32:54-main--INFO -com.ctaf.accelerators.TestEngine:Able to click on By.xpath: //*[@label='Return']
2017-03-21 17:33:00-main--INFO -com.ctaf.accelerators.TestEngine:Able to click on By.xpath: //XCUIElementTypeOther[3]/XCUIElementTypeOther[1]/XCUIElementTypeButton
2017-03-21 17:33:07-main--INFO -com.ctaf.accelerators.TestEngine:Able to click on Search
2017-03-21 17:33:16-main--INFO -com.ctaf.accelerators.TestEngine:Typing is performed on Origin
2017-03-21 17:33:19-main--INFO -com.ctaf.accelerators.TestEngine:Able to click on JED
2017-03-21 17:33:26-main--INFO -com.ctaf.accelerators.TestEngine:Typing is performed on Destination
2017-03-21 17:33:29-main--INFO -com.ctaf.accelerators.TestEngine:Able to click on TUU
2017-03-21 17:33:32-main--INFO -com.ctaf.accelerators.TestEngine:Able to click on Find Flights
2017-03-21 17:41:25-main--INFO -com.ctaf.accelerators.TestEngine:Starting browser : iphone
2017-03-21 17:42:27-main--INFO -com.ctaf.accelerators.TestEngine:Current Test : TC_15_roundTripDomesticEconomy_JED_TUU
2017-03-21 17:47:02-main--INFO -com.ctaf.accelerators.TestEngine:Able to click on By.xpath: //XCUIElementTypeTable/XCUIElementTypeCell[1]/XCUIElementTypeButton[3]
2017-03-21 17:51:35-main--INFO -com.ctaf.accelerators.TestEngine:Able to click on By.xpath: //XCUIElementTypeTable/XCUIElementTypeCell[1]/XCUIElementTypeButton[3]
2017-03-21 17:52:46-main--INFO -com.ctaf.accelerators.TestEngine:Able to click on By.xpath: //XCUIElementTypeTable/XCUIElementTypeCell[1]/XCUIElementTypeButton[3]
2017-03-21 18:02:09-main--INFO -com.ctaf.accelerators.TestEngine:Starting browser : iphone
2017-03-21 18:03:45-main--INFO -com.ctaf.accelerators.TestEngine:Current Test : TC_15_roundTripDomesticEconomy_JED_TUU
