2016-12-06 10:44:31-main--INFO -com.ctaf.accelerators.TestEngine:Starting browser : chrome
2016-12-06 10:44:52-main--INFO -com.ctaf.accelerators.TestEngine:Current Test : Tc_09_RTInt1adult1Child1infantBus
2016-12-06 10:47:10-main--INFO -com.ctaf.accelerators.TestEngine: Able to get TscreenShot
2016-12-06 10:48:06-main--INFO -com.ctaf.accelerators.TestEngine:Starting browser : chrome
2016-12-06 10:48:24-main--INFO -com.ctaf.accelerators.TestEngine:Current Test : Tc_09_RTInt1adult1Child1infantBus
2016-12-06 10:50:03-main--INFO -com.ctaf.accelerators.TestEngine: Able to get TscreenShot
2016-12-06 10:57:25-main--INFO -com.ctaf.accelerators.TestEngine:Starting browser : chrome
2016-12-06 10:57:45-main--INFO -com.ctaf.accelerators.TestEngine:Current Test : Tc_09_RTInt1adult1Child1infantBus
2016-12-06 10:59:38-main--INFO -com.ctaf.accelerators.TestEngine: Able to get TscreenShot
2016-12-06 11:00:30-main--INFO -com.ctaf.accelerators.TestEngine:Starting browser : chrome
2016-12-06 11:00:49-main--INFO -com.ctaf.accelerators.TestEngine:Current Test : Tc_09_RTInt1adult1Child1infantBus
2016-12-06 11:26:04-main--INFO -com.ctaf.accelerators.TestEngine:Starting browser : chrome
2016-12-06 11:26:22-main--INFO -com.ctaf.accelerators.TestEngine:Current Test : Tc_09_RTInt1adult1Child1infantBus
2016-12-06 11:39:12-main--INFO -com.ctaf.accelerators.TestEngine:Starting browser : chrome
2016-12-06 11:39:30-main--INFO -com.ctaf.accelerators.TestEngine:Current Test : Tc_09_RTInt1adult1Child1infantBus
2016-12-06 11:40:18-main--INFO -com.ctaf.accelerators.TestEngine: Able to get TscreenShot
2016-12-06 11:40:43-main--INFO -com.ctaf.accelerators.TestEngine:Starting browser : chrome
2016-12-06 11:41:02-main--INFO -com.ctaf.accelerators.TestEngine:Current Test : Tc_09_RTInt1adult1Child1infantBus
2016-12-06 11:45:13-main--INFO -com.ctaf.accelerators.TestEngine:Starting browser : chrome
2016-12-06 11:45:33-main--INFO -com.ctaf.accelerators.TestEngine:Current Test : Tc_09_RTInt1adult1Child1infantBus
2016-12-06 11:51:46-main--INFO -com.ctaf.accelerators.TestEngine:Starting browser : chrome
2016-12-06 11:52:03-main--INFO -com.ctaf.accelerators.TestEngine:Current Test : Tc_09_RTInt1adult1Child1infantBus
2016-12-06 11:59:42-main--INFO -com.ctaf.accelerators.TestEngine:Starting browser : chrome
2016-12-06 11:59:50-main--INFO -com.ctaf.accelerators.TestEngine:Current Test : Tc_09_RTInt1adult1Child1infantBus
2016-12-06 12:00:51-main--INFO -com.ctaf.accelerators.TestEngine:Starting browser : chrome
2016-12-06 12:01:08-main--INFO -com.ctaf.accelerators.TestEngine:Current Test : Tc_09_RTInt1adult1Child1infantBus
2016-12-06 12:06:20-main--INFO -com.ctaf.accelerators.TestEngine:Starting browser : chrome
2016-12-06 12:06:41-main--INFO -com.ctaf.accelerators.TestEngine:Current Test : Tc_09_RTInt1adult1Child1infantBus
2016-12-06 12:12:12-main--INFO -com.ctaf.accelerators.TestEngine:Starting browser : chrome
2016-12-06 12:12:30-main--INFO -com.ctaf.accelerators.TestEngine:Current Test : Tc_09_RTInt1adult1Child1infantBus
2016-12-06 12:17:00-main--INFO -com.ctaf.accelerators.TestEngine: Able to get TscreenShot
2016-12-06 12:20:54-main--INFO -com.ctaf.accelerators.TestEngine:Starting browser : chrome
2016-12-06 12:21:34-main--INFO -com.ctaf.accelerators.TestEngine:Current Test : Tc_09_RTInt1adult1Child1infantBus
2016-12-06 12:34:08-main--INFO -com.ctaf.accelerators.TestEngine:Starting browser : chrome
2016-12-06 12:34:29-main--INFO -com.ctaf.accelerators.TestEngine:Current Test : Tc_09_RTInt1adult1Child1infantBus
2016-12-06 12:40:57-main--INFO -com.ctaf.accelerators.TestEngine:Starting browser : chrome
2016-12-06 12:41:18-main--INFO -com.ctaf.accelerators.TestEngine:Current Test : Tc_09_RTInt1adult1Child1infantBus
2016-12-06 12:52:24-main--INFO -com.ctaf.accelerators.TestEngine:Starting browser : chrome
2016-12-06 12:52:42-main--INFO -com.ctaf.accelerators.TestEngine:Current Test : Tc_09_RTInt1adult1Child1infantBus
2016-12-06 12:55:27-main--INFO -com.ctaf.accelerators.TestEngine: Able to get TscreenShot
2016-12-06 12:57:35-main--INFO -com.ctaf.accelerators.TestEngine:Starting browser : chrome
2016-12-06 12:57:55-main--INFO -com.ctaf.accelerators.TestEngine:Current Test : Tc_09_RTInt1adult1Child1infantBus
2016-12-06 13:00:55-main--INFO -com.ctaf.accelerators.TestEngine: Able to get TscreenShot
2016-12-06 13:12:30-main--INFO -com.ctaf.accelerators.TestEngine:Starting browser : chrome
2016-12-06 13:12:52-main--INFO -com.ctaf.accelerators.TestEngine:Current Test : Tc_09_RTInt1adult1Child1infantBus
2016-12-06 13:14:41-main--INFO -com.ctaf.accelerators.TestEngine: Able to get TscreenShot
2016-12-06 13:16:14-main--INFO -com.ctaf.accelerators.TestEngine:Starting browser : chrome
2016-12-06 13:16:32-main--INFO -com.ctaf.accelerators.TestEngine:Current Test : Tc_09_RTInt1adult1Child1infantBus
2016-12-06 13:18:11-main--INFO -com.ctaf.accelerators.TestEngine: Able to get TscreenShot
2016-12-06 13:19:42-main--INFO -com.ctaf.accelerators.TestEngine:Starting browser : chrome
2016-12-06 13:19:49-main--INFO -com.ctaf.accelerators.TestEngine:Current Test : Tc_09_RTInt1adult1Child1infantBus
2016-12-06 13:20:34-main--INFO -com.ctaf.accelerators.TestEngine: Able to get TscreenShot
2016-12-06 13:20:39-main--INFO -com.ctaf.accelerators.TestEngine:Starting browser : chrome
2016-12-06 13:20:47-main--INFO -com.ctaf.accelerators.TestEngine:Current Test : Tc_09_RTInt1adult1Child1infantBus
2016-12-06 13:21:27-main--INFO -com.ctaf.accelerators.TestEngine: Able to get TscreenShot
2016-12-06 13:21:54-main--INFO -com.ctaf.accelerators.TestEngine:Starting browser : chrome
2016-12-06 13:22:13-main--INFO -com.ctaf.accelerators.TestEngine:Current Test : Tc_09_RTInt1adult1Child1infantBus
2016-12-06 13:23:58-main--INFO -com.ctaf.accelerators.TestEngine: Able to get TscreenShot
2016-12-06 13:25:09-main--INFO -com.ctaf.accelerators.TestEngine:Starting browser : chrome
2016-12-06 13:25:16-main--INFO -com.ctaf.accelerators.TestEngine:Current Test : Tc_09_RTInt1adult1Child1infantBus
2016-12-06 13:26:04-main--INFO -com.ctaf.accelerators.TestEngine: Able to get TscreenShot
2016-12-06 13:26:29-main--INFO -com.ctaf.accelerators.TestEngine:Starting browser : chrome
2016-12-06 13:26:49-main--INFO -com.ctaf.accelerators.TestEngine:Current Test : Tc_09_RTInt1adult1Child1infantBus
2016-12-06 13:28:34-main--INFO -com.ctaf.accelerators.TestEngine: Able to get TscreenShot
2016-12-06 13:29:07-main--INFO -com.ctaf.accelerators.TestEngine:Starting browser : chrome
2016-12-06 13:29:25-main--INFO -com.ctaf.accelerators.TestEngine:Current Test : Tc_09_RTInt1adult1Child1infantBus
2016-12-06 13:32:21-main--INFO -com.ctaf.accelerators.TestEngine: Able to get TscreenShot
2016-12-06 14:11:49-main--INFO -com.ctaf.accelerators.TestEngine:Starting browser : chrome
2016-12-06 14:12:15-main--INFO -com.ctaf.accelerators.TestEngine:Current Test : Tc_09_RTInt1adult1Child1infantBus
2016-12-06 14:14:52-main--INFO -com.ctaf.accelerators.TestEngine: Able to get TscreenShot
2016-12-06 14:15:19-main--INFO -com.ctaf.accelerators.TestEngine:Starting browser : chrome
2016-12-06 14:15:39-main--INFO -com.ctaf.accelerators.TestEngine:Current Test : Tc_09_RTInt1adult1Child1infantBus
2016-12-06 14:18:03-main--INFO -com.ctaf.accelerators.TestEngine: Able to get TscreenShot
2016-12-06 14:19:47-main--INFO -com.ctaf.accelerators.TestEngine:Starting browser : chrome
2016-12-06 14:19:56-main--INFO -com.ctaf.accelerators.TestEngine:Current Test : Tc_09_RTInt1adult1Child1infantBus
2016-12-06 14:20:35-main--INFO -com.ctaf.accelerators.TestEngine: Able to get TscreenShot
2016-12-06 14:20:53-main--INFO -com.ctaf.accelerators.TestEngine:Starting browser : chrome
2016-12-06 14:21:00-main--INFO -com.ctaf.accelerators.TestEngine:Current Test : Tc_09_RTInt1adult1Child1infantBus
2016-12-06 14:21:13-main--INFO -com.ctaf.accelerators.TestEngine:Starting browser : chrome
2016-12-06 14:21:30-main--INFO -com.ctaf.accelerators.TestEngine:Current Test : Tc_09_RTInt1adult1Child1infantBus
2016-12-06 14:22:11-main--INFO -com.ctaf.accelerators.TestEngine: Able to get TscreenShot
2016-12-06 14:22:25-main--INFO -com.ctaf.accelerators.TestEngine:Starting browser : chrome
2016-12-06 14:22:45-main--INFO -com.ctaf.accelerators.TestEngine:Current Test : Tc_09_RTInt1adult1Child1infantBus
2016-12-06 14:24:10-main--INFO -com.ctaf.accelerators.TestEngine: Able to get TscreenShot
2016-12-06 14:24:29-main--INFO -com.ctaf.accelerators.TestEngine:Starting browser : chrome
2016-12-06 14:24:50-main--INFO -com.ctaf.accelerators.TestEngine:Current Test : Tc_09_RTInt1adult1Child1infantBus
2016-12-06 14:28:20-main--INFO -com.ctaf.accelerators.TestEngine: Able to get TscreenShot
2016-12-06 14:32:21-main--INFO -com.ctaf.accelerators.TestEngine:Starting browser : chrome
2016-12-06 14:32:48-main--INFO -com.ctaf.accelerators.TestEngine:Current Test : Tc_09_RTInt1adult1Child1infantBus
2016-12-06 14:34:24-main--INFO -com.ctaf.accelerators.TestEngine: Able to get TscreenShot
2016-12-06 14:34:51-main--INFO -com.ctaf.accelerators.TestEngine:Starting browser : chrome
2016-12-06 14:35:15-main--INFO -com.ctaf.accelerators.TestEngine:Current Test : Tc_09_RTInt1adult1Child1infantBus
2016-12-06 14:36:13-main--INFO -com.ctaf.accelerators.TestEngine: Able to get TscreenShot
2016-12-06 14:36:33-main--INFO -com.ctaf.accelerators.TestEngine:Starting browser : chrome
2016-12-06 14:36:59-main--INFO -com.ctaf.accelerators.TestEngine:Current Test : Tc_09_RTInt1adult1Child1infantBus
2016-12-06 14:37:54-main--INFO -com.ctaf.accelerators.TestEngine: Able to get TscreenShot
2016-12-06 14:43:30-main--INFO -com.ctaf.accelerators.TestEngine:Starting browser : chrome
2016-12-06 14:43:54-main--INFO -com.ctaf.accelerators.TestEngine:Current Test : Tc_09_RTInt1adult1Child1infantBus
2016-12-06 14:48:27-main--INFO -com.ctaf.accelerators.TestEngine:Starting browser : chrome
2016-12-06 14:48:40-main--INFO -com.ctaf.accelerators.TestEngine:Current Test : Tc_09_RTInt1adult1Child1infantBus
2016-12-06 14:52:49-main--INFO -com.ctaf.accelerators.TestEngine: Able to get TscreenShot
2016-12-06 14:54:03-main--INFO -com.ctaf.accelerators.TestEngine:Starting browser : chrome
2016-12-06 14:54:13-main--INFO -com.ctaf.accelerators.TestEngine:Current Test : Tc_09_RTInt1adult1Child1infantBus
2016-12-06 14:55:25-main--INFO -com.ctaf.accelerators.TestEngine: Able to get TscreenShot
2016-12-06 14:55:59-main--INFO -com.ctaf.accelerators.TestEngine:Starting browser : chrome
2016-12-06 14:56:08-main--INFO -com.ctaf.accelerators.TestEngine:Current Test : Tc_09_RTInt1adult1Child1infantBus
2016-12-06 14:56:49-main--INFO -com.ctaf.accelerators.TestEngine: Able to get TscreenShot
2016-12-06 14:57:24-main--INFO -com.ctaf.accelerators.TestEngine:Starting browser : chrome
2016-12-06 14:57:42-main--INFO -com.ctaf.accelerators.TestEngine:Current Test : Tc_09_RTInt1adult1Child1infantBus
2016-12-06 14:59:40-main--INFO -com.ctaf.accelerators.TestEngine: Able to get TscreenShot
2016-12-06 15:00:56-main--INFO -com.ctaf.accelerators.TestEngine:Starting browser : chrome
2016-12-06 15:01:13-main--INFO -com.ctaf.accelerators.TestEngine:Current Test : Tc_09_RTInt1adult1Child1infantBus
2016-12-06 15:01:59-main--INFO -com.ctaf.accelerators.TestEngine: Able to get TscreenShot
2016-12-06 15:02:03-main--INFO -com.ctaf.accelerators.TestEngine:Starting browser : chrome
2016-12-06 15:02:16-main--INFO -com.ctaf.accelerators.TestEngine:Current Test : Tc_09_RTInt1adult1Child1infantBus
2016-12-06 15:02:58-main--INFO -com.ctaf.accelerators.TestEngine: Able to get TscreenShot
2016-12-06 15:03:02-main--INFO -com.ctaf.accelerators.TestEngine:Starting browser : chrome
2016-12-06 15:03:15-main--INFO -com.ctaf.accelerators.TestEngine:Current Test : Tc_09_RTInt1adult1Child1infantBus
2016-12-06 15:06:19-main--INFO -com.ctaf.accelerators.TestEngine: Able to get TscreenShot
2016-12-06 15:08:15-main--INFO -com.ctaf.accelerators.TestEngine:Starting browser : chrome
2016-12-06 15:08:26-main--INFO -com.ctaf.accelerators.TestEngine:Current Test : Tc_09_RTInt1adult1Child1infantBus
2016-12-06 15:09:10-main--INFO -com.ctaf.accelerators.TestEngine: Able to get TscreenShot
2016-12-06 15:09:15-main--INFO -com.ctaf.accelerators.TestEngine:Starting browser : chrome
2016-12-06 15:09:25-main--INFO -com.ctaf.accelerators.TestEngine:Current Test : Tc_09_RTInt1adult1Child1infantBus
2016-12-06 15:10:07-main--INFO -com.ctaf.accelerators.TestEngine: Able to get TscreenShot
2016-12-06 15:10:11-main--INFO -com.ctaf.accelerators.TestEngine:Starting browser : chrome
2016-12-06 15:10:19-main--INFO -com.ctaf.accelerators.TestEngine:Current Test : Tc_09_RTInt1adult1Child1infantBus
2016-12-06 15:11:30-main--INFO -com.ctaf.accelerators.TestEngine: Able to get TscreenShot
2016-12-06 15:11:50-main--INFO -com.ctaf.accelerators.TestEngine:Starting browser : chrome
2016-12-06 15:12:00-main--INFO -com.ctaf.accelerators.TestEngine:Current Test : Tc_09_RTInt1adult1Child1infantBus
2016-12-06 15:12:49-main--INFO -com.ctaf.accelerators.TestEngine: Able to get TscreenShot
2016-12-06 15:13:04-main--INFO -com.ctaf.accelerators.TestEngine:Starting browser : chrome
2016-12-06 15:13:27-main--INFO -com.ctaf.accelerators.TestEngine:Current Test : Tc_09_RTInt1adult1Child1infantBus
2016-12-06 15:15:24-main--INFO -com.ctaf.accelerators.TestEngine: Able to get TscreenShot
2016-12-06 15:16:52-main--INFO -com.ctaf.accelerators.TestEngine:Starting browser : chrome
2016-12-06 15:17:01-main--INFO -com.ctaf.accelerators.TestEngine:Current Test : TC_01_oneWayDomesticEcoSADAD
2016-12-06 15:18:38-main--INFO -com.ctaf.accelerators.TestEngine:Starting browser : chrome
2016-12-06 15:18:49-main--INFO -com.ctaf.accelerators.TestEngine:Current Test : TC_01_oneWayDomesticEcoSADAD
2016-12-06 15:21:11-main--INFO -com.ctaf.accelerators.TestEngine: Able to get TscreenShot
2016-12-06 15:21:54-main--INFO -com.ctaf.accelerators.TestEngine:Starting browser : chrome
2016-12-06 15:22:05-main--INFO -com.ctaf.accelerators.TestEngine:Current Test : TC_01_oneWayDomesticEcoSADAD
2016-12-06 15:25:55-main--INFO -com.ctaf.accelerators.TestEngine:Starting browser : chrome
2016-12-06 15:26:04-main--INFO -com.ctaf.accelerators.TestEngine:Current Test : TC_01_oneWayDomesticEcoSADAD
2016-12-06 15:26:56-main--INFO -com.ctaf.accelerators.TestEngine: Able to get TscreenShot
2016-12-06 15:27:18-main--INFO -com.ctaf.accelerators.TestEngine:Starting browser : chrome
2016-12-06 15:27:26-main--INFO -com.ctaf.accelerators.TestEngine:Current Test : TC_01_oneWayDomesticEcoSADAD
2016-12-06 15:27:58-main--INFO -com.ctaf.accelerators.TestEngine:Starting browser : chrome
2016-12-06 15:28:10-main--INFO -com.ctaf.accelerators.TestEngine:Current Test : TC_01_oneWayDomesticEcoSADAD
2016-12-06 15:29:02-main--INFO -com.ctaf.accelerators.TestEngine: Able to get TscreenShot
2016-12-06 15:30:49-main--INFO -com.ctaf.accelerators.TestEngine:Starting browser : chrome
2016-12-06 15:31:09-main--INFO -com.ctaf.accelerators.TestEngine:Current Test : TC_01_oneWayDomesticEcoSADAD
2016-12-06 15:31:38-main--INFO -com.ctaf.accelerators.TestEngine:Starting browser : chrome
2016-12-06 15:31:55-main--INFO -com.ctaf.accelerators.TestEngine:Current Test : TC_01_oneWayDomesticEcoSADAD
2016-12-06 15:39:17-main--INFO -com.ctaf.accelerators.TestEngine:Starting browser : chrome
2016-12-06 15:39:29-main--INFO -com.ctaf.accelerators.TestEngine:Current Test : TC_01_oneWayDomesticEcoSADAD
2016-12-06 15:42:39-main--INFO -com.ctaf.accelerators.TestEngine: Able to get TscreenShot
2016-12-06 15:47:01-main--INFO -com.ctaf.accelerators.TestEngine:Starting browser : chrome
2016-12-06 15:47:23-main--INFO -com.ctaf.accelerators.TestEngine:Current Test : TC_01_oneWayDomesticEcoSADAD
2016-12-06 15:57:23-main--INFO -com.ctaf.accelerators.TestEngine:Starting browser : chrome
2016-12-06 15:57:38-main--INFO -com.ctaf.accelerators.TestEngine:Current Test : Tc_09_RTInt1adult1Child1infantBus
2016-12-06 15:58:21-main--INFO -com.ctaf.accelerators.TestEngine: Able to get TscreenShot
2016-12-06 16:12:29-main--INFO -com.ctaf.accelerators.TestEngine:Starting browser : chrome
2016-12-06 16:12:39-main--INFO -com.ctaf.accelerators.TestEngine:Current Test : Tc_09_RTInt1adult1Child1infantBus
2016-12-06 16:13:19-main--INFO -com.ctaf.accelerators.TestEngine: Able to get TscreenShot
2016-12-06 16:15:30-main--INFO -com.ctaf.accelerators.TestEngine:Starting browser : chrome
2016-12-06 16:15:49-main--INFO -com.ctaf.accelerators.TestEngine:Current Test : Tc_09_RTInt1adult1Child1infantBus
2016-12-06 16:18:08-main--INFO -com.ctaf.accelerators.TestEngine: Able to get TscreenShot
2016-12-06 16:31:45-main--INFO -com.ctaf.accelerators.TestEngine:Starting browser : chrome
2016-12-06 16:32:03-main--INFO -com.ctaf.accelerators.TestEngine:Current Test : Tc_09_RTInt1adult1Child1infantBus
2016-12-06 16:34:40-main--INFO -com.ctaf.accelerators.TestEngine: Able to get TscreenShot
2016-12-06 16:35:18-main--INFO -com.ctaf.accelerators.TestEngine:Starting browser : chrome
2016-12-06 16:35:36-main--INFO -com.ctaf.accelerators.TestEngine:Current Test : Tc_09_RTInt1adult1Child1infantBus
2016-12-06 16:38:47-main--INFO -com.ctaf.accelerators.TestEngine:Starting browser : chrome
2016-12-06 16:38:55-main--INFO -com.ctaf.accelerators.TestEngine:Current Test : Tc_09_RTInt1adult1Child1infantBus
2016-12-06 16:40:22-main--INFO -com.ctaf.accelerators.TestEngine: Able to get TscreenShot
2016-12-06 16:42:53-main--INFO -com.ctaf.accelerators.TestEngine:Starting browser : chrome
2016-12-06 16:43:07-main--INFO -com.ctaf.accelerators.TestEngine:Current Test : Tc_09_RTInt1adult1Child1infantBus
2016-12-06 16:44:01-main--INFO -com.ctaf.accelerators.TestEngine:Starting browser : chrome
2016-12-06 16:44:10-main--INFO -com.ctaf.accelerators.TestEngine:Current Test : Tc_09_RTInt1adult1Child1infantBus
2016-12-06 16:45:37-main--INFO -com.ctaf.accelerators.TestEngine: Able to get TscreenShot
2016-12-06 16:46:09-main--INFO -com.ctaf.accelerators.TestEngine:Starting browser : chrome
2016-12-06 16:46:17-main--INFO -com.ctaf.accelerators.TestEngine:Current Test : Tc_09_RTInt1adult1Child1infantBus
2016-12-06 16:46:58-main--INFO -com.ctaf.accelerators.TestEngine: Able to get TscreenShot
2016-12-06 16:47:30-main--INFO -com.ctaf.accelerators.TestEngine:Starting browser : chrome
2016-12-06 16:47:42-main--INFO -com.ctaf.accelerators.TestEngine:Current Test : Tc_09_RTInt1adult1Child1infantBus
2016-12-06 16:48:26-main--INFO -com.ctaf.accelerators.TestEngine: Able to get TscreenShot
2016-12-06 16:48:30-main--INFO -com.ctaf.accelerators.TestEngine:Starting browser : chrome
2016-12-06 16:48:41-main--INFO -com.ctaf.accelerators.TestEngine:Current Test : Tc_09_RTInt1adult1Child1infantBus
2016-12-06 16:51:33-main--INFO -com.ctaf.accelerators.TestEngine:Starting browser : chrome
2016-12-06 16:51:47-main--INFO -com.ctaf.accelerators.TestEngine:Current Test : Tc_09_RTInt1adult1Child1infantBus
2016-12-06 16:53:17-main--INFO -com.ctaf.accelerators.TestEngine: Able to get TscreenShot
2016-12-06 16:54:05-main--INFO -com.ctaf.accelerators.TestEngine:Starting browser : chrome
2016-12-06 16:54:28-main--INFO -com.ctaf.accelerators.TestEngine:Current Test : Tc_09_RTInt1adult1Child1infantBus
2016-12-06 16:56:51-main--INFO -com.ctaf.accelerators.TestEngine: Able to get TscreenShot
2016-12-06 17:00:42-main--INFO -com.ctaf.accelerators.TestEngine:Starting browser : chrome
2016-12-06 17:00:51-main--INFO -com.ctaf.accelerators.TestEngine:Current Test : Tc_09_RTInt1adult1Child1infantBus
2016-12-06 17:01:42-main--INFO -com.ctaf.accelerators.TestEngine: Able to get TscreenShot
2016-12-06 17:01:47-main--INFO -com.ctaf.accelerators.TestEngine:Starting browser : chrome
2016-12-06 17:02:00-main--INFO -com.ctaf.accelerators.TestEngine:Current Test : Tc_09_RTInt1adult1Child1infantBus
2016-12-06 17:02:47-main--INFO -com.ctaf.accelerators.TestEngine:Starting browser : chrome
2016-12-06 17:02:55-main--INFO -com.ctaf.accelerators.TestEngine:Current Test : Tc_09_RTInt1adult1Child1infantBus
2016-12-06 17:04:19-main--INFO -com.ctaf.accelerators.TestEngine: Able to get TscreenShot
2016-12-06 17:07:11-main--INFO -com.ctaf.accelerators.TestEngine:Starting browser : chrome
2016-12-06 17:07:32-main--INFO -com.ctaf.accelerators.TestEngine:Current Test : Tc_09_RTInt1adult1Child1infantBus
2016-12-06 17:08:26-main--INFO -com.ctaf.accelerators.TestEngine: Able to get TscreenShot
2016-12-06 17:08:47-main--INFO -com.ctaf.accelerators.TestEngine:Starting browser : chrome
2016-12-06 17:09:09-main--INFO -com.ctaf.accelerators.TestEngine:Current Test : Tc_09_RTInt1adult1Child1infantBus
2016-12-06 17:21:20-main--INFO -com.ctaf.accelerators.TestEngine:Starting browser : chrome
2016-12-06 17:21:38-main--INFO -com.ctaf.accelerators.TestEngine:Current Test : Tc_09_RTInt1adult1Child1infantBus
2016-12-06 17:48:29-main--INFO -com.ctaf.accelerators.TestEngine:Starting browser : chrome
2016-12-06 17:48:58-main--INFO -com.ctaf.accelerators.TestEngine:Current Test : Tc_09_RTInt1adult1Child1infantBus
2016-12-06 17:51:31-main--INFO -com.ctaf.accelerators.TestEngine:Starting browser : chrome
2016-12-06 17:51:49-main--INFO -com.ctaf.accelerators.TestEngine:Current Test : Tc_09_RTInt1adult1Child1infantBus
2016-12-06 17:53:54-main--INFO -com.ctaf.accelerators.TestEngine:Starting browser : chrome
2016-12-06 17:54:03-main--INFO -com.ctaf.accelerators.TestEngine:Current Test : Tc_09_RTInt1adult1Child1infantBus
2016-12-06 17:54:48-main--INFO -com.ctaf.accelerators.TestEngine: Able to get TscreenShot
2016-12-06 17:54:52-main--INFO -com.ctaf.accelerators.TestEngine:Starting browser : chrome
2016-12-06 17:55:02-main--INFO -com.ctaf.accelerators.TestEngine:Current Test : Tc_09_RTInt1adult1Child1infantBus
2016-12-06 17:56:26-main--INFO -com.ctaf.accelerators.TestEngine: Able to get TscreenShot
2016-12-06 17:57:31-main--INFO -com.ctaf.accelerators.TestEngine:Starting browser : chrome
2016-12-06 17:57:51-main--INFO -com.ctaf.accelerators.TestEngine:Current Test : Tc_09_RTInt1adult1Child1infantBus
2016-12-06 18:01:32-main--INFO -com.ctaf.accelerators.TestEngine:Starting browser : chrome
2016-12-06 18:01:42-main--INFO -com.ctaf.accelerators.TestEngine:Current Test : Tc_09_RTInt1adult1Child1infantBus
2016-12-06 18:05:54-main--INFO -com.ctaf.accelerators.TestEngine:Starting browser : chrome
2016-12-06 18:06:03-main--INFO -com.ctaf.accelerators.TestEngine:Current Test : Tc_09_RTInt1adult1Child1infantBus
2016-12-06 18:06:50-main--INFO -com.ctaf.accelerators.TestEngine:Starting browser : chrome
2016-12-06 18:06:58-main--INFO -com.ctaf.accelerators.TestEngine:Current Test : Tc_09_RTInt1adult1Child1infantBus
2016-12-06 18:17:36-main--INFO -com.ctaf.accelerators.TestEngine:Starting browser : chrome
2016-12-06 18:17:44-main--INFO -com.ctaf.accelerators.TestEngine:Current Test : TC_01_oneWayDomesticEcoSADAD
2016-12-06 18:26:52-main--INFO -com.ctaf.accelerators.TestEngine:Starting browser : chrome
2016-12-06 18:27:00-main--INFO -com.ctaf.accelerators.TestEngine:Current Test : TC_01_oneWayDomesticEcoSADAD
2016-12-06 18:28:32-main--INFO -com.ctaf.accelerators.TestEngine: Able to get TscreenShot
2016-12-06 18:28:41-main--INFO -com.ctaf.accelerators.TestEngine:Current Test : TC_02_oneWayDomesticBusiness
2016-12-06 18:29:15-main--INFO -com.ctaf.accelerators.TestEngine: Able to get TscreenShot
2016-12-06 18:29:27-main--INFO -com.ctaf.accelerators.TestEngine:Current Test : TC_03_oneWayDomesticChangeDate
2016-12-06 18:30:12-main--INFO -com.ctaf.accelerators.TestEngine: Able to get TscreenShot
2016-12-06 18:30:19-main--INFO -com.ctaf.accelerators.TestEngine:Current Test : TC_04_oneWayDomOneAdultCheckin
2016-12-06 18:36:37-main--INFO -com.ctaf.accelerators.TestEngine:Current Test : TC_05_onewaydom8Business
2016-12-06 18:39:22-main--INFO -com.ctaf.accelerators.TestEngine:Starting browser : chrome
2016-12-06 18:39:30-main--INFO -com.ctaf.accelerators.TestEngine:Current Test : TC_01_oneWayDomesticEcoSADAD
2016-12-06 18:40:58-main--INFO -com.ctaf.accelerators.TestEngine: Able to get TscreenShot
2016-12-06 18:41:06-main--INFO -com.ctaf.accelerators.TestEngine:Current Test : TC_02_oneWayDomesticBusiness
2016-12-06 18:41:28-main--INFO -com.ctaf.accelerators.TestEngine: Able to get TscreenShot
2016-12-06 18:41:35-main--INFO -com.ctaf.accelerators.TestEngine:Current Test : TC_03_oneWayDomesticChangeDate
2016-12-06 18:41:58-main--INFO -com.ctaf.accelerators.TestEngine:Starting browser : chrome
2016-12-06 18:42:04-main--INFO -com.ctaf.accelerators.TestEngine:Current Test : TC_01_oneWayDomesticEcoSADAD
2016-12-06 18:43:32-main--INFO -com.ctaf.accelerators.TestEngine: Able to get TscreenShot
2016-12-06 18:43:39-main--INFO -com.ctaf.accelerators.TestEngine:Current Test : TC_02_oneWayDomesticBusiness
2016-12-06 18:46:10-main--INFO -com.ctaf.accelerators.TestEngine: Able to get TscreenShot
2016-12-06 18:46:10-main--INFO -com.ctaf.accelerators.TestEngine: Able to get TscreenShot
2016-12-06 18:46:18-main--INFO -com.ctaf.accelerators.TestEngine:Current Test : TC_03_oneWayDomesticChangeDate
2016-12-06 18:47:03-main--INFO -com.ctaf.accelerators.TestEngine: Able to get TscreenShot
2016-12-06 18:47:11-main--INFO -com.ctaf.accelerators.TestEngine:Current Test : TC_04_oneWayDomOneAdultCheckin
2016-12-06 18:47:24-main--INFO -com.ctaf.accelerators.TestEngine: Able to get TscreenShot
2016-12-06 18:47:32-main--INFO -com.ctaf.accelerators.TestEngine:Current Test : TC_05_onewaydom8Business
2016-12-06 18:58:25-main--INFO -com.ctaf.accelerators.TestEngine:Starting browser : chrome
2016-12-06 18:58:33-main--INFO -com.ctaf.accelerators.TestEngine:Current Test : Tc_09_RTInt1adult1Child1infantBus
2016-12-06 19:04:58-main--INFO -com.ctaf.accelerators.TestEngine:Starting browser : chrome
2016-12-06 19:05:09-main--INFO -com.ctaf.accelerators.TestEngine:Current Test : TC_01_oneWayDomesticEcoSADAD
2016-12-06 19:06:39-main--INFO -com.ctaf.accelerators.TestEngine: Able to get TscreenShot
2016-12-06 19:06:49-main--INFO -com.ctaf.accelerators.TestEngine:Current Test : TC_02_oneWayDomesticBusiness
2016-12-06 19:09:21-main--INFO -com.ctaf.accelerators.TestEngine:Current Test : TC_03_oneWayDomesticChangeDate
2016-12-06 19:10:36-main--INFO -com.ctaf.accelerators.TestEngine:Starting browser : chrome
2016-12-06 19:10:44-main--INFO -com.ctaf.accelerators.TestEngine:Current Test : TC_01_oneWayDomesticEcoSADAD
2016-12-06 19:12:15-main--INFO -com.ctaf.accelerators.TestEngine: Able to get TscreenShot
2016-12-06 19:12:22-main--INFO -com.ctaf.accelerators.TestEngine:Current Test : TC_02_oneWayDomesticBusiness
2016-12-06 19:14:51-main--INFO -com.ctaf.accelerators.TestEngine:Current Test : TC_03_oneWayDomesticChangeDate
2016-12-06 19:15:36-main--INFO -com.ctaf.accelerators.TestEngine: Able to get TscreenShot
2016-12-06 19:15:44-main--INFO -com.ctaf.accelerators.TestEngine:Current Test : TC_04_oneWayDomOneAdultCheckin
2016-12-06 19:15:57-main--INFO -com.ctaf.accelerators.TestEngine: Able to get TscreenShot
2016-12-06 19:16:06-main--INFO -com.ctaf.accelerators.TestEngine:Current Test : TC_05_onewaydom8Business
2016-12-06 19:25:47-main--INFO -com.ctaf.accelerators.TestEngine: Able to get TscreenShot
2016-12-06 19:25:54-main--INFO -com.ctaf.accelerators.TestEngine:Current Test : TC_06_oneWay2InternationalEco
2016-12-06 19:28:37-main--INFO -com.ctaf.accelerators.TestEngine:Current Test : TC_07_RTDom4adultBusinessCC
2016-12-06 19:36:55-main--INFO -com.ctaf.accelerators.TestEngine:Starting browser : chrome
2016-12-06 19:37:05-main--INFO -com.ctaf.accelerators.TestEngine:Current Test : TC_01_oneWayDomesticEcoSADAD
2016-12-06 19:38:35-main--INFO -com.ctaf.accelerators.TestEngine: Able to get TscreenShot
2016-12-06 19:38:47-main--INFO -com.ctaf.accelerators.TestEngine:Current Test : TC_02_oneWayDomesticBusiness
2016-12-06 19:41:29-main--INFO -com.ctaf.accelerators.TestEngine: Able to get TscreenShot
2016-12-06 19:41:37-main--INFO -com.ctaf.accelerators.TestEngine:Current Test : TC_03_oneWayDomesticChangeDate
2016-12-06 19:42:22-main--INFO -com.ctaf.accelerators.TestEngine: Able to get TscreenShot
2016-12-06 19:42:30-main--INFO -com.ctaf.accelerators.TestEngine:Current Test : TC_04_oneWayDomOneAdultCheckin
2016-12-06 19:51:25-main--INFO -com.ctaf.accelerators.TestEngine:Current Test : TC_05_onewaydom8Business
2016-12-06 20:03:55-main--INFO -com.ctaf.accelerators.TestEngine:Starting browser : chrome
2016-12-06 20:04:03-main--INFO -com.ctaf.accelerators.TestEngine:Current Test : TC_01_oneWayDomesticEcoSADAD
2016-12-06 20:09:48-main--INFO -com.ctaf.accelerators.TestEngine:Starting browser : chrome
2016-12-06 20:09:55-main--INFO -com.ctaf.accelerators.TestEngine:Current Test : TC_01_oneWayDomesticEcoSADAD
2016-12-06 20:12:09-main--INFO -com.ctaf.accelerators.TestEngine: Able to get TscreenShot
2016-12-06 20:12:17-main--INFO -com.ctaf.accelerators.TestEngine:Current Test : TC_02_oneWayDomesticBusiness
2016-12-06 20:15:19-main--INFO -com.ctaf.accelerators.TestEngine: Able to get TscreenShot
2016-12-06 20:15:27-main--INFO -com.ctaf.accelerators.TestEngine:Current Test : TC_03_oneWayDomesticChangeDate
2016-12-06 20:16:26-main--INFO -com.ctaf.accelerators.TestEngine: Able to get TscreenShot
2016-12-06 20:16:34-main--INFO -com.ctaf.accelerators.TestEngine:Current Test : TC_04_oneWayDomOneAdultCheckin
2016-12-06 20:28:27-main--INFO -com.ctaf.accelerators.TestEngine:Current Test : TC_05_onewaydom8Business
2016-12-06 20:30:10-main--INFO -com.ctaf.accelerators.TestEngine:Current Test : TC_06_oneWay2InternationalEco
2016-12-06 20:33:15-main--INFO -com.ctaf.accelerators.TestEngine:Current Test : TC_07_RTDom4adultBusinessCC
2016-12-06 20:34:15-main--INFO -com.ctaf.accelerators.TestEngine: Able to get TscreenShot
2016-12-06 20:34:22-main--INFO -com.ctaf.accelerators.TestEngine:Current Test : TC_08_RTInt1adult1Child1infantBus
2016-12-06 20:35:22-main--INFO -com.ctaf.accelerators.TestEngine: Able to get TscreenShot
2016-12-06 20:35:30-main--INFO -com.ctaf.accelerators.TestEngine:Current Test : Tc_09_RTInt1adult1Child1infantBus
2016-12-06 20:36:33-main--INFO -com.ctaf.accelerators.TestEngine: Able to get TscreenShot
2016-12-06 20:36:40-main--INFO -com.ctaf.accelerators.TestEngine:Current Test : OneAdultOnechildFlexCordshare
2016-12-06 20:36:53-main--INFO -com.ctaf.accelerators.TestEngine: Able to get TscreenShot
2016-12-06 20:37:01-main--INFO -com.ctaf.accelerators.TestEngine:Current Test : oneAdultoneChildoneInfantPartCodeShare
2016-12-06 20:39:47-main--INFO -com.ctaf.accelerators.TestEngine:Current Test : PayWithCreditShell
