2016-08-09 11:34:19-main--INFO -com.ctaf.accelerators.TestEngine:Starting browser : Android
2016-08-09 11:34:42-main--INFO -com.ctaf.accelerators.TestEngine:Starting browser : Android
2016-08-09 11:36:54-main--INFO -com.ctaf.accelerators.TestEngine:Starting browser : Android
2016-08-09 11:40:14-main--INFO -com.ctaf.accelerators.TestEngine:Starting browser : Android
2016-08-09 12:35:19-main--INFO -com.ctaf.accelerators.TestEngine:Starting browser : Android
2016-08-09 12:36:26-main--INFO -com.ctaf.accelerators.TestEngine:Current Test : validateTestLogin
2016-08-09 12:48:09-main--INFO -com.ctaf.accelerators.TestEngine:Starting browser : Android
2016-08-09 12:49:15-main--INFO -com.ctaf.accelerators.TestEngine:Current Test : validateTestLogin
2016-08-09 12:52:35-main--INFO -com.ctaf.accelerators.TestEngine: Able to get TscreenShot
2016-08-09 13:18:24-main--INFO -com.ctaf.accelerators.TestEngine:Starting browser : Android
2016-08-09 13:19:24-main--INFO -com.ctaf.accelerators.TestEngine:Current Test : validateTestLogin
2016-08-09 15:42:47-main--INFO -com.ctaf.accelerators.TestEngine:Starting browser : Android
2016-08-09 15:43:35-main--INFO -com.ctaf.accelerators.TestEngine:Current Test : validateTestLogin
2016-08-09 15:45:02-main--INFO -com.ctaf.accelerators.TestEngine: Able to get TscreenShot
2016-08-09 15:46:28-main--INFO -com.ctaf.accelerators.TestEngine:Starting browser : Android
2016-08-09 15:46:42-main--INFO -com.ctaf.accelerators.TestEngine:Current Test : validateTestLogin
2016-08-09 15:48:39-main--INFO -com.ctaf.accelerators.TestEngine: Able to get TscreenShot
2016-08-09 15:49:58-main--INFO -com.ctaf.accelerators.TestEngine:Starting browser : Android
2016-08-09 15:50:13-main--INFO -com.ctaf.accelerators.TestEngine:Current Test : validateTestLogin
2016-08-09 16:15:56-main--INFO -com.ctaf.accelerators.TestEngine:Starting browser : Android
2016-08-09 16:16:07-main--INFO -com.ctaf.accelerators.TestEngine:Current Test : validateTestLogin
2016-08-09 16:28:38-main--INFO -com.ctaf.accelerators.TestEngine:Starting browser : Android
2016-08-09 16:29:18-main--INFO -com.ctaf.accelerators.TestEngine:Current Test : validateTestLogin
2016-08-09 16:33:04-main--INFO -com.ctaf.accelerators.TestEngine: Able to get TscreenShot
2016-08-09 16:34:13-main--INFO -com.ctaf.accelerators.TestEngine:Starting browser : Android
2016-08-09 16:34:24-main--INFO -com.ctaf.accelerators.TestEngine:Current Test : validateTestLogin
2016-08-09 16:36:23-main--INFO -com.ctaf.accelerators.TestEngine: Able to get TscreenShot
2016-08-09 16:38:11-main--INFO -com.ctaf.accelerators.TestEngine:Starting browser : Android
2016-08-09 16:38:21-main--INFO -com.ctaf.accelerators.TestEngine:Current Test : validateTestLogin
2016-08-09 16:42:50-main--INFO -com.ctaf.accelerators.TestEngine:Starting browser : Android
2016-08-09 16:43:02-main--INFO -com.ctaf.accelerators.TestEngine:Current Test : validateTestLogin
2016-08-09 16:46:03-main--INFO -com.ctaf.accelerators.TestEngine:Starting browser : Android
2016-08-09 16:46:17-main--INFO -com.ctaf.accelerators.TestEngine:Current Test : validateTestLogin
2016-08-09 16:49:02-main--INFO -com.ctaf.accelerators.TestEngine: Able to get TscreenShot
2016-08-09 16:56:55-main--INFO -com.ctaf.accelerators.TestEngine:Starting browser : Android
2016-08-09 16:57:05-main--INFO -com.ctaf.accelerators.TestEngine:Current Test : validateTestLogin
2016-08-09 17:02:29-main--INFO -com.ctaf.accelerators.TestEngine:Starting browser : Android
2016-08-09 17:02:39-main--INFO -com.ctaf.accelerators.TestEngine:Current Test : validateTestLogin
2016-08-09 17:07:43-main--INFO -com.ctaf.accelerators.TestEngine:Starting browser : Android
2016-08-09 17:07:54-main--INFO -com.ctaf.accelerators.TestEngine:Current Test : validateTestLogin
2016-08-09 17:14:21-main--INFO -com.ctaf.accelerators.TestEngine:Starting browser : Android
2016-08-09 17:14:32-main--INFO -com.ctaf.accelerators.TestEngine:Current Test : validateTestLogin
2016-08-09 17:15:55-main--INFO -com.ctaf.accelerators.TestEngine: Able to get TscreenShot
2016-08-09 17:16:48-main--INFO -com.ctaf.accelerators.TestEngine:Starting browser : Android
2016-08-09 17:17:59-main--INFO -com.ctaf.accelerators.TestEngine:Current Test : validateTestLogin
2016-08-09 17:19:53-main--INFO -com.ctaf.accelerators.TestEngine: Able to get TscreenShot
2016-08-09 17:23:36-main--INFO -com.ctaf.accelerators.TestEngine:Starting browser : Android
2016-08-09 17:23:47-main--INFO -com.ctaf.accelerators.TestEngine:Current Test : validateTestLogin
2016-08-09 17:32:11-main--INFO -com.ctaf.accelerators.TestEngine:Starting browser : Android
2016-08-09 17:32:21-main--INFO -com.ctaf.accelerators.TestEngine:Current Test : validateTestLogin
2016-08-09 17:33:42-main--INFO -com.ctaf.accelerators.TestEngine: Able to get TscreenShot
2016-08-09 17:34:11-main--INFO -com.ctaf.accelerators.TestEngine:Starting browser : Android
2016-08-09 17:34:22-main--INFO -com.ctaf.accelerators.TestEngine:Current Test : validateTestLogin
2016-08-09 17:35:43-main--INFO -com.ctaf.accelerators.TestEngine: Able to get TscreenShot
2016-08-09 17:36:04-main--INFO -com.ctaf.accelerators.TestEngine:Starting browser : Android
2016-08-09 17:36:14-main--INFO -com.ctaf.accelerators.TestEngine:Current Test : validateTestLogin
2016-08-09 17:38:53-main--INFO -com.ctaf.accelerators.TestEngine:Starting browser : Android
2016-08-09 17:39:03-main--INFO -com.ctaf.accelerators.TestEngine:Current Test : validateTestLogin
2016-08-09 17:43:40-main--INFO -com.ctaf.accelerators.TestEngine:Starting browser : Android
2016-08-09 17:45:03-main--INFO -com.ctaf.accelerators.TestEngine:Starting browser : Android
2016-08-09 17:45:14-main--INFO -com.ctaf.accelerators.TestEngine:Current Test : validateTestLogin
2016-08-09 17:53:12-main--INFO -com.ctaf.accelerators.TestEngine:Starting browser : Android
2016-08-09 17:53:22-main--INFO -com.ctaf.accelerators.TestEngine:Current Test : validateTestLogin
2016-08-09 18:26:47-main--INFO -com.ctaf.accelerators.TestEngine:Starting browser : Android
2016-08-09 18:27:46-main--INFO -com.ctaf.accelerators.TestEngine:Current Test : validateTestLogin
2016-08-09 19:10:48-main--INFO -com.ctaf.accelerators.TestEngine:Starting browser : Android
2016-08-09 19:11:03-main--INFO -com.ctaf.accelerators.TestEngine:Current Test : validateTestLogin
2016-08-09 19:11:57-main--INFO -com.ctaf.accelerators.TestEngine:Starting browser : Android
2016-08-09 19:14:33-main--INFO -com.ctaf.accelerators.TestEngine:Starting browser : Android
2016-08-09 19:14:44-main--INFO -com.ctaf.accelerators.TestEngine:Starting browser : Android
2016-08-09 19:15:35-main--INFO -com.ctaf.accelerators.TestEngine:Starting browser : Android
2016-08-09 19:15:43-main--INFO -com.ctaf.accelerators.TestEngine:Starting browser : Android
2016-08-09 19:16:35-main--INFO -com.ctaf.accelerators.TestEngine:Starting browser : Android
2016-08-09 19:16:48-main--INFO -com.ctaf.accelerators.TestEngine:Current Test : validateTestLogin
2016-08-09 19:23:54-main--INFO -com.ctaf.accelerators.TestEngine:Starting browser : Android
2016-08-09 19:24:09-main--INFO -com.ctaf.accelerators.TestEngine:Current Test : validateTestLogin
2016-08-09 19:29:57-main--INFO -com.ctaf.accelerators.TestEngine:Starting browser : Android
2016-08-09 19:30:27-main--INFO -com.ctaf.accelerators.TestEngine:Starting browser : Android
2016-08-09 19:30:40-main--INFO -com.ctaf.accelerators.TestEngine:Current Test : validateTestLogin
2016-08-09 19:34:55-main--INFO -com.ctaf.accelerators.TestEngine:Starting browser : Android
2016-08-09 19:35:08-main--INFO -com.ctaf.accelerators.TestEngine:Current Test : validateTestLogin
2016-08-09 22:07:09-main--INFO -com.ctaf.accelerators.TestEngine:Starting browser : Android
2016-08-09 22:07:58-main--INFO -com.ctaf.accelerators.TestEngine:Starting browser : Android
2016-08-09 22:10:31-main--INFO -com.ctaf.accelerators.TestEngine:Starting browser : Android
