2017-05-10 15:02:19-main--INFO -com.ctaf.accelerators.TestEngine:Starting browser : iphone
2017-05-10 15:03:03-main--INFO -com.ctaf.accelerators.TestEngine:Current Test : TC_01_oneWayDomesticEconomy_RUH_JED
2017-05-10 15:03:08-main--INFO -com.ctaf.accelerators.TestEngine:Able to click on By.xpath: //XCUIElementTypeOther/*[@label='btn menu']
2017-05-10 15:03:15-main--INFO -com.ctaf.accelerators.TestEngine:Able to click on By.xpath: //XCUIElementTypeCell[1]/*[@label='Login']
2017-05-10 15:03:20-main--INFO -com.ctaf.accelerators.TestEngine:Typing is performed on EmailAddress
2017-05-10 15:03:26-main--INFO -com.ctaf.accelerators.TestEngine:Typing is performed on Password
2017-05-10 15:03:34-main--INFO -com.ctaf.accelerators.TestEngine:Able to click on By.xpath: //*[@label='Login']
2017-05-10 15:03:48-main--INFO -com.ctaf.accelerators.TestEngine:Able to click on By.xpath: //*[@label='Book flights']
2017-05-10 15:04:52-main--INFO -com.ctaf.accelerators.TestEngine: Able to get TscreenShot
2017-05-10 15:15:41-main--INFO -com.ctaf.accelerators.TestEngine:Starting browser : iphone
2017-05-10 15:16:22-main--INFO -com.ctaf.accelerators.TestEngine:Current Test : TC_01_oneWayDomesticEconomy_RUH_JED
2017-05-10 15:16:27-main--INFO -com.ctaf.accelerators.TestEngine:Able to click on By.xpath: //XCUIElementTypeOther/*[@label='btn menu']
2017-05-10 15:16:33-main--INFO -com.ctaf.accelerators.TestEngine:Able to click on By.xpath: //XCUIElementTypeCell[1]/*[@label='Login']
2017-05-10 15:16:38-main--INFO -com.ctaf.accelerators.TestEngine:Typing is performed on EmailAddress
2017-05-10 15:16:44-main--INFO -com.ctaf.accelerators.TestEngine:Typing is performed on Password
2017-05-10 15:16:52-main--INFO -com.ctaf.accelerators.TestEngine:Able to click on By.xpath: //*[@label='Login']
2017-05-10 15:16:57-main--INFO -com.ctaf.accelerators.TestEngine:Able to click on By.xpath: //*[@label='Book flights']
2017-05-10 15:17:06-main--INFO -com.ctaf.accelerators.TestEngine:Able to click on By.xpath: //*[@label='One-way']
2017-05-10 15:17:12-main--INFO -com.ctaf.accelerators.TestEngine:Able to click on By.xpath: //XCUIElementTypeOther[3]/XCUIElementTypeOther[1]/XCUIElementTypeButton
2017-05-10 15:17:18-main--INFO -com.ctaf.accelerators.TestEngine:Able to click on Search
2017-05-10 15:17:24-main--INFO -com.ctaf.accelerators.TestEngine:Typing is performed on Origin
2017-05-10 15:17:26-main--INFO -com.ctaf.accelerators.TestEngine:Able to click on RUH
2017-05-10 15:17:32-main--INFO -com.ctaf.accelerators.TestEngine:Typing is performed on Destination
2017-05-10 15:17:35-main--INFO -com.ctaf.accelerators.TestEngine:Able to click on JED
2017-05-10 15:17:38-main--INFO -com.ctaf.accelerators.TestEngine:Able to click on Find Flights
2017-05-10 15:18:28-main--INFO -com.ctaf.accelerators.TestEngine:Able to click on By.xpath: //XCUIElementTypeTable/XCUIElementTypeCell[1]/XCUIElementTypeButton[3]
2017-05-10 15:18:51-main--INFO -com.ctaf.accelerators.TestEngine:Able to click on By.xpath: //*[@label='Continue to Select Extras']
2017-05-10 15:19:09-main--INFO -com.ctaf.accelerators.TestEngine:Able to click on By.xpath: //*[@label='Continue to Select Seat']
2017-05-10 15:19:16-main--INFO -com.ctaf.accelerators.TestEngine:Able to click on By.xpath: //*[@label='Continue to Payment']
2017-05-10 15:19:24-main--INFO -com.ctaf.accelerators.TestEngine:Typing is performed on Card Number
2017-05-10 15:19:32-main--INFO -com.ctaf.accelerators.TestEngine:Typing is performed on Card Holder Name
2017-05-10 15:19:45-main--INFO -com.ctaf.accelerators.TestEngine:Typing is performed on Expiry Date
2017-05-10 15:19:53-main--INFO -com.ctaf.accelerators.TestEngine:Typing is performed on cvv
2017-05-10 15:20:02-main--INFO -com.ctaf.accelerators.TestEngine:Able to click on Purchase
2017-05-10 19:14:18-main--INFO -com.ctaf.accelerators.TestEngine:Starting browser : iphone
2017-05-10 19:15:02-main--INFO -com.ctaf.accelerators.TestEngine:Current Test : TC_01_oneWayDomesticEconomy_RUH_JED
2017-05-10 19:15:08-main--INFO -com.ctaf.accelerators.TestEngine:Able to click on By.xpath: //XCUIElementTypeOther/*[@label='btn menu']
2017-05-10 19:15:19-main--INFO -com.ctaf.accelerators.TestEngine:Able to click on By.xpath: //XCUIElementTypeCell[1]/*[@label='Login']
2017-05-10 19:15:25-main--INFO -com.ctaf.accelerators.TestEngine:Typing is performed on EmailAddress
2017-05-10 19:15:31-main--INFO -com.ctaf.accelerators.TestEngine:Typing is performed on Password
2017-05-10 19:15:39-main--INFO -com.ctaf.accelerators.TestEngine:Able to click on By.xpath: //*[@label='Login']
2017-05-10 19:15:44-main--INFO -com.ctaf.accelerators.TestEngine:Able to click on By.xpath: //*[@label='Book flights']
2017-05-10 19:15:51-main--INFO -com.ctaf.accelerators.TestEngine:Able to click on By.xpath: //*[@label='One-way']
2017-05-10 19:16:02-main--INFO -com.ctaf.accelerators.TestEngine:Able to click on By.xpath: //XCUIElementTypeOther[3]/XCUIElementTypeOther[1]/XCUIElementTypeButton
2017-05-10 19:16:08-main--INFO -com.ctaf.accelerators.TestEngine:Able to click on Search
2017-05-10 19:16:14-main--INFO -com.ctaf.accelerators.TestEngine:Typing is performed on Origin
2017-05-10 19:16:17-main--INFO -com.ctaf.accelerators.TestEngine:Able to click on RUH
2017-05-10 19:16:23-main--INFO -com.ctaf.accelerators.TestEngine:Typing is performed on Destination
2017-05-10 19:16:26-main--INFO -com.ctaf.accelerators.TestEngine:Able to click on JED
2017-05-10 19:16:29-main--INFO -com.ctaf.accelerators.TestEngine:Able to click on Find Flights
2017-05-10 19:17:49-main--INFO -com.ctaf.accelerators.TestEngine:Able to click on By.xpath: //XCUIElementTypeTable/XCUIElementTypeCell[1]/XCUIElementTypeButton[3]
2017-05-10 19:18:14-main--INFO -com.ctaf.accelerators.TestEngine:Able to click on By.xpath: //*[@label='Continue to Select Extras']
2017-05-10 19:18:33-main--INFO -com.ctaf.accelerators.TestEngine:Able to click on By.xpath: //*[@label='Continue to Select Seat']
2017-05-10 19:18:41-main--INFO -com.ctaf.accelerators.TestEngine:Able to click on By.xpath: //*[@label='Continue to Payment']
2017-05-10 19:18:49-main--INFO -com.ctaf.accelerators.TestEngine:Typing is performed on Card Number
