2017-08-14 13:08:10-main--INFO -com.ctaf.accelerators.TestEngine:Starting browser : iphone
2017-08-14 13:15:24-main--INFO -com.ctaf.accelerators.TestEngine:Starting browser : iphone
2017-08-14 13:16:03-main--INFO -com.ctaf.accelerators.TestEngine:Starting browser : iphone
2017-08-14 13:21:17-main--INFO -com.ctaf.accelerators.TestEngine:Starting browser : iphone
2017-08-14 13:26:14-main--INFO -com.ctaf.accelerators.TestEngine:Starting browser : iphone
2017-08-14 13:42:12-main--INFO -com.ctaf.accelerators.TestEngine:Starting browser : iphone
2017-08-14 13:49:38-main--INFO -com.ctaf.accelerators.TestEngine:Starting browser : iphone
2017-08-14 14:10:52-main--INFO -com.ctaf.accelerators.TestEngine:Starting browser : iphone
2017-08-14 15:55:39-main--INFO -com.ctaf.accelerators.TestEngine:Starting browser : iphone
2017-08-14 16:12:56-main--INFO -com.ctaf.accelerators.TestEngine:Starting browser : iphone
2017-08-14 16:21:55-main--INFO -com.ctaf.accelerators.TestEngine:Starting browser : iphone
2017-08-14 16:22:19-main--INFO -com.ctaf.accelerators.TestEngine:Starting browser : iphone
2017-08-14 16:23:38-main--INFO -com.ctaf.accelerators.TestEngine:Current Test : TC_10_oneWayDomesticEconomy_RUH_ABT
2017-08-14 16:23:48-main--INFO -com.ctaf.accelerators.TestEngine:Able to click on By.xpath: //*[@label='Book flights']
2017-08-14 16:24:07-main--INFO -com.ctaf.accelerators.TestEngine:Able to click on By.xpath: //*[@label='One-way']
2017-08-14 16:24:20-main--INFO -com.ctaf.accelerators.TestEngine:Able to click on By.xpath: //XCUIElementTypeOther[3]/XCUIElementTypeOther[1]/XCUIElementTypeButton
2017-08-14 16:24:26-main--INFO -com.ctaf.accelerators.TestEngine:Able to click on Search
2017-08-14 16:24:33-main--INFO -com.ctaf.accelerators.TestEngine:Typing is performed on Origin
2017-08-14 16:24:36-main--INFO -com.ctaf.accelerators.TestEngine:Able to click on RUH
2017-08-14 16:24:42-main--INFO -com.ctaf.accelerators.TestEngine:Typing is performed on Destination
2017-08-14 16:24:45-main--INFO -com.ctaf.accelerators.TestEngine:Able to click on ABT
2017-08-14 16:24:50-main--INFO -com.ctaf.accelerators.TestEngine:Able to click on Find Flights
2017-08-14 16:25:25-main--INFO -com.ctaf.accelerators.TestEngine:Able to click on By.xpath: //XCUIElementTypeTable/XCUIElementTypeCell[1]/XCUIElementTypeButton[12]
2017-08-14 16:30:26-main--INFO -com.ctaf.accelerators.TestEngine:Starting browser : iphone
2017-08-14 16:31:11-main--INFO -com.ctaf.accelerators.TestEngine:Current Test : TC_01_oneWayDomesticEconomy_RUH_JED
2017-08-14 16:31:21-main--INFO -com.ctaf.accelerators.TestEngine:Able to click on By.xpath: //XCUIElementTypeOther/*[@label='btn menu']
2017-08-14 16:31:32-main--INFO -com.ctaf.accelerators.TestEngine:Able to click on By.xpath: //XCUIElementTypeCell[1]/*[@label='Login']
2017-08-14 16:31:44-main--INFO -com.ctaf.accelerators.TestEngine:Typing is performed on EmailAddress
2017-08-14 16:31:57-main--INFO -com.ctaf.accelerators.TestEngine:Typing is performed on Password
2017-08-14 16:32:11-main--INFO -com.ctaf.accelerators.TestEngine:Able to click on By.xpath: //*[@label='Login']
2017-08-14 16:32:20-main--INFO -com.ctaf.accelerators.TestEngine:Able to click on By.xpath: //*[@label='Book flights']
2017-08-14 16:32:39-main--INFO -com.ctaf.accelerators.TestEngine:Able to click on By.xpath: //*[@label='One-way']
2017-08-14 16:32:52-main--INFO -com.ctaf.accelerators.TestEngine:Able to click on By.xpath: //XCUIElementTypeOther[3]/XCUIElementTypeOther[1]/XCUIElementTypeButton
2017-08-14 16:32:58-main--INFO -com.ctaf.accelerators.TestEngine:Able to click on Search
2017-08-14 16:33:04-main--INFO -com.ctaf.accelerators.TestEngine:Typing is performed on Origin
2017-08-14 16:33:07-main--INFO -com.ctaf.accelerators.TestEngine:Able to click on RUH
2017-08-14 16:33:14-main--INFO -com.ctaf.accelerators.TestEngine:Typing is performed on Destination
2017-08-14 16:33:16-main--INFO -com.ctaf.accelerators.TestEngine:Able to click on JED
2017-08-14 16:33:22-main--INFO -com.ctaf.accelerators.TestEngine:Able to click on Find Flights
2017-08-14 16:36:48-main--INFO -com.ctaf.accelerators.TestEngine:Able to click on By.xpath: //XCUIElementTypeTable/XCUIElementTypeCell[1]/XCUIElementTypeButton[12]
2017-08-14 16:51:30-main--INFO -com.ctaf.accelerators.TestEngine:Unable to click on By.xpath: //*[@label='Continue to Select Extras']
2017-08-14 16:51:31-main--INFO -com.ctaf.accelerators.TestEngine: Able to get TscreenShot
2017-08-14 16:51:54-main--INFO -com.ctaf.accelerators.TestEngine:Current Test : TC_02_oneWayDomesticEconomy_RUH_DMM
2017-08-14 16:52:03-main--INFO -com.ctaf.accelerators.TestEngine:Able to click on By.xpath: //*[@label='Book flights']
2017-08-14 16:52:22-main--INFO -com.ctaf.accelerators.TestEngine:Able to click on By.xpath: //*[@label='One-way']
2017-08-14 16:52:35-main--INFO -com.ctaf.accelerators.TestEngine:Able to click on By.xpath: //XCUIElementTypeOther[3]/XCUIElementTypeOther[1]/XCUIElementTypeButton
2017-08-14 16:52:40-main--INFO -com.ctaf.accelerators.TestEngine:Able to click on Search
2017-08-14 16:52:47-main--INFO -com.ctaf.accelerators.TestEngine:Typing is performed on Origin
2017-08-14 16:52:50-main--INFO -com.ctaf.accelerators.TestEngine:Able to click on RUH
2017-08-14 16:52:57-main--INFO -com.ctaf.accelerators.TestEngine:Typing is performed on Destination
2017-08-14 16:52:59-main--INFO -com.ctaf.accelerators.TestEngine:Able to click on DMM
2017-08-14 16:53:04-main--INFO -com.ctaf.accelerators.TestEngine:Able to click on Find Flights
2017-08-14 16:54:47-main--INFO -com.ctaf.accelerators.TestEngine:Able to click on By.xpath: //XCUIElementTypeTable/XCUIElementTypeCell[1]/XCUIElementTypeButton[12]
2017-08-14 16:55:54-main--INFO -com.ctaf.accelerators.TestEngine:Able to click on By.xpath: //*[@label='Continue to Select Extras']
2017-08-14 17:00:45-main--INFO -com.ctaf.accelerators.TestEngine:Unable to click on By.xpath: //*[@label='SADAD']
2017-08-14 17:00:45-main--INFO -com.ctaf.accelerators.TestEngine: Able to get TscreenShot
2017-08-14 17:01:07-main--INFO -com.ctaf.accelerators.TestEngine:Current Test : TC_03_oneWayDomesticEconomy_RUH_GIZ
2017-08-14 17:01:17-main--INFO -com.ctaf.accelerators.TestEngine:Able to click on By.xpath: //*[@label='Book flights']
2017-08-14 17:01:35-main--INFO -com.ctaf.accelerators.TestEngine:Able to click on By.xpath: //*[@label='One-way']
2017-08-14 17:01:49-main--INFO -com.ctaf.accelerators.TestEngine:Able to click on By.xpath: //XCUIElementTypeOther[3]/XCUIElementTypeOther[1]/XCUIElementTypeButton
2017-08-14 17:01:54-main--INFO -com.ctaf.accelerators.TestEngine:Able to click on Search
2017-08-14 17:02:01-main--INFO -com.ctaf.accelerators.TestEngine:Typing is performed on Origin
2017-08-14 17:02:03-main--INFO -com.ctaf.accelerators.TestEngine:Able to click on RUH
2017-08-14 17:02:10-main--INFO -com.ctaf.accelerators.TestEngine:Typing is performed on Destination
2017-08-14 17:02:13-main--INFO -com.ctaf.accelerators.TestEngine:Able to click on GIZ
2017-08-14 17:02:18-main--INFO -com.ctaf.accelerators.TestEngine:Able to click on Find Flights
2017-08-14 17:04:10-main--INFO -com.ctaf.accelerators.TestEngine:Able to click on By.xpath: //XCUIElementTypeTable/XCUIElementTypeCell[1]/XCUIElementTypeButton[12]
2017-08-14 17:05:17-main--INFO -com.ctaf.accelerators.TestEngine:Able to click on By.xpath: //*[@label='Continue to Select Extras']
2017-08-14 17:10:08-main--INFO -com.ctaf.accelerators.TestEngine:Unable to click on By.xpath: //*[@label='SADAD']
2017-08-14 17:10:50-main--INFO -com.ctaf.accelerators.TestEngine:Current Test : TC_04_oneWayDomesticEconomy_RUH_MED
2017-08-14 17:10:59-main--INFO -com.ctaf.accelerators.TestEngine:Able to click on By.xpath: //*[@label='Book flights']
2017-08-14 17:11:18-main--INFO -com.ctaf.accelerators.TestEngine:Able to click on By.xpath: //*[@label='One-way']
2017-08-14 17:11:31-main--INFO -com.ctaf.accelerators.TestEngine:Able to click on By.xpath: //XCUIElementTypeOther[3]/XCUIElementTypeOther[1]/XCUIElementTypeButton
2017-08-14 17:11:36-main--INFO -com.ctaf.accelerators.TestEngine:Able to click on Search
2017-08-14 17:11:43-main--INFO -com.ctaf.accelerators.TestEngine:Typing is performed on Origin
2017-08-14 17:11:46-main--INFO -com.ctaf.accelerators.TestEngine:Able to click on RUH
2017-08-14 17:11:53-main--INFO -com.ctaf.accelerators.TestEngine:Typing is performed on Destination
2017-08-14 17:11:55-main--INFO -com.ctaf.accelerators.TestEngine:Able to click on MED
2017-08-14 17:12:00-main--INFO -com.ctaf.accelerators.TestEngine:Able to click on Find Flights
2017-08-14 17:13:36-main--INFO -com.ctaf.accelerators.TestEngine:Able to click on By.xpath: //XCUIElementTypeTable/XCUIElementTypeCell[1]/XCUIElementTypeButton[12]
2017-08-14 17:14:41-main--INFO -com.ctaf.accelerators.TestEngine:Able to click on By.xpath: //*[@label='Continue to Select Extras']
2017-08-14 17:19:35-main--INFO -com.ctaf.accelerators.TestEngine:Unable to click on By.xpath: //*[@label='SADAD']
2017-08-14 17:19:35-main--INFO -com.ctaf.accelerators.TestEngine: Able to get TscreenShot
2017-08-14 17:19:56-main--INFO -com.ctaf.accelerators.TestEngine:Current Test : TC_05_oneWayDomesticEconomy_RUH_TIF
2017-08-14 17:20:06-main--INFO -com.ctaf.accelerators.TestEngine:Able to click on By.xpath: //*[@label='Book flights']
2017-08-14 17:20:24-main--INFO -com.ctaf.accelerators.TestEngine:Able to click on By.xpath: //*[@label='One-way']
2017-08-14 17:20:37-main--INFO -com.ctaf.accelerators.TestEngine:Able to click on By.xpath: //XCUIElementTypeOther[3]/XCUIElementTypeOther[1]/XCUIElementTypeButton
2017-08-14 17:20:43-main--INFO -com.ctaf.accelerators.TestEngine:Able to click on Search
2017-08-14 17:20:50-main--INFO -com.ctaf.accelerators.TestEngine:Typing is performed on Origin
2017-08-14 17:20:52-main--INFO -com.ctaf.accelerators.TestEngine:Able to click on RUH
2017-08-14 17:20:59-main--INFO -com.ctaf.accelerators.TestEngine:Typing is performed on Destination
2017-08-14 17:21:02-main--INFO -com.ctaf.accelerators.TestEngine:Able to click on TIF
2017-08-14 17:21:07-main--INFO -com.ctaf.accelerators.TestEngine:Able to click on Find Flights
2017-08-14 17:21:41-main--INFO -com.ctaf.accelerators.TestEngine:Able to click on By.xpath: //XCUIElementTypeTable/XCUIElementTypeCell[1]/XCUIElementTypeButton[12]
2017-08-14 17:29:27-main--INFO -com.ctaf.accelerators.TestEngine:Unable to click on By.xpath: //*[@label='Continue to Select Extras']
2017-08-14 17:29:27-main--INFO -com.ctaf.accelerators.TestEngine: Able to get TscreenShot
2017-08-14 17:29:48-main--INFO -com.ctaf.accelerators.TestEngine:Current Test : TC_06_oneWayDomesticEconomy_RUH_HAS
2017-08-14 17:29:58-main--INFO -com.ctaf.accelerators.TestEngine:Able to click on By.xpath: //*[@label='Book flights']
2017-08-14 17:30:16-main--INFO -com.ctaf.accelerators.TestEngine:Able to click on By.xpath: //*[@label='One-way']
2017-08-14 17:30:30-main--INFO -com.ctaf.accelerators.TestEngine:Able to click on By.xpath: //XCUIElementTypeOther[3]/XCUIElementTypeOther[1]/XCUIElementTypeButton
2017-08-14 17:30:35-main--INFO -com.ctaf.accelerators.TestEngine:Able to click on Search
2017-08-14 17:30:42-main--INFO -com.ctaf.accelerators.TestEngine:Typing is performed on Origin
2017-08-14 17:30:44-main--INFO -com.ctaf.accelerators.TestEngine:Able to click on RUH
2017-08-14 17:30:51-main--INFO -com.ctaf.accelerators.TestEngine:Typing is performed on Destination
2017-08-14 17:30:54-main--INFO -com.ctaf.accelerators.TestEngine:Able to click on HAS
2017-08-14 17:30:59-main--INFO -com.ctaf.accelerators.TestEngine:Able to click on Find Flights
2017-08-14 17:31:34-main--INFO -com.ctaf.accelerators.TestEngine:Able to click on By.xpath: //XCUIElementTypeTable/XCUIElementTypeCell[1]/XCUIElementTypeButton[12]
2017-08-14 17:32:34-main--INFO -com.ctaf.accelerators.TestEngine:Able to click on By.xpath: //*[@label='Continue to Select Extras']
2017-08-14 17:37:25-main--INFO -com.ctaf.accelerators.TestEngine:Unable to click on By.xpath: //*[@label='SADAD']
2017-08-14 17:37:25-main--INFO -com.ctaf.accelerators.TestEngine: Able to get TscreenShot
2017-08-14 17:37:47-main--INFO -com.ctaf.accelerators.TestEngine:Current Test : TC_07_oneWayDomesticEconomy_RUH_TUU
2017-08-14 17:37:56-main--INFO -com.ctaf.accelerators.TestEngine:Able to click on By.xpath: //*[@label='Book flights']
2017-08-14 17:38:15-main--INFO -com.ctaf.accelerators.TestEngine:Able to click on By.xpath: //*[@label='One-way']
2017-08-14 17:38:28-main--INFO -com.ctaf.accelerators.TestEngine:Able to click on By.xpath: //XCUIElementTypeOther[3]/XCUIElementTypeOther[1]/XCUIElementTypeButton
2017-08-14 17:38:33-main--INFO -com.ctaf.accelerators.TestEngine:Able to click on Search
2017-08-14 17:38:40-main--INFO -com.ctaf.accelerators.TestEngine:Typing is performed on Origin
2017-08-14 17:38:43-main--INFO -com.ctaf.accelerators.TestEngine:Able to click on RUH
2017-08-14 17:38:50-main--INFO -com.ctaf.accelerators.TestEngine:Typing is performed on Destination
2017-08-14 17:38:52-main--INFO -com.ctaf.accelerators.TestEngine:Able to click on TUU
2017-08-14 17:38:57-main--INFO -com.ctaf.accelerators.TestEngine:Able to click on Find Flights
2017-08-14 17:39:54-main--INFO -com.ctaf.accelerators.TestEngine:Able to click on By.xpath: //XCUIElementTypeTable/XCUIElementTypeCell[1]/XCUIElementTypeButton[12]
2017-08-14 17:40:58-main--INFO -com.ctaf.accelerators.TestEngine:Able to click on By.xpath: //*[@label='Continue to Select Extras']
2017-08-14 17:45:48-main--INFO -com.ctaf.accelerators.TestEngine:Unable to click on By.xpath: //*[@label='SADAD']
2017-08-14 17:45:49-main--INFO -com.ctaf.accelerators.TestEngine: Able to get TscreenShot
2017-08-14 17:46:10-main--INFO -com.ctaf.accelerators.TestEngine:Current Test : TC_08_oneWayDomesticEconomy_RUH_URY
2017-08-14 17:46:19-main--INFO -com.ctaf.accelerators.TestEngine:Able to click on By.xpath: //*[@label='Book flights']
2017-08-14 17:46:38-main--INFO -com.ctaf.accelerators.TestEngine:Able to click on By.xpath: //*[@label='One-way']
2017-08-14 17:46:51-main--INFO -com.ctaf.accelerators.TestEngine:Able to click on By.xpath: //XCUIElementTypeOther[3]/XCUIElementTypeOther[1]/XCUIElementTypeButton
2017-08-14 17:46:57-main--INFO -com.ctaf.accelerators.TestEngine:Able to click on Search
2017-08-14 17:47:04-main--INFO -com.ctaf.accelerators.TestEngine:Typing is performed on Origin
2017-08-14 17:47:06-main--INFO -com.ctaf.accelerators.TestEngine:Able to click on RUH
2017-08-14 17:47:13-main--INFO -com.ctaf.accelerators.TestEngine:Typing is performed on Destination
2017-08-14 17:47:16-main--INFO -com.ctaf.accelerators.TestEngine:Able to click on URY
2017-08-14 17:47:21-main--INFO -com.ctaf.accelerators.TestEngine:Able to click on Find Flights
2017-08-14 17:47:49-main--INFO -com.ctaf.accelerators.TestEngine:Able to click on By.xpath: //*[@label='icn arrow right red']
2017-08-14 17:48:17-main--INFO -com.ctaf.accelerators.TestEngine:Able to click on By.xpath: //*[@label='icn arrow right red']
2017-08-14 17:48:44-main--INFO -com.ctaf.accelerators.TestEngine:Able to click on By.xpath: //*[@label='icn arrow right red']
2017-08-14 17:49:14-main--INFO -com.ctaf.accelerators.TestEngine:Able to click on By.xpath: //*[@label='icn arrow right red']
2017-08-14 17:49:42-main--INFO -com.ctaf.accelerators.TestEngine:Able to click on By.xpath: //*[@label='icn arrow right red']
2017-08-14 17:50:12-main--INFO -com.ctaf.accelerators.TestEngine:Able to click on By.xpath: //*[@label='icn arrow right red']
2017-08-14 17:50:39-main--INFO -com.ctaf.accelerators.TestEngine:Able to click on By.xpath: //*[@label='icn arrow right red']
2017-08-14 17:51:09-main--INFO -com.ctaf.accelerators.TestEngine:Able to click on By.xpath: //*[@label='icn arrow right red']
2017-08-14 17:51:37-main--INFO -com.ctaf.accelerators.TestEngine:Able to click on By.xpath: //*[@label='icn arrow right red']
2017-08-14 17:52:05-main--INFO -com.ctaf.accelerators.TestEngine:Able to click on By.xpath: //*[@label='icn arrow right red']
2017-08-14 17:52:34-main--INFO -com.ctaf.accelerators.TestEngine:Able to click on By.xpath: //*[@label='icn arrow right red']
2017-08-14 17:53:02-main--INFO -com.ctaf.accelerators.TestEngine:Able to click on By.xpath: //*[@label='icn arrow right red']
2017-08-14 17:53:33-main--INFO -com.ctaf.accelerators.TestEngine:Able to click on By.xpath: //*[@label='icn arrow right red']
2017-08-14 17:54:01-main--INFO -com.ctaf.accelerators.TestEngine:Able to click on By.xpath: //*[@label='icn arrow right red']
2017-08-14 17:54:31-main--INFO -com.ctaf.accelerators.TestEngine:Able to click on By.xpath: //*[@label='icn arrow right red']
2017-08-14 17:54:59-main--INFO -com.ctaf.accelerators.TestEngine:Able to click on By.xpath: //*[@label='icn arrow right red']
2017-08-14 17:55:27-main--INFO -com.ctaf.accelerators.TestEngine:Able to click on By.xpath: //*[@label='icn arrow right red']
2017-08-14 17:55:57-main--INFO -com.ctaf.accelerators.TestEngine:Able to click on By.xpath: //*[@label='icn arrow right red']
2017-08-14 17:56:24-main--INFO -com.ctaf.accelerators.TestEngine:Able to click on By.xpath: //*[@label='icn arrow right red']
2017-08-14 17:56:54-main--INFO -com.ctaf.accelerators.TestEngine:Able to click on By.xpath: //*[@label='icn arrow right red']
2017-08-14 17:57:22-main--INFO -com.ctaf.accelerators.TestEngine:Able to click on By.xpath: //*[@label='icn arrow right red']
2017-08-14 17:57:52-main--INFO -com.ctaf.accelerators.TestEngine:Able to click on By.xpath: //*[@label='icn arrow right red']
2017-08-14 17:58:20-main--INFO -com.ctaf.accelerators.TestEngine:Able to click on By.xpath: //*[@label='icn arrow right red']
2017-08-14 17:58:48-main--INFO -com.ctaf.accelerators.TestEngine:Able to click on By.xpath: //*[@label='icn arrow right red']
2017-08-14 17:59:18-main--INFO -com.ctaf.accelerators.TestEngine:Able to click on By.xpath: //*[@label='icn arrow right red']
2017-08-14 17:59:45-main--INFO -com.ctaf.accelerators.TestEngine:Able to click on By.xpath: //*[@label='icn arrow right red']
2017-08-14 18:00:16-main--INFO -com.ctaf.accelerators.TestEngine:Able to click on By.xpath: //*[@label='icn arrow right red']
2017-08-14 18:00:43-main--INFO -com.ctaf.accelerators.TestEngine:Able to click on By.xpath: //*[@label='icn arrow right red']
2017-08-14 18:01:13-main--INFO -com.ctaf.accelerators.TestEngine:Able to click on By.xpath: //*[@label='icn arrow right red']
2017-08-14 18:01:42-main--INFO -com.ctaf.accelerators.TestEngine:Able to click on By.xpath: //*[@label='icn arrow right red']
2017-08-14 18:02:09-main--INFO -com.ctaf.accelerators.TestEngine:Able to click on By.xpath: //*[@label='icn arrow right red']
2017-08-14 18:02:39-main--INFO -com.ctaf.accelerators.TestEngine:Able to click on By.xpath: //*[@label='icn arrow right red']
2017-08-14 18:03:07-main--INFO -com.ctaf.accelerators.TestEngine:Able to click on By.xpath: //*[@label='icn arrow right red']
2017-08-14 18:03:37-main--INFO -com.ctaf.accelerators.TestEngine:Able to click on By.xpath: //*[@label='icn arrow right red']
2017-08-14 18:04:04-main--INFO -com.ctaf.accelerators.TestEngine:Able to click on By.xpath: //*[@label='icn arrow right red']
2017-08-14 18:04:35-main--INFO -com.ctaf.accelerators.TestEngine:Able to click on By.xpath: //*[@label='icn arrow right red']
2017-08-14 18:05:03-main--INFO -com.ctaf.accelerators.TestEngine:Able to click on By.xpath: //*[@label='icn arrow right red']
2017-08-14 18:05:31-main--INFO -com.ctaf.accelerators.TestEngine:Able to click on By.xpath: //*[@label='icn arrow right red']
2017-08-14 18:06:01-main--INFO -com.ctaf.accelerators.TestEngine:Able to click on By.xpath: //*[@label='icn arrow right red']
2017-08-14 18:06:29-main--INFO -com.ctaf.accelerators.TestEngine:Able to click on By.xpath: //*[@label='icn arrow right red']
2017-08-14 18:07:14-main--INFO -com.ctaf.accelerators.TestEngine:Able to click on By.xpath: //*[@label='icn arrow right red']
2017-08-14 18:07:41-main--INFO -com.ctaf.accelerators.TestEngine:Able to click on By.xpath: //*[@label='icn arrow right red']
2017-08-14 18:08:11-main--INFO -com.ctaf.accelerators.TestEngine:Able to click on By.xpath: //*[@label='icn arrow right red']
2017-08-14 18:08:40-main--INFO -com.ctaf.accelerators.TestEngine:Able to click on By.xpath: //*[@label='icn arrow right red']
2017-08-14 18:09:07-main--INFO -com.ctaf.accelerators.TestEngine:Able to click on By.xpath: //*[@label='icn arrow right red']
2017-08-14 18:09:37-main--INFO -com.ctaf.accelerators.TestEngine:Able to click on By.xpath: //*[@label='icn arrow right red']
2017-08-14 18:10:05-main--INFO -com.ctaf.accelerators.TestEngine:Able to click on By.xpath: //*[@label='icn arrow right red']
2017-08-14 18:10:35-main--INFO -com.ctaf.accelerators.TestEngine:Able to click on By.xpath: //*[@label='icn arrow right red']
2017-08-14 18:11:03-main--INFO -com.ctaf.accelerators.TestEngine:Able to click on By.xpath: //*[@label='icn arrow right red']
2017-08-14 18:11:33-main--INFO -com.ctaf.accelerators.TestEngine:Able to click on By.xpath: //*[@label='icn arrow right red']
2017-08-14 18:12:02-main--INFO -com.ctaf.accelerators.TestEngine:Able to click on By.xpath: //*[@label='icn arrow right red']
2017-08-14 18:12:29-main--INFO -com.ctaf.accelerators.TestEngine:Able to click on By.xpath: //*[@label='icn arrow right red']
2017-08-14 18:12:59-main--INFO -com.ctaf.accelerators.TestEngine:Able to click on By.xpath: //*[@label='icn arrow right red']
2017-08-14 18:13:27-main--INFO -com.ctaf.accelerators.TestEngine:Able to click on By.xpath: //*[@label='icn arrow right red']
2017-08-14 18:13:57-main--INFO -com.ctaf.accelerators.TestEngine:Able to click on By.xpath: //*[@label='icn arrow right red']
2017-08-14 18:14:25-main--INFO -com.ctaf.accelerators.TestEngine:Able to click on By.xpath: //*[@label='icn arrow right red']
2017-08-14 18:14:55-main--INFO -com.ctaf.accelerators.TestEngine:Able to click on By.xpath: //*[@label='icn arrow right red']
2017-08-14 18:15:24-main--INFO -com.ctaf.accelerators.TestEngine:Able to click on By.xpath: //*[@label='icn arrow right red']
2017-08-14 18:15:52-main--INFO -com.ctaf.accelerators.TestEngine:Able to click on By.xpath: //*[@label='icn arrow right red']
2017-08-14 18:16:22-main--INFO -com.ctaf.accelerators.TestEngine:Able to click on By.xpath: //*[@label='icn arrow right red']
2017-08-14 18:16:50-main--INFO -com.ctaf.accelerators.TestEngine:Able to click on By.xpath: //*[@label='icn arrow right red']
2017-08-14 18:17:20-main--INFO -com.ctaf.accelerators.TestEngine:Able to click on By.xpath: //*[@label='icn arrow right red']
2017-08-14 18:17:48-main--INFO -com.ctaf.accelerators.TestEngine:Able to click on By.xpath: //*[@label='icn arrow right red']
2017-08-14 18:18:18-main--INFO -com.ctaf.accelerators.TestEngine:Able to click on By.xpath: //*[@label='icn arrow right red']
2017-08-14 18:18:47-main--INFO -com.ctaf.accelerators.TestEngine:Able to click on By.xpath: //*[@label='icn arrow right red']
2017-08-14 18:19:15-main--INFO -com.ctaf.accelerators.TestEngine:Able to click on By.xpath: //*[@label='icn arrow right red']
2017-08-14 18:19:45-main--INFO -com.ctaf.accelerators.TestEngine:Able to click on By.xpath: //*[@label='icn arrow right red']
2017-08-14 18:20:13-main--INFO -com.ctaf.accelerators.TestEngine:Able to click on By.xpath: //*[@label='icn arrow right red']
2017-08-14 18:20:43-main--INFO -com.ctaf.accelerators.TestEngine:Able to click on By.xpath: //*[@label='icn arrow right red']
2017-08-14 18:21:11-main--INFO -com.ctaf.accelerators.TestEngine:Able to click on By.xpath: //*[@label='icn arrow right red']
2017-08-14 18:21:41-main--INFO -com.ctaf.accelerators.TestEngine:Able to click on By.xpath: //*[@label='icn arrow right red']
2017-08-14 18:22:09-main--INFO -com.ctaf.accelerators.TestEngine:Able to click on By.xpath: //*[@label='icn arrow right red']
2017-08-14 18:22:37-main--INFO -com.ctaf.accelerators.TestEngine:Able to click on By.xpath: //*[@label='icn arrow right red']
2017-08-14 18:23:07-main--INFO -com.ctaf.accelerators.TestEngine:Able to click on By.xpath: //*[@label='icn arrow right red']
2017-08-14 18:23:35-main--INFO -com.ctaf.accelerators.TestEngine:Able to click on By.xpath: //*[@label='icn arrow right red']
2017-08-14 18:24:05-main--INFO -com.ctaf.accelerators.TestEngine:Able to click on By.xpath: //*[@label='icn arrow right red']
2017-08-14 18:24:33-main--INFO -com.ctaf.accelerators.TestEngine:Able to click on By.xpath: //*[@label='icn arrow right red']
2017-08-14 18:25:03-main--INFO -com.ctaf.accelerators.TestEngine:Able to click on By.xpath: //*[@label='icn arrow right red']
2017-08-14 18:25:31-main--INFO -com.ctaf.accelerators.TestEngine:Able to click on By.xpath: //*[@label='icn arrow right red']
2017-08-14 18:25:59-main--INFO -com.ctaf.accelerators.TestEngine:Able to click on By.xpath: //*[@label='icn arrow right red']
2017-08-14 18:26:30-main--INFO -com.ctaf.accelerators.TestEngine:Able to click on By.xpath: //*[@label='icn arrow right red']
2017-08-14 18:27:13-main--INFO -com.ctaf.accelerators.TestEngine:Able to click on By.xpath: //*[@label='icn arrow right red']
2017-08-14 18:27:43-main--INFO -com.ctaf.accelerators.TestEngine:Able to click on By.xpath: //*[@label='icn arrow right red']
2017-08-14 18:28:11-main--INFO -com.ctaf.accelerators.TestEngine:Able to click on By.xpath: //*[@label='icn arrow right red']
2017-08-14 18:28:41-main--INFO -com.ctaf.accelerators.TestEngine:Able to click on By.xpath: //*[@label='icn arrow right red']
2017-08-14 18:29:09-main--INFO -com.ctaf.accelerators.TestEngine:Able to click on By.xpath: //*[@label='icn arrow right red']
2017-08-14 18:29:53-main--INFO -com.ctaf.accelerators.TestEngine:Able to click on By.xpath: //*[@label='icn arrow right red']
2017-08-14 18:30:23-main--INFO -com.ctaf.accelerators.TestEngine:Able to click on By.xpath: //*[@label='icn arrow right red']
2017-08-14 18:30:51-main--INFO -com.ctaf.accelerators.TestEngine:Able to click on By.xpath: //*[@label='icn arrow right red']
2017-08-14 18:31:21-main--INFO -com.ctaf.accelerators.TestEngine:Able to click on By.xpath: //*[@label='icn arrow right red']
2017-08-14 18:31:49-main--INFO -com.ctaf.accelerators.TestEngine:Able to click on By.xpath: //*[@label='icn arrow right red']
2017-08-14 18:32:19-main--INFO -com.ctaf.accelerators.TestEngine:Able to click on By.xpath: //*[@label='icn arrow right red']
2017-08-14 18:32:47-main--INFO -com.ctaf.accelerators.TestEngine:Able to click on By.xpath: //*[@label='icn arrow right red']
2017-08-14 18:33:15-main--INFO -com.ctaf.accelerators.TestEngine:Able to click on By.xpath: //*[@label='icn arrow right red']
2017-08-14 18:33:45-main--INFO -com.ctaf.accelerators.TestEngine:Able to click on By.xpath: //*[@label='icn arrow right red']
2017-08-14 18:34:13-main--INFO -com.ctaf.accelerators.TestEngine:Able to click on By.xpath: //*[@label='icn arrow right red']
2017-08-14 18:34:43-main--INFO -com.ctaf.accelerators.TestEngine:Able to click on By.xpath: //*[@label='icn arrow right red']
2017-08-14 18:35:11-main--INFO -com.ctaf.accelerators.TestEngine:Able to click on By.xpath: //*[@label='icn arrow right red']
2017-08-14 18:35:41-main--INFO -com.ctaf.accelerators.TestEngine:Able to click on By.xpath: //*[@label='icn arrow right red']
2017-08-14 18:36:09-main--INFO -com.ctaf.accelerators.TestEngine:Able to click on By.xpath: //*[@label='icn arrow right red']
2017-08-14 18:36:37-main--INFO -com.ctaf.accelerators.TestEngine:Able to click on By.xpath: //*[@label='icn arrow right red']
2017-08-14 18:37:08-main--INFO -com.ctaf.accelerators.TestEngine:Able to click on By.xpath: //*[@label='icn arrow right red']
2017-08-14 18:37:36-main--INFO -com.ctaf.accelerators.TestEngine:Able to click on By.xpath: //*[@label='icn arrow right red']
2017-08-14 18:38:06-main--INFO -com.ctaf.accelerators.TestEngine:Able to click on By.xpath: //*[@label='icn arrow right red']
2017-08-14 18:38:34-main--INFO -com.ctaf.accelerators.TestEngine:Able to click on By.xpath: //*[@label='icn arrow right red']
2017-08-14 18:39:04-main--INFO -com.ctaf.accelerators.TestEngine:Able to click on By.xpath: //*[@label='icn arrow right red']
2017-08-14 18:39:32-main--INFO -com.ctaf.accelerators.TestEngine:Able to click on By.xpath: //*[@label='icn arrow right red']
2017-08-14 18:40:00-main--INFO -com.ctaf.accelerators.TestEngine:Able to click on By.xpath: //*[@label='icn arrow right red']
2017-08-14 18:40:30-main--INFO -com.ctaf.accelerators.TestEngine:Able to click on By.xpath: //*[@label='icn arrow right red']
2017-08-14 18:40:58-main--INFO -com.ctaf.accelerators.TestEngine:Able to click on By.xpath: //*[@label='icn arrow right red']
2017-08-14 18:41:28-main--INFO -com.ctaf.accelerators.TestEngine:Able to click on By.xpath: //*[@label='icn arrow right red']
2017-08-14 18:41:53-main--INFO -com.ctaf.accelerators.TestEngine:Unable to click on By.xpath: //*[@label='icn arrow right red']
