2016-12-29 11:23:44-main--INFO -com.ctaf.accelerators.TestEngine:Starting browser : ie
2016-12-29 11:24:18-main--INFO -com.ctaf.accelerators.TestEngine:Starting browser : ie
2016-12-29 11:24:32-main--INFO -com.ctaf.accelerators.TestEngine:Current Test : Tc_09_RTInt1adult1Child1infantBus
2016-12-29 11:25:55-main--INFO -com.ctaf.accelerators.TestEngine: Able to get TscreenShot
2016-12-29 11:26:17-main--INFO -com.ctaf.accelerators.TestEngine:Starting browser : ie
2016-12-29 11:26:26-main--INFO -com.ctaf.accelerators.TestEngine:Current Test : TC_01_oneWayDomesticEcoSADAD
2016-12-29 11:32:35-main--INFO -com.ctaf.accelerators.TestEngine:Starting browser : ie
2016-12-29 11:32:50-main--INFO -com.ctaf.accelerators.TestEngine:Current Test : Tc_09_RTInt1adult1Child1infantBus
2016-12-29 11:52:02-main--INFO -com.ctaf.accelerators.TestEngine:Starting browser : ie
2016-12-29 11:52:10-main--INFO -com.ctaf.accelerators.TestEngine:Current Test : TC_01_oneWayDomesticEcoSADAD
2016-12-29 11:56:13-main--INFO -com.ctaf.accelerators.TestEngine:Current Test : TC_02_oneWayDomesticBusiness
2016-12-29 12:00:34-main--INFO -com.ctaf.accelerators.TestEngine: Able to get TscreenShot
2016-12-29 12:00:35-main--INFO -com.ctaf.accelerators.TestEngine: Able to get TscreenShot
2016-12-29 12:00:44-main--INFO -com.ctaf.accelerators.TestEngine:Current Test : TC_03_oneWayDomesticChangeDate
2016-12-29 12:07:54-main--INFO -com.ctaf.accelerators.TestEngine: Able to get TscreenShot
2016-12-29 12:08:04-main--INFO -com.ctaf.accelerators.TestEngine:Current Test : TC_04_oneWayDomOneAdultCheckin
2016-12-29 12:24:20-main--INFO -com.ctaf.accelerators.TestEngine:Current Test : TC_05_onewaydom8Business
2016-12-29 14:49:30-main--INFO -com.ctaf.accelerators.TestEngine: Able to get TscreenShot
2016-12-29 14:49:38-main--INFO -com.ctaf.accelerators.TestEngine:Current Test : TC_06_oneWay2InternationalEco
2016-12-29 14:50:42-main--INFO -com.ctaf.accelerators.TestEngine:Starting browser : ie
2016-12-29 14:50:53-main--INFO -com.ctaf.accelerators.TestEngine:Current Test : TC_01_oneWayDomesticEcoSADAD
2016-12-29 14:54:41-main--INFO -com.ctaf.accelerators.TestEngine:Current Test : TC_02_oneWayDomesticBusiness
2016-12-29 14:58:44-main--INFO -com.ctaf.accelerators.TestEngine: Able to get TscreenShot
2016-12-29 14:58:45-main--INFO -com.ctaf.accelerators.TestEngine: Able to get TscreenShot
2016-12-29 14:58:54-main--INFO -com.ctaf.accelerators.TestEngine:Current Test : TC_03_oneWayDomesticChangeDate
2016-12-29 15:05:16-main--INFO -com.ctaf.accelerators.TestEngine: Able to get TscreenShot
2016-12-29 15:05:28-main--INFO -com.ctaf.accelerators.TestEngine:Current Test : TC_04_oneWayDomOneAdultCheckin
2016-12-29 15:23:05-main--INFO -com.ctaf.accelerators.TestEngine:Current Test : TC_05_onewaydom8Business
2016-12-29 15:24:56-main--INFO -com.ctaf.accelerators.TestEngine: Able to get TscreenShot
2016-12-29 15:25:05-main--INFO -com.ctaf.accelerators.TestEngine:Current Test : TC_06_oneWay2InternationalEco
2016-12-29 15:25:38-main--INFO -com.ctaf.accelerators.TestEngine: Able to get TscreenShot
2016-12-29 15:25:47-main--INFO -com.ctaf.accelerators.TestEngine:Current Test : TC_07_RTDom4adultBusinessCC
2016-12-29 15:27:13-main--INFO -com.ctaf.accelerators.TestEngine: Able to get TscreenShot
2016-12-29 15:27:14-main--INFO -com.ctaf.accelerators.TestEngine: Able to get TscreenShot
2016-12-29 15:27:22-main--INFO -com.ctaf.accelerators.TestEngine:Current Test : TC_08_RTInt1adult1Child1infantBus
2016-12-29 15:32:12-main--INFO -com.ctaf.accelerators.TestEngine:Current Test : Tc_09_RTInt1adult1Child1infantBus
2016-12-29 15:55:50-main--INFO -com.ctaf.accelerators.TestEngine: Able to get TscreenShot
2016-12-29 15:55:51-main--INFO -com.ctaf.accelerators.TestEngine: Able to get TscreenShot
2016-12-29 15:56:00-main--INFO -com.ctaf.accelerators.TestEngine:Current Test : OneAdultOnechildFlexCordshare
2016-12-29 16:00:43-main--INFO -com.ctaf.accelerators.TestEngine:Current Test : TC_11oneAdultoneChildoneInfantPartCodeShare
2016-12-29 16:03:45-main--INFO -com.ctaf.accelerators.TestEngine: Able to get TscreenShot
2016-12-29 16:03:54-main--INFO -com.ctaf.accelerators.TestEngine:Current Test : PayWithCreditShell
2016-12-29 16:13:49-main--INFO -com.ctaf.accelerators.TestEngine:Starting browser : ie
2016-12-29 16:13:58-main--INFO -com.ctaf.accelerators.TestEngine:Current Test : TC_03_oneWayDomesticChangeDate
2016-12-29 16:14:49-main--INFO -com.ctaf.accelerators.TestEngine: Able to get TscreenShot
2016-12-29 16:15:01-main--INFO -com.ctaf.accelerators.TestEngine:Starting browser : ie
2016-12-29 16:15:10-main--INFO -com.ctaf.accelerators.TestEngine:Current Test : TC_03_oneWayDomesticChangeDate
2016-12-29 16:16:13-main--INFO -com.ctaf.accelerators.TestEngine:Starting browser : ie
2016-12-29 16:16:23-main--INFO -com.ctaf.accelerators.TestEngine:Current Test : TC_03_oneWayDomesticChangeDate
2016-12-29 16:21:00-main--INFO -com.ctaf.accelerators.TestEngine: Able to get TscreenShot
2016-12-29 16:21:00-main--INFO -com.ctaf.accelerators.TestEngine: Able to get TscreenShot
2016-12-29 16:21:14-main--INFO -com.ctaf.accelerators.TestEngine:Starting browser : ie
2016-12-29 16:21:23-main--INFO -com.ctaf.accelerators.TestEngine:Current Test : TC_03_oneWayDomesticChangeDate
2016-12-29 16:25:43-main--INFO -com.ctaf.accelerators.TestEngine: Able to get TscreenShot
2016-12-29 16:25:44-main--INFO -com.ctaf.accelerators.TestEngine: Able to get TscreenShot
2016-12-29 16:26:39-main--INFO -com.ctaf.accelerators.TestEngine:Starting browser : ie
2016-12-29 16:26:49-main--INFO -com.ctaf.accelerators.TestEngine:Current Test : TC_03_oneWayDomesticChangeDate
2016-12-29 16:34:30-main--INFO -com.ctaf.accelerators.TestEngine: Able to get TscreenShot
2016-12-29 16:36:37-main--INFO -com.ctaf.accelerators.TestEngine:Starting browser : ie
2016-12-29 16:36:46-main--INFO -com.ctaf.accelerators.TestEngine:Current Test : TC_01_oneWayDomesticEcoSADAD
2016-12-29 16:37:36-main--INFO -com.ctaf.accelerators.TestEngine: Able to get TscreenShot
2016-12-29 16:37:58-main--INFO -com.ctaf.accelerators.TestEngine:Starting browser : ie
2016-12-29 16:38:07-main--INFO -com.ctaf.accelerators.TestEngine:Current Test : TC_01_oneWayDomesticEcoSADAD
2016-12-29 16:41:57-main--INFO -com.ctaf.accelerators.TestEngine:Current Test : TC_02_oneWayDomesticBusiness
2016-12-29 16:42:28-main--INFO -com.ctaf.accelerators.TestEngine: Able to get TscreenShot
2016-12-29 16:42:39-main--INFO -com.ctaf.accelerators.TestEngine:Current Test : TC_03_oneWayDomesticChangeDate
2016-12-29 16:49:55-main--INFO -com.ctaf.accelerators.TestEngine: Able to get TscreenShot
2016-12-29 16:50:05-main--INFO -com.ctaf.accelerators.TestEngine:Current Test : TC_04_oneWayDomOneAdultCheckin
2016-12-29 17:06:30-main--INFO -com.ctaf.accelerators.TestEngine:Current Test : TC_05_onewaydom8Business
2016-12-29 17:07:00-main--INFO -com.ctaf.accelerators.TestEngine: Able to get TscreenShot
2016-12-29 17:07:09-main--INFO -com.ctaf.accelerators.TestEngine:Current Test : TC_06_oneWay2InternationalEco
2016-12-29 17:10:43-main--INFO -com.ctaf.accelerators.TestEngine:Current Test : TC_07_RTDom4adultBusinessCC
2016-12-29 17:14:44-main--INFO -com.ctaf.accelerators.TestEngine: Able to get TscreenShot
2016-12-29 17:14:52-main--INFO -com.ctaf.accelerators.TestEngine:Current Test : TC_08_RTInt1adult1Child1infantBus
2016-12-29 17:18:26-main--INFO -com.ctaf.accelerators.TestEngine:Starting browser : ie
2016-12-29 17:18:36-main--INFO -com.ctaf.accelerators.TestEngine:Current Test : TC_01_oneWayDomesticEcoSADAD
2016-12-29 17:22:35-main--INFO -com.ctaf.accelerators.TestEngine: Able to get TscreenShot
2016-12-29 17:22:46-main--INFO -com.ctaf.accelerators.TestEngine:Current Test : TC_02_oneWayDomesticBusiness
2016-12-29 17:23:14-main--INFO -com.ctaf.accelerators.TestEngine: Able to get TscreenShot
2016-12-29 17:23:23-main--INFO -com.ctaf.accelerators.TestEngine:Current Test : TC_03_oneWayDomesticChangeDate
2016-12-29 17:30:51-main--INFO -com.ctaf.accelerators.TestEngine: Able to get TscreenShot
2016-12-29 17:31:02-main--INFO -com.ctaf.accelerators.TestEngine:Current Test : TC_04_oneWayDomOneAdultCheckin
2016-12-29 17:47:19-main--INFO -com.ctaf.accelerators.TestEngine:Current Test : TC_05_onewaydom8Business
2016-12-29 17:47:49-main--INFO -com.ctaf.accelerators.TestEngine: Able to get TscreenShot
2016-12-29 17:47:58-main--INFO -com.ctaf.accelerators.TestEngine:Current Test : TC_06_oneWay2InternationalEco
2016-12-29 17:49:14-main--INFO -com.ctaf.accelerators.TestEngine: Able to get TscreenShot
2016-12-29 17:49:23-main--INFO -com.ctaf.accelerators.TestEngine:Current Test : TC_07_RTDom4adultBusinessCC
2016-12-29 17:53:05-main--INFO -com.ctaf.accelerators.TestEngine: Able to get TscreenShot
2016-12-29 17:53:17-main--INFO -com.ctaf.accelerators.TestEngine:Current Test : TC_08_RTInt1adult1Child1infantBus
2016-12-29 17:56:05-main--INFO -com.ctaf.accelerators.TestEngine:Starting browser : ie
2016-12-29 17:56:13-main--INFO -com.ctaf.accelerators.TestEngine:Current Test : TC_05_onewaydom8Business
2016-12-29 17:56:42-main--INFO -com.ctaf.accelerators.TestEngine: Able to get TscreenShot
2016-12-29 17:59:07-main--INFO -com.ctaf.accelerators.TestEngine:Starting browser : ie
2016-12-29 17:59:15-main--INFO -com.ctaf.accelerators.TestEngine:Current Test : TC_05_onewaydom8Business
2016-12-29 18:03:39-main--INFO -com.ctaf.accelerators.TestEngine:Starting browser : ie
2016-12-29 18:03:47-main--INFO -com.ctaf.accelerators.TestEngine:Current Test : TC_05_onewaydom8Business
2016-12-29 18:05:49-main--INFO -com.ctaf.accelerators.TestEngine:Starting browser : ie
2016-12-29 18:05:57-main--INFO -com.ctaf.accelerators.TestEngine:Current Test : TC_05_onewaydom8Business
2016-12-29 18:07:59-main--INFO -com.ctaf.accelerators.TestEngine:Starting browser : ie
2016-12-29 18:08:07-main--INFO -com.ctaf.accelerators.TestEngine:Current Test : TC_05_onewaydom8Business
2016-12-29 18:08:40-main--INFO -com.ctaf.accelerators.TestEngine: Able to get TscreenShot
2016-12-29 18:08:52-main--INFO -com.ctaf.accelerators.TestEngine:Starting browser : ie
2016-12-29 18:09:01-main--INFO -com.ctaf.accelerators.TestEngine:Current Test : TC_05_onewaydom8Business
2016-12-29 18:14:11-main--INFO -com.ctaf.accelerators.TestEngine:Starting browser : ie
2016-12-29 18:14:19-main--INFO -com.ctaf.accelerators.TestEngine:Current Test : TC_05_onewaydom8Business
2016-12-29 18:18:10-main--INFO -com.ctaf.accelerators.TestEngine:Starting browser : ie
2016-12-29 18:18:19-main--INFO -com.ctaf.accelerators.TestEngine:Current Test : TC_05_onewaydom8Business
2016-12-29 18:20:47-main--INFO -com.ctaf.accelerators.TestEngine:Starting browser : ie
2016-12-29 18:20:56-main--INFO -com.ctaf.accelerators.TestEngine:Current Test : TC_05_onewaydom8Business
2016-12-29 18:22:49-main--INFO -com.ctaf.accelerators.TestEngine:Starting browser : ie
2016-12-29 18:22:58-main--INFO -com.ctaf.accelerators.TestEngine:Current Test : TC_05_onewaydom8Business
2016-12-29 18:29:39-main--INFO -com.ctaf.accelerators.TestEngine:Starting browser : ie
2016-12-29 18:29:47-main--INFO -com.ctaf.accelerators.TestEngine:Current Test : TC_05_onewaydom8Business
2016-12-29 18:31:59-main--INFO -com.ctaf.accelerators.TestEngine:Starting browser : ie
2016-12-29 18:32:10-main--INFO -com.ctaf.accelerators.TestEngine:Current Test : TC_01_oneWayDomesticEcoSADAD
2016-12-29 18:35:46-main--INFO -com.ctaf.accelerators.TestEngine:Current Test : TC_02_oneWayDomesticBusiness
2016-12-29 18:36:16-main--INFO -com.ctaf.accelerators.TestEngine: Able to get TscreenShot
2016-12-29 18:36:27-main--INFO -com.ctaf.accelerators.TestEngine:Current Test : TC_03_oneWayDomesticChangeDate
2016-12-29 18:43:50-main--INFO -com.ctaf.accelerators.TestEngine: Able to get TscreenShot
2016-12-29 18:43:59-main--INFO -com.ctaf.accelerators.TestEngine:Current Test : TC_04_oneWayDomOneAdultCheckin
2016-12-29 19:00:24-main--INFO -com.ctaf.accelerators.TestEngine:Current Test : TC_05_onewaydom8Business
2016-12-29 19:03:38-main--INFO -com.ctaf.accelerators.TestEngine: Able to get TscreenShot
2016-12-29 19:03:48-main--INFO -com.ctaf.accelerators.TestEngine:Current Test : TC_06_oneWay2InternationalEco
2016-12-29 19:07:26-main--INFO -com.ctaf.accelerators.TestEngine:Current Test : TC_07_RTDom4adultBusinessCC
2016-12-29 19:11:37-main--INFO -com.ctaf.accelerators.TestEngine: Able to get TscreenShot
2016-12-29 19:11:46-main--INFO -com.ctaf.accelerators.TestEngine:Current Test : TC_08_RTInt1adult1Child1infantBus
2016-12-29 19:16:50-main--INFO -com.ctaf.accelerators.TestEngine:Current Test : Tc_09_RTInt1adult1Child1infantBus
