2016-12-27 10:21:13-main--INFO -com.ctaf.accelerators.TestEngine:Starting browser : Chrome
2016-12-27 10:21:21-main--INFO -com.ctaf.accelerators.TestEngine:Current Test : TC_01_oneWayDomesticEcoSADAD
2016-12-27 10:24:09-main--INFO -com.ctaf.accelerators.TestEngine:Current Test : TC_02_oneWayDomesticBusiness
2016-12-27 10:27:31-main--INFO -com.ctaf.accelerators.TestEngine:Current Test : TC_03_oneWayDomesticChangeDate
2016-12-27 10:33:08-main--INFO -com.ctaf.accelerators.TestEngine:Current Test : TC_04_oneWayDomOneAdultCheckin
2016-12-27 10:33:20-main--INFO -com.ctaf.accelerators.TestEngine: Able to get TscreenShot
2016-12-27 10:33:28-main--INFO -com.ctaf.accelerators.TestEngine:Current Test : TC_05_onewaydom8Business
2016-12-27 11:13:11-main--INFO -com.ctaf.accelerators.TestEngine: Able to get TscreenShot
2016-12-27 11:13:22-main--INFO -com.ctaf.accelerators.TestEngine:Current Test : TC_06_oneWay2InternationalEco
2016-12-27 11:16:47-main--INFO -com.ctaf.accelerators.TestEngine:Current Test : TC_07_RTDom4adultBusinessCC
2016-12-27 11:17:47-main--INFO -com.ctaf.accelerators.TestEngine: Able to get TscreenShot
2016-12-27 11:17:57-main--INFO -com.ctaf.accelerators.TestEngine:Current Test : TC_08_RTInt1adult1Child1infantBus
2016-12-27 11:18:57-main--INFO -com.ctaf.accelerators.TestEngine: Able to get TscreenShot
2016-12-27 11:19:05-main--INFO -com.ctaf.accelerators.TestEngine:Current Test : Tc_09_RTInt1adult1Child1infantBus
2016-12-27 11:20:09-main--INFO -com.ctaf.accelerators.TestEngine: Able to get TscreenShot
2016-12-27 11:20:18-main--INFO -com.ctaf.accelerators.TestEngine:Current Test : OneAdultOnechildFlexCordshare
2016-12-27 11:20:32-main--INFO -com.ctaf.accelerators.TestEngine: Able to get TscreenShot
2016-12-27 11:20:41-main--INFO -com.ctaf.accelerators.TestEngine:Current Test : TC_11oneAdultoneChildoneInfantPartCodeShare
2016-12-27 11:23:22-main--INFO -com.ctaf.accelerators.TestEngine:Current Test : PayWithCreditShell
2016-12-27 11:27:18-main--INFO -com.ctaf.accelerators.TestEngine: Able to get TscreenShot
2016-12-27 12:56:03-main--INFO -com.ctaf.accelerators.TestEngine:Starting browser : Chrome
2016-12-27 12:56:11-main--INFO -com.ctaf.accelerators.TestEngine:Current Test : Tc_09_RTInt1adult1Child1infantBus
2016-12-27 13:04:17-main--INFO -com.ctaf.accelerators.TestEngine: Able to get TscreenShot
2016-12-27 13:08:44-main--INFO -com.ctaf.accelerators.TestEngine:Starting browser : Chrome
2016-12-27 13:08:53-main--INFO -com.ctaf.accelerators.TestEngine:Current Test : TC_01_oneWayDomesticEcoSADAD
2016-12-27 13:11:38-main--INFO -com.ctaf.accelerators.TestEngine:Current Test : TC_02_oneWayDomesticBusiness
2016-12-27 13:14:58-main--INFO -com.ctaf.accelerators.TestEngine:Current Test : TC_03_oneWayDomesticChangeDate
2016-12-27 13:20:34-main--INFO -com.ctaf.accelerators.TestEngine:Current Test : TC_04_oneWayDomOneAdultCheckin
2016-12-27 13:35:43-main--INFO -com.ctaf.accelerators.TestEngine:Current Test : TC_05_onewaydom8Business
2016-12-27 13:57:47-main--INFO -com.ctaf.accelerators.TestEngine: Able to get TscreenShot
2016-12-27 13:57:57-main--INFO -com.ctaf.accelerators.TestEngine:Current Test : TC_06_oneWay2InternationalEco
2016-12-27 13:58:21-main--INFO -com.ctaf.accelerators.TestEngine: Able to get TscreenShot
2016-12-27 13:58:29-main--INFO -com.ctaf.accelerators.TestEngine:Current Test : TC_07_RTDom4adultBusinessCC
2016-12-27 13:58:42-main--INFO -com.ctaf.accelerators.TestEngine: Able to get TscreenShot
2016-12-27 13:58:51-main--INFO -com.ctaf.accelerators.TestEngine:Current Test : TC_08_RTInt1adult1Child1infantBus
2016-12-27 13:59:37-main--INFO -com.ctaf.accelerators.TestEngine: Able to get TscreenShot
2016-12-27 13:59:37-main--INFO -com.ctaf.accelerators.TestEngine: Able to get TscreenShot
2016-12-27 13:59:46-main--INFO -com.ctaf.accelerators.TestEngine:Current Test : Tc_09_RTInt1adult1Child1infantBus
2016-12-27 14:00:50-main--INFO -com.ctaf.accelerators.TestEngine: Able to get TscreenShot
2016-12-27 14:00:59-main--INFO -com.ctaf.accelerators.TestEngine:Current Test : OneAdultOnechildFlexCordshare
2016-12-27 14:01:11-main--INFO -com.ctaf.accelerators.TestEngine: Able to get TscreenShot
2016-12-27 14:01:20-main--INFO -com.ctaf.accelerators.TestEngine:Current Test : TC_11oneAdultoneChildoneInfantPartCodeShare
2016-12-27 14:04:01-main--INFO -com.ctaf.accelerators.TestEngine:Current Test : PayWithCreditShell
2016-12-27 14:07:58-main--INFO -com.ctaf.accelerators.TestEngine: Able to get TscreenShot
2016-12-27 14:12:09-main--INFO -com.ctaf.accelerators.TestEngine:Starting browser : Chrome
2016-12-27 14:12:19-main--INFO -com.ctaf.accelerators.TestEngine:Current Test : TC_07_RTDom4adultBusinessCC
2016-12-27 14:12:33-main--INFO -com.ctaf.accelerators.TestEngine: Able to get TscreenShot
2016-12-27 14:15:38-main--INFO -com.ctaf.accelerators.TestEngine:Starting browser : Chrome
2016-12-27 14:15:46-main--INFO -com.ctaf.accelerators.TestEngine:Current Test : TC_05_onewaydom8Business
2016-12-27 14:17:20-main--INFO -com.ctaf.accelerators.TestEngine:Starting browser : Chrome
2016-12-27 14:17:29-main--INFO -com.ctaf.accelerators.TestEngine:Current Test : TC_01_oneWayDomesticEcoSADAD
2016-12-27 14:19:59-main--INFO -com.ctaf.accelerators.TestEngine:Current Test : TC_02_oneWayDomesticBusiness
2016-12-27 14:23:21-main--INFO -com.ctaf.accelerators.TestEngine:Current Test : TC_03_oneWayDomesticChangeDate
2016-12-27 14:28:59-main--INFO -com.ctaf.accelerators.TestEngine:Current Test : TC_04_oneWayDomOneAdultCheckin
2016-12-27 14:29:13-main--INFO -com.ctaf.accelerators.TestEngine: Able to get TscreenShot
2016-12-27 14:29:21-main--INFO -com.ctaf.accelerators.TestEngine:Current Test : TC_05_onewaydom8Business
2016-12-27 14:49:28-main--INFO -com.ctaf.accelerators.TestEngine: Able to get TscreenShot
2016-12-27 14:49:37-main--INFO -com.ctaf.accelerators.TestEngine:Current Test : TC_06_oneWay2InternationalEco
2016-12-27 14:53:08-main--INFO -com.ctaf.accelerators.TestEngine:Current Test : TC_07_RTDom4adultBusinessCC
2016-12-27 14:53:21-main--INFO -com.ctaf.accelerators.TestEngine: Able to get TscreenShot
2016-12-27 14:53:30-main--INFO -com.ctaf.accelerators.TestEngine:Current Test : TC_08_RTInt1adult1Child1infantBus
2016-12-27 14:54:16-main--INFO -com.ctaf.accelerators.TestEngine: Able to get TscreenShot
2016-12-27 14:54:16-main--INFO -com.ctaf.accelerators.TestEngine: Able to get TscreenShot
2016-12-27 14:54:26-main--INFO -com.ctaf.accelerators.TestEngine:Current Test : Tc_09_RTInt1adult1Child1infantBus
2016-12-27 14:55:30-main--INFO -com.ctaf.accelerators.TestEngine: Able to get TscreenShot
2016-12-27 14:55:41-main--INFO -com.ctaf.accelerators.TestEngine:Current Test : OneAdultOnechildFlexCordshare
2016-12-27 14:58:19-main--INFO -com.ctaf.accelerators.TestEngine:Current Test : TC_11oneAdultoneChildoneInfantPartCodeShare
2016-12-27 15:01:00-main--INFO -com.ctaf.accelerators.TestEngine:Current Test : PayWithCreditShell
2016-12-27 15:14:54-main--INFO -com.ctaf.accelerators.TestEngine:Starting browser : Chrome
2016-12-27 15:15:04-main--INFO -com.ctaf.accelerators.TestEngine:Current Test : TC_01_oneWayDomesticEcoSADAD
2016-12-27 15:17:51-main--INFO -com.ctaf.accelerators.TestEngine:Current Test : TC_02_oneWayDomesticBusiness
2016-12-27 15:21:10-main--INFO -com.ctaf.accelerators.TestEngine:Current Test : TC_03_oneWayDomesticChangeDate
2016-12-27 15:26:50-main--INFO -com.ctaf.accelerators.TestEngine:Current Test : TC_04_oneWayDomOneAdultCheckin
2016-12-27 15:41:55-main--INFO -com.ctaf.accelerators.TestEngine:Current Test : TC_05_onewaydom8Business
2016-12-27 15:42:03-main--INFO -com.ctaf.accelerators.TestEngine: Able to get TscreenShot
2016-12-27 15:42:12-main--INFO -com.ctaf.accelerators.TestEngine:Current Test : TC_06_oneWay2InternationalEco
2016-12-27 15:45:42-main--INFO -com.ctaf.accelerators.TestEngine:Current Test : TC_07_RTDom4adultBusinessCC
2016-12-27 15:46:44-main--INFO -com.ctaf.accelerators.TestEngine: Able to get TscreenShot
2016-12-27 15:46:53-main--INFO -com.ctaf.accelerators.TestEngine:Current Test : TC_08_RTInt1adult1Child1infantBus
2016-12-27 15:47:54-main--INFO -com.ctaf.accelerators.TestEngine: Able to get TscreenShot
2016-12-27 15:48:02-main--INFO -com.ctaf.accelerators.TestEngine:Current Test : Tc_09_RTInt1adult1Child1infantBus
2016-12-27 15:49:07-main--INFO -com.ctaf.accelerators.TestEngine: Able to get TscreenShot
2016-12-27 15:49:17-main--INFO -com.ctaf.accelerators.TestEngine:Current Test : OneAdultOnechildFlexCordshare
2016-12-27 15:50:21-main--INFO -com.ctaf.accelerators.TestEngine:Starting browser : Chrome
2016-12-27 15:50:33-main--INFO -com.ctaf.accelerators.TestEngine:Current Test : TC_07_RTDom4adultBusinessCC
2016-12-27 15:52:21-main--INFO -com.ctaf.accelerators.TestEngine: Able to get TscreenShot
2016-12-27 15:57:28-main--INFO -com.ctaf.accelerators.TestEngine:Starting browser : Chrome
2016-12-27 15:57:38-main--INFO -com.ctaf.accelerators.TestEngine:Current Test : Tc_09_RTInt1adult1Child1infantBus
2016-12-27 15:58:26-main--INFO -com.ctaf.accelerators.TestEngine:Starting browser : Chrome
2016-12-27 15:58:35-main--INFO -com.ctaf.accelerators.TestEngine:Current Test : TC_08_RTInt1adult1Child1infantBus
2016-12-27 15:59:21-main--INFO -com.ctaf.accelerators.TestEngine: Able to get TscreenShot
2016-12-27 15:59:21-main--INFO -com.ctaf.accelerators.TestEngine: Able to get TscreenShot
2016-12-27 16:00:55-main--INFO -com.ctaf.accelerators.TestEngine:Starting browser : Chrome
2016-12-27 16:01:04-main--INFO -com.ctaf.accelerators.TestEngine:Current Test : TC_05_onewaydom8Business
2016-12-27 16:01:56-main--INFO -com.ctaf.accelerators.TestEngine:Starting browser : Chrome
2016-12-27 16:02:03-main--INFO -com.ctaf.accelerators.TestEngine:Current Test : TC_01_oneWayDomesticEcoSADAD
2016-12-27 16:02:39-main--INFO -com.ctaf.accelerators.TestEngine:Starting browser : Chrome
2016-12-27 16:02:48-main--INFO -com.ctaf.accelerators.TestEngine:Current Test : TC_01_oneWayDomesticEcoSADAD
2016-12-27 16:03:54-main--INFO -com.ctaf.accelerators.TestEngine:Starting browser : Chrome
2016-12-27 16:04:02-main--INFO -com.ctaf.accelerators.TestEngine:Current Test : TC_01_oneWayDomesticEcoSADAD
2016-12-27 16:04:30-main--INFO -com.ctaf.accelerators.TestEngine: Able to get TscreenShot
2016-12-27 16:05:05-main--INFO -com.ctaf.accelerators.TestEngine:Starting browser : Chrome
2016-12-27 16:05:15-main--INFO -com.ctaf.accelerators.TestEngine:Current Test : TC_01_oneWayDomesticEcoSADAD
2016-12-27 16:08:02-main--INFO -com.ctaf.accelerators.TestEngine:Current Test : TC_02_oneWayDomesticBusiness
2016-12-27 16:11:23-main--INFO -com.ctaf.accelerators.TestEngine:Current Test : TC_03_oneWayDomesticChangeDate
2016-12-27 16:16:38-main--INFO -com.ctaf.accelerators.TestEngine:Current Test : TC_04_oneWayDomOneAdultCheckin
2016-12-27 16:32:00-main--INFO -com.ctaf.accelerators.TestEngine:Current Test : TC_05_onewaydom8Business
2016-12-27 17:03:52-main--INFO -com.ctaf.accelerators.TestEngine:Current Test : TC_06_oneWay2InternationalEco
2016-12-27 17:07:16-main--INFO -com.ctaf.accelerators.TestEngine:Current Test : TC_07_RTDom4adultBusinessCC
2016-12-27 17:10:16-main--INFO -com.ctaf.accelerators.TestEngine:Current Test : TC_08_RTInt1adult1Child1infantBus
2016-12-27 17:11:17-main--INFO -com.ctaf.accelerators.TestEngine: Able to get TscreenShot
2016-12-27 17:11:26-main--INFO -com.ctaf.accelerators.TestEngine:Current Test : Tc_09_RTInt1adult1Child1infantBus
2016-12-27 17:12:32-main--INFO -com.ctaf.accelerators.TestEngine: Able to get TscreenShot
2016-12-27 17:12:41-main--INFO -com.ctaf.accelerators.TestEngine:Current Test : OneAdultOnechildFlexCordshare
2016-12-27 17:15:32-main--INFO -com.ctaf.accelerators.TestEngine:Current Test : TC_11oneAdultoneChildoneInfantPartCodeShare
2016-12-27 17:18:16-main--INFO -com.ctaf.accelerators.TestEngine:Current Test : PayWithCreditShell
2016-12-27 17:23:42-main--INFO -com.ctaf.accelerators.TestEngine:Starting browser : Chrome
2016-12-27 17:23:52-main--INFO -com.ctaf.accelerators.TestEngine:Current Test : TC_08_RTInt1adult1Child1infantBus
2016-12-27 17:24:38-main--INFO -com.ctaf.accelerators.TestEngine: Able to get TscreenShot
2016-12-27 17:24:38-main--INFO -com.ctaf.accelerators.TestEngine: Able to get TscreenShot
2016-12-27 17:25:04-main--INFO -com.ctaf.accelerators.TestEngine:Starting browser : Chrome
2016-12-27 17:25:14-main--INFO -com.ctaf.accelerators.TestEngine:Current Test : TC_08_RTInt1adult1Child1infantBus
2016-12-27 17:26:59-main--INFO -com.ctaf.accelerators.TestEngine:Starting browser : Chrome
2016-12-27 17:27:07-main--INFO -com.ctaf.accelerators.TestEngine:Current Test : TC_08_RTInt1adult1Child1infantBus
2016-12-27 17:30:24-main--INFO -com.ctaf.accelerators.TestEngine:Starting browser : Chrome
2016-12-27 17:30:33-main--INFO -com.ctaf.accelerators.TestEngine:Current Test : Tc_09_RTInt1adult1Child1infantBus
2016-12-27 17:33:15-main--INFO -com.ctaf.accelerators.TestEngine:Starting browser : Chrome
2016-12-27 17:33:24-main--INFO -com.ctaf.accelerators.TestEngine:Current Test : TC_01_oneWayDomesticEcoSADAD
2016-12-27 17:36:12-main--INFO -com.ctaf.accelerators.TestEngine:Current Test : TC_02_oneWayDomesticBusiness
2016-12-27 17:39:32-main--INFO -com.ctaf.accelerators.TestEngine:Current Test : TC_03_oneWayDomesticChangeDate
2016-12-27 17:39:57-main--INFO -com.ctaf.accelerators.TestEngine: Able to get TscreenShot
2016-12-27 17:40:07-main--INFO -com.ctaf.accelerators.TestEngine:Current Test : TC_04_oneWayDomOneAdultCheckin
2016-12-27 17:54:10-main--INFO -com.ctaf.accelerators.TestEngine: Able to get TscreenShot
2016-12-27 17:54:19-main--INFO -com.ctaf.accelerators.TestEngine:Current Test : TC_05_onewaydom8Business
2016-12-27 18:07:39-main--INFO -com.ctaf.accelerators.TestEngine: Able to get TscreenShot
2016-12-27 18:07:49-main--INFO -com.ctaf.accelerators.TestEngine:Current Test : TC_06_oneWay2InternationalEco
2016-12-27 18:11:13-main--INFO -com.ctaf.accelerators.TestEngine:Current Test : TC_07_RTDom4adultBusinessCC
2016-12-27 18:14:15-main--INFO -com.ctaf.accelerators.TestEngine:Current Test : TC_08_RTInt1adult1Child1infantBus
2016-12-27 18:17:13-main--INFO -com.ctaf.accelerators.TestEngine:Current Test : Tc_09_RTInt1adult1Child1infantBus
2016-12-27 18:21:59-main--INFO -com.ctaf.accelerators.TestEngine: Able to get TscreenShot
2016-12-27 18:22:08-main--INFO -com.ctaf.accelerators.TestEngine:Current Test : OneAdultOnechildFlexCordshare
2016-12-27 18:24:41-main--INFO -com.ctaf.accelerators.TestEngine:Starting browser : Chrome
2016-12-27 18:24:49-main--INFO -com.ctaf.accelerators.TestEngine:Current Test : Tc_09_RTInt1adult1Child1infantBus
2016-12-27 18:28:38-main--INFO -com.ctaf.accelerators.TestEngine: Able to get TscreenShot
2016-12-27 18:31:58-main--INFO -com.ctaf.accelerators.TestEngine:Starting browser : Chrome
2016-12-27 18:32:05-main--INFO -com.ctaf.accelerators.TestEngine:Current Test : Tc_09_RTInt1adult1Child1infantBus
2016-12-27 18:43:10-main--INFO -com.ctaf.accelerators.TestEngine:Starting browser : Chrome
2016-12-27 18:43:22-main--INFO -com.ctaf.accelerators.TestEngine:Current Test : Tc_09_RTInt1adult1Child1infantBus
2016-12-27 18:49:27-main--INFO -com.ctaf.accelerators.TestEngine:Starting browser : Chrome
2016-12-27 18:49:35-main--INFO -com.ctaf.accelerators.TestEngine:Current Test : TC_01_oneWayDomesticEcoSADAD
2016-12-27 18:52:23-main--INFO -com.ctaf.accelerators.TestEngine:Current Test : TC_02_oneWayDomesticBusiness
2016-12-27 18:55:48-main--INFO -com.ctaf.accelerators.TestEngine:Current Test : TC_03_oneWayDomesticChangeDate
2016-12-27 18:56:14-main--INFO -com.ctaf.accelerators.TestEngine: Able to get TscreenShot
2016-12-27 18:56:24-main--INFO -com.ctaf.accelerators.TestEngine:Current Test : TC_04_oneWayDomOneAdultCheckin
2016-12-27 19:11:52-main--INFO -com.ctaf.accelerators.TestEngine:Starting browser : Chrome
2016-12-27 19:12:00-main--INFO -com.ctaf.accelerators.TestEngine:Current Test : TC_01_oneWayDomesticEcoSADAD
2016-12-27 19:14:47-main--INFO -com.ctaf.accelerators.TestEngine:Current Test : TC_02_oneWayDomesticBusiness
2016-12-27 19:18:06-main--INFO -com.ctaf.accelerators.TestEngine:Current Test : TC_03_oneWayDomesticChangeDate
2016-12-27 19:18:32-main--INFO -com.ctaf.accelerators.TestEngine: Able to get TscreenShot
2016-12-27 19:18:39-main--INFO -com.ctaf.accelerators.TestEngine:Current Test : TC_04_oneWayDomOneAdultCheckin
2016-12-27 19:33:45-main--INFO -com.ctaf.accelerators.TestEngine:Current Test : TC_05_onewaydom8Business
2016-12-27 19:41:42-main--INFO -com.ctaf.accelerators.TestEngine:Starting browser : Chrome
2016-12-27 19:41:50-main--INFO -com.ctaf.accelerators.TestEngine:Current Test : TC_01_oneWayDomesticEcoSADAD
2016-12-27 19:44:37-main--INFO -com.ctaf.accelerators.TestEngine:Current Test : TC_02_oneWayDomesticBusiness
2016-12-27 19:48:01-main--INFO -com.ctaf.accelerators.TestEngine:Current Test : TC_03_oneWayDomesticChangeDate
2016-12-27 19:53:40-main--INFO -com.ctaf.accelerators.TestEngine:Current Test : TC_04_oneWayDomOneAdultCheckin
2016-12-27 20:00:26-main--INFO -com.ctaf.accelerators.TestEngine: Able to get TscreenShot
2016-12-27 20:00:34-main--INFO -com.ctaf.accelerators.TestEngine:Current Test : TC_05_onewaydom8Business
