2017-08-11 14:35:03-main--INFO -com.ctaf.accelerators.TestEngine:Starting browser : iphone
2017-08-11 14:36:58-main--INFO -com.ctaf.accelerators.TestEngine:Current Test : TC_10_oneWayDomesticEconomy_RUH_ABT
2017-08-11 14:37:08-main--INFO -com.ctaf.accelerators.TestEngine:Able to click on By.xpath: //*[@label='Book flights']
2017-08-11 14:37:26-main--INFO -com.ctaf.accelerators.TestEngine:Able to click on By.xpath: //*[@label='One-way']
2017-08-11 14:37:39-main--INFO -com.ctaf.accelerators.TestEngine:Able to click on By.xpath: //XCUIElementTypeOther[3]/XCUIElementTypeOther[1]/XCUIElementTypeButton
2017-08-11 14:37:45-main--INFO -com.ctaf.accelerators.TestEngine:Able to click on Search
2017-08-11 14:37:52-main--INFO -com.ctaf.accelerators.TestEngine:Typing is performed on Origin
2017-08-11 14:37:54-main--INFO -com.ctaf.accelerators.TestEngine:Able to click on RUH
2017-08-11 14:38:01-main--INFO -com.ctaf.accelerators.TestEngine:Typing is performed on Destination
2017-08-11 14:38:04-main--INFO -com.ctaf.accelerators.TestEngine:Able to click on ABT
2017-08-11 14:38:08-main--INFO -com.ctaf.accelerators.TestEngine:Able to click on Find Flights
2017-08-11 14:38:43-main--INFO -com.ctaf.accelerators.TestEngine:Able to click on By.xpath: //XCUIElementTypeTable/XCUIElementTypeCell[1]/XCUIElementTypeButton[12]
2017-08-11 14:39:41-main--INFO -com.ctaf.accelerators.TestEngine:Able to click on By.xpath: //*[@label='Continue to Select Extras']
2017-08-11 14:44:28-main--INFO -com.ctaf.accelerators.TestEngine:Unable to click on By.xpath: //*[@label='SADAD']
2017-08-11 14:44:28-main--INFO -com.ctaf.accelerators.TestEngine: Able to get TscreenShot
2017-08-11 14:44:50-main--INFO -com.ctaf.accelerators.TestEngine:Current Test : TC_11_roundTripDomesticEconomy_JED_DMM
2017-08-11 14:45:00-main--INFO -com.ctaf.accelerators.TestEngine:Able to click on By.xpath: //*[@label='Book flights']
2017-08-11 14:45:18-main--INFO -com.ctaf.accelerators.TestEngine:Able to click on By.xpath: //*[@label='Return']
2017-08-11 14:45:31-main--INFO -com.ctaf.accelerators.TestEngine:Able to click on By.xpath: //XCUIElementTypeOther[3]/XCUIElementTypeOther[1]/XCUIElementTypeButton
2017-08-11 14:45:36-main--INFO -com.ctaf.accelerators.TestEngine:Able to click on Search
2017-08-11 14:45:43-main--INFO -com.ctaf.accelerators.TestEngine:Typing is performed on Origin
2017-08-11 14:45:46-main--INFO -com.ctaf.accelerators.TestEngine:Able to click on JED
2017-08-11 14:45:52-main--INFO -com.ctaf.accelerators.TestEngine:Typing is performed on Destination
2017-08-11 14:45:55-main--INFO -com.ctaf.accelerators.TestEngine:Able to click on DMM
2017-08-11 14:46:00-main--INFO -com.ctaf.accelerators.TestEngine:Able to click on Find Flights
2017-08-11 14:47:55-main--INFO -com.ctaf.accelerators.TestEngine:Able to click on By.xpath: //XCUIElementTypeTable/XCUIElementTypeCell[1]/XCUIElementTypeButton[12]
2017-08-11 14:49:43-main--INFO -com.ctaf.accelerators.TestEngine:Able to click on By.xpath: //XCUIElementTypeTable/XCUIElementTypeCell[1]/XCUIElementTypeButton[12]
2017-08-11 14:59:02-main--INFO -com.ctaf.accelerators.TestEngine:Current Test : TC_12_roundTripDomesticEconomy_JED_GIZ
2017-08-11 14:59:11-main--INFO -com.ctaf.accelerators.TestEngine:Able to click on By.xpath: //*[@label='Book flights']
2017-08-11 14:59:30-main--INFO -com.ctaf.accelerators.TestEngine:Able to click on By.xpath: //*[@label='Return']
2017-08-11 14:59:43-main--INFO -com.ctaf.accelerators.TestEngine:Able to click on By.xpath: //XCUIElementTypeOther[3]/XCUIElementTypeOther[1]/XCUIElementTypeButton
2017-08-11 14:59:48-main--INFO -com.ctaf.accelerators.TestEngine:Able to click on Search
2017-08-11 14:59:55-main--INFO -com.ctaf.accelerators.TestEngine:Typing is performed on Origin
2017-08-11 14:59:57-main--INFO -com.ctaf.accelerators.TestEngine:Able to click on JED
2017-08-11 15:00:04-main--INFO -com.ctaf.accelerators.TestEngine:Typing is performed on Destination
2017-08-11 15:00:07-main--INFO -com.ctaf.accelerators.TestEngine:Able to click on GIZ
2017-08-11 15:00:12-main--INFO -com.ctaf.accelerators.TestEngine:Able to click on Find Flights
2017-08-11 15:01:39-main--INFO -com.ctaf.accelerators.TestEngine:Able to click on By.xpath: //XCUIElementTypeTable/XCUIElementTypeCell[1]/XCUIElementTypeButton[12]
2017-08-11 15:03:02-main--INFO -com.ctaf.accelerators.TestEngine:Able to click on By.xpath: //XCUIElementTypeTable/XCUIElementTypeCell[1]/XCUIElementTypeButton[12]
2017-08-11 15:05:41-main--INFO -com.ctaf.accelerators.TestEngine:Able to click on By.xpath: //*[@label='Continue to Select Extras']
2017-08-11 15:10:54-main--INFO -com.ctaf.accelerators.TestEngine:Unable to click on By.xpath: //*[@label='SADAD']
2017-08-11 15:10:55-main--INFO -com.ctaf.accelerators.TestEngine: Able to get TscreenShot
