2017-07-31 17:57:17-main--INFO -com.ctaf.accelerators.TestEngine:Starting browser : iossafari
2017-07-31 17:57:58-main--INFO -com.ctaf.accelerators.TestEngine:Starting browser : iphone
2017-07-31 18:03:25-main--INFO -com.ctaf.accelerators.TestEngine:Starting browser : iphone
2017-07-31 18:04:11-main--INFO -com.ctaf.accelerators.TestEngine:Current Test : TC_06_oneWayInternatnlTwoAdultEco
2017-07-31 18:04:55-main--INFO -com.ctaf.accelerators.TestEngine:Able to click on By.xpath: //*[@label='Book flights']
2017-07-31 18:05:18-main--INFO -com.ctaf.accelerators.TestEngine:Able to click on By.xpath: //*[@label='One-way']
2017-07-31 18:05:31-main--INFO -com.ctaf.accelerators.TestEngine:Able to click on By.xpath: //XCUIElementTypeOther[3]/XCUIElementTypeOther[1]/XCUIElementTypeButton
2017-07-31 18:05:37-main--INFO -com.ctaf.accelerators.TestEngine:Able to click on Search
2017-07-31 18:05:44-main--INFO -com.ctaf.accelerators.TestEngine:Typing is performed on Origin
2017-07-31 18:05:47-main--INFO -com.ctaf.accelerators.TestEngine:Able to click on RUH
2017-07-31 18:05:54-main--INFO -com.ctaf.accelerators.TestEngine:Typing is performed on Destination
2017-07-31 18:05:56-main--INFO -com.ctaf.accelerators.TestEngine:Able to click on HMB
2017-07-31 18:08:10-main--INFO -com.ctaf.accelerators.TestEngine:Unable to click on By.xpath: //*[@resource-id='com.flynas.android.app:id/adultPlusButton']
2017-07-31 18:08:26-main--INFO -com.ctaf.accelerators.TestEngine:Starting browser : iphone
2017-07-31 18:09:11-main--INFO -com.ctaf.accelerators.TestEngine:Current Test : TC_06_oneWayInternatnlTwoAdultEco
2017-07-31 18:10:14-main--INFO -com.ctaf.accelerators.TestEngine:Able to click on By.xpath: //*[@label='Book flights']
2017-07-31 18:10:37-main--INFO -com.ctaf.accelerators.TestEngine:Able to click on By.xpath: //*[@label='One-way']
2017-07-31 18:11:56-main--INFO -com.ctaf.accelerators.TestEngine:Able to click on By.xpath: //XCUIElementTypeOther[3]/XCUIElementTypeOther[1]/XCUIElementTypeButton
2017-07-31 18:12:20-main--INFO -com.ctaf.accelerators.TestEngine:Able to click on Search
2017-07-31 18:12:29-main--INFO -com.ctaf.accelerators.TestEngine:Typing is performed on Origin
2017-07-31 18:12:33-main--INFO -com.ctaf.accelerators.TestEngine:Able to click on RUH
2017-07-31 18:12:42-main--INFO -com.ctaf.accelerators.TestEngine:Typing is performed on Destination
2017-07-31 18:12:47-main--INFO -com.ctaf.accelerators.TestEngine:Able to click on HMB
2017-07-31 18:13:33-main--INFO -com.ctaf.accelerators.TestEngine:Unable to click on By.xpath: //*[@resource-id='com.flynas.android.app:id/adultPlusButton']
2017-07-31 18:13:34-main--INFO -com.ctaf.accelerators.TestEngine: Able to get TscreenShot
2017-07-31 18:18:00-main--INFO -com.ctaf.accelerators.TestEngine:Starting browser : iphone
2017-07-31 18:18:44-main--INFO -com.ctaf.accelerators.TestEngine:Current Test : TC_06_oneWayInternatnlTwoAdultEco
2017-07-31 18:18:53-main--INFO -com.ctaf.accelerators.TestEngine:Able to click on By.xpath: //*[@label='Book flights']
2017-07-31 18:19:12-main--INFO -com.ctaf.accelerators.TestEngine:Able to click on By.xpath: //*[@label='One-way']
2017-07-31 18:19:25-main--INFO -com.ctaf.accelerators.TestEngine:Able to click on By.xpath: //XCUIElementTypeOther[3]/XCUIElementTypeOther[1]/XCUIElementTypeButton
2017-07-31 18:19:30-main--INFO -com.ctaf.accelerators.TestEngine:Able to click on Search
2017-07-31 18:19:37-main--INFO -com.ctaf.accelerators.TestEngine:Typing is performed on Origin
2017-07-31 18:19:40-main--INFO -com.ctaf.accelerators.TestEngine:Able to click on RUH
2017-07-31 18:19:47-main--INFO -com.ctaf.accelerators.TestEngine:Typing is performed on Destination
2017-07-31 18:19:49-main--INFO -com.ctaf.accelerators.TestEngine:Able to click on HMB
2017-07-31 18:21:44-main--INFO -com.ctaf.accelerators.TestEngine:Able to click on By.xpath: //*[@label='Adult']/following::XCUIElementTypeButton[2]
2017-07-31 18:22:01-main--INFO -com.ctaf.accelerators.TestEngine:Able to click on By.xpath: //*[@label='Adult']/following::XCUIElementTypeButton[2]
2017-07-31 18:23:14-main--INFO -com.ctaf.accelerators.TestEngine:Starting browser : iphone
2017-07-31 18:23:57-main--INFO -com.ctaf.accelerators.TestEngine:Current Test : TC_06_oneWayInternatnlTwoAdultEco
2017-07-31 18:24:07-main--INFO -com.ctaf.accelerators.TestEngine:Able to click on By.xpath: //*[@label='Book flights']
2017-07-31 18:24:25-main--INFO -com.ctaf.accelerators.TestEngine:Able to click on By.xpath: //*[@label='One-way']
2017-07-31 18:24:38-main--INFO -com.ctaf.accelerators.TestEngine:Able to click on By.xpath: //XCUIElementTypeOther[3]/XCUIElementTypeOther[1]/XCUIElementTypeButton
2017-07-31 18:24:44-main--INFO -com.ctaf.accelerators.TestEngine:Able to click on Search
2017-07-31 18:24:51-main--INFO -com.ctaf.accelerators.TestEngine:Typing is performed on Origin
2017-07-31 18:24:54-main--INFO -com.ctaf.accelerators.TestEngine:Able to click on RUH
2017-07-31 18:25:01-main--INFO -com.ctaf.accelerators.TestEngine:Typing is performed on Destination
2017-07-31 18:25:03-main--INFO -com.ctaf.accelerators.TestEngine:Able to click on HMB
2017-07-31 18:29:28-main--INFO -com.ctaf.accelerators.TestEngine:Able to click on By.xpath: //*[@label='Adult']/following::XCUIElementTypeButton[2]
2017-07-31 18:39:48-main--INFO -com.ctaf.accelerators.TestEngine:Able to click on Find Flights
