2017-04-13 11:49:26-main--INFO -com.ctaf.accelerators.TestEngine:Starting browser : iphone
2017-04-13 11:50:30-main--INFO -com.ctaf.accelerators.TestEngine:Current Test : TC_01_oneWayDomesticEconomy_RUH_JED
2017-04-13 12:06:24-main--INFO -com.ctaf.accelerators.TestEngine:Starting browser : iphone
2017-04-13 12:07:12-main--INFO -com.ctaf.accelerators.TestEngine:Current Test : TC_01_oneWayDomesticEconomy_RUH_JED
2017-04-13 12:07:18-main--INFO -com.ctaf.accelerators.TestEngine:Able to click on By.xpath: //XCUIElementTypeOther/*[@label='btn menu']
2017-04-13 12:07:59-main--INFO -com.ctaf.accelerators.TestEngine:Unable to click on By.xpath: //XCUIElementTypeCell[1]/*[@label='Login']
2017-04-13 12:08:00-main--INFO -com.ctaf.accelerators.TestEngine: Able to get TscreenShot
2017-04-13 12:08:25-main--INFO -com.ctaf.accelerators.TestEngine:Starting browser : iphone
2017-04-13 12:09:10-main--INFO -com.ctaf.accelerators.TestEngine:Current Test : TC_01_oneWayDomesticEconomy_RUH_JED
2017-04-13 12:09:15-main--INFO -com.ctaf.accelerators.TestEngine:Able to click on By.xpath: //XCUIElementTypeOther/*[@label='btn menu']
2017-04-13 12:09:21-main--INFO -com.ctaf.accelerators.TestEngine:Able to click on By.xpath: //XCUIElementTypeCell[1]/*[@label='Login']
2017-04-13 12:09:27-main--INFO -com.ctaf.accelerators.TestEngine:Typing is performed on EmailAddress
2017-04-13 12:09:33-main--INFO -com.ctaf.accelerators.TestEngine:Typing is performed on Password
2017-04-13 12:09:41-main--INFO -com.ctaf.accelerators.TestEngine:Able to click on By.xpath: //*[@label='Login']
2017-04-13 12:09:47-main--INFO -com.ctaf.accelerators.TestEngine:Able to click on By.xpath: //*[@label='Book flights']
2017-04-13 12:09:53-main--INFO -com.ctaf.accelerators.TestEngine:Able to click on By.xpath: //*[@label='One-way']
2017-04-13 12:10:00-main--INFO -com.ctaf.accelerators.TestEngine:Able to click on By.xpath: //XCUIElementTypeOther[3]/XCUIElementTypeOther[1]/XCUIElementTypeButton
2017-04-13 12:10:08-main--INFO -com.ctaf.accelerators.TestEngine:Able to click on Search
2017-04-13 12:10:14-main--INFO -com.ctaf.accelerators.TestEngine:Typing is performed on Origin
2017-04-13 12:10:17-main--INFO -com.ctaf.accelerators.TestEngine:Able to click on RUH
2017-04-13 12:10:23-main--INFO -com.ctaf.accelerators.TestEngine:Typing is performed on Destination
2017-04-13 12:10:25-main--INFO -com.ctaf.accelerators.TestEngine:Able to click on JED
2017-04-13 12:10:28-main--INFO -com.ctaf.accelerators.TestEngine:Able to click on Find Flights
2017-04-13 12:11:43-main--INFO -com.ctaf.accelerators.TestEngine:Able to click on By.xpath: //XCUIElementTypeTable/XCUIElementTypeCell[1]/XCUIElementTypeButton[3]
2017-04-13 12:12:11-main--INFO -com.ctaf.accelerators.TestEngine:Able to click on By.xpath: //*[@label='Continue to Select Extras']
2017-04-13 12:12:28-main--INFO -com.ctaf.accelerators.TestEngine:Able to click on By.xpath: //*[@label='Continue to Select Seat']
2017-04-13 12:12:36-main--INFO -com.ctaf.accelerators.TestEngine:Able to click on By.xpath: //*[@label='Continue to Payment']
2017-04-13 12:12:43-main--INFO -com.ctaf.accelerators.TestEngine:Typing is performed on Card Number
2017-04-13 12:12:52-main--INFO -com.ctaf.accelerators.TestEngine:Typing is performed on Card Holder Name
2017-04-13 12:13:05-main--INFO -com.ctaf.accelerators.TestEngine:Typing is performed on Expiry Date
2017-04-13 12:13:13-main--INFO -com.ctaf.accelerators.TestEngine:Typing is performed on cvv
2017-04-13 12:13:24-main--INFO -com.ctaf.accelerators.TestEngine:Able to click on Purchase
2017-04-13 12:13:47-main--INFO -com.ctaf.accelerators.TestEngine:Able to click on By.xpath: //*[@label='icn home']
2017-04-13 12:13:53-main--INFO -com.ctaf.accelerators.TestEngine:Able to click on By.xpath: //*[@label='Online check-in']
2017-04-13 12:14:13-main--INFO -com.ctaf.accelerators.TestEngine: Able to get TscreenShot
2017-04-13 12:15:57-main--INFO -com.ctaf.accelerators.TestEngine:Starting browser : iphone
2017-04-13 12:16:41-main--INFO -com.ctaf.accelerators.TestEngine:Current Test : TC_01_oneWayDomesticEconomy_RUH_JED
2017-04-13 12:21:39-main--INFO -com.ctaf.accelerators.TestEngine:Starting browser : iphone
2017-04-13 12:22:21-main--INFO -com.ctaf.accelerators.TestEngine:Current Test : TC_01_oneWayDomesticEconomy_RUH_JED
2017-04-13 12:22:27-main--INFO -com.ctaf.accelerators.TestEngine:Able to click on By.xpath: //XCUIElementTypeOther/*[@label='btn menu']
2017-04-13 12:22:33-main--INFO -com.ctaf.accelerators.TestEngine:Able to click on By.xpath: //XCUIElementTypeCell[1]/*[@label='Login']
2017-04-13 12:22:38-main--INFO -com.ctaf.accelerators.TestEngine:Typing is performed on EmailAddress
2017-04-13 12:22:44-main--INFO -com.ctaf.accelerators.TestEngine:Typing is performed on Password
2017-04-13 12:22:52-main--INFO -com.ctaf.accelerators.TestEngine:Able to click on By.xpath: //*[@label='Login']
2017-04-13 12:22:58-main--INFO -com.ctaf.accelerators.TestEngine:Able to click on By.xpath: //*[@label='Book flights']
2017-04-13 12:23:04-main--INFO -com.ctaf.accelerators.TestEngine:Able to click on By.xpath: //*[@label='One-way']
2017-04-13 12:23:11-main--INFO -com.ctaf.accelerators.TestEngine:Able to click on By.xpath: //XCUIElementTypeOther[3]/XCUIElementTypeOther[1]/XCUIElementTypeButton
2017-04-13 12:23:19-main--INFO -com.ctaf.accelerators.TestEngine:Able to click on Search
2017-04-13 12:23:25-main--INFO -com.ctaf.accelerators.TestEngine:Typing is performed on Origin
2017-04-13 12:23:27-main--INFO -com.ctaf.accelerators.TestEngine:Able to click on RUH
2017-04-13 12:23:33-main--INFO -com.ctaf.accelerators.TestEngine:Typing is performed on Destination
2017-04-13 12:23:36-main--INFO -com.ctaf.accelerators.TestEngine:Able to click on JED
2017-04-13 12:23:39-main--INFO -com.ctaf.accelerators.TestEngine:Able to click on Find Flights
2017-04-13 12:24:29-main--INFO -com.ctaf.accelerators.TestEngine:Able to click on By.xpath: //XCUIElementTypeTable/XCUIElementTypeCell[1]/XCUIElementTypeButton[3]
2017-04-13 12:24:51-main--INFO -com.ctaf.accelerators.TestEngine:Able to click on By.xpath: //*[@label='Continue to Select Extras']
2017-04-13 12:25:10-main--INFO -com.ctaf.accelerators.TestEngine:Able to click on By.xpath: //*[@label='Continue to Select Seat']
2017-04-13 12:25:17-main--INFO -com.ctaf.accelerators.TestEngine:Able to click on By.xpath: //*[@label='Continue to Payment']
2017-04-13 12:25:25-main--INFO -com.ctaf.accelerators.TestEngine:Typing is performed on Card Number
2017-04-13 12:25:33-main--INFO -com.ctaf.accelerators.TestEngine:Typing is performed on Card Holder Name
2017-04-13 12:25:46-main--INFO -com.ctaf.accelerators.TestEngine:Typing is performed on Expiry Date
2017-04-13 12:25:54-main--INFO -com.ctaf.accelerators.TestEngine:Typing is performed on cvv
2017-04-13 12:26:05-main--INFO -com.ctaf.accelerators.TestEngine:Able to click on Purchase
2017-04-13 12:26:42-main--INFO -com.ctaf.accelerators.TestEngine: Able to get TscreenShot
2017-04-13 12:30:42-main--INFO -com.ctaf.accelerators.TestEngine:Starting browser : iphone
2017-04-13 12:31:26-main--INFO -com.ctaf.accelerators.TestEngine:Current Test : TC_02_oneWayDomesticEconomy_RUH_DMM
2017-04-13 12:31:32-main--INFO -com.ctaf.accelerators.TestEngine:Able to click on By.xpath: //*[@label='Book flights']
2017-04-13 12:31:39-main--INFO -com.ctaf.accelerators.TestEngine:Able to click on By.xpath: //*[@label='One-way']
2017-04-13 12:31:46-main--INFO -com.ctaf.accelerators.TestEngine:Able to click on By.xpath: //XCUIElementTypeOther[3]/XCUIElementTypeOther[1]/XCUIElementTypeButton
2017-04-13 12:31:54-main--INFO -com.ctaf.accelerators.TestEngine:Able to click on Search
2017-04-13 12:32:00-main--INFO -com.ctaf.accelerators.TestEngine:Typing is performed on Origin
2017-04-13 12:32:02-main--INFO -com.ctaf.accelerators.TestEngine:Able to click on RUH
2017-04-13 12:32:09-main--INFO -com.ctaf.accelerators.TestEngine:Typing is performed on Destination
2017-04-13 12:32:11-main--INFO -com.ctaf.accelerators.TestEngine:Able to click on DMM
2017-04-13 12:32:14-main--INFO -com.ctaf.accelerators.TestEngine:Able to click on Find Flights
2017-04-13 12:33:02-main--INFO -com.ctaf.accelerators.TestEngine:Able to click on By.xpath: //XCUIElementTypeTable/XCUIElementTypeCell[1]/XCUIElementTypeButton[3]
2017-04-13 12:33:24-main--INFO -com.ctaf.accelerators.TestEngine:Able to click on By.xpath: //*[@label='Continue to Select Extras']
2017-04-13 12:33:42-main--INFO -com.ctaf.accelerators.TestEngine:Able to click on By.xpath: //*[@label='Continue to Select Seat']
2017-04-13 12:33:50-main--INFO -com.ctaf.accelerators.TestEngine:Able to click on By.xpath: //*[@label='Continue to Payment']
2017-04-13 12:33:58-main--INFO -com.ctaf.accelerators.TestEngine:Typing is performed on Card Number
2017-04-13 12:34:06-main--INFO -com.ctaf.accelerators.TestEngine:Typing is performed on Card Holder Name
2017-04-13 12:34:19-main--INFO -com.ctaf.accelerators.TestEngine:Typing is performed on Expiry Date
2017-04-13 12:34:27-main--INFO -com.ctaf.accelerators.TestEngine:Typing is performed on cvv
2017-04-13 12:34:36-main--INFO -com.ctaf.accelerators.TestEngine:Able to click on Purchase
2017-04-13 12:34:57-main--INFO -com.ctaf.accelerators.TestEngine:Able to click on By.xpath: //*[@label='icn home']
2017-04-13 12:35:03-main--INFO -com.ctaf.accelerators.TestEngine:Able to click on By.xpath: //*[@label='Online check-in']
2017-04-13 12:37:38-main--INFO -com.ctaf.accelerators.TestEngine:Starting browser : iphone
2017-04-13 12:38:21-main--INFO -com.ctaf.accelerators.TestEngine:Current Test : TC_02_oneWayDomesticEconomy_RUH_DMM
2017-04-13 12:38:27-main--INFO -com.ctaf.accelerators.TestEngine:Able to click on By.xpath: //*[@label='Online check-in']
2017-04-13 12:40:20-main--INFO -com.ctaf.accelerators.TestEngine:Able to click on By.xpath: //*[@label='W8F4PZ']/following-sibling::XCUIElementTypeButton
2017-04-13 12:40:43-main--INFO -com.ctaf.accelerators.TestEngine:Able to click on By.xpath: //*[@label='I agree to the Terms and Conditions.']/preceding-sibling::XCUIElementTypeButton
2017-04-13 12:41:06-main--INFO -com.ctaf.accelerators.TestEngine: Able to get TscreenShot
2017-04-13 12:55:35-main--INFO -com.ctaf.accelerators.TestEngine:Starting browser : iphone
2017-04-13 12:56:17-main--INFO -com.ctaf.accelerators.TestEngine:Current Test : TC_03_oneWayDomesticEconomy_RUH_GIZ
2017-04-13 12:56:22-main--INFO -com.ctaf.accelerators.TestEngine:Able to click on By.xpath: //*[@label='Book flights']
2017-04-13 12:56:29-main--INFO -com.ctaf.accelerators.TestEngine:Able to click on By.xpath: //*[@label='One-way']
2017-04-13 12:56:36-main--INFO -com.ctaf.accelerators.TestEngine:Able to click on By.xpath: //XCUIElementTypeOther[3]/XCUIElementTypeOther[1]/XCUIElementTypeButton
2017-04-13 12:56:44-main--INFO -com.ctaf.accelerators.TestEngine:Able to click on Search
2017-04-13 12:56:50-main--INFO -com.ctaf.accelerators.TestEngine:Typing is performed on Origin
2017-04-13 12:56:53-main--INFO -com.ctaf.accelerators.TestEngine:Able to click on RUH
2017-04-13 12:56:59-main--INFO -com.ctaf.accelerators.TestEngine:Typing is performed on Destination
2017-04-13 12:57:02-main--INFO -com.ctaf.accelerators.TestEngine:Able to click on GIZ
2017-04-13 12:57:05-main--INFO -com.ctaf.accelerators.TestEngine:Able to click on Find Flights
2017-04-13 12:57:53-main--INFO -com.ctaf.accelerators.TestEngine:Able to click on By.xpath: //XCUIElementTypeTable/XCUIElementTypeCell[1]/XCUIElementTypeButton[3]
2017-04-13 12:58:15-main--INFO -com.ctaf.accelerators.TestEngine:Able to click on By.xpath: //*[@label='Continue to Select Extras']
2017-04-13 12:58:33-main--INFO -com.ctaf.accelerators.TestEngine:Able to click on By.xpath: //*[@label='Continue to Select Seat']
2017-04-13 12:58:40-main--INFO -com.ctaf.accelerators.TestEngine:Able to click on By.xpath: //*[@label='Continue to Payment']
2017-04-13 12:58:48-main--INFO -com.ctaf.accelerators.TestEngine:Typing is performed on Card Number
2017-04-13 12:58:57-main--INFO -com.ctaf.accelerators.TestEngine:Typing is performed on Card Holder Name
2017-04-13 12:59:10-main--INFO -com.ctaf.accelerators.TestEngine:Typing is performed on Expiry Date
2017-04-13 12:59:18-main--INFO -com.ctaf.accelerators.TestEngine:Typing is performed on cvv
2017-04-13 12:59:27-main--INFO -com.ctaf.accelerators.TestEngine:Able to click on Purchase
2017-04-13 12:59:46-main--INFO -com.ctaf.accelerators.TestEngine:Able to click on By.xpath: //*[@label='icn home']
2017-04-13 12:59:52-main--INFO -com.ctaf.accelerators.TestEngine:Able to click on By.xpath: //*[@label='Online check-in']
2017-04-13 13:03:02-main--INFO -com.ctaf.accelerators.TestEngine:Starting browser : iphone
2017-04-13 13:03:46-main--INFO -com.ctaf.accelerators.TestEngine:Current Test : TC_04_oneWayDomesticEconomy_RUH_MED
2017-04-13 13:03:51-main--INFO -com.ctaf.accelerators.TestEngine:Able to click on By.xpath: //*[@label='Book flights']
2017-04-13 13:03:58-main--INFO -com.ctaf.accelerators.TestEngine:Able to click on By.xpath: //*[@label='One-way']
2017-04-13 13:04:05-main--INFO -com.ctaf.accelerators.TestEngine:Able to click on By.xpath: //XCUIElementTypeOther[3]/XCUIElementTypeOther[1]/XCUIElementTypeButton
2017-04-13 13:04:13-main--INFO -com.ctaf.accelerators.TestEngine:Able to click on Search
2017-04-13 13:04:19-main--INFO -com.ctaf.accelerators.TestEngine:Typing is performed on Origin
2017-04-13 13:04:22-main--INFO -com.ctaf.accelerators.TestEngine:Able to click on RUH
2017-04-13 13:04:28-main--INFO -com.ctaf.accelerators.TestEngine:Typing is performed on Destination
2017-04-13 13:04:30-main--INFO -com.ctaf.accelerators.TestEngine:Able to click on MED
2017-04-13 13:04:38-main--INFO -com.ctaf.accelerators.TestEngine:Able to click on Find Flights
2017-04-13 13:05:22-main--INFO -com.ctaf.accelerators.TestEngine:Able to click on By.xpath: //XCUIElementTypeTable/XCUIElementTypeCell[1]/XCUIElementTypeButton[3]
2017-04-13 13:06:10-main--INFO -com.ctaf.accelerators.TestEngine:Able to click on By.xpath: //*[@label='Continue to Select Extras']
2017-04-13 13:06:28-main--INFO -com.ctaf.accelerators.TestEngine:Able to click on By.xpath: //*[@label='Continue to Select Seat']
2017-04-13 13:06:35-main--INFO -com.ctaf.accelerators.TestEngine:Able to click on By.xpath: //*[@label='Continue to Payment']
2017-04-13 13:06:43-main--INFO -com.ctaf.accelerators.TestEngine:Typing is performed on Card Number
2017-04-13 13:06:51-main--INFO -com.ctaf.accelerators.TestEngine:Typing is performed on Card Holder Name
2017-04-13 13:07:04-main--INFO -com.ctaf.accelerators.TestEngine:Typing is performed on Expiry Date
2017-04-13 13:07:12-main--INFO -com.ctaf.accelerators.TestEngine:Typing is performed on cvv
2017-04-13 13:07:21-main--INFO -com.ctaf.accelerators.TestEngine:Able to click on Purchase
2017-04-13 13:11:17-main--INFO -com.ctaf.accelerators.TestEngine:Starting browser : iphone
2017-04-13 13:12:33-main--INFO -com.ctaf.accelerators.TestEngine:Current Test : TC_05_oneWayDomesticEconomy_RUH_TIF
2017-04-13 13:12:39-main--INFO -com.ctaf.accelerators.TestEngine:Able to click on By.xpath: //*[@label='Book flights']
2017-04-13 13:12:46-main--INFO -com.ctaf.accelerators.TestEngine:Able to click on By.xpath: //*[@label='One-way']
2017-04-13 13:12:53-main--INFO -com.ctaf.accelerators.TestEngine:Able to click on By.xpath: //XCUIElementTypeOther[3]/XCUIElementTypeOther[1]/XCUIElementTypeButton
2017-04-13 13:12:58-main--INFO -com.ctaf.accelerators.TestEngine:Able to click on Search
2017-04-13 13:13:05-main--INFO -com.ctaf.accelerators.TestEngine:Typing is performed on Origin
2017-04-13 13:13:07-main--INFO -com.ctaf.accelerators.TestEngine:Able to click on RUH
2017-04-13 13:13:13-main--INFO -com.ctaf.accelerators.TestEngine:Typing is performed on Destination
2017-04-13 13:13:16-main--INFO -com.ctaf.accelerators.TestEngine:Able to click on TIF
2017-04-13 13:13:19-main--INFO -com.ctaf.accelerators.TestEngine:Able to click on Find Flights
2017-04-13 13:14:17-main--INFO -com.ctaf.accelerators.TestEngine: Able to get TscreenShot
2017-04-13 13:15:45-main--INFO -com.ctaf.accelerators.TestEngine:Starting browser : iphone
2017-04-13 13:16:28-main--INFO -com.ctaf.accelerators.TestEngine:Current Test : TC_05_oneWayDomesticEconomy_RUH_TIF
2017-04-13 13:16:34-main--INFO -com.ctaf.accelerators.TestEngine:Able to click on By.xpath: //*[@label='Book flights']
2017-04-13 13:16:40-main--INFO -com.ctaf.accelerators.TestEngine:Able to click on By.xpath: //*[@label='One-way']
2017-04-13 13:16:47-main--INFO -com.ctaf.accelerators.TestEngine:Able to click on By.xpath: //XCUIElementTypeOther[3]/XCUIElementTypeOther[1]/XCUIElementTypeButton
2017-04-13 13:16:53-main--INFO -com.ctaf.accelerators.TestEngine:Able to click on Search
2017-04-13 13:16:59-main--INFO -com.ctaf.accelerators.TestEngine:Typing is performed on Origin
2017-04-13 13:17:01-main--INFO -com.ctaf.accelerators.TestEngine:Able to click on RUH
2017-04-13 13:17:07-main--INFO -com.ctaf.accelerators.TestEngine:Typing is performed on Destination
2017-04-13 13:17:10-main--INFO -com.ctaf.accelerators.TestEngine:Able to click on TIF
2017-04-13 13:17:13-main--INFO -com.ctaf.accelerators.TestEngine:Able to click on Find Flights
2017-04-13 13:21:39-main--INFO -com.ctaf.accelerators.TestEngine:Starting browser : iphone
2017-04-13 13:22:21-main--INFO -com.ctaf.accelerators.TestEngine:Current Test : TC_05_oneWayDomesticEconomy_RUH_TIF
2017-04-13 13:22:27-main--INFO -com.ctaf.accelerators.TestEngine:Able to click on By.xpath: //*[@label='Book flights']
2017-04-13 13:22:34-main--INFO -com.ctaf.accelerators.TestEngine:Able to click on By.xpath: //*[@label='One-way']
2017-04-13 13:22:41-main--INFO -com.ctaf.accelerators.TestEngine:Able to click on By.xpath: //XCUIElementTypeOther[3]/XCUIElementTypeOther[1]/XCUIElementTypeButton
2017-04-13 13:22:46-main--INFO -com.ctaf.accelerators.TestEngine:Able to click on Search
2017-04-13 13:22:52-main--INFO -com.ctaf.accelerators.TestEngine:Typing is performed on Origin
2017-04-13 13:22:55-main--INFO -com.ctaf.accelerators.TestEngine:Able to click on RUH
2017-04-13 13:23:01-main--INFO -com.ctaf.accelerators.TestEngine:Typing is performed on Destination
2017-04-13 13:23:03-main--INFO -com.ctaf.accelerators.TestEngine:Able to click on TIF
2017-04-13 13:23:06-main--INFO -com.ctaf.accelerators.TestEngine:Able to click on Find Flights
2017-04-13 13:24:09-main--INFO -com.ctaf.accelerators.TestEngine:Able to click on By.xpath: //XCUIElementTypeTable/XCUIElementTypeCell[1]/XCUIElementTypeButton[3]
2017-04-13 13:26:14-main--INFO -com.ctaf.accelerators.TestEngine:Able to click on By.xpath: //*[@label='Continue to Select Extras']
2017-04-13 13:26:31-main--INFO -com.ctaf.accelerators.TestEngine:Able to click on By.xpath: //*[@label='Continue to Select Seat']
2017-04-13 13:26:39-main--INFO -com.ctaf.accelerators.TestEngine:Able to click on By.xpath: //*[@label='Continue to Payment']
2017-04-13 13:26:47-main--INFO -com.ctaf.accelerators.TestEngine:Typing is performed on Card Number
2017-04-13 13:26:55-main--INFO -com.ctaf.accelerators.TestEngine:Typing is performed on Card Holder Name
2017-04-13 13:27:08-main--INFO -com.ctaf.accelerators.TestEngine:Typing is performed on Expiry Date
2017-04-13 13:27:16-main--INFO -com.ctaf.accelerators.TestEngine:Typing is performed on cvv
2017-04-13 13:27:24-main--INFO -com.ctaf.accelerators.TestEngine:Able to click on Purchase
2017-04-13 13:29:54-main--INFO -com.ctaf.accelerators.TestEngine:Starting browser : iphone
2017-04-13 13:30:37-main--INFO -com.ctaf.accelerators.TestEngine:Current Test : TC_06_oneWayDomesticEconomy_RUH_HAS
2017-04-13 13:30:43-main--INFO -com.ctaf.accelerators.TestEngine:Able to click on By.xpath: //*[@label='Book flights']
2017-04-13 13:30:50-main--INFO -com.ctaf.accelerators.TestEngine:Able to click on By.xpath: //*[@label='One-way']
2017-04-13 13:30:56-main--INFO -com.ctaf.accelerators.TestEngine:Able to click on By.xpath: //XCUIElementTypeOther[3]/XCUIElementTypeOther[1]/XCUIElementTypeButton
2017-04-13 13:31:02-main--INFO -com.ctaf.accelerators.TestEngine:Able to click on Search
2017-04-13 13:31:08-main--INFO -com.ctaf.accelerators.TestEngine:Typing is performed on Origin
2017-04-13 13:31:10-main--INFO -com.ctaf.accelerators.TestEngine:Able to click on RUH
2017-04-13 13:31:16-main--INFO -com.ctaf.accelerators.TestEngine:Typing is performed on Destination
2017-04-13 13:31:19-main--INFO -com.ctaf.accelerators.TestEngine:Able to click on HAS
2017-04-13 13:31:22-main--INFO -com.ctaf.accelerators.TestEngine:Able to click on Find Flights
2017-04-13 13:31:44-main--INFO -com.ctaf.accelerators.TestEngine:Able to click on By.xpath: //XCUIElementTypeTable/XCUIElementTypeCell[1]/XCUIElementTypeButton[3]
2017-04-13 13:32:04-main--INFO -com.ctaf.accelerators.TestEngine:Able to click on By.xpath: //*[@label='Continue to Select Extras']
2017-04-13 13:32:22-main--INFO -com.ctaf.accelerators.TestEngine:Able to click on By.xpath: //*[@label='Continue to Select Seat']
2017-04-13 13:32:29-main--INFO -com.ctaf.accelerators.TestEngine:Able to click on By.xpath: //*[@label='Continue to Payment']
2017-04-13 13:32:36-main--INFO -com.ctaf.accelerators.TestEngine:Typing is performed on Card Number
2017-04-13 13:32:45-main--INFO -com.ctaf.accelerators.TestEngine:Typing is performed on Card Holder Name
2017-04-13 13:32:57-main--INFO -com.ctaf.accelerators.TestEngine:Typing is performed on Expiry Date
2017-04-13 13:33:05-main--INFO -com.ctaf.accelerators.TestEngine:Typing is performed on cvv
2017-04-13 13:33:14-main--INFO -com.ctaf.accelerators.TestEngine:Able to click on Purchase
2017-04-13 13:35:17-main--INFO -com.ctaf.accelerators.TestEngine:Able to click on By.xpath: //*[@label='icn home']
2017-04-13 13:35:23-main--INFO -com.ctaf.accelerators.TestEngine:Able to click on By.xpath: //*[@label='Online check-in']
2017-04-13 13:38:03-main--INFO -com.ctaf.accelerators.TestEngine:Starting browser : iphone
2017-04-13 13:38:47-main--INFO -com.ctaf.accelerators.TestEngine:Current Test : TC_07_oneWayDomesticEconomy_RUH_TUU
2017-04-13 13:38:53-main--INFO -com.ctaf.accelerators.TestEngine:Able to click on By.xpath: //*[@label='Book flights']
2017-04-13 13:38:59-main--INFO -com.ctaf.accelerators.TestEngine:Able to click on By.xpath: //*[@label='One-way']
2017-04-13 13:39:06-main--INFO -com.ctaf.accelerators.TestEngine:Able to click on By.xpath: //XCUIElementTypeOther[3]/XCUIElementTypeOther[1]/XCUIElementTypeButton
2017-04-13 13:39:11-main--INFO -com.ctaf.accelerators.TestEngine:Able to click on Search
2017-04-13 13:39:18-main--INFO -com.ctaf.accelerators.TestEngine:Typing is performed on Origin
2017-04-13 13:39:20-main--INFO -com.ctaf.accelerators.TestEngine:Able to click on RUH
2017-04-13 13:39:26-main--INFO -com.ctaf.accelerators.TestEngine:Typing is performed on Destination
2017-04-13 13:39:29-main--INFO -com.ctaf.accelerators.TestEngine:Able to click on TUU
2017-04-13 13:39:32-main--INFO -com.ctaf.accelerators.TestEngine:Able to click on Find Flights
2017-04-13 13:40:32-main--INFO -com.ctaf.accelerators.TestEngine: Able to get TscreenShot
2017-04-13 13:41:09-main--INFO -com.ctaf.accelerators.TestEngine:Starting browser : iphone
2017-04-13 13:41:52-main--INFO -com.ctaf.accelerators.TestEngine:Current Test : TC_07_oneWayDomesticEconomy_RUH_TUU
2017-04-13 13:41:58-main--INFO -com.ctaf.accelerators.TestEngine:Able to click on By.xpath: //*[@label='Book flights']
2017-04-13 13:42:04-main--INFO -com.ctaf.accelerators.TestEngine:Able to click on By.xpath: //*[@label='One-way']
2017-04-13 13:42:11-main--INFO -com.ctaf.accelerators.TestEngine:Able to click on By.xpath: //XCUIElementTypeOther[3]/XCUIElementTypeOther[1]/XCUIElementTypeButton
2017-04-13 13:42:17-main--INFO -com.ctaf.accelerators.TestEngine:Able to click on Search
2017-04-13 13:42:23-main--INFO -com.ctaf.accelerators.TestEngine:Typing is performed on Origin
2017-04-13 13:42:25-main--INFO -com.ctaf.accelerators.TestEngine:Able to click on RUH
2017-04-13 13:42:31-main--INFO -com.ctaf.accelerators.TestEngine:Typing is performed on Destination
2017-04-13 13:42:34-main--INFO -com.ctaf.accelerators.TestEngine:Able to click on TUU
2017-04-13 13:42:37-main--INFO -com.ctaf.accelerators.TestEngine:Able to click on Find Flights
2017-04-13 13:46:53-main--INFO -com.ctaf.accelerators.TestEngine:Able to click on By.xpath: //XCUIElementTypeTable/XCUIElementTypeCell[1]/XCUIElementTypeButton[3]
2017-04-13 13:47:27-main--INFO -com.ctaf.accelerators.TestEngine:Able to click on By.xpath: //*[@label='Continue to Select Extras']
2017-04-13 13:47:45-main--INFO -com.ctaf.accelerators.TestEngine:Able to click on By.xpath: //*[@label='Continue to Select Seat']
2017-04-13 13:47:53-main--INFO -com.ctaf.accelerators.TestEngine:Able to click on By.xpath: //*[@label='Continue to Payment']
2017-04-13 13:48:01-main--INFO -com.ctaf.accelerators.TestEngine:Typing is performed on Card Number
2017-04-13 13:48:09-main--INFO -com.ctaf.accelerators.TestEngine:Typing is performed on Card Holder Name
2017-04-13 13:48:22-main--INFO -com.ctaf.accelerators.TestEngine:Typing is performed on Expiry Date
2017-04-13 13:48:30-main--INFO -com.ctaf.accelerators.TestEngine:Typing is performed on cvv
2017-04-13 13:48:39-main--INFO -com.ctaf.accelerators.TestEngine:Able to click on Purchase
2017-04-13 13:49:00-main--INFO -com.ctaf.accelerators.TestEngine:Able to click on By.xpath: //*[@label='icn home']
2017-04-13 13:49:05-main--INFO -com.ctaf.accelerators.TestEngine:Able to click on By.xpath: //*[@label='Online check-in']
2017-04-13 13:49:35-main--INFO -com.ctaf.accelerators.TestEngine: Able to get TscreenShot
2017-04-13 13:53:07-main--INFO -com.ctaf.accelerators.TestEngine:Starting browser : iphone
2017-04-13 13:53:50-main--INFO -com.ctaf.accelerators.TestEngine:Current Test : TC_08_oneWayDomesticEconomy_RUH_URY
2017-04-13 13:53:56-main--INFO -com.ctaf.accelerators.TestEngine:Able to click on By.xpath: //*[@label='Book flights']
2017-04-13 13:54:03-main--INFO -com.ctaf.accelerators.TestEngine:Able to click on By.xpath: //*[@label='One-way']
2017-04-13 13:54:09-main--INFO -com.ctaf.accelerators.TestEngine:Able to click on By.xpath: //XCUIElementTypeOther[3]/XCUIElementTypeOther[1]/XCUIElementTypeButton
2017-04-13 13:54:15-main--INFO -com.ctaf.accelerators.TestEngine:Able to click on Search
2017-04-13 13:54:21-main--INFO -com.ctaf.accelerators.TestEngine:Typing is performed on Origin
2017-04-13 13:54:24-main--INFO -com.ctaf.accelerators.TestEngine:Able to click on RUH
2017-04-13 13:54:30-main--INFO -com.ctaf.accelerators.TestEngine:Typing is performed on Destination
2017-04-13 13:54:32-main--INFO -com.ctaf.accelerators.TestEngine:Able to click on URY
2017-04-13 13:54:35-main--INFO -com.ctaf.accelerators.TestEngine:Able to click on Find Flights
2017-04-13 13:55:41-main--INFO -com.ctaf.accelerators.TestEngine:Able to click on By.xpath: //XCUIElementTypeTable/XCUIElementTypeCell[1]/XCUIElementTypeButton[3]
2017-04-13 13:56:01-main--INFO -com.ctaf.accelerators.TestEngine:Able to click on By.xpath: //*[@label='Continue to Select Extras']
2017-04-13 13:56:46-main--INFO -com.ctaf.accelerators.TestEngine:Able to click on By.xpath: //*[@label='Continue to Select Seat']
2017-04-13 13:56:53-main--INFO -com.ctaf.accelerators.TestEngine:Able to click on By.xpath: //*[@label='Continue to Payment']
2017-04-13 13:57:01-main--INFO -com.ctaf.accelerators.TestEngine:Typing is performed on Card Number
2017-04-13 13:57:09-main--INFO -com.ctaf.accelerators.TestEngine:Typing is performed on Card Holder Name
2017-04-13 13:57:22-main--INFO -com.ctaf.accelerators.TestEngine:Typing is performed on Expiry Date
2017-04-13 13:57:30-main--INFO -com.ctaf.accelerators.TestEngine:Typing is performed on cvv
2017-04-13 13:57:38-main--INFO -com.ctaf.accelerators.TestEngine:Able to click on Purchase
2017-04-13 13:59:19-main--INFO -com.ctaf.accelerators.TestEngine:Able to click on By.xpath: //*[@label='icn home']
2017-04-13 13:59:32-main--INFO -com.ctaf.accelerators.TestEngine:Able to click on By.xpath: //*[@label='Online check-in']
2017-04-13 14:00:16-main--INFO -com.ctaf.accelerators.TestEngine:Able to click on By.xpath: //*[@label='N2KSKL']/following-sibling::XCUIElementTypeButton
2017-04-13 14:00:31-main--INFO -com.ctaf.accelerators.TestEngine:Able to click on By.xpath: //*[@label='I agree to the Terms and Conditions.']/preceding-sibling::XCUIElementTypeButton
2017-04-13 14:00:50-main--INFO -com.ctaf.accelerators.TestEngine:Able to click on By.xpath: //*[@label='Continue']
2017-04-13 14:01:27-main--INFO -com.ctaf.accelerators.TestEngine:Able to click on By.xpath: //*[@label='Continue to Payment']
2017-04-13 14:01:37-main--INFO -com.ctaf.accelerators.TestEngine:Able to click on By.xpath: //*[@label='Continue']
2017-04-13 15:17:30-main--INFO -com.ctaf.accelerators.TestEngine:Starting browser : iphone
2017-04-13 15:18:13-main--INFO -com.ctaf.accelerators.TestEngine:Current Test : TC_09_oneWayDomesticEconomy_RUH_AJF
2017-04-13 15:18:18-main--INFO -com.ctaf.accelerators.TestEngine:Able to click on By.xpath: //*[@label='Book flights']
2017-04-13 15:18:25-main--INFO -com.ctaf.accelerators.TestEngine:Able to click on By.xpath: //*[@label='One-way']
2017-04-13 15:18:32-main--INFO -com.ctaf.accelerators.TestEngine:Able to click on By.xpath: //XCUIElementTypeOther[3]/XCUIElementTypeOther[1]/XCUIElementTypeButton
2017-04-13 15:18:37-main--INFO -com.ctaf.accelerators.TestEngine:Able to click on Search
2017-04-13 15:18:43-main--INFO -com.ctaf.accelerators.TestEngine:Typing is performed on Origin
2017-04-13 15:18:46-main--INFO -com.ctaf.accelerators.TestEngine:Able to click on RUH
2017-04-13 15:18:52-main--INFO -com.ctaf.accelerators.TestEngine:Typing is performed on Destination
2017-04-13 15:18:54-main--INFO -com.ctaf.accelerators.TestEngine:Able to click on AJF
2017-04-13 15:18:57-main--INFO -com.ctaf.accelerators.TestEngine:Able to click on Find Flights
2017-04-13 15:20:26-main--INFO -com.ctaf.accelerators.TestEngine:Able to click on By.xpath: //XCUIElementTypeTable/XCUIElementTypeCell[1]/XCUIElementTypeButton[3]
2017-04-13 15:20:46-main--INFO -com.ctaf.accelerators.TestEngine:Able to click on By.xpath: //*[@label='Continue to Select Extras']
2017-04-13 15:21:04-main--INFO -com.ctaf.accelerators.TestEngine:Able to click on By.xpath: //*[@label='Continue to Select Seat']
2017-04-13 15:21:12-main--INFO -com.ctaf.accelerators.TestEngine:Able to click on By.xpath: //*[@label='Continue to Payment']
2017-04-13 15:21:20-main--INFO -com.ctaf.accelerators.TestEngine:Typing is performed on Card Number
2017-04-13 15:21:28-main--INFO -com.ctaf.accelerators.TestEngine:Typing is performed on Card Holder Name
2017-04-13 15:21:41-main--INFO -com.ctaf.accelerators.TestEngine:Typing is performed on Expiry Date
2017-04-13 15:21:49-main--INFO -com.ctaf.accelerators.TestEngine:Typing is performed on cvv
2017-04-13 15:21:58-main--INFO -com.ctaf.accelerators.TestEngine:Able to click on Purchase
2017-04-13 15:22:19-main--INFO -com.ctaf.accelerators.TestEngine:Able to click on By.xpath: //*[@label='icn home']
2017-04-13 15:25:01-main--INFO -com.ctaf.accelerators.TestEngine:Starting browser : iphone
2017-04-13 15:25:44-main--INFO -com.ctaf.accelerators.TestEngine:Current Test : TC_10_oneWayDomesticEconomy_RUH_ABT
2017-04-13 15:25:50-main--INFO -com.ctaf.accelerators.TestEngine:Able to click on By.xpath: //*[@label='Book flights']
2017-04-13 15:25:57-main--INFO -com.ctaf.accelerators.TestEngine:Able to click on By.xpath: //*[@label='One-way']
2017-04-13 15:26:03-main--INFO -com.ctaf.accelerators.TestEngine:Able to click on By.xpath: //XCUIElementTypeOther[3]/XCUIElementTypeOther[1]/XCUIElementTypeButton
2017-04-13 15:26:09-main--INFO -com.ctaf.accelerators.TestEngine:Able to click on Search
2017-04-13 15:26:15-main--INFO -com.ctaf.accelerators.TestEngine:Typing is performed on Origin
2017-04-13 15:26:17-main--INFO -com.ctaf.accelerators.TestEngine:Able to click on RUH
2017-04-13 15:26:23-main--INFO -com.ctaf.accelerators.TestEngine:Typing is performed on Destination
2017-04-13 15:26:26-main--INFO -com.ctaf.accelerators.TestEngine:Able to click on ABT
2017-04-13 15:26:29-main--INFO -com.ctaf.accelerators.TestEngine:Able to click on Find Flights
2017-04-13 15:27:35-main--INFO -com.ctaf.accelerators.TestEngine:Able to click on By.xpath: //XCUIElementTypeTable/XCUIElementTypeCell[1]/XCUIElementTypeButton[3]
2017-04-13 15:27:55-main--INFO -com.ctaf.accelerators.TestEngine:Able to click on By.xpath: //*[@label='Continue to Select Extras']
2017-04-13 15:28:28-main--INFO -com.ctaf.accelerators.TestEngine:Able to click on By.xpath: //*[@label='Continue to Select Seat']
2017-04-13 15:28:35-main--INFO -com.ctaf.accelerators.TestEngine:Able to click on By.xpath: //*[@label='Continue to Payment']
2017-04-13 15:28:43-main--INFO -com.ctaf.accelerators.TestEngine:Typing is performed on Card Number
2017-04-13 15:28:51-main--INFO -com.ctaf.accelerators.TestEngine:Typing is performed on Card Holder Name
2017-04-13 15:29:03-main--INFO -com.ctaf.accelerators.TestEngine:Typing is performed on Expiry Date
2017-04-13 15:29:11-main--INFO -com.ctaf.accelerators.TestEngine:Typing is performed on cvv
2017-04-13 15:29:20-main--INFO -com.ctaf.accelerators.TestEngine:Able to click on Purchase
2017-04-13 15:31:15-main--INFO -com.ctaf.accelerators.TestEngine:Starting browser : iphone
2017-04-13 15:32:31-main--INFO -com.ctaf.accelerators.TestEngine:Current Test : TC_10_oneWayDomesticEconomy_RUH_ABT
2017-04-13 15:32:36-main--INFO -com.ctaf.accelerators.TestEngine:Able to click on By.xpath: //*[@label='Book flights']
2017-04-13 15:32:43-main--INFO -com.ctaf.accelerators.TestEngine:Able to click on By.xpath: //*[@label='One-way']
2017-04-13 15:32:50-main--INFO -com.ctaf.accelerators.TestEngine:Able to click on By.xpath: //XCUIElementTypeOther[3]/XCUIElementTypeOther[1]/XCUIElementTypeButton
2017-04-13 15:32:55-main--INFO -com.ctaf.accelerators.TestEngine:Able to click on Search
2017-04-13 15:33:01-main--INFO -com.ctaf.accelerators.TestEngine:Typing is performed on Origin
2017-04-13 15:33:04-main--INFO -com.ctaf.accelerators.TestEngine:Able to click on RUH
2017-04-13 15:33:10-main--INFO -com.ctaf.accelerators.TestEngine:Typing is performed on Destination
2017-04-13 15:33:12-main--INFO -com.ctaf.accelerators.TestEngine:Able to click on JED
2017-04-13 15:33:15-main--INFO -com.ctaf.accelerators.TestEngine:Able to click on Find Flights
2017-04-13 15:34:02-main--INFO -com.ctaf.accelerators.TestEngine:Able to click on By.xpath: //XCUIElementTypeTable/XCUIElementTypeCell[1]/XCUIElementTypeButton[3]
2017-04-13 15:34:24-main--INFO -com.ctaf.accelerators.TestEngine:Able to click on By.xpath: //*[@label='Continue to Select Extras']
2017-04-13 15:34:41-main--INFO -com.ctaf.accelerators.TestEngine:Able to click on By.xpath: //*[@label='Continue to Select Seat']
2017-04-13 15:34:48-main--INFO -com.ctaf.accelerators.TestEngine:Able to click on By.xpath: //*[@label='Continue to Payment']
2017-04-13 15:34:56-main--INFO -com.ctaf.accelerators.TestEngine:Typing is performed on Card Number
2017-04-13 15:35:04-main--INFO -com.ctaf.accelerators.TestEngine:Typing is performed on Card Holder Name
2017-04-13 15:35:17-main--INFO -com.ctaf.accelerators.TestEngine:Typing is performed on Expiry Date
2017-04-13 15:35:25-main--INFO -com.ctaf.accelerators.TestEngine:Typing is performed on cvv
2017-04-13 15:35:33-main--INFO -com.ctaf.accelerators.TestEngine:Able to click on Purchase
2017-04-13 15:35:43-main--INFO -com.ctaf.accelerators.TestEngine: Able to get TscreenShot
2017-04-13 15:38:30-main--INFO -com.ctaf.accelerators.TestEngine:Starting browser : iphone
2017-04-13 15:39:19-main--INFO -com.ctaf.accelerators.TestEngine:Current Test : TC_10_oneWayDomesticEconomy_RUH_ABT
2017-04-13 15:39:25-main--INFO -com.ctaf.accelerators.TestEngine:Able to click on By.xpath: //*[@label='Book flights']
2017-04-13 15:39:31-main--INFO -com.ctaf.accelerators.TestEngine:Able to click on By.xpath: //*[@label='One-way']
2017-04-13 15:39:38-main--INFO -com.ctaf.accelerators.TestEngine:Able to click on By.xpath: //XCUIElementTypeOther[3]/XCUIElementTypeOther[1]/XCUIElementTypeButton
2017-04-13 15:39:44-main--INFO -com.ctaf.accelerators.TestEngine:Able to click on Search
2017-04-13 15:39:50-main--INFO -com.ctaf.accelerators.TestEngine:Typing is performed on Origin
2017-04-13 15:39:52-main--INFO -com.ctaf.accelerators.TestEngine:Able to click on RUH
2017-04-13 15:39:58-main--INFO -com.ctaf.accelerators.TestEngine:Typing is performed on Destination
2017-04-13 15:40:01-main--INFO -com.ctaf.accelerators.TestEngine:Able to click on ELQ
2017-04-13 15:40:04-main--INFO -com.ctaf.accelerators.TestEngine:Able to click on Find Flights
2017-04-13 15:40:25-main--INFO -com.ctaf.accelerators.TestEngine:Able to click on By.xpath: //XCUIElementTypeTable/XCUIElementTypeCell[1]/XCUIElementTypeButton[3]
2017-04-13 15:40:45-main--INFO -com.ctaf.accelerators.TestEngine:Able to click on By.xpath: //*[@label='Continue to Select Extras']
2017-04-13 15:41:03-main--INFO -com.ctaf.accelerators.TestEngine:Able to click on By.xpath: //*[@label='Continue to Select Seat']
2017-04-13 15:41:11-main--INFO -com.ctaf.accelerators.TestEngine:Able to click on By.xpath: //*[@label='Continue to Payment']
2017-04-13 15:41:18-main--INFO -com.ctaf.accelerators.TestEngine:Typing is performed on Card Number
2017-04-13 15:41:26-main--INFO -com.ctaf.accelerators.TestEngine:Typing is performed on Card Holder Name
2017-04-13 15:41:39-main--INFO -com.ctaf.accelerators.TestEngine:Typing is performed on Expiry Date
2017-04-13 15:41:47-main--INFO -com.ctaf.accelerators.TestEngine:Typing is performed on cvv
2017-04-13 15:41:55-main--INFO -com.ctaf.accelerators.TestEngine:Able to click on Purchase
2017-04-13 15:42:20-main--INFO -com.ctaf.accelerators.TestEngine:Able to click on By.xpath: //*[@label='icn home']
2017-04-13 15:42:25-main--INFO -com.ctaf.accelerators.TestEngine:Able to click on By.xpath: //*[@label='Online check-in']
2017-04-13 15:43:05-main--INFO -com.ctaf.accelerators.TestEngine:Able to click on By.xpath: //*[@label='WYYRKT']/following-sibling::XCUIElementTypeButton
2017-04-13 15:45:34-main--INFO -com.ctaf.accelerators.TestEngine:Starting browser : iphone
2017-04-13 15:46:18-main--INFO -com.ctaf.accelerators.TestEngine:Current Test : TC_10_oneWayDomesticEconomy_RUH_ABT
2017-04-13 15:46:23-main--INFO -com.ctaf.accelerators.TestEngine:Able to click on By.xpath: //*[@label='Online check-in']
2017-04-13 15:49:28-main--INFO -com.ctaf.accelerators.TestEngine:Starting browser : iphone
2017-04-13 15:50:11-main--INFO -com.ctaf.accelerators.TestEngine:Current Test : TC_10_oneWayDomesticEconomy_RUH_ABT
2017-04-13 15:50:16-main--INFO -com.ctaf.accelerators.TestEngine:Able to click on By.xpath: //*[@label='Online check-in']
2017-04-13 15:52:11-main--INFO -com.ctaf.accelerators.TestEngine:Starting browser : iphone
2017-04-13 15:53:27-main--INFO -com.ctaf.accelerators.TestEngine:Current Test : TC_10_oneWayDomesticEconomy_RUH_ABT
2017-04-13 15:53:33-main--INFO -com.ctaf.accelerators.TestEngine:Able to click on By.xpath: //*[@label='Online check-in']
2017-04-13 15:54:12-main--INFO -com.ctaf.accelerators.TestEngine:Able to click on By.xpath: //*[@label='WYYRKT']/following-sibling::XCUIElementTypeButton
2017-04-13 15:55:00-main--INFO -com.ctaf.accelerators.TestEngine:Starting browser : iphone
2017-04-13 15:55:41-main--INFO -com.ctaf.accelerators.TestEngine:Current Test : TC_10_oneWayDomesticEconomy_RUH_ABT
2017-04-13 15:55:46-main--INFO -com.ctaf.accelerators.TestEngine:Able to click on By.xpath: //*[@label='Online check-in']
2017-04-13 15:56:30-main--INFO -com.ctaf.accelerators.TestEngine:Able to click on By.xpath: //*[@label='WYYRKT']/following-sibling::XCUIElementTypeButton
2017-04-13 15:57:31-main--INFO -com.ctaf.accelerators.TestEngine:Starting browser : iphone
2017-04-13 15:58:15-main--INFO -com.ctaf.accelerators.TestEngine:Current Test : TC_10_oneWayDomesticEconomy_RUH_ABT
2017-04-13 15:58:20-main--INFO -com.ctaf.accelerators.TestEngine:Able to click on By.xpath: //*[@label='Online check-in']
2017-04-13 15:59:37-main--INFO -com.ctaf.accelerators.TestEngine:Able to click on By.xpath: //*[@label='WYYRKT']/following-sibling::XCUIElementTypeButton
2017-04-13 16:00:45-main--INFO -com.ctaf.accelerators.TestEngine:Starting browser : iphone
2017-04-13 16:01:27-main--INFO -com.ctaf.accelerators.TestEngine:Current Test : TC_10_oneWayDomesticEconomy_RUH_ABT
2017-04-13 16:01:33-main--INFO -com.ctaf.accelerators.TestEngine:Able to click on By.xpath: //*[@label='Book flights']
2017-04-13 16:01:39-main--INFO -com.ctaf.accelerators.TestEngine:Able to click on By.xpath: //*[@label='One-way']
2017-04-13 16:01:46-main--INFO -com.ctaf.accelerators.TestEngine:Able to click on By.xpath: //XCUIElementTypeOther[3]/XCUIElementTypeOther[1]/XCUIElementTypeButton
2017-04-13 16:01:52-main--INFO -com.ctaf.accelerators.TestEngine:Able to click on Search
2017-04-13 16:01:58-main--INFO -com.ctaf.accelerators.TestEngine:Typing is performed on Origin
2017-04-13 16:02:00-main--INFO -com.ctaf.accelerators.TestEngine:Able to click on RUH
2017-04-13 16:02:06-main--INFO -com.ctaf.accelerators.TestEngine:Typing is performed on Destination
2017-04-13 16:02:09-main--INFO -com.ctaf.accelerators.TestEngine:Able to click on AHB
2017-04-13 16:02:12-main--INFO -com.ctaf.accelerators.TestEngine:Able to click on Find Flights
2017-04-13 16:02:59-main--INFO -com.ctaf.accelerators.TestEngine:Able to click on By.xpath: //XCUIElementTypeTable/XCUIElementTypeCell[1]/XCUIElementTypeButton[3]
2017-04-13 16:03:20-main--INFO -com.ctaf.accelerators.TestEngine:Able to click on By.xpath: //*[@label='Continue to Select Extras']
2017-04-13 16:03:38-main--INFO -com.ctaf.accelerators.TestEngine:Able to click on By.xpath: //*[@label='Continue to Select Seat']
2017-04-13 16:03:45-main--INFO -com.ctaf.accelerators.TestEngine:Able to click on By.xpath: //*[@label='Continue to Payment']
2017-04-13 16:03:53-main--INFO -com.ctaf.accelerators.TestEngine:Typing is performed on Card Number
2017-04-13 16:04:01-main--INFO -com.ctaf.accelerators.TestEngine:Typing is performed on Card Holder Name
2017-04-13 16:04:14-main--INFO -com.ctaf.accelerators.TestEngine:Typing is performed on Expiry Date
2017-04-13 16:04:22-main--INFO -com.ctaf.accelerators.TestEngine:Typing is performed on cvv
2017-04-13 16:04:31-main--INFO -com.ctaf.accelerators.TestEngine:Able to click on Purchase
2017-04-13 16:04:55-main--INFO -com.ctaf.accelerators.TestEngine:Able to click on By.xpath: //*[@label='icn home']
2017-04-13 16:05:00-main--INFO -com.ctaf.accelerators.TestEngine:Able to click on By.xpath: //*[@label='Online check-in']
2017-04-13 16:06:26-main--INFO -com.ctaf.accelerators.TestEngine:Starting browser : iphone
2017-04-13 16:07:08-main--INFO -com.ctaf.accelerators.TestEngine:Current Test : TC_10_oneWayDomesticEconomy_RUH_ABT
2017-04-13 16:07:13-main--INFO -com.ctaf.accelerators.TestEngine:Able to click on By.xpath: //*[@label='Online check-in']
2017-04-13 16:10:28-main--INFO -com.ctaf.accelerators.TestEngine:Starting browser : iphone
2017-04-13 16:11:09-main--INFO -com.ctaf.accelerators.TestEngine:Current Test : TC_10_oneWayDomesticEconomy_RUH_ABT
2017-04-13 16:11:15-main--INFO -com.ctaf.accelerators.TestEngine:Able to click on By.xpath: //*[@label='Online check-in']
2017-04-13 16:13:07-main--INFO -com.ctaf.accelerators.TestEngine:Able to click on By.xpath: //*[@label='QYLS3A']/following-sibling::XCUIElementTypeButton
2017-04-13 16:14:52-main--INFO -com.ctaf.accelerators.TestEngine:Starting browser : iphone
2017-04-13 16:15:35-main--INFO -com.ctaf.accelerators.TestEngine:Current Test : TC_10_oneWayDomesticEconomy_RUH_ABT
2017-04-13 16:15:40-main--INFO -com.ctaf.accelerators.TestEngine:Able to click on By.xpath: //*[@label='Online check-in']
2017-04-13 16:16:39-main--INFO -com.ctaf.accelerators.TestEngine:Able to click on By.xpath: //*[@label='QYLS3A']/following-sibling::XCUIElementTypeButton
2017-04-13 16:16:51-main--INFO -com.ctaf.accelerators.TestEngine:Able to click on By.xpath: //*[@label='I agree to the Terms and Conditions.']/preceding-sibling::XCUIElementTypeButton
2017-04-13 16:17:06-main--INFO -com.ctaf.accelerators.TestEngine:Able to click on By.xpath: //*[@label='Continue']
2017-04-13 16:18:32-main--INFO -com.ctaf.accelerators.TestEngine:Starting browser : iphone
2017-04-13 16:19:14-main--INFO -com.ctaf.accelerators.TestEngine:Current Test : TC_10_oneWayDomesticEconomy_RUH_ABT
2017-04-13 16:19:19-main--INFO -com.ctaf.accelerators.TestEngine:Able to click on By.xpath: //*[@label='Book flights']
2017-04-13 16:19:26-main--INFO -com.ctaf.accelerators.TestEngine:Able to click on By.xpath: //*[@label='One-way']
2017-04-13 16:19:33-main--INFO -com.ctaf.accelerators.TestEngine:Able to click on By.xpath: //XCUIElementTypeOther[3]/XCUIElementTypeOther[1]/XCUIElementTypeButton
2017-04-13 16:19:38-main--INFO -com.ctaf.accelerators.TestEngine:Able to click on Search
2017-04-13 16:19:44-main--INFO -com.ctaf.accelerators.TestEngine:Typing is performed on Origin
2017-04-13 16:19:47-main--INFO -com.ctaf.accelerators.TestEngine:Able to click on RUH
2017-04-13 16:19:53-main--INFO -com.ctaf.accelerators.TestEngine:Typing is performed on Destination
2017-04-13 16:19:55-main--INFO -com.ctaf.accelerators.TestEngine:Able to click on YNB
2017-04-13 16:19:58-main--INFO -com.ctaf.accelerators.TestEngine:Able to click on Find Flights
2017-04-13 16:21:10-main--INFO -com.ctaf.accelerators.TestEngine:Able to click on By.xpath: //XCUIElementTypeTable/XCUIElementTypeCell[1]/XCUIElementTypeButton[3]
2017-04-13 16:21:31-main--INFO -com.ctaf.accelerators.TestEngine:Able to click on By.xpath: //*[@label='Continue to Select Extras']
2017-04-13 16:21:49-main--INFO -com.ctaf.accelerators.TestEngine:Able to click on By.xpath: //*[@label='Continue to Select Seat']
2017-04-13 16:21:57-main--INFO -com.ctaf.accelerators.TestEngine:Able to click on By.xpath: //*[@label='Continue to Payment']
2017-04-13 16:22:04-main--INFO -com.ctaf.accelerators.TestEngine:Typing is performed on Card Number
2017-04-13 16:22:13-main--INFO -com.ctaf.accelerators.TestEngine:Typing is performed on Card Holder Name
2017-04-13 16:22:26-main--INFO -com.ctaf.accelerators.TestEngine:Typing is performed on Expiry Date
2017-04-13 16:22:34-main--INFO -com.ctaf.accelerators.TestEngine:Typing is performed on cvv
2017-04-13 16:22:42-main--INFO -com.ctaf.accelerators.TestEngine:Able to click on Purchase
2017-04-13 16:23:08-main--INFO -com.ctaf.accelerators.TestEngine:Able to click on By.xpath: //*[@label='icn home']
2017-04-13 16:23:41-main--INFO -com.ctaf.accelerators.TestEngine:Starting browser : iphone
2017-04-13 16:24:24-main--INFO -com.ctaf.accelerators.TestEngine:Current Test : TC_10_oneWayDomesticEconomy_RUH_ABT
2017-04-13 16:24:29-main--INFO -com.ctaf.accelerators.TestEngine:Able to click on By.xpath: //*[@label='Book flights']
2017-04-13 16:24:36-main--INFO -com.ctaf.accelerators.TestEngine:Able to click on By.xpath: //*[@label='One-way']
2017-04-13 16:24:42-main--INFO -com.ctaf.accelerators.TestEngine:Able to click on By.xpath: //XCUIElementTypeOther[3]/XCUIElementTypeOther[1]/XCUIElementTypeButton
2017-04-13 16:24:48-main--INFO -com.ctaf.accelerators.TestEngine:Able to click on Search
2017-04-13 16:24:54-main--INFO -com.ctaf.accelerators.TestEngine:Typing is performed on Origin
2017-04-13 16:24:56-main--INFO -com.ctaf.accelerators.TestEngine:Able to click on RUH
2017-04-13 16:25:02-main--INFO -com.ctaf.accelerators.TestEngine:Typing is performed on Destination
2017-04-13 16:25:05-main--INFO -com.ctaf.accelerators.TestEngine:Able to click on GIZ
2017-04-13 16:25:08-main--INFO -com.ctaf.accelerators.TestEngine:Able to click on Find Flights
2017-04-13 16:25:58-main--INFO -com.ctaf.accelerators.TestEngine:Able to click on By.xpath: //XCUIElementTypeTable/XCUIElementTypeCell[1]/XCUIElementTypeButton[3]
2017-04-13 16:26:20-main--INFO -com.ctaf.accelerators.TestEngine:Able to click on By.xpath: //*[@label='Continue to Select Extras']
2017-04-13 16:26:37-main--INFO -com.ctaf.accelerators.TestEngine:Able to click on By.xpath: //*[@label='Continue to Select Seat']
2017-04-13 16:26:45-main--INFO -com.ctaf.accelerators.TestEngine:Able to click on By.xpath: //*[@label='Continue to Payment']
2017-04-13 16:26:52-main--INFO -com.ctaf.accelerators.TestEngine:Typing is performed on Card Number
2017-04-13 16:27:01-main--INFO -com.ctaf.accelerators.TestEngine:Typing is performed on Card Holder Name
2017-04-13 16:27:13-main--INFO -com.ctaf.accelerators.TestEngine:Typing is performed on Expiry Date
2017-04-13 16:27:21-main--INFO -com.ctaf.accelerators.TestEngine:Typing is performed on cvv
2017-04-13 16:27:30-main--INFO -com.ctaf.accelerators.TestEngine:Able to click on Purchase
2017-04-13 16:27:55-main--INFO -com.ctaf.accelerators.TestEngine:Able to click on By.xpath: //*[@label='icn home']
2017-04-13 16:28:01-main--INFO -com.ctaf.accelerators.TestEngine:Able to click on By.xpath: //*[@label='Online check-in']
2017-04-13 16:28:25-main--INFO -com.ctaf.accelerators.TestEngine:Able to click on By.xpath: //*[@label='QYLS3A']/following-sibling::XCUIElementTypeButton
2017-04-13 16:28:38-main--INFO -com.ctaf.accelerators.TestEngine:Able to click on By.xpath: //*[@label='I agree to the Terms and Conditions.']/preceding-sibling::XCUIElementTypeButton
2017-04-13 16:31:14-main--INFO -com.ctaf.accelerators.TestEngine:Starting browser : iphone
2017-04-13 16:31:56-main--INFO -com.ctaf.accelerators.TestEngine:Current Test : TC_10_oneWayDomesticEconomy_RUH_ABT
2017-04-13 16:32:01-main--INFO -com.ctaf.accelerators.TestEngine:Able to click on By.xpath: //*[@label='Online check-in']
2017-04-13 16:33:27-main--INFO -com.ctaf.accelerators.TestEngine:Able to click on By.xpath: //*[@label='I8W3YW']/following-sibling::XCUIElementTypeButton
2017-04-13 16:54:47-main--INFO -com.ctaf.accelerators.TestEngine:Starting browser : iphone
2017-04-13 16:55:30-main--INFO -com.ctaf.accelerators.TestEngine:Current Test : TC_11_roundTripDomesticEconomy_JED_DMM
2017-04-13 18:13:23-main--INFO -com.ctaf.accelerators.TestEngine:Starting browser : iphone
2017-04-13 18:14:39-main--INFO -com.ctaf.accelerators.TestEngine:Current Test : TC_11_roundTripDomesticEconomy_JED_DMM
2017-04-13 18:20:58-main--INFO -com.ctaf.accelerators.TestEngine:Able to click on By.xpath: //*[@label='Book flights']
2017-04-13 18:21:05-main--INFO -com.ctaf.accelerators.TestEngine:Able to click on By.xpath: //*[@label='Return']
2017-04-13 18:21:12-main--INFO -com.ctaf.accelerators.TestEngine:Able to click on By.xpath: //XCUIElementTypeOther[3]/XCUIElementTypeOther[1]/XCUIElementTypeButton
2017-04-13 18:21:17-main--INFO -com.ctaf.accelerators.TestEngine:Able to click on Search
2017-04-13 18:21:24-main--INFO -com.ctaf.accelerators.TestEngine:Typing is performed on Origin
2017-04-13 18:21:26-main--INFO -com.ctaf.accelerators.TestEngine:Able to click on JED
2017-04-13 18:21:32-main--INFO -com.ctaf.accelerators.TestEngine:Typing is performed on Destination
2017-04-13 18:21:35-main--INFO -com.ctaf.accelerators.TestEngine:Able to click on DMM
2017-04-13 18:21:38-main--INFO -com.ctaf.accelerators.TestEngine:Able to click on Find Flights
2017-04-13 18:22:25-main--INFO -com.ctaf.accelerators.TestEngine:Able to click on By.xpath: //XCUIElementTypeTable/XCUIElementTypeCell[1]/XCUIElementTypeButton[3]
2017-04-13 18:22:56-main--INFO -com.ctaf.accelerators.TestEngine:Able to click on By.xpath: //XCUIElementTypeTable/XCUIElementTypeCell[1]/XCUIElementTypeButton[3]
2017-04-13 18:23:00-main--INFO -com.ctaf.accelerators.TestEngine: Able to get TscreenShot
2017-04-13 18:23:48-main--INFO -com.ctaf.accelerators.TestEngine:Starting browser : iphone
2017-04-13 18:24:33-main--INFO -com.ctaf.accelerators.TestEngine:Current Test : TC_11_roundTripDomesticEconomy_JED_DMM
2017-04-13 18:24:41-main--INFO -com.ctaf.accelerators.TestEngine:Able to click on By.xpath: //*[@label='Book flights']
2017-04-13 18:24:47-main--INFO -com.ctaf.accelerators.TestEngine:Able to click on By.xpath: //*[@label='Return']
2017-04-13 18:24:54-main--INFO -com.ctaf.accelerators.TestEngine:Able to click on By.xpath: //XCUIElementTypeOther[3]/XCUIElementTypeOther[1]/XCUIElementTypeButton
2017-04-13 18:25:00-main--INFO -com.ctaf.accelerators.TestEngine:Able to click on Search
2017-04-13 18:25:06-main--INFO -com.ctaf.accelerators.TestEngine:Typing is performed on Origin
2017-04-13 18:25:08-main--INFO -com.ctaf.accelerators.TestEngine:Able to click on JED
2017-04-13 18:25:14-main--INFO -com.ctaf.accelerators.TestEngine:Typing is performed on Destination
2017-04-13 18:25:17-main--INFO -com.ctaf.accelerators.TestEngine:Able to click on DMM
2017-04-13 18:25:20-main--INFO -com.ctaf.accelerators.TestEngine:Able to click on Find Flights
2017-04-13 18:26:05-main--INFO -com.ctaf.accelerators.TestEngine:Able to click on By.xpath: //XCUIElementTypeTable/XCUIElementTypeCell[1]/XCUIElementTypeButton[3]
2017-04-13 18:26:37-main--INFO -com.ctaf.accelerators.TestEngine:Able to click on By.xpath: //XCUIElementTypeTable/XCUIElementTypeCell[1]/XCUIElementTypeButton[3]
2017-04-13 18:26:41-main--INFO -com.ctaf.accelerators.TestEngine: Able to get TscreenShot
2017-04-13 18:29:07-main--INFO -com.ctaf.accelerators.TestEngine:Starting browser : iphone
2017-04-13 18:29:51-main--INFO -com.ctaf.accelerators.TestEngine:Current Test : TC_11_roundTripDomesticEconomy_JED_DMM
2017-04-13 18:29:59-main--INFO -com.ctaf.accelerators.TestEngine:Able to click on By.xpath: //*[@label='Book flights']
2017-04-13 18:30:05-main--INFO -com.ctaf.accelerators.TestEngine:Able to click on By.xpath: //*[@label='Return']
2017-04-13 18:30:12-main--INFO -com.ctaf.accelerators.TestEngine:Able to click on By.xpath: //XCUIElementTypeOther[3]/XCUIElementTypeOther[1]/XCUIElementTypeButton
2017-04-13 18:30:17-main--INFO -com.ctaf.accelerators.TestEngine:Able to click on Search
2017-04-13 18:30:24-main--INFO -com.ctaf.accelerators.TestEngine:Typing is performed on Origin
2017-04-13 18:30:26-main--INFO -com.ctaf.accelerators.TestEngine:Able to click on JED
2017-04-13 18:30:32-main--INFO -com.ctaf.accelerators.TestEngine:Typing is performed on Destination
2017-04-13 18:30:35-main--INFO -com.ctaf.accelerators.TestEngine:Able to click on DMM
2017-04-13 18:30:38-main--INFO -com.ctaf.accelerators.TestEngine:Able to click on Find Flights
2017-04-13 18:31:22-main--INFO -com.ctaf.accelerators.TestEngine:Able to click on By.xpath: //XCUIElementTypeTable/XCUIElementTypeCell[1]/XCUIElementTypeButton[3]
2017-04-13 18:31:53-main--INFO -com.ctaf.accelerators.TestEngine:Able to click on By.xpath: //XCUIElementTypeTable/XCUIElementTypeCell[1]/XCUIElementTypeButton[3]
2017-04-13 18:32:16-main--INFO -com.ctaf.accelerators.TestEngine:Able to click on By.xpath: //*[@label='Continue to Select Extras']
2017-04-13 18:32:38-main--INFO -com.ctaf.accelerators.TestEngine:Able to click on By.xpath: //*[@label='Continue to Select Seat']
2017-04-13 18:32:46-main--INFO -com.ctaf.accelerators.TestEngine:Able to click on By.xpath: //*[@label='Continue to Payment']
2017-04-13 18:32:55-main--INFO -com.ctaf.accelerators.TestEngine:Typing is performed on Card Number
2017-04-13 18:33:04-main--INFO -com.ctaf.accelerators.TestEngine:Typing is performed on Card Holder Name
2017-04-13 18:33:17-main--INFO -com.ctaf.accelerators.TestEngine:Typing is performed on Expiry Date
2017-04-13 18:33:26-main--INFO -com.ctaf.accelerators.TestEngine:Typing is performed on cvv
2017-04-13 18:33:35-main--INFO -com.ctaf.accelerators.TestEngine:Able to click on Purchase
2017-04-13 18:34:12-main--INFO -com.ctaf.accelerators.TestEngine:Able to click on By.xpath: //*[@label='icn home']
2017-04-13 18:34:18-main--INFO -com.ctaf.accelerators.TestEngine:Able to click on By.xpath: //*[@label='Manage my booking']
