2016-12-14 10:34:35-main--INFO -com.ctaf.accelerators.TestEngine:Starting browser : ie
2016-12-14 10:34:51-main--INFO -com.ctaf.accelerators.TestEngine:Current Test : TC_01_oneWayDomesticEcoSADAD
2016-12-14 10:35:45-main--INFO -com.ctaf.accelerators.TestEngine:Starting browser : ie
2016-12-14 10:35:55-main--INFO -com.ctaf.accelerators.TestEngine:Current Test : TC_01_oneWayDomesticEcoSADAD
2016-12-14 10:39:09-main--INFO -com.ctaf.accelerators.TestEngine:Starting browser : ie
2016-12-14 10:39:19-main--INFO -com.ctaf.accelerators.TestEngine:Current Test : TC_01_oneWayDomesticEcoSADAD
2016-12-14 10:40:38-main--INFO -com.ctaf.accelerators.TestEngine: Able to get TscreenShot
2016-12-14 10:44:31-main--INFO -com.ctaf.accelerators.TestEngine:Starting browser : ie
2016-12-14 10:44:39-main--INFO -com.ctaf.accelerators.TestEngine:Current Test : TC_01_oneWayDomesticEcoSADAD
2016-12-14 10:45:17-main--INFO -com.ctaf.accelerators.TestEngine:Starting browser : Chrome
2016-12-14 10:45:53-main--INFO -com.ctaf.accelerators.TestEngine:Current Test : TC_01_oneWayDomesticEcoSADAD
2016-12-14 10:47:29-main--INFO -com.ctaf.accelerators.TestEngine: Able to get TscreenShot
2016-12-14 10:49:26-main--INFO -com.ctaf.accelerators.TestEngine:Starting browser : Chrome
2016-12-14 10:50:02-main--INFO -com.ctaf.accelerators.TestEngine:Current Test : TC_01_oneWayDomesticEcoSADAD
2016-12-14 10:51:36-main--INFO -com.ctaf.accelerators.TestEngine: Able to get TscreenShot
2016-12-14 10:52:09-main--INFO -com.ctaf.accelerators.TestEngine:Starting browser : Chrome
2016-12-14 10:52:16-main--INFO -com.ctaf.accelerators.TestEngine:Current Test : TC_01_oneWayDomesticEcoSADAD
2016-12-14 10:53:51-main--INFO -com.ctaf.accelerators.TestEngine: Able to get TscreenShot
2016-12-14 10:57:09-main--INFO -com.ctaf.accelerators.TestEngine:Starting browser : Chrome
2016-12-14 10:57:26-main--INFO -com.ctaf.accelerators.TestEngine:Current Test : TC_01_oneWayDomesticEcoSADAD
2016-12-14 11:01:21-main--INFO -com.ctaf.accelerators.TestEngine: Able to get TscreenShot
2016-12-14 11:04:37-main--INFO -com.ctaf.accelerators.TestEngine:Starting browser : Chrome
2016-12-14 11:04:48-main--INFO -com.ctaf.accelerators.TestEngine:Current Test : TC_01_oneWayDomesticEcoSADAD
2016-12-14 11:06:23-main--INFO -com.ctaf.accelerators.TestEngine: Able to get TscreenShot
2016-12-14 11:08:02-main--INFO -com.ctaf.accelerators.TestEngine:Starting browser : Chrome
2016-12-14 11:08:15-main--INFO -com.ctaf.accelerators.TestEngine:Current Test : TC_01_oneWayDomesticEcoSADAD
2016-12-14 11:09:10-main--INFO -com.ctaf.accelerators.TestEngine: Able to get TscreenShot
2016-12-14 11:11:14-main--INFO -com.ctaf.accelerators.TestEngine:Starting browser : Chrome
2016-12-14 11:11:26-main--INFO -com.ctaf.accelerators.TestEngine:Current Test : TC_01_oneWayDomesticEcoSADAD
2016-12-14 11:14:41-main--INFO -com.ctaf.accelerators.TestEngine: Able to get TscreenShot
2016-12-14 11:39:08-main--INFO -com.ctaf.accelerators.TestEngine:Starting browser : Chrome
2016-12-14 11:39:13-main--INFO -com.ctaf.accelerators.TestEngine:Current Test : TC_04_oneWayDomOneAdultCheckin
2016-12-14 11:39:33-main--INFO -com.ctaf.accelerators.TestEngine:Starting browser : Android
2016-12-14 11:39:50-main--INFO -com.ctaf.accelerators.TestEngine:Current Test : TC_04_oneWayDomOneAdultCheckin
2016-12-14 11:40:36-main--INFO -com.ctaf.accelerators.TestEngine:Starting browser : Android
2016-12-14 11:40:51-main--INFO -com.ctaf.accelerators.TestEngine:Current Test : TC_04_oneWayDomOneAdultCheckin
2016-12-14 11:45:33-main--INFO -com.ctaf.accelerators.TestEngine: Able to get TscreenShot
2016-12-14 11:46:49-main--INFO -com.ctaf.accelerators.TestEngine:Starting browser : Android
2016-12-14 11:47:09-main--INFO -com.ctaf.accelerators.TestEngine:Current Test : TC_04_oneWayDomOneAdultCheckin
2016-12-14 12:06:56-main--INFO -com.ctaf.accelerators.TestEngine:Starting browser : Android
2016-12-14 12:07:04-main--INFO -com.ctaf.accelerators.TestEngine:Starting browser : Android
2016-12-14 12:07:23-main--INFO -com.ctaf.accelerators.TestEngine:Starting browser : Android
2016-12-14 12:07:42-main--INFO -com.ctaf.accelerators.TestEngine:Current Test : TC_04_oneWayDomOneAdultCheckin
2016-12-14 12:12:25-main--INFO -com.ctaf.accelerators.TestEngine:Starting browser : Android
2016-12-14 12:12:45-main--INFO -com.ctaf.accelerators.TestEngine:Current Test : TC_04_oneWayDomOneAdultCheckin
2016-12-14 12:14:03-main--INFO -com.ctaf.accelerators.TestEngine:Starting browser : Android
2016-12-14 12:14:23-main--INFO -com.ctaf.accelerators.TestEngine:Current Test : TC_04_oneWayDomOneAdultCheckin
2016-12-14 12:19:43-main--INFO -com.ctaf.accelerators.TestEngine:Starting browser : Android
2016-12-14 12:19:59-main--INFO -com.ctaf.accelerators.TestEngine:Current Test : TC_04_oneWayDomOneAdultCheckin
2016-12-14 12:30:25-main--INFO -com.ctaf.accelerators.TestEngine:Starting browser : Android
2016-12-14 12:30:44-main--INFO -com.ctaf.accelerators.TestEngine:Current Test : TC_01_oneWayDomesticEcoSADAD
2016-12-14 12:31:12-main--INFO -com.ctaf.accelerators.TestEngine:Starting browser : Chrome
2016-12-14 12:31:22-main--INFO -com.ctaf.accelerators.TestEngine:Current Test : TC_01_oneWayDomesticEcoSADAD
2016-12-14 12:40:15-main--INFO -com.ctaf.accelerators.TestEngine:Starting browser : Chrome
2016-12-14 12:40:52-main--INFO -com.ctaf.accelerators.TestEngine:Current Test : TC_01_oneWayDomesticEcoSADAD
2016-12-14 12:42:35-main--INFO -com.ctaf.accelerators.TestEngine: Able to get TscreenShot
2016-12-14 12:43:48-main--INFO -com.ctaf.accelerators.TestEngine:Starting browser : Chrome
2016-12-14 12:43:57-main--INFO -com.ctaf.accelerators.TestEngine:Current Test : TC_01_oneWayDomesticEcoSADAD
2016-12-14 12:46:41-main--INFO -com.ctaf.accelerators.TestEngine: Able to get TscreenShot
2016-12-14 12:50:45-main--INFO -com.ctaf.accelerators.TestEngine:Starting browser : Chrome
2016-12-14 12:50:54-main--INFO -com.ctaf.accelerators.TestEngine:Current Test : TC_01_oneWayDomesticEcoSADAD
2016-12-14 13:03:05-main--INFO -com.ctaf.accelerators.TestEngine:Starting browser : Chrome
2016-12-14 13:03:16-main--INFO -com.ctaf.accelerators.TestEngine:Current Test : TC_02_oneWayDomesticBusiness
2016-12-14 13:03:49-main--INFO -com.ctaf.accelerators.TestEngine: Able to get TscreenShot
2016-12-14 13:04:46-main--INFO -com.ctaf.accelerators.TestEngine:Starting browser : Chrome
2016-12-14 13:04:55-main--INFO -com.ctaf.accelerators.TestEngine:Current Test : TC_02_oneWayDomesticBusiness
2016-12-14 13:08:07-main--INFO -com.ctaf.accelerators.TestEngine: Able to get TscreenShot
2016-12-14 13:13:34-main--INFO -com.ctaf.accelerators.TestEngine:Starting browser : Chrome
2016-12-14 13:13:43-main--INFO -com.ctaf.accelerators.TestEngine:Current Test : TC_02_oneWayDomesticBusiness
2016-12-14 13:17:51-main--INFO -com.ctaf.accelerators.TestEngine:Starting browser : Chrome
2016-12-14 13:18:00-main--INFO -com.ctaf.accelerators.TestEngine:Current Test : TC_02_oneWayDomesticBusiness
2016-12-14 13:23:12-main--INFO -com.ctaf.accelerators.TestEngine:Android
2016-12-14 13:23:35-main--INFO -com.ctaf.accelerators.TestEngine:Android
2016-12-14 13:23:53-main--INFO -com.ctaf.accelerators.TestEngine:Current Test : TC_01_oneWayDomesticEcoSADAD
2016-12-14 13:28:32-main--INFO -com.ctaf.accelerators.TestEngine: Able to get TscreenShot
2016-12-14 13:28:35-main--INFO -com.ctaf.accelerators.TestEngine:Current Test : TC_02_oneWayDomesticBusinessCC
2016-12-14 13:32:56-main--INFO -com.ctaf.accelerators.TestEngine: Able to get TscreenShot
2016-12-14 13:32:58-main--INFO -com.ctaf.accelerators.TestEngine:Current Test : TC_03_oneWayDomesticEcoChangeDate
2016-12-14 13:37:25-main--INFO -com.ctaf.accelerators.TestEngine: Able to get TscreenShot
2016-12-14 13:37:27-main--INFO -com.ctaf.accelerators.TestEngine:Current Test : TC_04_oneWayDomOneAdultCheckin
2016-12-14 13:41:48-main--INFO -com.ctaf.accelerators.TestEngine: Able to get TscreenShot
2016-12-14 14:31:52-main--INFO -com.ctaf.accelerators.TestEngine:Android
2016-12-14 14:32:15-main--INFO -com.ctaf.accelerators.TestEngine:Current Test : TC_01_oneWayDomesticEcoSADAD
2016-12-14 14:32:45-main--INFO -com.ctaf.accelerators.TestEngine:Android
2016-12-14 14:33:00-main--INFO -com.ctaf.accelerators.TestEngine:Current Test : TC_01_oneWayDomesticEcoSADAD
2016-12-14 14:38:09-main--INFO -com.ctaf.accelerators.TestEngine: Able to get TscreenShot
2016-12-14 14:38:12-main--INFO -com.ctaf.accelerators.TestEngine:Current Test : TC_02_oneWayDomesticBusinessCC
2016-12-14 14:42:47-main--INFO -com.ctaf.accelerators.TestEngine: Able to get TscreenShot
2016-12-14 14:42:49-main--INFO -com.ctaf.accelerators.TestEngine:Current Test : TC_03_oneWayDomesticEcoChangeDate
2016-12-14 14:47:35-main--INFO -com.ctaf.accelerators.TestEngine: Able to get TscreenShot
2016-12-14 14:47:37-main--INFO -com.ctaf.accelerators.TestEngine:Current Test : TC_04_oneWayDomOneAdultCheckin
2016-12-14 14:52:21-main--INFO -com.ctaf.accelerators.TestEngine:Android
2016-12-14 14:52:37-main--INFO -com.ctaf.accelerators.TestEngine:Current Test : TC_01_oneWayDomesticEcoSADAD
2016-12-14 14:57:31-main--INFO -com.ctaf.accelerators.TestEngine: Able to get TscreenShot
2016-12-14 14:57:33-main--INFO -com.ctaf.accelerators.TestEngine:Current Test : TC_02_oneWayDomesticBusinessCC
2016-12-14 14:59:09-main--INFO -com.ctaf.accelerators.TestEngine:Android
2016-12-14 14:59:41-main--INFO -com.ctaf.accelerators.TestEngine:Android
2016-12-14 15:00:03-main--INFO -com.ctaf.accelerators.TestEngine:Current Test : TC_01_oneWayDomesticEcoSADAD
2016-12-14 15:02:46-main--INFO -com.ctaf.accelerators.TestEngine:Current Test : TC_02_oneWayDomesticBusinessCC
2016-12-14 15:05:09-main--INFO -com.ctaf.accelerators.TestEngine:Current Test : TC_03_oneWayDomesticEcoChangeDate
2016-12-14 15:05:51-main--INFO -com.ctaf.accelerators.TestEngine:Android
2016-12-14 15:06:06-main--INFO -com.ctaf.accelerators.TestEngine:Current Test : TC_01_oneWayDomesticEcoSADAD
2016-12-14 15:11:26-main--INFO -com.ctaf.accelerators.TestEngine: Able to get TscreenShot
2016-12-14 15:11:28-main--INFO -com.ctaf.accelerators.TestEngine:Current Test : TC_02_oneWayDomesticBusinessCC
2016-12-14 15:12:44-main--INFO -com.ctaf.accelerators.TestEngine: Able to get TscreenShot
2016-12-14 15:12:46-main--INFO -com.ctaf.accelerators.TestEngine:Current Test : TC_03_oneWayDomesticEcoChangeDate
2016-12-14 15:22:14-main--INFO -com.ctaf.accelerators.TestEngine:Android
2016-12-14 15:22:27-main--INFO -com.ctaf.accelerators.TestEngine:Android
2016-12-14 15:22:43-main--INFO -com.ctaf.accelerators.TestEngine:Current Test : TC_01_oneWayDomesticEcoSADAD
2016-12-14 15:28:08-main--INFO -com.ctaf.accelerators.TestEngine: Able to get TscreenShot
2016-12-14 15:28:08-main--INFO -com.ctaf.accelerators.TestEngine: Able to get TscreenShot
2016-12-14 15:28:11-main--INFO -com.ctaf.accelerators.TestEngine:Current Test : TC_02_oneWayDomesticBusinessCC
2016-12-14 15:34:39-main--INFO -com.ctaf.accelerators.TestEngine:Current Test : TC_03_oneWayDomesticEcoChangeDate
2016-12-14 15:41:09-main--INFO -com.ctaf.accelerators.TestEngine: Able to get TscreenShot
2016-12-14 15:41:12-main--INFO -com.ctaf.accelerators.TestEngine:Current Test : TC_04_oneWayDomOneAdultCheckin
2016-12-14 15:48:26-main--INFO -com.ctaf.accelerators.TestEngine: Able to get TscreenShot
2016-12-14 15:55:07-main--INFO -com.ctaf.accelerators.TestEngine:Starting browser : Chrome
2016-12-14 15:55:20-main--INFO -com.ctaf.accelerators.TestEngine:Current Test : TC_05_oneWayDomNineAdultCheckin
2016-12-14 15:56:02-main--INFO -com.ctaf.accelerators.TestEngine:Starting browser : Chrome
2016-12-14 15:56:08-main--INFO -com.ctaf.accelerators.TestEngine:Current Test : TC_05_oneWayDomNineAdultCheckin
2016-12-14 16:04:00-main--INFO -com.ctaf.accelerators.TestEngine:Starting browser : Android
2016-12-14 16:04:17-main--INFO -com.ctaf.accelerators.TestEngine:Current Test : TC_05_oneWayDomNineAdultCheckin
2016-12-14 16:13:11-main--INFO -com.ctaf.accelerators.TestEngine:Starting browser : Android
2016-12-14 16:13:32-main--INFO -com.ctaf.accelerators.TestEngine:Current Test : TC_05_oneWayDomNineAdultCheckin
2016-12-14 16:15:29-main--INFO -com.ctaf.accelerators.TestEngine:Starting browser : Android
2016-12-14 16:15:51-main--INFO -com.ctaf.accelerators.TestEngine:Current Test : TC_05_oneWayDomNineAdultCheckin
2016-12-14 16:18:55-main--INFO -com.ctaf.accelerators.TestEngine:Starting browser : Android
2016-12-14 16:19:19-main--INFO -com.ctaf.accelerators.TestEngine:Current Test : TC_05_oneWayDomNineAdultCheckin
2016-12-14 16:26:02-main--INFO -com.ctaf.accelerators.TestEngine:Starting browser : Android
2016-12-14 16:26:22-main--INFO -com.ctaf.accelerators.TestEngine:Current Test : TC_05_oneWayDomNineAdultCheckin
2016-12-14 16:30:41-main--INFO -com.ctaf.accelerators.TestEngine: Able to get TscreenShot
2016-12-14 16:31:30-main--INFO -com.ctaf.accelerators.TestEngine:Starting browser : Android
2016-12-14 16:31:53-main--INFO -com.ctaf.accelerators.TestEngine:Starting browser : Android
2016-12-14 16:32:16-main--INFO -com.ctaf.accelerators.TestEngine:Current Test : TC_05_oneWayDomNineAdultCheckin
2016-12-14 17:33:57-main--INFO -com.ctaf.accelerators.TestEngine:Starting browser : Android
2016-12-14 17:35:10-main--INFO -com.ctaf.accelerators.TestEngine:Starting browser : Android
2016-12-14 17:37:10-main--INFO -com.ctaf.accelerators.TestEngine:Starting browser : Android
