2017-08-10 12:05:34-main--INFO -com.ctaf.accelerators.TestEngine:Starting browser : iphone
2017-08-10 12:06:43-main--INFO -com.ctaf.accelerators.TestEngine:Starting browser : iphone
2017-08-10 12:07:43-main--INFO -com.ctaf.accelerators.TestEngine:Current Test : TC_08_roundTripInt1Adt1chld1infntBusExtras
2017-08-10 12:07:53-main--INFO -com.ctaf.accelerators.TestEngine:Able to click on By.xpath: //*[@label='Book flights']
2017-08-10 12:13:51-main--INFO -com.ctaf.accelerators.TestEngine:Able to click on By.xpath: //XCUIElementTypeTable/XCUIElementTypeCell[2]/XCUIElementTypeButton[19]
2017-08-10 12:17:47-main--INFO -com.ctaf.accelerators.TestEngine:Unable to click on By.xpath: //XCUIElementTypeTable/XCUIElementTypeCell[1]/XCUIElementTypeButton[19]
2017-08-10 12:33:50-main--INFO -com.ctaf.accelerators.TestEngine:Starting browser : iphone
2017-08-10 12:34:11-main--INFO -com.ctaf.accelerators.TestEngine:Starting browser : iphone
2017-08-10 12:35:35-main--INFO -com.ctaf.accelerators.TestEngine:Starting browser : iphone
2017-08-10 12:36:20-main--INFO -com.ctaf.accelerators.TestEngine:Current Test : TC_08_roundTripInt1Adt1chld1infntBusExtras
2017-08-10 12:36:30-main--INFO -com.ctaf.accelerators.TestEngine:Able to click on By.xpath: //*[@label='Book flights']
2017-08-10 12:38:39-main--INFO -com.ctaf.accelerators.TestEngine:Able to click on By.xpath: //XCUIElementTypeTable/XCUIElementTypeCell[2]/XCUIElementTypeButton[19]
2017-08-10 12:39:43-main--INFO -com.ctaf.accelerators.TestEngine:Able to click on By.xpath: //XCUIElementTypeTable/XCUIElementTypeCell[1]/XCUIElementTypeButton[21]
2017-08-10 12:43:23-main--INFO -com.ctaf.accelerators.TestEngine:Unable to click on By.xpath: //*[@label='Title*']/following-sibling::XCUIElementTypeButton[1]
2017-08-10 12:44:47-main--INFO -com.ctaf.accelerators.TestEngine:Starting browser : iphone
2017-08-10 12:45:32-main--INFO -com.ctaf.accelerators.TestEngine:Current Test : TC_08_roundTripInt1Adt1chld1infntBusExtras
2017-08-10 12:45:41-main--INFO -com.ctaf.accelerators.TestEngine:Able to click on By.xpath: //*[@label='Book flights']
2017-08-10 12:47:42-main--INFO -com.ctaf.accelerators.TestEngine:Able to click on By.xpath: //*[@label='Title*']/following-sibling::XCUIElementTypeButton[1]
2017-08-10 12:48:07-main--INFO -com.ctaf.accelerators.TestEngine:Typing is performed on Tittle
2017-08-10 12:48:36-main--INFO -com.ctaf.accelerators.TestEngine:Typing is performed on firstName
2017-08-10 12:49:02-main--INFO -com.ctaf.accelerators.TestEngine:Typing is performed on LastName
2017-08-10 12:50:19-main--INFO -com.ctaf.accelerators.TestEngine:Able to click on By.xpath: //*[@label='Date of birth*']/following-sibling:: XCUIElementTypeButton[2]
2017-08-10 12:50:58-main--INFO -com.ctaf.accelerators.TestEngine:Typing is performed on Date Of Birth
2017-08-10 12:52:47-main--INFO -com.ctaf.accelerators.TestEngine:Typing is performed on ID Number
2017-08-10 12:53:36-main--INFO -com.ctaf.accelerators.TestEngine:Able to click on By.xpath: //*[@label='ID Expiry Date*']/following-sibling::XCUIElementTypeButton[4]
2017-08-10 12:55:59-main--INFO -com.ctaf.accelerators.TestEngine:Typing is not performed on ID Expiry Date
2017-08-10 12:56:00-main--INFO -com.ctaf.accelerators.TestEngine: Able to get TscreenShot
2017-08-10 15:37:00-main--INFO -com.ctaf.accelerators.TestEngine:Starting browser : iphone
2017-08-10 15:37:58-main--INFO -com.ctaf.accelerators.TestEngine:Current Test : TC_08_roundTripInt1Adt1chld1infntBusExtras
2017-08-10 15:38:08-main--INFO -com.ctaf.accelerators.TestEngine:Able to click on By.xpath: //*[@label='Book flights']
2017-08-10 15:39:29-main--INFO -com.ctaf.accelerators.TestEngine:Able to click on By.xpath: //*[@label='Title*']/following-sibling::XCUIElementTypeButton[1]
2017-08-10 15:40:27-main--INFO -com.ctaf.accelerators.TestEngine:Typing is performed on Tittle
2017-08-10 15:42:00-main--INFO -com.ctaf.accelerators.TestEngine:Typing is performed on firstName
2017-08-10 15:42:46-main--INFO -com.ctaf.accelerators.TestEngine:Typing is performed on LastName
2017-08-10 15:44:23-main--INFO -com.ctaf.accelerators.TestEngine:Able to click on By.xpath: //*[@label='Date of birth*']/following-sibling:: XCUIElementTypeButton[2]
2017-08-10 15:44:48-main--INFO -com.ctaf.accelerators.TestEngine:Typing is performed on Date Of Birth
2017-08-10 15:45:14-main--INFO -com.ctaf.accelerators.TestEngine:Typing is performed on ID Number
2017-08-10 15:46:17-main--INFO -com.ctaf.accelerators.TestEngine:Starting browser : iphone
2017-08-10 15:47:01-main--INFO -com.ctaf.accelerators.TestEngine:Current Test : TC_08_roundTripInt1Adt1chld1infntBusExtras
2017-08-10 15:47:10-main--INFO -com.ctaf.accelerators.TestEngine:Able to click on By.xpath: //*[@label='Book flights']
2017-08-10 15:47:50-main--INFO -com.ctaf.accelerators.TestEngine:Starting browser : iphone
2017-08-10 15:48:33-main--INFO -com.ctaf.accelerators.TestEngine:Current Test : TC_08_roundTripInt1Adt1chld1infntBusExtras
2017-08-10 15:48:43-main--INFO -com.ctaf.accelerators.TestEngine:Able to click on By.xpath: //*[@label='Book flights']
2017-08-10 15:49:24-main--INFO -com.ctaf.accelerators.TestEngine:Able to click on By.xpath: //*[@label='Title*']/following-sibling::XCUIElementTypeButton[1]
2017-08-10 15:49:46-main--INFO -com.ctaf.accelerators.TestEngine:Typing is performed on Tittle
2017-08-10 15:53:40-main--INFO -com.ctaf.accelerators.TestEngine:Typing is performed on firstName
2017-08-10 15:54:03-main--INFO -com.ctaf.accelerators.TestEngine:Typing is performed on LastName
2017-08-10 15:57:32-main--INFO -com.ctaf.accelerators.TestEngine:Able to click on By.xpath: //*[@label='Date of birth*']/following-sibling:: XCUIElementTypeButton[2]
2017-08-10 15:57:53-main--INFO -com.ctaf.accelerators.TestEngine:Typing is performed on Date Of Birth
2017-08-10 16:02:33-main--INFO -com.ctaf.accelerators.TestEngine:Typing is performed on ID Number
2017-08-10 16:03:15-main--INFO -com.ctaf.accelerators.TestEngine:Typing is performed on naSmilyNumber
2017-08-10 16:08:28-main--INFO -com.ctaf.accelerators.TestEngine:Able to click on By.xpath: //*[@label='Title*']/following-sibling::XCUIElementTypeButton[1]
2017-08-10 16:08:50-main--INFO -com.ctaf.accelerators.TestEngine:Typing is performed on Tittle
2017-08-10 16:09:18-main--INFO -com.ctaf.accelerators.TestEngine:Typing is performed on firstName
2017-08-10 16:09:49-main--INFO -com.ctaf.accelerators.TestEngine:Typing is performed on LastName
2017-08-10 16:13:15-main--INFO -com.ctaf.accelerators.TestEngine:Able to click on By.xpath: //*[@label='Date of birth*']/following-sibling:: XCUIElementTypeButton[2]
2017-08-10 16:17:55-main--INFO -com.ctaf.accelerators.TestEngine:Typing is performed on ID Number
2017-08-10 16:18:38-main--INFO -com.ctaf.accelerators.TestEngine:Typing is performed on naSmilyNumber
2017-08-10 16:21:02-main--INFO -com.ctaf.accelerators.TestEngine:Starting browser : iphone
2017-08-10 16:21:19-main--INFO -com.ctaf.accelerators.TestEngine:Starting browser : iphone
2017-08-10 16:22:05-main--INFO -com.ctaf.accelerators.TestEngine:Current Test : TC_08_roundTripInt1Adt1chld1infntBusExtras
2017-08-10 16:22:15-main--INFO -com.ctaf.accelerators.TestEngine:Able to click on By.xpath: //*[@label='Book flights']
2017-08-10 16:23:39-main--INFO -com.ctaf.accelerators.TestEngine:Able to click on By.xpath: //*[@label='Title*']/following-sibling::XCUIElementTypeButton[1]
2017-08-10 16:24:01-main--INFO -com.ctaf.accelerators.TestEngine:Typing is performed on Tittle
2017-08-10 16:27:10-main--INFO -com.ctaf.accelerators.TestEngine:Typing is not performed on firstName
2017-08-10 16:27:30-main--INFO -com.ctaf.accelerators.TestEngine:Starting browser : iphone
2017-08-10 16:28:17-main--INFO -com.ctaf.accelerators.TestEngine:Current Test : TC_08_roundTripInt1Adt1chld1infntBusExtras
2017-08-10 16:28:27-main--INFO -com.ctaf.accelerators.TestEngine:Able to click on By.xpath: //*[@label='Book flights']
2017-08-10 16:32:04-main--INFO -com.ctaf.accelerators.TestEngine:Starting browser : iphone
2017-08-10 16:32:49-main--INFO -com.ctaf.accelerators.TestEngine:Current Test : TC_08_roundTripInt1Adt1chld1infntBusExtras
2017-08-10 16:32:59-main--INFO -com.ctaf.accelerators.TestEngine:Able to click on By.xpath: //*[@label='Book flights']
2017-08-10 16:34:55-main--INFO -com.ctaf.accelerators.TestEngine:Able to click on By.xpath: //*[@label='Title*']/following-sibling::XCUIElementTypeButton[1]
2017-08-10 16:35:16-main--INFO -com.ctaf.accelerators.TestEngine:Typing is performed on Tittle
2017-08-10 16:39:11-main--INFO -com.ctaf.accelerators.TestEngine:Typing is performed on firstName
2017-08-10 16:39:34-main--INFO -com.ctaf.accelerators.TestEngine:Typing is performed on LastName
2017-08-10 16:42:58-main--INFO -com.ctaf.accelerators.TestEngine:Able to click on By.xpath: //*[@label='Date of birth*']/following-sibling:: XCUIElementTypeButton[2]
2017-08-10 16:43:19-main--INFO -com.ctaf.accelerators.TestEngine:Typing is performed on Date Of Birth
2017-08-10 16:47:59-main--INFO -com.ctaf.accelerators.TestEngine:Typing is performed on ID Number
2017-08-10 16:48:42-main--INFO -com.ctaf.accelerators.TestEngine:Typing is performed on naSmilyNumber
2017-08-10 16:54:15-main--INFO -com.ctaf.accelerators.TestEngine:Able to click on By.xpath: //*[@label='Title*']/following-sibling::XCUIElementTypeButton[1]
2017-08-10 16:54:36-main--INFO -com.ctaf.accelerators.TestEngine:Typing is performed on Tittle
2017-08-10 16:58:31-main--INFO -com.ctaf.accelerators.TestEngine:Typing is performed on firstName
2017-08-10 16:58:54-main--INFO -com.ctaf.accelerators.TestEngine:Typing is performed on LastName
2017-08-10 17:02:18-main--INFO -com.ctaf.accelerators.TestEngine:Able to click on By.xpath: //*[@label='Date of birth*']/following-sibling:: XCUIElementTypeButton[2]
2017-08-10 17:02:39-main--INFO -com.ctaf.accelerators.TestEngine:Typing is performed on Date Of Birth
2017-08-10 17:07:19-main--INFO -com.ctaf.accelerators.TestEngine:Typing is performed on ID Number
2017-08-10 17:08:02-main--INFO -com.ctaf.accelerators.TestEngine:Typing is performed on naSmilyNumber
2017-08-10 18:23:24-main--INFO -com.ctaf.accelerators.TestEngine:Able to click on By.xpath: //*[@label='Title*']/following-sibling::XCUIElementTypeButton[1]
2017-08-10 18:23:47-main--INFO -com.ctaf.accelerators.TestEngine:Typing is performed on Tittle
2017-08-10 18:26:09-main--INFO -com.ctaf.accelerators.TestEngine:Typing is performed on firstName
2017-08-10 18:27:13-main--INFO -com.ctaf.accelerators.TestEngine:Typing is performed on LastName
2017-08-10 18:27:58-main--INFO -com.ctaf.accelerators.TestEngine:Able to click on By.xpath: //*[@label='Date of birth*']/following-sibling:: XCUIElementTypeButton[2]
2017-08-10 18:28:23-main--INFO -com.ctaf.accelerators.TestEngine:Typing is performed on Date Of Birth
2017-08-10 18:28:49-main--INFO -com.ctaf.accelerators.TestEngine:Typing is performed on ID Number
2017-08-10 18:30:47-main--INFO -com.ctaf.accelerators.TestEngine:Starting browser : iphone
2017-08-10 18:31:34-main--INFO -com.ctaf.accelerators.TestEngine:Current Test : TC_08_roundTripInt1Adt1chld1infntBusExtras
2017-08-10 18:31:43-main--INFO -com.ctaf.accelerators.TestEngine:Able to click on By.xpath: //*[@label='Book flights']
2017-08-10 18:32:35-main--INFO -com.ctaf.accelerators.TestEngine:Able to click on By.xpath: //*[@label='Title*']/following-sibling::XCUIElementTypeButton[1]
2017-08-10 18:32:57-main--INFO -com.ctaf.accelerators.TestEngine:Typing is performed on Tittle
2017-08-10 18:36:52-main--INFO -com.ctaf.accelerators.TestEngine:Typing is performed on firstName
2017-08-10 18:37:15-main--INFO -com.ctaf.accelerators.TestEngine:Typing is performed on LastName
2017-08-10 18:40:39-main--INFO -com.ctaf.accelerators.TestEngine:Able to click on By.xpath: //*[@label='Date of birth*']/following-sibling:: XCUIElementTypeButton[2]
2017-08-10 18:41:01-main--INFO -com.ctaf.accelerators.TestEngine:Typing is performed on Date Of Birth
2017-08-10 18:45:41-main--INFO -com.ctaf.accelerators.TestEngine:Typing is performed on ID Number
2017-08-10 18:49:12-main--INFO -com.ctaf.accelerators.TestEngine:Typing is performed on naSmilyNumber
2017-08-10 18:55:03-main--INFO -com.ctaf.accelerators.TestEngine:Able to click on By.xpath: //*[@label='Title*']/following-sibling::XCUIElementTypeButton[1]
2017-08-10 18:56:05-main--INFO -com.ctaf.accelerators.TestEngine:Typing is performed on Tittle
2017-08-10 18:59:50-main--INFO -com.ctaf.accelerators.TestEngine:Starting browser : iphone
2017-08-10 19:00:35-main--INFO -com.ctaf.accelerators.TestEngine:Current Test : TC_08_roundTripInt1Adt1chld1infntBusExtras
2017-08-10 19:00:44-main--INFO -com.ctaf.accelerators.TestEngine:Able to click on By.xpath: //*[@label='Book flights']
2017-08-10 19:06:16-main--INFO -com.ctaf.accelerators.TestEngine:Unable to click on By.xpath: //*[@label='Title*']/following-sibling::XCUIElementTypeButton[1]
2017-08-10 19:06:29-main--INFO -com.ctaf.accelerators.TestEngine:Starting browser : iphone
2017-08-10 19:07:14-main--INFO -com.ctaf.accelerators.TestEngine:Current Test : TC_08_roundTripInt1Adt1chld1infntBusExtras
2017-08-10 19:07:23-main--INFO -com.ctaf.accelerators.TestEngine:Able to click on By.xpath: //*[@label='Book flights']
2017-08-10 19:11:51-main--INFO -com.ctaf.accelerators.TestEngine:Starting browser : iphone
2017-08-10 19:12:25-main--INFO -com.ctaf.accelerators.TestEngine:Starting browser : iphone
2017-08-10 19:13:06-main--INFO -com.ctaf.accelerators.TestEngine:Starting browser : iphone
2017-08-10 19:18:12-main--INFO -com.ctaf.accelerators.TestEngine:Starting browser : iphone
2017-08-10 19:18:59-main--INFO -com.ctaf.accelerators.TestEngine:Starting browser : iphone
2017-08-10 19:19:44-main--INFO -com.ctaf.accelerators.TestEngine:Current Test : TC_08_roundTripInt1Adt1chld1infntBusExtras
2017-08-10 19:19:53-main--INFO -com.ctaf.accelerators.TestEngine:Able to click on By.xpath: //*[@label='Book flights']
2017-08-10 19:20:46-main--INFO -com.ctaf.accelerators.TestEngine:Able to click on By.xpath: //*[@label='Title*']/following-sibling::XCUIElementTypeButton[1]
2017-08-10 19:21:08-main--INFO -com.ctaf.accelerators.TestEngine:Typing is performed on Tittle
2017-08-10 19:25:02-main--INFO -com.ctaf.accelerators.TestEngine:Typing is performed on firstName
2017-08-10 19:25:24-main--INFO -com.ctaf.accelerators.TestEngine:Typing is performed on LastName
2017-08-10 19:28:48-main--INFO -com.ctaf.accelerators.TestEngine:Able to click on By.xpath: //*[@label='Date of birth*']/following-sibling:: XCUIElementTypeButton[2]
2017-08-10 19:29:09-main--INFO -com.ctaf.accelerators.TestEngine:Typing is performed on Date Of Birth
2017-08-10 19:30:39-main--INFO -com.ctaf.accelerators.TestEngine:Typing is not performed on ID Number
