2017-07-17 14:13:31-main--INFO -com.ctaf.accelerators.TestEngine:Starting browser : iphone
2017-07-17 14:20:58-main--INFO -com.ctaf.accelerators.TestEngine:Starting browser : iphone
2017-07-17 14:21:44-main--INFO -com.ctaf.accelerators.TestEngine:Current Test : TC_01_oneWayDomesticEconomy_RUH_JED
2017-07-17 14:21:54-main--INFO -com.ctaf.accelerators.TestEngine:Able to click on By.xpath: //*[@label='Book flights']
2017-07-17 14:22:07-main--INFO -com.ctaf.accelerators.TestEngine:Able to click on By.xpath: //*[@label='One-way']
2017-07-17 14:22:19-main--INFO -com.ctaf.accelerators.TestEngine:Able to click on By.xpath: //XCUIElementTypeOther[3]/XCUIElementTypeOther[1]/XCUIElementTypeButton
2017-07-17 14:22:25-main--INFO -com.ctaf.accelerators.TestEngine:Able to click on Search
2017-07-17 14:22:33-main--INFO -com.ctaf.accelerators.TestEngine:Typing is performed on Origin
2017-07-17 14:22:35-main--INFO -com.ctaf.accelerators.TestEngine:Able to click on RUH
2017-07-17 14:22:42-main--INFO -com.ctaf.accelerators.TestEngine:Typing is performed on Destination
2017-07-17 14:22:45-main--INFO -com.ctaf.accelerators.TestEngine:Able to click on JED
2017-07-17 14:22:48-main--INFO -com.ctaf.accelerators.TestEngine:Able to click on Find Flights
2017-07-17 14:24:15-main--INFO -com.ctaf.accelerators.TestEngine:Able to click on By.xpath: //XCUIElementTypeTable/XCUIElementTypeCell[1]/XCUIElementTypeButton[4]
2017-07-17 14:50:50-main--INFO -com.ctaf.accelerators.TestEngine:Starting browser : iphone
2017-07-17 14:51:35-main--INFO -com.ctaf.accelerators.TestEngine:Current Test : TC_01_oneWayDomesticEconomy_RUH_JED
2017-07-17 14:51:45-main--INFO -com.ctaf.accelerators.TestEngine:Able to click on By.xpath: //*[@label='Book flights']
2017-07-17 14:51:58-main--INFO -com.ctaf.accelerators.TestEngine:Able to click on By.xpath: //*[@label='One-way']
2017-07-17 14:52:10-main--INFO -com.ctaf.accelerators.TestEngine:Able to click on By.xpath: //XCUIElementTypeOther[3]/XCUIElementTypeOther[1]/XCUIElementTypeButton
2017-07-17 14:52:16-main--INFO -com.ctaf.accelerators.TestEngine:Able to click on Search
2017-07-17 14:52:23-main--INFO -com.ctaf.accelerators.TestEngine:Typing is performed on Origin
2017-07-17 14:52:26-main--INFO -com.ctaf.accelerators.TestEngine:Able to click on RUH
2017-07-17 14:52:33-main--INFO -com.ctaf.accelerators.TestEngine:Typing is performed on Destination
2017-07-17 14:52:35-main--INFO -com.ctaf.accelerators.TestEngine:Able to click on JED
2017-07-17 14:52:38-main--INFO -com.ctaf.accelerators.TestEngine:Able to click on Find Flights
2017-07-17 14:54:07-main--INFO -com.ctaf.accelerators.TestEngine:Able to click on By.xpath: //XCUIElementTypeTable/XCUIElementTypeCell[1]/XCUIElementTypeButton[4]
2017-07-17 14:54:49-main--INFO -com.ctaf.accelerators.TestEngine:Able to click on By.xpath: //*[@label='Title*']/following-sibling::XCUIElementTypeButton[2]
2017-07-17 14:57:36-main--INFO -com.ctaf.accelerators.TestEngine:Able to click on By.xpath: //*[@label='Title*']/following-sibling::XCUIElementTypeButton[2]
2017-07-17 14:57:50-main--INFO -com.ctaf.accelerators.TestEngine:Typing is performed on Date Of Birth
2017-07-17 15:44:33-main--INFO -com.ctaf.accelerators.TestEngine:Starting browser : iphone
2017-07-17 15:45:17-main--INFO -com.ctaf.accelerators.TestEngine:Current Test : TC_01_oneWayDomesticEconomy_RUH_JED
2017-07-17 15:45:27-main--INFO -com.ctaf.accelerators.TestEngine:Able to click on By.xpath: //*[@label='Book flights']
2017-07-17 15:45:40-main--INFO -com.ctaf.accelerators.TestEngine:Able to click on By.xpath: //*[@label='One-way']
2017-07-17 15:45:53-main--INFO -com.ctaf.accelerators.TestEngine:Able to click on By.xpath: //XCUIElementTypeOther[3]/XCUIElementTypeOther[1]/XCUIElementTypeButton
2017-07-17 15:45:58-main--INFO -com.ctaf.accelerators.TestEngine:Able to click on Search
2017-07-17 15:46:05-main--INFO -com.ctaf.accelerators.TestEngine:Typing is performed on Origin
2017-07-17 15:46:08-main--INFO -com.ctaf.accelerators.TestEngine:Able to click on RUH
2017-07-17 15:46:15-main--INFO -com.ctaf.accelerators.TestEngine:Typing is performed on Destination
2017-07-17 15:46:18-main--INFO -com.ctaf.accelerators.TestEngine:Able to click on JED
2017-07-17 15:46:21-main--INFO -com.ctaf.accelerators.TestEngine:Able to click on Find Flights
2017-07-17 15:49:03-main--INFO -com.ctaf.accelerators.TestEngine:Able to click on By.xpath: //XCUIElementTypeTable/XCUIElementTypeCell[3]/XCUIElementTypeButton[4]
2017-07-17 15:49:42-main--INFO -com.ctaf.accelerators.TestEngine:Able to click on By.xpath: //*[@label='Title*']/following-sibling::XCUIElementTypeButton[2]
2017-07-17 15:49:58-main--INFO -com.ctaf.accelerators.TestEngine:Typing is performed on Tittle
2017-07-17 15:52:32-main--INFO -com.ctaf.accelerators.TestEngine:Starting browser : iphone
2017-07-17 15:53:16-main--INFO -com.ctaf.accelerators.TestEngine:Current Test : TC_01_oneWayDomesticEconomy_RUH_JED
2017-07-17 15:53:25-main--INFO -com.ctaf.accelerators.TestEngine:Able to click on By.xpath: //*[@label='Book flights']
2017-07-17 15:53:38-main--INFO -com.ctaf.accelerators.TestEngine:Able to click on By.xpath: //*[@label='One-way']
2017-07-17 15:53:51-main--INFO -com.ctaf.accelerators.TestEngine:Able to click on By.xpath: //XCUIElementTypeOther[3]/XCUIElementTypeOther[1]/XCUIElementTypeButton
2017-07-17 15:53:57-main--INFO -com.ctaf.accelerators.TestEngine:Able to click on Search
2017-07-17 15:54:04-main--INFO -com.ctaf.accelerators.TestEngine:Typing is performed on Origin
2017-07-17 15:54:06-main--INFO -com.ctaf.accelerators.TestEngine:Able to click on RUH
2017-07-17 15:54:13-main--INFO -com.ctaf.accelerators.TestEngine:Typing is performed on Destination
2017-07-17 15:54:16-main--INFO -com.ctaf.accelerators.TestEngine:Able to click on JED
2017-07-17 15:54:19-main--INFO -com.ctaf.accelerators.TestEngine:Able to click on Find Flights
2017-07-17 15:56:03-main--INFO -com.ctaf.accelerators.TestEngine:Able to click on By.xpath: //XCUIElementTypeTable/XCUIElementTypeCell[1]/XCUIElementTypeButton[4]
2017-07-17 15:56:41-main--INFO -com.ctaf.accelerators.TestEngine:Able to click on By.xpath: //*[@label='Title*']/following-sibling::XCUIElementTypeButton[1]
2017-07-17 15:56:57-main--INFO -com.ctaf.accelerators.TestEngine:Typing is performed on Tittle
2017-07-17 15:57:37-main--INFO -com.ctaf.accelerators.TestEngine:Able to click on By.xpath: //*[@label='Title*']/following-sibling::XCUIElementTypeButton[1]
2017-07-17 15:57:51-main--INFO -com.ctaf.accelerators.TestEngine:Typing is performed on Tittle
2017-07-17 15:58:20-main--INFO -com.ctaf.accelerators.TestEngine:Typing is performed on firstName
2017-07-17 15:58:39-main--INFO -com.ctaf.accelerators.TestEngine:Typing is performed on LastName
2017-07-17 15:59:03-main--INFO -com.ctaf.accelerators.TestEngine:Able to click on By.xpath: //*[@label='Date of birth*']/following-sibling:: XCUIElementTypeButton[3]
2017-07-17 16:02:36-main--INFO -com.ctaf.accelerators.TestEngine:Typing is performed on Date Of Birth
2017-07-17 16:18:36-main--INFO -com.ctaf.accelerators.TestEngine:Starting browser : iphone
2017-07-17 16:19:21-main--INFO -com.ctaf.accelerators.TestEngine:Current Test : TC_01_oneWayDomesticEconomy_RUH_JED
2017-07-17 16:19:30-main--INFO -com.ctaf.accelerators.TestEngine:Able to click on By.xpath: //*[@label='Book flights']
2017-07-17 16:19:42-main--INFO -com.ctaf.accelerators.TestEngine:Able to click on By.xpath: //*[@label='One-way']
2017-07-17 16:19:55-main--INFO -com.ctaf.accelerators.TestEngine:Able to click on By.xpath: //XCUIElementTypeOther[3]/XCUIElementTypeOther[1]/XCUIElementTypeButton
2017-07-17 16:20:01-main--INFO -com.ctaf.accelerators.TestEngine:Able to click on Search
2017-07-17 16:20:08-main--INFO -com.ctaf.accelerators.TestEngine:Typing is performed on Origin
2017-07-17 16:20:10-main--INFO -com.ctaf.accelerators.TestEngine:Able to click on RUH
2017-07-17 16:20:17-main--INFO -com.ctaf.accelerators.TestEngine:Typing is performed on Destination
2017-07-17 16:20:20-main--INFO -com.ctaf.accelerators.TestEngine:Able to click on JED
2017-07-17 16:20:23-main--INFO -com.ctaf.accelerators.TestEngine:Able to click on Find Flights
2017-07-17 16:21:58-main--INFO -com.ctaf.accelerators.TestEngine:Able to click on By.xpath: //XCUIElementTypeTable/XCUIElementTypeCell[1]/XCUIElementTypeButton[3]
2017-07-17 16:25:49-main--INFO -com.ctaf.accelerators.TestEngine:Able to click on By.xpath: //*[@label='Title*']/following-sibling::XCUIElementTypeButton[1]
2017-07-17 16:27:34-main--INFO -com.ctaf.accelerators.TestEngine:Able to click on By.xpath: //*[@label='Title*']/following-sibling::XCUIElementTypeButton[1]
2017-07-17 16:27:49-main--INFO -com.ctaf.accelerators.TestEngine:Typing is not performed on Tittle
2017-07-17 16:27:49-main--INFO -com.ctaf.accelerators.TestEngine: Able to get TscreenShot
2017-07-17 16:29:12-main--INFO -com.ctaf.accelerators.TestEngine:Starting browser : iphone
2017-07-17 16:29:56-main--INFO -com.ctaf.accelerators.TestEngine:Current Test : TC_01_oneWayDomesticEconomy_RUH_JED
2017-07-17 16:30:06-main--INFO -com.ctaf.accelerators.TestEngine:Able to click on By.xpath: //*[@label='Book flights']
2017-07-17 16:30:18-main--INFO -com.ctaf.accelerators.TestEngine:Able to click on By.xpath: //*[@label='One-way']
2017-07-17 16:30:31-main--INFO -com.ctaf.accelerators.TestEngine:Able to click on By.xpath: //XCUIElementTypeOther[3]/XCUIElementTypeOther[1]/XCUIElementTypeButton
2017-07-17 16:30:36-main--INFO -com.ctaf.accelerators.TestEngine:Able to click on Search
2017-07-17 16:30:43-main--INFO -com.ctaf.accelerators.TestEngine:Typing is performed on Origin
2017-07-17 16:30:46-main--INFO -com.ctaf.accelerators.TestEngine:Able to click on RUH
2017-07-17 16:30:53-main--INFO -com.ctaf.accelerators.TestEngine:Typing is performed on Destination
2017-07-17 16:30:56-main--INFO -com.ctaf.accelerators.TestEngine:Able to click on JED
2017-07-17 16:30:59-main--INFO -com.ctaf.accelerators.TestEngine:Able to click on Find Flights
2017-07-17 16:32:33-main--INFO -com.ctaf.accelerators.TestEngine:Able to click on By.xpath: //XCUIElementTypeTable/XCUIElementTypeCell[1]/XCUIElementTypeButton[3]
2017-07-17 16:33:05-main--INFO -com.ctaf.accelerators.TestEngine:Able to click on By.xpath: //*[@label='Title*']/following-sibling::XCUIElementTypeButton[1]
2017-07-17 16:33:18-main--INFO -com.ctaf.accelerators.TestEngine:Typing is performed on Tittle
2017-07-17 16:34:54-main--INFO -com.ctaf.accelerators.TestEngine:Starting browser : iphone
2017-07-17 16:35:39-main--INFO -com.ctaf.accelerators.TestEngine:Current Test : TC_01_oneWayDomesticEconomy_RUH_JED
2017-07-17 16:35:48-main--INFO -com.ctaf.accelerators.TestEngine:Able to click on By.xpath: //*[@label='Book flights']
2017-07-17 16:36:01-main--INFO -com.ctaf.accelerators.TestEngine:Able to click on By.xpath: //*[@label='One-way']
2017-07-17 16:36:13-main--INFO -com.ctaf.accelerators.TestEngine:Able to click on By.xpath: //XCUIElementTypeOther[3]/XCUIElementTypeOther[1]/XCUIElementTypeButton
2017-07-17 16:36:19-main--INFO -com.ctaf.accelerators.TestEngine:Able to click on Search
2017-07-17 16:36:26-main--INFO -com.ctaf.accelerators.TestEngine:Typing is performed on Origin
2017-07-17 16:36:28-main--INFO -com.ctaf.accelerators.TestEngine:Able to click on RUH
2017-07-17 16:36:35-main--INFO -com.ctaf.accelerators.TestEngine:Typing is performed on Destination
2017-07-17 16:36:38-main--INFO -com.ctaf.accelerators.TestEngine:Able to click on JED
2017-07-17 16:36:41-main--INFO -com.ctaf.accelerators.TestEngine:Able to click on Find Flights
2017-07-17 16:38:16-main--INFO -com.ctaf.accelerators.TestEngine:Able to click on By.xpath: //XCUIElementTypeTable/XCUIElementTypeCell[1]/XCUIElementTypeButton[3]
2017-07-17 16:38:47-main--INFO -com.ctaf.accelerators.TestEngine:Able to click on By.xpath: //*[@label='Title*']/following-sibling::XCUIElementTypeButton[1]
2017-07-17 16:39:06-main--INFO -com.ctaf.accelerators.TestEngine:Typing is performed on Tittle
2017-07-17 16:39:25-main--INFO -com.ctaf.accelerators.TestEngine:Typing is performed on firstName
2017-07-17 16:39:41-main--INFO -com.ctaf.accelerators.TestEngine:Typing is performed on LastName
2017-07-17 16:39:58-main--INFO -com.ctaf.accelerators.TestEngine:Able to click on By.xpath: //*[@label='Date of birth*']/following-sibling:: XCUIElementTypeButton[3]
2017-07-17 16:40:23-main--INFO -com.ctaf.accelerators.TestEngine:Typing is performed on Date Of Birth
2017-07-17 16:40:42-main--INFO -com.ctaf.accelerators.TestEngine:Typing is performed on ID Number
2017-07-17 16:41:07-main--INFO -com.ctaf.accelerators.TestEngine:Typing is performed on naSmilyNumber
2017-07-17 16:41:48-main--INFO -com.ctaf.accelerators.TestEngine:Typing is performed on MobileNumber
2017-07-17 16:42:14-main--INFO -com.ctaf.accelerators.TestEngine:Typing is performed on Email Address
2017-07-17 16:42:52-main--INFO -com.ctaf.accelerators.TestEngine:Able to click on By.xpath: //*[@label='Continue to Select Extras']
2017-07-17 16:44:36-main--INFO -com.ctaf.accelerators.TestEngine:Starting browser : iphone
2017-07-17 16:45:20-main--INFO -com.ctaf.accelerators.TestEngine:Current Test : TC_01_oneWayDomesticEconomy_RUH_JED
2017-07-17 16:45:30-main--INFO -com.ctaf.accelerators.TestEngine:Able to click on By.xpath: //*[@label='Book flights']
2017-07-17 16:45:42-main--INFO -com.ctaf.accelerators.TestEngine:Able to click on By.xpath: //*[@label='One-way']
2017-07-17 16:45:55-main--INFO -com.ctaf.accelerators.TestEngine:Able to click on By.xpath: //XCUIElementTypeOther[3]/XCUIElementTypeOther[1]/XCUIElementTypeButton
2017-07-17 16:46:01-main--INFO -com.ctaf.accelerators.TestEngine:Able to click on Search
2017-07-17 16:46:08-main--INFO -com.ctaf.accelerators.TestEngine:Typing is performed on Origin
2017-07-17 16:46:10-main--INFO -com.ctaf.accelerators.TestEngine:Able to click on RUH
2017-07-17 16:46:17-main--INFO -com.ctaf.accelerators.TestEngine:Typing is performed on Destination
2017-07-17 16:46:20-main--INFO -com.ctaf.accelerators.TestEngine:Able to click on JED
2017-07-17 16:46:23-main--INFO -com.ctaf.accelerators.TestEngine:Able to click on Find Flights
2017-07-17 16:47:53-main--INFO -com.ctaf.accelerators.TestEngine:Able to click on By.xpath: //XCUIElementTypeTable/XCUIElementTypeCell[1]/XCUIElementTypeButton[3]
2017-07-17 16:53:26-main--INFO -com.ctaf.accelerators.TestEngine:Starting browser : iphone
2017-07-17 16:54:12-main--INFO -com.ctaf.accelerators.TestEngine:Current Test : TC_01_oneWayDomesticEconomy_RUH_JED
2017-07-17 16:54:21-main--INFO -com.ctaf.accelerators.TestEngine:Able to click on By.xpath: //*[@label='Book flights']
2017-07-17 16:54:34-main--INFO -com.ctaf.accelerators.TestEngine:Able to click on By.xpath: //*[@label='One-way']
2017-07-17 16:54:46-main--INFO -com.ctaf.accelerators.TestEngine:Able to click on By.xpath: //XCUIElementTypeOther[3]/XCUIElementTypeOther[1]/XCUIElementTypeButton
2017-07-17 16:54:52-main--INFO -com.ctaf.accelerators.TestEngine:Able to click on Search
2017-07-17 16:54:59-main--INFO -com.ctaf.accelerators.TestEngine:Typing is performed on Origin
2017-07-17 16:55:01-main--INFO -com.ctaf.accelerators.TestEngine:Able to click on RUH
2017-07-17 16:55:08-main--INFO -com.ctaf.accelerators.TestEngine:Typing is performed on Destination
2017-07-17 16:55:11-main--INFO -com.ctaf.accelerators.TestEngine:Able to click on JED
2017-07-17 16:55:14-main--INFO -com.ctaf.accelerators.TestEngine:Able to click on Find Flights
2017-07-17 16:56:48-main--INFO -com.ctaf.accelerators.TestEngine:Able to click on By.xpath: //XCUIElementTypeTable/XCUIElementTypeCell[1]/XCUIElementTypeButton[3]
2017-07-17 17:05:50-main--INFO -com.ctaf.accelerators.TestEngine:Able to click on By.xpath: //*[@label='Title*']/following-sibling::XCUIElementTypeButton[1]
2017-07-17 17:06:05-main--INFO -com.ctaf.accelerators.TestEngine:Typing is not performed on Tittle
2017-07-17 17:06:06-main--INFO -com.ctaf.accelerators.TestEngine: Able to get TscreenShot
2017-07-17 17:07:34-main--INFO -com.ctaf.accelerators.TestEngine:Starting browser : iphone
2017-07-17 17:08:21-main--INFO -com.ctaf.accelerators.TestEngine:Current Test : TC_01_oneWayDomesticEconomy_RUH_JED
2017-07-17 17:08:30-main--INFO -com.ctaf.accelerators.TestEngine:Able to click on By.xpath: //*[@label='Book flights']
2017-07-17 17:08:43-main--INFO -com.ctaf.accelerators.TestEngine:Able to click on By.xpath: //*[@label='One-way']
2017-07-17 17:08:56-main--INFO -com.ctaf.accelerators.TestEngine:Able to click on By.xpath: //XCUIElementTypeOther[3]/XCUIElementTypeOther[1]/XCUIElementTypeButton
2017-07-17 17:09:01-main--INFO -com.ctaf.accelerators.TestEngine:Able to click on Search
2017-07-17 17:09:08-main--INFO -com.ctaf.accelerators.TestEngine:Typing is performed on Origin
2017-07-17 17:09:11-main--INFO -com.ctaf.accelerators.TestEngine:Able to click on RUH
2017-07-17 17:09:18-main--INFO -com.ctaf.accelerators.TestEngine:Typing is performed on Destination
2017-07-17 17:09:20-main--INFO -com.ctaf.accelerators.TestEngine:Able to click on JED
2017-07-17 17:09:23-main--INFO -com.ctaf.accelerators.TestEngine:Able to click on Find Flights
2017-07-17 17:10:44-main--INFO -com.ctaf.accelerators.TestEngine:Able to click on By.xpath: //XCUIElementTypeTable/XCUIElementTypeCell[1]/XCUIElementTypeButton[3]
2017-07-17 17:11:34-main--INFO -com.ctaf.accelerators.TestEngine:Able to click on By.xpath: //*[@label='Title*']/following-sibling::XCUIElementTypeButton[1]
2017-07-17 17:11:48-main--INFO -com.ctaf.accelerators.TestEngine:Typing is performed on Tittle
2017-07-17 17:12:23-main--INFO -com.ctaf.accelerators.TestEngine:Typing is performed on firstName
2017-07-17 17:12:53-main--INFO -com.ctaf.accelerators.TestEngine:Typing is performed on LastName
2017-07-17 17:15:35-main--INFO -com.ctaf.accelerators.TestEngine:Unable to click on By.xpath: //*[@label='Date of birth*']/following-sibling:: XCUIElementTypeButton[3]
2017-07-17 17:15:48-main--INFO -com.ctaf.accelerators.TestEngine:Starting browser : iphone
2017-07-17 17:16:33-main--INFO -com.ctaf.accelerators.TestEngine:Current Test : TC_01_oneWayDomesticEconomy_RUH_JED
2017-07-17 17:16:43-main--INFO -com.ctaf.accelerators.TestEngine:Able to click on By.xpath: //*[@label='Book flights']
2017-07-17 17:16:55-main--INFO -com.ctaf.accelerators.TestEngine:Able to click on By.xpath: //*[@label='One-way']
2017-07-17 17:17:08-main--INFO -com.ctaf.accelerators.TestEngine:Able to click on By.xpath: //XCUIElementTypeOther[3]/XCUIElementTypeOther[1]/XCUIElementTypeButton
2017-07-17 17:17:14-main--INFO -com.ctaf.accelerators.TestEngine:Able to click on Search
2017-07-17 17:17:21-main--INFO -com.ctaf.accelerators.TestEngine:Typing is performed on Origin
2017-07-17 17:17:24-main--INFO -com.ctaf.accelerators.TestEngine:Able to click on RUH
2017-07-17 17:17:31-main--INFO -com.ctaf.accelerators.TestEngine:Typing is performed on Destination
2017-07-17 17:17:33-main--INFO -com.ctaf.accelerators.TestEngine:Able to click on JED
2017-07-17 17:17:37-main--INFO -com.ctaf.accelerators.TestEngine:Able to click on Find Flights
2017-07-17 17:19:02-main--INFO -com.ctaf.accelerators.TestEngine:Able to click on By.xpath: //XCUIElementTypeTable/XCUIElementTypeCell[1]/XCUIElementTypeButton[3]
2017-07-17 17:20:28-main--INFO -com.ctaf.accelerators.TestEngine:Able to click on By.xpath: //*[@label='Title*']/following-sibling::XCUIElementTypeButton[1]
2017-07-17 17:20:50-main--INFO -com.ctaf.accelerators.TestEngine:Typing is performed on Tittle
2017-07-17 17:21:09-main--INFO -com.ctaf.accelerators.TestEngine:Typing is performed on firstName
2017-07-17 17:21:25-main--INFO -com.ctaf.accelerators.TestEngine:Typing is performed on LastName
2017-07-17 17:21:46-main--INFO -com.ctaf.accelerators.TestEngine:Able to click on By.xpath: //*[@label='Date of birth*']/following-sibling:: XCUIElementTypeButton[3]
2017-07-17 17:22:05-main--INFO -com.ctaf.accelerators.TestEngine:Typing is performed on Date Of Birth
2017-07-17 17:22:32-main--INFO -com.ctaf.accelerators.TestEngine:Typing is performed on ID Number
2017-07-17 17:23:39-main--INFO -com.ctaf.accelerators.TestEngine:Starting browser : iphone
2017-07-17 17:24:24-main--INFO -com.ctaf.accelerators.TestEngine:Current Test : TC_01_oneWayDomesticEconomy_RUH_JED
2017-07-17 17:24:33-main--INFO -com.ctaf.accelerators.TestEngine:Able to click on By.xpath: //*[@label='Book flights']
2017-07-17 17:24:46-main--INFO -com.ctaf.accelerators.TestEngine:Able to click on By.xpath: //*[@label='One-way']
2017-07-17 17:24:59-main--INFO -com.ctaf.accelerators.TestEngine:Able to click on By.xpath: //XCUIElementTypeOther[3]/XCUIElementTypeOther[1]/XCUIElementTypeButton
2017-07-17 17:25:04-main--INFO -com.ctaf.accelerators.TestEngine:Able to click on Search
2017-07-17 17:25:11-main--INFO -com.ctaf.accelerators.TestEngine:Typing is performed on Origin
2017-07-17 17:25:14-main--INFO -com.ctaf.accelerators.TestEngine:Able to click on RUH
2017-07-17 17:25:21-main--INFO -com.ctaf.accelerators.TestEngine:Typing is performed on Destination
2017-07-17 17:25:23-main--INFO -com.ctaf.accelerators.TestEngine:Able to click on JED
2017-07-17 17:25:26-main--INFO -com.ctaf.accelerators.TestEngine:Able to click on Find Flights
2017-07-17 17:26:36-main--INFO -com.ctaf.accelerators.TestEngine:Able to click on By.xpath: //XCUIElementTypeTable/XCUIElementTypeCell[1]/XCUIElementTypeButton[3]
2017-07-17 17:28:34-main--INFO -com.ctaf.accelerators.TestEngine:Able to click on By.xpath: //*[@label='Title*']/following-sibling::XCUIElementTypeButton[1]
2017-07-17 17:28:47-main--INFO -com.ctaf.accelerators.TestEngine:Typing is performed on Tittle
2017-07-17 17:29:56-main--INFO -com.ctaf.accelerators.TestEngine:Typing is performed on firstName
2017-07-17 17:30:56-main--INFO -com.ctaf.accelerators.TestEngine:Typing is performed on LastName
2017-07-17 17:31:21-main--INFO -com.ctaf.accelerators.TestEngine:Able to click on By.xpath: //*[@label='Date of birth*']/following-sibling:: XCUIElementTypeButton[2]
2017-07-17 17:31:42-main--INFO -com.ctaf.accelerators.TestEngine:Typing is performed on Date Of Birth
2017-07-17 17:32:00-main--INFO -com.ctaf.accelerators.TestEngine:Typing is performed on ID Number
2017-07-17 17:32:26-main--INFO -com.ctaf.accelerators.TestEngine:Typing is performed on naSmilyNumber
2017-07-17 17:34:36-main--INFO -com.ctaf.accelerators.TestEngine:Starting browser : iphone
2017-07-17 17:35:20-main--INFO -com.ctaf.accelerators.TestEngine:Current Test : TC_01_oneWayDomesticEconomy_RUH_JED
2017-07-17 17:35:29-main--INFO -com.ctaf.accelerators.TestEngine:Able to click on By.xpath: //*[@label='Book flights']
2017-07-17 17:35:42-main--INFO -com.ctaf.accelerators.TestEngine:Able to click on By.xpath: //*[@label='One-way']
2017-07-17 17:35:55-main--INFO -com.ctaf.accelerators.TestEngine:Able to click on By.xpath: //XCUIElementTypeOther[3]/XCUIElementTypeOther[1]/XCUIElementTypeButton
2017-07-17 17:36:00-main--INFO -com.ctaf.accelerators.TestEngine:Able to click on Search
2017-07-17 17:36:07-main--INFO -com.ctaf.accelerators.TestEngine:Typing is performed on Origin
2017-07-17 17:36:10-main--INFO -com.ctaf.accelerators.TestEngine:Able to click on RUH
2017-07-17 17:36:17-main--INFO -com.ctaf.accelerators.TestEngine:Typing is performed on Destination
2017-07-17 17:36:19-main--INFO -com.ctaf.accelerators.TestEngine:Able to click on JED
2017-07-17 17:36:22-main--INFO -com.ctaf.accelerators.TestEngine:Able to click on Find Flights
2017-07-17 17:37:47-main--INFO -com.ctaf.accelerators.TestEngine:Able to click on By.xpath: //XCUIElementTypeTable/XCUIElementTypeCell[1]/XCUIElementTypeButton[3]
2017-07-17 17:41:01-main--INFO -com.ctaf.accelerators.TestEngine:Able to click on By.xpath: //*[@label='Title*']/following-sibling::XCUIElementTypeButton[1]
2017-07-17 17:41:14-main--INFO -com.ctaf.accelerators.TestEngine:Typing is performed on Tittle
2017-07-17 17:42:01-main--INFO -com.ctaf.accelerators.TestEngine:Typing is performed on firstName
2017-07-17 17:42:22-main--INFO -com.ctaf.accelerators.TestEngine:Typing is performed on LastName
2017-07-17 17:42:52-main--INFO -com.ctaf.accelerators.TestEngine:Able to click on By.xpath: //*[@label='Date of birth*']/following-sibling:: XCUIElementTypeButton[2]
2017-07-17 17:43:06-main--INFO -com.ctaf.accelerators.TestEngine:Typing is performed on Date Of Birth
2017-07-17 17:43:24-main--INFO -com.ctaf.accelerators.TestEngine:Typing is performed on ID Number
2017-07-17 17:44:43-main--INFO -com.ctaf.accelerators.TestEngine:Typing is performed on naSmilyNumber
2017-07-17 17:46:28-main--INFO -com.ctaf.accelerators.TestEngine:Typing is performed on MobileNumber
2017-07-17 17:46:51-main--INFO -com.ctaf.accelerators.TestEngine:Typing is performed on Email Address
2017-07-17 17:47:17-main--INFO -com.ctaf.accelerators.TestEngine:Able to click on By.xpath: //*[@label='Continue to Select Extras']
2017-07-17 17:48:12-main--INFO -com.ctaf.accelerators.TestEngine:Able to click on By.xpath: //*[@label='Title*']/following-sibling::XCUIElementTypeButton[1]
2017-07-17 17:48:25-main--INFO -com.ctaf.accelerators.TestEngine:Typing is performed on Tittle
2017-07-17 17:50:57-main--INFO -com.ctaf.accelerators.TestEngine:Starting browser : iphone
2017-07-17 17:51:44-main--INFO -com.ctaf.accelerators.TestEngine:Current Test : TC_01_oneWayDomesticEconomy_RUH_JED
2017-07-17 17:51:53-main--INFO -com.ctaf.accelerators.TestEngine:Able to click on By.xpath: //*[@label='Book flights']
2017-07-17 17:52:06-main--INFO -com.ctaf.accelerators.TestEngine:Able to click on By.xpath: //*[@label='One-way']
2017-07-17 17:52:19-main--INFO -com.ctaf.accelerators.TestEngine:Able to click on By.xpath: //XCUIElementTypeOther[3]/XCUIElementTypeOther[1]/XCUIElementTypeButton
2017-07-17 17:52:24-main--INFO -com.ctaf.accelerators.TestEngine:Able to click on Search
2017-07-17 17:52:31-main--INFO -com.ctaf.accelerators.TestEngine:Typing is performed on Origin
2017-07-17 17:52:33-main--INFO -com.ctaf.accelerators.TestEngine:Able to click on RUH
2017-07-17 17:52:40-main--INFO -com.ctaf.accelerators.TestEngine:Typing is performed on Destination
2017-07-17 17:52:43-main--INFO -com.ctaf.accelerators.TestEngine:Able to click on JED
2017-07-17 17:52:46-main--INFO -com.ctaf.accelerators.TestEngine:Able to click on Find Flights
2017-07-17 17:54:09-main--INFO -com.ctaf.accelerators.TestEngine:Able to click on By.xpath: //XCUIElementTypeTable/XCUIElementTypeCell[1]/XCUIElementTypeButton[3]
2017-07-17 17:54:53-main--INFO -com.ctaf.accelerators.TestEngine:Able to click on By.xpath: //*[@label='Title*']/following-sibling::XCUIElementTypeButton[1]
2017-07-17 17:55:13-main--INFO -com.ctaf.accelerators.TestEngine:Typing is performed on Tittle
2017-07-17 17:59:05-main--INFO -com.ctaf.accelerators.TestEngine:Typing is performed on firstName
2017-07-17 17:59:25-main--INFO -com.ctaf.accelerators.TestEngine:Typing is performed on LastName
2017-07-17 18:02:47-main--INFO -com.ctaf.accelerators.TestEngine:Able to click on By.xpath: //*[@label='Date of birth*']/following-sibling:: XCUIElementTypeButton[2]
2017-07-17 18:03:06-main--INFO -com.ctaf.accelerators.TestEngine:Typing is performed on Date Of Birth
2017-07-17 18:07:43-main--INFO -com.ctaf.accelerators.TestEngine:Typing is performed on ID Number
2017-07-17 18:11:10-main--INFO -com.ctaf.accelerators.TestEngine:Typing is performed on naSmilyNumber
2017-07-17 18:11:45-main--INFO -com.ctaf.accelerators.TestEngine:Typing is performed on MobileNumber
2017-07-17 18:15:08-main--INFO -com.ctaf.accelerators.TestEngine:Typing is performed on Email Address
2017-07-17 18:18:32-main--INFO -com.ctaf.accelerators.TestEngine:Able to click on By.xpath: //*[@label='Continue to Select Extras']
2017-07-17 18:27:17-main--INFO -com.ctaf.accelerators.TestEngine:Starting browser : iphone
2017-07-17 18:28:02-main--INFO -com.ctaf.accelerators.TestEngine:Current Test : TC_01_oneWayDomesticEcoSADAD
2017-07-17 18:28:12-main--INFO -com.ctaf.accelerators.TestEngine:Able to click on By.xpath: //*[@label='Book flights']
2017-07-17 18:28:24-main--INFO -com.ctaf.accelerators.TestEngine:Able to click on By.xpath: //*[@label='One-way']
2017-07-17 18:28:37-main--INFO -com.ctaf.accelerators.TestEngine:Able to click on By.xpath: //XCUIElementTypeOther[3]/XCUIElementTypeOther[1]/XCUIElementTypeButton
2017-07-17 18:28:42-main--INFO -com.ctaf.accelerators.TestEngine:Able to click on Search
2017-07-17 18:28:49-main--INFO -com.ctaf.accelerators.TestEngine:Typing is performed on Origin
2017-07-17 18:28:52-main--INFO -com.ctaf.accelerators.TestEngine:Able to click on RUH
2017-07-17 18:28:59-main--INFO -com.ctaf.accelerators.TestEngine:Typing is performed on Destination
2017-07-17 18:29:01-main--INFO -com.ctaf.accelerators.TestEngine:Able to click on JED
2017-07-17 18:29:04-main--INFO -com.ctaf.accelerators.TestEngine:Able to click on Find Flights
2017-07-17 18:30:04-main--INFO -com.ctaf.accelerators.TestEngine:Able to click on By.xpath: //XCUIElementTypeTable/XCUIElementTypeCell[1]/XCUIElementTypeButton[3]
2017-07-17 18:36:33-main--INFO -com.ctaf.accelerators.TestEngine:Able to click on By.xpath: //*[@label='Title*']/following-sibling::XCUIElementTypeButton[1]
2017-07-17 18:36:53-main--INFO -com.ctaf.accelerators.TestEngine:Typing is performed on Tittle
2017-07-17 18:40:44-main--INFO -com.ctaf.accelerators.TestEngine:Typing is performed on firstName
2017-07-17 18:41:04-main--INFO -com.ctaf.accelerators.TestEngine:Typing is performed on LastName
2017-07-17 18:44:25-main--INFO -com.ctaf.accelerators.TestEngine:Able to click on By.xpath: //*[@label='Date of birth*']/following-sibling:: XCUIElementTypeButton[2]
2017-07-17 18:44:44-main--INFO -com.ctaf.accelerators.TestEngine:Typing is performed on Date Of Birth
2017-07-17 18:49:20-main--INFO -com.ctaf.accelerators.TestEngine:Typing is performed on ID Number
2017-07-17 18:52:47-main--INFO -com.ctaf.accelerators.TestEngine:Typing is performed on naSmilyNumber
2017-07-17 18:53:21-main--INFO -com.ctaf.accelerators.TestEngine:Typing is performed on MobileNumber
2017-07-17 18:56:44-main--INFO -com.ctaf.accelerators.TestEngine:Typing is performed on Email Address
2017-07-17 19:00:07-main--INFO -com.ctaf.accelerators.TestEngine:Able to click on By.xpath: //*[@label='Continue to Select Extras']
2017-07-17 19:45:07-main--INFO -com.ctaf.accelerators.TestEngine:Starting browser : iphone
2017-07-17 19:45:53-main--INFO -com.ctaf.accelerators.TestEngine:Current Test : TC_01_oneWayDomesticEcoSADAD
2017-07-17 19:46:02-main--INFO -com.ctaf.accelerators.TestEngine:Able to click on By.xpath: //*[@label='Book flights']
2017-07-17 19:46:15-main--INFO -com.ctaf.accelerators.TestEngine:Able to click on By.xpath: //*[@label='One-way']
2017-07-17 19:46:27-main--INFO -com.ctaf.accelerators.TestEngine:Able to click on By.xpath: //XCUIElementTypeOther[3]/XCUIElementTypeOther[1]/XCUIElementTypeButton
2017-07-17 19:46:33-main--INFO -com.ctaf.accelerators.TestEngine:Able to click on Search
2017-07-17 19:46:39-main--INFO -com.ctaf.accelerators.TestEngine:Typing is performed on Origin
2017-07-17 19:46:42-main--INFO -com.ctaf.accelerators.TestEngine:Able to click on RUH
2017-07-17 19:46:49-main--INFO -com.ctaf.accelerators.TestEngine:Typing is performed on Destination
2017-07-17 19:46:52-main--INFO -com.ctaf.accelerators.TestEngine:Able to click on JED
2017-07-17 19:46:55-main--INFO -com.ctaf.accelerators.TestEngine:Able to click on Find Flights
2017-07-17 19:47:55-main--INFO -com.ctaf.accelerators.TestEngine:Able to click on By.xpath: //XCUIElementTypeTable/XCUIElementTypeCell[1]/XCUIElementTypeButton[3]
2017-07-17 19:48:38-main--INFO -com.ctaf.accelerators.TestEngine:Able to click on By.xpath: //*[@label='Title*']/following-sibling::XCUIElementTypeButton[1]
2017-07-17 19:48:57-main--INFO -com.ctaf.accelerators.TestEngine:Typing is performed on Tittle
2017-07-17 19:52:49-main--INFO -com.ctaf.accelerators.TestEngine:Typing is performed on firstName
2017-07-17 19:53:09-main--INFO -com.ctaf.accelerators.TestEngine:Typing is performed on LastName
2017-07-17 19:56:31-main--INFO -com.ctaf.accelerators.TestEngine:Able to click on By.xpath: //*[@label='Date of birth*']/following-sibling:: XCUIElementTypeButton[2]
2017-07-17 19:56:50-main--INFO -com.ctaf.accelerators.TestEngine:Typing is performed on Date Of Birth
2017-07-17 20:01:27-main--INFO -com.ctaf.accelerators.TestEngine:Typing is performed on ID Number
2017-07-17 20:04:55-main--INFO -com.ctaf.accelerators.TestEngine:Typing is performed on naSmilyNumber
2017-07-17 20:05:30-main--INFO -com.ctaf.accelerators.TestEngine:Typing is performed on MobileNumber
2017-07-17 20:08:52-main--INFO -com.ctaf.accelerators.TestEngine:Typing is performed on Email Address
