2017-08-03 14:24:58-main--INFO -com.ctaf.accelerators.TestEngine:Starting browser : iphone
2017-08-03 14:25:47-main--INFO -com.ctaf.accelerators.TestEngine:Current Test : TC_06_oneWayInternatnlTwoAdultEco
2017-08-03 14:25:57-main--INFO -com.ctaf.accelerators.TestEngine:Able to click on By.xpath: //*[@label='Book flights']
2017-08-03 14:26:15-main--INFO -com.ctaf.accelerators.TestEngine:Able to click on By.xpath: //*[@label='One-way']
2017-08-03 14:26:28-main--INFO -com.ctaf.accelerators.TestEngine:Able to click on By.xpath: //XCUIElementTypeOther[3]/XCUIElementTypeOther[1]/XCUIElementTypeButton
2017-08-03 14:26:34-main--INFO -com.ctaf.accelerators.TestEngine:Able to click on Search
2017-08-03 14:26:42-main--INFO -com.ctaf.accelerators.TestEngine:Typing is performed on Origin
2017-08-03 14:26:44-main--INFO -com.ctaf.accelerators.TestEngine:Able to click on RUH
2017-08-03 14:26:51-main--INFO -com.ctaf.accelerators.TestEngine:Typing is performed on Destination
2017-08-03 14:26:54-main--INFO -com.ctaf.accelerators.TestEngine:Able to click on HMB
2017-08-03 14:29:29-main--INFO -com.ctaf.accelerators.TestEngine:Unable to click on By.xpath: //*[@label='Adult']/following::XCUIElementTypeButton[2]
2017-08-03 14:29:43-main--INFO -com.ctaf.accelerators.TestEngine:Starting browser : iphone
2017-08-03 14:30:28-main--INFO -com.ctaf.accelerators.TestEngine:Current Test : TC_06_oneWayInternatnlTwoAdultEco
2017-08-03 14:30:38-main--INFO -com.ctaf.accelerators.TestEngine:Able to click on By.xpath: //*[@label='Book flights']
2017-08-03 14:31:42-main--INFO -com.ctaf.accelerators.TestEngine:Able to click on By.xpath: //XCUIElementTypeTable/XCUIElementTypeCell[1]/XCUIElementTypeButton[12]
2017-08-03 14:32:10-main--INFO -com.ctaf.accelerators.TestEngine:Able to click on By.xpath: //*[@label='Title*']/following-sibling::XCUIElementTypeButton[1]
2017-08-03 14:32:31-main--INFO -com.ctaf.accelerators.TestEngine:Typing is performed on Tittle
2017-08-03 14:32:58-main--INFO -com.ctaf.accelerators.TestEngine:Typing is performed on firstName
2017-08-03 14:33:32-main--INFO -com.ctaf.accelerators.TestEngine:Typing is performed on LastName
2017-08-03 14:38:06-main--INFO -com.ctaf.accelerators.TestEngine:Able to click on By.xpath: //*[@label='Date of birth*']/following-sibling:: XCUIElementTypeButton[2]
2017-08-03 14:38:53-main--INFO -com.ctaf.accelerators.TestEngine:Typing is performed on Date Of Birth
2017-08-03 14:42:21-main--INFO -com.ctaf.accelerators.TestEngine:Typing is performed on ID Number
2017-08-03 14:50:26-main--INFO -com.ctaf.accelerators.TestEngine:Starting browser : iphone
2017-08-03 14:51:12-main--INFO -com.ctaf.accelerators.TestEngine:Current Test : TC_06_oneWayInternatnlTwoAdultEco
2017-08-03 14:51:22-main--INFO -com.ctaf.accelerators.TestEngine:Able to click on By.xpath: //*[@label='Book flights']
2017-08-03 14:51:41-main--INFO -com.ctaf.accelerators.TestEngine:Able to click on By.xpath: //*[@label='One-way']
2017-08-03 14:51:54-main--INFO -com.ctaf.accelerators.TestEngine:Able to click on By.xpath: //XCUIElementTypeOther[3]/XCUIElementTypeOther[1]/XCUIElementTypeButton
2017-08-03 14:52:00-main--INFO -com.ctaf.accelerators.TestEngine:Able to click on Search
2017-08-03 14:52:07-main--INFO -com.ctaf.accelerators.TestEngine:Typing is performed on Origin
2017-08-03 14:52:09-main--INFO -com.ctaf.accelerators.TestEngine:Able to click on RUH
2017-08-03 14:52:16-main--INFO -com.ctaf.accelerators.TestEngine:Typing is performed on Destination
2017-08-03 14:52:19-main--INFO -com.ctaf.accelerators.TestEngine:Able to click on HMB
2017-08-03 14:52:52-main--INFO -com.ctaf.accelerators.TestEngine:Able to click on By.xpath: //*[@label='Adult']/following::XCUIElementTypeButton[2]
2017-08-03 14:53:01-main--INFO -com.ctaf.accelerators.TestEngine:Able to click on Find Flights
2017-08-03 14:54:15-main--INFO -com.ctaf.accelerators.TestEngine:Able to click on By.xpath: //XCUIElementTypeTable/XCUIElementTypeCell[1]/XCUIElementTypeButton[12]
2017-08-03 14:55:00-main--INFO -com.ctaf.accelerators.TestEngine:Able to click on By.xpath: //*[@label='Title*']/following-sibling::XCUIElementTypeButton[1]
2017-08-03 14:55:40-main--INFO -com.ctaf.accelerators.TestEngine:Typing is performed on Tittle
2017-08-03 14:56:07-main--INFO -com.ctaf.accelerators.TestEngine:Typing is performed on firstName
2017-08-03 14:57:16-main--INFO -com.ctaf.accelerators.TestEngine:Typing is performed on LastName
2017-08-03 14:58:07-main--INFO -com.ctaf.accelerators.TestEngine:Able to click on By.xpath: //*[@label='Date of birth*']/following-sibling:: XCUIElementTypeButton[2]
2017-08-03 14:58:56-main--INFO -com.ctaf.accelerators.TestEngine:Typing is performed on Date Of Birth
2017-08-03 14:59:59-main--INFO -com.ctaf.accelerators.TestEngine:Typing is performed on ID Number
2017-08-03 15:00:32-main--INFO -com.ctaf.accelerators.TestEngine:Able to click on By.xpath: //*[@label='ID Expiry Date*']/following-sibling::XCUIElementTypeButton[4]
2017-08-03 15:00:52-main--INFO -com.ctaf.accelerators.TestEngine:Typing is performed on ID Expiry Date
2017-08-03 15:01:33-main--INFO -com.ctaf.accelerators.TestEngine:Typing is performed on naSmilyNumber
2017-08-03 15:07:26-main--INFO -com.ctaf.accelerators.TestEngine:Able to click on By.xpath: //*[@label='Title*']/following-sibling::XCUIElementTypeButton[1]
2017-08-03 15:07:46-main--INFO -com.ctaf.accelerators.TestEngine:Typing is performed on Tittle
2017-08-03 15:10:10-main--INFO -com.ctaf.accelerators.TestEngine:Starting browser : iphone
2017-08-03 15:10:53-main--INFO -com.ctaf.accelerators.TestEngine:Current Test : TC_06_oneWayInternatnlTwoAdultEco
2017-08-03 15:11:03-main--INFO -com.ctaf.accelerators.TestEngine:Able to click on By.xpath: //*[@label='Book flights']
2017-08-03 15:13:16-main--INFO -com.ctaf.accelerators.TestEngine:Starting browser : iphone
2017-08-03 15:14:01-main--INFO -com.ctaf.accelerators.TestEngine:Current Test : TC_06_oneWayInternatnlTwoAdultEco
2017-08-03 15:14:11-main--INFO -com.ctaf.accelerators.TestEngine:Able to click on By.xpath: //*[@label='Book flights']
2017-08-03 15:14:30-main--INFO -com.ctaf.accelerators.TestEngine:Able to click on By.xpath: //*[@label='One-way']
2017-08-03 15:14:43-main--INFO -com.ctaf.accelerators.TestEngine:Able to click on By.xpath: //XCUIElementTypeOther[3]/XCUIElementTypeOther[1]/XCUIElementTypeButton
2017-08-03 15:14:49-main--INFO -com.ctaf.accelerators.TestEngine:Able to click on Search
2017-08-03 15:14:56-main--INFO -com.ctaf.accelerators.TestEngine:Typing is performed on Origin
2017-08-03 15:14:58-main--INFO -com.ctaf.accelerators.TestEngine:Able to click on RUH
2017-08-03 15:15:05-main--INFO -com.ctaf.accelerators.TestEngine:Typing is performed on Destination
2017-08-03 15:15:08-main--INFO -com.ctaf.accelerators.TestEngine:Able to click on HMB
2017-08-03 15:15:33-main--INFO -com.ctaf.accelerators.TestEngine:Able to click on By.xpath: //*[@label='Adult']/following::XCUIElementTypeButton[2]
2017-08-03 15:15:36-main--INFO -com.ctaf.accelerators.TestEngine:Able to click on Find Flights
2017-08-03 15:16:39-main--INFO -com.ctaf.accelerators.TestEngine:Able to click on By.xpath: //XCUIElementTypeTable/XCUIElementTypeCell[1]/XCUIElementTypeButton[12]
2017-08-03 15:17:56-main--INFO -com.ctaf.accelerators.TestEngine:Able to click on By.xpath: //*[@label='Title*']/following-sibling::XCUIElementTypeButton[1]
2017-08-03 15:18:30-main--INFO -com.ctaf.accelerators.TestEngine:Typing is performed on Tittle
2017-08-03 15:18:57-main--INFO -com.ctaf.accelerators.TestEngine:Typing is performed on firstName
2017-08-03 15:19:22-main--INFO -com.ctaf.accelerators.TestEngine:Typing is performed on LastName
2017-08-03 15:20:23-main--INFO -com.ctaf.accelerators.TestEngine:Able to click on By.xpath: //*[@label='Date of birth*']/following-sibling:: XCUIElementTypeButton[2]
2017-08-03 15:21:52-main--INFO -com.ctaf.accelerators.TestEngine:Typing is performed on Date Of Birth
2017-08-03 15:22:33-main--INFO -com.ctaf.accelerators.TestEngine:Typing is performed on ID Number
2017-08-03 15:23:14-main--INFO -com.ctaf.accelerators.TestEngine:Able to click on By.xpath: //*[@label='ID Expiry Date*']/following-sibling::XCUIElementTypeButton[4]
2017-08-03 15:23:59-main--INFO -com.ctaf.accelerators.TestEngine:Typing is performed on ID Expiry Date
2017-08-03 15:24:35-main--INFO -com.ctaf.accelerators.TestEngine:Typing is performed on naSmilyNumber
2017-08-03 15:35:33-main--INFO -com.ctaf.accelerators.TestEngine:Able to click on By.xpath: //*[@label='Title*']/following-sibling::XCUIElementTypeButton[1]
2017-08-03 15:35:54-main--INFO -com.ctaf.accelerators.TestEngine:Typing is performed on Tittle
2017-08-03 15:39:46-main--INFO -com.ctaf.accelerators.TestEngine:Typing is performed on firstName
2017-08-03 15:40:07-main--INFO -com.ctaf.accelerators.TestEngine:Typing is performed on LastName
2017-08-03 15:43:29-main--INFO -com.ctaf.accelerators.TestEngine:Able to click on By.xpath: //*[@label='Date of birth*']/following-sibling:: XCUIElementTypeButton[2]
2017-08-03 15:43:48-main--INFO -com.ctaf.accelerators.TestEngine:Typing is performed on Date Of Birth
2017-08-03 15:48:26-main--INFO -com.ctaf.accelerators.TestEngine:Typing is performed on ID Number
2017-08-03 15:51:48-main--INFO -com.ctaf.accelerators.TestEngine:Able to click on By.xpath: //*[@label='ID Expiry Date*']/following-sibling::XCUIElementTypeButton[4]
2017-08-03 15:52:07-main--INFO -com.ctaf.accelerators.TestEngine:Typing is performed on ID Expiry Date
2017-08-03 15:56:50-main--INFO -com.ctaf.accelerators.TestEngine:Typing is performed on naSmilyNumber
2017-08-03 16:21:48-main--INFO -com.ctaf.accelerators.TestEngine:Able to click on By.xpath: //*[@label='Title*']/following-sibling::XCUIElementTypeButton[1]
2017-08-03 16:22:25-main--INFO -com.ctaf.accelerators.TestEngine:Typing is performed on Tittle
2017-08-03 16:23:24-main--INFO -com.ctaf.accelerators.TestEngine:Typing is performed on firstName
2017-08-03 16:23:47-main--INFO -com.ctaf.accelerators.TestEngine:Typing is performed on LastName
2017-08-03 16:24:14-main--INFO -com.ctaf.accelerators.TestEngine:Able to click on By.xpath: //*[@label='Date of birth*']/following-sibling:: XCUIElementTypeButton[2]
2017-08-03 16:24:46-main--INFO -com.ctaf.accelerators.TestEngine:Typing is performed on Date Of Birth
2017-08-03 16:25:45-main--INFO -com.ctaf.accelerators.TestEngine:Typing is performed on ID Number
2017-08-03 16:26:35-main--INFO -com.ctaf.accelerators.TestEngine:Able to click on By.xpath: //*[@label='ID Expiry Date*']/following-sibling::XCUIElementTypeButton[4]
2017-08-03 16:27:06-main--INFO -com.ctaf.accelerators.TestEngine:Typing is performed on ID Expiry Date
2017-08-03 16:28:33-main--INFO -com.ctaf.accelerators.TestEngine:Typing is performed on naSmilyNumber
2017-08-03 16:29:53-main--INFO -com.ctaf.accelerators.TestEngine:Typing is performed on MobileNumber
2017-08-03 16:32:40-main--INFO -com.ctaf.accelerators.TestEngine:Typing is not performed on Email Address
2017-08-03 16:32:40-main--INFO -com.ctaf.accelerators.TestEngine: Able to get TscreenShot
2017-08-03 16:35:39-main--INFO -com.ctaf.accelerators.TestEngine:Starting browser : iphone
2017-08-03 16:36:24-main--INFO -com.ctaf.accelerators.TestEngine:Current Test : TC_06_oneWayInternatnlTwoAdultEco
2017-08-03 16:36:34-main--INFO -com.ctaf.accelerators.TestEngine:Able to click on By.xpath: //*[@label='Book flights']
2017-08-03 16:36:53-main--INFO -com.ctaf.accelerators.TestEngine:Able to click on By.xpath: //*[@label='One-way']
2017-08-03 16:37:06-main--INFO -com.ctaf.accelerators.TestEngine:Able to click on By.xpath: //XCUIElementTypeOther[3]/XCUIElementTypeOther[1]/XCUIElementTypeButton
2017-08-03 16:37:11-main--INFO -com.ctaf.accelerators.TestEngine:Able to click on Search
2017-08-03 16:37:19-main--INFO -com.ctaf.accelerators.TestEngine:Typing is performed on Origin
2017-08-03 16:37:21-main--INFO -com.ctaf.accelerators.TestEngine:Able to click on RUH
2017-08-03 16:37:28-main--INFO -com.ctaf.accelerators.TestEngine:Typing is performed on Destination
2017-08-03 16:37:31-main--INFO -com.ctaf.accelerators.TestEngine:Able to click on HMB
2017-08-03 16:40:22-main--INFO -com.ctaf.accelerators.TestEngine:Starting browser : iphone
2017-08-03 16:41:06-main--INFO -com.ctaf.accelerators.TestEngine:Current Test : TC_06_oneWayInternatnlTwoAdultEco
2017-08-03 16:41:16-main--INFO -com.ctaf.accelerators.TestEngine:Able to click on By.xpath: //*[@label='Book flights']
2017-08-03 16:41:35-main--INFO -com.ctaf.accelerators.TestEngine:Able to click on By.xpath: //*[@label='One-way']
2017-08-03 16:41:48-main--INFO -com.ctaf.accelerators.TestEngine:Able to click on By.xpath: //XCUIElementTypeOther[3]/XCUIElementTypeOther[1]/XCUIElementTypeButton
2017-08-03 16:41:54-main--INFO -com.ctaf.accelerators.TestEngine:Able to click on Search
2017-08-03 16:42:01-main--INFO -com.ctaf.accelerators.TestEngine:Typing is performed on Origin
2017-08-03 16:42:04-main--INFO -com.ctaf.accelerators.TestEngine:Able to click on RUH
2017-08-03 16:42:11-main--INFO -com.ctaf.accelerators.TestEngine:Typing is performed on Destination
2017-08-03 16:42:13-main--INFO -com.ctaf.accelerators.TestEngine:Able to click on HMB
2017-08-03 16:44:44-main--INFO -com.ctaf.accelerators.TestEngine:Unable to click on By.xpath: //*[@label='Adult']/following::XCUIElementTypeButton[2]
2017-08-03 16:44:51-main--INFO -com.ctaf.accelerators.TestEngine:Starting browser : iphone
2017-08-03 16:45:35-main--INFO -com.ctaf.accelerators.TestEngine:Current Test : TC_06_oneWayInternatnlTwoAdultEco
2017-08-03 16:45:45-main--INFO -com.ctaf.accelerators.TestEngine:Able to click on By.xpath: //*[@label='Book flights']
2017-08-03 16:46:03-main--INFO -com.ctaf.accelerators.TestEngine:Able to click on By.xpath: //*[@label='One-way']
2017-08-03 16:46:16-main--INFO -com.ctaf.accelerators.TestEngine:Able to click on By.xpath: //XCUIElementTypeOther[3]/XCUIElementTypeOther[1]/XCUIElementTypeButton
2017-08-03 16:46:22-main--INFO -com.ctaf.accelerators.TestEngine:Able to click on Search
2017-08-03 16:46:29-main--INFO -com.ctaf.accelerators.TestEngine:Typing is performed on Origin
2017-08-03 16:46:32-main--INFO -com.ctaf.accelerators.TestEngine:Able to click on RUH
2017-08-03 16:46:39-main--INFO -com.ctaf.accelerators.TestEngine:Typing is performed on Destination
2017-08-03 16:46:42-main--INFO -com.ctaf.accelerators.TestEngine:Able to click on HMB
2017-08-03 16:47:01-main--INFO -com.ctaf.accelerators.TestEngine:Able to click on By.xpath: //*[@label='Adult']/following::XCUIElementTypeButton[2]
2017-08-03 16:47:14-main--INFO -com.ctaf.accelerators.TestEngine:Able to click on Find Flights
2017-08-03 16:49:04-main--INFO -com.ctaf.accelerators.TestEngine:Able to click on By.xpath: //XCUIElementTypeTable/XCUIElementTypeCell[1]/XCUIElementTypeButton[12]
2017-08-03 16:49:50-main--INFO -com.ctaf.accelerators.TestEngine:Able to click on By.xpath: //*[@label='Title*']/following-sibling::XCUIElementTypeButton[1]
2017-08-03 16:50:10-main--INFO -com.ctaf.accelerators.TestEngine:Typing is performed on Tittle
2017-08-03 16:53:56-main--INFO -com.ctaf.accelerators.TestEngine:Typing is not performed on firstName
2017-08-03 16:55:21-main--INFO -com.ctaf.accelerators.TestEngine:Starting browser : iphone
2017-08-03 16:56:05-main--INFO -com.ctaf.accelerators.TestEngine:Current Test : TC_06_oneWayInternatnlTwoAdultEco
2017-08-03 16:56:15-main--INFO -com.ctaf.accelerators.TestEngine:Able to click on By.xpath: //*[@label='Book flights']
2017-08-03 16:56:34-main--INFO -com.ctaf.accelerators.TestEngine:Able to click on By.xpath: //*[@label='One-way']
2017-08-03 16:56:47-main--INFO -com.ctaf.accelerators.TestEngine:Able to click on By.xpath: //XCUIElementTypeOther[3]/XCUIElementTypeOther[1]/XCUIElementTypeButton
2017-08-03 16:56:52-main--INFO -com.ctaf.accelerators.TestEngine:Able to click on Search
2017-08-03 16:57:00-main--INFO -com.ctaf.accelerators.TestEngine:Typing is performed on Origin
2017-08-03 16:57:02-main--INFO -com.ctaf.accelerators.TestEngine:Able to click on RUH
2017-08-03 16:57:09-main--INFO -com.ctaf.accelerators.TestEngine:Typing is performed on Destination
2017-08-03 16:57:12-main--INFO -com.ctaf.accelerators.TestEngine:Able to click on HMB
2017-08-03 17:00:26-main--INFO -com.ctaf.accelerators.TestEngine:Starting browser : iphone
2017-08-03 17:01:12-main--INFO -com.ctaf.accelerators.TestEngine:Current Test : TC_06_oneWayInternatnlTwoAdultEco
2017-08-03 17:01:21-main--INFO -com.ctaf.accelerators.TestEngine:Able to click on By.xpath: //*[@label='Book flights']
2017-08-03 17:01:40-main--INFO -com.ctaf.accelerators.TestEngine:Able to click on By.xpath: //*[@label='One-way']
2017-08-03 17:01:53-main--INFO -com.ctaf.accelerators.TestEngine:Able to click on By.xpath: //XCUIElementTypeOther[3]/XCUIElementTypeOther[1]/XCUIElementTypeButton
2017-08-03 17:01:59-main--INFO -com.ctaf.accelerators.TestEngine:Able to click on Search
2017-08-03 17:02:06-main--INFO -com.ctaf.accelerators.TestEngine:Typing is performed on Origin
2017-08-03 17:02:09-main--INFO -com.ctaf.accelerators.TestEngine:Able to click on RUH
2017-08-03 17:02:16-main--INFO -com.ctaf.accelerators.TestEngine:Typing is performed on Destination
2017-08-03 17:02:19-main--INFO -com.ctaf.accelerators.TestEngine:Able to click on HMB
2017-08-03 17:05:12-main--INFO -com.ctaf.accelerators.TestEngine:Starting browser : iphone
2017-08-03 17:05:56-main--INFO -com.ctaf.accelerators.TestEngine:Current Test : TC_06_oneWayInternatnlTwoAdultEco
2017-08-03 17:06:06-main--INFO -com.ctaf.accelerators.TestEngine:Able to click on By.xpath: //*[@label='Book flights']
2017-08-03 17:06:42-main--INFO -com.ctaf.accelerators.TestEngine:Able to click on By.xpath: //*[@label='One-way']
2017-08-03 17:06:55-main--INFO -com.ctaf.accelerators.TestEngine:Able to click on By.xpath: //XCUIElementTypeOther[3]/XCUIElementTypeOther[1]/XCUIElementTypeButton
2017-08-03 17:07:01-main--INFO -com.ctaf.accelerators.TestEngine:Able to click on Search
2017-08-03 17:07:08-main--INFO -com.ctaf.accelerators.TestEngine:Typing is performed on Origin
2017-08-03 17:07:10-main--INFO -com.ctaf.accelerators.TestEngine:Able to click on RUH
2017-08-03 17:07:17-main--INFO -com.ctaf.accelerators.TestEngine:Typing is performed on Destination
2017-08-03 17:07:20-main--INFO -com.ctaf.accelerators.TestEngine:Able to click on HMB
2017-08-03 17:08:18-main--INFO -com.ctaf.accelerators.TestEngine:Able to click on By.xpath: //*[@label='Adult']/following::XCUIElementTypeButton[2]
2017-08-03 17:08:29-main--INFO -com.ctaf.accelerators.TestEngine:Able to click on Find Flights
2017-08-03 17:09:21-main--INFO -com.ctaf.accelerators.TestEngine:Able to click on By.xpath: //XCUIElementTypeTable/XCUIElementTypeCell[1]/XCUIElementTypeButton[12]
2017-08-03 17:09:55-main--INFO -com.ctaf.accelerators.TestEngine:Able to click on By.xpath: //*[@label='Title*']/following-sibling::XCUIElementTypeButton[1]
2017-08-03 17:10:16-main--INFO -com.ctaf.accelerators.TestEngine:Typing is performed on Tittle
2017-08-03 17:14:00-main--INFO -com.ctaf.accelerators.TestEngine:Typing is not performed on firstName
2017-08-03 17:15:01-main--INFO -com.ctaf.accelerators.TestEngine:Starting browser : iphone
2017-08-03 17:15:48-main--INFO -com.ctaf.accelerators.TestEngine:Current Test : TC_06_oneWayInternatnlTwoAdultEco
2017-08-03 17:15:58-main--INFO -com.ctaf.accelerators.TestEngine:Able to click on By.xpath: //*[@label='Book flights']
2017-08-03 17:16:38-main--INFO -com.ctaf.accelerators.TestEngine:Able to click on By.xpath: //*[@label='One-way']
2017-08-03 17:16:52-main--INFO -com.ctaf.accelerators.TestEngine:Able to click on By.xpath: //XCUIElementTypeOther[3]/XCUIElementTypeOther[1]/XCUIElementTypeButton
2017-08-03 17:16:57-main--INFO -com.ctaf.accelerators.TestEngine:Able to click on Search
2017-08-03 17:17:05-main--INFO -com.ctaf.accelerators.TestEngine:Typing is performed on Origin
2017-08-03 17:17:07-main--INFO -com.ctaf.accelerators.TestEngine:Able to click on RUH
2017-08-03 17:17:14-main--INFO -com.ctaf.accelerators.TestEngine:Typing is performed on Destination
2017-08-03 17:17:17-main--INFO -com.ctaf.accelerators.TestEngine:Able to click on HMB
2017-08-03 17:17:46-main--INFO -com.ctaf.accelerators.TestEngine:Able to click on By.xpath: //*[@label='Adult']/following::XCUIElementTypeButton[2]
2017-08-03 17:17:59-main--INFO -com.ctaf.accelerators.TestEngine:Able to click on Find Flights
2017-08-03 17:18:58-main--INFO -com.ctaf.accelerators.TestEngine:Able to click on By.xpath: //XCUIElementTypeTable/XCUIElementTypeCell[1]/XCUIElementTypeButton[12]
2017-08-03 17:19:29-main--INFO -com.ctaf.accelerators.TestEngine:Able to click on By.xpath: //*[@label='Title*']/following-sibling::XCUIElementTypeButton[1]
2017-08-03 17:19:57-main--INFO -com.ctaf.accelerators.TestEngine:Typing is performed on Tittle
2017-08-03 17:20:22-main--INFO -com.ctaf.accelerators.TestEngine:Typing is performed on firstName
2017-08-03 17:20:49-main--INFO -com.ctaf.accelerators.TestEngine:Typing is performed on LastName
2017-08-03 17:21:09-main--INFO -com.ctaf.accelerators.TestEngine:Able to click on By.xpath: //*[@label='Date of birth*']/following-sibling:: XCUIElementTypeButton[2]
2017-08-03 17:21:34-main--INFO -com.ctaf.accelerators.TestEngine:Typing is performed on Date Of Birth
2017-08-03 17:22:08-main--INFO -com.ctaf.accelerators.TestEngine:Typing is performed on ID Number
2017-08-03 17:22:33-main--INFO -com.ctaf.accelerators.TestEngine:Able to click on By.xpath: //*[@label='ID Expiry Date*']/following-sibling::XCUIElementTypeButton[4]
2017-08-03 17:22:56-main--INFO -com.ctaf.accelerators.TestEngine:Typing is performed on ID Expiry Date
2017-08-03 17:23:35-main--INFO -com.ctaf.accelerators.TestEngine:Typing is performed on naSmilyNumber
2017-08-03 17:24:59-main--INFO -com.ctaf.accelerators.TestEngine:Able to click on By.xpath: //*[@label='Title*']/following-sibling::XCUIElementTypeButton[1]
2017-08-03 17:25:21-main--INFO -com.ctaf.accelerators.TestEngine:Typing is performed on Tittle
2017-08-03 17:26:03-main--INFO -com.ctaf.accelerators.TestEngine:Typing is performed on firstName
2017-08-03 17:26:27-main--INFO -com.ctaf.accelerators.TestEngine:Typing is performed on LastName
2017-08-03 17:27:16-main--INFO -com.ctaf.accelerators.TestEngine:Able to click on By.xpath: //*[@label='Date of birth*']/following-sibling:: XCUIElementTypeButton[2]
2017-08-03 17:27:40-main--INFO -com.ctaf.accelerators.TestEngine:Typing is performed on Date Of Birth
2017-08-03 17:28:10-main--INFO -com.ctaf.accelerators.TestEngine:Typing is performed on ID Number
2017-08-03 17:30:16-main--INFO -com.ctaf.accelerators.TestEngine:Able to click on By.xpath: //*[@label='ID Expiry Date*']/following-sibling::XCUIElementTypeButton[4]
2017-08-03 17:30:43-main--INFO -com.ctaf.accelerators.TestEngine:Typing is performed on ID Expiry Date
2017-08-03 17:31:24-main--INFO -com.ctaf.accelerators.TestEngine:Typing is performed on naSmilyNumber
2017-08-03 17:32:28-main--INFO -com.ctaf.accelerators.TestEngine:Typing is performed on MobileNumber
2017-08-03 17:33:01-main--INFO -com.ctaf.accelerators.TestEngine:Typing is performed on Email Address
2017-08-03 17:33:31-main--INFO -com.ctaf.accelerators.TestEngine:Able to click on By.xpath: //*[@label='Continue to Select Extras']
2017-08-03 17:34:54-main--INFO -com.ctaf.accelerators.TestEngine:Able to click on By.xpath: //*[@label='Continue to Select Seat']
