2016-11-24 10:44:59-main--INFO -com.ctaf.accelerators.TestEngine:Starting browser : chrome
2016-11-24 10:45:17-main--INFO -com.ctaf.accelerators.TestEngine:Current Test : TC_03_oneWayDomesticChangeDate
2016-11-24 10:46:33-main--INFO -com.ctaf.accelerators.TestEngine: Able to get TscreenShot
2016-11-24 10:47:11-main--INFO -com.ctaf.accelerators.TestEngine:Starting browser : chrome
2016-11-24 10:47:25-main--INFO -com.ctaf.accelerators.TestEngine:Current Test : TC_03_oneWayDomesticChangeDate
2016-11-24 10:56:29-main--INFO -com.ctaf.accelerators.TestEngine:Starting browser : chrome
2016-11-24 10:56:46-main--INFO -com.ctaf.accelerators.TestEngine:Current Test : TC_03_oneWayDomesticChangeDate
2016-11-24 11:03:55-main--INFO -com.ctaf.accelerators.TestEngine:Starting browser : chrome
2016-11-24 11:04:07-main--INFO -com.ctaf.accelerators.TestEngine:Current Test : validateFlightBooking
2016-11-24 11:04:14-main--INFO -com.ctaf.accelerators.TestEngine: Able to get TscreenShot
2016-11-24 11:04:22-main--INFO -com.ctaf.accelerators.TestEngine:Starting browser : chrome
2016-11-24 11:04:32-main--INFO -com.ctaf.accelerators.TestEngine:Current Test : validateFlightBooking
2016-11-24 11:04:38-main--INFO -com.ctaf.accelerators.TestEngine: Able to get TscreenShot
2016-11-24 11:04:46-main--INFO -com.ctaf.accelerators.TestEngine:Starting browser : chrome
2016-11-24 11:04:58-main--INFO -com.ctaf.accelerators.TestEngine:Current Test : validateFlightBooking
2016-11-24 11:05:04-main--INFO -com.ctaf.accelerators.TestEngine: Able to get TscreenShot
2016-11-24 11:05:26-main--INFO -com.ctaf.accelerators.TestEngine:Starting browser : chrome
2016-11-24 11:05:35-main--INFO -com.ctaf.accelerators.TestEngine:Current Test : TC_03_oneWayDomesticChangeDate
2016-11-24 11:11:30-main--INFO -com.ctaf.accelerators.TestEngine:Starting browser : chrome
2016-11-24 11:11:39-main--INFO -com.ctaf.accelerators.TestEngine:Current Test : validateFlightBooking
2016-11-24 11:11:44-main--INFO -com.ctaf.accelerators.TestEngine: Able to get TscreenShot
2016-11-24 11:11:55-main--INFO -com.ctaf.accelerators.TestEngine:Starting browser : chrome
2016-11-24 11:12:05-main--INFO -com.ctaf.accelerators.TestEngine:Current Test : validateFlightBooking
2016-11-24 11:12:11-main--INFO -com.ctaf.accelerators.TestEngine: Able to get TscreenShot
2016-11-24 11:12:16-main--INFO -com.ctaf.accelerators.TestEngine:Starting browser : chrome
2016-11-24 11:12:26-main--INFO -com.ctaf.accelerators.TestEngine:Current Test : validateFlightBooking
2016-11-24 11:12:31-main--INFO -com.ctaf.accelerators.TestEngine: Able to get TscreenShot
2016-11-24 11:12:44-main--INFO -com.ctaf.accelerators.TestEngine:Starting browser : chrome
2016-11-24 11:12:53-main--INFO -com.ctaf.accelerators.TestEngine:Current Test : validateFlightBooking
2016-11-24 11:13:02-main--INFO -com.ctaf.accelerators.TestEngine:Starting browser : chrome
2016-11-24 11:13:11-main--INFO -com.ctaf.accelerators.TestEngine:Current Test : TC_03_oneWayDomesticChangeDate
2016-11-24 11:14:13-main--INFO -com.ctaf.accelerators.TestEngine: Able to get TscreenShot
2016-11-24 11:28:51-main--INFO -com.ctaf.accelerators.TestEngine:Starting browser : chrome
2016-11-24 11:29:02-main--INFO -com.ctaf.accelerators.TestEngine:Current Test : TC_03_oneWayDomesticChangeDate
2016-11-24 11:31:50-main--INFO -com.ctaf.accelerators.TestEngine:Starting browser : chrome
2016-11-24 11:31:58-main--INFO -com.ctaf.accelerators.TestEngine:Current Test : TC_03_oneWayDomesticChangeDate
2016-11-24 11:34:00-main--INFO -com.ctaf.accelerators.TestEngine: Able to get TscreenShot
2016-11-24 11:40:05-main--INFO -com.ctaf.accelerators.TestEngine:Starting browser : chrome
2016-11-24 11:40:15-main--INFO -com.ctaf.accelerators.TestEngine:Current Test : TC_03_oneWayDomesticChangeDate
2016-11-24 11:42:24-main--INFO -com.ctaf.accelerators.TestEngine: Able to get TscreenShot
2016-11-24 11:43:45-main--INFO -com.ctaf.accelerators.TestEngine:Starting browser : chrome
2016-11-24 11:43:56-main--INFO -com.ctaf.accelerators.TestEngine:Current Test : TC_03_oneWayDomesticChangeDate
2016-11-24 11:45:56-main--INFO -com.ctaf.accelerators.TestEngine: Able to get TscreenShot
2016-11-24 11:48:17-main--INFO -com.ctaf.accelerators.TestEngine:Starting browser : chrome
2016-11-24 11:48:27-main--INFO -com.ctaf.accelerators.TestEngine:Current Test : TC_03_oneWayDomesticChangeDate
2016-11-24 11:53:55-main--INFO -com.ctaf.accelerators.TestEngine:Starting browser : chrome
2016-11-24 11:54:05-main--INFO -com.ctaf.accelerators.TestEngine:Current Test : TC_03_oneWayDomesticChangeDate
2016-11-24 11:55:03-main--INFO -com.ctaf.accelerators.TestEngine: Able to get TscreenShot
2016-11-24 11:55:11-main--INFO -com.ctaf.accelerators.TestEngine:Starting browser : chrome
2016-11-24 11:55:19-main--INFO -com.ctaf.accelerators.TestEngine:Current Test : TC_03_oneWayDomesticChangeDate
2016-11-24 11:57:39-main--INFO -com.ctaf.accelerators.TestEngine: Able to get TscreenShot
2016-11-24 11:57:39-main--INFO -com.ctaf.accelerators.TestEngine: Able to get TscreenShot
2016-11-24 12:12:01-main--INFO -com.ctaf.accelerators.TestEngine:Starting browser : chrome
2016-11-24 12:12:16-main--INFO -com.ctaf.accelerators.TestEngine:Current Test : TC_03_oneWayDomesticChangeDate
2016-11-24 12:44:22-main--INFO -com.ctaf.accelerators.TestEngine:Starting browser : chrome
2016-11-24 12:44:34-main--INFO -com.ctaf.accelerators.TestEngine:Current Test : TC_03_oneWayDomesticChangeDate
2016-11-24 12:45:32-main--INFO -com.ctaf.accelerators.TestEngine: Able to get TscreenShot
2016-11-24 12:46:31-main--INFO -com.ctaf.accelerators.TestEngine:Starting browser : chrome
2016-11-24 12:46:44-main--INFO -com.ctaf.accelerators.TestEngine:Current Test : TC_03_oneWayDomesticChangeDate
2016-11-24 12:47:46-main--INFO -com.ctaf.accelerators.TestEngine: Able to get TscreenShot
2016-11-24 12:49:22-main--INFO -com.ctaf.accelerators.TestEngine:Starting browser : chrome
2016-11-24 12:49:34-main--INFO -com.ctaf.accelerators.TestEngine:Current Test : TC_03_oneWayDomesticChangeDate
2016-11-24 12:50:36-main--INFO -com.ctaf.accelerators.TestEngine: Able to get TscreenShot
2016-11-24 12:51:03-main--INFO -com.ctaf.accelerators.TestEngine:Starting browser : chrome
2016-11-24 12:51:17-main--INFO -com.ctaf.accelerators.TestEngine:Current Test : TC_03_oneWayDomesticChangeDate
2016-11-24 12:52:50-main--INFO -com.ctaf.accelerators.TestEngine: Able to get TscreenShot
2016-11-24 12:53:11-main--INFO -com.ctaf.accelerators.TestEngine:Starting browser : chrome
2016-11-24 12:53:26-main--INFO -com.ctaf.accelerators.TestEngine:Current Test : TC_03_oneWayDomesticChangeDate
2016-11-24 12:54:28-main--INFO -com.ctaf.accelerators.TestEngine: Able to get TscreenShot
2016-11-24 12:57:51-main--INFO -com.ctaf.accelerators.TestEngine:Starting browser : chrome
2016-11-24 12:58:00-main--INFO -com.ctaf.accelerators.TestEngine:Current Test : TC_03_oneWayDomesticChangeDate
2016-11-24 13:00:54-main--INFO -com.ctaf.accelerators.TestEngine: Able to get TscreenShot
2016-11-24 13:01:38-main--INFO -com.ctaf.accelerators.TestEngine:Starting browser : chrome
2016-11-24 13:01:46-main--INFO -com.ctaf.accelerators.TestEngine:Current Test : TC_03_oneWayDomesticChangeDate
2016-11-24 13:03:20-main--INFO -com.ctaf.accelerators.TestEngine: Able to get TscreenShot
2016-11-24 13:11:42-main--INFO -com.ctaf.accelerators.TestEngine:Starting browser : chrome
2016-11-24 13:11:56-main--INFO -com.ctaf.accelerators.TestEngine:Current Test : TC_03_oneWayDomesticChangeDate
2016-11-24 13:12:23-main--INFO -com.ctaf.accelerators.TestEngine: Able to get TscreenShot
2016-11-24 13:14:50-main--INFO -com.ctaf.accelerators.TestEngine:Starting browser : chrome
2016-11-24 13:14:58-main--INFO -com.ctaf.accelerators.TestEngine:Current Test : TC_03_oneWayDomesticChangeDate
2016-11-24 13:15:28-main--INFO -com.ctaf.accelerators.TestEngine: Able to get TscreenShot
2016-11-24 13:16:25-main--INFO -com.ctaf.accelerators.TestEngine:Starting browser : chrome
2016-11-24 13:16:36-main--INFO -com.ctaf.accelerators.TestEngine:Current Test : TC_03_oneWayDomesticChangeDate
2016-11-24 13:17:11-main--INFO -com.ctaf.accelerators.TestEngine: Able to get TscreenShot
2016-11-24 13:20:11-main--INFO -com.ctaf.accelerators.TestEngine:Starting browser : chrome
2016-11-24 13:20:22-main--INFO -com.ctaf.accelerators.TestEngine:Current Test : TC_03_oneWayDomesticChangeDate
2016-11-24 13:20:51-main--INFO -com.ctaf.accelerators.TestEngine: Able to get TscreenShot
2016-11-24 13:23:09-main--INFO -com.ctaf.accelerators.TestEngine:Starting browser : chrome
2016-11-24 13:23:17-main--INFO -com.ctaf.accelerators.TestEngine:Current Test : TC_03_oneWayDomesticChangeDate
2016-11-24 13:23:32-main--INFO -com.ctaf.accelerators.TestEngine: Able to get TscreenShot
2016-11-24 13:24:38-main--INFO -com.ctaf.accelerators.TestEngine:Starting browser : chrome
2016-11-24 13:24:46-main--INFO -com.ctaf.accelerators.TestEngine:Current Test : TC_03_oneWayDomesticChangeDate
2016-11-24 13:25:41-main--INFO -com.ctaf.accelerators.TestEngine: Able to get TscreenShot
2016-11-24 13:37:06-main--INFO -com.ctaf.accelerators.TestEngine:Starting browser : chrome
2016-11-24 13:37:16-main--INFO -com.ctaf.accelerators.TestEngine:Current Test : TC_03_oneWayDomesticChangeDate
2016-11-24 13:38:01-main--INFO -com.ctaf.accelerators.TestEngine: Able to get TscreenShot
2016-11-24 13:40:08-main--INFO -com.ctaf.accelerators.TestEngine:Starting browser : chrome
2016-11-24 13:40:16-main--INFO -com.ctaf.accelerators.TestEngine:Current Test : TC_03_oneWayDomesticChangeDate
2016-11-24 13:41:02-main--INFO -com.ctaf.accelerators.TestEngine: Able to get TscreenShot
2016-11-24 13:41:23-main--INFO -com.ctaf.accelerators.TestEngine:Starting browser : chrome
2016-11-24 13:41:32-main--INFO -com.ctaf.accelerators.TestEngine:Current Test : TC_03_oneWayDomesticChangeDate
2016-11-24 13:44:47-main--INFO -com.ctaf.accelerators.TestEngine:Starting browser : chrome
2016-11-24 13:44:57-main--INFO -com.ctaf.accelerators.TestEngine:Current Test : TC_03_oneWayDomesticChangeDate
2016-11-24 13:48:16-main--INFO -com.ctaf.accelerators.TestEngine:Starting browser : chrome
2016-11-24 13:48:25-main--INFO -com.ctaf.accelerators.TestEngine:Current Test : TC_03_oneWayDomesticChangeDate
2016-11-24 13:51:25-main--INFO -com.ctaf.accelerators.TestEngine:Starting browser : chrome
2016-11-24 13:51:33-main--INFO -com.ctaf.accelerators.TestEngine:Current Test : TC_03_oneWayDomesticChangeDate
2016-11-24 13:55:07-main--INFO -com.ctaf.accelerators.TestEngine:Starting browser : chrome
2016-11-24 13:55:17-main--INFO -com.ctaf.accelerators.TestEngine:Current Test : TC_03_oneWayDomesticChangeDate
2016-11-24 13:55:59-main--INFO -com.ctaf.accelerators.TestEngine:Starting browser : chrome
2016-11-24 13:56:09-main--INFO -com.ctaf.accelerators.TestEngine:Current Test : TC_03_oneWayDomesticChangeDate
2016-11-24 14:00:37-main--INFO -com.ctaf.accelerators.TestEngine:Starting browser : chrome
2016-11-24 14:00:46-main--INFO -com.ctaf.accelerators.TestEngine:Current Test : TC_03_oneWayDomesticChangeDate
2016-11-24 14:57:23-main--INFO -com.ctaf.accelerators.TestEngine:Starting browser : chrome
2016-11-24 14:57:35-main--INFO -com.ctaf.accelerators.TestEngine:Current Test : TC_03_oneWayDomesticChangeDate
2016-11-24 14:59:22-main--INFO -com.ctaf.accelerators.TestEngine: Able to get TscreenShot
2016-11-24 15:03:59-main--INFO -com.ctaf.accelerators.TestEngine:Starting browser : chrome
2016-11-24 15:04:10-main--INFO -com.ctaf.accelerators.TestEngine:Current Test : TC_03_oneWayDomesticChangeDate
2016-11-24 15:06:09-main--INFO -com.ctaf.accelerators.TestEngine: Able to get TscreenShot
2016-11-24 15:13:50-main--INFO -com.ctaf.accelerators.TestEngine:Starting browser : chrome
2016-11-24 15:14:00-main--INFO -com.ctaf.accelerators.TestEngine:Current Test : TC_03_oneWayDomesticChangeDate
2016-11-24 15:32:48-main--INFO -com.ctaf.accelerators.TestEngine:Starting browser : chrome
2016-11-24 15:32:58-main--INFO -com.ctaf.accelerators.TestEngine:Current Test : TC_03_oneWayDomesticChangeDate
2016-11-24 15:33:58-main--INFO -com.ctaf.accelerators.TestEngine: Able to get TscreenShot
2016-11-24 15:35:22-main--INFO -com.ctaf.accelerators.TestEngine:Starting browser : chrome
2016-11-24 15:35:31-main--INFO -com.ctaf.accelerators.TestEngine:Current Test : TC_03_oneWayDomesticChangeDate
2016-11-24 15:36:32-main--INFO -com.ctaf.accelerators.TestEngine:Starting browser : chrome
2016-11-24 15:36:41-main--INFO -com.ctaf.accelerators.TestEngine:Current Test : TC_03_oneWayDomesticChangeDate
2016-11-24 15:39:00-main--INFO -com.ctaf.accelerators.TestEngine: Able to get TscreenShot
2016-11-24 15:46:35-main--INFO -com.ctaf.accelerators.TestEngine:Starting browser : chrome
2016-11-24 15:46:57-main--INFO -com.ctaf.accelerators.TestEngine:Current Test : TC_03_oneWayDomesticChangeDate
2016-11-24 15:50:24-main--INFO -com.ctaf.accelerators.TestEngine:Starting browser : chrome
2016-11-24 15:50:34-main--INFO -com.ctaf.accelerators.TestEngine:Current Test : TC_03_oneWayDomesticChangeDate
2016-11-24 15:52:30-main--INFO -com.ctaf.accelerators.TestEngine: Able to get TscreenShot
2016-11-24 15:54:15-main--INFO -com.ctaf.accelerators.TestEngine:Starting browser : chrome
2016-11-24 15:54:24-main--INFO -com.ctaf.accelerators.TestEngine:Current Test : TC_03_oneWayDomesticChangeDate
2016-11-24 17:14:02-main--INFO -com.ctaf.accelerators.TestEngine:Starting browser : chrome
2016-11-24 17:14:13-main--INFO -com.ctaf.accelerators.TestEngine:Current Test : TC_03_oneWayDomesticChangeDate
2016-11-24 17:14:38-main--INFO -com.ctaf.accelerators.TestEngine: Able to get TscreenShot
2016-11-24 17:14:45-main--INFO -com.ctaf.accelerators.TestEngine:Starting browser : chrome
2016-11-24 17:14:54-main--INFO -com.ctaf.accelerators.TestEngine:Current Test : TC_03_oneWayDomesticChangeDate
2016-11-24 17:17:55-main--INFO -com.ctaf.accelerators.TestEngine:Starting browser : chrome
2016-11-24 17:18:03-main--INFO -com.ctaf.accelerators.TestEngine:Current Test : TC_03_oneWayDomesticChangeDate
2016-11-24 17:19:56-main--INFO -com.ctaf.accelerators.TestEngine:Starting browser : chrome
2016-11-24 17:20:04-main--INFO -com.ctaf.accelerators.TestEngine:Current Test : TC_03_oneWayDomesticChangeDate
2016-11-24 17:22:25-main--INFO -com.ctaf.accelerators.TestEngine:Starting browser : chrome
2016-11-24 17:22:33-main--INFO -com.ctaf.accelerators.TestEngine:Current Test : TC_03_oneWayDomesticChangeDate
2016-11-24 17:28:34-main--INFO -com.ctaf.accelerators.TestEngine:Starting browser : chrome
2016-11-24 17:28:46-main--INFO -com.ctaf.accelerators.TestEngine:Current Test : TC_03_oneWayDomesticChangeDate
2016-11-24 17:32:08-main--INFO -com.ctaf.accelerators.TestEngine: Able to get TscreenShot
2016-11-24 17:37:54-main--INFO -com.ctaf.accelerators.TestEngine:Starting browser : chrome
2016-11-24 17:38:02-main--INFO -com.ctaf.accelerators.TestEngine:Current Test : TC_03_oneWayDomesticChangeDate
2016-11-24 17:38:23-main--INFO -com.ctaf.accelerators.TestEngine: Able to get TscreenShot
2016-11-24 17:39:36-main--INFO -com.ctaf.accelerators.TestEngine:Starting browser : chrome
2016-11-24 17:39:46-main--INFO -com.ctaf.accelerators.TestEngine:Current Test : TC_03_oneWayDomesticChangeDate
2016-11-24 17:44:11-main--INFO -com.ctaf.accelerators.TestEngine:Starting browser : chrome
2016-11-24 17:44:19-main--INFO -com.ctaf.accelerators.TestEngine:Current Test : TC_03_oneWayDomesticChangeDate
2016-11-24 17:45:11-main--INFO -com.ctaf.accelerators.TestEngine: Able to get TscreenShot
2016-11-24 17:48:25-main--INFO -com.ctaf.accelerators.TestEngine:Starting browser : chrome
2016-11-24 17:48:34-main--INFO -com.ctaf.accelerators.TestEngine:Current Test : TC_03_oneWayDomesticChangeDate
2016-11-24 17:49:25-main--INFO -com.ctaf.accelerators.TestEngine: Able to get TscreenShot
2016-11-24 17:52:27-main--INFO -com.ctaf.accelerators.TestEngine:Starting browser : chrome
2016-11-24 17:52:37-main--INFO -com.ctaf.accelerators.TestEngine:Current Test : TC_03_oneWayDomesticChangeDate
2016-11-24 17:52:57-main--INFO -com.ctaf.accelerators.TestEngine: Able to get TscreenShot
2016-11-24 17:56:03-main--INFO -com.ctaf.accelerators.TestEngine:Starting browser : chrome
2016-11-24 17:56:12-main--INFO -com.ctaf.accelerators.TestEngine:Current Test : TC_03_oneWayDomesticChangeDate
2016-11-24 17:56:33-main--INFO -com.ctaf.accelerators.TestEngine: Able to get TscreenShot
2016-11-24 17:57:23-main--INFO -com.ctaf.accelerators.TestEngine:Starting browser : chrome
2016-11-24 17:57:32-main--INFO -com.ctaf.accelerators.TestEngine:Current Test : TC_03_oneWayDomesticChangeDate
2016-11-24 17:58:32-main--INFO -com.ctaf.accelerators.TestEngine: Able to get TscreenShot
2016-11-24 17:58:41-main--INFO -com.ctaf.accelerators.TestEngine:Starting browser : chrome
2016-11-24 17:58:49-main--INFO -com.ctaf.accelerators.TestEngine:Current Test : TC_03_oneWayDomesticChangeDate
2016-11-24 17:59:49-main--INFO -com.ctaf.accelerators.TestEngine: Able to get TscreenShot
2016-11-24 18:00:21-main--INFO -com.ctaf.accelerators.TestEngine:Starting browser : chrome
2016-11-24 18:00:32-main--INFO -com.ctaf.accelerators.TestEngine:Current Test : TC_03_oneWayDomesticChangeDate
2016-11-24 18:02:07-main--INFO -com.ctaf.accelerators.TestEngine: Able to get TscreenShot
2016-11-24 18:18:47-main--INFO -com.ctaf.accelerators.TestEngine:Starting browser : chrome
2016-11-24 18:18:58-main--INFO -com.ctaf.accelerators.TestEngine:Current Test : TC_03_oneWayDomesticChangeDate
2016-11-24 18:21:52-main--INFO -com.ctaf.accelerators.TestEngine:Starting browser : chrome
2016-11-24 18:22:03-main--INFO -com.ctaf.accelerators.TestEngine:Current Test : TC_03_oneWayDomesticChangeDate
2016-11-24 18:43:51-main--INFO -com.ctaf.accelerators.TestEngine:Starting browser : chrome
2016-11-24 18:44:00-main--INFO -com.ctaf.accelerators.TestEngine:Current Test : TC_03_oneWayDomesticChangeDate
2016-11-24 18:47:44-main--INFO -com.ctaf.accelerators.TestEngine:Starting browser : chrome
2016-11-24 18:47:53-main--INFO -com.ctaf.accelerators.TestEngine:Current Test : TC_03_oneWayDomesticChangeDate
2016-11-24 18:48:15-main--INFO -com.ctaf.accelerators.TestEngine: Able to get TscreenShot
2016-11-24 18:53:43-main--INFO -com.ctaf.accelerators.TestEngine:Starting browser : chrome
2016-11-24 18:53:52-main--INFO -com.ctaf.accelerators.TestEngine:Current Test : TC_06_oneWay2InternationalEco
2016-11-24 18:54:32-main--INFO -com.ctaf.accelerators.TestEngine:Starting browser : chrome
2016-11-24 18:54:40-main--INFO -com.ctaf.accelerators.TestEngine:Current Test : TC_06_oneWay2InternationalEco
2016-11-24 18:56:10-main--INFO -com.ctaf.accelerators.TestEngine:Starting browser : chrome
2016-11-24 18:56:18-main--INFO -com.ctaf.accelerators.TestEngine:Current Test : TC_06_oneWay2InternationalEco
2016-11-24 19:06:02-main--INFO -com.ctaf.accelerators.TestEngine:Starting browser : chrome
2016-11-24 19:06:10-main--INFO -com.ctaf.accelerators.TestEngine:Current Test : TC_06_oneWay2InternationalEco
2016-11-24 19:06:29-main--INFO -com.ctaf.accelerators.TestEngine: Able to get TscreenShot
2016-11-24 19:07:17-main--INFO -com.ctaf.accelerators.TestEngine:Starting browser : chrome
2016-11-24 19:07:26-main--INFO -com.ctaf.accelerators.TestEngine:Current Test : TC_06_oneWay2InternationalEco
2016-11-24 19:07:44-main--INFO -com.ctaf.accelerators.TestEngine: Able to get TscreenShot
2016-11-24 19:09:27-main--INFO -com.ctaf.accelerators.TestEngine:Starting browser : chrome
2016-11-24 19:09:34-main--INFO -com.ctaf.accelerators.TestEngine:Current Test : TC_06_oneWay2InternationalEco
2016-11-24 19:12:22-main--INFO -com.ctaf.accelerators.TestEngine:Starting browser : chrome
2016-11-24 19:12:32-main--INFO -com.ctaf.accelerators.TestEngine:Current Test : TC_06_oneWay2InternationalEco
2016-11-24 19:12:53-main--INFO -com.ctaf.accelerators.TestEngine: Able to get TscreenShot
2016-11-24 19:13:50-main--INFO -com.ctaf.accelerators.TestEngine:Starting browser : chrome
2016-11-24 19:14:00-main--INFO -com.ctaf.accelerators.TestEngine:Current Test : TC_03_oneWayDomesticChangeDate
2016-11-24 19:14:23-main--INFO -com.ctaf.accelerators.TestEngine: Able to get TscreenShot
2016-11-24 19:31:54-main--INFO -com.ctaf.accelerators.TestEngine:Starting browser : chrome
2016-11-24 19:32:03-main--INFO -com.ctaf.accelerators.TestEngine:Current Test : TC_03_oneWayDomesticChangeDate
2016-11-24 19:32:23-main--INFO -com.ctaf.accelerators.TestEngine: Able to get TscreenShot
2016-11-24 19:35:23-main--INFO -com.ctaf.accelerators.TestEngine:Starting browser : chrome
2016-11-24 19:35:31-main--INFO -com.ctaf.accelerators.TestEngine:Current Test : TC_03_oneWayDomesticChangeDate
2016-11-24 19:40:02-main--INFO -com.ctaf.accelerators.TestEngine:Starting browser : chrome
2016-11-24 19:40:12-main--INFO -com.ctaf.accelerators.TestEngine:Current Test : TC_06_oneWay2InternationalEco
2016-11-24 19:46:04-main--INFO -com.ctaf.accelerators.TestEngine:Starting browser : chrome
2016-11-24 19:46:15-main--INFO -com.ctaf.accelerators.TestEngine:Current Test : TC_06_oneWay2InternationalEco
2016-11-24 19:46:47-main--INFO -com.ctaf.accelerators.TestEngine: Able to get TscreenShot
2016-11-24 19:48:04-main--INFO -com.ctaf.accelerators.TestEngine:Starting browser : chrome
2016-11-24 19:48:14-main--INFO -com.ctaf.accelerators.TestEngine:Current Test : TC_06_oneWay2InternationalEco
2016-11-24 19:48:53-main--INFO -com.ctaf.accelerators.TestEngine: Able to get TscreenShot
2016-11-24 19:49:28-main--INFO -com.ctaf.accelerators.TestEngine:Starting browser : chrome
2016-11-24 19:49:35-main--INFO -com.ctaf.accelerators.TestEngine:Current Test : TC_03_oneWayDomesticChangeDate
2016-11-24 19:50:44-main--INFO -com.ctaf.accelerators.TestEngine:Starting browser : chrome
2016-11-24 19:50:53-main--INFO -com.ctaf.accelerators.TestEngine:Current Test : TC_03_oneWayDomesticChangeDate
2016-11-24 19:51:51-main--INFO -com.ctaf.accelerators.TestEngine: Able to get TscreenShot
2016-11-24 19:52:26-main--INFO -com.ctaf.accelerators.TestEngine:Starting browser : chrome
2016-11-24 19:52:36-main--INFO -com.ctaf.accelerators.TestEngine:Current Test : TC_03_oneWayDomesticChangeDate
2016-11-24 20:02:39-main--INFO -com.ctaf.accelerators.TestEngine:Starting browser : chrome
2016-11-24 20:02:48-main--INFO -com.ctaf.accelerators.TestEngine:Current Test : TC_06_oneWay2InternationalEco
2016-11-24 20:03:50-main--INFO -com.ctaf.accelerators.TestEngine:Starting browser : chrome
2016-11-24 20:03:59-main--INFO -com.ctaf.accelerators.TestEngine:Current Test : TC_03_oneWayDomesticChangeDate
2016-11-24 20:04:09-main--INFO -com.ctaf.accelerators.TestEngine: Able to get TscreenShot
2016-11-24 20:04:37-main--INFO -com.ctaf.accelerators.TestEngine:Starting browser : chrome
2016-11-24 20:04:45-main--INFO -com.ctaf.accelerators.TestEngine:Current Test : TC_03_oneWayDomesticChangeDate
2016-11-24 20:04:55-main--INFO -com.ctaf.accelerators.TestEngine: Able to get TscreenShot
2016-11-24 20:05:08-main--INFO -com.ctaf.accelerators.TestEngine:Starting browser : chrome
2016-11-24 20:05:18-main--INFO -com.ctaf.accelerators.TestEngine:Current Test : TC_03_oneWayDomesticChangeDate
2016-11-24 20:05:28-main--INFO -com.ctaf.accelerators.TestEngine: Able to get TscreenShot
2016-11-24 20:06:01-main--INFO -com.ctaf.accelerators.TestEngine:Starting browser : chrome
2016-11-24 20:06:10-main--INFO -com.ctaf.accelerators.TestEngine:Current Test : TC_03_oneWayDomesticChangeDate
2016-11-24 20:06:20-main--INFO -com.ctaf.accelerators.TestEngine: Able to get TscreenShot
2016-11-24 20:06:49-main--INFO -com.ctaf.accelerators.TestEngine:Starting browser : chrome
2016-11-24 20:06:58-main--INFO -com.ctaf.accelerators.TestEngine:Current Test : TC_03_oneWayDomesticChangeDate
2016-11-24 20:08:10-main--INFO -com.ctaf.accelerators.TestEngine:Starting browser : chrome
2016-11-24 20:08:19-main--INFO -com.ctaf.accelerators.TestEngine:Current Test : TC_04_onewaydomesticBusiness
2016-11-24 20:11:42-main--INFO -com.ctaf.accelerators.TestEngine:Starting browser : chrome
2016-11-24 20:11:51-main--INFO -com.ctaf.accelerators.TestEngine:Current Test : TC_06_oneWay2InternationalEco
2016-11-24 20:12:25-main--INFO -com.ctaf.accelerators.TestEngine: Able to get TscreenShot
2016-11-24 20:14:49-main--INFO -com.ctaf.accelerators.TestEngine:Starting browser : chrome
2016-11-24 20:15:04-main--INFO -com.ctaf.accelerators.TestEngine:Current Test : TC_06_oneWay2InternationalEco
2016-11-24 20:15:42-main--INFO -com.ctaf.accelerators.TestEngine: Able to get TscreenShot
2016-11-24 20:45:50-main--INFO -com.ctaf.accelerators.TestEngine:Starting browser : chrome
2016-11-24 20:45:59-main--INFO -com.ctaf.accelerators.TestEngine:Current Test : TC_06_oneWay2InternationalEco
2016-11-24 20:46:37-main--INFO -com.ctaf.accelerators.TestEngine: Able to get TscreenShot
2016-11-24 20:50:17-main--INFO -com.ctaf.accelerators.TestEngine:Starting browser : chrome
2016-11-24 20:50:26-main--INFO -com.ctaf.accelerators.TestEngine:Current Test : TC_06_oneWay2InternationalEco
2016-11-24 20:51:21-main--INFO -com.ctaf.accelerators.TestEngine: Able to get TscreenShot
2016-11-24 21:47:46-main--INFO -com.ctaf.accelerators.TestEngine:Starting browser : chrome
2016-11-24 21:47:56-main--INFO -com.ctaf.accelerators.TestEngine:Current Test : TC_06_oneWay2InternationalEco
2016-11-24 21:48:16-main--INFO -com.ctaf.accelerators.TestEngine: Able to get TscreenShot
2016-11-24 21:48:47-main--INFO -com.ctaf.accelerators.TestEngine:Starting browser : chrome
2016-11-24 21:48:55-main--INFO -com.ctaf.accelerators.TestEngine:Current Test : TC_06_oneWay2InternationalEco
2016-11-24 21:49:28-main--INFO -com.ctaf.accelerators.TestEngine: Able to get TscreenShot
2016-11-24 21:50:36-main--INFO -com.ctaf.accelerators.TestEngine:Starting browser : chrome
2016-11-24 21:50:47-main--INFO -com.ctaf.accelerators.TestEngine:Current Test : TC_06_oneWay2InternationalEco
2016-11-24 21:52:04-main--INFO -com.ctaf.accelerators.TestEngine: Able to get TscreenShot
2016-11-24 21:52:49-main--INFO -com.ctaf.accelerators.TestEngine:Starting browser : chrome
2016-11-24 21:52:57-main--INFO -com.ctaf.accelerators.TestEngine:Current Test : TC_06_oneWay2InternationalEco
2016-11-24 21:53:41-main--INFO -com.ctaf.accelerators.TestEngine: Able to get TscreenShot
2016-11-24 21:55:15-main--INFO -com.ctaf.accelerators.TestEngine:Starting browser : chrome
2016-11-24 21:55:28-main--INFO -com.ctaf.accelerators.TestEngine:Current Test : TC_06_oneWay2InternationalEco
