2016-12-08 10:45:44-main--INFO -com.ctaf.accelerators.TestEngine:Starting browser : ie
2016-12-08 10:45:59-main--INFO -com.ctaf.accelerators.TestEngine:Current Test : TC_01_oneWayDomesticEcoSADAD
2016-12-08 10:46:39-main--INFO -com.ctaf.accelerators.TestEngine: Able to get TscreenShot
2016-12-08 10:48:55-main--INFO -com.ctaf.accelerators.TestEngine:Starting browser : ie
2016-12-08 10:49:36-main--INFO -com.ctaf.accelerators.TestEngine:Current Test : TC_01_oneWayDomesticEcoSADAD
2016-12-08 10:52:14-main--INFO -com.ctaf.accelerators.TestEngine:Starting browser : firefox
2016-12-08 10:57:26-main--INFO -com.ctaf.accelerators.TestEngine:Starting browser : firefox
2016-12-08 10:58:45-main--INFO -com.ctaf.accelerators.TestEngine:Starting browser : firefox
2016-12-08 11:00:55-main--INFO -com.ctaf.accelerators.TestEngine:Starting browser : firefox
2016-12-08 11:01:57-main--INFO -com.ctaf.accelerators.TestEngine:Starting browser : firefox
2016-12-08 11:02:05-main--INFO -com.ctaf.accelerators.TestEngine:Starting browser : firefox
2016-12-08 11:02:53-main--INFO -com.ctaf.accelerators.TestEngine:Starting browser : firefox
2016-12-08 11:08:38-main--INFO -com.ctaf.accelerators.TestEngine:Starting browser : firefox
2016-12-08 11:08:55-main--INFO -com.ctaf.accelerators.TestEngine:Current Test : TC_01_oneWayDomesticEcoSADAD
2016-12-08 11:09:19-main--INFO -com.ctaf.accelerators.TestEngine:Starting browser : firefox
2016-12-08 11:09:29-main--INFO -com.ctaf.accelerators.TestEngine:Current Test : TC_01_oneWayDomesticEcoSADAD
2016-12-08 11:10:25-main--INFO -com.ctaf.accelerators.TestEngine: Able to get TscreenShot
2016-12-08 11:15:01-main--INFO -com.ctaf.accelerators.TestEngine:Starting browser : firefox
2016-12-08 11:15:10-main--INFO -com.ctaf.accelerators.TestEngine:Current Test : TC_01_oneWayDomesticEcoSADAD
2016-12-08 11:16:08-main--INFO -com.ctaf.accelerators.TestEngine: Able to get TscreenShot
2016-12-08 11:21:18-main--INFO -com.ctaf.accelerators.TestEngine:Starting browser : firefox
2016-12-08 11:21:31-main--INFO -com.ctaf.accelerators.TestEngine:Current Test : TC_01_oneWayDomesticEcoSADAD
2016-12-08 11:23:03-main--INFO -com.ctaf.accelerators.TestEngine:Starting browser : firefox
2016-12-08 11:23:15-main--INFO -com.ctaf.accelerators.TestEngine:Current Test : TC_01_oneWayDomesticEcoSADAD
2016-12-08 11:25:49-main--INFO -com.ctaf.accelerators.TestEngine:Starting browser : firefox
2016-12-08 11:25:57-main--INFO -com.ctaf.accelerators.TestEngine:Current Test : TC_01_oneWayDomesticEcoSADAD
2016-12-08 11:27:01-main--INFO -com.ctaf.accelerators.TestEngine:Starting browser : firefox
2016-12-08 11:27:14-main--INFO -com.ctaf.accelerators.TestEngine:Current Test : TC_01_oneWayDomesticEcoSADAD
2016-12-08 11:27:47-main--INFO -com.ctaf.accelerators.TestEngine:Starting browser : chrome
2016-12-08 11:28:03-main--INFO -com.ctaf.accelerators.TestEngine:Current Test : TC_01_oneWayDomesticEcoSADAD
2016-12-08 11:28:15-main--INFO -com.ctaf.accelerators.TestEngine: Able to get TscreenShot
2016-12-08 11:29:41-main--INFO -com.ctaf.accelerators.TestEngine: Able to get TscreenShot
2016-12-08 11:33:51-main--INFO -com.ctaf.accelerators.TestEngine:Starting browser : firefox
2016-12-08 11:34:44-main--INFO -com.ctaf.accelerators.TestEngine:Current Test : TC_01_oneWayDomesticEcoSADAD
2016-12-08 11:36:51-main--INFO -com.ctaf.accelerators.TestEngine:Starting browser : firefox
2016-12-08 11:37:01-main--INFO -com.ctaf.accelerators.TestEngine:Current Test : TC_01_oneWayDomesticEcoSADAD
2016-12-08 11:37:45-main--INFO -com.ctaf.accelerators.TestEngine:Starting browser : firefox
2016-12-08 11:37:54-main--INFO -com.ctaf.accelerators.TestEngine:Current Test : TC_01_oneWayDomesticEcoSADAD
2016-12-08 11:49:57-main--INFO -com.ctaf.accelerators.TestEngine:Starting browser : Android
2016-12-08 12:50:53-main--INFO -com.ctaf.accelerators.TestEngine:Starting browser : Android
2016-12-08 12:51:36-main--INFO -com.ctaf.accelerators.TestEngine:Starting browser : Android
2016-12-08 12:53:33-main--INFO -com.ctaf.accelerators.TestEngine:Starting browser : Android
2016-12-08 12:54:05-main--INFO -com.ctaf.accelerators.TestEngine:Current Test : TC_01_oneWayDomesticEcoSADAD
2016-12-08 13:04:15-main--INFO -com.ctaf.accelerators.TestEngine:Starting browser : Android
2016-12-08 13:04:31-main--INFO -com.ctaf.accelerators.TestEngine:Current Test : TC_01_oneWayDomesticEcoSADAD
2016-12-08 13:52:36-main--INFO -com.ctaf.accelerators.TestEngine:Starting browser : Android
2016-12-08 13:53:06-main--INFO -com.ctaf.accelerators.TestEngine:Starting browser : Android
2016-12-08 13:53:32-main--INFO -com.ctaf.accelerators.TestEngine:Current Test : TC_01_oneWayDomesticEcoSADAD
2016-12-08 13:54:50-main--INFO -com.ctaf.accelerators.TestEngine:Starting browser : Android
2016-12-08 13:55:09-main--INFO -com.ctaf.accelerators.TestEngine:Starting browser : Android
2016-12-08 13:55:27-main--INFO -com.ctaf.accelerators.TestEngine:Current Test : TC_01_oneWayDomesticEcoSADAD
2016-12-08 13:57:51-main--INFO -com.ctaf.accelerators.TestEngine:Starting browser : Android
2016-12-08 13:58:05-main--INFO -com.ctaf.accelerators.TestEngine:Starting browser : Android
2016-12-08 13:58:23-main--INFO -com.ctaf.accelerators.TestEngine:Current Test : TC_01_oneWayDomesticEcoSADAD
2016-12-08 14:00:12-main--INFO -com.ctaf.accelerators.TestEngine:Starting browser : Android
2016-12-08 14:00:35-main--INFO -com.ctaf.accelerators.TestEngine:Starting browser : Android
2016-12-08 14:00:57-main--INFO -com.ctaf.accelerators.TestEngine:Current Test : TC_01_oneWayDomesticEcoSADAD
2016-12-08 14:03:33-main--INFO -com.ctaf.accelerators.TestEngine:Starting browser : Android
2016-12-08 14:03:45-main--INFO -com.ctaf.accelerators.TestEngine:Starting browser : Android
2016-12-08 14:04:03-main--INFO -com.ctaf.accelerators.TestEngine:Current Test : TC_01_oneWayDomesticEcoSADAD
2016-12-08 14:05:54-main--INFO -com.ctaf.accelerators.TestEngine:Starting browser : Android
2016-12-08 14:06:10-main--INFO -com.ctaf.accelerators.TestEngine:Current Test : TC_01_oneWayDomesticEcoSADAD
2016-12-08 14:11:37-main--INFO -com.ctaf.accelerators.TestEngine:Starting browser : Android
2016-12-08 14:11:50-main--INFO -com.ctaf.accelerators.TestEngine:Starting browser : Android
2016-12-08 14:12:10-main--INFO -com.ctaf.accelerators.TestEngine:Current Test : TC_01_oneWayDomesticEcoSADAD
2016-12-08 14:14:05-main--INFO -com.ctaf.accelerators.TestEngine:Starting browser : Android
2016-12-08 14:14:29-main--INFO -com.ctaf.accelerators.TestEngine:Current Test : TC_01_oneWayDomesticEcoSADAD
2016-12-08 14:18:04-main--INFO -com.ctaf.accelerators.TestEngine:Starting browser : Android
2016-12-08 14:18:18-main--INFO -com.ctaf.accelerators.TestEngine:Starting browser : Android
2016-12-08 14:18:39-main--INFO -com.ctaf.accelerators.TestEngine:Current Test : TC_01_oneWayDomesticEcoSADAD
2016-12-08 14:23:54-main--INFO -com.ctaf.accelerators.TestEngine:Starting browser : Android
2016-12-08 14:24:14-main--INFO -com.ctaf.accelerators.TestEngine:Current Test : TC_01_oneWayDomesticEcoSADAD
2016-12-08 14:38:33-main--INFO -com.ctaf.accelerators.TestEngine:Starting browser : Android
2016-12-08 14:38:56-main--INFO -com.ctaf.accelerators.TestEngine:Current Test : TC_01_oneWayDomesticEcoSADAD
2016-12-08 14:47:45-main--INFO -com.ctaf.accelerators.TestEngine:Starting browser : Android
2016-12-08 14:48:36-main--INFO -com.ctaf.accelerators.TestEngine:Current Test : TC_01_oneWayDomesticEcoSADAD
2016-12-08 14:51:32-main--INFO -com.ctaf.accelerators.TestEngine:Starting browser : Android
2016-12-08 14:51:52-main--INFO -com.ctaf.accelerators.TestEngine:Starting browser : Android
2016-12-08 14:52:11-main--INFO -com.ctaf.accelerators.TestEngine:Current Test : TC_01_oneWayDomesticEcoSADAD
2016-12-08 14:56:30-main--INFO -com.ctaf.accelerators.TestEngine:Starting browser : Android
2016-12-08 14:56:46-main--INFO -com.ctaf.accelerators.TestEngine:Current Test : TC_01_oneWayDomesticEcoSADAD
2016-12-08 15:30:19-main--INFO -com.ctaf.accelerators.TestEngine:Starting browser : Android
2016-12-08 15:30:51-main--INFO -com.ctaf.accelerators.TestEngine:Current Test : TC_01_oneWayDomesticEcoSADAD
2016-12-08 15:34:02-main--INFO -com.ctaf.accelerators.TestEngine:Starting browser : Android
2016-12-08 15:34:22-main--INFO -com.ctaf.accelerators.TestEngine:Current Test : TC_01_oneWayDomesticEcoSADAD
2016-12-08 15:37:50-main--INFO -com.ctaf.accelerators.TestEngine:Starting browser : Android
2016-12-08 15:38:09-main--INFO -com.ctaf.accelerators.TestEngine:Current Test : TC_01_oneWayDomesticEcoSADAD
2016-12-08 15:59:12-main--INFO -com.ctaf.accelerators.TestEngine:Starting browser : Android
2016-12-08 15:59:41-main--INFO -com.ctaf.accelerators.TestEngine:Current Test : TC_01_oneWayDomesticEcoSADAD
2016-12-08 16:05:46-main--INFO -com.ctaf.accelerators.TestEngine:Starting browser : Android
2016-12-08 16:06:10-main--INFO -com.ctaf.accelerators.TestEngine:Starting browser : Android
2016-12-08 16:06:29-main--INFO -com.ctaf.accelerators.TestEngine:Current Test : TC_01_oneWayDomesticEcoSADAD
2016-12-08 16:08:44-main--INFO -com.ctaf.accelerators.TestEngine:Starting browser : Android
2016-12-08 16:08:56-main--INFO -com.ctaf.accelerators.TestEngine:Starting browser : Android
2016-12-08 16:09:13-main--INFO -com.ctaf.accelerators.TestEngine:Current Test : TC_01_oneWayDomesticEcoSADAD
2016-12-08 16:11:17-main--INFO -com.ctaf.accelerators.TestEngine:Starting browser : Android
2016-12-08 16:11:30-main--INFO -com.ctaf.accelerators.TestEngine:Starting browser : Android
2016-12-08 16:11:47-main--INFO -com.ctaf.accelerators.TestEngine:Current Test : TC_01_oneWayDomesticEcoSADAD
2016-12-08 16:21:56-main--INFO -com.ctaf.accelerators.TestEngine:Starting browser : Android
2016-12-08 16:22:17-main--INFO -com.ctaf.accelerators.TestEngine:Current Test : TC_01_oneWayDomesticEcoSADAD
2016-12-08 16:23:45-main--INFO -com.ctaf.accelerators.TestEngine:Starting browser : Android
2016-12-08 16:24:07-main--INFO -com.ctaf.accelerators.TestEngine:Starting browser : Android
2016-12-08 16:24:30-main--INFO -com.ctaf.accelerators.TestEngine:Current Test : TC_01_oneWayDomesticEcoSADAD
2016-12-08 16:28:32-main--INFO -com.ctaf.accelerators.TestEngine:Starting browser : Android
2016-12-08 16:28:48-main--INFO -com.ctaf.accelerators.TestEngine:Starting browser : Android
2016-12-08 16:29:04-main--INFO -com.ctaf.accelerators.TestEngine:Current Test : TC_01_oneWayDomesticEcoSADAD
2016-12-08 17:01:16-main--INFO -com.ctaf.accelerators.TestEngine:Starting browser : Android
2016-12-08 17:01:46-main--INFO -com.ctaf.accelerators.TestEngine:Current Test : TC_01_oneWayDomesticEcoSADAD
2016-12-08 17:02:51-main--INFO -com.ctaf.accelerators.TestEngine:Starting browser : Android
2016-12-08 17:03:02-main--INFO -com.ctaf.accelerators.TestEngine:Starting browser : Android
2016-12-08 17:03:27-main--INFO -com.ctaf.accelerators.TestEngine:Current Test : TC_01_oneWayDomesticEcoSADAD
2016-12-08 17:07:24-main--INFO -com.ctaf.accelerators.TestEngine:Starting browser : Android
2016-12-08 17:07:43-main--INFO -com.ctaf.accelerators.TestEngine:Starting browser : Android
2016-12-08 17:08:01-main--INFO -com.ctaf.accelerators.TestEngine:Current Test : TC_01_oneWayDomesticEcoSADAD
2016-12-08 17:11:03-main--INFO -com.ctaf.accelerators.TestEngine:Starting browser : Android
2016-12-08 17:11:23-main--INFO -com.ctaf.accelerators.TestEngine: Able to get TscreenShot
2016-12-08 17:12:15-main--INFO -com.ctaf.accelerators.TestEngine:Starting browser : Android
2016-12-08 17:12:30-main--INFO -com.ctaf.accelerators.TestEngine:Current Test : TC_01_oneWayDomesticEcoSADAD
2016-12-08 17:20:25-main--INFO -com.ctaf.accelerators.TestEngine:Starting browser : Android
2016-12-08 17:21:00-main--INFO -com.ctaf.accelerators.TestEngine:Starting browser : Android
2016-12-08 17:21:17-main--INFO -com.ctaf.accelerators.TestEngine:Current Test : TC_01_oneWayDomesticEcoSADAD
2016-12-08 17:33:04-main--INFO -com.ctaf.accelerators.TestEngine:Starting browser : Android
2016-12-08 17:33:21-main--INFO -com.ctaf.accelerators.TestEngine:Current Test : TC_01_oneWayDomesticEcoSADAD
2016-12-08 18:17:13-main--INFO -com.ctaf.accelerators.TestEngine:Starting browser : Android
2016-12-08 18:17:34-main--INFO -com.ctaf.accelerators.TestEngine:Current Test : TC_01_oneWayDomesticEcoSADAD
2016-12-08 18:22:46-main--INFO -com.ctaf.accelerators.TestEngine:Starting browser : Android
2016-12-08 18:23:25-main--INFO -com.ctaf.accelerators.TestEngine:Starting browser : Android
2016-12-08 18:23:45-main--INFO -com.ctaf.accelerators.TestEngine:Current Test : TC_01_oneWayDomesticEcoSADAD
2016-12-08 18:31:26-main--INFO -com.ctaf.accelerators.TestEngine:Starting browser : Android
2016-12-08 18:31:48-main--INFO -com.ctaf.accelerators.TestEngine:Starting browser : Android
2016-12-08 18:32:09-main--INFO -com.ctaf.accelerators.TestEngine:Current Test : TC_01_oneWayDomesticEcoSADAD
2016-12-08 18:37:47-main--INFO -com.ctaf.accelerators.TestEngine:Starting browser : Android
2016-12-08 18:38:28-main--INFO -com.ctaf.accelerators.TestEngine:Starting browser : Android
2016-12-08 18:38:45-main--INFO -com.ctaf.accelerators.TestEngine:Current Test : TC_01_oneWayDomesticEcoSADAD
2016-12-08 18:58:09-main--INFO -com.ctaf.accelerators.TestEngine:Starting browser : Android
2016-12-08 18:58:36-main--INFO -com.ctaf.accelerators.TestEngine:Current Test : TC_01_oneWayDomesticEcoSADAD
2016-12-08 19:15:37-main--INFO -com.ctaf.accelerators.TestEngine:Starting browser : Android
2016-12-08 19:16:02-main--INFO -com.ctaf.accelerators.TestEngine:Starting browser : Android
2016-12-08 19:16:20-main--INFO -com.ctaf.accelerators.TestEngine:Current Test : TC_01_oneWayDomesticEcoSADAD
2016-12-08 19:26:30-main--INFO -com.ctaf.accelerators.TestEngine:Starting browser : Android
2016-12-08 19:26:59-main--INFO -com.ctaf.accelerators.TestEngine:Current Test : TC_01_oneWayDomesticEcoSADAD
