2017-01-02 10:51:20-main--INFO -com.ctaf.accelerators.TestEngine:Starting browser : ie
2017-01-02 10:51:54-main--INFO -com.ctaf.accelerators.TestEngine:Current Test : TC_01_oneWayDomesticEcoSADAD
2017-01-02 10:57:39-main--INFO -com.ctaf.accelerators.TestEngine:Current Test : TC_02_oneWayDomesticBusiness
2017-01-02 11:06:58-main--INFO -com.ctaf.accelerators.TestEngine:Current Test : TC_03_oneWayDomesticChangeDate
2017-01-02 11:13:36-main--INFO -com.ctaf.accelerators.TestEngine: Able to get TscreenShot
2017-01-02 11:13:47-main--INFO -com.ctaf.accelerators.TestEngine:Current Test : TC_04_oneWayDomOneAdultCheckin
2017-01-02 11:24:33-main--INFO -com.ctaf.accelerators.TestEngine:Starting browser : ie
2017-01-02 11:24:53-main--INFO -com.ctaf.accelerators.TestEngine:Current Test : TC_01_oneWayDomesticEcoSADAD
2017-01-02 11:27:57-main--INFO -com.ctaf.accelerators.TestEngine:Current Test : TC_02_oneWayDomesticBusiness
2017-01-02 11:31:52-main--INFO -com.ctaf.accelerators.TestEngine:Current Test : TC_03_oneWayDomesticChangeDate
2017-01-02 11:44:35-main--INFO -com.ctaf.accelerators.TestEngine:Starting browser : ie
2017-01-02 11:45:10-main--INFO -com.ctaf.accelerators.TestEngine:Current Test : TC_01_oneWayDomesticEcoSADAD
2017-01-02 11:47:08-main--INFO -com.ctaf.accelerators.TestEngine: Able to get TscreenShot
2017-01-02 11:48:24-main--INFO -com.ctaf.accelerators.TestEngine:Starting browser : ie
2017-01-02 11:48:40-main--INFO -com.ctaf.accelerators.TestEngine:Current Test : TC_01_oneWayDomesticEcoSADAD
2017-01-02 11:51:40-main--INFO -com.ctaf.accelerators.TestEngine:Starting browser : ie
2017-01-02 11:51:53-main--INFO -com.ctaf.accelerators.TestEngine:Current Test : TC_01_oneWayDomesticEcoSADAD
2017-01-02 11:58:28-main--INFO -com.ctaf.accelerators.TestEngine:Starting browser : ie
2017-01-02 11:58:54-main--INFO -com.ctaf.accelerators.TestEngine:Current Test : TC_01_oneWayDomesticEcoSADAD
2017-01-02 12:03:18-main--INFO -com.ctaf.accelerators.TestEngine:Current Test : TC_02_oneWayDomesticBusiness
2017-01-02 12:07:35-main--INFO -com.ctaf.accelerators.TestEngine:Current Test : TC_03_oneWayDomesticChangeDate
2017-01-02 12:08:11-main--INFO -com.ctaf.accelerators.TestEngine: Able to get TscreenShot
2017-01-02 12:08:23-main--INFO -com.ctaf.accelerators.TestEngine:Current Test : TC_04_oneWayDomOneAdultCheckin
2017-01-02 12:19:20-main--INFO -com.ctaf.accelerators.TestEngine:Starting browser : ie
2017-01-02 12:19:39-main--INFO -com.ctaf.accelerators.TestEngine:Current Test : TC_01_oneWayDomesticEcoSADAD
2017-01-02 12:24:12-main--INFO -com.ctaf.accelerators.TestEngine:Current Test : TC_02_oneWayDomesticBusiness
2017-01-02 12:28:10-main--INFO -com.ctaf.accelerators.TestEngine:Current Test : TC_03_oneWayDomesticChangeDate
2017-01-02 12:33:32-main--INFO -com.ctaf.accelerators.TestEngine: Able to get TscreenShot
2017-01-02 12:33:46-main--INFO -com.ctaf.accelerators.TestEngine:Current Test : TC_04_oneWayDomOneAdultCheckin
2017-01-02 12:52:30-main--INFO -com.ctaf.accelerators.TestEngine:Current Test : TC_05_onewaydom8Business
2017-01-02 12:57:45-main--INFO -com.ctaf.accelerators.TestEngine: Able to get TscreenShot
2017-01-02 12:57:58-main--INFO -com.ctaf.accelerators.TestEngine:Current Test : TC_06_oneWay2InternationalEco
2017-01-02 13:02:03-main--INFO -com.ctaf.accelerators.TestEngine:Current Test : TC_07_RTDom4adultBusinessCC
2017-01-02 13:04:43-main--INFO -com.ctaf.accelerators.TestEngine: Able to get TscreenShot
2017-01-02 13:04:57-main--INFO -com.ctaf.accelerators.TestEngine:Current Test : TC_08_RTInt1adult1Child1infantBus
2017-01-02 13:07:29-main--INFO -com.ctaf.accelerators.TestEngine: Able to get TscreenShot
2017-01-02 13:07:45-main--INFO -com.ctaf.accelerators.TestEngine:Current Test : Tc_09_RTInt1adult1Child1infantBus
2017-01-02 13:30:03-main--INFO -com.ctaf.accelerators.TestEngine:Current Test : OneAdultOnechildFlexCordshare
2017-01-02 13:33:56-main--INFO -com.ctaf.accelerators.TestEngine:Current Test : TC_11oneAdultoneChildoneInfantPartCodeShare
2017-01-02 13:34:37-main--INFO -com.ctaf.accelerators.TestEngine: Able to get TscreenShot
2017-01-02 13:34:45-main--INFO -com.ctaf.accelerators.TestEngine:Current Test : PayWithCreditShell
2017-01-02 13:44:25-main--INFO -com.ctaf.accelerators.TestEngine:Starting browser : ie
2017-01-02 13:44:32-main--INFO -com.ctaf.accelerators.TestEngine:Current Test : TC_05_onewaydom8Business
2017-01-02 14:04:14-main--INFO -com.ctaf.accelerators.TestEngine:Starting browser : ie
2017-01-02 14:04:23-main--INFO -com.ctaf.accelerators.TestEngine:Current Test : TC_01_oneWayDomesticEcoSADAD
2017-01-02 14:07:20-main--INFO -com.ctaf.accelerators.TestEngine:Current Test : TC_02_oneWayDomesticBusiness
2017-01-02 14:08:12-main--INFO -com.ctaf.accelerators.TestEngine:Starting browser : ie
2017-01-02 14:08:20-main--INFO -com.ctaf.accelerators.TestEngine:Current Test : TC_01_oneWayDomesticEcoSADAD
2017-01-02 14:11:32-main--INFO -com.ctaf.accelerators.TestEngine: Able to get TscreenShot
2017-01-02 14:11:42-main--INFO -com.ctaf.accelerators.TestEngine:Current Test : TC_02_oneWayDomesticBusiness
2017-01-02 14:15:49-main--INFO -com.ctaf.accelerators.TestEngine:Current Test : TC_03_oneWayDomesticChangeDate
2017-01-02 14:19:47-main--INFO -com.ctaf.accelerators.TestEngine: Able to get TscreenShot
2017-01-02 14:19:48-main--INFO -com.ctaf.accelerators.TestEngine: Able to get TscreenShot
2017-01-02 14:19:58-main--INFO -com.ctaf.accelerators.TestEngine:Current Test : TC_04_oneWayDomOneAdultCheckin
2017-01-02 14:38:35-main--INFO -com.ctaf.accelerators.TestEngine:Current Test : TC_05_onewaydom8Business
2017-01-02 14:55:07-main--INFO -com.ctaf.accelerators.TestEngine: Able to get TscreenShot
2017-01-02 14:55:16-main--INFO -com.ctaf.accelerators.TestEngine:Current Test : TC_06_oneWay2InternationalEco
2017-01-02 14:59:39-main--INFO -com.ctaf.accelerators.TestEngine:Current Test : TC_07_RTDom4adultBusinessCC
2017-01-02 15:04:13-main--INFO -com.ctaf.accelerators.TestEngine:Current Test : TC_08_RTInt1adult1Child1infantBus
2017-01-02 15:08:25-main--INFO -com.ctaf.accelerators.TestEngine:Current Test : Tc_09_RTInt1adult1Child1infantBus
2017-01-02 15:33:53-main--INFO -com.ctaf.accelerators.TestEngine:Current Test : OneAdultOnechildFlexCordshare
2017-01-02 15:37:58-main--INFO -com.ctaf.accelerators.TestEngine:Current Test : TC_11oneAdultoneChildoneInfantPartCodeShare
2017-01-02 15:38:42-main--INFO -com.ctaf.accelerators.TestEngine: Able to get TscreenShot
2017-01-02 15:38:50-main--INFO -com.ctaf.accelerators.TestEngine:Current Test : PayWithCreditShell
2017-01-02 15:56:07-main--INFO -com.ctaf.accelerators.TestEngine:Starting browser : ie
2017-01-02 15:56:18-main--INFO -com.ctaf.accelerators.TestEngine:Current Test : TC_01_oneWayDomesticEcoSADAD
2017-01-02 15:57:21-main--INFO -com.ctaf.accelerators.TestEngine:Starting browser : ie
2017-01-02 15:57:29-main--INFO -com.ctaf.accelerators.TestEngine:Current Test : TC_01_oneWayDomesticEcoSADAD
2017-01-02 16:01:37-main--INFO -com.ctaf.accelerators.TestEngine:Starting browser : ie
2017-01-02 16:01:51-main--INFO -com.ctaf.accelerators.TestEngine:Current Test : TC_01_oneWayDomesticEcoSADAD
2017-01-02 16:04:59-main--INFO -com.ctaf.accelerators.TestEngine: Able to get TscreenShot
2017-01-02 16:05:07-main--INFO -com.ctaf.accelerators.TestEngine:Current Test : TC_02_oneWayDomesticBusiness
2017-01-02 16:05:31-main--INFO -com.ctaf.accelerators.TestEngine: Able to get TscreenShot
2017-01-02 16:05:40-main--INFO -com.ctaf.accelerators.TestEngine:Current Test : TC_03_oneWayDomesticChangeDate
2017-01-02 16:09:19-main--INFO -com.ctaf.accelerators.TestEngine: Able to get TscreenShot
2017-01-02 16:09:20-main--INFO -com.ctaf.accelerators.TestEngine: Able to get TscreenShot
2017-01-02 16:09:28-main--INFO -com.ctaf.accelerators.TestEngine:Current Test : TC_04_oneWayDomOneAdultCheckin
2017-01-02 16:12:02-main--INFO -com.ctaf.accelerators.TestEngine:Starting browser : ie
2017-01-02 16:12:10-main--INFO -com.ctaf.accelerators.TestEngine:Current Test : TC_02_oneWayDomesticBusiness
2017-01-02 16:12:38-main--INFO -com.ctaf.accelerators.TestEngine: Able to get TscreenShot
2017-01-02 16:13:12-main--INFO -com.ctaf.accelerators.TestEngine:Starting browser : ie
2017-01-02 16:13:22-main--INFO -com.ctaf.accelerators.TestEngine:Current Test : TC_01_oneWayDomesticEcoSADAD
2017-01-02 16:16:20-main--INFO -com.ctaf.accelerators.TestEngine: Able to get TscreenShot
2017-01-02 16:16:32-main--INFO -com.ctaf.accelerators.TestEngine:Current Test : TC_02_oneWayDomesticBusiness
2017-01-02 16:20:21-main--INFO -com.ctaf.accelerators.TestEngine:Current Test : TC_03_oneWayDomesticChangeDate
2017-01-02 16:25:42-main--INFO -com.ctaf.accelerators.TestEngine: Able to get TscreenShot
2017-01-02 16:25:54-main--INFO -com.ctaf.accelerators.TestEngine:Current Test : TC_04_oneWayDomOneAdultCheckin
2017-01-02 16:28:01-main--INFO -com.ctaf.accelerators.TestEngine:Starting browser : ie
2017-01-02 16:28:10-main--INFO -com.ctaf.accelerators.TestEngine:Current Test : TC_01_oneWayDomesticEcoSADAD
2017-01-02 16:31:28-main--INFO -com.ctaf.accelerators.TestEngine: Able to get TscreenShot
2017-01-02 16:31:36-main--INFO -com.ctaf.accelerators.TestEngine:Current Test : TC_02_oneWayDomesticBusiness
2017-01-02 16:35:28-main--INFO -com.ctaf.accelerators.TestEngine:Current Test : TC_03_oneWayDomesticChangeDate
2017-01-02 16:40:52-main--INFO -com.ctaf.accelerators.TestEngine: Able to get TscreenShot
2017-01-02 16:41:02-main--INFO -com.ctaf.accelerators.TestEngine:Current Test : TC_04_oneWayDomOneAdultCheckin
2017-01-02 16:59:42-main--INFO -com.ctaf.accelerators.TestEngine:Current Test : TC_05_onewaydom8Business
2017-01-02 17:04:27-main--INFO -com.ctaf.accelerators.TestEngine: Able to get TscreenShot
2017-01-02 17:04:37-main--INFO -com.ctaf.accelerators.TestEngine:Current Test : TC_06_oneWay2InternationalEco
2017-01-02 17:09:05-main--INFO -com.ctaf.accelerators.TestEngine:Current Test : TC_07_RTDom4adultBusinessCC
2017-01-02 17:13:49-main--INFO -com.ctaf.accelerators.TestEngine:Current Test : TC_08_RTInt1adult1Child1infantBus
2017-01-02 17:18:09-main--INFO -com.ctaf.accelerators.TestEngine:Current Test : Tc_09_RTInt1adult1Child1infantBus
2017-01-02 17:27:16-main--INFO -com.ctaf.accelerators.TestEngine: Able to get TscreenShot
2017-01-02 17:27:24-main--INFO -com.ctaf.accelerators.TestEngine:Current Test : OneAdultOnechildFlexCordshare
2017-01-02 17:32:55-main--INFO -com.ctaf.accelerators.TestEngine:Starting browser : ie
2017-01-02 17:33:04-main--INFO -com.ctaf.accelerators.TestEngine:Current Test : TC_01_oneWayDomesticEcoSADAD
2017-01-02 17:37:26-main--INFO -com.ctaf.accelerators.TestEngine:Current Test : TC_02_oneWayDomesticBusiness
2017-01-02 17:41:17-main--INFO -com.ctaf.accelerators.TestEngine:Current Test : TC_03_oneWayDomesticChangeDate
2017-01-02 17:47:01-main--INFO -com.ctaf.accelerators.TestEngine: Able to get TscreenShot
2017-01-02 17:47:10-main--INFO -com.ctaf.accelerators.TestEngine:Current Test : TC_04_oneWayDomOneAdultCheckin
2017-01-02 18:05:55-main--INFO -com.ctaf.accelerators.TestEngine:Current Test : TC_05_onewaydom8Business
2017-01-02 18:10:30-main--INFO -com.ctaf.accelerators.TestEngine: Able to get TscreenShot
2017-01-02 18:10:38-main--INFO -com.ctaf.accelerators.TestEngine:Current Test : TC_06_oneWay2InternationalEco
2017-01-02 18:15:44-main--INFO -com.ctaf.accelerators.TestEngine:Current Test : TC_07_RTDom4adultBusinessCC
2017-01-02 18:21:03-main--INFO -com.ctaf.accelerators.TestEngine:Current Test : TC_08_RTInt1adult1Child1infantBus
2017-01-02 18:25:22-main--INFO -com.ctaf.accelerators.TestEngine:Current Test : Tc_09_RTInt1adult1Child1infantBus
2017-01-02 18:48:07-main--INFO -com.ctaf.accelerators.TestEngine:Current Test : OneAdultOnechildFlexCordshare
2017-01-02 18:52:16-main--INFO -com.ctaf.accelerators.TestEngine:Current Test : TC_11oneAdultoneChildoneInfantPartCodeShare
2017-01-02 18:53:05-main--INFO -com.ctaf.accelerators.TestEngine: Able to get TscreenShot
2017-01-02 18:53:12-main--INFO -com.ctaf.accelerators.TestEngine:Current Test : PayWithCreditShell
2017-01-02 18:59:55-main--INFO -com.ctaf.accelerators.TestEngine: Able to get TscreenShot
2017-01-02 19:01:17-main--INFO -com.ctaf.accelerators.TestEngine:Starting browser : Chrome
2017-01-02 19:01:25-main--INFO -com.ctaf.accelerators.TestEngine:Current Test : TC_03_oneWayDomesticChangeDate
2017-01-02 19:05:58-main--INFO -com.ctaf.accelerators.TestEngine: Able to get TscreenShot
