2016-11-25 13:03:09-main--INFO -com.ctaf.accelerators.TestEngine:Starting browser : chrome
2016-11-25 13:03:27-main--INFO -com.ctaf.accelerators.TestEngine:Current Test : TC_06_oneWay2InternationalEco
2016-11-25 13:04:30-main--INFO -com.ctaf.accelerators.TestEngine: Able to get TscreenShot
2016-11-25 13:06:36-main--INFO -com.ctaf.accelerators.TestEngine:Starting browser : chrome
2016-11-25 13:06:48-main--INFO -com.ctaf.accelerators.TestEngine:Current Test : TC_06_oneWay2InternationalEco
2016-11-25 13:07:36-main--INFO -com.ctaf.accelerators.TestEngine: Able to get TscreenShot
2016-11-25 13:10:57-main--INFO -com.ctaf.accelerators.TestEngine:Starting browser : chrome
2016-11-25 13:11:09-main--INFO -com.ctaf.accelerators.TestEngine:Current Test : TC_06_oneWay2InternationalEco
2016-11-25 13:12:37-main--INFO -com.ctaf.accelerators.TestEngine: Able to get TscreenShot
2016-11-25 13:19:08-main--INFO -com.ctaf.accelerators.TestEngine:Starting browser : chrome
2016-11-25 13:19:21-main--INFO -com.ctaf.accelerators.TestEngine:Current Test : TC_06_oneWay2InternationalEco
2016-11-25 13:20:07-main--INFO -com.ctaf.accelerators.TestEngine: Able to get TscreenShot
2016-11-25 13:22:20-main--INFO -com.ctaf.accelerators.TestEngine:Starting browser : chrome
2016-11-25 13:22:36-main--INFO -com.ctaf.accelerators.TestEngine:Current Test : TC_06_oneWay2InternationalEco
2016-11-25 13:24:08-main--INFO -com.ctaf.accelerators.TestEngine:Starting browser : chrome
2016-11-25 13:24:20-main--INFO -com.ctaf.accelerators.TestEngine:Current Test : TC_06_oneWay2InternationalEco
2016-11-25 13:25:54-main--INFO -com.ctaf.accelerators.TestEngine: Able to get TscreenShot
2016-11-25 13:30:16-main--INFO -com.ctaf.accelerators.TestEngine:Starting browser : chrome
2016-11-25 13:30:27-main--INFO -com.ctaf.accelerators.TestEngine:Current Test : TC_06_oneWay2InternationalEco
2016-11-25 13:32:09-main--INFO -com.ctaf.accelerators.TestEngine: Able to get TscreenShot
2016-11-25 13:33:01-main--INFO -com.ctaf.accelerators.TestEngine:Starting browser : chrome
2016-11-25 13:33:36-main--INFO -com.ctaf.accelerators.TestEngine:Current Test : TC_06_oneWay2InternationalEco
2016-11-25 13:35:47-main--INFO -com.ctaf.accelerators.TestEngine: Able to get TscreenShot
2016-11-25 13:46:05-main--INFO -com.ctaf.accelerators.TestEngine:Starting browser : chrome
2016-11-25 13:46:18-main--INFO -com.ctaf.accelerators.TestEngine:Current Test : TC_06_oneWay2InternationalEco
2016-11-25 13:46:48-main--INFO -com.ctaf.accelerators.TestEngine: Able to get TscreenShot
2016-11-25 14:05:14-main--INFO -com.ctaf.accelerators.TestEngine:Starting browser : chrome
2016-11-25 14:05:36-main--INFO -com.ctaf.accelerators.TestEngine:Current Test : TC_06_oneWay2InternationalEco
2016-11-25 14:08:01-main--INFO -com.ctaf.accelerators.TestEngine: Able to get TscreenShot
2016-11-25 14:12:12-main--INFO -com.ctaf.accelerators.TestEngine:Starting browser : chrome
2016-11-25 14:12:35-main--INFO -com.ctaf.accelerators.TestEngine:Current Test : TC_06_oneWay2InternationalEco
2016-11-25 14:13:42-main--INFO -com.ctaf.accelerators.TestEngine: Able to get TscreenShot
2016-11-25 14:32:47-main--INFO -com.ctaf.accelerators.TestEngine:Starting browser : chrome
2016-11-25 14:33:09-main--INFO -com.ctaf.accelerators.TestEngine:Current Test : TC_06_oneWay2InternationalEco
2016-11-25 14:35:55-main--INFO -com.ctaf.accelerators.TestEngine: Able to get TscreenShot
2016-11-25 15:34:13-main--INFO -com.ctaf.accelerators.TestEngine:Starting browser : chrome
2016-11-25 15:34:24-main--INFO -com.ctaf.accelerators.TestEngine:Current Test : TC_06_oneWay2InternationalEco
2016-11-25 15:38:10-main--INFO -com.ctaf.accelerators.TestEngine:Starting browser : chrome
2016-11-25 15:38:21-main--INFO -com.ctaf.accelerators.TestEngine:Current Test : TC_06_oneWay2InternationalEco
2016-11-25 15:38:27-main--INFO -com.ctaf.accelerators.TestEngine: Able to get TscreenShot
2016-11-25 15:38:37-main--INFO -com.ctaf.accelerators.TestEngine:Starting browser : chrome
2016-11-25 15:38:55-main--INFO -com.ctaf.accelerators.TestEngine:Current Test : TC_06_oneWay2InternationalEco
2016-11-25 15:39:01-main--INFO -com.ctaf.accelerators.TestEngine: Able to get TscreenShot
2016-11-25 15:40:59-main--INFO -com.ctaf.accelerators.TestEngine:Starting browser : chrome
2016-11-25 15:41:10-main--INFO -com.ctaf.accelerators.TestEngine:Current Test : TC_06_oneWay2InternationalEco
2016-11-25 15:41:16-main--INFO -com.ctaf.accelerators.TestEngine: Able to get TscreenShot
2016-11-25 16:40:13-main--INFO -com.ctaf.accelerators.TestEngine:Starting browser : chrome
2016-11-25 16:40:50-main--INFO -com.ctaf.accelerators.TestEngine:Current Test : TC_06_oneWay2InternationalEco
2016-11-25 16:40:59-main--INFO -com.ctaf.accelerators.TestEngine: Able to get TscreenShot
2016-11-25 16:41:05-main--INFO -com.ctaf.accelerators.TestEngine:Starting browser : chrome
2016-11-25 16:41:16-main--INFO -com.ctaf.accelerators.TestEngine:Current Test : TC_06_oneWay2InternationalEco
2016-11-25 16:41:22-main--INFO -com.ctaf.accelerators.TestEngine: Able to get TscreenShot
2016-11-25 16:42:07-main--INFO -com.ctaf.accelerators.TestEngine:Starting browser : chrome
2016-11-25 16:42:17-main--INFO -com.ctaf.accelerators.TestEngine:Current Test : TC_06_oneWay2InternationalEco
2016-11-25 16:44:20-main--INFO -com.ctaf.accelerators.TestEngine: Able to get TscreenShot
2016-11-25 16:50:22-main--INFO -com.ctaf.accelerators.TestEngine:Starting browser : chrome
2016-11-25 16:50:31-main--INFO -com.ctaf.accelerators.TestEngine:Current Test : TC_03_oneWayDomesticChangeDate
2016-11-25 16:51:27-main--INFO -com.ctaf.accelerators.TestEngine: Able to get TscreenShot
2016-11-25 16:54:59-main--INFO -com.ctaf.accelerators.TestEngine:Starting browser : chrome
2016-11-25 16:55:08-main--INFO -com.ctaf.accelerators.TestEngine:Current Test : TC_03_oneWayDomesticChangeDate
2016-11-25 16:56:04-main--INFO -com.ctaf.accelerators.TestEngine: Able to get TscreenShot
2016-11-25 16:58:53-main--INFO -com.ctaf.accelerators.TestEngine:Starting browser : chrome
2016-11-25 16:59:01-main--INFO -com.ctaf.accelerators.TestEngine:Current Test : TC_03_oneWayDomesticChangeDate
2016-11-25 17:01:25-main--INFO -com.ctaf.accelerators.TestEngine: Able to get TscreenShot
2016-11-25 18:00:00-main--INFO -com.ctaf.accelerators.TestEngine:Starting browser : chrome
2016-11-25 18:00:10-main--INFO -com.ctaf.accelerators.TestEngine:Current Test : TC_03_oneWayDomesticChangeDate
2016-11-25 18:02:26-main--INFO -com.ctaf.accelerators.TestEngine: Able to get TscreenShot
2016-11-25 18:03:54-main--INFO -com.ctaf.accelerators.TestEngine:Starting browser : chrome
2016-11-25 18:04:04-main--INFO -com.ctaf.accelerators.TestEngine:Current Test : TC_06_oneWay2InternationalEco
2016-11-25 18:06:05-main--INFO -com.ctaf.accelerators.TestEngine: Able to get TscreenShot
2016-11-25 19:42:58-main--INFO -com.ctaf.accelerators.TestEngine:Starting browser : chrome
2016-11-25 19:43:08-main--INFO -com.ctaf.accelerators.TestEngine:Current Test : TC04_oneWayDomesticoneAdultCheckin
2016-11-25 19:43:14-main--INFO -com.ctaf.accelerators.TestEngine: Able to get TscreenShot
2016-11-25 19:45:18-main--INFO -com.ctaf.accelerators.TestEngine:Starting browser : chrome
2016-11-25 19:45:28-main--INFO -com.ctaf.accelerators.TestEngine:Current Test : TC04_oneWayDomesticoneAdultCheckin
2016-11-25 19:45:33-main--INFO -com.ctaf.accelerators.TestEngine: Able to get TscreenShot
2016-11-25 19:46:11-main--INFO -com.ctaf.accelerators.TestEngine:Starting browser : chrome
2016-11-25 19:46:21-main--INFO -com.ctaf.accelerators.TestEngine:Current Test : TC_06_oneWay2InternationalEco
2016-11-25 19:46:56-main--INFO -com.ctaf.accelerators.TestEngine:Starting browser : chrome
2016-11-25 19:47:05-main--INFO -com.ctaf.accelerators.TestEngine:Current Test : TC04_oneWayDomesticoneAdultCheckin
2016-11-25 19:47:57-main--INFO -com.ctaf.accelerators.TestEngine:Starting browser : chrome
2016-11-25 19:48:08-main--INFO -com.ctaf.accelerators.TestEngine:Current Test : TC04_oneWayDomesticoneAdultCheckin
2016-11-25 19:48:53-main--INFO -com.ctaf.accelerators.TestEngine: Able to get TscreenShot
2016-11-25 19:50:19-main--INFO -com.ctaf.accelerators.TestEngine:Starting browser : chrome
2016-11-25 19:50:30-main--INFO -com.ctaf.accelerators.TestEngine:Current Test : TC04_oneWayDomesticoneAdultCheckin
2016-11-25 19:51:36-main--INFO -com.ctaf.accelerators.TestEngine: Able to get TscreenShot
2016-11-25 19:51:47-main--INFO -com.ctaf.accelerators.TestEngine:Starting browser : chrome
2016-11-25 19:52:00-main--INFO -com.ctaf.accelerators.TestEngine:Current Test : TC04_oneWayDomesticoneAdultCheckin
2016-11-25 19:53:10-main--INFO -com.ctaf.accelerators.TestEngine: Able to get TscreenShot
2016-11-25 19:53:57-main--INFO -com.ctaf.accelerators.TestEngine:Starting browser : chrome
2016-11-25 19:54:08-main--INFO -com.ctaf.accelerators.TestEngine:Current Test : TC04_oneWayDomesticoneAdultCheckin
2016-11-25 19:55:13-main--INFO -com.ctaf.accelerators.TestEngine: Able to get TscreenShot
2016-11-25 19:55:42-main--INFO -com.ctaf.accelerators.TestEngine:Starting browser : chrome
2016-11-25 19:55:53-main--INFO -com.ctaf.accelerators.TestEngine:Current Test : TC04_oneWayDomesticoneAdultCheckin
2016-11-25 19:56:39-main--INFO -com.ctaf.accelerators.TestEngine: Able to get TscreenShot
2016-11-25 20:00:48-main--INFO -com.ctaf.accelerators.TestEngine:Starting browser : chrome
2016-11-25 20:00:58-main--INFO -com.ctaf.accelerators.TestEngine:Current Test : TC04_oneWayDomesticoneAdultCheckin
2016-11-25 20:02:14-main--INFO -com.ctaf.accelerators.TestEngine:Starting browser : chrome
2016-11-25 20:02:24-main--INFO -com.ctaf.accelerators.TestEngine:Current Test : TC04_oneWayDomesticoneAdultCheckin
2016-11-25 20:09:06-main--INFO -com.ctaf.accelerators.TestEngine:Starting browser : chrome
2016-11-25 20:09:20-main--INFO -com.ctaf.accelerators.TestEngine:Current Test : TC04_oneWayDomesticoneAdultCheckin
2016-11-25 20:10:16-main--INFO -com.ctaf.accelerators.TestEngine: Able to get TscreenShot
2016-11-25 20:19:08-main--INFO -com.ctaf.accelerators.TestEngine:Starting browser : chrome
2016-11-25 20:19:18-main--INFO -com.ctaf.accelerators.TestEngine:Current Test : TC04_oneWayDomesticoneAdultCheckin
2016-11-25 20:28:55-main--INFO -com.ctaf.accelerators.TestEngine:Starting browser : chrome
2016-11-25 20:29:04-main--INFO -com.ctaf.accelerators.TestEngine:Current Test : TC04_oneWayDomesticoneAdultCheckin
2016-11-25 20:31:45-main--INFO -com.ctaf.accelerators.TestEngine: Able to get TscreenShot
2016-11-25 20:37:58-main--INFO -com.ctaf.accelerators.TestEngine:Starting browser : chrome
2016-11-25 20:38:09-main--INFO -com.ctaf.accelerators.TestEngine:Current Test : TC04_oneWayDomesticoneAdultCheckin
2016-11-25 20:40:47-main--INFO -com.ctaf.accelerators.TestEngine: Able to get TscreenShot
2016-11-25 20:41:20-main--INFO -com.ctaf.accelerators.TestEngine:Starting browser : chrome
2016-11-25 20:41:29-main--INFO -com.ctaf.accelerators.TestEngine:Current Test : TC04_oneWayDomesticoneAdultCheckin
2016-11-25 20:47:39-main--INFO -com.ctaf.accelerators.TestEngine: Able to get TscreenShot
2016-11-25 21:15:21-main--INFO -com.ctaf.accelerators.TestEngine:Starting browser : chrome
2016-11-25 21:15:34-main--INFO -com.ctaf.accelerators.TestEngine:Current Test : TC04_oneWayDomesticoneAdultCheckin
2016-11-25 21:17:49-main--INFO -com.ctaf.accelerators.TestEngine: Able to get TscreenShot
2016-11-25 21:18:03-main--INFO -com.ctaf.accelerators.TestEngine:Starting browser : chrome
2016-11-25 21:18:13-main--INFO -com.ctaf.accelerators.TestEngine:Current Test : TC04_oneWayDomesticoneAdultCheckin
2016-11-25 21:50:46-main--INFO -com.ctaf.accelerators.TestEngine:Starting browser : chrome
2016-11-25 21:50:57-main--INFO -com.ctaf.accelerators.TestEngine:Current Test : TC04_oneWayDomesticoneAdultCheckin
2016-11-25 21:51:42-main--INFO -com.ctaf.accelerators.TestEngine: Able to get TscreenShot
2016-11-25 21:51:43-main--INFO -com.ctaf.accelerators.TestEngine: Able to get TscreenShot
2016-11-25 21:51:43-main--INFO -com.ctaf.accelerators.TestEngine: Able to get TscreenShot
2016-11-25 21:52:30-main--INFO -com.ctaf.accelerators.TestEngine:Starting browser : chrome
2016-11-25 21:52:39-main--INFO -com.ctaf.accelerators.TestEngine:Current Test : TC04_oneWayDomesticoneAdultCheckin
2016-11-25 21:53:02-main--INFO -com.ctaf.accelerators.TestEngine: Able to get TscreenShot
2016-11-25 21:53:51-main--INFO -com.ctaf.accelerators.TestEngine:Starting browser : chrome
2016-11-25 21:54:02-main--INFO -com.ctaf.accelerators.TestEngine:Current Test : TC04_oneWayDomesticoneAdultCheckin
2016-11-25 21:54:47-main--INFO -com.ctaf.accelerators.TestEngine:Starting browser : chrome
2016-11-25 21:54:56-main--INFO -com.ctaf.accelerators.TestEngine:Current Test : TC04_oneWayDomesticoneAdultCheckin
2016-11-25 21:55:44-main--INFO -com.ctaf.accelerators.TestEngine: Able to get TscreenShot
2016-11-25 21:55:44-main--INFO -com.ctaf.accelerators.TestEngine: Able to get TscreenShot
2016-11-25 21:55:44-main--INFO -com.ctaf.accelerators.TestEngine: Able to get TscreenShot
2016-11-25 21:58:02-main--INFO -com.ctaf.accelerators.TestEngine:Starting browser : chrome
2016-11-25 21:58:10-main--INFO -com.ctaf.accelerators.TestEngine:Current Test : TC04_oneWayDomesticoneAdultCheckin
2016-11-25 22:00:10-main--INFO -com.ctaf.accelerators.TestEngine: Able to get TscreenShot
2016-11-25 22:01:38-main--INFO -com.ctaf.accelerators.TestEngine:Starting browser : chrome
2016-11-25 22:01:48-main--INFO -com.ctaf.accelerators.TestEngine:Current Test : TC07_RTdomestic4adultBusinessCC
2016-11-25 22:05:50-main--INFO -com.ctaf.accelerators.TestEngine:Starting browser : chrome
2016-11-25 22:06:00-main--INFO -com.ctaf.accelerators.TestEngine:Current Test : TC07_RTdomestic4adultBusinessCC
2016-11-25 22:09:10-main--INFO -com.ctaf.accelerators.TestEngine: Able to get TscreenShot
