2017-07-21 12:08:42-main--INFO -com.ctaf.accelerators.TestEngine:Starting browser : iphone
2017-07-21 12:09:38-main--INFO -com.ctaf.accelerators.TestEngine:Current Test : TC_01_oneWayDomesticEconomy_RUH_JED
2017-07-21 12:10:28-main--INFO -com.ctaf.accelerators.TestEngine:Able to click on By.xpath: //*[@label='Book flights']
2017-07-21 12:10:51-main--INFO -com.ctaf.accelerators.TestEngine:Able to click on By.xpath: //*[@label='One-way']
2017-07-21 12:11:04-main--INFO -com.ctaf.accelerators.TestEngine:Able to click on By.xpath: //XCUIElementTypeOther[3]/XCUIElementTypeOther[1]/XCUIElementTypeButton
2017-07-21 12:11:10-main--INFO -com.ctaf.accelerators.TestEngine:Able to click on Search
2017-07-21 12:11:17-main--INFO -com.ctaf.accelerators.TestEngine:Typing is performed on Origin
2017-07-21 12:11:20-main--INFO -com.ctaf.accelerators.TestEngine:Able to click on RUH
2017-07-21 12:11:27-main--INFO -com.ctaf.accelerators.TestEngine:Typing is performed on Destination
2017-07-21 12:11:30-main--INFO -com.ctaf.accelerators.TestEngine:Able to click on JED
2017-07-21 12:11:33-main--INFO -com.ctaf.accelerators.TestEngine:Able to click on Find Flights
2017-07-21 12:25:16-main--INFO -com.ctaf.accelerators.TestEngine:Starting browser : iphone
2017-07-21 12:26:01-main--INFO -com.ctaf.accelerators.TestEngine:Current Test : TC_01_oneWayDomesticEconomy_RUH_JED
2017-07-21 12:33:51-main--INFO -com.ctaf.accelerators.TestEngine:Starting browser : iphone
2017-07-21 12:34:35-main--INFO -com.ctaf.accelerators.TestEngine:Current Test : TC_01_oneWayDomesticEconomy_RUH_JED
2017-07-21 13:06:15-main--INFO -com.ctaf.accelerators.TestEngine:Starting browser : iossafari
2017-07-21 13:07:29-main--INFO -com.ctaf.accelerators.TestEngine:Starting browser : iossafari
2017-07-21 13:57:00-main--INFO -com.ctaf.accelerators.TestEngine:Starting browser : iossafari
2017-07-21 14:06:21-main--INFO -com.ctaf.accelerators.TestEngine:Starting browser : iossafari
2017-07-21 14:06:44-main--INFO -com.ctaf.accelerators.TestEngine:Starting browser : iossafari
2017-07-21 14:07:06-main--INFO -com.ctaf.accelerators.TestEngine:Starting browser : iossafari
2017-07-21 14:08:43-main--INFO -com.ctaf.accelerators.TestEngine:Starting browser : iossafari
2017-07-21 14:10:12-main--INFO -com.ctaf.accelerators.TestEngine:Starting browser : iossafari
2017-07-21 14:11:14-main--INFO -com.ctaf.accelerators.TestEngine:Starting browser : iossafari
