2017-09-13 12:18:03-main--INFO -com.ctaf.accelerators.TestEngine:Starting browser : Android
2017-09-13 12:35:22-main--INFO -com.ctaf.accelerators.TestEngine:Starting browser : iphone
2017-09-13 12:36:30-main--INFO -com.ctaf.accelerators.TestEngine:Current Test : TC_03_oneWayDomesticEconomy_RUH_GIZ
2017-09-13 12:36:39-main--INFO -com.ctaf.accelerators.TestEngine:Able to click on By.xpath: //*[@label='Book flights']
2017-09-13 12:36:57-main--INFO -com.ctaf.accelerators.TestEngine:Able to click on By.xpath: //*[@label='One-way']
2017-09-13 12:37:09-main--INFO -com.ctaf.accelerators.TestEngine:Able to click on By.xpath: //XCUIElementTypeOther[3]/XCUIElementTypeOther[1]/XCUIElementTypeButton
2017-09-13 12:37:15-main--INFO -com.ctaf.accelerators.TestEngine:Able to click on Search
2017-09-13 12:37:23-main--INFO -com.ctaf.accelerators.TestEngine:Typing is performed on Origin
2017-09-13 12:37:25-main--INFO -com.ctaf.accelerators.TestEngine:Able to click on RUH
2017-09-13 12:37:32-main--INFO -com.ctaf.accelerators.TestEngine:Typing is performed on Destination
2017-09-13 12:37:35-main--INFO -com.ctaf.accelerators.TestEngine:Able to click on GIZ
2017-09-13 12:37:40-main--INFO -com.ctaf.accelerators.TestEngine:Able to click on Find Flights
2017-09-13 14:31:15-main--INFO -com.ctaf.accelerators.TestEngine:Starting browser : iphone
2017-09-13 14:34:01-main--INFO -com.ctaf.accelerators.TestEngine:Starting browser : iphone
2017-09-13 14:39:46-main--INFO -com.ctaf.accelerators.TestEngine:Starting browser : iphone
2017-09-13 14:43:33-main--INFO -com.ctaf.accelerators.TestEngine:Starting browser : iphone
2017-09-13 14:56:03-main--INFO -com.ctaf.accelerators.TestEngine:Starting browser : iphone
2017-09-13 14:56:47-main--INFO -com.ctaf.accelerators.TestEngine:Current Test : TC_03_oneWayDomesticEconomy_RUH_GIZ
2017-09-13 14:56:56-main--INFO -com.ctaf.accelerators.TestEngine:Able to click on By.xpath: //*[@label='Book flights']
2017-09-13 14:57:15-main--INFO -com.ctaf.accelerators.TestEngine:Able to click on By.xpath: //*[@label='One-way']
2017-09-13 14:57:27-main--INFO -com.ctaf.accelerators.TestEngine:Able to click on By.xpath: //XCUIElementTypeOther[3]/XCUIElementTypeOther[1]/XCUIElementTypeButton
2017-09-13 14:57:32-main--INFO -com.ctaf.accelerators.TestEngine:Able to click on Search
2017-09-13 14:57:40-main--INFO -com.ctaf.accelerators.TestEngine:Typing is performed on Origin
2017-09-13 14:57:42-main--INFO -com.ctaf.accelerators.TestEngine:Able to click on RUH
2017-09-13 14:57:49-main--INFO -com.ctaf.accelerators.TestEngine:Typing is performed on Destination
2017-09-13 14:57:52-main--INFO -com.ctaf.accelerators.TestEngine:Able to click on GIZ
2017-09-13 14:57:57-main--INFO -com.ctaf.accelerators.TestEngine:Able to click on Find Flights
2017-09-13 15:05:22-main--INFO -com.ctaf.accelerators.TestEngine:Starting browser : iphone
2017-09-13 15:06:04-main--INFO -com.ctaf.accelerators.TestEngine:Current Test : TC_03_oneWayDomesticEconomy_RUH_GIZ
2017-09-13 15:06:13-main--INFO -com.ctaf.accelerators.TestEngine:Able to click on By.xpath: //*[@label='Book flights']
2017-09-13 15:06:31-main--INFO -com.ctaf.accelerators.TestEngine:Able to click on By.xpath: //*[@label='One-way']
2017-09-13 15:06:43-main--INFO -com.ctaf.accelerators.TestEngine:Able to click on By.xpath: //XCUIElementTypeOther[3]/XCUIElementTypeOther[1]/XCUIElementTypeButton
2017-09-13 15:06:48-main--INFO -com.ctaf.accelerators.TestEngine:Able to click on Search
2017-09-13 15:06:56-main--INFO -com.ctaf.accelerators.TestEngine:Typing is performed on Origin
2017-09-13 15:06:58-main--INFO -com.ctaf.accelerators.TestEngine:Able to click on RUH
2017-09-13 15:07:05-main--INFO -com.ctaf.accelerators.TestEngine:Typing is performed on Destination
2017-09-13 15:07:08-main--INFO -com.ctaf.accelerators.TestEngine:Able to click on GIZ
2017-09-13 15:07:13-main--INFO -com.ctaf.accelerators.TestEngine:Able to click on Find Flights
2017-09-13 15:08:17-main--INFO -com.ctaf.accelerators.TestEngine:Starting browser : iphone
2017-09-13 15:08:59-main--INFO -com.ctaf.accelerators.TestEngine:Current Test : TC_03_oneWayDomesticEconomy_RUH_GIZ
2017-09-13 15:09:08-main--INFO -com.ctaf.accelerators.TestEngine:Able to click on By.xpath: //*[@label='Book flights']
2017-09-13 15:09:26-main--INFO -com.ctaf.accelerators.TestEngine:Able to click on By.xpath: //*[@label='One-way']
2017-09-13 15:09:38-main--INFO -com.ctaf.accelerators.TestEngine:Able to click on By.xpath: //XCUIElementTypeOther[3]/XCUIElementTypeOther[1]/XCUIElementTypeButton
2017-09-13 15:09:43-main--INFO -com.ctaf.accelerators.TestEngine:Able to click on Search
2017-09-13 15:09:51-main--INFO -com.ctaf.accelerators.TestEngine:Typing is performed on Origin
2017-09-13 15:09:53-main--INFO -com.ctaf.accelerators.TestEngine:Able to click on RUH
2017-09-13 15:10:00-main--INFO -com.ctaf.accelerators.TestEngine:Typing is performed on Destination
2017-09-13 15:10:03-main--INFO -com.ctaf.accelerators.TestEngine:Able to click on GIZ
2017-09-13 15:10:08-main--INFO -com.ctaf.accelerators.TestEngine:Able to click on Find Flights
2017-09-13 15:40:30-main--INFO -com.ctaf.accelerators.TestEngine:Starting browser : iphone
2017-09-13 15:41:13-main--INFO -com.ctaf.accelerators.TestEngine:Current Test : TC_03_oneWayDomesticEconomy_RUH_GIZ
2017-09-13 15:41:21-main--INFO -com.ctaf.accelerators.TestEngine:Able to click on By.xpath: //*[@label='Book flights']
2017-09-13 15:41:39-main--INFO -com.ctaf.accelerators.TestEngine:Able to click on By.xpath: //*[@label='One-way']
2017-09-13 15:41:52-main--INFO -com.ctaf.accelerators.TestEngine:Able to click on By.xpath: //XCUIElementTypeOther[3]/XCUIElementTypeOther[1]/XCUIElementTypeButton
2017-09-13 15:41:57-main--INFO -com.ctaf.accelerators.TestEngine:Able to click on Search
2017-09-13 15:42:05-main--INFO -com.ctaf.accelerators.TestEngine:Typing is performed on Origin
2017-09-13 15:42:07-main--INFO -com.ctaf.accelerators.TestEngine:Able to click on RUH
2017-09-13 15:42:14-main--INFO -com.ctaf.accelerators.TestEngine:Typing is performed on Destination
2017-09-13 15:42:17-main--INFO -com.ctaf.accelerators.TestEngine:Able to click on GIZ
2017-09-13 15:42:22-main--INFO -com.ctaf.accelerators.TestEngine:Able to click on Find Flights
2017-09-13 16:01:54-main--INFO -com.ctaf.accelerators.TestEngine:Starting browser : iphone
2017-09-13 16:02:37-main--INFO -com.ctaf.accelerators.TestEngine:Current Test : TC_03_oneWayDomesticEconomy_RUH_GIZ
2017-09-13 16:02:46-main--INFO -com.ctaf.accelerators.TestEngine:Able to click on By.xpath: //*[@label='Book flights']
2017-09-13 16:03:04-main--INFO -com.ctaf.accelerators.TestEngine:Able to click on By.xpath: //*[@label='One-way']
2017-09-13 16:03:16-main--INFO -com.ctaf.accelerators.TestEngine:Able to click on By.xpath: //XCUIElementTypeOther[3]/XCUIElementTypeOther[1]/XCUIElementTypeButton
2017-09-13 16:03:22-main--INFO -com.ctaf.accelerators.TestEngine:Able to click on Search
2017-09-13 16:03:29-main--INFO -com.ctaf.accelerators.TestEngine:Typing is performed on Origin
2017-09-13 16:03:32-main--INFO -com.ctaf.accelerators.TestEngine:Able to click on RUH
2017-09-13 16:03:39-main--INFO -com.ctaf.accelerators.TestEngine:Typing is performed on Destination
2017-09-13 16:03:42-main--INFO -com.ctaf.accelerators.TestEngine:Able to click on GIZ
2017-09-13 16:03:47-main--INFO -com.ctaf.accelerators.TestEngine:Able to click on Find Flights
2017-09-13 16:20:36-main--INFO -com.ctaf.accelerators.TestEngine:Starting browser : iphone
2017-09-13 16:21:22-main--INFO -com.ctaf.accelerators.TestEngine:Current Test : TC_03_oneWayDomesticEconomy_RUH_GIZ
2017-09-13 16:21:31-main--INFO -com.ctaf.accelerators.TestEngine:Able to click on By.xpath: //*[@label='Book flights']
2017-09-13 16:21:49-main--INFO -com.ctaf.accelerators.TestEngine:Able to click on By.xpath: //*[@label='One-way']
2017-09-13 16:22:01-main--INFO -com.ctaf.accelerators.TestEngine:Able to click on By.xpath: //XCUIElementTypeOther[3]/XCUIElementTypeOther[1]/XCUIElementTypeButton
2017-09-13 16:22:06-main--INFO -com.ctaf.accelerators.TestEngine:Able to click on Search
2017-09-13 16:22:13-main--INFO -com.ctaf.accelerators.TestEngine:Typing is performed on Origin
2017-09-13 16:22:16-main--INFO -com.ctaf.accelerators.TestEngine:Able to click on RUH
2017-09-13 16:22:23-main--INFO -com.ctaf.accelerators.TestEngine:Typing is performed on Destination
2017-09-13 16:22:25-main--INFO -com.ctaf.accelerators.TestEngine:Able to click on GIZ
2017-09-13 16:22:30-main--INFO -com.ctaf.accelerators.TestEngine:Able to click on Find Flights
2017-09-13 16:23:54-main--INFO -com.ctaf.accelerators.TestEngine:Able to click on By.xpath: //XCUIElementTypeTable/XCUIElementTypeCell/XCUIElementTypeButton[10]
2017-09-13 16:49:55-main--INFO -com.ctaf.accelerators.TestEngine:Starting browser : iphone
2017-09-13 16:50:41-main--INFO -com.ctaf.accelerators.TestEngine:Current Test : TC_03_oneWayDomesticEconomy_RUH_GIZ
2017-09-13 16:50:49-main--INFO -com.ctaf.accelerators.TestEngine:Able to click on By.xpath: //*[@label='Book flights']
2017-09-13 16:51:07-main--INFO -com.ctaf.accelerators.TestEngine:Able to click on By.xpath: //*[@label='One-way']
2017-09-13 16:51:19-main--INFO -com.ctaf.accelerators.TestEngine:Able to click on By.xpath: //XCUIElementTypeOther[3]/XCUIElementTypeOther[1]/XCUIElementTypeButton
2017-09-13 16:51:25-main--INFO -com.ctaf.accelerators.TestEngine:Able to click on Search
2017-09-13 16:51:32-main--INFO -com.ctaf.accelerators.TestEngine:Typing is performed on Origin
2017-09-13 16:51:34-main--INFO -com.ctaf.accelerators.TestEngine:Able to click on RUH
2017-09-13 16:51:41-main--INFO -com.ctaf.accelerators.TestEngine:Typing is performed on Destination
2017-09-13 16:51:44-main--INFO -com.ctaf.accelerators.TestEngine:Able to click on GIZ
2017-09-13 16:51:48-main--INFO -com.ctaf.accelerators.TestEngine:Able to click on Find Flights
2017-09-13 17:04:43-main--INFO -com.ctaf.accelerators.TestEngine:Starting browser : iphone
2017-09-13 17:05:27-main--INFO -com.ctaf.accelerators.TestEngine:Current Test : TC_03_oneWayDomesticEconomy_RUH_GIZ
2017-09-13 17:05:35-main--INFO -com.ctaf.accelerators.TestEngine:Able to click on By.xpath: //*[@label='Book flights']
2017-09-13 17:05:53-main--INFO -com.ctaf.accelerators.TestEngine:Able to click on By.xpath: //*[@label='One-way']
2017-09-13 17:06:05-main--INFO -com.ctaf.accelerators.TestEngine:Able to click on By.xpath: //XCUIElementTypeOther[3]/XCUIElementTypeOther[1]/XCUIElementTypeButton
2017-09-13 17:06:10-main--INFO -com.ctaf.accelerators.TestEngine:Able to click on Search
2017-09-13 17:06:17-main--INFO -com.ctaf.accelerators.TestEngine:Typing is performed on Origin
2017-09-13 17:06:20-main--INFO -com.ctaf.accelerators.TestEngine:Able to click on RUH
2017-09-13 17:06:26-main--INFO -com.ctaf.accelerators.TestEngine:Typing is performed on Destination
2017-09-13 17:06:29-main--INFO -com.ctaf.accelerators.TestEngine:Able to click on GIZ
2017-09-13 17:06:34-main--INFO -com.ctaf.accelerators.TestEngine:Able to click on Find Flights
2017-09-13 17:07:52-main--INFO -com.ctaf.accelerators.TestEngine:Able to click on By.xpath: //XCUIElementTypeTable/XCUIElementTypeCell/XCUIElementTypeButton[12]
2017-09-13 17:10:34-main--INFO -com.ctaf.accelerators.TestEngine:Starting browser : iphone
2017-09-13 17:11:15-main--INFO -com.ctaf.accelerators.TestEngine:Current Test : TC_03_oneWayDomesticEconomy_RUH_GIZ
2017-09-13 17:11:24-main--INFO -com.ctaf.accelerators.TestEngine:Able to click on By.xpath: //*[@label='Book flights']
2017-09-13 17:11:42-main--INFO -com.ctaf.accelerators.TestEngine:Able to click on By.xpath: //*[@label='One-way']
2017-09-13 17:11:54-main--INFO -com.ctaf.accelerators.TestEngine:Able to click on By.xpath: //XCUIElementTypeOther[3]/XCUIElementTypeOther[1]/XCUIElementTypeButton
2017-09-13 17:11:59-main--INFO -com.ctaf.accelerators.TestEngine:Able to click on Search
2017-09-13 17:12:07-main--INFO -com.ctaf.accelerators.TestEngine:Typing is performed on Origin
2017-09-13 17:12:09-main--INFO -com.ctaf.accelerators.TestEngine:Able to click on RUH
2017-09-13 17:12:16-main--INFO -com.ctaf.accelerators.TestEngine:Typing is performed on Destination
2017-09-13 17:12:19-main--INFO -com.ctaf.accelerators.TestEngine:Able to click on GIZ
2017-09-13 17:12:23-main--INFO -com.ctaf.accelerators.TestEngine:Able to click on Find Flights
2017-09-13 17:13:55-main--INFO -com.ctaf.accelerators.TestEngine:Able to click on By.xpath: //XCUIElementTypeTable/XCUIElementTypeCell/XCUIElementTypeButton[12]
2017-09-13 17:17:40-main--INFO -com.ctaf.accelerators.TestEngine:Starting browser : iphone
2017-09-13 17:18:22-main--INFO -com.ctaf.accelerators.TestEngine:Current Test : TC_03_oneWayDomesticEconomy_RUH_GIZ
2017-09-13 17:18:31-main--INFO -com.ctaf.accelerators.TestEngine:Able to click on By.xpath: //*[@label='Book flights']
2017-09-13 17:18:48-main--INFO -com.ctaf.accelerators.TestEngine:Able to click on By.xpath: //*[@label='One-way']
2017-09-13 17:19:00-main--INFO -com.ctaf.accelerators.TestEngine:Able to click on By.xpath: //XCUIElementTypeOther[3]/XCUIElementTypeOther[1]/XCUIElementTypeButton
2017-09-13 17:19:06-main--INFO -com.ctaf.accelerators.TestEngine:Able to click on Search
2017-09-13 17:19:13-main--INFO -com.ctaf.accelerators.TestEngine:Typing is performed on Origin
2017-09-13 17:19:15-main--INFO -com.ctaf.accelerators.TestEngine:Able to click on RUH
2017-09-13 17:19:22-main--INFO -com.ctaf.accelerators.TestEngine:Typing is performed on Destination
2017-09-13 17:19:25-main--INFO -com.ctaf.accelerators.TestEngine:Able to click on GIZ
2017-09-13 17:19:29-main--INFO -com.ctaf.accelerators.TestEngine:Able to click on Find Flights
2017-09-13 17:21:36-main--INFO -com.ctaf.accelerators.TestEngine:Able to click on By.xpath: //XCUIElementTypeTable/XCUIElementTypeCell[2]/XCUIElementTypeButton[12]
2017-09-13 17:22:31-main--INFO -com.ctaf.accelerators.TestEngine:Starting browser : iphone
2017-09-13 17:23:19-main--INFO -com.ctaf.accelerators.TestEngine:Current Test : TC_03_oneWayDomesticEconomy_RUH_GIZ
2017-09-13 17:23:28-main--INFO -com.ctaf.accelerators.TestEngine:Able to click on By.xpath: //*[@label='Book flights']
2017-09-13 17:23:45-main--INFO -com.ctaf.accelerators.TestEngine:Able to click on By.xpath: //*[@label='One-way']
2017-09-13 17:23:57-main--INFO -com.ctaf.accelerators.TestEngine:Able to click on By.xpath: //XCUIElementTypeOther[3]/XCUIElementTypeOther[1]/XCUIElementTypeButton
2017-09-13 17:24:03-main--INFO -com.ctaf.accelerators.TestEngine:Able to click on Search
2017-09-13 17:24:10-main--INFO -com.ctaf.accelerators.TestEngine:Typing is performed on Origin
2017-09-13 17:24:13-main--INFO -com.ctaf.accelerators.TestEngine:Able to click on RUH
2017-09-13 17:24:20-main--INFO -com.ctaf.accelerators.TestEngine:Typing is performed on Destination
2017-09-13 17:24:22-main--INFO -com.ctaf.accelerators.TestEngine:Able to click on GIZ
2017-09-13 17:24:27-main--INFO -com.ctaf.accelerators.TestEngine:Able to click on Find Flights
2017-09-13 17:26:13-main--INFO -com.ctaf.accelerators.TestEngine:Able to click on By.xpath: //XCUIElementTypeTable/XCUIElementTypeCell[1]/XCUIElementTypeButton[12]
2017-09-13 17:29:04-main--INFO -com.ctaf.accelerators.TestEngine:Starting browser : iphone
2017-09-13 17:29:48-main--INFO -com.ctaf.accelerators.TestEngine:Current Test : TC_03_oneWayDomesticEconomy_RUH_GIZ
2017-09-13 17:29:56-main--INFO -com.ctaf.accelerators.TestEngine:Able to click on By.xpath: //*[@label='Book flights']
2017-09-13 17:30:14-main--INFO -com.ctaf.accelerators.TestEngine:Able to click on By.xpath: //*[@label='One-way']
2017-09-13 17:30:26-main--INFO -com.ctaf.accelerators.TestEngine:Able to click on By.xpath: //XCUIElementTypeOther[3]/XCUIElementTypeOther[1]/XCUIElementTypeButton
2017-09-13 17:30:31-main--INFO -com.ctaf.accelerators.TestEngine:Able to click on Search
2017-09-13 17:30:39-main--INFO -com.ctaf.accelerators.TestEngine:Typing is performed on Origin
2017-09-13 17:31:12-main--INFO -com.ctaf.accelerators.TestEngine:Starting browser : iphone
2017-09-13 17:31:56-main--INFO -com.ctaf.accelerators.TestEngine:Current Test : TC_03_oneWayDomesticEconomy_RUH_GIZ
2017-09-13 17:32:05-main--INFO -com.ctaf.accelerators.TestEngine:Able to click on By.xpath: //*[@label='Book flights']
2017-09-13 17:32:23-main--INFO -com.ctaf.accelerators.TestEngine:Able to click on By.xpath: //*[@label='One-way']
2017-09-13 17:32:35-main--INFO -com.ctaf.accelerators.TestEngine:Able to click on By.xpath: //XCUIElementTypeOther[3]/XCUIElementTypeOther[1]/XCUIElementTypeButton
2017-09-13 17:32:40-main--INFO -com.ctaf.accelerators.TestEngine:Able to click on Search
2017-09-13 17:32:48-main--INFO -com.ctaf.accelerators.TestEngine:Typing is performed on Origin
2017-09-13 17:32:50-main--INFO -com.ctaf.accelerators.TestEngine:Able to click on RUH
2017-09-13 17:32:57-main--INFO -com.ctaf.accelerators.TestEngine:Typing is performed on Destination
2017-09-13 17:32:59-main--INFO -com.ctaf.accelerators.TestEngine:Able to click on GIZ
2017-09-13 17:33:04-main--INFO -com.ctaf.accelerators.TestEngine:Able to click on Find Flights
2017-09-13 17:34:02-main--INFO -com.ctaf.accelerators.TestEngine:Able to click on By.xpath: //*[@label='icn arrow right red']
2017-09-13 17:36:06-main--INFO -com.ctaf.accelerators.TestEngine:Able to click on By.xpath: //XCUIElementTypeTable/XCUIElementTypeCell[2]/XCUIElementTypeButton[11]
2017-09-13 17:44:06-main--INFO -com.ctaf.accelerators.TestEngine:Starting browser : iphone
2017-09-13 17:44:50-main--INFO -com.ctaf.accelerators.TestEngine:Current Test : TC_03_oneWayDomesticEconomy_RUH_GIZ
2017-09-13 17:44:58-main--INFO -com.ctaf.accelerators.TestEngine:Able to click on By.xpath: //*[@label='Book flights']
2017-09-13 17:45:16-main--INFO -com.ctaf.accelerators.TestEngine:Able to click on By.xpath: //*[@label='One-way']
2017-09-13 17:45:29-main--INFO -com.ctaf.accelerators.TestEngine:Able to click on By.xpath: //XCUIElementTypeOther[3]/XCUIElementTypeOther[1]/XCUIElementTypeButton
2017-09-13 17:45:35-main--INFO -com.ctaf.accelerators.TestEngine:Able to click on Search
2017-09-13 17:45:42-main--INFO -com.ctaf.accelerators.TestEngine:Typing is performed on Origin
2017-09-13 17:45:44-main--INFO -com.ctaf.accelerators.TestEngine:Able to click on RUH
2017-09-13 17:45:51-main--INFO -com.ctaf.accelerators.TestEngine:Typing is performed on Destination
2017-09-13 17:45:54-main--INFO -com.ctaf.accelerators.TestEngine:Able to click on GIZ
2017-09-13 17:45:59-main--INFO -com.ctaf.accelerators.TestEngine:Able to click on Find Flights
2017-09-13 18:32:44-main--INFO -com.ctaf.accelerators.TestEngine:Starting browser : iphone
2017-09-13 18:33:30-main--INFO -com.ctaf.accelerators.TestEngine:Current Test : TC_03_oneWayDomesticEconomy_RUH_GIZ
2017-09-13 18:33:38-main--INFO -com.ctaf.accelerators.TestEngine:Able to click on By.xpath: //*[@label='Book flights']
2017-09-13 18:33:56-main--INFO -com.ctaf.accelerators.TestEngine:Able to click on By.xpath: //*[@label='One-way']
2017-09-13 18:34:08-main--INFO -com.ctaf.accelerators.TestEngine:Able to click on By.xpath: //XCUIElementTypeOther[3]/XCUIElementTypeOther[1]/XCUIElementTypeButton
2017-09-13 18:34:14-main--INFO -com.ctaf.accelerators.TestEngine:Able to click on Search
2017-09-13 18:34:21-main--INFO -com.ctaf.accelerators.TestEngine:Typing is performed on Origin
2017-09-13 18:34:23-main--INFO -com.ctaf.accelerators.TestEngine:Able to click on RUH
2017-09-13 18:34:30-main--INFO -com.ctaf.accelerators.TestEngine:Typing is performed on Destination
2017-09-13 18:34:33-main--INFO -com.ctaf.accelerators.TestEngine:Able to click on GIZ
2017-09-13 18:34:38-main--INFO -com.ctaf.accelerators.TestEngine:Able to click on Find Flights
2017-09-13 18:36:05-main--INFO -com.ctaf.accelerators.TestEngine:Able to click on By.xpath: //XCUIElementTypeTable/XCUIElementTypeCell/XCUIElementTypeButton[17]
2017-09-13 18:37:39-main--INFO -com.ctaf.accelerators.TestEngine:Starting browser : iphone
2017-09-13 18:38:26-main--INFO -com.ctaf.accelerators.TestEngine:Current Test : TC_03_oneWayDomesticEconomy_RUH_GIZ
2017-09-13 18:38:35-main--INFO -com.ctaf.accelerators.TestEngine:Able to click on By.xpath: //*[@label='Book flights']
2017-09-13 18:38:53-main--INFO -com.ctaf.accelerators.TestEngine:Able to click on By.xpath: //*[@label='One-way']
2017-09-13 18:39:04-main--INFO -com.ctaf.accelerators.TestEngine:Able to click on By.xpath: //XCUIElementTypeOther[3]/XCUIElementTypeOther[1]/XCUIElementTypeButton
2017-09-13 18:39:10-main--INFO -com.ctaf.accelerators.TestEngine:Able to click on Search
2017-09-13 18:39:17-main--INFO -com.ctaf.accelerators.TestEngine:Typing is performed on Origin
2017-09-13 18:39:20-main--INFO -com.ctaf.accelerators.TestEngine:Able to click on RUH
2017-09-13 18:39:26-main--INFO -com.ctaf.accelerators.TestEngine:Typing is performed on Destination
2017-09-13 18:39:29-main--INFO -com.ctaf.accelerators.TestEngine:Able to click on GIZ
2017-09-13 18:39:34-main--INFO -com.ctaf.accelerators.TestEngine:Able to click on Find Flights
2017-09-13 18:41:29-main--INFO -com.ctaf.accelerators.TestEngine:Able to click on By.xpath: //XCUIElementTypeTable/XCUIElementTypeCell[2]/XCUIElementTypeButton[15]
2017-09-13 18:43:49-main--INFO -com.ctaf.accelerators.TestEngine:Able to click on By.xpath: //*[@label='Continue to Select Extras']
2017-09-13 18:45:26-main--INFO -com.ctaf.accelerators.TestEngine:Starting browser : iphone
2017-09-13 18:46:06-main--INFO -com.ctaf.accelerators.TestEngine:Current Test : TC_03_oneWayDomesticEconomy_RUH_GIZ
2017-09-13 18:46:15-main--INFO -com.ctaf.accelerators.TestEngine:Able to click on By.xpath: //*[@label='Book flights']
2017-09-13 18:46:33-main--INFO -com.ctaf.accelerators.TestEngine:Able to click on By.xpath: //*[@label='One-way']
2017-09-13 18:46:44-main--INFO -com.ctaf.accelerators.TestEngine:Able to click on By.xpath: //XCUIElementTypeOther[3]/XCUIElementTypeOther[1]/XCUIElementTypeButton
2017-09-13 18:46:50-main--INFO -com.ctaf.accelerators.TestEngine:Able to click on Search
2017-09-13 18:46:57-main--INFO -com.ctaf.accelerators.TestEngine:Typing is performed on Origin
2017-09-13 18:47:00-main--INFO -com.ctaf.accelerators.TestEngine:Able to click on RUH
2017-09-13 18:47:07-main--INFO -com.ctaf.accelerators.TestEngine:Typing is performed on Destination
2017-09-13 18:47:09-main--INFO -com.ctaf.accelerators.TestEngine:Able to click on GIZ
2017-09-13 18:47:14-main--INFO -com.ctaf.accelerators.TestEngine:Able to click on Find Flights
2017-09-13 18:49:57-main--INFO -com.ctaf.accelerators.TestEngine:Able to click on By.xpath: //XCUIElementTypeTable/XCUIElementTypeCell/XCUIElementTypeButton[21]
2017-09-13 18:50:39-main--INFO -com.ctaf.accelerators.TestEngine:Starting browser : iphone
2017-09-13 18:51:22-main--INFO -com.ctaf.accelerators.TestEngine:Current Test : TC_03_oneWayDomesticEconomy_RUH_GIZ
2017-09-13 18:51:31-main--INFO -com.ctaf.accelerators.TestEngine:Able to click on By.xpath: //*[@label='Book flights']
2017-09-13 18:51:49-main--INFO -com.ctaf.accelerators.TestEngine:Able to click on By.xpath: //*[@label='One-way']
2017-09-13 18:52:01-main--INFO -com.ctaf.accelerators.TestEngine:Able to click on By.xpath: //XCUIElementTypeOther[3]/XCUIElementTypeOther[1]/XCUIElementTypeButton
2017-09-13 18:52:06-main--INFO -com.ctaf.accelerators.TestEngine:Able to click on Search
2017-09-13 18:52:13-main--INFO -com.ctaf.accelerators.TestEngine:Typing is performed on Origin
2017-09-13 18:52:16-main--INFO -com.ctaf.accelerators.TestEngine:Able to click on RUH
2017-09-13 18:52:23-main--INFO -com.ctaf.accelerators.TestEngine:Typing is performed on Destination
2017-09-13 18:52:25-main--INFO -com.ctaf.accelerators.TestEngine:Able to click on GIZ
2017-09-13 18:52:30-main--INFO -com.ctaf.accelerators.TestEngine:Able to click on Find Flights
2017-09-13 18:54:17-main--INFO -com.ctaf.accelerators.TestEngine:Starting browser : iphone
2017-09-13 18:55:02-main--INFO -com.ctaf.accelerators.TestEngine:Current Test : TC_03_oneWayDomesticEconomy_RUH_GIZ
2017-09-13 18:55:11-main--INFO -com.ctaf.accelerators.TestEngine:Able to click on By.xpath: //*[@label='Book flights']
2017-09-13 18:55:28-main--INFO -com.ctaf.accelerators.TestEngine:Able to click on By.xpath: //*[@label='One-way']
2017-09-13 18:55:40-main--INFO -com.ctaf.accelerators.TestEngine:Able to click on By.xpath: //XCUIElementTypeOther[3]/XCUIElementTypeOther[1]/XCUIElementTypeButton
2017-09-13 18:55:46-main--INFO -com.ctaf.accelerators.TestEngine:Able to click on Search
2017-09-13 18:55:53-main--INFO -com.ctaf.accelerators.TestEngine:Typing is performed on Origin
2017-09-13 18:55:55-main--INFO -com.ctaf.accelerators.TestEngine:Able to click on RUH
2017-09-13 18:56:02-main--INFO -com.ctaf.accelerators.TestEngine:Typing is performed on Destination
2017-09-13 18:56:05-main--INFO -com.ctaf.accelerators.TestEngine:Able to click on GIZ
2017-09-13 18:56:10-main--INFO -com.ctaf.accelerators.TestEngine:Able to click on Find Flights
2017-09-13 19:00:10-main--INFO -com.ctaf.accelerators.TestEngine:Able to click on By.xpath: //XCUIElementTypeTable/XCUIElementTypeCell[2]/XCUIElementTypeButton[19]
2017-09-13 19:18:06-main--INFO -com.ctaf.accelerators.TestEngine:Starting browser : iphone
2017-09-13 19:18:47-main--INFO -com.ctaf.accelerators.TestEngine:Current Test : TC_03_oneWayDomesticEconomy_RUH_GIZ
2017-09-13 19:18:56-main--INFO -com.ctaf.accelerators.TestEngine:Able to click on By.xpath: //*[@label='Book flights']
2017-09-13 19:19:13-main--INFO -com.ctaf.accelerators.TestEngine:Able to click on By.xpath: //*[@label='One-way']
2017-09-13 19:19:25-main--INFO -com.ctaf.accelerators.TestEngine:Able to click on By.xpath: //XCUIElementTypeOther[3]/XCUIElementTypeOther[1]/XCUIElementTypeButton
2017-09-13 19:19:31-main--INFO -com.ctaf.accelerators.TestEngine:Able to click on Search
2017-09-13 19:19:38-main--INFO -com.ctaf.accelerators.TestEngine:Typing is performed on Origin
2017-09-13 19:19:40-main--INFO -com.ctaf.accelerators.TestEngine:Able to click on RUH
2017-09-13 19:19:47-main--INFO -com.ctaf.accelerators.TestEngine:Typing is performed on Destination
2017-09-13 19:19:50-main--INFO -com.ctaf.accelerators.TestEngine:Able to click on GIZ
2017-09-13 19:19:55-main--INFO -com.ctaf.accelerators.TestEngine:Able to click on Find Flights
2017-09-13 19:21:00-main--INFO -com.ctaf.accelerators.TestEngine:Able to click on By.xpath: //XCUIElementTypeTable/XCUIElementTypeCell/XCUIElementTypeButton[12]
2017-09-13 19:22:01-main--INFO -com.ctaf.accelerators.TestEngine:Able to click on By.xpath: //*[@label='Continue to Select Extras']
2017-09-13 19:23:11-main--INFO -com.ctaf.accelerators.TestEngine:Able to click on By.xpath: //*[@label='Continue to Select Seat']
2017-09-13 19:25:29-main--INFO -com.ctaf.accelerators.TestEngine:Able to click on By.xpath: //*[@label='Continue to Payment']
